#
# There is insufficient memory for the Java Runtime Environment to continue.
# Native memory allocation (mmap) failed to map 133169152 bytes for committing reserved memory.
# Possible reasons:
#   The system is out of physical RAM or swap space
#   In 32 bit mode, the process size limit was hit
# Possible solutions:
#   Reduce memory load on the system
#   Increase physical memory or swap space
#   Check if swap backing store is full
#   Use 64 bit Java on a 64 bit OS
#   Decrease Java heap size (-Xmx/-Xms)
#   Decrease number of Java threads
#   Decrease Java thread stack sizes (-Xss)
#   Set larger code cache with -XX:ReservedCodeCacheSize=
# This output file may be truncated or incomplete.
#
#  Out of Memory Error (os_linux.cpp:2627), pid=25293, tid=0x00007f38e65ae700
#
# JRE version: Java(TM) SE Runtime Environment (8.0_111-b14) (build 1.8.0_111-b14)
# Java VM: Java HotSpot(TM) 64-Bit Server VM (25.111-b14 mixed mode linux-amd64 compressed oops)
# Failed to write core dump. Core dumps have been disabled. To enable core dumping, try "ulimit -c unlimited" before starting Java again
#

---------------  T H R E A D  ---------------

Current thread (0x00007f3900078000):  VMThread [stack: 0x00007f38e64ae000,0x00007f38e65af000] [id=25304]

Stack: [0x00007f38e64ae000,0x00007f38e65af000],  sp=0x00007f38e65ad320,  free space=1020k
Native frames: (J=compiled Java code, j=interpreted, Vv=VM code, C=native code)
V  [libjvm.so+0xac5c2a]  VMError::report_and_die()+0x2ba
V  [libjvm.so+0x4fc50b]  report_vm_out_of_memory(char const*, int, unsigned long, VMErrorType, char const*)+0x8b
V  [libjvm.so+0x922ae3]  os::Linux::commit_memory_impl(char*, unsigned long, bool)+0x103
V  [libjvm.so+0x923039]  os::pd_commit_memory(char*, unsigned long, unsigned long, bool)+0x29
V  [libjvm.so+0x91d33a]  os::commit_memory(char*, unsigned long, unsigned long, bool)+0x2a
V  [libjvm.so+0x991ac3]  PSVirtualSpace::expand_by(unsigned long)+0x53
V  [libjvm.so+0x982380]  PSOldGen::expand(unsigned long)+0x170
V  [libjvm.so+0x98258b]  PSOldGen::resize(unsigned long)+0x1cb
V  [libjvm.so+0x98a291]  PSParallelCompact::invoke_no_policy(bool)+0x991
V  [libjvm.so+0x98fbed]  PSScavenge::invoke()+0x1ad
V  [libjvm.so+0x9467d0]  ParallelScavengeHeap::failed_mem_allocate(unsigned long)+0x70
V  [libjvm.so+0xac7647]  VM_ParallelGCFailedAllocation::doit()+0x97
V  [libjvm.so+0xacf125]  VM_Operation::evaluate()+0x55
V  [libjvm.so+0xacd4fa]  VMThread::evaluate_operation(VM_Operation*)+0xba
V  [libjvm.so+0xacd87e]  VMThread::loop()+0x1ce
V  [libjvm.so+0xacdcf0]  VMThread::run()+0x70
V  [libjvm.so+0x924ea8]  java_start(Thread*)+0x108

VM_Operation (0x00007f386eb3ebe0): ParallelGCFailedAllocation, mode: safepoint, requested by thread 0x00007f38d80a4800


---------------  P R O C E S S  ---------------

Java Threads: ( => current thread )
  0x00007f38d80a4800 JavaThread "pool-12-thread-4" [_thread_blocked, id=25958, stack(0x00007f386ea40000,0x00007f386eb41000)]
  0x00007f38d809e000 JavaThread "pool-12-thread-3" [_thread_blocked, id=25957, stack(0x00007f386d84b000,0x00007f386d94c000)]
  0x00007f38d80a3000 JavaThread "pool-12-thread-2" [_thread_blocked, id=25956, stack(0x00007f386de8a000,0x00007f386df8b000)]
  0x00007f38d809d000 JavaThread "pool-13-thread-1" [_thread_blocked, id=25955, stack(0x00007f38af6f9000,0x00007f38af7fa000)]
  0x00007f38d809b000 JavaThread "pool-12-thread-1" [_thread_blocked, id=25954, stack(0x00007f386ecb4000,0x00007f386edb5000)]
  0x00007f389d0c2000 JavaThread "pool-10-thread-1" [_thread_blocked, id=25953, stack(0x00007f38acba2000,0x00007f38acca3000)]
  0x00007f389cb5d800 JavaThread "pool-9-thread-4" [_thread_blocked, id=25931, stack(0x00007f38ac59c000,0x00007f38ac69d000)]
  0x00007f389cb5c800 JavaThread "pool-9-thread-3" [_thread_blocked, id=25930, stack(0x00007f386f3f4000,0x00007f386f4f5000)]
  0x00007f389cb5c000 JavaThread "pool-9-thread-2" [_thread_blocked, id=25929, stack(0x00007f38acea5000,0x00007f38acfa6000)]
  0x00007f389cb5b000 JavaThread "pool-9-thread-1" [_thread_blocked, id=25928, stack(0x00007f38acda4000,0x00007f38acea5000)]
  0x00007f389ce09000 JavaThread "Stdin handler" [_thread_blocked, id=25921, stack(0x00007f38acca3000,0x00007f38acda4000)]
  0x00007f389ce08000 JavaThread "Asynchronous log dispatcher for org.gradle.launcher.daemon.server.DefaultDaemonConnection@13f30ab2" [_thread_blocked, id=25918, stack(0x00007f38af7fa000,0x00007f38af8fb000)]
  0x00007f38a000f800 JavaThread "Cancel handler" [_thread_blocked, id=25917, stack(0x00007f38af9fc000,0x00007f38afafd000)]
  0x00007f38a0005800 JavaThread "Handler for socket connection from /127.0.0.1:34924 to /127.0.0.1:39806" [_thread_in_native, id=25916, stack(0x00007f38afafd000,0x00007f38afbfe000)]
  0x000000000134d800 JavaThread "process reaper" daemon [_thread_blocked, id=25416, stack(0x00007f38ac563000,0x00007f38ac59c000)]
  0x00007f389c7c5000 JavaThread "File lock request listener" [_thread_in_native, id=25372, stack(0x00007f38ae947000,0x00007f38aea48000)]
  0x00007f38a000c800 JavaThread "Daemon worker" [_thread_blocked, id=25338, stack(0x00007f38af8fb000,0x00007f38af9fc000)]
  0x00007f38a8016800 JavaThread "Daemon" [_thread_blocked, id=25335, stack(0x00007f38afbfe000,0x00007f38afcff000)]
  0x00007f3900b61800 JavaThread "Incoming local TCP Connector on port 34924" [_thread_in_native, id=25334, stack(0x00007f38afeff000,0x00007f38b0000000)]
  0x00007f3900aef800 JavaThread "pool-1-thread-1" [_thread_blocked, id=25333, stack(0x00007f38e4013000,0x00007f38e4114000)]
  0x00007f39000d1000 JavaThread "Service Thread" daemon [_thread_blocked, id=25315, stack(0x00007f38e56c5000,0x00007f38e57c6000)]
  0x00007f39000bd800 JavaThread "C1 CompilerThread2" daemon [_thread_blocked, id=25312, stack(0x00007f38e57c6000,0x00007f38e58c7000)]
  0x00007f39000bb800 JavaThread "C2 CompilerThread1" daemon [_thread_blocked, id=25311, stack(0x00007f38e58c7000,0x00007f38e59c8000)]
  0x00007f39000b9000 JavaThread "C2 CompilerThread0" daemon [_thread_blocked, id=25310, stack(0x00007f38e59c8000,0x00007f38e5ac9000)]
  0x00007f39000b7800 JavaThread "Signal Dispatcher" daemon [_thread_blocked, id=25309, stack(0x00007f38e5ac9000,0x00007f38e5bca000)]
  0x00007f3900084800 JavaThread "Finalizer" daemon [_thread_blocked, id=25306, stack(0x00007f38e62ac000,0x00007f38e63ad000)]
  0x00007f390007f800 JavaThread "Reference Handler" daemon [_thread_blocked, id=25305, stack(0x00007f38e63ad000,0x00007f38e64ae000)]
  0x00007f390000a000 JavaThread "main" [_thread_blocked, id=25296, stack(0x00007f3905e4a000,0x00007f3905f4b000)]

Other Threads:
=>0x00007f3900078000 VMThread [stack: 0x00007f38e64ae000,0x00007f38e65af000] [id=25304]
  0x00007f39000d3800 WatcherThread [stack: 0x00007f38e55c4000,0x00007f38e56c5000] [id=25316]

VM state:at safepoint (normal execution)

VM Mutex/Monitor currently owned by a thread:  ([mutex/lock_event])
[0x00007f3900005bb0] ExpandHeap_lock - owner thread: 0x00007f3900078000
[0x00007f3900006230] Threads_lock - owner thread: 0x00007f3900078000
[0x00007f3900006730] Heap_lock - owner thread: 0x00007f38d80a4800

Heap:
 PSYoungGen      total 347136K, used 0K [0x00000000e0000000, 0x0000000100000000, 0x0000000100000000)
  eden space 172544K, 0% used [0x00000000e0000000,0x00000000e0000000,0x00000000ea880000)
  from space 174592K, 0% used [0x00000000ea880000,0x00000000ea880000,0x00000000f5300000)
  to   space 174592K, 0% used [0x00000000f5580000,0x00000000f5580000,0x0000000100000000)
 ParOldGen       total 793600K, used 679669K [0x00000000a0000000, 0x00000000d0700000, 0x00000000e0000000)
  object space 793600K, 85% used [0x00000000a0000000,0x00000000c97bd4d0,0x00000000d0700000)
 Metaspace       used 66344K, capacity 68122K, committed 68352K, reserved 1107968K
  class space    used 8530K, capacity 8923K, committed 8960K, reserved 1048576K

Card table byte_map: [0x00007f38ef8a7000,0x00007f38efba8000] byte_map_base: 0x00007f38ef3a7000

Marking Bits: (ParMarkBitMap*) 0x00007f390531e220
 Begin Bits: [0x00007f38ec2a3000, 0x00007f38edaa3000)
 End Bits:   [0x00007f38edaa3000, 0x00007f38ef2a3000)

Polling page: 0x00007f3905f6d000

CodeCache: size=245760Kb used=44482Kb max_used=44502Kb free=201277Kb
 bounds [0x00007f38eff68000, 0x00007f38f2b98000, 0x00007f38fef68000]
 total_blobs=13311 nmethods=12566 adapters=656
 compilation: enabled

Compilation events (10 events):
Event: 194.619 Thread 0x00007f39000bb800 nmethod 16502% 0x00007f38f1d72590 code [0x00007f38f1d72700, 0x00007f38f1d72908]
Event: 194.619 Thread 0x00007f39000bb800 16504 % !   4       com.android.dx.cf.cst.ConstantPoolParser::determineOffsets @ 5 (285 bytes)
Event: 194.636 Thread 0x00007f39000bb800 nmethod 16504% 0x00007f38f1f62ad0 code [0x00007f38f1f62dc0, 0x00007f38f1f63358]
Event: 194.636 Thread 0x00007f39000bb800 16506 %     4       com.android.dx.dex.file.AnnotationUtils::makeSignature @ 65 (251 bytes)
Event: 194.682 Thread 0x00007f39000b9000 nmethod 16501% 0x00007f38f2b0c950 code [0x00007f38f2b0cbe0, 0x00007f38f2b0e450]
Event: 194.682 Thread 0x00007f39000b9000 16499       4       com.android.dx.rop.type.Prototype::getParameterFrameTypes (96 bytes)
Event: 194.700 Thread 0x00007f39000b9000 nmethod 16499 0x00007f38f2897150 code [0x00007f38f28972c0, 0x00007f38f2897618]
Event: 194.700 Thread 0x00007f39000b9000 16484       4       com.android.dx.ssa.SsaConverter::placePhiFunctions (394 bytes)
Event: 194.888 Thread 0x00007f39000bb800 nmethod 16506% 0x00007f38f2b48750 code [0x00007f38f2b48a40, 0x00007f38f2b4ac38]
Event: 194.889 Thread 0x00007f39000bb800 16511       4       com.android.dx.ssa.back.FirstFitLocalCombiningAllocator::handleCheckCastResults (413 bytes)

GC Heap History (10 events):
Event: 192.390 GC heap after
Heap after GC invocations=56 (full 9):
 PSYoungGen      total 349696K, used 76986K [0x00000000e0000000, 0x0000000100000000, 0x0000000100000000)
  eden space 175104K, 0% used [0x00000000e0000000,0x00000000e0000000,0x00000000eab00000)
  from space 174592K, 44% used [0x00000000eab00000,0x00000000ef62e9e8,0x00000000f5580000)
  to   space 174592K, 0% used [0x00000000f5580000,0x00000000f5580000,0x0000000100000000)
 ParOldGen       total 793600K, used 657886K [0x00000000a0000000, 0x00000000d0700000, 0x00000000e0000000)
  object space 793600K, 82% used [0x00000000a0000000,0x00000000c8277870,0x00000000d0700000)
 Metaspace       used 66343K, capacity 68122K, committed 68352K, reserved 1107968K
  class space    used 8530K, capacity 8923K, committed 8960K, reserved 1048576K
}
Event: 193.044 GC heap before
{Heap before GC invocations=57 (full 9):
 PSYoungGen      total 349696K, used 251984K [0x00000000e0000000, 0x0000000100000000, 0x0000000100000000)
  eden space 175104K, 99% used [0x00000000e0000000,0x00000000eaae5668,0x00000000eab00000)
  from space 174592K, 44% used [0x00000000eab00000,0x00000000ef62e9e8,0x00000000f5580000)
  to   space 174592K, 0% used [0x00000000f5580000,0x00000000f5580000,0x0000000100000000)
 ParOldGen       total 793600K, used 657886K [0x00000000a0000000, 0x00000000d0700000, 0x00000000e0000000)
  object space 793600K, 82% used [0x00000000a0000000,0x00000000c8277870,0x00000000d0700000)
 Metaspace       used 66343K, capacity 68122K, committed 68352K, reserved 1107968K
  class space    used 8530K, capacity 8923K, committed 8960K, reserved 1048576K
Event: 193.150 GC heap after
Heap after GC invocations=57 (full 9):
 PSYoungGen      total 349696K, used 33554K [0x00000000e0000000, 0x0000000100000000, 0x0000000100000000)
  eden space 175104K, 0% used [0x00000000e0000000,0x00000000e0000000,0x00000000eab00000)
  from space 174592K, 19% used [0x00000000f5580000,0x00000000f7644b30,0x0000000100000000)
  to   space 174592K, 0% used [0x00000000eab00000,0x00000000eab00000,0x00000000f5580000)
 ParOldGen       total 793600K, used 660279K [0x00000000a0000000, 0x00000000d0700000, 0x00000000e0000000)
  object space 793600K, 83% used [0x00000000a0000000,0x00000000c84cded0,0x00000000d0700000)
 Metaspace       used 66343K, capacity 68122K, committed 68352K, reserved 1107968K
  class space    used 8530K, capacity 8923K, committed 8960K, reserved 1048576K
}
Event: 194.027 GC heap before
{Heap before GC invocations=58 (full 9):
 PSYoungGen      total 349696K, used 208658K [0x00000000e0000000, 0x0000000100000000, 0x0000000100000000)
  eden space 175104K, 100% used [0x00000000e0000000,0x00000000eab00000,0x00000000eab00000)
  from space 174592K, 19% used [0x00000000f5580000,0x00000000f7644b30,0x0000000100000000)
  to   space 174592K, 0% used [0x00000000eab00000,0x00000000eab00000,0x00000000f5580000)
 ParOldGen       total 793600K, used 660279K [0x00000000a0000000, 0x00000000d0700000, 0x00000000e0000000)
  object space 793600K, 83% used [0x00000000a0000000,0x00000000c84cded0,0x00000000d0700000)
 Metaspace       used 66344K, capacity 68122K, committed 68352K, reserved 1107968K
  class space    used 8530K, capacity 8923K, committed 8960K, reserved 1048576K
Event: 194.209 GC heap after
Heap after GC invocations=58 (full 9):
 PSYoungGen      total 254976K, used 79400K [0x00000000e0000000, 0x00000000ffb00000, 0x0000000100000000)
  eden space 175104K, 0% used [0x00000000e0000000,0x00000000e0000000,0x00000000eab00000)
  from space 79872K, 99% used [0x00000000eab00000,0x00000000ef88a008,0x00000000ef900000)
  to   space 172032K, 0% used [0x00000000f5300000,0x00000000f5300000,0x00000000ffb00000)
 ParOldGen       total 793600K, used 693692K [0x00000000a0000000, 0x00000000d0700000, 0x00000000e0000000)
  object space 793600K, 87% used [0x00000000a0000000,0x00000000ca56f350,0x00000000d0700000)
 Metaspace       used 66344K, capacity 68122K, committed 68352K, reserved 1107968K
  class space    used 8530K, capacity 8923K, committed 8960K, reserved 1048576K
}
Event: 194.420 GC heap before
{Heap before GC invocations=59 (full 9):
 PSYoungGen      total 254976K, used 254504K [0x00000000e0000000, 0x00000000ffb00000, 0x0000000100000000)
  eden space 175104K, 100% used [0x00000000e0000000,0x00000000eab00000,0x00000000eab00000)
  from space 79872K, 99% used [0x00000000eab00000,0x00000000ef88a008,0x00000000ef900000)
  to   space 172032K, 0% used [0x00000000f5300000,0x00000000f5300000,0x00000000ffb00000)
 ParOldGen       total 793600K, used 693692K [0x00000000a0000000, 0x00000000d0700000, 0x00000000e0000000)
  object space 793600K, 87% used [0x00000000a0000000,0x00000000ca56f350,0x00000000d0700000)
 Metaspace       used 66344K, capacity 68122K, committed 68352K, reserved 1107968K
  class space    used 8530K, capacity 8923K, committed 8960K, reserved 1048576K
Event: 194.538 GC heap after
Heap after GC invocations=59 (full 9):
 PSYoungGen      total 344576K, used 165935K [0x00000000e0000000, 0x0000000100000000, 0x0000000100000000)
  eden space 172544K, 0% used [0x00000000e0000000,0x00000000e0000000,0x00000000ea880000)
  from space 172032K, 96% used [0x00000000f5300000,0x00000000ff50bf50,0x00000000ffb00000)
  to   space 174592K, 0% used [0x00000000ea880000,0x00000000ea880000,0x00000000f5300000)
 ParOldGen       total 793600K, used 693692K [0x00000000a0000000, 0x00000000d0700000, 0x00000000e0000000)
  object space 793600K, 87% used [0x00000000a0000000,0x00000000ca56f350,0x00000000d0700000)
 Metaspace       used 66344K, capacity 68122K, committed 68352K, reserved 1107968K
  class space    used 8530K, capacity 8923K, committed 8960K, reserved 1048576K
}
Event: 195.029 GC heap before
{Heap before GC invocations=60 (full 9):
 PSYoungGen      total 344576K, used 338479K [0x00000000e0000000, 0x0000000100000000, 0x0000000100000000)
  eden space 172544K, 100% used [0x00000000e0000000,0x00000000ea880000,0x00000000ea880000)
  from space 172032K, 96% used [0x00000000f5300000,0x00000000ff50bf50,0x00000000ffb00000)
  to   space 174592K, 0% used [0x00000000ea880000,0x00000000ea880000,0x00000000f5300000)
 ParOldGen       total 793600K, used 693692K [0x00000000a0000000, 0x00000000d0700000, 0x00000000e0000000)
  object space 793600K, 87% used [0x00000000a0000000,0x00000000ca56f350,0x00000000d0700000)
 Metaspace       used 66344K, capacity 68122K, committed 68352K, reserved 1107968K
  class space    used 8530K, capacity 8923K, committed 8960K, reserved 1048576K
Event: 195.243 GC heap after
Heap after GC invocations=60 (full 9):
 PSYoungGen      total 347136K, used 26105K [0x00000000e0000000, 0x0000000100000000, 0x0000000100000000)
  eden space 172544K, 0% used [0x00000000e0000000,0x00000000e0000000,0x00000000ea880000)
  from space 174592K, 14% used [0x00000000ea880000,0x00000000ec1fe7a0,0x00000000f5300000)
  to   space 174592K, 0% used [0x00000000f5580000,0x00000000f5580000,0x0000000100000000)
 ParOldGen       total 793600K, used 748664K [0x00000000a0000000, 0x00000000d0700000, 0x00000000e0000000)
  object space 793600K, 94% used [0x00000000a0000000,0x00000000cdb1e170,0x00000000d0700000)
 Metaspace       used 66344K, capacity 68122K, committed 68352K, reserved 1107968K
  class space    used 8530K, capacity 8923K, committed 8960K, reserved 1048576K
}
Event: 195.243 GC heap before
{Heap before GC invocations=61 (full 10):
 PSYoungGen      total 347136K, used 26105K [0x00000000e0000000, 0x0000000100000000, 0x0000000100000000)
  eden space 172544K, 0% used [0x00000000e0000000,0x00000000e0000000,0x00000000ea880000)
  from space 174592K, 14% used [0x00000000ea880000,0x00000000ec1fe7a0,0x00000000f5300000)
  to   space 174592K, 0% used [0x00000000f5580000,0x00000000f5580000,0x0000000100000000)
 ParOldGen       total 793600K, used 748664K [0x00000000a0000000, 0x00000000d0700000, 0x00000000e0000000)
  object space 793600K, 94% used [0x00000000a0000000,0x00000000cdb1e170,0x00000000d0700000)
 Metaspace       used 66344K, capacity 68122K, committed 68352K, reserved 1107968K
  class space    used 8530K, capacity 8923K, committed 8960K, reserved 1048576K

Deoptimization events (10 events):
Event: 192.491 Thread 0x00007f38d80a3000 Uncommon trap: reason=class_check action=maybe_recompile pc=0x00007f38f26bf2fc method=com.android.dx.ssa.back.InterferenceGraph.mergeInterferenceSet(ILcom/android/dx/util/IntSet;)V @ 20
Event: 192.491 Thread 0x00007f38d80a3000 Uncommon trap: reason=class_check action=maybe_recompile pc=0x00007f38f19c4c90 method=com.android.dx.util.BitIntSet.merge(Lcom/android/dx/util/IntSet;)V @ 1
Event: 192.492 Thread 0x00007f38d80a3000 Uncommon trap: reason=class_check action=maybe_recompile pc=0x00007f38f26bf2fc method=com.android.dx.ssa.back.InterferenceGraph.mergeInterferenceSet(ILcom/android/dx/util/IntSet;)V @ 20
Event: 192.492 Thread 0x00007f38d80a3000 Uncommon trap: reason=class_check action=maybe_recompile pc=0x00007f38f19c4c90 method=com.android.dx.util.BitIntSet.merge(Lcom/android/dx/util/IntSet;)V @ 1
Event: 192.492 Thread 0x00007f38d80a3000 Uncommon trap: reason=class_check action=maybe_recompile pc=0x00007f38f26bf2fc method=com.android.dx.ssa.back.InterferenceGraph.mergeInterferenceSet(ILcom/android/dx/util/IntSet;)V @ 20
Event: 192.492 Thread 0x00007f38d80a3000 Uncommon trap: reason=class_check action=maybe_recompile pc=0x00007f38f19c4c90 method=com.android.dx.util.BitIntSet.merge(Lcom/android/dx/util/IntSet;)V @ 1
Event: 192.500 Thread 0x00007f38d80a3000 Uncommon trap: reason=class_check action=maybe_recompile pc=0x00007f38f26bf2fc method=com.android.dx.ssa.back.InterferenceGraph.mergeInterferenceSet(ILcom/android/dx/util/IntSet;)V @ 20
Event: 192.500 Thread 0x00007f38d80a3000 Uncommon trap: reason=class_check action=maybe_recompile pc=0x00007f38f19c4c90 method=com.android.dx.util.BitIntSet.merge(Lcom/android/dx/util/IntSet;)V @ 1
Event: 193.233 Thread 0x00007f389d0c2000 Uncommon trap: reason=unstable_if action=reinterpret pc=0x00007f38f2b72e5c method=com.android.dx.ssa.InterferenceRegisterMapper.interferes(III)Z @ 69
Event: 193.439 Thread 0x00007f389d0c2000 Uncommon trap: reason=unstable_if action=reinterpret pc=0x00007f38f27b79f8 method=com.android.dx.cf.code.Merger.isPossiblyAssignableFrom(Lcom/android/dx/rop/type/TypeBearer;Lcom/android/dx/rop/type/TypeBearer;)Z @ 131

Internal exceptions (10 events):
Event: 139.962 Thread 0x00007f389cb5c000 Exception <a 'sun/nio/fs/UnixException'> (0x00000000e22e58e0) thrown at [/HUDSON3/workspace/8-2-build-linux-amd64/jdk8u111/7883/hotspot/src/share/vm/prims/jni.cpp, line 709]
Event: 139.995 Thread 0x00007f389cb5d800 Exception <a 'sun/nio/fs/UnixException'> (0x00000000e2344db0) thrown at [/HUDSON3/workspace/8-2-build-linux-amd64/jdk8u111/7883/hotspot/src/share/vm/prims/jni.cpp, line 709]
Event: 139.995 Thread 0x00007f389cb5d800 Exception <a 'sun/nio/fs/UnixException'> (0x00000000e2345538) thrown at [/HUDSON3/workspace/8-2-build-linux-amd64/jdk8u111/7883/hotspot/src/share/vm/prims/jni.cpp, line 709]
Event: 139.996 Thread 0x00007f389cb5d800 Exception <a 'sun/nio/fs/UnixException'> (0x00000000e2345de0) thrown at [/HUDSON3/workspace/8-2-build-linux-amd64/jdk8u111/7883/hotspot/src/share/vm/prims/jni.cpp, line 709]
Event: 139.996 Thread 0x00007f389cb5d800 Exception <a 'sun/nio/fs/UnixException'> (0x00000000e2346558) thrown at [/HUDSON3/workspace/8-2-build-linux-amd64/jdk8u111/7883/hotspot/src/share/vm/prims/jni.cpp, line 709]
Event: 140.019 Thread 0x00007f389cb5c000 Exception <a 'sun/nio/fs/UnixException'> (0x00000000e22e61d0) thrown at [/HUDSON3/workspace/8-2-build-linux-amd64/jdk8u111/7883/hotspot/src/share/vm/prims/jni.cpp, line 709]
Event: 140.019 Thread 0x00007f389cb5c000 Exception <a 'sun/nio/fs/UnixException'> (0x00000000e22e6950) thrown at [/HUDSON3/workspace/8-2-build-linux-amd64/jdk8u111/7883/hotspot/src/share/vm/prims/jni.cpp, line 709]
Event: 150.773 Thread 0x00007f38a000c800 Implicit null exception at 0x00007f38f25122cf to 0x00007f38f2512a7d
Event: 155.657 Thread 0x00007f38d80a4800 Implicit null exception at 0x00007f38f2567065 to 0x00007f38f2567c41
Event: 156.410 Thread 0x00007f38d809b000 Implicit null exception at 0x00007f38f260900d to 0x00007f38f26091e9

Events (10 events):
Event: 194.367 Thread 0x00007f38d809b000 DEOPT UNPACKING pc=0x00007f38effaf633 sp=0x00007f386edb2d40 mode 0
Event: 194.420 Executing VM operation: ParallelGCFailedAllocation
Event: 194.538 Executing VM operation: ParallelGCFailedAllocation done
Event: 194.614 Thread 0x00007f38d809e000 DEOPT PACKING pc=0x00007f38f2750bf9 sp=0x00007f386d949ec0
Event: 194.614 Thread 0x00007f38d809e000 DEOPT UNPACKING pc=0x00007f38effaf633 sp=0x00007f386d949cc0 mode 0
Event: 194.719 Thread 0x00007f38d80a4800 DEOPT PACKING pc=0x00007f38f2750bf9 sp=0x00007f386eb3ed40
Event: 194.719 Thread 0x00007f38d80a4800 DEOPT UNPACKING pc=0x00007f38effaf633 sp=0x00007f386eb3eb40 mode 0
Event: 194.952 Thread 0x00007f38d809e000 DEOPT PACKING pc=0x00007f38f275d398 sp=0x00007f386d949ff0
Event: 194.952 Thread 0x00007f38d809e000 DEOPT UNPACKING pc=0x00007f38effaf633 sp=0x00007f386d949d68 mode 0
Event: 195.022 Executing VM operation: ParallelGCFailedAllocation


Dynamic libraries:
00400000-00401000 r-xp 00000000 08:02 182546                             /usr/lib/jvm/java-8-oracle/bin/java
00600000-00601000 rw-p 00000000 08:02 182546                             /usr/lib/jvm/java-8-oracle/bin/java
0134b000-0136c000 rw-p 00000000 00:00 0                                  [heap]
a0000000-d0700000 rw-p 00000000 00:00 0 
d8600000-e0000000 ---p 00000000 00:00 0 
e0000000-100000000 rw-p 00000000 00:00 0 
100000000-1008c0000 rw-p 00000000 00:00 0 
1008c0000-140000000 ---p 00000000 00:00 0 
7f3868000000-7f3868021000 rw-p 00000000 00:00 0 
7f3868021000-7f386c000000 ---p 00000000 00:00 0 
7f386ca21000-7f386ca24000 ---p 00000000 00:00 0 
7f386ca24000-7f386cb22000 rw-p 00000000 00:00 0 
7f386cc23000-7f386cc26000 ---p 00000000 00:00 0 
7f386cc26000-7f386cd24000 rw-p 00000000 00:00 0 
7f386ce25000-7f386ce28000 ---p 00000000 00:00 0 
7f386ce28000-7f386ce5e000 rw-p 00000000 00:00 0 
7f386ce5e000-7f386ce61000 ---p 00000000 00:00 0 
7f386ce61000-7f386cf5f000 rw-p 00000000 00:00 0 
7f386cf5f000-7f386cf62000 ---p 00000000 00:00 0 
7f386cf62000-7f386d060000 rw-p 00000000 00:00 0 
7f386d262000-7f386d265000 ---p 00000000 00:00 0 
7f386d265000-7f386d29b000 rw-p 00000000 00:00 0 
7f386d29b000-7f386d29e000 ---p 00000000 00:00 0 
7f386d29e000-7f386d2d4000 rw-p 00000000 00:00 0 
7f386d4d6000-7f386d4d9000 ---p 00000000 00:00 0 
7f386d4d9000-7f386d50f000 rw-p 00000000 00:00 0 
7f386d50f000-7f386d512000 ---p 00000000 00:00 0 
7f386d512000-7f386d610000 rw-p 00000000 00:00 0 
7f386d711000-7f386d714000 ---p 00000000 00:00 0 
7f386d714000-7f386d74a000 rw-p 00000000 00:00 0 
7f386d84b000-7f386d84e000 ---p 00000000 00:00 0 
7f386d84e000-7f386d94c000 rw-p 00000000 00:00 0 
7f386d94c000-7f386d94f000 ---p 00000000 00:00 0 
7f386d94f000-7f386d985000 rw-p 00000000 00:00 0 
7f386d985000-7f386d988000 ---p 00000000 00:00 0 
7f386d988000-7f386da86000 rw-p 00000000 00:00 0 
7f386de8a000-7f386de8d000 ---p 00000000 00:00 0 
7f386de8d000-7f386df8b000 rw-p 00000000 00:00 0 
7f386df8b000-7f386df8e000 ---p 00000000 00:00 0 
7f386df8e000-7f386e08c000 rw-p 00000000 00:00 0 
7f386e08c000-7f386e08f000 ---p 00000000 00:00 0 
7f386e08f000-7f386e0c5000 rw-p 00000000 00:00 0 
7f386e2c7000-7f386e2ca000 ---p 00000000 00:00 0 
7f386e2ca000-7f386e300000 rw-p 00000000 00:00 0 
7f386e401000-7f386e404000 ---p 00000000 00:00 0 
7f386e404000-7f386e502000 rw-p 00000000 00:00 0 
7f386e502000-7f386e505000 ---p 00000000 00:00 0 
7f386e505000-7f386e53b000 rw-p 00000000 00:00 0 
7f386e53b000-7f386e53e000 ---p 00000000 00:00 0 
7f386e53e000-7f386e63c000 rw-p 00000000 00:00 0 
7f386e63c000-7f386e63f000 ---p 00000000 00:00 0 
7f386e63f000-7f386e73d000 rw-p 00000000 00:00 0 
7f386e73f000-7f386e93f000 rw-p 00000000 00:00 0 
7f386e93f000-7f386e942000 ---p 00000000 00:00 0 
7f386e942000-7f386ea40000 rw-p 00000000 00:00 0 
7f386ea40000-7f386ea43000 ---p 00000000 00:00 0 
7f386ea43000-7f386eb41000 rw-p 00000000 00:00 0 
7f386eb41000-7f386eb44000 ---p 00000000 00:00 0 
7f386eb44000-7f386eb7a000 rw-p 00000000 00:00 0 
7f386eb7a000-7f386eb7d000 ---p 00000000 00:00 0 
7f386eb7d000-7f386ebb3000 rw-p 00000000 00:00 0 
7f386ebb3000-7f386ebb6000 ---p 00000000 00:00 0 
7f386ebb6000-7f386ecb4000 rw-p 00000000 00:00 0 
7f386ecb4000-7f386ecb7000 ---p 00000000 00:00 0 
7f386ecb7000-7f386edb5000 rw-p 00000000 00:00 0 
7f386edb5000-7f386edb8000 ---p 00000000 00:00 0 
7f386edb8000-7f386edee000 rw-p 00000000 00:00 0 
7f386edee000-7f386edf1000 ---p 00000000 00:00 0 
7f386edf1000-7f386eeef000 rw-p 00000000 00:00 0 
7f386eef1000-7f386f0f1000 rw-p 00000000 00:00 0 
7f386f0f1000-7f386f0f4000 ---p 00000000 00:00 0 
7f386f0f4000-7f386f1f2000 rw-p 00000000 00:00 0 
7f386f1f2000-7f386f1f5000 ---p 00000000 00:00 0 
7f386f1f5000-7f386f2f3000 rw-p 00000000 00:00 0 
7f386f2f3000-7f386f2f6000 ---p 00000000 00:00 0 
7f386f2f6000-7f386f3f4000 rw-p 00000000 00:00 0 
7f386f3f4000-7f386f3f7000 ---p 00000000 00:00 0 
7f386f3f7000-7f386f4f5000 rw-p 00000000 00:00 0 
7f386f5fa000-7f386f7fa000 rw-p 00000000 00:00 0 
7f386f7fa000-7f386f9fa000 rw-p 00000000 00:00 0 
7f386f9fa000-7f386f9fd000 ---p 00000000 00:00 0 
7f386f9fd000-7f386fafb000 rw-p 00000000 00:00 0 
7f386fafb000-7f386fafe000 ---p 00000000 00:00 0 
7f386fafe000-7f386fbfc000 rw-p 00000000 00:00 0 
7f386fbfc000-7f386fbff000 ---p 00000000 00:00 0 
7f386fbff000-7f386fcfd000 rw-p 00000000 00:00 0 
7f386fcfd000-7f386fd00000 ---p 00000000 00:00 0 
7f386fd00000-7f386fdfe000 rw-p 00000000 00:00 0 
7f386feff000-7f386ff02000 ---p 00000000 00:00 0 
7f386ff02000-7f3870000000 rw-p 00000000 00:00 0 
7f3870000000-7f3870021000 rw-p 00000000 00:00 0 
7f3870021000-7f3874000000 ---p 00000000 00:00 0 
7f3874000000-7f3874021000 rw-p 00000000 00:00 0 
7f3874021000-7f3878000000 ---p 00000000 00:00 0 
7f3878000000-7f3878021000 rw-p 00000000 00:00 0 
7f3878021000-7f387c000000 ---p 00000000 00:00 0 
7f387c000000-7f387c021000 rw-p 00000000 00:00 0 
7f387c021000-7f3880000000 ---p 00000000 00:00 0 
7f3880000000-7f3880044000 rw-p 00000000 00:00 0 
7f3880044000-7f3884000000 ---p 00000000 00:00 0 
7f3884000000-7f3884021000 rw-p 00000000 00:00 0 
7f3884021000-7f3888000000 ---p 00000000 00:00 0 
7f3888000000-7f3888021000 rw-p 00000000 00:00 0 
7f3888021000-7f388c000000 ---p 00000000 00:00 0 
7f388c000000-7f388c021000 rw-p 00000000 00:00 0 
7f388c021000-7f3890000000 ---p 00000000 00:00 0 
7f3890000000-7f3890021000 rw-p 00000000 00:00 0 
7f3890021000-7f3894000000 ---p 00000000 00:00 0 
7f3894000000-7f3894021000 rw-p 00000000 00:00 0 
7f3894021000-7f3898000000 ---p 00000000 00:00 0 
7f3898000000-7f3898021000 rw-p 00000000 00:00 0 
7f3898021000-7f389c000000 ---p 00000000 00:00 0 
7f389c000000-7f389d708000 rw-p 00000000 00:00 0 
7f389d708000-7f38a0000000 ---p 00000000 00:00 0 
7f38a0000000-7f38a0021000 rw-p 00000000 00:00 0 
7f38a0021000-7f38a4000000 ---p 00000000 00:00 0 
7f38a4000000-7f38a4021000 rw-p 00000000 00:00 0 
7f38a4021000-7f38a8000000 ---p 00000000 00:00 0 
7f38a8000000-7f38a8073000 rw-p 00000000 00:00 0 
7f38a8073000-7f38ac000000 ---p 00000000 00:00 0 
7f38ac009000-7f38ac00c000 ---p 00000000 00:00 0 
7f38ac00c000-7f38ac042000 rw-p 00000000 00:00 0 
7f38ac042000-7f38ac045000 ---p 00000000 00:00 0 
7f38ac045000-7f38ac07b000 rw-p 00000000 00:00 0 
7f38ac07b000-7f38ac07e000 ---p 00000000 00:00 0 
7f38ac07e000-7f38ac0b4000 rw-p 00000000 00:00 0 
7f38ac0b6000-7f38ac2b6000 rw-p 00000000 00:00 0 
7f38ac2b6000-7f38ac2b9000 ---p 00000000 00:00 0 
7f38ac2b9000-7f38ac3b7000 rw-p 00000000 00:00 0 
7f38ac3b7000-7f38ac3ba000 ---p 00000000 00:00 0 
7f38ac3ba000-7f38ac4b8000 rw-p 00000000 00:00 0 
7f38ac4b8000-7f38ac4bb000 ---p 00000000 00:00 0 
7f38ac4bb000-7f38ac4f1000 rw-p 00000000 00:00 0 
7f38ac4f1000-7f38ac4f4000 ---p 00000000 00:00 0 
7f38ac4f4000-7f38ac52a000 rw-p 00000000 00:00 0 
7f38ac52a000-7f38ac52d000 ---p 00000000 00:00 0 
7f38ac52d000-7f38ac563000 rw-p 00000000 00:00 0 
7f38ac563000-7f38ac566000 ---p 00000000 00:00 0 
7f38ac566000-7f38ac59c000 rw-p 00000000 00:00 0 
7f38ac59c000-7f38ac59f000 ---p 00000000 00:00 0 
7f38ac59f000-7f38ac69d000 rw-p 00000000 00:00 0 
7f38ac6a6000-7f38ac79e000 r--s 009c6000 08:02 4515362                    /home/ankit/Desktop/Evento/app/build/intermediates/transforms/jarMerging/debug/jars/1/1f/combined.jar
7f38ac79e000-7f38ac7a1000 ---p 00000000 00:00 0 
7f38ac7a1000-7f38ac89f000 rw-p 00000000 00:00 0 
7f38ac8a0000-7f38acaa1000 rw-p 00000000 00:00 0 
7f38acaa1000-7f38acaa4000 ---p 00000000 00:00 0 
7f38acaa4000-7f38acba2000 rw-p 00000000 00:00 0 
7f38acba2000-7f38acba5000 ---p 00000000 00:00 0 
7f38acba5000-7f38acca3000 rw-p 00000000 00:00 0 
7f38acca3000-7f38acca6000 ---p 00000000 00:00 0 
7f38acca6000-7f38acda4000 rw-p 00000000 00:00 0 
7f38acda4000-7f38acda7000 ---p 00000000 00:00 0 
7f38acda7000-7f38acea5000 rw-p 00000000 00:00 0 
7f38acea5000-7f38acea8000 ---p 00000000 00:00 0 
7f38acea8000-7f38ad1a6000 rw-p 00000000 00:00 0 
7f38ad1a6000-7f38ad3a6000 rw-p 00000000 00:00 0 
7f38ad3a6000-7f38ad5a6000 rw-p 00000000 00:00 0 
7f38ad5a6000-7f38ad7a6000 rw-p 00000000 00:00 0 
7f38ad7a6000-7f38ad9a6000 rw-p 00000000 00:00 0 
7f38ad9a6000-7f38adba6000 rw-p 00000000 00:00 0 
7f38adba6000-7f38adbb9000 r--s 00345000 08:02 182681                     /usr/lib/jvm/java-8-oracle/jre/lib/resources.jar
7f38adbb9000-7f38addb9000 rw-p 00000000 00:00 0 
7f38addb9000-7f38adfb9000 rw-p 00000000 00:00 0 
7f38adfb9000-7f38ae1b9000 rw-p 00000000 00:00 0 
7f38ae1b9000-7f38ae3b9000 rw-p 00000000 00:00 0 
7f38ae3b9000-7f38ae3e4000 r--s 001fc000 08:02 3802331                    /home/ankit/Downloads/android-studio/gradle/m2repository/com/google/guava/guava/18.0/guava-18.0.jar
7f38ae3e4000-7f38ae3e5000 r--s 00001000 08:02 3877617                    /home/ankit/Downloads/android-studio/gradle/m2repository/com/android/tools/annotations/25.2.0/annotations-25.2.0.jar
7f38ae3e5000-7f38ae3f7000 r--s 000b3000 08:02 3989804                    /home/ankit/Downloads/android-studio/gradle/m2repository/com/android/tools/external/com-intellij/uast/145.597.3/uast-145.597.3.jar
7f38ae3f7000-7f38ae3ff000 r--s 000a8000 08:02 3753715                    /home/ankit/Downloads/android-studio/gradle/m2repository/com/android/tools/external/lombok/lombok-ast/0.2.3/lombok-ast-0.2.3.jar
7f38ae3ff000-7f38ae401000 r--s 0000d000 08:02 3760231                    /home/ankit/Downloads/android-studio/gradle/m2repository/commons-codec/commons-codec/1.4/commons-codec-1.4.jar
7f38ae401000-7f38ae403000 r--s 0000d000 08:02 3540543                    /home/ankit/Downloads/android-studio/gradle/m2repository/commons-logging/commons-logging/1.1.1/commons-logging-1.1.1.jar
7f38ae403000-7f38ae408000 r--s 00028000 08:02 3753367                    /home/ankit/Downloads/android-studio/gradle/m2repository/org/apache/httpcomponents/httpcore/4.1/httpcore-4.1.jar
7f38ae408000-7f38ae40c000 r--s 0002f000 08:02 3845228                    /home/ankit/Downloads/android-studio/gradle/m2repository/com/google/jimfs/jimfs/1.1/jimfs-1.1.jar
7f38ae40c000-7f38ae40d000 r--s 00004000 08:02 3753443                    /home/ankit/Downloads/android-studio/gradle/m2repository/com/intellij/annotations/12.0/annotations-12.0.jar
7f38ae40d000-7f38ae40e000 r--s 00004000 08:02 3713300                    /home/ankit/Downloads/android-studio/gradle/m2repository/org/ow2/asm/asm-analysis/5.0.4/asm-analysis-5.0.4.jar
7f38ae40e000-7f38ae412000 r--s 0003b000 08:02 4017281                    /home/ankit/Downloads/android-studio/gradle/m2repository/com/android/tools/lint/lint-api/25.2.0/lint-api-25.2.0.jar
7f38ae412000-7f38ae413000 r--s 0000a000 08:02 3760193                    /home/ankit/Downloads/android-studio/gradle/m2repository/net/sf/kxml/kxml2/2.3.0/kxml2-2.3.0.jar
7f38ae413000-7f38ae415000 r--s 00005000 08:02 3753358                    /home/ankit/Downloads/android-studio/gradle/m2repository/org/apache/httpcomponents/httpmime/4.1/httpmime-4.1.jar
7f38ae415000-7f38ae41d000 r--s 0004e000 08:02 3753378                    /home/ankit/Downloads/android-studio/gradle/m2repository/org/apache/httpcomponents/httpclient/4.1.1/httpclient-4.1.1.jar
7f38ae41d000-7f38ae424000 r--s 00053000 08:02 3753390                    /home/ankit/Downloads/android-studio/gradle/m2repository/org/apache/commons/commons-compress/1.8.1/commons-compress-1.8.1.jar
7f38ae424000-7f38ae429000 r--s 0002a000 08:02 3753476                    /home/ankit/Downloads/android-studio/gradle/m2repository/com/google/code/gson/gson/2.2.4/gson-2.2.4.jar
7f38ae429000-7f38ae42e000 r--s 0002d000 08:02 4000509                    /home/ankit/Downloads/android-studio/gradle/m2repository/com/android/tools/repository/25.2.0/repository-25.2.0.jar
7f38ae42e000-7f38ae42f000 r--s 00005000 08:02 3941528                    /home/ankit/Downloads/android-studio/gradle/m2repository/com/android/tools/dvlib/25.2.0/dvlib-25.2.0.jar
7f38ae42f000-7f38ae432000 r--s 00014000 08:02 3835823                    /home/ankit/Downloads/android-studio/gradle/m2repository/com/android/tools/layoutlib/layoutlib-api/25.2.0/layoutlib-api-25.2.0.jar
7f38ae432000-7f38ae437000 r--s 00058000 08:02 3631976                    /home/ankit/Downloads/android-studio/gradle/m2repository/org/ow2/asm/asm-debug-all/5.0.1/asm-debug-all-5.0.1.jar
7f38ae437000-7f38ae447000 r--s 000d6000 08:02 3760205                    /home/ankit/Downloads/android-studio/gradle/m2repository/net/sf/proguard/proguard-base/5.2.1/proguard-base-5.2.1.jar
7f38ae447000-7f38ae44a000 r--s 00033000 08:02 3753450                    /home/ankit/Downloads/android-studio/gradle/m2repository/com/googlecode/juniversalchardet/juniversalchardet/1.0.3/juniversalchardet-1.0.3.jar
7f38ae44a000-7f38ae44e000 r--s 0002a000 08:02 3506651                    /home/ankit/Downloads/android-studio/gradle/m2repository/commons-io/commons-io/2.4/commons-io-2.4.jar
7f38ae44e000-7f38ae465000 r--s 00154000 08:02 3787896                    /home/ankit/Downloads/android-studio/gradle/m2repository/org/antlr/antlr4/4.5.3/antlr4-4.5.3.jar
7f38ae465000-7f38ae466000 r--s 00002000 08:02 3845251                    /home/ankit/Downloads/android-studio/gradle/m2repository/com/android/databinding/baseLibrary/2.2.0/baseLibrary-2.2.0.jar
7f38ae466000-7f38ae479000 r--s 00236000 08:02 3779712                    /home/ankit/Downloads/android-studio/gradle/m2repository/org/eclipse/jdt/core/compiler/ecj/4.5.1/ecj-4.5.1.jar
7f38ae479000-7f38ae480000 r--s 000c3000 08:02 3927174                    /home/ankit/Downloads/android-studio/gradle/m2repository/com/android/tools/lint/lint-checks/25.2.0/lint-checks-25.2.0.jar
7f38ae480000-7f38ae482000 r--s 00006000 08:02 3754422                    /home/ankit/Downloads/android-studio/gradle/m2repository/org/ow2/asm/asm-tree/5.0.4/asm-tree-5.0.4.jar
7f38ae482000-7f38ae4b5000 r--s 00203000 08:02 3753331                    /home/ankit/Downloads/android-studio/gradle/m2repository/org/bouncycastle/bcprov-jdk15on/1.48/bcprov-jdk15on-1.48.jar
7f38ae4b5000-7f38ae4c3000 r--s 00081000 08:02 3753336                    /home/ankit/Downloads/android-studio/gradle/m2repository/org/bouncycastle/bcpkix-jdk15on/1.48/bcpkix-jdk15on-1.48.jar
7f38ae4c3000-7f38ae4c5000 r--s 00002000 08:02 3753458                    /home/ankit/Downloads/android-studio/gradle/m2repository/com/squareup/javawriter/2.5.0/javawriter-2.5.0.jar
7f38ae4c5000-7f38ae4c6000 r--s 00002000 08:02 4009078                    /home/ankit/Downloads/android-studio/gradle/m2repository/com/android/tools/analytics-library/tracker/25.2.0/tracker-25.2.0.jar
7f38ae4c6000-7f38ae4c8000 r--s 00003000 08:02 4009086                    /home/ankit/Downloads/android-studio/gradle/m2repository/com/android/tools/analytics-library/shared/25.2.0/shared-25.2.0.jar
7f38ae4c8000-7f38ae4d5000 r--s 000ed000 08:02 4009082                    /home/ankit/Downloads/android-studio/gradle/m2repository/com/android/tools/analytics-library/protos/25.2.0/protos-25.2.0.jar
7f38ae4d5000-7f38ae4d6000 r--s 00001000 08:02 3753578                    /home/ankit/Downloads/android-studio/gradle/m2repository/com/android/tools/jill/jill-api/0.10.0/jill-api-0.10.0.jar
7f38ae4d6000-7f38ae4d8000 r--s 00003000 08:02 4024806                    /home/ankit/Downloads/android-studio/gradle/m2repository/com/android/tools/jack/jack-api/0.11.0/jack-api-0.11.0.jar
7f38ae4d8000-7f38ae4dd000 r--s 0004a000 08:02 3918754                    /home/ankit/Downloads/android-studio/gradle/m2repository/com/android/tools/ddms/ddmlib/25.2.0/ddmlib-25.2.0.jar
7f38ae4dd000-7f38ae4e0000 r--s 00021000 08:02 3910779                    /home/ankit/Downloads/android-studio/gradle/m2repository/com/android/tools/build/manifest-merger/25.2.0/manifest-merger-25.2.0.jar
7f38ae4e0000-7f38ae4e2000 r--s 0001c000 08:02 4031682                    /home/ankit/Downloads/android-studio/gradle/m2repository/com/android/tools/common/25.2.0/common-25.2.0.jar
7f38ae4e2000-7f38ae4eb000 r--s 00083000 08:02 3885105                    /home/ankit/Downloads/android-studio/gradle/m2repository/com/android/tools/sdk-common/25.2.0/sdk-common-25.2.0.jar
7f38ae4eb000-7f38ae4f6000 r--s 0008e000 08:02 4024802                    /home/ankit/Downloads/android-studio/gradle/m2repository/com/android/tools/sdklib/25.2.0/sdklib-25.2.0.jar
7f38ae4f6000-7f38ae4f7000 r--s 00002000 08:02 3894391                    /home/ankit/Downloads/android-studio/gradle/m2repository/com/android/tools/build/builder-test-api/2.2.0/builder-test-api-2.2.0.jar
7f38ae4f7000-7f38ae4fa000 r--s 00005000 08:02 3754438                    /home/ankit/Downloads/android-studio/gradle/m2repository/com/android/tools/build/builder-model/2.2.0/builder-model-2.2.0.jar
7f38ae4fa000-7f38ae502000 r--s 0007b000 08:02 3819714                    /home/ankit/Downloads/android-studio/gradle/m2repository/com/google/protobuf/protobuf-java/2.5.0/protobuf-java-2.5.0.jar
7f38ae502000-7f38ae504000 r--s 0000f000 08:02 4041488                    /home/ankit/Downloads/android-studio/gradle/m2repository/net/sf/jopt-simple/jopt-simple/4.9/jopt-simple-4.9.jar
7f38ae504000-7f38ae508000 r--s 0001f000 08:02 3795671                    /home/ankit/Downloads/android-studio/gradle/m2repository/org/jacoco/org.jacoco.report/0.7.5.201505241946/org.jacoco.report-0.7.5.201505241946.jar
7f38ae508000-7f38ae50c000 r--s 0001d000 08:02 3787900                    /home/ankit/Downloads/android-studio/gradle/m2repository/org/jacoco/org.jacoco.core/0.7.5.201505241946/org.jacoco.core-0.7.5.201505241946.jar
7f38ae50c000-7f38ae50d000 r--s 00002000 08:02 3760221                    /home/ankit/Downloads/android-studio/gradle/m2repository/net/sf/proguard/proguard-gradle/5.2.1/proguard-gradle-5.2.1.jar
7f38ae50d000-7f38ae50f000 r--s 00009000 08:02 3779703                    /home/ankit/Downloads/android-studio/gradle/m2repository/org/ow2/asm/asm-commons/5.0.4/asm-commons-5.0.4.jar
7f38ae50f000-7f38ae513000 r--s 0002b000 08:02 3853442                    /home/ankit/Downloads/android-studio/gradle/m2repository/com/android/databinding/compilerCommon/2.2.0/compilerCommon-2.2.0.jar
7f38ae513000-7f38ae52a000 r--s 0015d000 08:02 3885097                    /home/ankit/Downloads/android-studio/gradle/m2repository/com/android/tools/build/builder/2.2.0/builder-2.2.0.jar
7f38ae52a000-7f38ae547000 r--s 0019c000 08:02 3910782                    /home/ankit/Downloads/android-studio/gradle/m2repository/com/android/tools/build/gradle-core/2.2.0/gradle-core-2.2.0.jar
7f38ae547000-7f38ae747000 rw-p 00000000 00:00 0 
7f38ae747000-7f38ae947000 rw-p 00000000 00:00 0 
7f38ae947000-7f38ae94a000 ---p 00000000 00:00 0 
7f38ae94a000-7f38aec48000 rw-p 00000000 00:00 0 
7f38aec48000-7f38aec4b000 ---p 00000000 00:00 0 
7f38aec4b000-7f38aee81000 rw-p 00000000 00:00 0 
7f38aee81000-7f38af081000 rw-p 00000000 00:00 0 
7f38af081000-7f38af281000 rw-p 00000000 00:00 0 
7f38af281000-7f38af481000 rw-p 00000000 00:00 0 
7f38af481000-7f38af4f9000 r--s 010e6000 08:02 158507                     /usr/lib/jvm/java-8-oracle/lib/tools.jar
7f38af4f9000-7f38af6f9000 rw-p 00000000 00:00 0 
7f38af6f9000-7f38af6fc000 ---p 00000000 00:00 0 
7f38af6fc000-7f38af7fa000 rw-p 00000000 00:00 0 
7f38af7fa000-7f38af7fd000 ---p 00000000 00:00 0 
7f38af7fd000-7f38af8fb000 rw-p 00000000 00:00 0 
7f38af8fb000-7f38af8fe000 ---p 00000000 00:00 0 
7f38af8fe000-7f38af9fc000 rw-p 00000000 00:00 0 
7f38af9fc000-7f38af9ff000 ---p 00000000 00:00 0 
7f38af9ff000-7f38afafd000 rw-p 00000000 00:00 0 
7f38afafd000-7f38afb00000 ---p 00000000 00:00 0 
7f38afb00000-7f38afbfe000 rw-p 00000000 00:00 0 
7f38afbfe000-7f38afc01000 ---p 00000000 00:00 0 
7f38afc01000-7f38afeff000 rw-p 00000000 00:00 0 
7f38afeff000-7f38aff02000 ---p 00000000 00:00 0 
7f38aff02000-7f38b0000000 rw-p 00000000 00:00 0 
7f38b0000000-7f38b0021000 rw-p 00000000 00:00 0 
7f38b0021000-7f38b4000000 ---p 00000000 00:00 0 
7f38b4000000-7f38b4021000 rw-p 00000000 00:00 0 
7f38b4021000-7f38b8000000 ---p 00000000 00:00 0 
7f38b8000000-7f38b91e9000 rw-p 00000000 00:00 0 
7f38b91e9000-7f38bc000000 ---p 00000000 00:00 0 
7f38bc000000-7f38bc021000 rw-p 00000000 00:00 0 
7f38bc021000-7f38c0000000 ---p 00000000 00:00 0 
7f38c0000000-7f38c29df000 rw-p 00000000 00:00 0 
7f38c29df000-7f38c4000000 ---p 00000000 00:00 0 
7f38c4000000-7f38c66fa000 rw-p 00000000 00:00 0 
7f38c66fa000-7f38c8000000 ---p 00000000 00:00 0 
7f38c8000000-7f38c8021000 rw-p 00000000 00:00 0 
7f38c8021000-7f38cc000000 ---p 00000000 00:00 0 
7f38cc000000-7f38cc021000 rw-p 00000000 00:00 0 
7f38cc021000-7f38d0000000 ---p 00000000 00:00 0 
7f38d0000000-7f38d02cf000 rw-p 00000000 00:00 0 
7f38d02cf000-7f38d4000000 ---p 00000000 00:00 0 
7f38d4000000-7f38d4021000 rw-p 00000000 00:00 0 
7f38d4021000-7f38d8000000 ---p 00000000 00:00 0 
7f38d8000000-7f38d82bf000 rw-p 00000000 00:00 0 
7f38d82bf000-7f38dc000000 ---p 00000000 00:00 0 
7f38dc000000-7f38dc036000 rw-p 00000000 00:00 0 
7f38dc036000-7f38e0000000 ---p 00000000 00:00 0 
7f38e0000000-7f38e0149000 rw-p 00000000 00:00 0 
7f38e0149000-7f38e4000000 ---p 00000000 00:00 0 
7f38e4000000-7f38e4002000 r--s 0000c000 08:02 3779709                    /home/ankit/Downloads/android-studio/gradle/m2repository/org/ow2/asm/asm/5.0.4/asm-5.0.4.jar
7f38e4002000-7f38e4003000 r--s 00002000 08:02 3894401                    /home/ankit/Downloads/android-studio/gradle/m2repository/com/android/tools/build/gradle-api/2.2.0/gradle-api-2.2.0.jar
7f38e4003000-7f38e4004000 r--s 00000000 08:02 3753573                    /home/ankit/Downloads/android-studio/gradle/m2repository/com/android/tools/build/transform-api/2.0.0-deprecated-use-gradle-api/transform-api-2.0.0-deprecated-use-gradle-api.jar
7f38e4004000-7f38e4009000 r--s 00053000 08:02 4017271                    /home/ankit/Downloads/android-studio/gradle/m2repository/com/android/tools/lint/lint/25.2.0/lint-25.2.0.jar
7f38e4009000-7f38e400b000 r--s 0000d000 08:02 3802336                    /home/ankit/Downloads/android-studio/gradle/m2repository/com/android/tools/build/gradle/2.2.0/gradle-2.2.0.jar
7f38e400b000-7f38e400c000 r--p 00000000 00:00 0 
7f38e400c000-7f38e4013000 r--s 00000000 08:02 109538                     /usr/lib/x86_64-linux-gnu/gconv/gconv-modules.cache
7f38e4013000-7f38e4016000 ---p 00000000 00:00 0 
7f38e4016000-7f38e4114000 rw-p 00000000 00:00 0 
7f38e4114000-7f38e411d000 r-xp 00000000 08:02 200010                     /usr/lib/jvm/java-8-oracle/jre/lib/amd64/libmanagement.so
7f38e411d000-7f38e431c000 ---p 00009000 08:02 200010                     /usr/lib/jvm/java-8-oracle/jre/lib/amd64/libmanagement.so
7f38e431c000-7f38e431d000 rw-p 00008000 08:02 200010                     /usr/lib/jvm/java-8-oracle/jre/lib/amd64/libmanagement.so
7f38e431d000-7f38e4321000 r--s 00097000 08:02 182569                     /usr/lib/jvm/java-8-oracle/jre/lib/jsse.jar
7f38e4321000-7f38e4323000 r--s 00007000 08:02 3402085                    /home/ankit/Downloads/android-studio/gradle/gradle-2.14.1/lib/plugins/gradle-tooling-api-builders-2.14.1.jar
7f38e4323000-7f38e4326000 r--s 00008000 08:02 3402081                    /home/ankit/Downloads/android-studio/gradle/gradle-2.14.1/lib/plugins/gradle-testing-native-2.14.1.jar
7f38e4326000-7f38e4328000 r--s 00009000 08:02 3402371                    /home/ankit/Downloads/android-studio/gradle/gradle-2.14.1/lib/plugins/hamcrest-core-1.3.jar
7f38e4328000-7f38e432e000 r--s 00033000 08:02 3402325                    /home/ankit/Downloads/android-studio/gradle/gradle-2.14.1/lib/plugins/snakeyaml-1.6.jar
7f38e432e000-7f38e4330000 r--s 00006000 08:02 3402336                    /home/ankit/Downloads/android-studio/gradle/gradle-2.14.1/lib/plugins/jcommander-1.12.jar
7f38e4330000-7f38e4335000 r--s 00040000 08:02 3402324                    /home/ankit/Downloads/android-studio/gradle/gradle-2.14.1/lib/plugins/bsh-2.0b4.jar
7f38e4335000-7f38e433e000 r--s 00089000 08:02 3402339                    /home/ankit/Downloads/android-studio/gradle/gradle-2.14.1/lib/plugins/testng-6.3.1.jar
7f38e433e000-7f38e4346000 r--s 00045000 08:02 3402343                    /home/ankit/Downloads/android-studio/gradle/gradle-2.14.1/lib/plugins/junit-4.12.jar
7f38e4346000-7f38e434c000 r--s 0002e000 08:02 3402091                    /home/ankit/Downloads/android-studio/gradle/gradle-2.14.1/lib/plugins/gradle-testing-jvm-2.14.1.jar
7f38e434c000-7f38e4351000 r--s 00015000 08:02 3402095                    /home/ankit/Downloads/android-studio/gradle/gradle-2.14.1/lib/plugins/gradle-testing-base-2.14.1.jar
7f38e4351000-7f38e4352000 r--s 00002000 08:02 3402342                    /home/ankit/Downloads/android-studio/gradle/gradle-2.14.1/lib/plugins/sonar-batch-bootstrapper-2.9.jar
7f38e4352000-7f38e4355000 r--s 00015000 08:02 3402090                    /home/ankit/Downloads/android-studio/gradle/gradle-2.14.1/lib/plugins/gradle-sonar-2.14.1.jar
7f38e4355000-7f38e435c000 r--s 00038000 08:02 3402356                    /home/ankit/Downloads/android-studio/gradle/gradle-2.14.1/lib/plugins/bcpg-jdk15on-1.51.jar
7f38e435c000-7f38e435e000 r--s 0000d000 08:02 3402293                    /home/ankit/Downloads/android-studio/gradle/gradle-2.14.1/lib/plugins/gradle-signing-2.14.1.jar
7f38e435e000-7f38e4361000 r--s 00009000 08:02 3402099                    /home/ankit/Downloads/android-studio/gradle/gradle-2.14.1/lib/plugins/gradle-scala-2.14.1.jar
7f38e4361000-7f38e4362000 r--s 00004000 08:02 3402295                    /home/ankit/Downloads/android-studio/gradle/gradle-2.14.1/lib/plugins/gradle-resources-sftp-2.14.1.jar
7f38e4362000-7f38e4372000 r--s 00088000 08:02 3402329                    /home/ankit/Downloads/android-studio/gradle/gradle-2.14.1/lib/plugins/joda-time-2.8.2.jar
7f38e4372000-7f38e4383000 r--s 000cf000 08:02 3402375                    /home/ankit/Downloads/android-studio/gradle/gradle-2.14.1/lib/plugins/jackson-databind-2.3.2.jar
7f38e4383000-7f38e4385000 r--s 00007000 08:02 3402352                    /home/ankit/Downloads/android-studio/gradle/gradle-2.14.1/lib/plugins/jackson-annotations-2.3.2.jar
7f38e4385000-7f38e4388000 r--s 0002e000 08:02 3402358                    /home/ankit/Downloads/android-studio/gradle/gradle-2.14.1/lib/plugins/jackson-core-2.3.2.jar
7f38e4388000-7f38e4393000 r--s 0006b000 08:02 3402381                    /home/ankit/Downloads/android-studio/gradle/gradle-2.14.1/lib/plugins/aws-java-sdk-core-1.9.19.jar
7f38e4393000-7f38e4399000 r--s 00036000 08:02 3402351                    /home/ankit/Downloads/android-studio/gradle/gradle-2.14.1/lib/plugins/aws-java-sdk-kms-1.9.19.jar
7f38e4399000-7f38e43a4000 r--s 00079000 08:02 3402341                    /home/ankit/Downloads/android-studio/gradle/gradle-2.14.1/lib/plugins/aws-java-sdk-s3-1.9.19.jar
7f38e43a4000-7f38e43a5000 r--s 00003000 08:02 3402305                    /home/ankit/Downloads/android-studio/gradle/gradle-2.14.1/lib/plugins/gradle-resources-s3-2.14.1.jar
7f38e43a5000-7f38e43a7000 r--s 00005000 08:02 3402370                    /home/ankit/Downloads/android-studio/gradle/gradle-2.14.1/lib/plugins/jatl-0.2.2.jar
7f38e43a7000-7f38e43a9000 r--s 0000f000 08:02 3402311                    /home/ankit/Downloads/android-studio/gradle/gradle-2.14.1/lib/plugins/gradle-reporting-2.14.1.jar
7f38e43a9000-7f38e43ab000 r--s 00002000 08:02 3402252                    /home/ankit/Downloads/android-studio/gradle/gradle-2.14.1/lib/plugins/gradle-publish-2.14.1.jar
7f38e43ab000-7f38e43ad000 r--s 00009000 08:02 3402334                    /home/ankit/Downloads/android-studio/gradle/gradle-2.14.1/lib/plugins/commons-cli-1.2.jar
7f38e43ad000-7f38e43b3000 r--s 00033000 08:02 3402098                    /home/ankit/Downloads/android-studio/gradle/gradle-2.14.1/lib/plugins/gradle-plugins-2.14.1.jar
7f38e43b3000-7f38e43b5000 r--s 00007000 08:02 3402083                    /home/ankit/Downloads/android-studio/gradle/gradle-2.14.1/lib/plugins/gradle-plugin-development-2.14.1.jar
7f38e43b5000-7f38e43bb000 r--s 0002a000 08:02 3402292                    /home/ankit/Downloads/android-studio/gradle/gradle-2.14.1/lib/plugins/gradle-platform-play-2.14.1.jar
7f38e43bb000-7f38e43c8000 r--s 0004d000 08:02 3402291                    /home/ankit/Downloads/android-studio/gradle/gradle-2.14.1/lib/plugins/gradle-platform-native-2.14.1.jar
7f38e43c8000-7f38e43cc000 r--s 0001a000 08:02 3402304                    /home/ankit/Downloads/android-studio/gradle/gradle-2.14.1/lib/plugins/gradle-platform-jvm-2.14.1.jar
7f38e43cc000-7f38e43d3000 r--s 00029000 08:02 3402097                    /home/ankit/Downloads/android-studio/gradle/gradle-2.14.1/lib/plugins/gradle-platform-base-2.14.1.jar
7f38e43d3000-7f38e43f4000 r--s 001c3000 08:02 3402322                    /home/ankit/Downloads/android-studio/gradle/gradle-2.14.1/lib/plugins/bndlib-2.4.0.jar
7f38e43f4000-7f38e43f6000 r--s 00003000 08:02 3402306                    /home/ankit/Downloads/android-studio/gradle/gradle-2.14.1/lib/plugins/gradle-osgi-2.14.1.jar
7f38e43f6000-7f38e43f9000 r--s 0000c000 08:02 3402378                    /home/ankit/Downloads/android-studio/gradle/gradle-2.14.1/lib/plugins/pmaven-groovy-0.8-20100325.jar
7f38e43f9000-7f38e43fa000 r--s 00004000 08:02 3402369                    /home/ankit/Downloads/android-studio/gradle/gradle-2.14.1/lib/plugins/pmaven-common-0.8-20100325.jar
7f38e43fa000-7f38e4400000 r--s 00022000 08:02 3402096                    /home/ankit/Downloads/android-studio/gradle/gradle-2.14.1/lib/plugins/gradle-maven-2.14.1.jar
7f38e4400000-7f38e4402000 r--s 0000a000 08:02 3402088                    /home/ankit/Downloads/android-studio/gradle/gradle-2.14.1/lib/plugins/gradle-language-scala-2.14.1.jar
7f38e4402000-7f38e4408000 r--s 0001a000 08:02 3402092                    /home/ankit/Downloads/android-studio/gradle/gradle-2.14.1/lib/plugins/gradle-language-native-2.14.1.jar
7f38e4408000-7f38e440a000 r--s 00008000 08:02 3402084                    /home/ankit/Downloads/android-studio/gradle/gradle-2.14.1/lib/plugins/gradle-language-jvm-2.14.1.jar
7f38e440a000-7f38e4410000 r--s 00024000 08:02 3402300                    /home/ankit/Downloads/android-studio/gradle/gradle-2.14.1/lib/plugins/gradle-language-java-2.14.1.jar
7f38e4410000-7f38e4412000 r--s 0000a000 08:02 3402290                    /home/ankit/Downloads/android-studio/gradle/gradle-2.14.1/lib/plugins/gradle-language-groovy-2.14.1.jar
7f38e4412000-7f38e4415000 r--s 0001e000 08:02 3402319                    /home/ankit/Downloads/android-studio/gradle/gradle-2.14.1/lib/plugins/jsp-api-2.1-6.1.14.jar
7f38e4415000-7f38e4438000 r--s 00344000 08:02 3402353                    /home/ankit/Downloads/android-studio/gradle/gradle-2.14.1/lib/plugins/core-3.1.1.jar
7f38e4438000-7f38e4439000 r--s 00006000 08:02 3402376                    /home/ankit/Downloads/android-studio/gradle/gradle-2.14.1/lib/plugins/jetty-naming-6.1.25.jar
7f38e4439000-7f38e443a000 r--s 00002000 08:02 3402349                    /home/ankit/Downloads/android-studio/gradle/gradle-2.14.1/lib/plugins/geronimo-annotation_1.0_spec-1.0.jar
7f38e443a000-7f38e443c000 r--s 00002000 08:02 3402373                    /home/ankit/Downloads/android-studio/gradle/gradle-2.14.1/lib/plugins/jetty-annotations-6.1.25.jar
7f38e443c000-7f38e444d000 r--s 000ea000 08:02 3402379                    /home/ankit/Downloads/android-studio/gradle/gradle-2.14.1/lib/plugins/jsp-2.1-6.1.14.jar
7f38e444d000-7f38e444f000 r--s 0000d000 08:02 3402354                    /home/ankit/Downloads/android-studio/gradle/gradle-2.14.1/lib/plugins/jetty-plus-6.1.25.jar
7f38e444f000-7f38e4451000 r--s 0001f000 08:02 3402385                    /home/ankit/Downloads/android-studio/gradle/gradle-2.14.1/lib/plugins/servlet-api-2.5-20081211.jar
7f38e4451000-7f38e4455000 r--s 00028000 08:02 3402337                    /home/ankit/Downloads/android-studio/gradle/gradle-2.14.1/lib/plugins/jetty-util-6.1.25.jar
7f38e4455000-7f38e445c000 r--s 0007d000 08:02 3402344                    /home/ankit/Downloads/android-studio/gradle/gradle-2.14.1/lib/plugins/jetty-6.1.25.jar
7f38e445c000-7f38e445e000 r--s 00009000 08:02 3402309                    /home/ankit/Downloads/android-studio/gradle/gradle-2.14.1/lib/plugins/gradle-jetty-2.14.1.jar
7f38e445e000-7f38e4465000 r--s 00035000 08:02 3402382                    /home/ankit/Downloads/android-studio/gradle/gradle-2.14.1/lib/plugins/simple-4.1.21.jar
7f38e4465000-7f38e4471000 r--s 00100000 08:02 3402330                    /home/ankit/Downloads/android-studio/gradle/gradle-2.14.1/lib/plugins/rhino-1.7R3.jar
7f38e4471000-7f38e4475000 r--s 00011000 08:02 3402297                    /home/ankit/Downloads/android-studio/gradle/gradle-2.14.1/lib/plugins/gradle-javascript-2.14.1.jar
7f38e4475000-7f38e4477000 r--s 0000c000 08:02 3402317                    /home/ankit/Downloads/android-studio/gradle/gradle-2.14.1/lib/plugins/gradle-jacoco-2.14.1.jar
7f38e4477000-7f38e447a000 r--s 0000e000 08:02 3402316                    /home/ankit/Downloads/android-studio/gradle/gradle-2.14.1/lib/plugins/gradle-ivy-2.14.1.jar
7f38e447a000-7f38e447b000 r--s 00002000 08:02 3402313                    /home/ankit/Downloads/android-studio/gradle/gradle-2.14.1/lib/plugins/gradle-ide-play-2.14.1.jar
7f38e447b000-7f38e4480000 r--s 0002b000 08:02 3402310                    /home/ankit/Downloads/android-studio/gradle/gradle-2.14.1/lib/plugins/gradle-ide-native-2.14.1.jar
7f38e4480000-7f38e448b000 r--s 00066000 08:02 3402089                    /home/ankit/Downloads/android-studio/gradle/gradle-2.14.1/lib/plugins/gradle-ide-2.14.1.jar
7f38e448b000-7f38e448c000 r--s 00008000 08:02 3402087                    /home/ankit/Downloads/android-studio/gradle/gradle-2.14.1/lib/plugins/gradle-ear-2.14.1.jar
7f38e448c000-7f38e4492000 r--s 00032000 08:02 3402094                    /home/ankit/Downloads/android-studio/gradle/gradle-2.14.1/lib/plugins/gradle-diagnostics-2.14.1.jar
7f38e4492000-7f38e4496000 r--s 00021000 08:02 3402312                    /home/ankit/Downloads/android-studio/gradle/gradle-2.14.1/lib/plugins/gradle-code-quality-2.14.1.jar
7f38e4496000-7f38e449a000 r--s 0001f000 08:02 3402093                    /home/ankit/Downloads/android-studio/gradle/gradle-2.14.1/lib/plugins/gradle-build-init-2.14.1.jar
7f38e449a000-7f38e44a1000 r--s 0008e000 08:02 3402314                    /home/ankit/Downloads/android-studio/gradle/gradle-2.14.1/lib/plugins/gradle-build-comparison-2.14.1.jar
7f38e44a1000-7f38e44a3000 r--s 00008000 08:02 3402302                    /home/ankit/Downloads/android-studio/gradle/gradle-2.14.1/lib/plugins/gradle-antlr-2.14.1.jar
7f38e44a3000-7f38e44a5000 r--s 00004000 08:02 3402315                    /home/ankit/Downloads/android-studio/gradle/gradle-2.14.1/lib/plugins/gradle-announce-2.14.1.jar
7f38e44a5000-7f38e44bd000 r--s 00115000 08:02 3402347                    /home/ankit/Downloads/android-studio/gradle/gradle-2.14.1/lib/plugins/xercesImpl-2.9.1.jar
7f38e44bd000-7f38e44c5000 r--s 00028000 08:02 3402366                    /home/ankit/Downloads/android-studio/gradle/gradle-2.14.1/lib/plugins/xml-apis-1.3.04.jar
7f38e44c5000-7f38e44cb000 r--s 0005b000 08:02 3402359                    /home/ankit/Downloads/android-studio/gradle/gradle-2.14.1/lib/plugins/jcifs-1.3.17.jar
7f38e44cb000-7f38e44d2000 r--s 00049000 08:02 3402296                    /home/ankit/Downloads/android-studio/gradle/gradle-2.14.1/lib/plugins/httpcore-4.4.4.jar
7f38e44d2000-7f38e44d8000 r--s 00033000 08:02 3402328                    /home/ankit/Downloads/android-studio/gradle/gradle-2.14.1/lib/plugins/commons-codec-1.6.jar
7f38e44d8000-7f38e44db000 r--s 0001c000 08:02 3402326                    /home/ankit/Downloads/android-studio/gradle/gradle-2.14.1/lib/plugins/nekohtml-1.9.14.jar
7f38e44db000-7f38e44e8000 r--s 000a4000 08:02 3402307                    /home/ankit/Downloads/android-studio/gradle/gradle-2.14.1/lib/plugins/httpclient-4.4.1.jar
7f38e44e8000-7f38e44ea000 r--s 0000a000 08:02 3402082                    /home/ankit/Downloads/android-studio/gradle/gradle-2.14.1/lib/plugins/gradle-resources-http-2.14.1.jar
7f38e44ea000-7f38e44ee000 r--s 00014000 08:02 3402294                    /home/ankit/Downloads/android-studio/gradle/gradle-2.14.1/lib/plugins/gradle-plugin-use-2.14.1.jar
7f38e44ee000-7f38e44ef000 r--s 00000000 08:02 3394352                    /home/ankit/Downloads/android-studio/gradle/gradle-2.14.1/lib/gradle-installation-beacon-2.14.1.jar
7f38e44ef000-7f38e44f0000 r--s 00007000 08:02 3402335                    /home/ankit/Downloads/android-studio/gradle/gradle-2.14.1/lib/plugins/wagon-http-shared4-2.4.jar
7f38e44f0000-7f38e44f4000 r--s 00033000 08:02 3402372                    /home/ankit/Downloads/android-studio/gradle/gradle-2.14.1/lib/plugins/plexus-utils-2.0.6.jar
7f38e44f4000-7f38e44f8000 r--s 00021000 08:02 3402361                    /home/ankit/Downloads/android-studio/gradle/gradle-2.14.1/lib/plugins/maven-model-builder-3.0.4.jar
7f38e44f8000-7f38e44f9000 r--s 00002000 08:02 3402327                    /home/ankit/Downloads/android-studio/gradle/gradle-2.14.1/lib/plugins/wagon-file-2.4.jar
7f38e44f9000-7f38e44fb000 r--s 00002000 08:02 3402368                    /home/ankit/Downloads/android-studio/gradle/gradle-2.14.1/lib/plugins/plexus-cipher-1.7.jar
7f38e44fb000-7f38e44fe000 r--s 00013000 08:02 3402384                    /home/ankit/Downloads/android-studio/gradle/gradle-2.14.1/lib/plugins/aether-api-1.13.1.jar
7f38e44fe000-7f38e4500000 r--s 0000a000 08:02 3402338                    /home/ankit/Downloads/android-studio/gradle/gradle-2.14.1/lib/plugins/maven-settings-3.0.4.jar
7f38e4500000-7f38e4502000 r--s 0000d000 08:02 3402362                    /home/ankit/Downloads/android-studio/gradle/gradle-2.14.1/lib/plugins/plexus-interpolation-1.14.jar
7f38e4502000-7f38e4504000 r--s 0000b000 08:02 3402377                    /home/ankit/Downloads/android-studio/gradle/gradle-2.14.1/lib/plugins/maven-artifact-3.0.4.jar
7f38e4504000-7f38e450b000 r--s 0002e000 08:02 3402332                    /home/ankit/Downloads/android-studio/gradle/gradle-2.14.1/lib/plugins/plexus-container-default-1.5.5.jar
7f38e450b000-7f38e450d000 r--s 0000b000 08:02 3402355                    /home/ankit/Downloads/android-studio/gradle/gradle-2.14.1/lib/plugins/maven-plugin-api-3.0.4.jar
7f38e450d000-7f38e450f000 r--s 00000000 08:02 3402357                    /home/ankit/Downloads/android-studio/gradle/gradle-2.14.1/lib/plugins/plexus-component-annotations-1.5.5.jar
7f38e450f000-7f38e4515000 r--s 0003f000 08:02 3402363                    /home/ankit/Downloads/android-studio/gradle/gradle-2.14.1/lib/plugins/maven-compat-3.0.4.jar
7f38e4515000-7f38e4518000 r--s 00008000 08:02 3402345                    /home/ankit/Downloads/android-studio/gradle/gradle-2.14.1/lib/plugins/maven-settings-builder-3.0.4.jar
7f38e4518000-7f38e451a000 r--s 00026000 08:02 3402383                    /home/ankit/Downloads/android-studio/gradle/gradle-2.14.1/lib/plugins/maven-model-3.0.4.jar
7f38e451a000-7f38e451c000 r--s 00006000 08:02 3402374                    /home/ankit/Downloads/android-studio/gradle/gradle-2.14.1/lib/plugins/aether-connector-wagon-1.13.1.jar
7f38e451c000-7f38e451e000 r--s 0000a000 08:02 3402333                    /home/ankit/Downloads/android-studio/gradle/gradle-2.14.1/lib/plugins/plexus-classworlds-2.4.jar
7f38e451e000-7f38e4520000 r--s 00006000 08:02 3402364                    /home/ankit/Downloads/android-studio/gradle/gradle-2.14.1/lib/plugins/maven-repository-metadata-3.0.4.jar
7f38e4520000-7f38e4522000 r--s 0000c000 08:02 3402348                    /home/ankit/Downloads/android-studio/gradle/gradle-2.14.1/lib/plugins/maven-aether-provider-3.0.4.jar
7f38e4522000-7f38e4524000 r--s 0000b000 08:02 3402340                    /home/ankit/Downloads/android-studio/gradle/gradle-2.14.1/lib/plugins/wagon-provider-api-2.4.jar
7f38e4524000-7f38e4528000 r--s 0001c000 08:02 3402380                    /home/ankit/Downloads/android-studio/gradle/gradle-2.14.1/lib/plugins/aether-util-1.13.1.jar
7f38e4528000-7f38e452b000 r--s 0001d000 08:02 3402360                    /home/ankit/Downloads/android-studio/gradle/gradle-2.14.1/lib/plugins/aether-impl-1.13.1.jar
7f38e452b000-7f38e4530000 r--s 00040000 08:02 3402321                    /home/ankit/Downloads/android-studio/gradle/gradle-2.14.1/lib/plugins/jsch-0.1.53.jar
7f38e4530000-7f38e4570000 r--s 00277000 08:02 3402323                    /home/ankit/Downloads/android-studio/gradle/gradle-2.14.1/lib/plugins/bcprov-jdk15on-1.51.jar
7f38e4570000-7f38e4574000 r--s 0001d000 08:02 3402350                    /home/ankit/Downloads/android-studio/gradle/gradle-2.14.1/lib/plugins/xbean-reflect-3.4.jar
7f38e4574000-7f38e4580000 r--s 0007d000 08:02 3402367                    /home/ankit/Downloads/android-studio/gradle/gradle-2.14.1/lib/plugins/maven-core-3.0.4.jar
7f38e4580000-7f38e4585000 r--s 0002a000 08:02 3402346                    /home/ankit/Downloads/android-studio/gradle/gradle-2.14.1/lib/plugins/gson-2.2.4.jar
7f38e4585000-7f38e4594000 r--s 000d9000 08:02 3402331                    /home/ankit/Downloads/android-studio/gradle/gradle-2.14.1/lib/plugins/ivy-2.2.0.jar
7f38e4594000-7f38e45aa000 r-xp 00000000 08:02 2624314                    /lib/x86_64-linux-gnu/libgcc_s.so.1
7f38e45aa000-7f38e47a9000 ---p 00016000 08:02 2624314                    /lib/x86_64-linux-gnu/libgcc_s.so.1
7f38e47a9000-7f38e47aa000 r--p 00015000 08:02 2624314                    /lib/x86_64-linux-gnu/libgcc_s.so.1
7f38e47aa000-7f38e47ab000 rw-p 00016000 08:02 2624314                    /lib/x86_64-linux-gnu/libgcc_s.so.1
7f38e47ab000-7f38e491e000 r-xp 00000000 08:02 61223                      /usr/lib/x86_64-linux-gnu/libstdc++.so.6.0.21
7f38e491e000-7f38e4b1d000 ---p 00173000 08:02 61223                      /usr/lib/x86_64-linux-gnu/libstdc++.so.6.0.21
7f38e4b1d000-7f38e4b27000 r--p 00172000 08:02 61223                      /usr/lib/x86_64-linux-gnu/libstdc++.so.6.0.21
7f38e4b27000-7f38e4b29000 rw-p 0017c000 08:02 61223                      /usr/lib/x86_64-linux-gnu/libstdc++.so.6.0.21
7f38e4b29000-7f38e4b2d000 rw-p 00000000 00:00 0 
7f38e4b2d000-7f38e4b2e000 r--s 00002000 08:02 3402318                    /home/ankit/Downloads/android-studio/gradle/gradle-2.14.1/lib/plugins/wagon-http-2.4.jar
7f38e4b2e000-7f38e4b2f000 r--s 00003000 08:02 3402320                    /home/ankit/Downloads/android-studio/gradle/gradle-2.14.1/lib/plugins/aether-spi-1.13.1.jar
7f38e4b2f000-7f38e4b30000 r--s 00006000 08:02 3402365                    /home/ankit/Downloads/android-studio/gradle/gradle-2.14.1/lib/plugins/plexus-sec-dispatcher-1.3.jar
7f38e4b30000-7f38e4b4c000 r--s 000d3000 08:02 3402161                    /home/ankit/Downloads/android-studio/gradle/gradle-2.14.1/lib/plugins/gradle-dependency-management-2.14.1.jar
7f38e4b4c000-7f38e4b50000 r-xp 00000000 08:02 3391672                    /home/ankit/.gradle/native/19/linux-amd64/libnative-platform.so
7f38e4b50000-7f38e4d4f000 ---p 00004000 08:02 3391672                    /home/ankit/.gradle/native/19/linux-amd64/libnative-platform.so
7f38e4d4f000-7f38e4d50000 rw-p 00003000 08:02 3391672                    /home/ankit/.gradle/native/19/linux-amd64/libnative-platform.so
7f38e4d50000-7f38e4d61000 r-xp 00000000 08:02 199999                     /usr/lib/jvm/java-8-oracle/jre/lib/amd64/libnio.so
7f38e4d61000-7f38e4f60000 ---p 00011000 08:02 199999                     /usr/lib/jvm/java-8-oracle/jre/lib/amd64/libnio.so
7f38e4f60000-7f38e4f61000 rw-p 00010000 08:02 199999                     /usr/lib/jvm/java-8-oracle/jre/lib/amd64/libnio.so
7f38e4f61000-7f38e5262000 rw-p 00000000 00:00 0 
7f38e5262000-7f38e5278000 r-xp 00000000 08:02 199974                     /usr/lib/jvm/java-8-oracle/jre/lib/amd64/libnet.so
7f38e5278000-7f38e5478000 ---p 00016000 08:02 199974                     /usr/lib/jvm/java-8-oracle/jre/lib/amd64/libnet.so
7f38e5478000-7f38e5479000 rw-p 00016000 08:02 199974                     /usr/lib/jvm/java-8-oracle/jre/lib/amd64/libnet.so
7f38e5479000-7f38e547b000 r--s 00005000 08:02 3394358                    /home/ankit/Downloads/android-studio/gradle/gradle-2.14.1/lib/gradle-wrapper-2.14.1.jar
7f38e547b000-7f38e5489000 r--s 0004f000 08:02 3394344                    /home/ankit/Downloads/android-studio/gradle/gradle-2.14.1/lib/gradle-tooling-api-2.14.1.jar
7f38e5489000-7f38e548b000 r--s 00002000 08:02 3394350                    /home/ankit/Downloads/android-studio/gradle/gradle-2.14.1/lib/gradle-open-api-2.14.1.jar
7f38e548b000-7f38e5491000 r--s 00032000 08:02 3394400                    /home/ankit/Downloads/android-studio/gradle/gradle-2.14.1/lib/jaxen-1.1.jar
7f38e5491000-7f38e5496000 r--s 00048000 08:02 3394380                    /home/ankit/Downloads/android-studio/gradle/gradle-2.14.1/lib/dom4j-1.6.1.jar
7f38e5496000-7f38e54a1000 r--s 00059000 08:02 3394373                    /home/ankit/Downloads/android-studio/gradle/gradle-2.14.1/lib/gradle-ui-2.14.1.jar
7f38e54a1000-7f38e54a4000 r--s 0000b000 08:02 3394378                    /home/ankit/Downloads/android-studio/gradle/gradle-2.14.1/lib/gradle-resources-2.14.1.jar
7f38e54a4000-7f38e54a6000 r--s 00003000 08:02 3394402                    /home/ankit/Downloads/android-studio/gradle/gradle-2.14.1/lib/jcl-over-slf4j-1.7.10.jar
7f38e54a6000-7f38e54a7000 r--s 00005000 08:02 3394397                    /home/ankit/Downloads/android-studio/gradle/gradle-2.14.1/lib/log4j-over-slf4j-1.7.10.jar
7f38e54a7000-7f38e54a9000 r--s 00000000 08:02 3394404                    /home/ankit/Downloads/android-studio/gradle/gradle-2.14.1/lib/jul-to-slf4j-1.7.10.jar
7f38e54a9000-7f38e54ae000 r--s 0001c000 08:02 3394356                    /home/ankit/Downloads/android-studio/gradle/gradle-2.14.1/lib/gradle-logging-2.14.1.jar
7f38e54ae000-7f38e54b0000 r--s 00007000 08:02 3394403                    /home/ankit/Downloads/android-studio/gradle/gradle-2.14.1/lib/objenesis-1.2.jar
7f38e54b0000-7f38e54b2000 r--s 00000000 08:02 3394383                    /home/ankit/Downloads/android-studio/gradle/gradle-2.14.1/lib/minlog-1.2.jar
7f38e54b2000-7f38e54b4000 r--s 0000f000 08:02 3394389                    /home/ankit/Downloads/android-studio/gradle/gradle-2.14.1/lib/reflectasm-1.07-shaded.jar
7f38e54b4000-7f38e54b8000 r--s 00026000 08:02 3394395                    /home/ankit/Downloads/android-studio/gradle/gradle-2.14.1/lib/kryo-2.20.jar
7f38e54b8000-7f38e54be000 r--s 00025000 08:02 3394347                    /home/ankit/Downloads/android-studio/gradle/gradle-2.14.1/lib/gradle-messaging-2.14.1.jar
7f38e54be000-7f38e54bf000 r--s 00003000 08:02 3394401                    /home/ankit/Downloads/android-studio/gradle/gradle-2.14.1/lib/native-platform-freebsd-amd64-0.10.jar
7f38e54bf000-7f38e54c0000 r--s 00003000 08:02 3394390                    /home/ankit/Downloads/android-studio/gradle/gradle-2.14.1/lib/native-platform-freebsd-i386-0.10.jar
7f38e54c0000-7f38e54c1000 r--s 00005000 08:02 3394385                    /home/ankit/Downloads/android-studio/gradle/gradle-2.14.1/lib/native-platform-windows-i386-0.10.jar
7f38e54c1000-7f38e54c2000 r--s 00005000 08:02 3394384                    /home/ankit/Downloads/android-studio/gradle/gradle-2.14.1/lib/native-platform-windows-amd64-0.10.jar
7f38e54c2000-7f38e54c3000 r--s 00003000 08:02 3394391                    /home/ankit/Downloads/android-studio/gradle/gradle-2.14.1/lib/native-platform-linux-i386-0.10.jar
7f38e54c3000-7f38e54c4000 r--s 00003000 08:02 3394382                    /home/ankit/Downloads/android-studio/gradle/gradle-2.14.1/lib/native-platform-linux-amd64-0.10.jar
7f38e54c4000-7f38e54c5000 r--s 00002000 08:02 3394381                    /home/ankit/Downloads/android-studio/gradle/gradle-2.14.1/lib/native-platform-osx-amd64-0.10.jar
7f38e54c5000-7f38e54c8000 r--s 0000d000 08:02 3394394                    /home/ankit/Downloads/android-studio/gradle/gradle-2.14.1/lib/native-platform-0.10.jar
7f38e54c8000-7f38e54d7000 r--s 00080000 08:02 3394371                    /home/ankit/Downloads/android-studio/gradle/gradle-2.14.1/lib/gradle-model-core-2.14.1.jar
7f38e54d7000-7f38e5546000 r--s 0063e000 08:02 3394407                    /home/ankit/Downloads/android-studio/gradle/gradle-2.14.1/lib/groovy-all-2.4.4.jar
7f38e5546000-7f38e556e000 r--s 001cf000 08:02 3394387                    /home/ankit/Downloads/android-studio/gradle/gradle-2.14.1/lib/guava-jdk5-17.0.jar
7f38e556e000-7f38e558d000 r--s 001d1000 08:02 3394357                    /home/ankit/Downloads/android-studio/gradle/gradle-2.14.1/lib/ant-1.9.6.jar
7f38e558d000-7f38e55c4000 r--s 001bd000 08:02 3394359                    /home/ankit/Downloads/android-studio/gradle/gradle-2.14.1/lib/gradle-core-2.14.1.jar
7f38e55c4000-7f38e55c5000 ---p 00000000 00:00 0 
7f38e55c5000-7f38e56c5000 rw-p 00000000 00:00 0 
7f38e56c5000-7f38e56c8000 ---p 00000000 00:00 0 
7f38e56c8000-7f38e57c6000 rw-p 00000000 00:00 0 
7f38e57c6000-7f38e57c9000 ---p 00000000 00:00 0 
7f38e57c9000-7f38e58c7000 rw-p 00000000 00:00 0 
7f38e58c7000-7f38e58ca000 ---p 00000000 00:00 0 
7f38e58ca000-7f38e59c8000 rw-p 00000000 00:00 0 
7f38e59c8000-7f38e59cb000 ---p 00000000 00:00 0 
7f38e59cb000-7f38e5ac9000 rw-p 00000000 00:00 0 
7f38e5ac9000-7f38e5acc000 ---p 00000000 00:00 0 
7f38e5acc000-7f38e5bca000 rw-p 00000000 00:00 0 
7f38e5bca000-7f38e62ac000 r--p 00000000 08:02 59247                      /usr/lib/locale/locale-archive
7f38e62ac000-7f38e62af000 ---p 00000000 00:00 0 
7f38e62af000-7f38e63ad000 rw-p 00000000 00:00 0 
7f38e63ad000-7f38e63b0000 ---p 00000000 00:00 0 
7f38e63b0000-7f38e64ae000 rw-p 00000000 00:00 0 
7f38e64ae000-7f38e64af000 ---p 00000000 00:00 0 
7f38e64af000-7f38e8000000 rw-p 00000000 00:00 0 
7f38e8000000-7f38e813a000 rw-p 00000000 00:00 0 
7f38e813a000-7f38ec000000 ---p 00000000 00:00 0 
7f38ec000000-7f38ec002000 r--s 00008000 08:02 3394399                    /home/ankit/Downloads/android-studio/gradle/gradle-2.14.1/lib/jansi-1.2.1.jar
7f38ec002000-7f38ec006000 r--s 000e4000 08:02 3394393                    /home/ankit/Downloads/android-studio/gradle/gradle-2.14.1/lib/jna-3.2.7.jar
7f38ec006000-7f38ec013000 r--s 00083000 08:02 3394379                    /home/ankit/Downloads/android-studio/gradle/gradle-2.14.1/lib/commons-collections-3.2.2.jar
7f38ec013000-7f38ec055000 rw-p 00000000 00:00 0 
7f38ec055000-7f38ec22d000 r--s 03d2a000 08:02 182584                     /usr/lib/jvm/java-8-oracle/jre/lib/rt.jar
7f38ec22d000-7f38ef2a3000 rw-p 00000000 00:00 0 
7f38ef2a3000-7f38ef2a4000 ---p 00000000 00:00 0 
7f38ef2a4000-7f38ef3a4000 rw-p 00000000 00:00 0 
7f38ef3a4000-7f38ef3a5000 ---p 00000000 00:00 0 
7f38ef3a5000-7f38ef4a5000 rw-p 00000000 00:00 0 
7f38ef4a5000-7f38ef4a6000 ---p 00000000 00:00 0 
7f38ef4a6000-7f38ef5a6000 rw-p 00000000 00:00 0 
7f38ef5a6000-7f38ef5a7000 ---p 00000000 00:00 0 
7f38ef5a7000-7f38ef82b000 rw-p 00000000 00:00 0 
7f38ef82b000-7f38ef8a7000 ---p 00000000 00:00 0 
7f38ef8a7000-7f38efa2b000 rw-p 00000000 00:00 0 
7f38efa2b000-7f38efaa7000 ---p 00000000 00:00 0 
7f38efaa7000-7f38efba7000 rw-p 00000000 00:00 0 
7f38efba7000-7f38efc59000 rw-p 00000000 00:00 0 
7f38efc59000-7f38eff68000 ---p 00000000 00:00 0 
7f38eff68000-7f38f2b98000 rwxp 00000000 00:00 0 
7f38f2b98000-7f38fef68000 ---p 00000000 00:00 0 
7f38fef68000-7f38fef82000 r-xp 00000000 08:02 199997                     /usr/lib/jvm/java-8-oracle/jre/lib/amd64/libzip.so
7f38fef82000-7f38ff182000 ---p 0001a000 08:02 199997                     /usr/lib/jvm/java-8-oracle/jre/lib/amd64/libzip.so
7f38ff182000-7f38ff183000 rw-p 0001a000 08:02 199997                     /usr/lib/jvm/java-8-oracle/jre/lib/amd64/libzip.so
7f38ff183000-7f38ff18d000 r-xp 00000000 08:02 2621662                    /lib/x86_64-linux-gnu/libnss_files-2.21.so
7f38ff18d000-7f38ff38d000 ---p 0000a000 08:02 2621662                    /lib/x86_64-linux-gnu/libnss_files-2.21.so
7f38ff38d000-7f38ff38e000 r--p 0000a000 08:02 2621662                    /lib/x86_64-linux-gnu/libnss_files-2.21.so
7f38ff38e000-7f38ff38f000 rw-p 0000b000 08:02 2621662                    /lib/x86_64-linux-gnu/libnss_files-2.21.so
7f38ff38f000-7f38ff39a000 r-xp 00000000 08:02 2623427                    /lib/x86_64-linux-gnu/libnss_nis-2.21.so
7f38ff39a000-7f38ff599000 ---p 0000b000 08:02 2623427                    /lib/x86_64-linux-gnu/libnss_nis-2.21.so
7f38ff599000-7f38ff59a000 r--p 0000a000 08:02 2623427                    /lib/x86_64-linux-gnu/libnss_nis-2.21.so
7f38ff59a000-7f38ff59b000 rw-p 0000b000 08:02 2623427                    /lib/x86_64-linux-gnu/libnss_nis-2.21.so
7f38ff59b000-7f38ff5b2000 r-xp 00000000 08:02 2623430                    /lib/x86_64-linux-gnu/libnsl-2.21.so
7f38ff5b2000-7f38ff7b1000 ---p 00017000 08:02 2623430                    /lib/x86_64-linux-gnu/libnsl-2.21.so
7f38ff7b1000-7f38ff7b2000 r--p 00016000 08:02 2623430                    /lib/x86_64-linux-gnu/libnsl-2.21.so
7f38ff7b2000-7f38ff7b3000 rw-p 00017000 08:02 2623430                    /lib/x86_64-linux-gnu/libnsl-2.21.so
7f38ff7b3000-7f38ff7b5000 rw-p 00000000 00:00 0 
7f38ff7b5000-7f38ff7bd000 r-xp 00000000 08:02 2622662                    /lib/x86_64-linux-gnu/libnss_compat-2.21.so
7f38ff7bd000-7f38ff9bc000 ---p 00008000 08:02 2622662                    /lib/x86_64-linux-gnu/libnss_compat-2.21.so
7f38ff9bc000-7f38ff9bd000 r--p 00007000 08:02 2622662                    /lib/x86_64-linux-gnu/libnss_compat-2.21.so
7f38ff9bd000-7f38ff9be000 rw-p 00008000 08:02 2622662                    /lib/x86_64-linux-gnu/libnss_compat-2.21.so
7f38ff9be000-7f38ff9e9000 r-xp 00000000 08:02 200024                     /usr/lib/jvm/java-8-oracle/jre/lib/amd64/libjava.so
7f38ff9e9000-7f38ffbe8000 ---p 0002b000 08:02 200024                     /usr/lib/jvm/java-8-oracle/jre/lib/amd64/libjava.so
7f38ffbe8000-7f38ffbea000 rw-p 0002a000 08:02 200024                     /usr/lib/jvm/java-8-oracle/jre/lib/amd64/libjava.so
7f38ffbea000-7f38ffbf7000 r-xp 00000000 08:02 199975                     /usr/lib/jvm/java-8-oracle/jre/lib/amd64/libverify.so
7f38ffbf7000-7f38ffdf6000 ---p 0000d000 08:02 199975                     /usr/lib/jvm/java-8-oracle/jre/lib/amd64/libverify.so
7f38ffdf6000-7f38ffdf8000 rw-p 0000c000 08:02 199975                     /usr/lib/jvm/java-8-oracle/jre/lib/amd64/libverify.so
7f38ffdf8000-7f38ffdff000 r-xp 00000000 08:02 2621663                    /lib/x86_64-linux-gnu/librt-2.21.so
7f38ffdff000-7f38ffffe000 ---p 00007000 08:02 2621663                    /lib/x86_64-linux-gnu/librt-2.21.so
7f38ffffe000-7f38fffff000 r--p 00006000 08:02 2621663                    /lib/x86_64-linux-gnu/librt-2.21.so
7f38fffff000-7f3900000000 rw-p 00007000 08:02 2621663                    /lib/x86_64-linux-gnu/librt-2.21.so
7f3900000000-7f3900bbf000 rw-p 00000000 00:00 0 
7f3900bbf000-7f3904000000 ---p 00000000 00:00 0 
7f3904000000-7f3904002000 r--s 00009000 08:02 3394375                    /home/ankit/Downloads/android-studio/gradle/gradle-2.14.1/lib/gradle-native-2.14.1.jar
7f3904002000-7f3904004000 r--s 00005000 08:02 3394376                    /home/ankit/Downloads/android-studio/gradle/gradle-2.14.1/lib/gradle-cli-2.14.1.jar
7f3904004000-7f3904053000 rw-p 00000000 00:00 0 
7f3904053000-7f390415a000 r-xp 00000000 08:02 2623271                    /lib/x86_64-linux-gnu/libm-2.21.so
7f390415a000-7f3904359000 ---p 00107000 08:02 2623271                    /lib/x86_64-linux-gnu/libm-2.21.so
7f3904359000-7f390435a000 r--p 00106000 08:02 2623271                    /lib/x86_64-linux-gnu/libm-2.21.so
7f390435a000-7f390435b000 rw-p 00107000 08:02 2623271                    /lib/x86_64-linux-gnu/libm-2.21.so
7f390435b000-7f3905028000 r-xp 00000000 08:02 200028                     /usr/lib/jvm/java-8-oracle/jre/lib/amd64/server/libjvm.so
7f3905028000-7f3905227000 ---p 00ccd000 08:02 200028                     /usr/lib/jvm/java-8-oracle/jre/lib/amd64/server/libjvm.so
7f3905227000-7f3905300000 rw-p 00ccc000 08:02 200028                     /usr/lib/jvm/java-8-oracle/jre/lib/amd64/server/libjvm.so
7f3905300000-7f390534b000 rw-p 00000000 00:00 0 
7f390534b000-7f390550b000 r-xp 00000000 08:02 2623433                    /lib/x86_64-linux-gnu/libc-2.21.so
7f390550b000-7f390570b000 ---p 001c0000 08:02 2623433                    /lib/x86_64-linux-gnu/libc-2.21.so
7f390570b000-7f390570f000 r--p 001c0000 08:02 2623433                    /lib/x86_64-linux-gnu/libc-2.21.so
7f390570f000-7f3905711000 rw-p 001c4000 08:02 2623433                    /lib/x86_64-linux-gnu/libc-2.21.so
7f3905711000-7f3905715000 rw-p 00000000 00:00 0 
7f3905715000-7f3905718000 r-xp 00000000 08:02 2623420                    /lib/x86_64-linux-gnu/libdl-2.21.so
7f3905718000-7f3905917000 ---p 00003000 08:02 2623420                    /lib/x86_64-linux-gnu/libdl-2.21.so
7f3905917000-7f3905918000 r--p 00002000 08:02 2623420                    /lib/x86_64-linux-gnu/libdl-2.21.so
7f3905918000-7f3905919000 rw-p 00003000 08:02 2623420                    /lib/x86_64-linux-gnu/libdl-2.21.so
7f3905919000-7f390592e000 r-xp 00000000 08:02 158504                     /usr/lib/jvm/java-8-oracle/lib/amd64/jli/libjli.so
7f390592e000-7f3905b2e000 ---p 00015000 08:02 158504                     /usr/lib/jvm/java-8-oracle/lib/amd64/jli/libjli.so
7f3905b2e000-7f3905b2f000 rw-p 00015000 08:02 158504                     /usr/lib/jvm/java-8-oracle/lib/amd64/jli/libjli.so
7f3905b2f000-7f3905b47000 r-xp 00000000 08:02 2623413                    /lib/x86_64-linux-gnu/libpthread-2.21.so
7f3905b47000-7f3905d47000 ---p 00018000 08:02 2623413                    /lib/x86_64-linux-gnu/libpthread-2.21.so
7f3905d47000-7f3905d48000 r--p 00018000 08:02 2623413                    /lib/x86_64-linux-gnu/libpthread-2.21.so
7f3905d48000-7f3905d49000 rw-p 00019000 08:02 2623413                    /lib/x86_64-linux-gnu/libpthread-2.21.so
7f3905d49000-7f3905d4d000 rw-p 00000000 00:00 0 
7f3905d4d000-7f3905d71000 r-xp 00000000 08:02 2623431                    /lib/x86_64-linux-gnu/ld-2.21.so
7f3905d71000-7f3905d72000 r--s 00002000 08:02 3394398                    /home/ankit/Downloads/android-studio/gradle/gradle-2.14.1/lib/native-platform-osx-i386-0.10.jar
7f3905d72000-7f3905d74000 r--s 00007000 08:02 3394353                    /home/ankit/Downloads/android-studio/gradle/gradle-2.14.1/lib/gradle-model-groovy-2.14.1.jar
7f3905d74000-7f3905d75000 r--s 00006000 08:02 3394370                    /home/ankit/Downloads/android-studio/gradle/gradle-2.14.1/lib/gradle-base-services-groovy-2.14.1.jar
7f3905d75000-7f3905d76000 r--s 00002000 08:02 3394360                    /home/ankit/Downloads/android-studio/gradle/gradle-2.14.1/lib/gradle-docs-2.14.1.jar
7f3905d76000-7f3905d77000 r--s 00000000 08:02 3394406                    /home/ankit/Downloads/android-studio/gradle/gradle-2.14.1/lib/javax.inject-1.jar
7f3905d77000-7f3905d78000 r--s 00000000 08:02 3394388                    /home/ankit/Downloads/android-studio/gradle/gradle-2.14.1/lib/jcip-annotations-1.0.jar
7f3905d78000-7f3905d7c000 r--s 00027000 08:02 3394396                    /home/ankit/Downloads/android-studio/gradle/gradle-2.14.1/lib/commons-io-2.2.jar
7f3905d7c000-7f3905d81000 r--s 00038000 08:02 3394363                    /home/ankit/Downloads/android-studio/gradle/gradle-2.14.1/lib/asm-all-5.1.jar
7f3905d81000-7f3905d82000 r--s 00001000 08:02 3394374                    /home/ankit/Downloads/android-studio/gradle/gradle-2.14.1/lib/gradle-process-services-2.14.1.jar
7f3905d82000-7f3905d83000 r--s 00000000 08:02 3394345                    /home/ankit/Downloads/android-studio/gradle/gradle-2.14.1/lib/gradle-jvm-services-2.14.1.jar
7f3905d83000-7f3905d88000 r--s 00041000 08:02 3394392                    /home/ankit/Downloads/android-studio/gradle/gradle-2.14.1/lib/commons-lang-2.6.jar
7f3905d88000-7f3905e4a000 rw-p 00000000 00:00 0 
7f3905e4a000-7f3905e4d000 ---p 00000000 00:00 0 
7f3905e4d000-7f3905f4f000 rw-p 00000000 00:00 0 
7f3905f4f000-7f3905f50000 r--s 00007000 08:02 3394386                    /home/ankit/Downloads/android-studio/gradle/gradle-2.14.1/lib/slf4j-api-1.7.10.jar
7f3905f50000-7f3905f51000 r--s 00004000 08:02 3394372                    /home/ankit/Downloads/android-studio/gradle/gradle-2.14.1/lib/ant-launcher-1.9.6.jar
7f3905f51000-7f3905f59000 r--s 0003a000 08:02 3394364                    /home/ankit/Downloads/android-studio/gradle/gradle-2.14.1/lib/gradle-base-services-2.14.1.jar
7f3905f59000-7f3905f64000 r--s 00051000 08:02 3394361                    /home/ankit/Downloads/android-studio/gradle/gradle-2.14.1/lib/gradle-launcher-2.14.1.jar
7f3905f64000-7f3905f6c000 rw-s 00000000 08:02 5033438                    /tmp/hsperfdata_ankit/25293
7f3905f6c000-7f3905f6d000 rw-p 00000000 00:00 0 
7f3905f6d000-7f3905f6e000 ---p 00000000 00:00 0 
7f3905f6e000-7f3905f70000 rw-p 00000000 00:00 0 
7f3905f70000-7f3905f71000 r--p 00023000 08:02 2623431                    /lib/x86_64-linux-gnu/ld-2.21.so
7f3905f71000-7f3905f72000 rw-p 00024000 08:02 2623431                    /lib/x86_64-linux-gnu/ld-2.21.so
7f3905f72000-7f3905f73000 rw-p 00000000 00:00 0 
7ffe96f91000-7ffe96fb2000 rw-p 00000000 00:00 0                          [stack]
7ffe96fbf000-7ffe96fc1000 r--p 00000000 00:00 0                          [vvar]
7ffe96fc1000-7ffe96fc3000 r-xp 00000000 00:00 0                          [vdso]
ffffffffff600000-ffffffffff601000 r-xp 00000000 00:00 0                  [vsyscall]

VM Arguments:
jvm_args: -Xmx1536m -Dfile.encoding=UTF-8 -Duser.country=IN -Duser.language=en -Duser.variant 
java_command: org.gradle.launcher.daemon.bootstrap.GradleDaemon 2.14.1
java_class_path (initial): /home/ankit/Downloads/android-studio/gradle/gradle-2.14.1/lib/gradle-launcher-2.14.1.jar
Launcher Type: SUN_STANDARD

Environment Variables:
JAVA_HOME=/usr/lib/jvm/java-8-oracle
PATH=/usr/local/sbin:/usr/local/bin:/usr/sbin:/usr/bin:/sbin:/bin:/usr/games:/usr/local/games:/usr/lib/jvm/java-8-oracle/bin:/usr/lib/jvm/java-8-oracle/db/bin:/usr/lib/jvm/java-8-oracle/jre/bin
LD_LIBRARY_PATH=Downloads/android-studio/bin:
SHELL=/bin/bash
DISPLAY=:0

Signal Handlers:
SIGSEGV: [libjvm.so+0xac64b0], sa_mask[0]=11111111011111111101111111111110, sa_flags=SA_RESTART|SA_SIGINFO
SIGBUS: [libjvm.so+0xac64b0], sa_mask[0]=11111111011111111101111111111110, sa_flags=SA_RESTART|SA_SIGINFO
SIGFPE: [libjvm.so+0x91f950], sa_mask[0]=11111111011111111101111111111110, sa_flags=SA_RESTART|SA_SIGINFO
SIGPIPE: [libjvm.so+0x91f950], sa_mask[0]=11111111011111111101111111111110, sa_flags=SA_RESTART|SA_SIGINFO
SIGXFSZ: [libjvm.so+0x91f950], sa_mask[0]=11111111011111111101111111111110, sa_flags=SA_RESTART|SA_SIGINFO
SIGILL: [libjvm.so+0x91f950], sa_mask[0]=11111111011111111101111111111110, sa_flags=SA_RESTART|SA_SIGINFO
SIGUSR1: SIG_DFL, sa_mask[0]=00000000000000000000000000000000, sa_flags=none
SIGUSR2: [libjvm.so+0x920f80], sa_mask[0]=00100000000000000000000000000000, sa_flags=SA_RESTART|SA_SIGINFO
SIGHUP: [libjvm.so+0x922380], sa_mask[0]=11111111011111111101111111111110, sa_flags=SA_RESTART|SA_SIGINFO
SIGINT: [libjvm.so+0x922380], sa_mask[0]=11111111011111111101111111111110, sa_flags=SA_RESTART|SA_SIGINFO
SIGTERM: [libjvm.so+0x922380], sa_mask[0]=11111111011111111101111111111110, sa_flags=SA_RESTART|SA_SIGINFO
SIGQUIT: [libjvm.so+0x922380], sa_mask[0]=11111111011111111101111111111110, sa_flags=SA_RESTART|SA_SIGINFO


---------------  S Y S T E M  ---------------

OS:DISTRIB_ID=Ubuntu
DISTRIB_RELEASE=15.10
DISTRIB_CODENAME=wily
DISTRIB_DESCRIPTION="Ubuntu 15.10"

uname:Linux 4.2.0-42-generic #49-Ubuntu SMP Tue Jun 28 21:26:26 UTC 2016 x86_64
libc:glibc 2.21 NPTL 2.21 
rlimit: STACK 8192k, CORE 0k, NPROC 31537, NOFILE 65536, AS infinity
load average:5.27 3.46 2.27

/proc/meminfo:
MemTotal:        8110256 kB
MemFree:          155064 kB
MemAvailable:     122112 kB
Buffers:             936 kB
Cached:           814216 kB
SwapCached:            0 kB
Active:          6967064 kB
Inactive:         745564 kB
Active(anon):    6938568 kB
Inactive(anon):   724108 kB
Active(file):      28496 kB
Inactive(file):    21456 kB
Unevictable:         128 kB
Mlocked:             128 kB
SwapTotal:             0 kB
SwapFree:              0 kB
Dirty:               140 kB
Writeback:             0 kB
AnonPages:       6897608 kB
Mapped:           565092 kB
Shmem:            765196 kB
Slab:             104092 kB
SReclaimable:      53084 kB
SUnreclaim:        51008 kB
KernelStack:       13296 kB
PageTables:        72204 kB
NFS_Unstable:          0 kB
Bounce:                0 kB
WritebackTmp:          0 kB
CommitLimit:     4055128 kB
Committed_AS:   15575808 kB
VmallocTotal:   34359738367 kB
VmallocUsed:      551912 kB
VmallocChunk:   34358423548 kB
HardwareCorrupted:     0 kB
AnonHugePages:   3895296 kB
CmaTotal:              0 kB
CmaFree:               0 kB
HugePages_Total:       0
HugePages_Free:        0
HugePages_Rsvd:        0
HugePages_Surp:        0
Hugepagesize:       2048 kB
DirectMap4k:      244416 kB
DirectMap2M:     7030784 kB
DirectMap1G:     2097152 kB


CPU:total 4 (2 cores per cpu, 2 threads per core) family 6 model 69 stepping 1, cmov, cx8, fxsr, mmx, sse, sse2, sse3, ssse3, sse4.1, sse4.2, popcnt, avx, avx2, aes, clmul, erms, lzcnt, ht, tsc, tscinvbit, bmi1, bmi2

/proc/cpuinfo:
processor	: 0
vendor_id	: GenuineIntel
cpu family	: 6
model		: 69
model name	: Intel(R) Core(TM) i3-4005U CPU @ 1.70GHz
stepping	: 1
microcode	: 0x1c
cpu MHz		: 1689.839
cache size	: 3072 KB
physical id	: 0
siblings	: 4
core id		: 0
cpu cores	: 2
apicid		: 0
initial apicid	: 0
fpu		: yes
fpu_exception	: yes
cpuid level	: 13
wp		: yes
flags		: fpu vme de pse tsc msr pae mce cx8 apic sep mtrr pge mca cmov pat pse36 clflush dts acpi mmx fxsr sse sse2 ss ht tm pbe syscall nx pdpe1gb rdtscp lm constant_tsc arch_perfmon pebs bts rep_good nopl xtopology nonstop_tsc aperfmperf eagerfpu pni pclmulqdq dtes64 monitor ds_cpl vmx est tm2 ssse3 fma cx16 xtpr pdcm pcid sse4_1 sse4_2 movbe popcnt tsc_deadline_timer aes xsave avx f16c rdrand lahf_lm abm ida arat epb pln pts dtherm tpr_shadow vnmi flexpriority ept vpid fsgsbase tsc_adjust bmi1 avx2 smep bmi2 erms invpcid xsaveopt
bugs		:
bogomips	: 3392.32
clflush size	: 64
cache_alignment	: 64
address sizes	: 39 bits physical, 48 bits virtual
power management:

processor	: 1
vendor_id	: GenuineIntel
cpu family	: 6
model		: 69
model name	: Intel(R) Core(TM) i3-4005U CPU @ 1.70GHz
stepping	: 1
microcode	: 0x1c
cpu MHz		: 1698.273
cache size	: 3072 KB
physical id	: 0
siblings	: 4
core id		: 0
cpu cores	: 2
apicid		: 1
initial apicid	: 1
fpu		: yes
fpu_exception	: yes
cpuid level	: 13
wp		: yes
flags		: fpu vme de pse tsc msr pae mce cx8 apic sep mtrr pge mca cmov pat pse36 clflush dts acpi mmx fxsr sse sse2 ss ht tm pbe syscall nx pdpe1gb rdtscp lm constant_tsc arch_perfmon pebs bts rep_good nopl xtopology nonstop_tsc aperfmperf eagerfpu pni pclmulqdq dtes64 monitor ds_cpl vmx est tm2 ssse3 fma cx16 xtpr pdcm pcid sse4_1 sse4_2 movbe popcnt tsc_deadline_timer aes xsave avx f16c rdrand lahf_lm abm ida arat epb pln pts dtherm tpr_shadow vnmi flexpriority ept vpid fsgsbase tsc_adjust bmi1 avx2 smep bmi2 erms invpcid xsaveopt
bugs		:
bogomips	: 3392.32
clflush size	: 64
cache_alignment	: 64
address sizes	: 39 bits physical, 48 bits virtual
power management:

processor	: 2
vendor_id	: GenuineIntel
cpu family	: 6
model		: 69
model name	: Intel(R) Core(TM) i3-4005U CPU @ 1.70GHz
stepping	: 1
microcode	: 0x1c
cpu MHz		: 1690.570
cache size	: 3072 KB
physical id	: 0
siblings	: 4
core id		: 1
cpu cores	: 2
apicid		: 2
initial apicid	: 2
fpu		: yes
fpu_exception	: yes
cpuid level	: 13
wp		: yes
flags		: fpu vme de pse tsc msr pae mce cx8 apic sep mtrr pge mca cmov pat pse36 clflush dts acpi mmx fxsr sse sse2 ss ht tm pbe syscall nx pdpe1gb rdtscp lm constant_tsc arch_perfmon pebs bts rep_good nopl xtopology nonstop_tsc aperfmperf eagerfpu pni pclmulqdq dtes64 monitor ds_cpl vmx est tm2 ssse3 fma cx16 xtpr pdcm pcid sse4_1 sse4_2 movbe popcnt tsc_deadline_timer aes xsave avx f16c rdrand lahf_lm abm ida arat epb pln pts dtherm tpr_shadow vnmi flexpriority ept vpid fsgsbase tsc_adjust bmi1 avx2 smep bmi2 erms invpcid xsaveopt
bugs		:
bogomips	: 3392.32
clflush size	: 64
cache_alignment	: 64
address sizes	: 39 bits physical, 48 bits virtual
power management:

processor	: 3
vendor_id	: GenuineIntel
cpu family	: 6
model		: 69
model name	: Intel(R) Core(TM) i3-4005U CPU @ 1.70GHz
stepping	: 1
microcode	: 0x1c
cpu MHz		: 1699.933
cache size	: 3072 KB
physical id	: 0
siblings	: 4
core id		: 1
cpu cores	: 2
apicid		: 3
initial apicid	: 3
fpu		: yes
fpu_exception	: yes
cpuid level	: 13
wp		: yes
flags		: fpu vme de pse tsc msr pae mce cx8 apic sep mtrr pge mca cmov pat pse36 clflush dts acpi mmx fxsr sse sse2 ss ht tm pbe syscall nx pdpe1gb rdtscp lm constant_tsc arch_perfmon pebs bts rep_good nopl xtopology nonstop_tsc aperfmperf eagerfpu pni pclmulqdq dtes64 monitor ds_cpl vmx est tm2 ssse3 fma cx16 xtpr pdcm pcid sse4_1 sse4_2 movbe popcnt tsc_deadline_timer aes xsave avx f16c rdrand lahf_lm abm ida arat epb pln pts dtherm tpr_shadow vnmi flexpriority ept vpid fsgsbase tsc_adjust bmi1 avx2 smep bmi2 erms invpcid xsaveopt
bugs		:
bogomips	: 3392.32
clflush size	: 64
cache_alignment	: 64
address sizes	: 39 bits physical, 48 bits virtual
power management:



Memory: 4k page, physical 8110256k(155064k free), swap 0k(0k free)

vm_info: Java HotSpot(TM) 64-Bit Server VM (25.111-b14) for linux-amd64 JRE (1.8.0_111-b14), built on Sep 22 2016 16:14:03 by "java_re" with gcc 4.3.0 20080428 (Red Hat 4.3.0-8)

time: Tue Dec 20 20:59:47 2016
elapsed time: 198 seconds (0d 0h 3m 18s)

