#
# There is insufficient memory for the Java Runtime Environment to continue.
# Native memory allocation (mmap) failed to map 73924608 bytes for committing reserved memory.
# Possible reasons:
#   The system is out of physical RAM or swap space
#   In 32 bit mode, the process size limit was hit
# Possible solutions:
#   Reduce memory load on the system
#   Increase physical memory or swap space
#   Check if swap backing store is full
#   Use 64 bit Java on a 64 bit OS
#   Decrease Java heap size (-Xmx/-Xms)
#   Decrease number of Java threads
#   Decrease Java thread stack sizes (-Xss)
#   Set larger code cache with -XX:ReservedCodeCacheSize=
# This output file may be truncated or incomplete.
#
#  Out of Memory Error (os_linux.cpp:2627), pid=10636, tid=0x00007f138f6d5700
#
# JRE version: Java(TM) SE Runtime Environment (8.0_101-b13) (build 1.8.0_101-b13)
# Java VM: Java HotSpot(TM) 64-Bit Server VM (25.101-b13 mixed mode linux-amd64 compressed oops)
# Failed to write core dump. Core dumps have been disabled. To enable core dumping, try "ulimit -c unlimited" before starting Java again
#

---------------  T H R E A D  ---------------

Current thread (0x00007f13ac078000):  VMThread [stack: 0x00007f138f5d5000,0x00007f138f6d6000] [id=10644]

Stack: [0x00007f138f5d5000,0x00007f138f6d6000],  sp=0x00007f138f6d43a0,  free space=1020k
Native frames: (J=compiled Java code, j=interpreted, Vv=VM code, C=native code)
V  [libjvm.so+0xac3f0a]  VMError::report_and_die()+0x2ba
V  [libjvm.so+0x4fbf9b]  report_vm_out_of_memory(char const*, int, unsigned long, VMErrorType, char const*)+0x8b
V  [libjvm.so+0x9222d3]  os::Linux::commit_memory_impl(char*, unsigned long, bool)+0x103
V  [libjvm.so+0x922829]  os::pd_commit_memory(char*, unsigned long, unsigned long, bool)+0x29
V  [libjvm.so+0x91cb2a]  os::commit_memory(char*, unsigned long, unsigned long, bool)+0x2a
V  [libjvm.so+0x991053]  PSVirtualSpace::expand_by(unsigned long)+0x53
V  [libjvm.so+0x981920]  PSOldGen::expand(unsigned long)+0x170
V  [libjvm.so+0x981b2b]  PSOldGen::resize(unsigned long)+0x1cb
V  [libjvm.so+0x989821]  PSParallelCompact::invoke_no_policy(bool)+0x991
V  [libjvm.so+0x98f17d]  PSScavenge::invoke()+0x1ad
V  [libjvm.so+0x945fc0]  ParallelScavengeHeap::failed_mem_allocate(unsigned long)+0x70
V  [libjvm.so+0xac5927]  VM_ParallelGCFailedAllocation::doit()+0x97
V  [libjvm.so+0xacd405]  VM_Operation::evaluate()+0x55
V  [libjvm.so+0xacb7da]  VMThread::evaluate_operation(VM_Operation*)+0xba
V  [libjvm.so+0xacbb5e]  VMThread::loop()+0x1ce
V  [libjvm.so+0xacbfd0]  VMThread::run()+0x70
V  [libjvm.so+0x924698]  java_start(Thread*)+0x108

VM_Operation (0x00007f133e4d6350): ParallelGCFailedAllocation, mode: safepoint, requested by thread 0x00007f134d042800


---------------  P R O C E S S  ---------------

Java Threads: ( => current thread )
  0x00007f1334069000 JavaThread "pool-5-thread-4" [_thread_blocked, id=10682, stack(0x00007f133dbcc000,0x00007f133dccd000)]
  0x00007f1334067000 JavaThread "pool-5-thread-3" [_thread_blocked, id=10681, stack(0x00007f133dccd000,0x00007f133ddce000)]
  0x00007f1334065800 JavaThread "pool-5-thread-2" [_thread_blocked, id=10680, stack(0x00007f133ddce000,0x00007f133decf000)]
  0x00007f1334063800 JavaThread "pool-6-thread-1" [_thread_blocked, id=10679, stack(0x00007f133decf000,0x00007f133dfd0000)]
  0x00007f1334062800 JavaThread "pool-5-thread-1" [_thread_blocked, id=10678, stack(0x00007f133dfd0000,0x00007f133e0d1000)]
  0x00007f134d042800 JavaThread "pool-3-thread-1" [_thread_blocked, id=10677, stack(0x00007f133e3d8000,0x00007f133e4d9000)]
  0x00007f134c2e7800 JavaThread "File lock request listener" [_thread_in_native, id=10665, stack(0x00007f138c085000,0x00007f138c186000)]
  0x00007f134caba000 JavaThread "process reaper" daemon [_thread_blocked, id=10664, stack(0x00007f138c186000,0x00007f138c1bf000)]
  0x00007f134c006000 JavaThread "Asynchronous log dispatcher for org.gradle.launcher.daemon.server.DefaultDaemonConnection@335b0836" [_thread_blocked, id=10661, stack(0x00007f138c93a000,0x00007f138ca3b000)]
  0x00007f1350007000 JavaThread "Daemon worker" [_thread_blocked, id=10658, stack(0x00007f138ca3b000,0x00007f138cb3c000)]
  0x00007f135000a800 JavaThread "Cancel handler" [_thread_blocked, id=10657, stack(0x00007f138cb3c000,0x00007f138cc3d000)]
  0x00007f1350003800 JavaThread "Handler for socket connection from /127.0.0.1:39525 to /127.0.0.1:35046" [_thread_in_native, id=10656, stack(0x00007f138cc3d000,0x00007f138cd3e000)]
  0x00007f135c03e800 JavaThread "Daemon" [_thread_blocked, id=10655, stack(0x00007f138cd3e000,0x00007f138ce3f000)]
  0x00007f13ac3b4800 JavaThread "Incoming local TCP Connector on port 39525" [_thread_in_native, id=10654, stack(0x00007f138d046000,0x00007f138d147000)]
  0x00007f13acb44000 JavaThread "pool-1-thread-1" [_thread_blocked, id=10653, stack(0x00007f138d147000,0x00007f138d248000)]
  0x00007f13ac0d3000 JavaThread "Service Thread" daemon [_thread_blocked, id=10651, stack(0x00007f138e7ec000,0x00007f138e8ed000)]
  0x00007f13ac0bd800 JavaThread "C1 CompilerThread2" daemon [_thread_blocked, id=10650, stack(0x00007f138e8ed000,0x00007f138e9ee000)]
  0x00007f13ac0bb800 JavaThread "C2 CompilerThread1" daemon [_thread_blocked, id=10649, stack(0x00007f138e9ee000,0x00007f138eaef000)]
  0x00007f13ac0b9000 JavaThread "C2 CompilerThread0" daemon [_thread_blocked, id=10648, stack(0x00007f138eaef000,0x00007f138ebf0000)]
  0x00007f13ac0b7800 JavaThread "Signal Dispatcher" daemon [_thread_blocked, id=10647, stack(0x00007f138ebf0000,0x00007f138ecf1000)]
  0x00007f13ac084800 JavaThread "Finalizer" daemon [_thread_blocked, id=10646, stack(0x00007f138f3d3000,0x00007f138f4d4000)]
  0x00007f13ac07f800 JavaThread "Reference Handler" daemon [_thread_blocked, id=10645, stack(0x00007f138f4d4000,0x00007f138f5d5000)]
  0x00007f13ac00a000 JavaThread "main" [_thread_blocked, id=10639, stack(0x00007f13b2f7e000,0x00007f13b307f000)]

Other Threads:
=>0x00007f13ac078000 VMThread [stack: 0x00007f138f5d5000,0x00007f138f6d6000] [id=10644]
  0x00007f13ac0d5800 WatcherThread [stack: 0x00007f138e6eb000,0x00007f138e7ec000] [id=10652]

VM state:at safepoint (normal execution)

VM Mutex/Monitor currently owned by a thread:  ([mutex/lock_event])
[0x00007f13ac005bb0] ExpandHeap_lock - owner thread: 0x00007f13ac078000
[0x00007f13ac006230] Threads_lock - owner thread: 0x00007f13ac078000
[0x00007f13ac006730] Heap_lock - owner thread: 0x00007f134d042800

Heap:
 PSYoungGen      total 347648K, used 0K [0x00000000e0000000, 0x00000000ffb00000, 0x0000000100000000)
  eden space 175104K, 0% used [0x00000000e0000000,0x00000000e0000000,0x00000000eab00000)
  from space 172544K, 0% used [0x00000000eab00000,0x00000000eab00000,0x00000000f5380000)
  to   space 168960K, 0% used [0x00000000f5600000,0x00000000f5600000,0x00000000ffb00000)
 ParOldGen       total 976384K, used 727775K [0x00000000a0000000, 0x00000000db980000, 0x00000000e0000000)
  object space 976384K, 74% used [0x00000000a0000000,0x00000000cc6b7e88,0x00000000db980000)
 Metaspace       used 52618K, capacity 53854K, committed 53888K, reserved 1095680K
  class space    used 6993K, capacity 7293K, committed 7296K, reserved 1048576K

Card table byte_map: [0x00007f139c93f000,0x00007f139cc40000] byte_map_base: 0x00007f139c43f000

Marking Bits: (ParMarkBitMap*) 0x00007f13b2452120
 Begin Bits: [0x00007f1395000000, 0x00007f1396800000)
 End Bits:   [0x00007f1396800000, 0x00007f1398000000)

Polling page: 0x00007f13b30a1000

CodeCache: size=245760Kb used=30735Kb max_used=30753Kb free=215024Kb
 bounds [0x00007f139d000000, 0x00007f139ee60000, 0x00007f13ac000000]
 total_blobs=8867 nmethods=8155 adapters=624
 compilation: enabled

Compilation events (10 events):
Event: 70.230 Thread 0x00007f13ac0bb800 nmethod 9880 0x00007f139ea70310 code [0x00007f139ea70500, 0x00007f139ea717d8]
Event: 70.230 Thread 0x00007f13ac0bb800 9878       4       com.android.dx.dex.file.AnnotationUtils::makeSignature (251 bytes)
Event: 70.339 Thread 0x00007f13ac0bb800 nmethod 9878 0x00007f139ee3bd50 code [0x00007f139ee3c000, 0x00007f139ee3dc98]
Event: 70.339 Thread 0x00007f13ac0bb800 9882   !   4       java.util.concurrent.ConcurrentHashMap::transfer (832 bytes)
Event: 70.354 Thread 0x00007f13ac0bd800 9883 %     2       com.android.dx.ssa.SCCP::run @ 133 (298 bytes)
Event: 70.356 Thread 0x00007f13ac0bd800 nmethod 9883% 0x00007f139ee1e990 code [0x00007f139ee1ec40, 0x00007f139ee1f708]
Event: 70.404 Thread 0x00007f13ac0bd800 9885 %     3       com.android.dx.cf.direct.StdAttributeFactory::innerClasses @ 108 (383 bytes)
Event: 70.417 Thread 0x00007f13ac0bd800 nmethod 9885% 0x00007f139ee3f910 code [0x00007f139ee403a0, 0x00007f139ee480a8]
Event: 70.445 Thread 0x00007f13ac0bb800 nmethod 9882 0x00007f139ee4fd10 code [0x00007f139ee4ffa0, 0x00007f139ee51d88]
Event: 70.445 Thread 0x00007f13ac0bb800 9884       4       com.android.dx.ssa.back.FirstFitLocalCombiningAllocator::handleNormalUnassociated (99 bytes)

GC Heap History (10 events):
Event: 67.650 GC heap after
Heap after GC invocations=40 (full 7):
 PSYoungGen      total 349184K, used 134388K [0x00000000e0000000, 0x0000000100000000, 0x0000000100000000)
  eden space 175104K, 0% used [0x00000000e0000000,0x00000000e0000000,0x00000000eab00000)
  from space 174080K, 77% used [0x00000000eab00000,0x00000000f2e3d370,0x00000000f5500000)
  to   space 174592K, 0% used [0x00000000f5580000,0x00000000f5580000,0x0000000100000000)
 ParOldGen       total 976384K, used 699642K [0x00000000a0000000, 0x00000000db980000, 0x00000000e0000000)
  object space 976384K, 71% used [0x00000000a0000000,0x00000000cab3e880,0x00000000db980000)
 Metaspace       used 52616K, capacity 53854K, committed 53888K, reserved 1095680K
  class space    used 6992K, capacity 7293K, committed 7296K, reserved 1048576K
}
Event: 67.914 GC heap before
{Heap before GC invocations=41 (full 7):
 PSYoungGen      total 349184K, used 309492K [0x00000000e0000000, 0x0000000100000000, 0x0000000100000000)
  eden space 175104K, 100% used [0x00000000e0000000,0x00000000eab00000,0x00000000eab00000)
  from space 174080K, 77% used [0x00000000eab00000,0x00000000f2e3d370,0x00000000f5500000)
  to   space 174592K, 0% used [0x00000000f5580000,0x00000000f5580000,0x0000000100000000)
 ParOldGen       total 976384K, used 699642K [0x00000000a0000000, 0x00000000db980000, 0x00000000e0000000)
  object space 976384K, 71% used [0x00000000a0000000,0x00000000cab3e880,0x00000000db980000)
 Metaspace       used 52616K, capacity 53854K, committed 53888K, reserved 1095680K
  class space    used 6992K, capacity 7293K, committed 7296K, reserved 1048576K
Event: 68.252 GC heap after
Heap after GC invocations=41 (full 7):
 PSYoungGen      total 349696K, used 65200K [0x00000000e0000000, 0x0000000100000000, 0x0000000100000000)
  eden space 175104K, 0% used [0x00000000e0000000,0x00000000e0000000,0x00000000eab00000)
  from space 174592K, 37% used [0x00000000f5580000,0x00000000f952c1b8,0x0000000100000000)
  to   space 174592K, 0% used [0x00000000eab00000,0x00000000eab00000,0x00000000f5580000)
 ParOldGen       total 976384K, used 798727K [0x00000000a0000000, 0x00000000db980000, 0x00000000e0000000)
  object space 976384K, 81% used [0x00000000a0000000,0x00000000d0c01d80,0x00000000db980000)
 Metaspace       used 52616K, capacity 53854K, committed 53888K, reserved 1095680K
  class space    used 6992K, capacity 7293K, committed 7296K, reserved 1048576K
}
Event: 68.790 GC heap before
{Heap before GC invocations=42 (full 7):
 PSYoungGen      total 349696K, used 240304K [0x00000000e0000000, 0x0000000100000000, 0x0000000100000000)
  eden space 175104K, 100% used [0x00000000e0000000,0x00000000eab00000,0x00000000eab00000)
  from space 174592K, 37% used [0x00000000f5580000,0x00000000f952c1b8,0x0000000100000000)
  to   space 174592K, 0% used [0x00000000eab00000,0x00000000eab00000,0x00000000f5580000)
 ParOldGen       total 976384K, used 798727K [0x00000000a0000000, 0x00000000db980000, 0x00000000e0000000)
  object space 976384K, 81% used [0x00000000a0000000,0x00000000d0c01d80,0x00000000db980000)
 Metaspace       used 52616K, capacity 53854K, committed 53888K, reserved 1095680K
  class space    used 6992K, capacity 7293K, committed 7296K, reserved 1048576K
Event: 68.895 GC heap after
Heap after GC invocations=42 (full 7):
 PSYoungGen      total 349696K, used 34919K [0x00000000e0000000, 0x0000000100000000, 0x0000000100000000)
  eden space 175104K, 0% used [0x00000000e0000000,0x00000000e0000000,0x00000000eab00000)
  from space 174592K, 20% used [0x00000000eab00000,0x00000000ecd19d40,0x00000000f5580000)
  to   space 174592K, 0% used [0x00000000f5580000,0x00000000f5580000,0x0000000100000000)
 ParOldGen       total 976384K, used 825583K [0x00000000a0000000, 0x00000000db980000, 0x00000000e0000000)
  object space 976384K, 84% used [0x00000000a0000000,0x00000000d263be90,0x00000000db980000)
 Metaspace       used 52616K, capacity 53854K, committed 53888K, reserved 1095680K
  class space    used 6992K, capacity 7293K, committed 7296K, reserved 1048576K
}
Event: 69.694 GC heap before
{Heap before GC invocations=43 (full 7):
 PSYoungGen      total 349696K, used 210023K [0x00000000e0000000, 0x0000000100000000, 0x0000000100000000)
  eden space 175104K, 100% used [0x00000000e0000000,0x00000000eab00000,0x00000000eab00000)
  from space 174592K, 20% used [0x00000000eab00000,0x00000000ecd19d40,0x00000000f5580000)
  to   space 174592K, 0% used [0x00000000f5580000,0x00000000f5580000,0x0000000100000000)
 ParOldGen       total 976384K, used 825583K [0x00000000a0000000, 0x00000000db980000, 0x00000000e0000000)
  object space 976384K, 84% used [0x00000000a0000000,0x00000000d263be90,0x00000000db980000)
 Metaspace       used 52618K, capacity 53854K, committed 53888K, reserved 1095680K
  class space    used 6993K, capacity 7293K, committed 7296K, reserved 1048576K
Event: 69.855 GC heap after
Heap after GC invocations=43 (full 7):
 PSYoungGen      total 345600K, used 26816K [0x00000000e0000000, 0x00000000ffc00000, 0x0000000100000000)
  eden space 175104K, 0% used [0x00000000e0000000,0x00000000e0000000,0x00000000eab00000)
  from space 170496K, 15% used [0x00000000f5580000,0x00000000f6fb0000,0x00000000ffc00000)
  to   space 172544K, 0% used [0x00000000eab00000,0x00000000eab00000,0x00000000f5380000)
 ParOldGen       total 976384K, used 859737K [0x00000000a0000000, 0x00000000db980000, 0x00000000e0000000)
  object space 976384K, 88% used [0x00000000a0000000,0x00000000d4796620,0x00000000db980000)
 Metaspace       used 52618K, capacity 53854K, committed 53888K, reserved 1095680K
  class space    used 6993K, capacity 7293K, committed 7296K, reserved 1048576K
}
Event: 70.516 GC heap before
{Heap before GC invocations=44 (full 7):
 PSYoungGen      total 345600K, used 201920K [0x00000000e0000000, 0x00000000ffc00000, 0x0000000100000000)
  eden space 175104K, 100% used [0x00000000e0000000,0x00000000eab00000,0x00000000eab00000)
  from space 170496K, 15% used [0x00000000f5580000,0x00000000f6fb0000,0x00000000ffc00000)
  to   space 172544K, 0% used [0x00000000eab00000,0x00000000eab00000,0x00000000f5380000)
 ParOldGen       total 976384K, used 859737K [0x00000000a0000000, 0x00000000db980000, 0x00000000e0000000)
  object space 976384K, 88% used [0x00000000a0000000,0x00000000d4796620,0x00000000db980000)
 Metaspace       used 52618K, capacity 53854K, committed 53888K, reserved 1095680K
  class space    used 6993K, capacity 7293K, committed 7296K, reserved 1048576K
Event: 70.664 GC heap after
Heap after GC invocations=44 (full 7):
 PSYoungGen      total 347648K, used 28076K [0x00000000e0000000, 0x00000000ffb00000, 0x0000000100000000)
  eden space 175104K, 0% used [0x00000000e0000000,0x00000000e0000000,0x00000000eab00000)
  from space 172544K, 16% used [0x00000000eab00000,0x00000000ec66b0a8,0x00000000f5380000)
  to   space 168960K, 0% used [0x00000000f5600000,0x00000000f5600000,0x00000000ffb00000)
 ParOldGen       total 976384K, used 885444K [0x00000000a0000000, 0x00000000db980000, 0x00000000e0000000)
  object space 976384K, 90% used [0x00000000a0000000,0x00000000d60b11a0,0x00000000db980000)
 Metaspace       used 52618K, capacity 53854K, committed 53888K, reserved 1095680K
  class space    used 6993K, capacity 7293K, committed 7296K, reserved 1048576K
}
Event: 70.664 GC heap before
{Heap before GC invocations=45 (full 8):
 PSYoungGen      total 347648K, used 28076K [0x00000000e0000000, 0x00000000ffb00000, 0x0000000100000000)
  eden space 175104K, 0% used [0x00000000e0000000,0x00000000e0000000,0x00000000eab00000)
  from space 172544K, 16% used [0x00000000eab00000,0x00000000ec66b0a8,0x00000000f5380000)
  to   space 168960K, 0% used [0x00000000f5600000,0x00000000f5600000,0x00000000ffb00000)
 ParOldGen       total 976384K, used 885444K [0x00000000a0000000, 0x00000000db980000, 0x00000000e0000000)
  object space 976384K, 90% used [0x00000000a0000000,0x00000000d60b11a0,0x00000000db980000)
 Metaspace       used 52618K, capacity 53854K, committed 53888K, reserved 1095680K
  class space    used 6993K, capacity 7293K, committed 7296K, reserved 1048576K

Deoptimization events (10 events):
Event: 66.962 Thread 0x00007f13acb44000 Uncommon trap: reason=class_check action=maybe_recompile pc=0x00007f139e116624 method=java.lang.reflect.Array.newInstance(Ljava/lang/Class;I)Ljava/lang/Object; @ 2
Event: 66.962 Thread 0x00007f13acb44000 Uncommon trap: reason=class_check action=maybe_recompile pc=0x00007f139e116624 method=java.lang.reflect.Array.newInstance(Ljava/lang/Class;I)Ljava/lang/Object; @ 2
Event: 66.962 Thread 0x00007f13acb44000 Uncommon trap: reason=class_check action=maybe_recompile pc=0x00007f139e116624 method=java.lang.reflect.Array.newInstance(Ljava/lang/Class;I)Ljava/lang/Object; @ 2
Event: 66.970 Thread 0x00007f13acb44000 Uncommon trap: reason=speculate_class_check action=maybe_recompile pc=0x00007f139dcf5a88 method=java.util.AbstractList.listIterator()Ljava/util/ListIterator; @ 2
Event: 68.484 Thread 0x00007f1334062800 Uncommon trap: reason=null_check action=make_not_entrant pc=0x00007f139e8eca28 method=com.android.dx.dex.file.TypeIdsSection.intern(Lcom/android/dx/rop/cst/CstType;)Lcom/android/dx/dex/file/TypeIdItem; @ 31
Event: 68.494 Thread 0x00007f1334069000 Uncommon trap: reason=unstable_if action=reinterpret pc=0x00007f139e9fe3ec method=com.android.dx.dex.code.RopToDop.dopFor(Lcom/android/dx/rop/code/Insn;)Lcom/android/dx/dex/code/Dop; @ 747
Event: 68.594 Thread 0x00007f1334067000 Uncommon trap: reason=unstable_if action=reinterpret pc=0x00007f139e9a39d4 method=com.android.dx.ssa.InterferenceRegisterMapper.interferes(III)Z @ 69
Event: 68.722 Thread 0x00007f1334067000 Uncommon trap: reason=unstable_if action=reinterpret pc=0x00007f139edf4f4c method=com.android.dx.dex.code.RopTranslator.outputBlock(Lcom/android/dx/rop/code/BasicBlock;I)V @ 140
Event: 69.078 Thread 0x00007f1334062800 Uncommon trap: reason=unstable_if action=reinterpret pc=0x00007f139ed37c60 method=com.android.dx.ssa.SCCP.replaceBranches()V @ 76
Event: 69.196 Thread 0x00007f1334067000 Uncommon trap: reason=null_check action=make_not_entrant pc=0x00007f139ee03a48 method=com.android.dx.dex.file.MethodIdsSection.intern(Lcom/android/dx/rop/cst/CstBaseMethodRef;)Lcom/android/dx/dex/file/MethodIdItem; @ 26

Internal exceptions (10 events):
Event: 28.725 Thread 0x00007f1350007000 Exception <a 'java/lang/NoSuchMethodError': <clinit>> (0x00000000e4b08548) thrown at [/HUDSON3/workspace/8-2-build-linux-amd64/jdk8u101/7261/hotspot/src/share/vm/prims/jni.cpp, line 1613]
Event: 28.748 Thread 0x00007f1350007000 Exception <a 'java/lang/NoSuchMethodError': <clinit>> (0x00000000e4cdcc90) thrown at [/HUDSON3/workspace/8-2-build-linux-amd64/jdk8u101/7261/hotspot/src/share/vm/prims/jni.cpp, line 1613]
Event: 28.750 Thread 0x00007f1350007000 Exception <a 'java/lang/NoSuchMethodError': <clinit>> (0x00000000e4cf54a0) thrown at [/HUDSON3/workspace/8-2-build-linux-amd64/jdk8u101/7261/hotspot/src/share/vm/prims/jni.cpp, line 1613]
Event: 28.751 Thread 0x00007f1350007000 Exception <a 'java/lang/NoSuchMethodError': <clinit>> (0x00000000e4cf69b8) thrown at [/HUDSON3/workspace/8-2-build-linux-amd64/jdk8u101/7261/hotspot/src/share/vm/prims/jni.cpp, line 1613]
Event: 32.201 Thread 0x00007f1334067000 Implicit null exception at 0x00007f139e6557e5 to 0x00007f139e6563c1
Event: 32.926 Thread 0x00007f1334067000 Implicit null exception at 0x00007f139e72268d to 0x00007f139e722869
Event: 38.065 Thread 0x00007f1334069000 Implicit null exception at 0x00007f139ead3d58 to 0x00007f139ead455d
Event: 39.752 Thread 0x00007f134d042800 Implicit null exception at 0x00007f139de0c543 to 0x00007f139de0cbb5
Event: 68.484 Thread 0x00007f1334062800 Implicit null exception at 0x00007f139e8ea708 to 0x00007f139e8eca09
Event: 69.196 Thread 0x00007f1334067000 Implicit null exception at 0x00007f139ee01784 to 0x00007f139ee03a3d

Events (10 events):
Event: 70.384 Thread 0x00007f1334069000 DEOPT UNPACKING pc=0x00007f139d047633 sp=0x00007f133dccae90 mode 0
Event: 70.410 Thread 0x00007f1334062800 DEOPT PACKING pc=0x00007f139ea1ecbe sp=0x00007f133e0cf360
Event: 70.410 Thread 0x00007f1334062800 DEOPT UNPACKING pc=0x00007f139d047633 sp=0x00007f133e0cf168 mode 0
Event: 70.452 Thread 0x00007f1334062800 DEOPT PACKING pc=0x00007f139ea0220d sp=0x00007f133e0cedb0
Event: 70.452 Thread 0x00007f1334062800 DEOPT UNPACKING pc=0x00007f139d047633 sp=0x00007f133e0cebb0 mode 0
Event: 70.455 Thread 0x00007f1334065800 DEOPT PACKING pc=0x00007f139e6a871d sp=0x00007f133deccde0
Event: 70.455 Thread 0x00007f1334065800 DEOPT UNPACKING pc=0x00007f139d047633 sp=0x00007f133deccb90 mode 0
Event: 70.497 Thread 0x00007f1334067000 DEOPT PACKING pc=0x00007f139ea0220d sp=0x00007f133ddcbc30
Event: 70.497 Thread 0x00007f1334067000 DEOPT UNPACKING pc=0x00007f139d047633 sp=0x00007f133ddcba30 mode 0
Event: 70.516 Executing VM operation: ParallelGCFailedAllocation


Dynamic libraries:
00400000-00401000 r-xp 00000000 08:02 239483                             /usr/lib/jvm/java-8-oracle/bin/java
00600000-00601000 rw-p 00000000 08:02 239483                             /usr/lib/jvm/java-8-oracle/bin/java
0111a000-0113b000 rw-p 00000000 00:00 0                                  [heap]
a0000000-db980000 rw-p 00000000 00:00 0 
e0000000-ffb00000 rw-p 00000000 00:00 0 
ffb00000-100000000 ---p 00000000 00:00 0 
100000000-100720000 rw-p 00000000 00:00 0 
100720000-140000000 ---p 00000000 00:00 0 
7f1318000000-7f1318039000 rw-p 00000000 00:00 0 
7f1318039000-7f131c000000 ---p 00000000 00:00 0 
7f1320000000-7f132003e000 rw-p 00000000 00:00 0 
7f132003e000-7f1324000000 ---p 00000000 00:00 0 
7f1324000000-7f1324050000 rw-p 00000000 00:00 0 
7f1324050000-7f1328000000 ---p 00000000 00:00 0 
7f1328000000-7f1328048000 rw-p 00000000 00:00 0 
7f1328048000-7f132c000000 ---p 00000000 00:00 0 
7f132c000000-7f132c021000 rw-p 00000000 00:00 0 
7f132c021000-7f1330000000 ---p 00000000 00:00 0 
7f1330000000-7f1330021000 rw-p 00000000 00:00 0 
7f1330021000-7f1334000000 ---p 00000000 00:00 0 
7f1334000000-7f1334217000 rw-p 00000000 00:00 0 
7f1334217000-7f1338000000 ---p 00000000 00:00 0 
7f1338000000-7f1338021000 rw-p 00000000 00:00 0 
7f1338021000-7f133c000000 ---p 00000000 00:00 0 
7f133d9cc000-7f133db4c000 rw-p 00000000 00:00 0 
7f133db4c000-7f133dbcc000 ---p 00000000 00:00 0 
7f133dbcc000-7f133dbcf000 ---p 00000000 00:00 0 
7f133dbcf000-7f133dccd000 rw-p 00000000 00:00 0 
7f133dccd000-7f133dcd0000 ---p 00000000 00:00 0 
7f133dcd0000-7f133ddce000 rw-p 00000000 00:00 0 
7f133ddce000-7f133ddd1000 ---p 00000000 00:00 0 
7f133ddd1000-7f133decf000 rw-p 00000000 00:00 0 
7f133decf000-7f133ded2000 ---p 00000000 00:00 0 
7f133ded2000-7f133dfd0000 rw-p 00000000 00:00 0 
7f133dfd0000-7f133dfd3000 ---p 00000000 00:00 0 
7f133dfd3000-7f133e0d1000 rw-p 00000000 00:00 0 
7f133e0d1000-7f133e1c8000 r--s 009bf000 08:02 4727546                    /home/ankit/Desktop/Evento/app/build/intermediates/transforms/jarMerging/debug/jars/1/1f/combined.jar
7f133e1c8000-7f133e3c8000 rw-p 00000000 00:00 0 
7f133e3d7000-7f133e3d8000 rw-p 00000000 00:00 0 
7f133e3d8000-7f133e3db000 ---p 00000000 00:00 0 
7f133e3db000-7f133e6d9000 rw-p 00000000 00:00 0 
7f133e6d9000-7f133e8d9000 rw-p 00000000 00:00 0 
7f133e8d9000-7f133ead9000 rw-p 00000000 00:00 0 
7f133ead9000-7f133ecd9000 rw-p 00000000 00:00 0 
7f133ecd9000-7f133ecec000 r--s 00345000 08:02 239586                     /usr/lib/jvm/java-8-oracle/jre/lib/resources.jar
7f133ecec000-7f133eeec000 rw-p 00000000 00:00 0 
7f133eeec000-7f133f0ec000 rw-p 00000000 00:00 0 
7f133f0ec000-7f133f2ec000 rw-p 00000000 00:00 0 
7f133f2ec000-7f133f4ec000 rw-p 00000000 00:00 0 
7f133f4ec000-7f133f6ec000 rw-p 00000000 00:00 0 
7f133f6ec000-7f133f717000 r--s 001fc000 08:02 3802331                    /home/ankit/Downloads/android-studio/gradle/m2repository/com/google/guava/guava/18.0/guava-18.0.jar
7f133f717000-7f133f718000 r--s 00001000 08:02 3877617                    /home/ankit/Downloads/android-studio/gradle/m2repository/com/android/tools/annotations/25.2.0/annotations-25.2.0.jar
7f133f718000-7f133f72a000 r--s 000b3000 08:02 3989804                    /home/ankit/Downloads/android-studio/gradle/m2repository/com/android/tools/external/com-intellij/uast/145.597.3/uast-145.597.3.jar
7f133f72a000-7f133f732000 r--s 000a8000 08:02 3753715                    /home/ankit/Downloads/android-studio/gradle/m2repository/com/android/tools/external/lombok/lombok-ast/0.2.3/lombok-ast-0.2.3.jar
7f133f732000-7f133f734000 r--s 0000d000 08:02 3760231                    /home/ankit/Downloads/android-studio/gradle/m2repository/commons-codec/commons-codec/1.4/commons-codec-1.4.jar
7f133f734000-7f133f736000 r--s 0000d000 08:02 3540543                    /home/ankit/Downloads/android-studio/gradle/m2repository/commons-logging/commons-logging/1.1.1/commons-logging-1.1.1.jar
7f133f736000-7f133f73b000 r--s 00028000 08:02 3753367                    /home/ankit/Downloads/android-studio/gradle/m2repository/org/apache/httpcomponents/httpcore/4.1/httpcore-4.1.jar
7f133f73b000-7f133f73f000 r--s 0002f000 08:02 3845228                    /home/ankit/Downloads/android-studio/gradle/m2repository/com/google/jimfs/jimfs/1.1/jimfs-1.1.jar
7f133f73f000-7f133f740000 r--s 00004000 08:02 3753443                    /home/ankit/Downloads/android-studio/gradle/m2repository/com/intellij/annotations/12.0/annotations-12.0.jar
7f133f740000-7f133f744000 r--s 0003b000 08:02 4017281                    /home/ankit/Downloads/android-studio/gradle/m2repository/com/android/tools/lint/lint-api/25.2.0/lint-api-25.2.0.jar
7f133f744000-7f133f74c000 r--s 0004e000 08:02 3753378                    /home/ankit/Downloads/android-studio/gradle/m2repository/org/apache/httpcomponents/httpclient/4.1.1/httpclient-4.1.1.jar
7f133f74c000-7f133f753000 r--s 00053000 08:02 3753390                    /home/ankit/Downloads/android-studio/gradle/m2repository/org/apache/commons/commons-compress/1.8.1/commons-compress-1.8.1.jar
7f133f753000-7f133f953000 rw-p 00000000 00:00 0 
7f133f953000-7f133fb53000 rw-p 00000000 00:00 0 
7f133fb53000-7f133fd53000 rw-p 00000000 00:00 0 
7f133fd53000-7f133fd54000 r--s 00004000 08:02 3713300                    /home/ankit/Downloads/android-studio/gradle/m2repository/org/ow2/asm/asm-analysis/5.0.4/asm-analysis-5.0.4.jar
7f133fd54000-7f133fd55000 r--s 0000a000 08:02 3760193                    /home/ankit/Downloads/android-studio/gradle/m2repository/net/sf/kxml/kxml2/2.3.0/kxml2-2.3.0.jar
7f133fd55000-7f133fd57000 r--s 00005000 08:02 3753358                    /home/ankit/Downloads/android-studio/gradle/m2repository/org/apache/httpcomponents/httpmime/4.1/httpmime-4.1.jar
7f133fd57000-7f133fd5c000 r--s 0002a000 08:02 3753476                    /home/ankit/Downloads/android-studio/gradle/m2repository/com/google/code/gson/gson/2.2.4/gson-2.2.4.jar
7f133fd5c000-7f133fd61000 r--s 0002d000 08:02 4000509                    /home/ankit/Downloads/android-studio/gradle/m2repository/com/android/tools/repository/25.2.0/repository-25.2.0.jar
7f133fd61000-7f133fd62000 r--s 00005000 08:02 3941528                    /home/ankit/Downloads/android-studio/gradle/m2repository/com/android/tools/dvlib/25.2.0/dvlib-25.2.0.jar
7f133fd62000-7f133fd65000 r--s 00014000 08:02 3835823                    /home/ankit/Downloads/android-studio/gradle/m2repository/com/android/tools/layoutlib/layoutlib-api/25.2.0/layoutlib-api-25.2.0.jar
7f133fd65000-7f133fd6a000 r--s 00058000 08:02 3631976                    /home/ankit/Downloads/android-studio/gradle/m2repository/org/ow2/asm/asm-debug-all/5.0.1/asm-debug-all-5.0.1.jar
7f133fd6a000-7f133fd7a000 r--s 000d6000 08:02 3760205                    /home/ankit/Downloads/android-studio/gradle/m2repository/net/sf/proguard/proguard-base/5.2.1/proguard-base-5.2.1.jar
7f133fd7a000-7f133fd7d000 r--s 00033000 08:02 3753450                    /home/ankit/Downloads/android-studio/gradle/m2repository/com/googlecode/juniversalchardet/juniversalchardet/1.0.3/juniversalchardet-1.0.3.jar
7f133fd7d000-7f133fd81000 r--s 0002a000 08:02 3506651                    /home/ankit/Downloads/android-studio/gradle/m2repository/commons-io/commons-io/2.4/commons-io-2.4.jar
7f133fd81000-7f133fd98000 r--s 00154000 08:02 3787896                    /home/ankit/Downloads/android-studio/gradle/m2repository/org/antlr/antlr4/4.5.3/antlr4-4.5.3.jar
7f133fd98000-7f133fdab000 r--s 00236000 08:02 3779712                    /home/ankit/Downloads/android-studio/gradle/m2repository/org/eclipse/jdt/core/compiler/ecj/4.5.1/ecj-4.5.1.jar
7f133fdab000-7f133fdb2000 r--s 000c3000 08:02 3927174                    /home/ankit/Downloads/android-studio/gradle/m2repository/com/android/tools/lint/lint-checks/25.2.0/lint-checks-25.2.0.jar
7f133fdb2000-7f133fde5000 r--s 00203000 08:02 3753331                    /home/ankit/Downloads/android-studio/gradle/m2repository/org/bouncycastle/bcprov-jdk15on/1.48/bcprov-jdk15on-1.48.jar
7f133fde5000-7f133fdf3000 r--s 00081000 08:02 3753336                    /home/ankit/Downloads/android-studio/gradle/m2repository/org/bouncycastle/bcpkix-jdk15on/1.48/bcpkix-jdk15on-1.48.jar
7f133fdf3000-7f133fe00000 r--s 000ed000 08:02 4009082                    /home/ankit/Downloads/android-studio/gradle/m2repository/com/android/tools/analytics-library/protos/25.2.0/protos-25.2.0.jar
7f133fe00000-7f1340000000 rw-p 00000000 00:00 0 
7f1340000000-7f1340021000 rw-p 00000000 00:00 0 
7f1340021000-7f1344000000 ---p 00000000 00:00 0 
7f1344000000-7f1344021000 rw-p 00000000 00:00 0 
7f1344021000-7f1348000000 ---p 00000000 00:00 0 
7f1348000000-7f1348021000 rw-p 00000000 00:00 0 
7f1348021000-7f134c000000 ---p 00000000 00:00 0 
7f134c000000-7f134d662000 rw-p 00000000 00:00 0 
7f134d662000-7f1350000000 ---p 00000000 00:00 0 
7f1350000000-7f1350021000 rw-p 00000000 00:00 0 
7f1350021000-7f1354000000 ---p 00000000 00:00 0 
7f1354000000-7f1354021000 rw-p 00000000 00:00 0 
7f1354021000-7f1358000000 ---p 00000000 00:00 0 
7f1358000000-7f1358021000 rw-p 00000000 00:00 0 
7f1358021000-7f135c000000 ---p 00000000 00:00 0 
7f135c000000-7f135c071000 rw-p 00000000 00:00 0 
7f135c071000-7f1360000000 ---p 00000000 00:00 0 
7f1360000000-7f1360021000 rw-p 00000000 00:00 0 
7f1360021000-7f1364000000 ---p 00000000 00:00 0 
7f1364000000-7f1364021000 rw-p 00000000 00:00 0 
7f1364021000-7f1368000000 ---p 00000000 00:00 0 
7f1368000000-7f1369baa000 rw-p 00000000 00:00 0 
7f1369baa000-7f136c000000 ---p 00000000 00:00 0 
7f136c000000-7f136d257000 rw-p 00000000 00:00 0 
7f136d257000-7f1370000000 ---p 00000000 00:00 0 
7f1370000000-7f1370021000 rw-p 00000000 00:00 0 
7f1370021000-7f1374000000 ---p 00000000 00:00 0 
7f1374000000-7f1376295000 rw-p 00000000 00:00 0 
7f1376295000-7f1378000000 ---p 00000000 00:00 0 
7f1378000000-7f1378021000 rw-p 00000000 00:00 0 
7f1378021000-7f137c000000 ---p 00000000 00:00 0 
7f137c000000-7f137c021000 rw-p 00000000 00:00 0 
7f137c021000-7f1380000000 ---p 00000000 00:00 0 
7f1380000000-7f1380036000 rw-p 00000000 00:00 0 
7f1380036000-7f1384000000 ---p 00000000 00:00 0 
7f1384000000-7f1384370000 rw-p 00000000 00:00 0 
7f1384370000-7f1388000000 ---p 00000000 00:00 0 
7f1388000000-7f1388146000 rw-p 00000000 00:00 0 
7f1388146000-7f138c000000 ---p 00000000 00:00 0 
7f138c000000-7f138c001000 r--s 00002000 08:02 3845251                    /home/ankit/Downloads/android-studio/gradle/m2repository/com/android/databinding/baseLibrary/2.2.0/baseLibrary-2.2.0.jar
7f138c001000-7f138c003000 r--s 00006000 08:02 3754422                    /home/ankit/Downloads/android-studio/gradle/m2repository/org/ow2/asm/asm-tree/5.0.4/asm-tree-5.0.4.jar
7f138c003000-7f138c005000 r--s 00002000 08:02 3753458                    /home/ankit/Downloads/android-studio/gradle/m2repository/com/squareup/javawriter/2.5.0/javawriter-2.5.0.jar
7f138c005000-7f138c006000 r--s 00002000 08:02 4009078                    /home/ankit/Downloads/android-studio/gradle/m2repository/com/android/tools/analytics-library/tracker/25.2.0/tracker-25.2.0.jar
7f138c006000-7f138c008000 r--s 00003000 08:02 4009086                    /home/ankit/Downloads/android-studio/gradle/m2repository/com/android/tools/analytics-library/shared/25.2.0/shared-25.2.0.jar
7f138c008000-7f138c009000 r--s 00001000 08:02 3753578                    /home/ankit/Downloads/android-studio/gradle/m2repository/com/android/tools/jill/jill-api/0.10.0/jill-api-0.10.0.jar
7f138c009000-7f138c00b000 r--s 00003000 08:02 4024806                    /home/ankit/Downloads/android-studio/gradle/m2repository/com/android/tools/jack/jack-api/0.11.0/jack-api-0.11.0.jar
7f138c00b000-7f138c010000 r--s 0004a000 08:02 3918754                    /home/ankit/Downloads/android-studio/gradle/m2repository/com/android/tools/ddms/ddmlib/25.2.0/ddmlib-25.2.0.jar
7f138c010000-7f138c013000 r--s 00021000 08:02 3910779                    /home/ankit/Downloads/android-studio/gradle/m2repository/com/android/tools/build/manifest-merger/25.2.0/manifest-merger-25.2.0.jar
7f138c013000-7f138c015000 r--s 0001c000 08:02 4031682                    /home/ankit/Downloads/android-studio/gradle/m2repository/com/android/tools/common/25.2.0/common-25.2.0.jar
7f138c015000-7f138c01e000 r--s 00083000 08:02 3885105                    /home/ankit/Downloads/android-studio/gradle/m2repository/com/android/tools/sdk-common/25.2.0/sdk-common-25.2.0.jar
7f138c01e000-7f138c029000 r--s 0008e000 08:02 4024802                    /home/ankit/Downloads/android-studio/gradle/m2repository/com/android/tools/sdklib/25.2.0/sdklib-25.2.0.jar
7f138c029000-7f138c02a000 r--s 00002000 08:02 3894391                    /home/ankit/Downloads/android-studio/gradle/m2repository/com/android/tools/build/builder-test-api/2.2.0/builder-test-api-2.2.0.jar
7f138c02a000-7f138c02d000 r--s 00005000 08:02 3754438                    /home/ankit/Downloads/android-studio/gradle/m2repository/com/android/tools/build/builder-model/2.2.0/builder-model-2.2.0.jar
7f138c02d000-7f138c035000 r--s 0007b000 08:02 3819714                    /home/ankit/Downloads/android-studio/gradle/m2repository/com/google/protobuf/protobuf-java/2.5.0/protobuf-java-2.5.0.jar
7f138c035000-7f138c037000 r--s 0000f000 08:02 4041488                    /home/ankit/Downloads/android-studio/gradle/m2repository/net/sf/jopt-simple/jopt-simple/4.9/jopt-simple-4.9.jar
7f138c037000-7f138c03b000 r--s 0001f000 08:02 3795671                    /home/ankit/Downloads/android-studio/gradle/m2repository/org/jacoco/org.jacoco.report/0.7.5.201505241946/org.jacoco.report-0.7.5.201505241946.jar
7f138c03b000-7f138c03f000 r--s 0001d000 08:02 3787900                    /home/ankit/Downloads/android-studio/gradle/m2repository/org/jacoco/org.jacoco.core/0.7.5.201505241946/org.jacoco.core-0.7.5.201505241946.jar
7f138c03f000-7f138c040000 r--s 00002000 08:02 3760221                    /home/ankit/Downloads/android-studio/gradle/m2repository/net/sf/proguard/proguard-gradle/5.2.1/proguard-gradle-5.2.1.jar
7f138c040000-7f138c042000 r--s 00009000 08:02 3779703                    /home/ankit/Downloads/android-studio/gradle/m2repository/org/ow2/asm/asm-commons/5.0.4/asm-commons-5.0.4.jar
7f138c042000-7f138c044000 r--s 0000c000 08:02 3779709                    /home/ankit/Downloads/android-studio/gradle/m2repository/org/ow2/asm/asm/5.0.4/asm-5.0.4.jar
7f138c044000-7f138c048000 r--s 0002b000 08:02 3853442                    /home/ankit/Downloads/android-studio/gradle/m2repository/com/android/databinding/compilerCommon/2.2.0/compilerCommon-2.2.0.jar
7f138c048000-7f138c049000 r--s 00002000 08:02 3894401                    /home/ankit/Downloads/android-studio/gradle/m2repository/com/android/tools/build/gradle-api/2.2.0/gradle-api-2.2.0.jar
7f138c049000-7f138c04a000 r--s 00000000 08:02 3753573                    /home/ankit/Downloads/android-studio/gradle/m2repository/com/android/tools/build/transform-api/2.0.0-deprecated-use-gradle-api/transform-api-2.0.0-deprecated-use-gradle-api.jar
7f138c04a000-7f138c04f000 r--s 00053000 08:02 4017271                    /home/ankit/Downloads/android-studio/gradle/m2repository/com/android/tools/lint/lint/25.2.0/lint-25.2.0.jar
7f138c04f000-7f138c066000 r--s 0015d000 08:02 3885097                    /home/ankit/Downloads/android-studio/gradle/m2repository/com/android/tools/build/builder/2.2.0/builder-2.2.0.jar
7f138c066000-7f138c083000 r--s 0019c000 08:02 3910782                    /home/ankit/Downloads/android-studio/gradle/m2repository/com/android/tools/build/gradle-core/2.2.0/gradle-core-2.2.0.jar
7f138c083000-7f138c085000 r--s 0000d000 08:02 3802336                    /home/ankit/Downloads/android-studio/gradle/m2repository/com/android/tools/build/gradle/2.2.0/gradle-2.2.0.jar
7f138c085000-7f138c088000 ---p 00000000 00:00 0 
7f138c088000-7f138c186000 rw-p 00000000 00:00 0 
7f138c186000-7f138c189000 ---p 00000000 00:00 0 
7f138c189000-7f138c1bf000 rw-p 00000000 00:00 0 
7f138c1bf000-7f138c1c0000 r--p 00000000 00:00 0 
7f138c1c0000-7f138c3c0000 rw-p 00000000 00:00 0 
7f138c3c0000-7f138c5c0000 rw-p 00000000 00:00 0 
7f138c5c0000-7f138c639000 r--s 010e5000 08:02 158647                     /usr/lib/jvm/java-8-oracle/lib/tools.jar
7f138c639000-7f138c839000 rw-p 00000000 00:00 0 
7f138c839000-7f138c83c000 ---p 00000000 00:00 0 
7f138c83c000-7f138c93a000 rw-p 00000000 00:00 0 
7f138c93a000-7f138c93d000 ---p 00000000 00:00 0 
7f138c93d000-7f138ca3b000 rw-p 00000000 00:00 0 
7f138ca3b000-7f138ca3e000 ---p 00000000 00:00 0 
7f138ca3e000-7f138cb3c000 rw-p 00000000 00:00 0 
7f138cb3c000-7f138cb3f000 ---p 00000000 00:00 0 
7f138cb3f000-7f138cc3d000 rw-p 00000000 00:00 0 
7f138cc3d000-7f138cc40000 ---p 00000000 00:00 0 
7f138cc40000-7f138cd3e000 rw-p 00000000 00:00 0 
7f138cd3e000-7f138cd41000 ---p 00000000 00:00 0 
7f138cd41000-7f138ce3f000 rw-p 00000000 00:00 0 
7f138ce3f000-7f138ce46000 r--s 00000000 08:02 109538                     /usr/lib/x86_64-linux-gnu/gconv/gconv-modules.cache
7f138ce46000-7f138d046000 rw-p 00000000 00:00 0 
7f138d046000-7f138d049000 ---p 00000000 00:00 0 
7f138d049000-7f138d147000 rw-p 00000000 00:00 0 
7f138d147000-7f138d14a000 ---p 00000000 00:00 0 
7f138d14a000-7f138d248000 rw-p 00000000 00:00 0 
7f138d248000-7f138d251000 r-xp 00000000 08:02 253999                     /usr/lib/jvm/java-8-oracle/jre/lib/amd64/libmanagement.so
7f138d251000-7f138d450000 ---p 00009000 08:02 253999                     /usr/lib/jvm/java-8-oracle/jre/lib/amd64/libmanagement.so
7f138d450000-7f138d451000 rw-p 00008000 08:02 253999                     /usr/lib/jvm/java-8-oracle/jre/lib/amd64/libmanagement.so
7f138d451000-7f138d455000 r--s 00097000 08:02 239557                     /usr/lib/jvm/java-8-oracle/jre/lib/jsse.jar
7f138d455000-7f138d457000 r--s 00007000 08:02 3402085                    /home/ankit/Downloads/android-studio/gradle/gradle-2.14.1/lib/plugins/gradle-tooling-api-builders-2.14.1.jar
7f138d457000-7f138d45a000 r--s 00008000 08:02 3402081                    /home/ankit/Downloads/android-studio/gradle/gradle-2.14.1/lib/plugins/gradle-testing-native-2.14.1.jar
7f138d45a000-7f138d45c000 r--s 00009000 08:02 3402371                    /home/ankit/Downloads/android-studio/gradle/gradle-2.14.1/lib/plugins/hamcrest-core-1.3.jar
7f138d45c000-7f138d462000 r--s 00033000 08:02 3402325                    /home/ankit/Downloads/android-studio/gradle/gradle-2.14.1/lib/plugins/snakeyaml-1.6.jar
7f138d462000-7f138d464000 r--s 00006000 08:02 3402336                    /home/ankit/Downloads/android-studio/gradle/gradle-2.14.1/lib/plugins/jcommander-1.12.jar
7f138d464000-7f138d469000 r--s 00040000 08:02 3402324                    /home/ankit/Downloads/android-studio/gradle/gradle-2.14.1/lib/plugins/bsh-2.0b4.jar
7f138d469000-7f138d472000 r--s 00089000 08:02 3402339                    /home/ankit/Downloads/android-studio/gradle/gradle-2.14.1/lib/plugins/testng-6.3.1.jar
7f138d472000-7f138d47a000 r--s 00045000 08:02 3402343                    /home/ankit/Downloads/android-studio/gradle/gradle-2.14.1/lib/plugins/junit-4.12.jar
7f138d47a000-7f138d480000 r--s 0002e000 08:02 3402091                    /home/ankit/Downloads/android-studio/gradle/gradle-2.14.1/lib/plugins/gradle-testing-jvm-2.14.1.jar
7f138d480000-7f138d485000 r--s 00015000 08:02 3402095                    /home/ankit/Downloads/android-studio/gradle/gradle-2.14.1/lib/plugins/gradle-testing-base-2.14.1.jar
7f138d485000-7f138d486000 r--s 00002000 08:02 3402342                    /home/ankit/Downloads/android-studio/gradle/gradle-2.14.1/lib/plugins/sonar-batch-bootstrapper-2.9.jar
7f138d486000-7f138d489000 r--s 00015000 08:02 3402090                    /home/ankit/Downloads/android-studio/gradle/gradle-2.14.1/lib/plugins/gradle-sonar-2.14.1.jar
7f138d489000-7f138d490000 r--s 00038000 08:02 3402356                    /home/ankit/Downloads/android-studio/gradle/gradle-2.14.1/lib/plugins/bcpg-jdk15on-1.51.jar
7f138d490000-7f138d492000 r--s 0000d000 08:02 3402293                    /home/ankit/Downloads/android-studio/gradle/gradle-2.14.1/lib/plugins/gradle-signing-2.14.1.jar
7f138d492000-7f138d495000 r--s 00009000 08:02 3402099                    /home/ankit/Downloads/android-studio/gradle/gradle-2.14.1/lib/plugins/gradle-scala-2.14.1.jar
7f138d495000-7f138d496000 r--s 00004000 08:02 3402295                    /home/ankit/Downloads/android-studio/gradle/gradle-2.14.1/lib/plugins/gradle-resources-sftp-2.14.1.jar
7f138d496000-7f138d4a6000 r--s 00088000 08:02 3402329                    /home/ankit/Downloads/android-studio/gradle/gradle-2.14.1/lib/plugins/joda-time-2.8.2.jar
7f138d4a6000-7f138d4b7000 r--s 000cf000 08:02 3402375                    /home/ankit/Downloads/android-studio/gradle/gradle-2.14.1/lib/plugins/jackson-databind-2.3.2.jar
7f138d4b7000-7f138d4b9000 r--s 00007000 08:02 3402352                    /home/ankit/Downloads/android-studio/gradle/gradle-2.14.1/lib/plugins/jackson-annotations-2.3.2.jar
7f138d4b9000-7f138d4bc000 r--s 0002e000 08:02 3402358                    /home/ankit/Downloads/android-studio/gradle/gradle-2.14.1/lib/plugins/jackson-core-2.3.2.jar
7f138d4bc000-7f138d4c7000 r--s 0006b000 08:02 3402381                    /home/ankit/Downloads/android-studio/gradle/gradle-2.14.1/lib/plugins/aws-java-sdk-core-1.9.19.jar
7f138d4c7000-7f138d4cd000 r--s 00036000 08:02 3402351                    /home/ankit/Downloads/android-studio/gradle/gradle-2.14.1/lib/plugins/aws-java-sdk-kms-1.9.19.jar
7f138d4cd000-7f138d4d8000 r--s 00079000 08:02 3402341                    /home/ankit/Downloads/android-studio/gradle/gradle-2.14.1/lib/plugins/aws-java-sdk-s3-1.9.19.jar
7f138d4d8000-7f138d4d9000 r--s 00003000 08:02 3402305                    /home/ankit/Downloads/android-studio/gradle/gradle-2.14.1/lib/plugins/gradle-resources-s3-2.14.1.jar
7f138d4d9000-7f138d4db000 r--s 00005000 08:02 3402370                    /home/ankit/Downloads/android-studio/gradle/gradle-2.14.1/lib/plugins/jatl-0.2.2.jar
7f138d4db000-7f138d4dd000 r--s 0000f000 08:02 3402311                    /home/ankit/Downloads/android-studio/gradle/gradle-2.14.1/lib/plugins/gradle-reporting-2.14.1.jar
7f138d4dd000-7f138d4df000 r--s 00002000 08:02 3402252                    /home/ankit/Downloads/android-studio/gradle/gradle-2.14.1/lib/plugins/gradle-publish-2.14.1.jar
7f138d4df000-7f138d4e1000 r--s 00009000 08:02 3402334                    /home/ankit/Downloads/android-studio/gradle/gradle-2.14.1/lib/plugins/commons-cli-1.2.jar
7f138d4e1000-7f138d4e7000 r--s 00033000 08:02 3402098                    /home/ankit/Downloads/android-studio/gradle/gradle-2.14.1/lib/plugins/gradle-plugins-2.14.1.jar
7f138d4e7000-7f138d4e9000 r--s 00007000 08:02 3402083                    /home/ankit/Downloads/android-studio/gradle/gradle-2.14.1/lib/plugins/gradle-plugin-development-2.14.1.jar
7f138d4e9000-7f138d4ef000 r--s 0002a000 08:02 3402292                    /home/ankit/Downloads/android-studio/gradle/gradle-2.14.1/lib/plugins/gradle-platform-play-2.14.1.jar
7f138d4ef000-7f138d4fc000 r--s 0004d000 08:02 3402291                    /home/ankit/Downloads/android-studio/gradle/gradle-2.14.1/lib/plugins/gradle-platform-native-2.14.1.jar
7f138d4fc000-7f138d500000 r--s 0001a000 08:02 3402304                    /home/ankit/Downloads/android-studio/gradle/gradle-2.14.1/lib/plugins/gradle-platform-jvm-2.14.1.jar
7f138d500000-7f138d507000 r--s 00029000 08:02 3402097                    /home/ankit/Downloads/android-studio/gradle/gradle-2.14.1/lib/plugins/gradle-platform-base-2.14.1.jar
7f138d507000-7f138d528000 r--s 001c3000 08:02 3402322                    /home/ankit/Downloads/android-studio/gradle/gradle-2.14.1/lib/plugins/bndlib-2.4.0.jar
7f138d528000-7f138d52a000 r--s 00003000 08:02 3402306                    /home/ankit/Downloads/android-studio/gradle/gradle-2.14.1/lib/plugins/gradle-osgi-2.14.1.jar
7f138d52a000-7f138d52d000 r--s 0000c000 08:02 3402378                    /home/ankit/Downloads/android-studio/gradle/gradle-2.14.1/lib/plugins/pmaven-groovy-0.8-20100325.jar
7f138d52d000-7f138d52e000 r--s 00004000 08:02 3402369                    /home/ankit/Downloads/android-studio/gradle/gradle-2.14.1/lib/plugins/pmaven-common-0.8-20100325.jar
7f138d52e000-7f138d534000 r--s 00022000 08:02 3402096                    /home/ankit/Downloads/android-studio/gradle/gradle-2.14.1/lib/plugins/gradle-maven-2.14.1.jar
7f138d534000-7f138d536000 r--s 0000a000 08:02 3402088                    /home/ankit/Downloads/android-studio/gradle/gradle-2.14.1/lib/plugins/gradle-language-scala-2.14.1.jar
7f138d536000-7f138d53c000 r--s 0001a000 08:02 3402092                    /home/ankit/Downloads/android-studio/gradle/gradle-2.14.1/lib/plugins/gradle-language-native-2.14.1.jar
7f138d53c000-7f138d53e000 r--s 00008000 08:02 3402084                    /home/ankit/Downloads/android-studio/gradle/gradle-2.14.1/lib/plugins/gradle-language-jvm-2.14.1.jar
7f138d53e000-7f138d544000 r--s 00024000 08:02 3402300                    /home/ankit/Downloads/android-studio/gradle/gradle-2.14.1/lib/plugins/gradle-language-java-2.14.1.jar
7f138d544000-7f138d546000 r--s 0000a000 08:02 3402290                    /home/ankit/Downloads/android-studio/gradle/gradle-2.14.1/lib/plugins/gradle-language-groovy-2.14.1.jar
7f138d546000-7f138d549000 r--s 0001e000 08:02 3402319                    /home/ankit/Downloads/android-studio/gradle/gradle-2.14.1/lib/plugins/jsp-api-2.1-6.1.14.jar
7f138d549000-7f138d56c000 r--s 00344000 08:02 3402353                    /home/ankit/Downloads/android-studio/gradle/gradle-2.14.1/lib/plugins/core-3.1.1.jar
7f138d56c000-7f138d56d000 r--s 00006000 08:02 3402376                    /home/ankit/Downloads/android-studio/gradle/gradle-2.14.1/lib/plugins/jetty-naming-6.1.25.jar
7f138d56d000-7f138d56e000 r--s 00002000 08:02 3402349                    /home/ankit/Downloads/android-studio/gradle/gradle-2.14.1/lib/plugins/geronimo-annotation_1.0_spec-1.0.jar
7f138d56e000-7f138d570000 r--s 00002000 08:02 3402373                    /home/ankit/Downloads/android-studio/gradle/gradle-2.14.1/lib/plugins/jetty-annotations-6.1.25.jar
7f138d570000-7f138d581000 r--s 000ea000 08:02 3402379                    /home/ankit/Downloads/android-studio/gradle/gradle-2.14.1/lib/plugins/jsp-2.1-6.1.14.jar
7f138d581000-7f138d583000 r--s 0000d000 08:02 3402354                    /home/ankit/Downloads/android-studio/gradle/gradle-2.14.1/lib/plugins/jetty-plus-6.1.25.jar
7f138d583000-7f138d585000 r--s 0001f000 08:02 3402385                    /home/ankit/Downloads/android-studio/gradle/gradle-2.14.1/lib/plugins/servlet-api-2.5-20081211.jar
7f138d585000-7f138d589000 r--s 00028000 08:02 3402337                    /home/ankit/Downloads/android-studio/gradle/gradle-2.14.1/lib/plugins/jetty-util-6.1.25.jar
7f138d589000-7f138d590000 r--s 0007d000 08:02 3402344                    /home/ankit/Downloads/android-studio/gradle/gradle-2.14.1/lib/plugins/jetty-6.1.25.jar
7f138d590000-7f138d592000 r--s 00009000 08:02 3402309                    /home/ankit/Downloads/android-studio/gradle/gradle-2.14.1/lib/plugins/gradle-jetty-2.14.1.jar
7f138d592000-7f138d599000 r--s 00035000 08:02 3402382                    /home/ankit/Downloads/android-studio/gradle/gradle-2.14.1/lib/plugins/simple-4.1.21.jar
7f138d599000-7f138d5a5000 r--s 00100000 08:02 3402330                    /home/ankit/Downloads/android-studio/gradle/gradle-2.14.1/lib/plugins/rhino-1.7R3.jar
7f138d5a5000-7f138d5a9000 r--s 00011000 08:02 3402297                    /home/ankit/Downloads/android-studio/gradle/gradle-2.14.1/lib/plugins/gradle-javascript-2.14.1.jar
7f138d5a9000-7f138d5ab000 r--s 0000c000 08:02 3402317                    /home/ankit/Downloads/android-studio/gradle/gradle-2.14.1/lib/plugins/gradle-jacoco-2.14.1.jar
7f138d5ab000-7f138d5ae000 r--s 0000e000 08:02 3402316                    /home/ankit/Downloads/android-studio/gradle/gradle-2.14.1/lib/plugins/gradle-ivy-2.14.1.jar
7f138d5ae000-7f138d5af000 r--s 00002000 08:02 3402313                    /home/ankit/Downloads/android-studio/gradle/gradle-2.14.1/lib/plugins/gradle-ide-play-2.14.1.jar
7f138d5af000-7f138d5b4000 r--s 0002b000 08:02 3402310                    /home/ankit/Downloads/android-studio/gradle/gradle-2.14.1/lib/plugins/gradle-ide-native-2.14.1.jar
7f138d5b4000-7f138d5bf000 r--s 00066000 08:02 3402089                    /home/ankit/Downloads/android-studio/gradle/gradle-2.14.1/lib/plugins/gradle-ide-2.14.1.jar
7f138d5bf000-7f138d5c0000 r--s 00008000 08:02 3402087                    /home/ankit/Downloads/android-studio/gradle/gradle-2.14.1/lib/plugins/gradle-ear-2.14.1.jar
7f138d5c0000-7f138d5c6000 r--s 00032000 08:02 3402094                    /home/ankit/Downloads/android-studio/gradle/gradle-2.14.1/lib/plugins/gradle-diagnostics-2.14.1.jar
7f138d5c6000-7f138d5ca000 r--s 00021000 08:02 3402312                    /home/ankit/Downloads/android-studio/gradle/gradle-2.14.1/lib/plugins/gradle-code-quality-2.14.1.jar
7f138d5ca000-7f138d5ce000 r--s 0001f000 08:02 3402093                    /home/ankit/Downloads/android-studio/gradle/gradle-2.14.1/lib/plugins/gradle-build-init-2.14.1.jar
7f138d5ce000-7f138d5d5000 r--s 0008e000 08:02 3402314                    /home/ankit/Downloads/android-studio/gradle/gradle-2.14.1/lib/plugins/gradle-build-comparison-2.14.1.jar
7f138d5d5000-7f138d5d7000 r--s 00008000 08:02 3402302                    /home/ankit/Downloads/android-studio/gradle/gradle-2.14.1/lib/plugins/gradle-antlr-2.14.1.jar
7f138d5d7000-7f138d5d9000 r--s 00004000 08:02 3402315                    /home/ankit/Downloads/android-studio/gradle/gradle-2.14.1/lib/plugins/gradle-announce-2.14.1.jar
7f138d5d9000-7f138d5f1000 r--s 00115000 08:02 3402347                    /home/ankit/Downloads/android-studio/gradle/gradle-2.14.1/lib/plugins/xercesImpl-2.9.1.jar
7f138d5f1000-7f138d5f9000 r--s 00028000 08:02 3402366                    /home/ankit/Downloads/android-studio/gradle/gradle-2.14.1/lib/plugins/xml-apis-1.3.04.jar
7f138d5f9000-7f138d5ff000 r--s 0005b000 08:02 3402359                    /home/ankit/Downloads/android-studio/gradle/gradle-2.14.1/lib/plugins/jcifs-1.3.17.jar
7f138d5ff000-7f138d606000 r--s 00049000 08:02 3402296                    /home/ankit/Downloads/android-studio/gradle/gradle-2.14.1/lib/plugins/httpcore-4.4.4.jar
7f138d606000-7f138d60c000 r--s 00033000 08:02 3402328                    /home/ankit/Downloads/android-studio/gradle/gradle-2.14.1/lib/plugins/commons-codec-1.6.jar
7f138d60c000-7f138d60f000 r--s 0001c000 08:02 3402326                    /home/ankit/Downloads/android-studio/gradle/gradle-2.14.1/lib/plugins/nekohtml-1.9.14.jar
7f138d60f000-7f138d61c000 r--s 000a4000 08:02 3402307                    /home/ankit/Downloads/android-studio/gradle/gradle-2.14.1/lib/plugins/httpclient-4.4.1.jar
7f138d61c000-7f138d61e000 r--s 0000a000 08:02 3402082                    /home/ankit/Downloads/android-studio/gradle/gradle-2.14.1/lib/plugins/gradle-resources-http-2.14.1.jar
7f138d61e000-7f138d622000 r--s 00014000 08:02 3402294                    /home/ankit/Downloads/android-studio/gradle/gradle-2.14.1/lib/plugins/gradle-plugin-use-2.14.1.jar
7f138d622000-7f138d623000 r--s 00000000 08:02 3394352                    /home/ankit/Downloads/android-studio/gradle/gradle-2.14.1/lib/gradle-installation-beacon-2.14.1.jar
7f138d623000-7f138d624000 r--s 00007000 08:02 3402335                    /home/ankit/Downloads/android-studio/gradle/gradle-2.14.1/lib/plugins/wagon-http-shared4-2.4.jar
7f138d624000-7f138d628000 r--s 00033000 08:02 3402372                    /home/ankit/Downloads/android-studio/gradle/gradle-2.14.1/lib/plugins/plexus-utils-2.0.6.jar
7f138d628000-7f138d62c000 r--s 00021000 08:02 3402361                    /home/ankit/Downloads/android-studio/gradle/gradle-2.14.1/lib/plugins/maven-model-builder-3.0.4.jar
7f138d62c000-7f138d62d000 r--s 00002000 08:02 3402327                    /home/ankit/Downloads/android-studio/gradle/gradle-2.14.1/lib/plugins/wagon-file-2.4.jar
7f138d62d000-7f138d62f000 r--s 00002000 08:02 3402368                    /home/ankit/Downloads/android-studio/gradle/gradle-2.14.1/lib/plugins/plexus-cipher-1.7.jar
7f138d62f000-7f138d632000 r--s 00013000 08:02 3402384                    /home/ankit/Downloads/android-studio/gradle/gradle-2.14.1/lib/plugins/aether-api-1.13.1.jar
7f138d632000-7f138d634000 r--s 0000a000 08:02 3402338                    /home/ankit/Downloads/android-studio/gradle/gradle-2.14.1/lib/plugins/maven-settings-3.0.4.jar
7f138d634000-7f138d636000 r--s 0000d000 08:02 3402362                    /home/ankit/Downloads/android-studio/gradle/gradle-2.14.1/lib/plugins/plexus-interpolation-1.14.jar
7f138d636000-7f138d638000 r--s 0000b000 08:02 3402377                    /home/ankit/Downloads/android-studio/gradle/gradle-2.14.1/lib/plugins/maven-artifact-3.0.4.jar
7f138d638000-7f138d63f000 r--s 0002e000 08:02 3402332                    /home/ankit/Downloads/android-studio/gradle/gradle-2.14.1/lib/plugins/plexus-container-default-1.5.5.jar
7f138d63f000-7f138d641000 r--s 0000b000 08:02 3402355                    /home/ankit/Downloads/android-studio/gradle/gradle-2.14.1/lib/plugins/maven-plugin-api-3.0.4.jar
7f138d641000-7f138d643000 r--s 00000000 08:02 3402357                    /home/ankit/Downloads/android-studio/gradle/gradle-2.14.1/lib/plugins/plexus-component-annotations-1.5.5.jar
7f138d643000-7f138d649000 r--s 0003f000 08:02 3402363                    /home/ankit/Downloads/android-studio/gradle/gradle-2.14.1/lib/plugins/maven-compat-3.0.4.jar
7f138d649000-7f138d64c000 r--s 00008000 08:02 3402345                    /home/ankit/Downloads/android-studio/gradle/gradle-2.14.1/lib/plugins/maven-settings-builder-3.0.4.jar
7f138d64c000-7f138d64e000 r--s 00026000 08:02 3402383                    /home/ankit/Downloads/android-studio/gradle/gradle-2.14.1/lib/plugins/maven-model-3.0.4.jar
7f138d64e000-7f138d650000 r--s 00006000 08:02 3402374                    /home/ankit/Downloads/android-studio/gradle/gradle-2.14.1/lib/plugins/aether-connector-wagon-1.13.1.jar
7f138d650000-7f138d652000 r--s 0000a000 08:02 3402333                    /home/ankit/Downloads/android-studio/gradle/gradle-2.14.1/lib/plugins/plexus-classworlds-2.4.jar
7f138d652000-7f138d654000 r--s 00006000 08:02 3402364                    /home/ankit/Downloads/android-studio/gradle/gradle-2.14.1/lib/plugins/maven-repository-metadata-3.0.4.jar
7f138d654000-7f138d656000 r--s 0000c000 08:02 3402348                    /home/ankit/Downloads/android-studio/gradle/gradle-2.14.1/lib/plugins/maven-aether-provider-3.0.4.jar
7f138d656000-7f138d658000 r--s 0000b000 08:02 3402340                    /home/ankit/Downloads/android-studio/gradle/gradle-2.14.1/lib/plugins/wagon-provider-api-2.4.jar
7f138d658000-7f138d65c000 r--s 0001c000 08:02 3402380                    /home/ankit/Downloads/android-studio/gradle/gradle-2.14.1/lib/plugins/aether-util-1.13.1.jar
7f138d65c000-7f138d65f000 r--s 0001d000 08:02 3402360                    /home/ankit/Downloads/android-studio/gradle/gradle-2.14.1/lib/plugins/aether-impl-1.13.1.jar
7f138d65f000-7f138d664000 r--s 00040000 08:02 3402321                    /home/ankit/Downloads/android-studio/gradle/gradle-2.14.1/lib/plugins/jsch-0.1.53.jar
7f138d664000-7f138d6a4000 r--s 00277000 08:02 3402323                    /home/ankit/Downloads/android-studio/gradle/gradle-2.14.1/lib/plugins/bcprov-jdk15on-1.51.jar
7f138d6a4000-7f138d6a8000 r--s 0001d000 08:02 3402350                    /home/ankit/Downloads/android-studio/gradle/gradle-2.14.1/lib/plugins/xbean-reflect-3.4.jar
7f138d6a8000-7f138d6b4000 r--s 0007d000 08:02 3402367                    /home/ankit/Downloads/android-studio/gradle/gradle-2.14.1/lib/plugins/maven-core-3.0.4.jar
7f138d6b4000-7f138d6b9000 r--s 0002a000 08:02 3402346                    /home/ankit/Downloads/android-studio/gradle/gradle-2.14.1/lib/plugins/gson-2.2.4.jar
7f138d6b9000-7f138d6c8000 r--s 000d9000 08:02 3402331                    /home/ankit/Downloads/android-studio/gradle/gradle-2.14.1/lib/plugins/ivy-2.2.0.jar
7f138d6c8000-7f138d6de000 r-xp 00000000 08:02 2624314                    /lib/x86_64-linux-gnu/libgcc_s.so.1
7f138d6de000-7f138d8dd000 ---p 00016000 08:02 2624314                    /lib/x86_64-linux-gnu/libgcc_s.so.1
7f138d8dd000-7f138d8de000 r--p 00015000 08:02 2624314                    /lib/x86_64-linux-gnu/libgcc_s.so.1
7f138d8de000-7f138d8df000 rw-p 00016000 08:02 2624314                    /lib/x86_64-linux-gnu/libgcc_s.so.1
7f138d8df000-7f138da52000 r-xp 00000000 08:02 61223                      /usr/lib/x86_64-linux-gnu/libstdc++.so.6.0.21
7f138da52000-7f138dc51000 ---p 00173000 08:02 61223                      /usr/lib/x86_64-linux-gnu/libstdc++.so.6.0.21
7f138dc51000-7f138dc5b000 r--p 00172000 08:02 61223                      /usr/lib/x86_64-linux-gnu/libstdc++.so.6.0.21
7f138dc5b000-7f138dc5d000 rw-p 0017c000 08:02 61223                      /usr/lib/x86_64-linux-gnu/libstdc++.so.6.0.21
7f138dc5d000-7f138dc61000 rw-p 00000000 00:00 0 
7f138dc61000-7f138dc62000 r--s 00002000 08:02 3402318                    /home/ankit/Downloads/android-studio/gradle/gradle-2.14.1/lib/plugins/wagon-http-2.4.jar
7f138dc62000-7f138dc63000 r--s 00003000 08:02 3402320                    /home/ankit/Downloads/android-studio/gradle/gradle-2.14.1/lib/plugins/aether-spi-1.13.1.jar
7f138dc63000-7f138dc64000 r--s 00006000 08:02 3402365                    /home/ankit/Downloads/android-studio/gradle/gradle-2.14.1/lib/plugins/plexus-sec-dispatcher-1.3.jar
7f138dc64000-7f138dc80000 r--s 000d3000 08:02 3402161                    /home/ankit/Downloads/android-studio/gradle/gradle-2.14.1/lib/plugins/gradle-dependency-management-2.14.1.jar
7f138dc80000-7f138dc84000 r-xp 00000000 08:02 3391672                    /home/ankit/.gradle/native/19/linux-amd64/libnative-platform.so
7f138dc84000-7f138de83000 ---p 00004000 08:02 3391672                    /home/ankit/.gradle/native/19/linux-amd64/libnative-platform.so
7f138de83000-7f138de84000 rw-p 00003000 08:02 3391672                    /home/ankit/.gradle/native/19/linux-amd64/libnative-platform.so
7f138de84000-7f138de95000 r-xp 00000000 08:02 253988                     /usr/lib/jvm/java-8-oracle/jre/lib/amd64/libnio.so
7f138de95000-7f138e094000 ---p 00011000 08:02 253988                     /usr/lib/jvm/java-8-oracle/jre/lib/amd64/libnio.so
7f138e094000-7f138e095000 rw-p 00010000 08:02 253988                     /usr/lib/jvm/java-8-oracle/jre/lib/amd64/libnio.so
7f138e095000-7f138e396000 rw-p 00000000 00:00 0 
7f138e396000-7f138e3ac000 r-xp 00000000 08:02 253965                     /usr/lib/jvm/java-8-oracle/jre/lib/amd64/libnet.so
7f138e3ac000-7f138e5ac000 ---p 00016000 08:02 253965                     /usr/lib/jvm/java-8-oracle/jre/lib/amd64/libnet.so
7f138e5ac000-7f138e5ad000 rw-p 00016000 08:02 253965                     /usr/lib/jvm/java-8-oracle/jre/lib/amd64/libnet.so
7f138e5ad000-7f138e5af000 r--s 00005000 08:02 3394358                    /home/ankit/Downloads/android-studio/gradle/gradle-2.14.1/lib/gradle-wrapper-2.14.1.jar
7f138e5af000-7f138e5bd000 r--s 0004f000 08:02 3394344                    /home/ankit/Downloads/android-studio/gradle/gradle-2.14.1/lib/gradle-tooling-api-2.14.1.jar
7f138e5bd000-7f138e5bf000 r--s 00002000 08:02 3394350                    /home/ankit/Downloads/android-studio/gradle/gradle-2.14.1/lib/gradle-open-api-2.14.1.jar
7f138e5bf000-7f138e5c5000 r--s 00032000 08:02 3394400                    /home/ankit/Downloads/android-studio/gradle/gradle-2.14.1/lib/jaxen-1.1.jar
7f138e5c5000-7f138e5ca000 r--s 00048000 08:02 3394380                    /home/ankit/Downloads/android-studio/gradle/gradle-2.14.1/lib/dom4j-1.6.1.jar
7f138e5ca000-7f138e5d5000 r--s 00059000 08:02 3394373                    /home/ankit/Downloads/android-studio/gradle/gradle-2.14.1/lib/gradle-ui-2.14.1.jar
7f138e5d5000-7f138e5d8000 r--s 0000b000 08:02 3394378                    /home/ankit/Downloads/android-studio/gradle/gradle-2.14.1/lib/gradle-resources-2.14.1.jar
7f138e5d8000-7f138e5da000 r--s 00003000 08:02 3394402                    /home/ankit/Downloads/android-studio/gradle/gradle-2.14.1/lib/jcl-over-slf4j-1.7.10.jar
7f138e5da000-7f138e5dc000 r--s 00000000 08:02 3394404                    /home/ankit/Downloads/android-studio/gradle/gradle-2.14.1/lib/jul-to-slf4j-1.7.10.jar
7f138e5dc000-7f138e5e1000 r--s 0001c000 08:02 3394356                    /home/ankit/Downloads/android-studio/gradle/gradle-2.14.1/lib/gradle-logging-2.14.1.jar
7f138e5e1000-7f138e5e3000 r--s 00007000 08:02 3394403                    /home/ankit/Downloads/android-studio/gradle/gradle-2.14.1/lib/objenesis-1.2.jar
7f138e5e3000-7f138e5e5000 r--s 00000000 08:02 3394383                    /home/ankit/Downloads/android-studio/gradle/gradle-2.14.1/lib/minlog-1.2.jar
7f138e5e5000-7f138e5e9000 r--s 00026000 08:02 3394395                    /home/ankit/Downloads/android-studio/gradle/gradle-2.14.1/lib/kryo-2.20.jar
7f138e5e9000-7f138e5ef000 r--s 00025000 08:02 3394347                    /home/ankit/Downloads/android-studio/gradle/gradle-2.14.1/lib/gradle-messaging-2.14.1.jar
7f138e5ef000-7f138e5fe000 r--s 00080000 08:02 3394371                    /home/ankit/Downloads/android-studio/gradle/gradle-2.14.1/lib/gradle-model-core-2.14.1.jar
7f138e5fe000-7f138e66d000 r--s 0063e000 08:02 3394407                    /home/ankit/Downloads/android-studio/gradle/gradle-2.14.1/lib/groovy-all-2.4.4.jar
7f138e66d000-7f138e695000 r--s 001cf000 08:02 3394387                    /home/ankit/Downloads/android-studio/gradle/gradle-2.14.1/lib/guava-jdk5-17.0.jar
7f138e695000-7f138e6b4000 r--s 001d1000 08:02 3394357                    /home/ankit/Downloads/android-studio/gradle/gradle-2.14.1/lib/ant-1.9.6.jar
7f138e6b4000-7f138e6eb000 r--s 001bd000 08:02 3394359                    /home/ankit/Downloads/android-studio/gradle/gradle-2.14.1/lib/gradle-core-2.14.1.jar
7f138e6eb000-7f138e6ec000 ---p 00000000 00:00 0 
7f138e6ec000-7f138e7ec000 rw-p 00000000 00:00 0 
7f138e7ec000-7f138e7ef000 ---p 00000000 00:00 0 
7f138e7ef000-7f138e8ed000 rw-p 00000000 00:00 0 
7f138e8ed000-7f138e8f0000 ---p 00000000 00:00 0 
7f138e8f0000-7f138e9ee000 rw-p 00000000 00:00 0 
7f138e9ee000-7f138e9f1000 ---p 00000000 00:00 0 
7f138e9f1000-7f138eaef000 rw-p 00000000 00:00 0 
7f138eaef000-7f138eaf2000 ---p 00000000 00:00 0 
7f138eaf2000-7f138ebf0000 rw-p 00000000 00:00 0 
7f138ebf0000-7f138ebf3000 ---p 00000000 00:00 0 
7f138ebf3000-7f138ecf1000 rw-p 00000000 00:00 0 
7f138ecf1000-7f138f3d3000 r--p 00000000 08:02 59247                      /usr/lib/locale/locale-archive
7f138f3d3000-7f138f3d6000 ---p 00000000 00:00 0 
7f138f3d6000-7f138f4d4000 rw-p 00000000 00:00 0 
7f138f4d4000-7f138f4d7000 ---p 00000000 00:00 0 
7f138f4d7000-7f138f5d5000 rw-p 00000000 00:00 0 
7f138f5d5000-7f138f5d6000 ---p 00000000 00:00 0 
7f138f5d6000-7f1390000000 rw-p 00000000 00:00 0 
7f1390000000-7f139002d000 rw-p 00000000 00:00 0 
7f139002d000-7f1394000000 ---p 00000000 00:00 0 
7f1394000000-7f1394627000 rw-p 00000000 00:00 0 
7f1394627000-7f1394800000 r--s 03d29000 08:02 239567                     /usr/lib/jvm/java-8-oracle/jre/lib/rt.jar
7f1394800000-7f1398000000 rw-p 00000000 00:00 0 
7f1398000000-7f1398021000 rw-p 00000000 00:00 0 
7f1398021000-7f139c000000 ---p 00000000 00:00 0 
7f139c000000-7f139c001000 r--s 00005000 08:02 3394397                    /home/ankit/Downloads/android-studio/gradle/gradle-2.14.1/lib/log4j-over-slf4j-1.7.10.jar
7f139c001000-7f139c003000 r--s 0000f000 08:02 3394389                    /home/ankit/Downloads/android-studio/gradle/gradle-2.14.1/lib/reflectasm-1.07-shaded.jar
7f139c003000-7f139c004000 r--s 00003000 08:02 3394401                    /home/ankit/Downloads/android-studio/gradle/gradle-2.14.1/lib/native-platform-freebsd-amd64-0.10.jar
7f139c004000-7f139c005000 r--s 00003000 08:02 3394390                    /home/ankit/Downloads/android-studio/gradle/gradle-2.14.1/lib/native-platform-freebsd-i386-0.10.jar
7f139c005000-7f139c006000 r--s 00005000 08:02 3394385                    /home/ankit/Downloads/android-studio/gradle/gradle-2.14.1/lib/native-platform-windows-i386-0.10.jar
7f139c006000-7f139c007000 r--s 00005000 08:02 3394384                    /home/ankit/Downloads/android-studio/gradle/gradle-2.14.1/lib/native-platform-windows-amd64-0.10.jar
7f139c007000-7f139c008000 r--s 00003000 08:02 3394391                    /home/ankit/Downloads/android-studio/gradle/gradle-2.14.1/lib/native-platform-linux-i386-0.10.jar
7f139c008000-7f139c009000 r--s 00003000 08:02 3394382                    /home/ankit/Downloads/android-studio/gradle/gradle-2.14.1/lib/native-platform-linux-amd64-0.10.jar
7f139c009000-7f139c00a000 r--s 00002000 08:02 3394381                    /home/ankit/Downloads/android-studio/gradle/gradle-2.14.1/lib/native-platform-osx-amd64-0.10.jar
7f139c00a000-7f139c00d000 r--s 0000d000 08:02 3394394                    /home/ankit/Downloads/android-studio/gradle/gradle-2.14.1/lib/native-platform-0.10.jar
7f139c00d000-7f139c01a000 r--s 00083000 08:02 3394379                    /home/ankit/Downloads/android-studio/gradle/gradle-2.14.1/lib/commons-collections-3.2.2.jar
7f139c01a000-7f139c33b000 rw-p 00000000 00:00 0 
7f139c33b000-7f139c33c000 ---p 00000000 00:00 0 
7f139c33c000-7f139c43c000 rw-p 00000000 00:00 0 
7f139c43c000-7f139c43d000 ---p 00000000 00:00 0 
7f139c43d000-7f139c53d000 rw-p 00000000 00:00 0 
7f139c53d000-7f139c53e000 ---p 00000000 00:00 0 
7f139c53e000-7f139c63e000 rw-p 00000000 00:00 0 
7f139c63e000-7f139c63f000 ---p 00000000 00:00 0 
7f139c63f000-7f139c91c000 rw-p 00000000 00:00 0 
7f139c91c000-7f139c93f000 ---p 00000000 00:00 0 
7f139c93f000-7f139cb1c000 rw-p 00000000 00:00 0 
7f139cb1c000-7f139cb3f000 ---p 00000000 00:00 0 
7f139cb3f000-7f139cc3d000 rw-p 00000000 00:00 0 
7f139cc3d000-7f139cc3f000 ---p 00000000 00:00 0 
7f139cc3f000-7f139ccba000 rw-p 00000000 00:00 0 
7f139ccba000-7f139d000000 ---p 00000000 00:00 0 
7f139d000000-7f139ee60000 rwxp 00000000 00:00 0 
7f139ee60000-7f13ac000000 ---p 00000000 00:00 0 
7f13ac000000-7f13acbaf000 rw-p 00000000 00:00 0 
7f13acbaf000-7f13b0000000 ---p 00000000 00:00 0 
7f13b0000000-7f13b0002000 r--s 00008000 08:02 3394399                    /home/ankit/Downloads/android-studio/gradle/gradle-2.14.1/lib/jansi-1.2.1.jar
7f13b0002000-7f13b0006000 r--s 000e4000 08:02 3394393                    /home/ankit/Downloads/android-studio/gradle/gradle-2.14.1/lib/jna-3.2.7.jar
7f13b0006000-7f13b0008000 r--s 00009000 08:02 3394375                    /home/ankit/Downloads/android-studio/gradle/gradle-2.14.1/lib/gradle-native-2.14.1.jar
7f13b0008000-7f13b000a000 r--s 00005000 08:02 3394376                    /home/ankit/Downloads/android-studio/gradle/gradle-2.14.1/lib/gradle-cli-2.14.1.jar
7f13b000a000-7f13b00f0000 rw-p 00000000 00:00 0 
7f13b00f0000-7f13b010a000 r-xp 00000000 08:02 253986                     /usr/lib/jvm/java-8-oracle/jre/lib/amd64/libzip.so
7f13b010a000-7f13b030a000 ---p 0001a000 08:02 253986                     /usr/lib/jvm/java-8-oracle/jre/lib/amd64/libzip.so
7f13b030a000-7f13b030b000 rw-p 0001a000 08:02 253986                     /usr/lib/jvm/java-8-oracle/jre/lib/amd64/libzip.so
7f13b030b000-7f13b0315000 r-xp 00000000 08:02 2621662                    /lib/x86_64-linux-gnu/libnss_files-2.21.so
7f13b0315000-7f13b0515000 ---p 0000a000 08:02 2621662                    /lib/x86_64-linux-gnu/libnss_files-2.21.so
7f13b0515000-7f13b0516000 r--p 0000a000 08:02 2621662                    /lib/x86_64-linux-gnu/libnss_files-2.21.so
7f13b0516000-7f13b0517000 rw-p 0000b000 08:02 2621662                    /lib/x86_64-linux-gnu/libnss_files-2.21.so
7f13b0517000-7f13b0522000 r-xp 00000000 08:02 2623427                    /lib/x86_64-linux-gnu/libnss_nis-2.21.so
7f13b0522000-7f13b0721000 ---p 0000b000 08:02 2623427                    /lib/x86_64-linux-gnu/libnss_nis-2.21.so
7f13b0721000-7f13b0722000 r--p 0000a000 08:02 2623427                    /lib/x86_64-linux-gnu/libnss_nis-2.21.so
7f13b0722000-7f13b0723000 rw-p 0000b000 08:02 2623427                    /lib/x86_64-linux-gnu/libnss_nis-2.21.so
7f13b0723000-7f13b073a000 r-xp 00000000 08:02 2623430                    /lib/x86_64-linux-gnu/libnsl-2.21.so
7f13b073a000-7f13b0939000 ---p 00017000 08:02 2623430                    /lib/x86_64-linux-gnu/libnsl-2.21.so
7f13b0939000-7f13b093a000 r--p 00016000 08:02 2623430                    /lib/x86_64-linux-gnu/libnsl-2.21.so
7f13b093a000-7f13b093b000 rw-p 00017000 08:02 2623430                    /lib/x86_64-linux-gnu/libnsl-2.21.so
7f13b093b000-7f13b093d000 rw-p 00000000 00:00 0 
7f13b093d000-7f13b0945000 r-xp 00000000 08:02 2622662                    /lib/x86_64-linux-gnu/libnss_compat-2.21.so
7f13b0945000-7f13b0b44000 ---p 00008000 08:02 2622662                    /lib/x86_64-linux-gnu/libnss_compat-2.21.so
7f13b0b44000-7f13b0b45000 r--p 00007000 08:02 2622662                    /lib/x86_64-linux-gnu/libnss_compat-2.21.so
7f13b0b45000-7f13b0b46000 rw-p 00008000 08:02 2622662                    /lib/x86_64-linux-gnu/libnss_compat-2.21.so
7f13b0b46000-7f13b0b70000 r-xp 00000000 08:02 254012                     /usr/lib/jvm/java-8-oracle/jre/lib/amd64/libjava.so
7f13b0b70000-7f13b0d70000 ---p 0002a000 08:02 254012                     /usr/lib/jvm/java-8-oracle/jre/lib/amd64/libjava.so
7f13b0d70000-7f13b0d72000 rw-p 0002a000 08:02 254012                     /usr/lib/jvm/java-8-oracle/jre/lib/amd64/libjava.so
7f13b0d72000-7f13b0d7f000 r-xp 00000000 08:02 253966                     /usr/lib/jvm/java-8-oracle/jre/lib/amd64/libverify.so
7f13b0d7f000-7f13b0f7f000 ---p 0000d000 08:02 253966                     /usr/lib/jvm/java-8-oracle/jre/lib/amd64/libverify.so
7f13b0f7f000-7f13b0f81000 rw-p 0000d000 08:02 253966                     /usr/lib/jvm/java-8-oracle/jre/lib/amd64/libverify.so
7f13b0f81000-7f13b0f88000 r-xp 00000000 08:02 2621663                    /lib/x86_64-linux-gnu/librt-2.21.so
7f13b0f88000-7f13b1187000 ---p 00007000 08:02 2621663                    /lib/x86_64-linux-gnu/librt-2.21.so
7f13b1187000-7f13b1188000 r--p 00006000 08:02 2621663                    /lib/x86_64-linux-gnu/librt-2.21.so
7f13b1188000-7f13b1189000 rw-p 00007000 08:02 2621663                    /lib/x86_64-linux-gnu/librt-2.21.so
7f13b1189000-7f13b1290000 r-xp 00000000 08:02 2623271                    /lib/x86_64-linux-gnu/libm-2.21.so
7f13b1290000-7f13b148f000 ---p 00107000 08:02 2623271                    /lib/x86_64-linux-gnu/libm-2.21.so
7f13b148f000-7f13b1490000 r--p 00106000 08:02 2623271                    /lib/x86_64-linux-gnu/libm-2.21.so
7f13b1490000-7f13b1491000 rw-p 00107000 08:02 2623271                    /lib/x86_64-linux-gnu/libm-2.21.so
7f13b1491000-7f13b215c000 r-xp 00000000 08:02 254016                     /usr/lib/jvm/java-8-oracle/jre/lib/amd64/server/libjvm.so
7f13b215c000-7f13b235b000 ---p 00ccb000 08:02 254016                     /usr/lib/jvm/java-8-oracle/jre/lib/amd64/server/libjvm.so
7f13b235b000-7f13b2434000 rw-p 00cca000 08:02 254016                     /usr/lib/jvm/java-8-oracle/jre/lib/amd64/server/libjvm.so
7f13b2434000-7f13b247f000 rw-p 00000000 00:00 0 
7f13b247f000-7f13b263f000 r-xp 00000000 08:02 2623433                    /lib/x86_64-linux-gnu/libc-2.21.so
7f13b263f000-7f13b283f000 ---p 001c0000 08:02 2623433                    /lib/x86_64-linux-gnu/libc-2.21.so
7f13b283f000-7f13b2843000 r--p 001c0000 08:02 2623433                    /lib/x86_64-linux-gnu/libc-2.21.so
7f13b2843000-7f13b2845000 rw-p 001c4000 08:02 2623433                    /lib/x86_64-linux-gnu/libc-2.21.so
7f13b2845000-7f13b2849000 rw-p 00000000 00:00 0 
7f13b2849000-7f13b284c000 r-xp 00000000 08:02 2623420                    /lib/x86_64-linux-gnu/libdl-2.21.so
7f13b284c000-7f13b2a4b000 ---p 00003000 08:02 2623420                    /lib/x86_64-linux-gnu/libdl-2.21.so
7f13b2a4b000-7f13b2a4c000 r--p 00002000 08:02 2623420                    /lib/x86_64-linux-gnu/libdl-2.21.so
7f13b2a4c000-7f13b2a4d000 rw-p 00003000 08:02 2623420                    /lib/x86_64-linux-gnu/libdl-2.21.so
7f13b2a4d000-7f13b2a62000 r-xp 00000000 08:02 223773                     /usr/lib/jvm/java-8-oracle/lib/amd64/jli/libjli.so
7f13b2a62000-7f13b2c62000 ---p 00015000 08:02 223773                     /usr/lib/jvm/java-8-oracle/lib/amd64/jli/libjli.so
7f13b2c62000-7f13b2c63000 rw-p 00015000 08:02 223773                     /usr/lib/jvm/java-8-oracle/lib/amd64/jli/libjli.so
7f13b2c63000-7f13b2c7b000 r-xp 00000000 08:02 2623413                    /lib/x86_64-linux-gnu/libpthread-2.21.so
7f13b2c7b000-7f13b2e7b000 ---p 00018000 08:02 2623413                    /lib/x86_64-linux-gnu/libpthread-2.21.so
7f13b2e7b000-7f13b2e7c000 r--p 00018000 08:02 2623413                    /lib/x86_64-linux-gnu/libpthread-2.21.so
7f13b2e7c000-7f13b2e7d000 rw-p 00019000 08:02 2623413                    /lib/x86_64-linux-gnu/libpthread-2.21.so
7f13b2e7d000-7f13b2e81000 rw-p 00000000 00:00 0 
7f13b2e81000-7f13b2ea5000 r-xp 00000000 08:02 2623431                    /lib/x86_64-linux-gnu/ld-2.21.so
7f13b2ea5000-7f13b2ea6000 r--s 00002000 08:02 3394398                    /home/ankit/Downloads/android-studio/gradle/gradle-2.14.1/lib/native-platform-osx-i386-0.10.jar
7f13b2ea6000-7f13b2ea8000 r--s 00007000 08:02 3394353                    /home/ankit/Downloads/android-studio/gradle/gradle-2.14.1/lib/gradle-model-groovy-2.14.1.jar
7f13b2ea8000-7f13b2ea9000 r--s 00006000 08:02 3394370                    /home/ankit/Downloads/android-studio/gradle/gradle-2.14.1/lib/gradle-base-services-groovy-2.14.1.jar
7f13b2ea9000-7f13b2eaa000 r--s 00002000 08:02 3394360                    /home/ankit/Downloads/android-studio/gradle/gradle-2.14.1/lib/gradle-docs-2.14.1.jar
7f13b2eaa000-7f13b2eab000 r--s 00000000 08:02 3394406                    /home/ankit/Downloads/android-studio/gradle/gradle-2.14.1/lib/javax.inject-1.jar
7f13b2eab000-7f13b2eac000 r--s 00000000 08:02 3394388                    /home/ankit/Downloads/android-studio/gradle/gradle-2.14.1/lib/jcip-annotations-1.0.jar
7f13b2eac000-7f13b2eb0000 r--s 00027000 08:02 3394396                    /home/ankit/Downloads/android-studio/gradle/gradle-2.14.1/lib/commons-io-2.2.jar
7f13b2eb0000-7f13b2eb5000 r--s 00038000 08:02 3394363                    /home/ankit/Downloads/android-studio/gradle/gradle-2.14.1/lib/asm-all-5.1.jar
7f13b2eb5000-7f13b2eb6000 r--s 00001000 08:02 3394374                    /home/ankit/Downloads/android-studio/gradle/gradle-2.14.1/lib/gradle-process-services-2.14.1.jar
7f13b2eb6000-7f13b2eb7000 r--s 00000000 08:02 3394345                    /home/ankit/Downloads/android-studio/gradle/gradle-2.14.1/lib/gradle-jvm-services-2.14.1.jar
7f13b2eb7000-7f13b2ebc000 r--s 00041000 08:02 3394392                    /home/ankit/Downloads/android-studio/gradle/gradle-2.14.1/lib/commons-lang-2.6.jar
7f13b2ebc000-7f13b2f7e000 rw-p 00000000 00:00 0 
7f13b2f7e000-7f13b2f81000 ---p 00000000 00:00 0 
7f13b2f81000-7f13b3083000 rw-p 00000000 00:00 0 
7f13b3083000-7f13b3084000 r--s 00007000 08:02 3394386                    /home/ankit/Downloads/android-studio/gradle/gradle-2.14.1/lib/slf4j-api-1.7.10.jar
7f13b3084000-7f13b3085000 r--s 00004000 08:02 3394372                    /home/ankit/Downloads/android-studio/gradle/gradle-2.14.1/lib/ant-launcher-1.9.6.jar
7f13b3085000-7f13b308d000 r--s 0003a000 08:02 3394364                    /home/ankit/Downloads/android-studio/gradle/gradle-2.14.1/lib/gradle-base-services-2.14.1.jar
7f13b308d000-7f13b3098000 r--s 00051000 08:02 3394361                    /home/ankit/Downloads/android-studio/gradle/gradle-2.14.1/lib/gradle-launcher-2.14.1.jar
7f13b3098000-7f13b30a0000 rw-s 00000000 08:02 5030364                    /tmp/hsperfdata_ankit/10636
7f13b30a0000-7f13b30a1000 rw-p 00000000 00:00 0 
7f13b30a1000-7f13b30a2000 ---p 00000000 00:00 0 
7f13b30a2000-7f13b30a4000 rw-p 00000000 00:00 0 
7f13b30a4000-7f13b30a5000 r--p 00023000 08:02 2623431                    /lib/x86_64-linux-gnu/ld-2.21.so
7f13b30a5000-7f13b30a6000 rw-p 00024000 08:02 2623431                    /lib/x86_64-linux-gnu/ld-2.21.so
7f13b30a6000-7f13b30a7000 rw-p 00000000 00:00 0 
7ffff7c0f000-7ffff7c30000 rw-p 00000000 00:00 0                          [stack]
7ffff7c7e000-7ffff7c80000 r--p 00000000 00:00 0                          [vvar]
7ffff7c80000-7ffff7c82000 r-xp 00000000 00:00 0                          [vdso]
ffffffffff600000-ffffffffff601000 r-xp 00000000 00:00 0                  [vsyscall]

VM Arguments:
jvm_args: -Xmx1536m -Dfile.encoding=UTF-8 -Duser.country=IN -Duser.language=en -Duser.variant 
java_command: org.gradle.launcher.daemon.bootstrap.GradleDaemon 2.14.1
java_class_path (initial): /home/ankit/Downloads/android-studio/gradle/gradle-2.14.1/lib/gradle-launcher-2.14.1.jar
Launcher Type: SUN_STANDARD

Environment Variables:
PATH=/usr/local/sbin:/usr/local/bin:/usr/sbin:/usr/bin:/sbin:/bin:/usr/games:/usr/local/games
LD_LIBRARY_PATH=Downloads/android-studio/bin:
SHELL=/bin/bash
DISPLAY=:0

Signal Handlers:
SIGSEGV: [libjvm.so+0xac4790], sa_mask[0]=11111111011111111101111111111110, sa_flags=SA_RESTART|SA_SIGINFO
SIGBUS: [libjvm.so+0xac4790], sa_mask[0]=11111111011111111101111111111110, sa_flags=SA_RESTART|SA_SIGINFO
SIGFPE: [libjvm.so+0x91f140], sa_mask[0]=11111111011111111101111111111110, sa_flags=SA_RESTART|SA_SIGINFO
SIGPIPE: [libjvm.so+0x91f140], sa_mask[0]=11111111011111111101111111111110, sa_flags=SA_RESTART|SA_SIGINFO
SIGXFSZ: [libjvm.so+0x91f140], sa_mask[0]=11111111011111111101111111111110, sa_flags=SA_RESTART|SA_SIGINFO
SIGILL: [libjvm.so+0x91f140], sa_mask[0]=11111111011111111101111111111110, sa_flags=SA_RESTART|SA_SIGINFO
SIGUSR1: SIG_DFL, sa_mask[0]=00000000000000000000000000000000, sa_flags=none
SIGUSR2: [libjvm.so+0x920770], sa_mask[0]=00100000000000000000000000000000, sa_flags=SA_RESTART|SA_SIGINFO
SIGHUP: [libjvm.so+0x921b70], sa_mask[0]=11111111011111111101111111111110, sa_flags=SA_RESTART|SA_SIGINFO
SIGINT: [libjvm.so+0x921b70], sa_mask[0]=11111111011111111101111111111110, sa_flags=SA_RESTART|SA_SIGINFO
SIGTERM: [libjvm.so+0x921b70], sa_mask[0]=11111111011111111101111111111110, sa_flags=SA_RESTART|SA_SIGINFO
SIGQUIT: [libjvm.so+0x921b70], sa_mask[0]=11111111011111111101111111111110, sa_flags=SA_RESTART|SA_SIGINFO


---------------  S Y S T E M  ---------------

OS:DISTRIB_ID=Ubuntu
DISTRIB_RELEASE=15.10
DISTRIB_CODENAME=wily
DISTRIB_DESCRIPTION="Ubuntu 15.10"

uname:Linux 4.2.0-42-generic #49-Ubuntu SMP Tue Jun 28 21:26:26 UTC 2016 x86_64
libc:glibc 2.21 NPTL 2.21 
rlimit: STACK 8192k, CORE 0k, NPROC 31537, NOFILE 65536, AS infinity
load average:4.05 2.08 1.13

/proc/meminfo:
MemTotal:        8110256 kB
MemFree:          133408 kB
MemAvailable:      90156 kB
Buffers:            3488 kB
Cached:           482984 kB
SwapCached:            0 kB
Active:          7286480 kB
Inactive:         432708 kB
Active(anon):    7264404 kB
Inactive(anon):   418376 kB
Active(file):      22076 kB
Inactive(file):    14332 kB
Unevictable:         152 kB
Mlocked:             152 kB
SwapTotal:             0 kB
SwapFree:              0 kB
Dirty:               132 kB
Writeback:             0 kB
AnonPages:       7232960 kB
Mapped:           217816 kB
Shmem:            449972 kB
Slab:             100824 kB
SReclaimable:      46028 kB
SUnreclaim:        54796 kB
KernelStack:       14416 kB
PageTables:        84556 kB
NFS_Unstable:          0 kB
Bounce:                0 kB
WritebackTmp:          0 kB
CommitLimit:     4055128 kB
Committed_AS:   15957992 kB
VmallocTotal:   34359738367 kB
VmallocUsed:      552040 kB
VmallocChunk:   34358423548 kB
HardwareCorrupted:     0 kB
AnonHugePages:   3858432 kB
CmaTotal:              0 kB
CmaFree:               0 kB
HugePages_Total:       0
HugePages_Free:        0
HugePages_Rsvd:        0
HugePages_Surp:        0
Hugepagesize:       2048 kB
DirectMap4k:      291520 kB
DirectMap2M:     8032256 kB
DirectMap1G:     1048576 kB


CPU:total 4 (2 cores per cpu, 2 threads per core) family 6 model 69 stepping 1, cmov, cx8, fxsr, mmx, sse, sse2, sse3, ssse3, sse4.1, sse4.2, popcnt, avx, avx2, aes, clmul, erms, lzcnt, ht, tsc, tscinvbit, bmi1, bmi2

/proc/cpuinfo:
processor	: 0
vendor_id	: GenuineIntel
cpu family	: 6
model		: 69
model name	: Intel(R) Core(TM) i3-4005U CPU @ 1.70GHz
stepping	: 1
microcode	: 0x1c
cpu MHz		: 1697.675
cache size	: 3072 KB
physical id	: 0
siblings	: 4
core id		: 0
cpu cores	: 2
apicid		: 0
initial apicid	: 0
fpu		: yes
fpu_exception	: yes
cpuid level	: 13
wp		: yes
flags		: fpu vme de pse tsc msr pae mce cx8 apic sep mtrr pge mca cmov pat pse36 clflush dts acpi mmx fxsr sse sse2 ss ht tm pbe syscall nx pdpe1gb rdtscp lm constant_tsc arch_perfmon pebs bts rep_good nopl xtopology nonstop_tsc aperfmperf eagerfpu pni pclmulqdq dtes64 monitor ds_cpl vmx est tm2 ssse3 fma cx16 xtpr pdcm pcid sse4_1 sse4_2 movbe popcnt tsc_deadline_timer aes xsave avx f16c rdrand lahf_lm abm ida arat epb pln pts dtherm tpr_shadow vnmi flexpriority ept vpid fsgsbase tsc_adjust bmi1 avx2 smep bmi2 erms invpcid xsaveopt
bugs		:
bogomips	: 3392.00
clflush size	: 64
cache_alignment	: 64
address sizes	: 39 bits physical, 48 bits virtual
power management:

processor	: 1
vendor_id	: GenuineIntel
cpu family	: 6
model		: 69
model name	: Intel(R) Core(TM) i3-4005U CPU @ 1.70GHz
stepping	: 1
microcode	: 0x1c
cpu MHz		: 1700.000
cache size	: 3072 KB
physical id	: 0
siblings	: 4
core id		: 0
cpu cores	: 2
apicid		: 1
initial apicid	: 1
fpu		: yes
fpu_exception	: yes
cpuid level	: 13
wp		: yes
flags		: fpu vme de pse tsc msr pae mce cx8 apic sep mtrr pge mca cmov pat pse36 clflush dts acpi mmx fxsr sse sse2 ss ht tm pbe syscall nx pdpe1gb rdtscp lm constant_tsc arch_perfmon pebs bts rep_good nopl xtopology nonstop_tsc aperfmperf eagerfpu pni pclmulqdq dtes64 monitor ds_cpl vmx est tm2 ssse3 fma cx16 xtpr pdcm pcid sse4_1 sse4_2 movbe popcnt tsc_deadline_timer aes xsave avx f16c rdrand lahf_lm abm ida arat epb pln pts dtherm tpr_shadow vnmi flexpriority ept vpid fsgsbase tsc_adjust bmi1 avx2 smep bmi2 erms invpcid xsaveopt
bugs		:
bogomips	: 3392.00
clflush size	: 64
cache_alignment	: 64
address sizes	: 39 bits physical, 48 bits virtual
power management:

processor	: 2
vendor_id	: GenuineIntel
cpu family	: 6
model		: 69
model name	: Intel(R) Core(TM) i3-4005U CPU @ 1.70GHz
stepping	: 1
microcode	: 0x1c
cpu MHz		: 1700.000
cache size	: 3072 KB
physical id	: 0
siblings	: 4
core id		: 1
cpu cores	: 2
apicid		: 2
initial apicid	: 2
fpu		: yes
fpu_exception	: yes
cpuid level	: 13
wp		: yes
flags		: fpu vme de pse tsc msr pae mce cx8 apic sep mtrr pge mca cmov pat pse36 clflush dts acpi mmx fxsr sse sse2 ss ht tm pbe syscall nx pdpe1gb rdtscp lm constant_tsc arch_perfmon pebs bts rep_good nopl xtopology nonstop_tsc aperfmperf eagerfpu pni pclmulqdq dtes64 monitor ds_cpl vmx est tm2 ssse3 fma cx16 xtpr pdcm pcid sse4_1 sse4_2 movbe popcnt tsc_deadline_timer aes xsave avx f16c rdrand lahf_lm abm ida arat epb pln pts dtherm tpr_shadow vnmi flexpriority ept vpid fsgsbase tsc_adjust bmi1 avx2 smep bmi2 erms invpcid xsaveopt
bugs		:
bogomips	: 3392.00
clflush size	: 64
cache_alignment	: 64
address sizes	: 39 bits physical, 48 bits virtual
power management:

processor	: 3
vendor_id	: GenuineIntel
cpu family	: 6
model		: 69
model name	: Intel(R) Core(TM) i3-4005U CPU @ 1.70GHz
stepping	: 1
microcode	: 0x1c
cpu MHz		: 1700.000
cache size	: 3072 KB
physical id	: 0
siblings	: 4
core id		: 1
cpu cores	: 2
apicid		: 3
initial apicid	: 3
fpu		: yes
fpu_exception	: yes
cpuid level	: 13
wp		: yes
flags		: fpu vme de pse tsc msr pae mce cx8 apic sep mtrr pge mca cmov pat pse36 clflush dts acpi mmx fxsr sse sse2 ss ht tm pbe syscall nx pdpe1gb rdtscp lm constant_tsc arch_perfmon pebs bts rep_good nopl xtopology nonstop_tsc aperfmperf eagerfpu pni pclmulqdq dtes64 monitor ds_cpl vmx est tm2 ssse3 fma cx16 xtpr pdcm pcid sse4_1 sse4_2 movbe popcnt tsc_deadline_timer aes xsave avx f16c rdrand lahf_lm abm ida arat epb pln pts dtherm tpr_shadow vnmi flexpriority ept vpid fsgsbase tsc_adjust bmi1 avx2 smep bmi2 erms invpcid xsaveopt
bugs		:
bogomips	: 3392.00
clflush size	: 64
cache_alignment	: 64
address sizes	: 39 bits physical, 48 bits virtual
power management:



Memory: 4k page, physical 8110256k(133408k free), swap 0k(0k free)

vm_info: Java HotSpot(TM) 64-Bit Server VM (25.101-b13) for linux-amd64 JRE (1.8.0_101-b13), built on Jun 22 2016 02:59:44 by "java_re" with gcc 4.3.0 20080428 (Red Hat 4.3.0-8)

time: Fri Dec 16 12:39:09 2016
elapsed time: 74 seconds (0d 0h 1m 14s)

