#
# There is insufficient memory for the Java Runtime Environment to continue.
# Native memory allocation (mmap) failed to map 204472320 bytes for committing reserved memory.
# Possible reasons:
#   The system is out of physical RAM or swap space
#   In 32 bit mode, the process size limit was hit
# Possible solutions:
#   Reduce memory load on the system
#   Increase physical memory or swap space
#   Check if swap backing store is full
#   Use 64 bit Java on a 64 bit OS
#   Decrease Java heap size (-Xmx/-Xms)
#   Decrease number of Java threads
#   Decrease Java thread stack sizes (-Xss)
#   Set larger code cache with -XX:ReservedCodeCacheSize=
# This output file may be truncated or incomplete.
#
#  Out of Memory Error (os_linux.cpp:2627), pid=26413, tid=0x00007f29cae72700
#
# JRE version: Java(TM) SE Runtime Environment (8.0_111-b14) (build 1.8.0_111-b14)
# Java VM: Java HotSpot(TM) 64-Bit Server VM (25.111-b14 mixed mode linux-amd64 compressed oops)
# Failed to write core dump. Core dumps have been disabled. To enable core dumping, try "ulimit -c unlimited" before starting Java again
#

---------------  T H R E A D  ---------------

Current thread (0x00007f29e4078000):  VMThread [stack: 0x00007f29cad72000,0x00007f29cae73000] [id=26422]

Stack: [0x00007f29cad72000,0x00007f29cae73000],  sp=0x00007f29cae71320,  free space=1020k
Native frames: (J=compiled Java code, j=interpreted, Vv=VM code, C=native code)
V  [libjvm.so+0xac5c2a]  VMError::report_and_die()+0x2ba
V  [libjvm.so+0x4fc50b]  report_vm_out_of_memory(char const*, int, unsigned long, VMErrorType, char const*)+0x8b
V  [libjvm.so+0x922ae3]  os::Linux::commit_memory_impl(char*, unsigned long, bool)+0x103
V  [libjvm.so+0x923039]  os::pd_commit_memory(char*, unsigned long, unsigned long, bool)+0x29
V  [libjvm.so+0x91d33a]  os::commit_memory(char*, unsigned long, unsigned long, bool)+0x2a
V  [libjvm.so+0x991ac3]  PSVirtualSpace::expand_by(unsigned long)+0x53
V  [libjvm.so+0x982380]  PSOldGen::expand(unsigned long)+0x170
V  [libjvm.so+0x98258b]  PSOldGen::resize(unsigned long)+0x1cb
V  [libjvm.so+0x98a291]  PSParallelCompact::invoke_no_policy(bool)+0x991
V  [libjvm.so+0x98fbed]  PSScavenge::invoke()+0x1ad
V  [libjvm.so+0x9467d0]  ParallelScavengeHeap::failed_mem_allocate(unsigned long)+0x70
V  [libjvm.so+0xac7647]  VM_ParallelGCFailedAllocation::doit()+0x97
V  [libjvm.so+0xacf125]  VM_Operation::evaluate()+0x55
V  [libjvm.so+0xacd4fa]  VMThread::evaluate_operation(VM_Operation*)+0xba
V  [libjvm.so+0xacd87e]  VMThread::loop()+0x1ce
V  [libjvm.so+0xacdcf0]  VMThread::run()+0x70
V  [libjvm.so+0x924ea8]  java_start(Thread*)+0x108

VM_Operation (0x00007f297986bd40): ParallelGCFailedAllocation, mode: safepoint, requested by thread 0x00007f296405c000


---------------  P R O C E S S  ---------------

Java Threads: ( => current thread )
  0x00007f2964069800 JavaThread "pool-5-thread-4" [_thread_blocked, id=26453, stack(0x00007f2979369000,0x00007f297946a000)]
  0x00007f2964067800 JavaThread "pool-5-thread-3" [_thread_blocked, id=26452, stack(0x00007f297946a000,0x00007f297956b000)]
  0x00007f2964065800 JavaThread "pool-5-thread-2" [_thread_blocked, id=26451, stack(0x00007f297956b000,0x00007f297966c000)]
  0x00007f2964063800 JavaThread "pool-6-thread-1" [_thread_blocked, id=26450, stack(0x00007f297966c000,0x00007f297976d000)]
  0x00007f296405c000 JavaThread "pool-5-thread-1" [_thread_blocked, id=26449, stack(0x00007f297976d000,0x00007f297986e000)]
  0x00007f297c687800 JavaThread "pool-3-thread-1" [_thread_blocked, id=26448, stack(0x00007f297986e000,0x00007f297996f000)]
  0x00007f297ce00000 JavaThread "File lock request listener" [_thread_in_native, id=26443, stack(0x00007f297b341000,0x00007f297b442000)]
  0x00007f297ca7f000 JavaThread "process reaper" daemon [_thread_blocked, id=26442, stack(0x00007f29c8016000,0x00007f29c804f000)]
  0x00007f297c005800 JavaThread "Stdin handler" [_thread_blocked, id=26440, stack(0x00007f297beff000,0x00007f297c000000)]
  0x00007f297c010800 JavaThread "Asynchronous log dispatcher for org.gradle.launcher.daemon.server.DefaultDaemonConnection@7a86742a" [_thread_blocked, id=26439, stack(0x00007f29c80c8000,0x00007f29c81c9000)]
  0x00007f2990007000 JavaThread "Daemon worker" [_thread_blocked, id=26436, stack(0x00007f29c81c9000,0x00007f29c82ca000)]
  0x00007f299000b000 JavaThread "Cancel handler" [_thread_blocked, id=26435, stack(0x00007f29c82ca000,0x00007f29c83cb000)]
  0x00007f2990003800 JavaThread "Handler for socket connection from /127.0.0.1:40297 to /127.0.0.1:59674" [_thread_in_native, id=26434, stack(0x00007f29c83cb000,0x00007f29c84cc000)]
  0x00007f298c014000 JavaThread "Daemon" [_thread_blocked, id=26433, stack(0x00007f29c84cc000,0x00007f29c85cd000)]
  0x00007f29e4b54800 JavaThread "Incoming local TCP Connector on port 40297" [_thread_in_native, id=26432, stack(0x00007f29c87d4000,0x00007f29c88d5000)]
  0x00007f29e4ae2800 JavaThread "pool-1-thread-1" [_thread_blocked, id=26431, stack(0x00007f29c88d5000,0x00007f29c89d6000)]
  0x00007f29e40db000 JavaThread "Service Thread" daemon [_thread_blocked, id=26429, stack(0x00007f29c9f89000,0x00007f29ca08a000)]
  0x00007f29e40bd800 JavaThread "C1 CompilerThread2" daemon [_thread_blocked, id=26428, stack(0x00007f29ca08a000,0x00007f29ca18b000)]
  0x00007f29e40bb800 JavaThread "C2 CompilerThread1" daemon [_thread_blocked, id=26427, stack(0x00007f29ca18b000,0x00007f29ca28c000)]
  0x00007f29e40b9000 JavaThread "C2 CompilerThread0" daemon [_thread_blocked, id=26426, stack(0x00007f29ca28c000,0x00007f29ca38d000)]
  0x00007f29e40b7800 JavaThread "Signal Dispatcher" daemon [_thread_blocked, id=26425, stack(0x00007f29ca38d000,0x00007f29ca48e000)]
  0x00007f29e4084800 JavaThread "Finalizer" daemon [_thread_blocked, id=26424, stack(0x00007f29cab70000,0x00007f29cac71000)]
  0x00007f29e407f800 JavaThread "Reference Handler" daemon [_thread_blocked, id=26423, stack(0x00007f29cac71000,0x00007f29cad72000)]
  0x00007f29e400a000 JavaThread "main" [_thread_blocked, id=26417, stack(0x00007f29ea70c000,0x00007f29ea80d000)]

Other Threads:
=>0x00007f29e4078000 VMThread [stack: 0x00007f29cad72000,0x00007f29cae73000] [id=26422]
  0x00007f29e40de000 WatcherThread [stack: 0x00007f29c9e88000,0x00007f29c9f89000] [id=26430]

VM state:at safepoint (normal execution)

VM Mutex/Monitor currently owned by a thread:  ([mutex/lock_event])
[0x00007f29e4005bb0] ExpandHeap_lock - owner thread: 0x00007f29e4078000
[0x00007f29e4006230] Threads_lock - owner thread: 0x00007f29e4078000
[0x00007f29e4006730] Heap_lock - owner thread: 0x00007f296405c000

Heap:
 PSYoungGen      total 335360K, used 0K [0x00000000e0000000, 0x0000000100000000, 0x0000000100000000)
  eden space 227328K, 0% used [0x00000000e0000000,0x00000000e0000000,0x00000000ede00000)
  from space 108032K, 0% used [0x00000000ede00000,0x00000000ede00000,0x00000000f4780000)
  to   space 157696K, 0% used [0x00000000f6600000,0x00000000f6600000,0x0000000100000000)
 ParOldGen       total 787456K, used 679301K [0x00000000a0000000, 0x00000000d0100000, 0x00000000e0000000)
  object space 787456K, 86% used [0x00000000a0000000,0x00000000c97614b8,0x00000000d0100000)
 Metaspace       used 52552K, capacity 53950K, committed 54144K, reserved 1095680K
  class space    used 6986K, capacity 7261K, committed 7296K, reserved 1048576K

Card table byte_map: [0x00007f29d40f2000,0x00007f29d43f3000] byte_map_base: 0x00007f29d3bf2000

Marking Bits: (ParMarkBitMap*) 0x00007f29e9be0220
 Begin Bits: [0x00007f29d0aee000, 0x00007f29d22ee000)
 End Bits:   [0x00007f29d22ee000, 0x00007f29d3aee000)

Polling page: 0x00007f29ea82f000

CodeCache: size=245760Kb used=29896Kb max_used=29910Kb free=215863Kb
 bounds [0x00007f29d47b3000, 0x00007f29d6553000, 0x00007f29e37b3000]
 total_blobs=8663 nmethods=7951 adapters=624
 compilation: enabled

Compilation events (10 events):
Event: 67.347 Thread 0x00007f29e40bb800 9687       4       com.android.dx.ssa.back.FirstFitLocalCombiningAllocator::tryMapRegs (110 bytes)
Event: 67.363 Thread 0x00007f29e40b9000 nmethod 9407 0x00007f29d5ecd110 code [0x00007f29d5ecd280, 0x00007f29d5ecd558]
Event: 67.363 Thread 0x00007f29e40b9000 8960       4       com.android.dx.ssa.SsaBasicBlock::newFromRop (183 bytes)
Event: 67.425 Thread 0x00007f29e40bb800 nmethod 9687 0x00007f29d6087510 code [0x00007f29d6087760, 0x00007f29d6088640]
Event: 67.425 Thread 0x00007f29e40bb800 9383       4       com.android.dx.cf.code.BaseMachine::popArgs (62 bytes)
Event: 67.436 Thread 0x00007f29e40bb800 nmethod 9383 0x00007f29d5f29d10 code [0x00007f29d5f29ec0, 0x00007f29d5f2a3d8]
Event: 67.436 Thread 0x00007f29e40bb800 9779       4       com.android.dx.cf.code.ByteCatchList::toTargetList (114 bytes)
Event: 67.471 Thread 0x00007f29e40bb800 nmethod 9779 0x00007f29d5fc0b90 code [0x00007f29d5fc0d60, 0x00007f29d5fc1898]
Event: 67.471 Thread 0x00007f29e40bb800 9016       4       com.android.dx.ssa.Dominators::compress (229 bytes)
Event: 67.500 Thread 0x00007f29e40bd800 9808 %     3       com.android.dx.ssa.SsaConverter::placePhiFunctions @ 103 (394 bytes)

GC Heap History (10 events):
Event: 60.403 GC heap after
Heap after GC invocations=33 (full 5):
 PSYoungGen      total 402944K, used 46992K [0x00000000e0000000, 0x00000000ff280000, 0x0000000100000000)
  eden space 314880K, 0% used [0x00000000e0000000,0x00000000e0000000,0x00000000f3380000)
  from space 88064K, 53% used [0x00000000f9c80000,0x00000000fca64368,0x00000000ff280000)
  to   space 97792K, 0% used [0x00000000f3380000,0x00000000f3380000,0x00000000f9300000)
 ParOldGen       total 545792K, used 499018K [0x00000000a0000000, 0x00000000c1500000, 0x00000000e0000000)
  object space 545792K, 91% used [0x00000000a0000000,0x00000000be7529a8,0x00000000c1500000)
 Metaspace       used 52552K, capacity 53950K, committed 54144K, reserved 1095680K
  class space    used 6986K, capacity 7261K, committed 7296K, reserved 1048576K
}
Event: 60.403 GC heap before
{Heap before GC invocations=34 (full 6):
 PSYoungGen      total 402944K, used 46992K [0x00000000e0000000, 0x00000000ff280000, 0x0000000100000000)
  eden space 314880K, 0% used [0x00000000e0000000,0x00000000e0000000,0x00000000f3380000)
  from space 88064K, 53% used [0x00000000f9c80000,0x00000000fca64368,0x00000000ff280000)
  to   space 97792K, 0% used [0x00000000f3380000,0x00000000f3380000,0x00000000f9300000)
 ParOldGen       total 545792K, used 499018K [0x00000000a0000000, 0x00000000c1500000, 0x00000000e0000000)
  object space 545792K, 91% used [0x00000000a0000000,0x00000000be7529a8,0x00000000c1500000)
 Metaspace       used 52552K, capacity 53950K, committed 54144K, reserved 1095680K
  class space    used 6986K, capacity 7261K, committed 7296K, reserved 1048576K
Event: 64.238 GC heap after
Heap after GC invocations=34 (full 6):
 PSYoungGen      total 402944K, used 0K [0x00000000e0000000, 0x00000000ff280000, 0x0000000100000000)
  eden space 314880K, 0% used [0x00000000e0000000,0x00000000e0000000,0x00000000f3380000)
  from space 88064K, 0% used [0x00000000f9c80000,0x00000000f9c80000,0x00000000ff280000)
  to   space 97792K, 0% used [0x00000000f3380000,0x00000000f3380000,0x00000000f9300000)
 ParOldGen       total 787456K, used 536882K [0x00000000a0000000, 0x00000000d0100000, 0x00000000e0000000)
  object space 787456K, 68% used [0x00000000a0000000,0x00000000c0c4c850,0x00000000d0100000)
 Metaspace       used 52552K, capacity 53950K, committed 54144K, reserved 1095680K
  class space    used 6986K, capacity 7261K, committed 7296K, reserved 1048576K
}
Event: 65.679 GC heap before
{Heap before GC invocations=35 (full 6):
 PSYoungGen      total 402944K, used 314880K [0x00000000e0000000, 0x00000000ff280000, 0x0000000100000000)
  eden space 314880K, 100% used [0x00000000e0000000,0x00000000f3380000,0x00000000f3380000)
  from space 88064K, 0% used [0x00000000f9c80000,0x00000000f9c80000,0x00000000ff280000)
  to   space 97792K, 0% used [0x00000000f3380000,0x00000000f3380000,0x00000000f9300000)
 ParOldGen       total 787456K, used 536882K [0x00000000a0000000, 0x00000000d0100000, 0x00000000e0000000)
  object space 787456K, 68% used [0x00000000a0000000,0x00000000c0c4c850,0x00000000d0100000)
 Metaspace       used 52552K, capacity 53950K, committed 54144K, reserved 1095680K
  class space    used 6986K, capacity 7261K, committed 7296K, reserved 1048576K
Event: 65.807 GC heap after
Heap after GC invocations=35 (full 6):
 PSYoungGen      total 412672K, used 88033K [0x00000000e0000000, 0x0000000100000000, 0x0000000100000000)
  eden space 314880K, 0% used [0x00000000e0000000,0x00000000e0000000,0x00000000f3380000)
  from space 97792K, 90% used [0x00000000f3380000,0x00000000f89784e8,0x00000000f9300000)
  to   space 109056K, 0% used [0x00000000f9580000,0x00000000f9580000,0x0000000100000000)
 ParOldGen       total 787456K, used 536882K [0x00000000a0000000, 0x00000000d0100000, 0x00000000e0000000)
  object space 787456K, 68% used [0x00000000a0000000,0x00000000c0c4c850,0x00000000d0100000)
 Metaspace       used 52552K, capacity 53950K, committed 54144K, reserved 1095680K
  class space    used 6986K, capacity 7261K, committed 7296K, reserved 1048576K
}
Event: 66.448 GC heap before
{Heap before GC invocations=36 (full 6):
 PSYoungGen      total 412672K, used 402913K [0x00000000e0000000, 0x0000000100000000, 0x0000000100000000)
  eden space 314880K, 100% used [0x00000000e0000000,0x00000000f3380000,0x00000000f3380000)
  from space 97792K, 90% used [0x00000000f3380000,0x00000000f89784e8,0x00000000f9300000)
  to   space 109056K, 0% used [0x00000000f9580000,0x00000000f9580000,0x0000000100000000)
 ParOldGen       total 787456K, used 536882K [0x00000000a0000000, 0x00000000d0100000, 0x00000000e0000000)
  object space 787456K, 68% used [0x00000000a0000000,0x00000000c0c4c850,0x00000000d0100000)
 Metaspace       used 52552K, capacity 53950K, committed 54144K, reserved 1095680K
  class space    used 6986K, capacity 7261K, committed 7296K, reserved 1048576K
Event: 66.702 GC heap after
Heap after GC invocations=36 (full 6):
 PSYoungGen      total 336384K, used 109024K [0x00000000e0000000, 0x0000000100000000, 0x0000000100000000)
  eden space 227328K, 0% used [0x00000000e0000000,0x00000000e0000000,0x00000000ede00000)
  from space 109056K, 99% used [0x00000000f9580000,0x00000000ffff80a0,0x0000000100000000)
  to   space 148480K, 0% used [0x00000000ede00000,0x00000000ede00000,0x00000000f6f00000)
 ParOldGen       total 787456K, used 599161K [0x00000000a0000000, 0x00000000d0100000, 0x00000000e0000000)
  object space 787456K, 76% used [0x00000000a0000000,0x00000000c491e6a0,0x00000000d0100000)
 Metaspace       used 52552K, capacity 53950K, committed 54144K, reserved 1095680K
  class space    used 6986K, capacity 7261K, committed 7296K, reserved 1048576K
}
Event: 67.506 GC heap before
{Heap before GC invocations=37 (full 6):
 PSYoungGen      total 336384K, used 336352K [0x00000000e0000000, 0x0000000100000000, 0x0000000100000000)
  eden space 227328K, 100% used [0x00000000e0000000,0x00000000ede00000,0x00000000ede00000)
  from space 109056K, 99% used [0x00000000f9580000,0x00000000ffff80a0,0x0000000100000000)
  to   space 148480K, 0% used [0x00000000ede00000,0x00000000ede00000,0x00000000f6f00000)
 ParOldGen       total 787456K, used 599161K [0x00000000a0000000, 0x00000000d0100000, 0x00000000e0000000)
  object space 787456K, 76% used [0x00000000a0000000,0x00000000c491e6a0,0x00000000d0100000)
 Metaspace       used 52552K, capacity 53950K, committed 54144K, reserved 1095680K
  class space    used 6986K, capacity 7261K, committed 7296K, reserved 1048576K
Event: 67.773 GC heap after
Heap after GC invocations=37 (full 6):
 PSYoungGen      total 335360K, used 107653K [0x00000000e0000000, 0x0000000100000000, 0x0000000100000000)
  eden space 227328K, 0% used [0x00000000e0000000,0x00000000e0000000,0x00000000ede00000)
  from space 108032K, 99% used [0x00000000ede00000,0x00000000f4721670,0x00000000f4780000)
  to   space 157696K, 0% used [0x00000000f6600000,0x00000000f6600000,0x0000000100000000)
 ParOldGen       total 787456K, used 694536K [0x00000000a0000000, 0x00000000d0100000, 0x00000000e0000000)
  object space 787456K, 88% used [0x00000000a0000000,0x00000000ca642288,0x00000000d0100000)
 Metaspace       used 52552K, capacity 53950K, committed 54144K, reserved 1095680K
  class space    used 6986K, capacity 7261K, committed 7296K, reserved 1048576K
}
Event: 67.774 GC heap before
{Heap before GC invocations=38 (full 7):
 PSYoungGen      total 335360K, used 107653K [0x00000000e0000000, 0x0000000100000000, 0x0000000100000000)
  eden space 227328K, 0% used [0x00000000e0000000,0x00000000e0000000,0x00000000ede00000)
  from space 108032K, 99% used [0x00000000ede00000,0x00000000f4721670,0x00000000f4780000)
  to   space 157696K, 0% used [0x00000000f6600000,0x00000000f6600000,0x0000000100000000)
 ParOldGen       total 787456K, used 694536K [0x00000000a0000000, 0x00000000d0100000, 0x00000000e0000000)
  object space 787456K, 88% used [0x00000000a0000000,0x00000000ca642288,0x00000000d0100000)
 Metaspace       used 52552K, capacity 53950K, committed 54144K, reserved 1095680K
  class space    used 6986K, capacity 7261K, committed 7296K, reserved 1048576K

Deoptimization events (10 events):
Event: 66.033 Thread 0x00007f2964065800 Uncommon trap: reason=class_check action=maybe_recompile pc=0x00007f29d6465a58 method=com.android.dx.ssa.SsaConverter.placePhiFunctions(Lcom/android/dx/ssa/SsaMethod;Lcom/android/dx/ssa/LocalVariableInfo;I)V @ 257
Event: 66.046 Thread 0x00007f2964069800 Uncommon trap: reason=class_check action=maybe_recompile pc=0x00007f29d6465a58 method=com.android.dx.ssa.SsaConverter.placePhiFunctions(Lcom/android/dx/ssa/SsaMethod;Lcom/android/dx/ssa/LocalVariableInfo;I)V @ 257
Event: 66.105 Thread 0x00007f296405c000 Uncommon trap: reason=class_check action=maybe_recompile pc=0x00007f29d6465a58 method=com.android.dx.ssa.SsaConverter.placePhiFunctions(Lcom/android/dx/ssa/SsaMethod;Lcom/android/dx/ssa/LocalVariableInfo;I)V @ 257
Event: 66.253 Thread 0x00007f2964069800 Uncommon trap: reason=predicate action=maybe_recompile pc=0x00007f29d55f5b6c method=com.android.dx.ssa.back.InterferenceGraph.<init>(I)V @ 23
Event: 66.255 Thread 0x00007f2964069800 Uncommon trap: reason=unstable_if action=reinterpret pc=0x00007f29d5ebfe70 method=com.android.dx.ssa.SetFactory.makeLivenessSet(I)Lcom/android/dx/util/IntSet; @ 4
Event: 66.258 Thread 0x00007f2964067800 Uncommon trap: reason=class_check action=maybe_recompile pc=0x00007f29d6338944 method=com.android.dx.ssa.SsaConverter.placePhiFunctions(Lcom/android/dx/ssa/SsaMethod;Lcom/android/dx/ssa/LocalVariableInfo;I)V @ 257
Event: 66.333 Thread 0x00007f2964069800 Uncommon trap: reason=class_check action=maybe_recompile pc=0x00007f29d61467cc method=com.android.dx.ssa.back.InterferenceGraph.mergeInterferenceSet(ILcom/android/dx/util/IntSet;)V @ 20
Event: 66.335 Thread 0x00007f2964069800 Uncommon trap: reason=class_check action=maybe_recompile pc=0x00007f29d61467cc method=com.android.dx.ssa.back.InterferenceGraph.mergeInterferenceSet(ILcom/android/dx/util/IntSet;)V @ 20
Event: 66.335 Thread 0x00007f2964069800 Uncommon trap: reason=class_check action=maybe_recompile pc=0x00007f29d61467cc method=com.android.dx.ssa.back.InterferenceGraph.mergeInterferenceSet(ILcom/android/dx/util/IntSet;)V @ 20
Event: 66.349 Thread 0x00007f2964069800 Uncommon trap: reason=class_check action=maybe_recompile pc=0x00007f29d61467cc method=com.android.dx.ssa.back.InterferenceGraph.mergeInterferenceSet(ILcom/android/dx/util/IntSet;)V @ 20

Internal exceptions (10 events):
Event: 32.959 Thread 0x00007f2990007000 Exception <a 'java/lang/ClassNotFoundException': org/gradle/model/internal/core/ModelMapGroovyViewCustomizer> (0x00000000e40daa08) thrown at [/HUDSON3/workspace/8-2-build-linux-amd64/jdk8u111/7883/hotspot/src/share/vm/classfile/systemDictionary.cpp, line 
Event: 32.960 Thread 0x00007f2990007000 Exception <a 'java/lang/ClassNotFoundException': org/gradle/model/internal/core/NodeBackedModelMapCustomizer> (0x00000000e40fe3e8) thrown at [/HUDSON3/workspace/8-2-build-linux-amd64/jdk8u111/7883/hotspot/src/share/vm/classfile/systemDictionary.cpp, line 
Event: 32.963 Thread 0x00007f2990007000 Exception <a 'java/lang/ClassNotFoundException': org/gradle/platform/base/BinaryContainer_ImplCustomizer> (0x00000000e415b300) thrown at [/HUDSON3/workspace/8-2-build-linux-amd64/jdk8u111/7883/hotspot/src/share/vm/classfile/systemDictionary.cpp, line 210]
Event: 33.191 Thread 0x00007f2990007000 Exception <a 'java/lang/NoSuchMethodError': <clinit>> (0x00000000e4985d18) thrown at [/HUDSON3/workspace/8-2-build-linux-amd64/jdk8u111/7883/hotspot/src/share/vm/prims/jni.cpp, line 1613]
Event: 33.194 Thread 0x00007f2990007000 Exception <a 'java/lang/NoSuchMethodError': <clinit>> (0x00000000e4992d00) thrown at [/HUDSON3/workspace/8-2-build-linux-amd64/jdk8u111/7883/hotspot/src/share/vm/prims/jni.cpp, line 1613]
Event: 33.227 Thread 0x00007f2990007000 Exception <a 'java/lang/NoSuchMethodError': <clinit>> (0x00000000e4b692b0) thrown at [/HUDSON3/workspace/8-2-build-linux-amd64/jdk8u111/7883/hotspot/src/share/vm/prims/jni.cpp, line 1613]
Event: 33.229 Thread 0x00007f2990007000 Exception <a 'java/lang/NoSuchMethodError': <clinit>> (0x00000000e4b81ac0) thrown at [/HUDSON3/workspace/8-2-build-linux-amd64/jdk8u111/7883/hotspot/src/share/vm/prims/jni.cpp, line 1613]
Event: 33.230 Thread 0x00007f2990007000 Exception <a 'java/lang/NoSuchMethodError': <clinit>> (0x00000000e4b82fd8) thrown at [/HUDSON3/workspace/8-2-build-linux-amd64/jdk8u111/7883/hotspot/src/share/vm/prims/jni.cpp, line 1613]
Event: 37.391 Thread 0x00007f2964069800 Implicit null exception at 0x00007f29d4fe3021 to 0x00007f29d4fe3ced
Event: 43.931 Thread 0x00007f297c687800 Implicit null exception at 0x00007f29d4a01185 to 0x00007f29d4a01b8d

Events (10 events):
Event: 66.370 Thread 0x00007f2964067800 DEOPT UNPACKING pc=0x00007f29d47fa633 sp=0x00007f2979568b90 mode 0
Event: 66.448 Executing VM operation: ParallelGCFailedAllocation
Event: 66.702 Executing VM operation: ParallelGCFailedAllocation done
Event: 67.218 Thread 0x00007f297c687800 DEOPT PACKING pc=0x00007f29d6225dad sp=0x00007f297996c140
Event: 67.218 Thread 0x00007f297c687800 DEOPT UNPACKING pc=0x00007f29d47fa633 sp=0x00007f297996bf08 mode 0
Event: 67.275 Thread 0x00007f297c687800 DEOPT PACKING pc=0x00007f29d62120b1 sp=0x00007f297996c540
Event: 67.275 Thread 0x00007f297c687800 DEOPT UNPACKING pc=0x00007f29d47fa633 sp=0x00007f297996c2f0 mode 0
Event: 67.481 Thread 0x00007f2964069800 DEOPT PACKING pc=0x00007f29d6081c79 sp=0x00007f2979467e40
Event: 67.481 Thread 0x00007f2964069800 DEOPT UNPACKING pc=0x00007f29d47fa633 sp=0x00007f2979467ca0 mode 0
Event: 67.503 Executing VM operation: ParallelGCFailedAllocation


Dynamic libraries:
00400000-00401000 r-xp 00000000 08:02 182546                             /usr/lib/jvm/java-8-oracle/bin/java
00600000-00601000 rw-p 00000000 08:02 182546                             /usr/lib/jvm/java-8-oracle/bin/java
00860000-00881000 rw-p 00000000 00:00 0                                  [heap]
a0000000-d0100000 rw-p 00000000 00:00 0 
dc400000-e0000000 ---p 00000000 00:00 0 
e0000000-100000000 rw-p 00000000 00:00 0 
100000000-100720000 rw-p 00000000 00:00 0 
100720000-140000000 ---p 00000000 00:00 0 
7f2954000000-7f2954082000 rw-p 00000000 00:00 0 
7f2954082000-7f2958000000 ---p 00000000 00:00 0 
7f2958000000-7f2958025000 rw-p 00000000 00:00 0 
7f2958025000-7f295c000000 ---p 00000000 00:00 0 
7f295c000000-7f295c021000 rw-p 00000000 00:00 0 
7f295c021000-7f2960000000 ---p 00000000 00:00 0 
7f2960000000-7f2960041000 rw-p 00000000 00:00 0 
7f2960041000-7f2964000000 ---p 00000000 00:00 0 
7f2964000000-7f2964204000 rw-p 00000000 00:00 0 
7f2964204000-7f2968000000 ---p 00000000 00:00 0 
7f2968000000-7f2968039000 rw-p 00000000 00:00 0 
7f2968039000-7f296c000000 ---p 00000000 00:00 0 
7f296c000000-7f296c021000 rw-p 00000000 00:00 0 
7f296c021000-7f2970000000 ---p 00000000 00:00 0 
7f2970000000-7f2970021000 rw-p 00000000 00:00 0 
7f2970021000-7f2974000000 ---p 00000000 00:00 0 
7f2974000000-7f2974021000 rw-p 00000000 00:00 0 
7f2974021000-7f2978000000 ---p 00000000 00:00 0 
7f2979169000-7f2979329000 rw-p 00000000 00:00 0 
7f2979329000-7f2979369000 ---p 00000000 00:00 0 
7f2979369000-7f297936c000 ---p 00000000 00:00 0 
7f297936c000-7f297946a000 rw-p 00000000 00:00 0 
7f297946a000-7f297946d000 ---p 00000000 00:00 0 
7f297946d000-7f297956b000 rw-p 00000000 00:00 0 
7f297956b000-7f297956e000 ---p 00000000 00:00 0 
7f297956e000-7f297966c000 rw-p 00000000 00:00 0 
7f297966c000-7f297966f000 ---p 00000000 00:00 0 
7f297966f000-7f297976d000 rw-p 00000000 00:00 0 
7f297976d000-7f2979770000 ---p 00000000 00:00 0 
7f2979770000-7f297986e000 rw-p 00000000 00:00 0 
7f297986e000-7f2979871000 ---p 00000000 00:00 0 
7f2979871000-7f2979b6f000 rw-p 00000000 00:00 0 
7f2979b6f000-7f2979d6f000 rw-p 00000000 00:00 0 
7f2979d6f000-7f2979f6f000 rw-p 00000000 00:00 0 
7f2979f6f000-7f297a16f000 rw-p 00000000 00:00 0 
7f297a16f000-7f297a36f000 rw-p 00000000 00:00 0 
7f297a36f000-7f297a56f000 rw-p 00000000 00:00 0 
7f297a56f000-7f297a76f000 rw-p 00000000 00:00 0 
7f297a76f000-7f297a96f000 rw-p 00000000 00:00 0 
7f297a96f000-7f297ab6f000 rw-p 00000000 00:00 0 
7f297ab6f000-7f297ad6f000 rw-p 00000000 00:00 0 
7f297ad6f000-7f297af6f000 rw-p 00000000 00:00 0 
7f297af6f000-7f297b170000 rw-p 00000000 00:00 0 
7f297b170000-7f297b268000 r--s 009c6000 08:02 4515362                    /home/ankit/Desktop/Evento/app/build/intermediates/transforms/jarMerging/debug/jars/1/1f/combined.jar
7f297b268000-7f297b27b000 r--s 00345000 08:02 182681                     /usr/lib/jvm/java-8-oracle/jre/lib/resources.jar
7f297b27b000-7f297b2a6000 r--s 001fc000 08:02 3802331                    /home/ankit/Downloads/android-studio/gradle/m2repository/com/google/guava/guava/18.0/guava-18.0.jar
7f297b2a6000-7f297b2a7000 r--s 00001000 08:02 3877617                    /home/ankit/Downloads/android-studio/gradle/m2repository/com/android/tools/annotations/25.2.0/annotations-25.2.0.jar
7f297b2a7000-7f297b2b9000 r--s 000b3000 08:02 3989804                    /home/ankit/Downloads/android-studio/gradle/m2repository/com/android/tools/external/com-intellij/uast/145.597.3/uast-145.597.3.jar
7f297b2b9000-7f297b2c1000 r--s 000a8000 08:02 3753715                    /home/ankit/Downloads/android-studio/gradle/m2repository/com/android/tools/external/lombok/lombok-ast/0.2.3/lombok-ast-0.2.3.jar
7f297b2c1000-7f297b2c3000 r--s 0000d000 08:02 3760231                    /home/ankit/Downloads/android-studio/gradle/m2repository/commons-codec/commons-codec/1.4/commons-codec-1.4.jar
7f297b2c3000-7f297b2c5000 r--s 0000d000 08:02 3540543                    /home/ankit/Downloads/android-studio/gradle/m2repository/commons-logging/commons-logging/1.1.1/commons-logging-1.1.1.jar
7f297b2c5000-7f297b2ca000 r--s 00028000 08:02 3753367                    /home/ankit/Downloads/android-studio/gradle/m2repository/org/apache/httpcomponents/httpcore/4.1/httpcore-4.1.jar
7f297b2ca000-7f297b2ce000 r--s 0002f000 08:02 3845228                    /home/ankit/Downloads/android-studio/gradle/m2repository/com/google/jimfs/jimfs/1.1/jimfs-1.1.jar
7f297b2ce000-7f297b2cf000 r--s 00004000 08:02 3753443                    /home/ankit/Downloads/android-studio/gradle/m2repository/com/intellij/annotations/12.0/annotations-12.0.jar
7f297b2cf000-7f297b2d0000 r--s 00004000 08:02 3713300                    /home/ankit/Downloads/android-studio/gradle/m2repository/org/ow2/asm/asm-analysis/5.0.4/asm-analysis-5.0.4.jar
7f297b2d0000-7f297b2d4000 r--s 0003b000 08:02 4017281                    /home/ankit/Downloads/android-studio/gradle/m2repository/com/android/tools/lint/lint-api/25.2.0/lint-api-25.2.0.jar
7f297b2d4000-7f297b2d5000 r--s 0000a000 08:02 3760193                    /home/ankit/Downloads/android-studio/gradle/m2repository/net/sf/kxml/kxml2/2.3.0/kxml2-2.3.0.jar
7f297b2d5000-7f297b2d7000 r--s 00005000 08:02 3753358                    /home/ankit/Downloads/android-studio/gradle/m2repository/org/apache/httpcomponents/httpmime/4.1/httpmime-4.1.jar
7f297b2d7000-7f297b2df000 r--s 0004e000 08:02 3753378                    /home/ankit/Downloads/android-studio/gradle/m2repository/org/apache/httpcomponents/httpclient/4.1.1/httpclient-4.1.1.jar
7f297b2df000-7f297b2e6000 r--s 00053000 08:02 3753390                    /home/ankit/Downloads/android-studio/gradle/m2repository/org/apache/commons/commons-compress/1.8.1/commons-compress-1.8.1.jar
7f297b2e6000-7f297b2eb000 r--s 0002a000 08:02 3753476                    /home/ankit/Downloads/android-studio/gradle/m2repository/com/google/code/gson/gson/2.2.4/gson-2.2.4.jar
7f297b2eb000-7f297b2f0000 r--s 0002d000 08:02 4000509                    /home/ankit/Downloads/android-studio/gradle/m2repository/com/android/tools/repository/25.2.0/repository-25.2.0.jar
7f297b2f0000-7f297b2f1000 r--s 00005000 08:02 3941528                    /home/ankit/Downloads/android-studio/gradle/m2repository/com/android/tools/dvlib/25.2.0/dvlib-25.2.0.jar
7f297b2f1000-7f297b2f4000 r--s 00014000 08:02 3835823                    /home/ankit/Downloads/android-studio/gradle/m2repository/com/android/tools/layoutlib/layoutlib-api/25.2.0/layoutlib-api-25.2.0.jar
7f297b2f4000-7f297b2f9000 r--s 00058000 08:02 3631976                    /home/ankit/Downloads/android-studio/gradle/m2repository/org/ow2/asm/asm-debug-all/5.0.1/asm-debug-all-5.0.1.jar
7f297b2f9000-7f297b309000 r--s 000d6000 08:02 3760205                    /home/ankit/Downloads/android-studio/gradle/m2repository/net/sf/proguard/proguard-base/5.2.1/proguard-base-5.2.1.jar
7f297b309000-7f297b30c000 r--s 00033000 08:02 3753450                    /home/ankit/Downloads/android-studio/gradle/m2repository/com/googlecode/juniversalchardet/juniversalchardet/1.0.3/juniversalchardet-1.0.3.jar
7f297b30c000-7f297b310000 r--s 0002a000 08:02 3506651                    /home/ankit/Downloads/android-studio/gradle/m2repository/commons-io/commons-io/2.4/commons-io-2.4.jar
7f297b310000-7f297b327000 r--s 00154000 08:02 3787896                    /home/ankit/Downloads/android-studio/gradle/m2repository/org/antlr/antlr4/4.5.3/antlr4-4.5.3.jar
7f297b327000-7f297b33a000 r--s 00236000 08:02 3779712                    /home/ankit/Downloads/android-studio/gradle/m2repository/org/eclipse/jdt/core/compiler/ecj/4.5.1/ecj-4.5.1.jar
7f297b33a000-7f297b341000 r--s 000c3000 08:02 3927174                    /home/ankit/Downloads/android-studio/gradle/m2repository/com/android/tools/lint/lint-checks/25.2.0/lint-checks-25.2.0.jar
7f297b341000-7f297b344000 ---p 00000000 00:00 0 
7f297b344000-7f297b642000 rw-p 00000000 00:00 0 
7f297b642000-7f297b643000 r--s 00002000 08:02 3845251                    /home/ankit/Downloads/android-studio/gradle/m2repository/com/android/databinding/baseLibrary/2.2.0/baseLibrary-2.2.0.jar
7f297b643000-7f297b645000 r--s 00006000 08:02 3754422                    /home/ankit/Downloads/android-studio/gradle/m2repository/org/ow2/asm/asm-tree/5.0.4/asm-tree-5.0.4.jar
7f297b645000-7f297b678000 r--s 00203000 08:02 3753331                    /home/ankit/Downloads/android-studio/gradle/m2repository/org/bouncycastle/bcprov-jdk15on/1.48/bcprov-jdk15on-1.48.jar
7f297b678000-7f297b686000 r--s 00081000 08:02 3753336                    /home/ankit/Downloads/android-studio/gradle/m2repository/org/bouncycastle/bcpkix-jdk15on/1.48/bcpkix-jdk15on-1.48.jar
7f297b686000-7f297b688000 r--s 00002000 08:02 3753458                    /home/ankit/Downloads/android-studio/gradle/m2repository/com/squareup/javawriter/2.5.0/javawriter-2.5.0.jar
7f297b688000-7f297b689000 r--s 00002000 08:02 4009078                    /home/ankit/Downloads/android-studio/gradle/m2repository/com/android/tools/analytics-library/tracker/25.2.0/tracker-25.2.0.jar
7f297b689000-7f297b68b000 r--s 00003000 08:02 4009086                    /home/ankit/Downloads/android-studio/gradle/m2repository/com/android/tools/analytics-library/shared/25.2.0/shared-25.2.0.jar
7f297b68b000-7f297b698000 r--s 000ed000 08:02 4009082                    /home/ankit/Downloads/android-studio/gradle/m2repository/com/android/tools/analytics-library/protos/25.2.0/protos-25.2.0.jar
7f297b698000-7f297b699000 r--s 00001000 08:02 3753578                    /home/ankit/Downloads/android-studio/gradle/m2repository/com/android/tools/jill/jill-api/0.10.0/jill-api-0.10.0.jar
7f297b699000-7f297b69b000 r--s 00003000 08:02 4024806                    /home/ankit/Downloads/android-studio/gradle/m2repository/com/android/tools/jack/jack-api/0.11.0/jack-api-0.11.0.jar
7f297b69b000-7f297b6a0000 r--s 0004a000 08:02 3918754                    /home/ankit/Downloads/android-studio/gradle/m2repository/com/android/tools/ddms/ddmlib/25.2.0/ddmlib-25.2.0.jar
7f297b6a0000-7f297b6a3000 r--s 00021000 08:02 3910779                    /home/ankit/Downloads/android-studio/gradle/m2repository/com/android/tools/build/manifest-merger/25.2.0/manifest-merger-25.2.0.jar
7f297b6a3000-7f297b6a5000 r--s 0001c000 08:02 4031682                    /home/ankit/Downloads/android-studio/gradle/m2repository/com/android/tools/common/25.2.0/common-25.2.0.jar
7f297b6a5000-7f297b6ae000 r--s 00083000 08:02 3885105                    /home/ankit/Downloads/android-studio/gradle/m2repository/com/android/tools/sdk-common/25.2.0/sdk-common-25.2.0.jar
7f297b6ae000-7f297b6b9000 r--s 0008e000 08:02 4024802                    /home/ankit/Downloads/android-studio/gradle/m2repository/com/android/tools/sdklib/25.2.0/sdklib-25.2.0.jar
7f297b6b9000-7f297b6ba000 r--s 00002000 08:02 3894391                    /home/ankit/Downloads/android-studio/gradle/m2repository/com/android/tools/build/builder-test-api/2.2.0/builder-test-api-2.2.0.jar
7f297b6ba000-7f297b6bd000 r--s 00005000 08:02 3754438                    /home/ankit/Downloads/android-studio/gradle/m2repository/com/android/tools/build/builder-model/2.2.0/builder-model-2.2.0.jar
7f297b6bd000-7f297b6c5000 r--s 0007b000 08:02 3819714                    /home/ankit/Downloads/android-studio/gradle/m2repository/com/google/protobuf/protobuf-java/2.5.0/protobuf-java-2.5.0.jar
7f297b6c5000-7f297b6c7000 r--s 0000f000 08:02 4041488                    /home/ankit/Downloads/android-studio/gradle/m2repository/net/sf/jopt-simple/jopt-simple/4.9/jopt-simple-4.9.jar
7f297b6c7000-7f297b6cb000 r--s 0001f000 08:02 3795671                    /home/ankit/Downloads/android-studio/gradle/m2repository/org/jacoco/org.jacoco.report/0.7.5.201505241946/org.jacoco.report-0.7.5.201505241946.jar
7f297b6cb000-7f297b6e2000 r--s 0015d000 08:02 3885097                    /home/ankit/Downloads/android-studio/gradle/m2repository/com/android/tools/build/builder/2.2.0/builder-2.2.0.jar
7f297b6e2000-7f297b6ff000 r--s 0019c000 08:02 3910782                    /home/ankit/Downloads/android-studio/gradle/m2repository/com/android/tools/build/gradle-core/2.2.0/gradle-core-2.2.0.jar
7f297b6ff000-7f297b8ff000 rw-p 00000000 00:00 0 
7f297b8ff000-7f297baff000 rw-p 00000000 00:00 0 
7f297baff000-7f297bcff000 rw-p 00000000 00:00 0 
7f297bcff000-7f297beff000 rw-p 00000000 00:00 0 
7f297beff000-7f297bf02000 ---p 00000000 00:00 0 
7f297bf02000-7f297c000000 rw-p 00000000 00:00 0 
7f297c000000-7f297d306000 rw-p 00000000 00:00 0 
7f297d306000-7f2980000000 ---p 00000000 00:00 0 
7f2980000000-7f2980021000 rw-p 00000000 00:00 0 
7f2980021000-7f2984000000 ---p 00000000 00:00 0 
7f2984000000-7f2984021000 rw-p 00000000 00:00 0 
7f2984021000-7f2988000000 ---p 00000000 00:00 0 
7f2988000000-7f2988021000 rw-p 00000000 00:00 0 
7f2988021000-7f298c000000 ---p 00000000 00:00 0 
7f298c000000-7f298c073000 rw-p 00000000 00:00 0 
7f298c073000-7f2990000000 ---p 00000000 00:00 0 
7f2990000000-7f2990021000 rw-p 00000000 00:00 0 
7f2990021000-7f2994000000 ---p 00000000 00:00 0 
7f2994000000-7f2994021000 rw-p 00000000 00:00 0 
7f2994021000-7f2998000000 ---p 00000000 00:00 0 
7f2998000000-7f2998021000 rw-p 00000000 00:00 0 
7f2998021000-7f299c000000 ---p 00000000 00:00 0 
7f299c000000-7f299cd2b000 rw-p 00000000 00:00 0 
7f299cd2b000-7f29a0000000 ---p 00000000 00:00 0 
7f29a0000000-7f29a0021000 rw-p 00000000 00:00 0 
7f29a0021000-7f29a4000000 ---p 00000000 00:00 0 
7f29a4000000-7f29a63a7000 rw-p 00000000 00:00 0 
7f29a63a7000-7f29a8000000 ---p 00000000 00:00 0 
7f29a8000000-7f29aa039000 rw-p 00000000 00:00 0 
7f29aa039000-7f29ac000000 ---p 00000000 00:00 0 
7f29ac000000-7f29ac021000 rw-p 00000000 00:00 0 
7f29ac021000-7f29b0000000 ---p 00000000 00:00 0 
7f29b0000000-7f29b0021000 rw-p 00000000 00:00 0 
7f29b0021000-7f29b4000000 ---p 00000000 00:00 0 
7f29b4000000-7f29b4378000 rw-p 00000000 00:00 0 
7f29b4378000-7f29b8000000 ---p 00000000 00:00 0 
7f29b8000000-7f29b8021000 rw-p 00000000 00:00 0 
7f29b8021000-7f29bc000000 ---p 00000000 00:00 0 
7f29bc000000-7f29bc135000 rw-p 00000000 00:00 0 
7f29bc135000-7f29c0000000 ---p 00000000 00:00 0 
7f29c0000000-7f29c0124000 rw-p 00000000 00:00 0 
7f29c0124000-7f29c4000000 ---p 00000000 00:00 0 
7f29c4000000-7f29c4117000 rw-p 00000000 00:00 0 
7f29c4117000-7f29c8000000 ---p 00000000 00:00 0 
7f29c8000000-7f29c8004000 r--s 0001d000 08:02 3787900                    /home/ankit/Downloads/android-studio/gradle/m2repository/org/jacoco/org.jacoco.core/0.7.5.201505241946/org.jacoco.core-0.7.5.201505241946.jar
7f29c8004000-7f29c8005000 r--s 00002000 08:02 3760221                    /home/ankit/Downloads/android-studio/gradle/m2repository/net/sf/proguard/proguard-gradle/5.2.1/proguard-gradle-5.2.1.jar
7f29c8005000-7f29c8007000 r--s 00009000 08:02 3779703                    /home/ankit/Downloads/android-studio/gradle/m2repository/org/ow2/asm/asm-commons/5.0.4/asm-commons-5.0.4.jar
7f29c8007000-7f29c8009000 r--s 0000c000 08:02 3779709                    /home/ankit/Downloads/android-studio/gradle/m2repository/org/ow2/asm/asm/5.0.4/asm-5.0.4.jar
7f29c8009000-7f29c800d000 r--s 0002b000 08:02 3853442                    /home/ankit/Downloads/android-studio/gradle/m2repository/com/android/databinding/compilerCommon/2.2.0/compilerCommon-2.2.0.jar
7f29c800d000-7f29c800e000 r--s 00002000 08:02 3894401                    /home/ankit/Downloads/android-studio/gradle/m2repository/com/android/tools/build/gradle-api/2.2.0/gradle-api-2.2.0.jar
7f29c800e000-7f29c800f000 r--s 00000000 08:02 3753573                    /home/ankit/Downloads/android-studio/gradle/m2repository/com/android/tools/build/transform-api/2.0.0-deprecated-use-gradle-api/transform-api-2.0.0-deprecated-use-gradle-api.jar
7f29c800f000-7f29c8014000 r--s 00053000 08:02 4017271                    /home/ankit/Downloads/android-studio/gradle/m2repository/com/android/tools/lint/lint/25.2.0/lint-25.2.0.jar
7f29c8014000-7f29c8016000 r--s 0000d000 08:02 3802336                    /home/ankit/Downloads/android-studio/gradle/m2repository/com/android/tools/build/gradle/2.2.0/gradle-2.2.0.jar
7f29c8016000-7f29c8019000 ---p 00000000 00:00 0 
7f29c8019000-7f29c804f000 rw-p 00000000 00:00 0 
7f29c804f000-7f29c8050000 r--p 00000000 00:00 0 
7f29c8050000-7f29c80c8000 r--s 010e6000 08:02 158507                     /usr/lib/jvm/java-8-oracle/lib/tools.jar
7f29c80c8000-7f29c80cb000 ---p 00000000 00:00 0 
7f29c80cb000-7f29c81c9000 rw-p 00000000 00:00 0 
7f29c81c9000-7f29c81cc000 ---p 00000000 00:00 0 
7f29c81cc000-7f29c82ca000 rw-p 00000000 00:00 0 
7f29c82ca000-7f29c82cd000 ---p 00000000 00:00 0 
7f29c82cd000-7f29c83cb000 rw-p 00000000 00:00 0 
7f29c83cb000-7f29c83ce000 ---p 00000000 00:00 0 
7f29c83ce000-7f29c84cc000 rw-p 00000000 00:00 0 
7f29c84cc000-7f29c84cf000 ---p 00000000 00:00 0 
7f29c84cf000-7f29c85cd000 rw-p 00000000 00:00 0 
7f29c85cd000-7f29c85d4000 r--s 00000000 08:02 109538                     /usr/lib/x86_64-linux-gnu/gconv/gconv-modules.cache
7f29c85d4000-7f29c87d4000 rw-p 00000000 00:00 0 
7f29c87d4000-7f29c87d7000 ---p 00000000 00:00 0 
7f29c87d7000-7f29c88d5000 rw-p 00000000 00:00 0 
7f29c88d5000-7f29c88d8000 ---p 00000000 00:00 0 
7f29c88d8000-7f29c89d6000 rw-p 00000000 00:00 0 
7f29c89d6000-7f29c89df000 r-xp 00000000 08:02 200010                     /usr/lib/jvm/java-8-oracle/jre/lib/amd64/libmanagement.so
7f29c89df000-7f29c8bde000 ---p 00009000 08:02 200010                     /usr/lib/jvm/java-8-oracle/jre/lib/amd64/libmanagement.so
7f29c8bde000-7f29c8bdf000 rw-p 00008000 08:02 200010                     /usr/lib/jvm/java-8-oracle/jre/lib/amd64/libmanagement.so
7f29c8bdf000-7f29c8be3000 r--s 00097000 08:02 182569                     /usr/lib/jvm/java-8-oracle/jre/lib/jsse.jar
7f29c8be3000-7f29c8be5000 r--s 00007000 08:02 3402085                    /home/ankit/Downloads/android-studio/gradle/gradle-2.14.1/lib/plugins/gradle-tooling-api-builders-2.14.1.jar
7f29c8be5000-7f29c8be8000 r--s 00008000 08:02 3402081                    /home/ankit/Downloads/android-studio/gradle/gradle-2.14.1/lib/plugins/gradle-testing-native-2.14.1.jar
7f29c8be8000-7f29c8bea000 r--s 00009000 08:02 3402371                    /home/ankit/Downloads/android-studio/gradle/gradle-2.14.1/lib/plugins/hamcrest-core-1.3.jar
7f29c8bea000-7f29c8bf0000 r--s 00033000 08:02 3402325                    /home/ankit/Downloads/android-studio/gradle/gradle-2.14.1/lib/plugins/snakeyaml-1.6.jar
7f29c8bf0000-7f29c8bf2000 r--s 00006000 08:02 3402336                    /home/ankit/Downloads/android-studio/gradle/gradle-2.14.1/lib/plugins/jcommander-1.12.jar
7f29c8bf2000-7f29c8bf7000 r--s 00040000 08:02 3402324                    /home/ankit/Downloads/android-studio/gradle/gradle-2.14.1/lib/plugins/bsh-2.0b4.jar
7f29c8bf7000-7f29c8c00000 r--s 00089000 08:02 3402339                    /home/ankit/Downloads/android-studio/gradle/gradle-2.14.1/lib/plugins/testng-6.3.1.jar
7f29c8c00000-7f29c8c08000 r--s 00045000 08:02 3402343                    /home/ankit/Downloads/android-studio/gradle/gradle-2.14.1/lib/plugins/junit-4.12.jar
7f29c8c08000-7f29c8c0e000 r--s 0002e000 08:02 3402091                    /home/ankit/Downloads/android-studio/gradle/gradle-2.14.1/lib/plugins/gradle-testing-jvm-2.14.1.jar
7f29c8c0e000-7f29c8c13000 r--s 00015000 08:02 3402095                    /home/ankit/Downloads/android-studio/gradle/gradle-2.14.1/lib/plugins/gradle-testing-base-2.14.1.jar
7f29c8c13000-7f29c8c14000 r--s 00002000 08:02 3402342                    /home/ankit/Downloads/android-studio/gradle/gradle-2.14.1/lib/plugins/sonar-batch-bootstrapper-2.9.jar
7f29c8c14000-7f29c8c17000 r--s 00015000 08:02 3402090                    /home/ankit/Downloads/android-studio/gradle/gradle-2.14.1/lib/plugins/gradle-sonar-2.14.1.jar
7f29c8c17000-7f29c8c1e000 r--s 00038000 08:02 3402356                    /home/ankit/Downloads/android-studio/gradle/gradle-2.14.1/lib/plugins/bcpg-jdk15on-1.51.jar
7f29c8c1e000-7f29c8c20000 r--s 0000d000 08:02 3402293                    /home/ankit/Downloads/android-studio/gradle/gradle-2.14.1/lib/plugins/gradle-signing-2.14.1.jar
7f29c8c20000-7f29c8c23000 r--s 00009000 08:02 3402099                    /home/ankit/Downloads/android-studio/gradle/gradle-2.14.1/lib/plugins/gradle-scala-2.14.1.jar
7f29c8c23000-7f29c8c24000 r--s 00004000 08:02 3402295                    /home/ankit/Downloads/android-studio/gradle/gradle-2.14.1/lib/plugins/gradle-resources-sftp-2.14.1.jar
7f29c8c24000-7f29c8c34000 r--s 00088000 08:02 3402329                    /home/ankit/Downloads/android-studio/gradle/gradle-2.14.1/lib/plugins/joda-time-2.8.2.jar
7f29c8c34000-7f29c8c45000 r--s 000cf000 08:02 3402375                    /home/ankit/Downloads/android-studio/gradle/gradle-2.14.1/lib/plugins/jackson-databind-2.3.2.jar
7f29c8c45000-7f29c8c47000 r--s 00007000 08:02 3402352                    /home/ankit/Downloads/android-studio/gradle/gradle-2.14.1/lib/plugins/jackson-annotations-2.3.2.jar
7f29c8c47000-7f29c8c4a000 r--s 0002e000 08:02 3402358                    /home/ankit/Downloads/android-studio/gradle/gradle-2.14.1/lib/plugins/jackson-core-2.3.2.jar
7f29c8c4a000-7f29c8c55000 r--s 0006b000 08:02 3402381                    /home/ankit/Downloads/android-studio/gradle/gradle-2.14.1/lib/plugins/aws-java-sdk-core-1.9.19.jar
7f29c8c55000-7f29c8c5b000 r--s 00036000 08:02 3402351                    /home/ankit/Downloads/android-studio/gradle/gradle-2.14.1/lib/plugins/aws-java-sdk-kms-1.9.19.jar
7f29c8c5b000-7f29c8c66000 r--s 00079000 08:02 3402341                    /home/ankit/Downloads/android-studio/gradle/gradle-2.14.1/lib/plugins/aws-java-sdk-s3-1.9.19.jar
7f29c8c66000-7f29c8c67000 r--s 00003000 08:02 3402305                    /home/ankit/Downloads/android-studio/gradle/gradle-2.14.1/lib/plugins/gradle-resources-s3-2.14.1.jar
7f29c8c67000-7f29c8c69000 r--s 00005000 08:02 3402370                    /home/ankit/Downloads/android-studio/gradle/gradle-2.14.1/lib/plugins/jatl-0.2.2.jar
7f29c8c69000-7f29c8c6b000 r--s 0000f000 08:02 3402311                    /home/ankit/Downloads/android-studio/gradle/gradle-2.14.1/lib/plugins/gradle-reporting-2.14.1.jar
7f29c8c6b000-7f29c8c6d000 r--s 00002000 08:02 3402252                    /home/ankit/Downloads/android-studio/gradle/gradle-2.14.1/lib/plugins/gradle-publish-2.14.1.jar
7f29c8c6d000-7f29c8c6f000 r--s 00009000 08:02 3402334                    /home/ankit/Downloads/android-studio/gradle/gradle-2.14.1/lib/plugins/commons-cli-1.2.jar
7f29c8c6f000-7f29c8c75000 r--s 00033000 08:02 3402098                    /home/ankit/Downloads/android-studio/gradle/gradle-2.14.1/lib/plugins/gradle-plugins-2.14.1.jar
7f29c8c75000-7f29c8c77000 r--s 00007000 08:02 3402083                    /home/ankit/Downloads/android-studio/gradle/gradle-2.14.1/lib/plugins/gradle-plugin-development-2.14.1.jar
7f29c8c77000-7f29c8c7d000 r--s 0002a000 08:02 3402292                    /home/ankit/Downloads/android-studio/gradle/gradle-2.14.1/lib/plugins/gradle-platform-play-2.14.1.jar
7f29c8c7d000-7f29c8c8a000 r--s 0004d000 08:02 3402291                    /home/ankit/Downloads/android-studio/gradle/gradle-2.14.1/lib/plugins/gradle-platform-native-2.14.1.jar
7f29c8c8a000-7f29c8c8e000 r--s 0001a000 08:02 3402304                    /home/ankit/Downloads/android-studio/gradle/gradle-2.14.1/lib/plugins/gradle-platform-jvm-2.14.1.jar
7f29c8c8e000-7f29c8c95000 r--s 00029000 08:02 3402097                    /home/ankit/Downloads/android-studio/gradle/gradle-2.14.1/lib/plugins/gradle-platform-base-2.14.1.jar
7f29c8c95000-7f29c8cb6000 r--s 001c3000 08:02 3402322                    /home/ankit/Downloads/android-studio/gradle/gradle-2.14.1/lib/plugins/bndlib-2.4.0.jar
7f29c8cb6000-7f29c8cb8000 r--s 00003000 08:02 3402306                    /home/ankit/Downloads/android-studio/gradle/gradle-2.14.1/lib/plugins/gradle-osgi-2.14.1.jar
7f29c8cb8000-7f29c8cbb000 r--s 0000c000 08:02 3402378                    /home/ankit/Downloads/android-studio/gradle/gradle-2.14.1/lib/plugins/pmaven-groovy-0.8-20100325.jar
7f29c8cbb000-7f29c8cbc000 r--s 00004000 08:02 3402369                    /home/ankit/Downloads/android-studio/gradle/gradle-2.14.1/lib/plugins/pmaven-common-0.8-20100325.jar
7f29c8cbc000-7f29c8cc2000 r--s 00022000 08:02 3402096                    /home/ankit/Downloads/android-studio/gradle/gradle-2.14.1/lib/plugins/gradle-maven-2.14.1.jar
7f29c8cc2000-7f29c8cc4000 r--s 0000a000 08:02 3402088                    /home/ankit/Downloads/android-studio/gradle/gradle-2.14.1/lib/plugins/gradle-language-scala-2.14.1.jar
7f29c8cc4000-7f29c8cca000 r--s 0001a000 08:02 3402092                    /home/ankit/Downloads/android-studio/gradle/gradle-2.14.1/lib/plugins/gradle-language-native-2.14.1.jar
7f29c8cca000-7f29c8ccc000 r--s 00008000 08:02 3402084                    /home/ankit/Downloads/android-studio/gradle/gradle-2.14.1/lib/plugins/gradle-language-jvm-2.14.1.jar
7f29c8ccc000-7f29c8cd2000 r--s 00024000 08:02 3402300                    /home/ankit/Downloads/android-studio/gradle/gradle-2.14.1/lib/plugins/gradle-language-java-2.14.1.jar
7f29c8cd2000-7f29c8cd4000 r--s 0000a000 08:02 3402290                    /home/ankit/Downloads/android-studio/gradle/gradle-2.14.1/lib/plugins/gradle-language-groovy-2.14.1.jar
7f29c8cd4000-7f29c8cd7000 r--s 0001e000 08:02 3402319                    /home/ankit/Downloads/android-studio/gradle/gradle-2.14.1/lib/plugins/jsp-api-2.1-6.1.14.jar
7f29c8cd7000-7f29c8cfa000 r--s 00344000 08:02 3402353                    /home/ankit/Downloads/android-studio/gradle/gradle-2.14.1/lib/plugins/core-3.1.1.jar
7f29c8cfa000-7f29c8cfb000 r--s 00006000 08:02 3402376                    /home/ankit/Downloads/android-studio/gradle/gradle-2.14.1/lib/plugins/jetty-naming-6.1.25.jar
7f29c8cfb000-7f29c8cfc000 r--s 00002000 08:02 3402349                    /home/ankit/Downloads/android-studio/gradle/gradle-2.14.1/lib/plugins/geronimo-annotation_1.0_spec-1.0.jar
7f29c8cfc000-7f29c8cfe000 r--s 00002000 08:02 3402373                    /home/ankit/Downloads/android-studio/gradle/gradle-2.14.1/lib/plugins/jetty-annotations-6.1.25.jar
7f29c8cfe000-7f29c8d0f000 r--s 000ea000 08:02 3402379                    /home/ankit/Downloads/android-studio/gradle/gradle-2.14.1/lib/plugins/jsp-2.1-6.1.14.jar
7f29c8d0f000-7f29c8d11000 r--s 0000d000 08:02 3402354                    /home/ankit/Downloads/android-studio/gradle/gradle-2.14.1/lib/plugins/jetty-plus-6.1.25.jar
7f29c8d11000-7f29c8d13000 r--s 0001f000 08:02 3402385                    /home/ankit/Downloads/android-studio/gradle/gradle-2.14.1/lib/plugins/servlet-api-2.5-20081211.jar
7f29c8d13000-7f29c8d17000 r--s 00028000 08:02 3402337                    /home/ankit/Downloads/android-studio/gradle/gradle-2.14.1/lib/plugins/jetty-util-6.1.25.jar
7f29c8d17000-7f29c8d1e000 r--s 0007d000 08:02 3402344                    /home/ankit/Downloads/android-studio/gradle/gradle-2.14.1/lib/plugins/jetty-6.1.25.jar
7f29c8d1e000-7f29c8d20000 r--s 00009000 08:02 3402309                    /home/ankit/Downloads/android-studio/gradle/gradle-2.14.1/lib/plugins/gradle-jetty-2.14.1.jar
7f29c8d20000-7f29c8d27000 r--s 00035000 08:02 3402382                    /home/ankit/Downloads/android-studio/gradle/gradle-2.14.1/lib/plugins/simple-4.1.21.jar
7f29c8d27000-7f29c8d33000 r--s 00100000 08:02 3402330                    /home/ankit/Downloads/android-studio/gradle/gradle-2.14.1/lib/plugins/rhino-1.7R3.jar
7f29c8d33000-7f29c8d37000 r--s 00011000 08:02 3402297                    /home/ankit/Downloads/android-studio/gradle/gradle-2.14.1/lib/plugins/gradle-javascript-2.14.1.jar
7f29c8d37000-7f29c8d39000 r--s 0000c000 08:02 3402317                    /home/ankit/Downloads/android-studio/gradle/gradle-2.14.1/lib/plugins/gradle-jacoco-2.14.1.jar
7f29c8d39000-7f29c8d3c000 r--s 0000e000 08:02 3402316                    /home/ankit/Downloads/android-studio/gradle/gradle-2.14.1/lib/plugins/gradle-ivy-2.14.1.jar
7f29c8d3c000-7f29c8d3d000 r--s 00002000 08:02 3402313                    /home/ankit/Downloads/android-studio/gradle/gradle-2.14.1/lib/plugins/gradle-ide-play-2.14.1.jar
7f29c8d3d000-7f29c8d42000 r--s 0002b000 08:02 3402310                    /home/ankit/Downloads/android-studio/gradle/gradle-2.14.1/lib/plugins/gradle-ide-native-2.14.1.jar
7f29c8d42000-7f29c8d4d000 r--s 00066000 08:02 3402089                    /home/ankit/Downloads/android-studio/gradle/gradle-2.14.1/lib/plugins/gradle-ide-2.14.1.jar
7f29c8d4d000-7f29c8d4e000 r--s 00008000 08:02 3402087                    /home/ankit/Downloads/android-studio/gradle/gradle-2.14.1/lib/plugins/gradle-ear-2.14.1.jar
7f29c8d4e000-7f29c8d54000 r--s 00032000 08:02 3402094                    /home/ankit/Downloads/android-studio/gradle/gradle-2.14.1/lib/plugins/gradle-diagnostics-2.14.1.jar
7f29c8d54000-7f29c8d58000 r--s 00021000 08:02 3402312                    /home/ankit/Downloads/android-studio/gradle/gradle-2.14.1/lib/plugins/gradle-code-quality-2.14.1.jar
7f29c8d58000-7f29c8d5c000 r--s 0001f000 08:02 3402093                    /home/ankit/Downloads/android-studio/gradle/gradle-2.14.1/lib/plugins/gradle-build-init-2.14.1.jar
7f29c8d5c000-7f29c8d63000 r--s 0008e000 08:02 3402314                    /home/ankit/Downloads/android-studio/gradle/gradle-2.14.1/lib/plugins/gradle-build-comparison-2.14.1.jar
7f29c8d63000-7f29c8d65000 r--s 00008000 08:02 3402302                    /home/ankit/Downloads/android-studio/gradle/gradle-2.14.1/lib/plugins/gradle-antlr-2.14.1.jar
7f29c8d65000-7f29c8d67000 r--s 00004000 08:02 3402315                    /home/ankit/Downloads/android-studio/gradle/gradle-2.14.1/lib/plugins/gradle-announce-2.14.1.jar
7f29c8d67000-7f29c8d7f000 r--s 00115000 08:02 3402347                    /home/ankit/Downloads/android-studio/gradle/gradle-2.14.1/lib/plugins/xercesImpl-2.9.1.jar
7f29c8d7f000-7f29c8d87000 r--s 00028000 08:02 3402366                    /home/ankit/Downloads/android-studio/gradle/gradle-2.14.1/lib/plugins/xml-apis-1.3.04.jar
7f29c8d87000-7f29c8d8d000 r--s 0005b000 08:02 3402359                    /home/ankit/Downloads/android-studio/gradle/gradle-2.14.1/lib/plugins/jcifs-1.3.17.jar
7f29c8d8d000-7f29c8d94000 r--s 00049000 08:02 3402296                    /home/ankit/Downloads/android-studio/gradle/gradle-2.14.1/lib/plugins/httpcore-4.4.4.jar
7f29c8d94000-7f29c8d9a000 r--s 00033000 08:02 3402328                    /home/ankit/Downloads/android-studio/gradle/gradle-2.14.1/lib/plugins/commons-codec-1.6.jar
7f29c8d9a000-7f29c8d9d000 r--s 0001c000 08:02 3402326                    /home/ankit/Downloads/android-studio/gradle/gradle-2.14.1/lib/plugins/nekohtml-1.9.14.jar
7f29c8d9d000-7f29c8daa000 r--s 000a4000 08:02 3402307                    /home/ankit/Downloads/android-studio/gradle/gradle-2.14.1/lib/plugins/httpclient-4.4.1.jar
7f29c8daa000-7f29c8dac000 r--s 0000a000 08:02 3402082                    /home/ankit/Downloads/android-studio/gradle/gradle-2.14.1/lib/plugins/gradle-resources-http-2.14.1.jar
7f29c8dac000-7f29c8db0000 r--s 00014000 08:02 3402294                    /home/ankit/Downloads/android-studio/gradle/gradle-2.14.1/lib/plugins/gradle-plugin-use-2.14.1.jar
7f29c8db0000-7f29c8db1000 r--s 00000000 08:02 3394352                    /home/ankit/Downloads/android-studio/gradle/gradle-2.14.1/lib/gradle-installation-beacon-2.14.1.jar
7f29c8db1000-7f29c8db2000 r--s 00007000 08:02 3402335                    /home/ankit/Downloads/android-studio/gradle/gradle-2.14.1/lib/plugins/wagon-http-shared4-2.4.jar
7f29c8db2000-7f29c8db6000 r--s 00033000 08:02 3402372                    /home/ankit/Downloads/android-studio/gradle/gradle-2.14.1/lib/plugins/plexus-utils-2.0.6.jar
7f29c8db6000-7f29c8dba000 r--s 00021000 08:02 3402361                    /home/ankit/Downloads/android-studio/gradle/gradle-2.14.1/lib/plugins/maven-model-builder-3.0.4.jar
7f29c8dba000-7f29c8dbb000 r--s 00002000 08:02 3402327                    /home/ankit/Downloads/android-studio/gradle/gradle-2.14.1/lib/plugins/wagon-file-2.4.jar
7f29c8dbb000-7f29c8dbd000 r--s 00002000 08:02 3402368                    /home/ankit/Downloads/android-studio/gradle/gradle-2.14.1/lib/plugins/plexus-cipher-1.7.jar
7f29c8dbd000-7f29c8dc0000 r--s 00013000 08:02 3402384                    /home/ankit/Downloads/android-studio/gradle/gradle-2.14.1/lib/plugins/aether-api-1.13.1.jar
7f29c8dc0000-7f29c8dc2000 r--s 0000a000 08:02 3402338                    /home/ankit/Downloads/android-studio/gradle/gradle-2.14.1/lib/plugins/maven-settings-3.0.4.jar
7f29c8dc2000-7f29c8dc4000 r--s 0000d000 08:02 3402362                    /home/ankit/Downloads/android-studio/gradle/gradle-2.14.1/lib/plugins/plexus-interpolation-1.14.jar
7f29c8dc4000-7f29c8dc6000 r--s 0000b000 08:02 3402377                    /home/ankit/Downloads/android-studio/gradle/gradle-2.14.1/lib/plugins/maven-artifact-3.0.4.jar
7f29c8dc6000-7f29c8dcd000 r--s 0002e000 08:02 3402332                    /home/ankit/Downloads/android-studio/gradle/gradle-2.14.1/lib/plugins/plexus-container-default-1.5.5.jar
7f29c8dcd000-7f29c8dcf000 r--s 0000b000 08:02 3402355                    /home/ankit/Downloads/android-studio/gradle/gradle-2.14.1/lib/plugins/maven-plugin-api-3.0.4.jar
7f29c8dcf000-7f29c8dd1000 r--s 00000000 08:02 3402357                    /home/ankit/Downloads/android-studio/gradle/gradle-2.14.1/lib/plugins/plexus-component-annotations-1.5.5.jar
7f29c8dd1000-7f29c8dd7000 r--s 0003f000 08:02 3402363                    /home/ankit/Downloads/android-studio/gradle/gradle-2.14.1/lib/plugins/maven-compat-3.0.4.jar
7f29c8dd7000-7f29c8dda000 r--s 00008000 08:02 3402345                    /home/ankit/Downloads/android-studio/gradle/gradle-2.14.1/lib/plugins/maven-settings-builder-3.0.4.jar
7f29c8dda000-7f29c8ddc000 r--s 00026000 08:02 3402383                    /home/ankit/Downloads/android-studio/gradle/gradle-2.14.1/lib/plugins/maven-model-3.0.4.jar
7f29c8ddc000-7f29c8dde000 r--s 00006000 08:02 3402374                    /home/ankit/Downloads/android-studio/gradle/gradle-2.14.1/lib/plugins/aether-connector-wagon-1.13.1.jar
7f29c8dde000-7f29c8de0000 r--s 0000a000 08:02 3402333                    /home/ankit/Downloads/android-studio/gradle/gradle-2.14.1/lib/plugins/plexus-classworlds-2.4.jar
7f29c8de0000-7f29c8de2000 r--s 00006000 08:02 3402364                    /home/ankit/Downloads/android-studio/gradle/gradle-2.14.1/lib/plugins/maven-repository-metadata-3.0.4.jar
7f29c8de2000-7f29c8de4000 r--s 0000c000 08:02 3402348                    /home/ankit/Downloads/android-studio/gradle/gradle-2.14.1/lib/plugins/maven-aether-provider-3.0.4.jar
7f29c8de4000-7f29c8de6000 r--s 0000b000 08:02 3402340                    /home/ankit/Downloads/android-studio/gradle/gradle-2.14.1/lib/plugins/wagon-provider-api-2.4.jar
7f29c8de6000-7f29c8dea000 r--s 0001c000 08:02 3402380                    /home/ankit/Downloads/android-studio/gradle/gradle-2.14.1/lib/plugins/aether-util-1.13.1.jar
7f29c8dea000-7f29c8ded000 r--s 0001d000 08:02 3402360                    /home/ankit/Downloads/android-studio/gradle/gradle-2.14.1/lib/plugins/aether-impl-1.13.1.jar
7f29c8ded000-7f29c8df2000 r--s 00040000 08:02 3402321                    /home/ankit/Downloads/android-studio/gradle/gradle-2.14.1/lib/plugins/jsch-0.1.53.jar
7f29c8df2000-7f29c8e32000 r--s 00277000 08:02 3402323                    /home/ankit/Downloads/android-studio/gradle/gradle-2.14.1/lib/plugins/bcprov-jdk15on-1.51.jar
7f29c8e32000-7f29c8e36000 r--s 0001d000 08:02 3402350                    /home/ankit/Downloads/android-studio/gradle/gradle-2.14.1/lib/plugins/xbean-reflect-3.4.jar
7f29c8e36000-7f29c8e42000 r--s 0007d000 08:02 3402367                    /home/ankit/Downloads/android-studio/gradle/gradle-2.14.1/lib/plugins/maven-core-3.0.4.jar
7f29c8e42000-7f29c8e47000 r--s 0002a000 08:02 3402346                    /home/ankit/Downloads/android-studio/gradle/gradle-2.14.1/lib/plugins/gson-2.2.4.jar
7f29c8e47000-7f29c8e56000 r--s 000d9000 08:02 3402331                    /home/ankit/Downloads/android-studio/gradle/gradle-2.14.1/lib/plugins/ivy-2.2.0.jar
7f29c8e56000-7f29c8e6c000 r-xp 00000000 08:02 2624314                    /lib/x86_64-linux-gnu/libgcc_s.so.1
7f29c8e6c000-7f29c906b000 ---p 00016000 08:02 2624314                    /lib/x86_64-linux-gnu/libgcc_s.so.1
7f29c906b000-7f29c906c000 r--p 00015000 08:02 2624314                    /lib/x86_64-linux-gnu/libgcc_s.so.1
7f29c906c000-7f29c906d000 rw-p 00016000 08:02 2624314                    /lib/x86_64-linux-gnu/libgcc_s.so.1
7f29c906d000-7f29c91e0000 r-xp 00000000 08:02 61223                      /usr/lib/x86_64-linux-gnu/libstdc++.so.6.0.21
7f29c91e0000-7f29c93df000 ---p 00173000 08:02 61223                      /usr/lib/x86_64-linux-gnu/libstdc++.so.6.0.21
7f29c93df000-7f29c93e9000 r--p 00172000 08:02 61223                      /usr/lib/x86_64-linux-gnu/libstdc++.so.6.0.21
7f29c93e9000-7f29c93eb000 rw-p 0017c000 08:02 61223                      /usr/lib/x86_64-linux-gnu/libstdc++.so.6.0.21
7f29c93eb000-7f29c93ef000 rw-p 00000000 00:00 0 
7f29c93ef000-7f29c93f0000 r--s 00002000 08:02 3402318                    /home/ankit/Downloads/android-studio/gradle/gradle-2.14.1/lib/plugins/wagon-http-2.4.jar
7f29c93f0000-7f29c93f1000 r--s 00003000 08:02 3402320                    /home/ankit/Downloads/android-studio/gradle/gradle-2.14.1/lib/plugins/aether-spi-1.13.1.jar
7f29c93f1000-7f29c93f2000 r--s 00006000 08:02 3402365                    /home/ankit/Downloads/android-studio/gradle/gradle-2.14.1/lib/plugins/plexus-sec-dispatcher-1.3.jar
7f29c93f2000-7f29c940e000 r--s 000d3000 08:02 3402161                    /home/ankit/Downloads/android-studio/gradle/gradle-2.14.1/lib/plugins/gradle-dependency-management-2.14.1.jar
7f29c940e000-7f29c9412000 r-xp 00000000 08:02 3391672                    /home/ankit/.gradle/native/19/linux-amd64/libnative-platform.so
7f29c9412000-7f29c9611000 ---p 00004000 08:02 3391672                    /home/ankit/.gradle/native/19/linux-amd64/libnative-platform.so
7f29c9611000-7f29c9612000 rw-p 00003000 08:02 3391672                    /home/ankit/.gradle/native/19/linux-amd64/libnative-platform.so
7f29c9612000-7f29c9623000 r-xp 00000000 08:02 199999                     /usr/lib/jvm/java-8-oracle/jre/lib/amd64/libnio.so
7f29c9623000-7f29c9822000 ---p 00011000 08:02 199999                     /usr/lib/jvm/java-8-oracle/jre/lib/amd64/libnio.so
7f29c9822000-7f29c9823000 rw-p 00010000 08:02 199999                     /usr/lib/jvm/java-8-oracle/jre/lib/amd64/libnio.so
7f29c9823000-7f29c9b24000 rw-p 00000000 00:00 0 
7f29c9b24000-7f29c9b3a000 r-xp 00000000 08:02 199974                     /usr/lib/jvm/java-8-oracle/jre/lib/amd64/libnet.so
7f29c9b3a000-7f29c9d3a000 ---p 00016000 08:02 199974                     /usr/lib/jvm/java-8-oracle/jre/lib/amd64/libnet.so
7f29c9d3a000-7f29c9d3b000 rw-p 00016000 08:02 199974                     /usr/lib/jvm/java-8-oracle/jre/lib/amd64/libnet.so
7f29c9d3b000-7f29c9d3d000 r--s 00005000 08:02 3394358                    /home/ankit/Downloads/android-studio/gradle/gradle-2.14.1/lib/gradle-wrapper-2.14.1.jar
7f29c9d3d000-7f29c9d4b000 r--s 0004f000 08:02 3394344                    /home/ankit/Downloads/android-studio/gradle/gradle-2.14.1/lib/gradle-tooling-api-2.14.1.jar
7f29c9d4b000-7f29c9d4d000 r--s 00002000 08:02 3394350                    /home/ankit/Downloads/android-studio/gradle/gradle-2.14.1/lib/gradle-open-api-2.14.1.jar
7f29c9d4d000-7f29c9d53000 r--s 00032000 08:02 3394400                    /home/ankit/Downloads/android-studio/gradle/gradle-2.14.1/lib/jaxen-1.1.jar
7f29c9d53000-7f29c9d58000 r--s 00048000 08:02 3394380                    /home/ankit/Downloads/android-studio/gradle/gradle-2.14.1/lib/dom4j-1.6.1.jar
7f29c9d58000-7f29c9d63000 r--s 00059000 08:02 3394373                    /home/ankit/Downloads/android-studio/gradle/gradle-2.14.1/lib/gradle-ui-2.14.1.jar
7f29c9d63000-7f29c9d66000 r--s 0000b000 08:02 3394378                    /home/ankit/Downloads/android-studio/gradle/gradle-2.14.1/lib/gradle-resources-2.14.1.jar
7f29c9d66000-7f29c9d68000 r--s 00003000 08:02 3394402                    /home/ankit/Downloads/android-studio/gradle/gradle-2.14.1/lib/jcl-over-slf4j-1.7.10.jar
7f29c9d68000-7f29c9d69000 r--s 00005000 08:02 3394397                    /home/ankit/Downloads/android-studio/gradle/gradle-2.14.1/lib/log4j-over-slf4j-1.7.10.jar
7f29c9d69000-7f29c9d6b000 r--s 00000000 08:02 3394404                    /home/ankit/Downloads/android-studio/gradle/gradle-2.14.1/lib/jul-to-slf4j-1.7.10.jar
7f29c9d6b000-7f29c9d70000 r--s 0001c000 08:02 3394356                    /home/ankit/Downloads/android-studio/gradle/gradle-2.14.1/lib/gradle-logging-2.14.1.jar
7f29c9d70000-7f29c9d72000 r--s 00007000 08:02 3394403                    /home/ankit/Downloads/android-studio/gradle/gradle-2.14.1/lib/objenesis-1.2.jar
7f29c9d72000-7f29c9d74000 r--s 00000000 08:02 3394383                    /home/ankit/Downloads/android-studio/gradle/gradle-2.14.1/lib/minlog-1.2.jar
7f29c9d74000-7f29c9d76000 r--s 0000f000 08:02 3394389                    /home/ankit/Downloads/android-studio/gradle/gradle-2.14.1/lib/reflectasm-1.07-shaded.jar
7f29c9d76000-7f29c9d7a000 r--s 00026000 08:02 3394395                    /home/ankit/Downloads/android-studio/gradle/gradle-2.14.1/lib/kryo-2.20.jar
7f29c9d7a000-7f29c9d80000 r--s 00025000 08:02 3394347                    /home/ankit/Downloads/android-studio/gradle/gradle-2.14.1/lib/gradle-messaging-2.14.1.jar
7f29c9d80000-7f29c9d81000 r--s 00003000 08:02 3394401                    /home/ankit/Downloads/android-studio/gradle/gradle-2.14.1/lib/native-platform-freebsd-amd64-0.10.jar
7f29c9d81000-7f29c9d82000 r--s 00003000 08:02 3394390                    /home/ankit/Downloads/android-studio/gradle/gradle-2.14.1/lib/native-platform-freebsd-i386-0.10.jar
7f29c9d82000-7f29c9d83000 r--s 00005000 08:02 3394385                    /home/ankit/Downloads/android-studio/gradle/gradle-2.14.1/lib/native-platform-windows-i386-0.10.jar
7f29c9d83000-7f29c9d84000 r--s 00005000 08:02 3394384                    /home/ankit/Downloads/android-studio/gradle/gradle-2.14.1/lib/native-platform-windows-amd64-0.10.jar
7f29c9d84000-7f29c9d85000 r--s 00003000 08:02 3394391                    /home/ankit/Downloads/android-studio/gradle/gradle-2.14.1/lib/native-platform-linux-i386-0.10.jar
7f29c9d85000-7f29c9d86000 r--s 00003000 08:02 3394382                    /home/ankit/Downloads/android-studio/gradle/gradle-2.14.1/lib/native-platform-linux-amd64-0.10.jar
7f29c9d86000-7f29c9d88000 r--s 00008000 08:02 3394399                    /home/ankit/Downloads/android-studio/gradle/gradle-2.14.1/lib/jansi-1.2.1.jar
7f29c9d88000-7f29c9d8c000 r--s 000e4000 08:02 3394393                    /home/ankit/Downloads/android-studio/gradle/gradle-2.14.1/lib/jna-3.2.7.jar
7f29c9d8c000-7f29c9d9b000 r--s 00080000 08:02 3394371                    /home/ankit/Downloads/android-studio/gradle/gradle-2.14.1/lib/gradle-model-core-2.14.1.jar
7f29c9d9b000-7f29c9e0a000 r--s 0063e000 08:02 3394407                    /home/ankit/Downloads/android-studio/gradle/gradle-2.14.1/lib/groovy-all-2.4.4.jar
7f29c9e0a000-7f29c9e32000 r--s 001cf000 08:02 3394387                    /home/ankit/Downloads/android-studio/gradle/gradle-2.14.1/lib/guava-jdk5-17.0.jar
7f29c9e32000-7f29c9e51000 r--s 001d1000 08:02 3394357                    /home/ankit/Downloads/android-studio/gradle/gradle-2.14.1/lib/ant-1.9.6.jar
7f29c9e51000-7f29c9e88000 r--s 001bd000 08:02 3394359                    /home/ankit/Downloads/android-studio/gradle/gradle-2.14.1/lib/gradle-core-2.14.1.jar
7f29c9e88000-7f29c9e89000 ---p 00000000 00:00 0 
7f29c9e89000-7f29c9f89000 rw-p 00000000 00:00 0 
7f29c9f89000-7f29c9f8c000 ---p 00000000 00:00 0 
7f29c9f8c000-7f29ca08a000 rw-p 00000000 00:00 0 
7f29ca08a000-7f29ca08d000 ---p 00000000 00:00 0 
7f29ca08d000-7f29ca18b000 rw-p 00000000 00:00 0 
7f29ca18b000-7f29ca18e000 ---p 00000000 00:00 0 
7f29ca18e000-7f29ca28c000 rw-p 00000000 00:00 0 
7f29ca28c000-7f29ca28f000 ---p 00000000 00:00 0 
7f29ca28f000-7f29ca38d000 rw-p 00000000 00:00 0 
7f29ca38d000-7f29ca390000 ---p 00000000 00:00 0 
7f29ca390000-7f29ca48e000 rw-p 00000000 00:00 0 
7f29ca48e000-7f29cab70000 r--p 00000000 08:02 59247                      /usr/lib/locale/locale-archive
7f29cab70000-7f29cab73000 ---p 00000000 00:00 0 
7f29cab73000-7f29cac71000 rw-p 00000000 00:00 0 
7f29cac71000-7f29cac74000 ---p 00000000 00:00 0 
7f29cac74000-7f29cad72000 rw-p 00000000 00:00 0 
7f29cad72000-7f29cad73000 ---p 00000000 00:00 0 
7f29cad73000-7f29cc000000 rw-p 00000000 00:00 0 
7f29cc000000-7f29cc046000 rw-p 00000000 00:00 0 
7f29cc046000-7f29d0000000 ---p 00000000 00:00 0 
7f29d0000000-7f29d0003000 r--s 0000d000 08:02 3394394                    /home/ankit/Downloads/android-studio/gradle/gradle-2.14.1/lib/native-platform-0.10.jar
7f29d0003000-7f29d0010000 r--s 00083000 08:02 3394379                    /home/ankit/Downloads/android-studio/gradle/gradle-2.14.1/lib/commons-collections-3.2.2.jar
7f29d0010000-7f29d0616000 rw-p 00000000 00:00 0 
7f29d0616000-7f29d07ee000 r--s 03d2a000 08:02 182584                     /usr/lib/jvm/java-8-oracle/jre/lib/rt.jar
7f29d07ee000-7f29d3aee000 rw-p 00000000 00:00 0 
7f29d3aee000-7f29d3aef000 ---p 00000000 00:00 0 
7f29d3aef000-7f29d3bef000 rw-p 00000000 00:00 0 
7f29d3bef000-7f29d3bf0000 ---p 00000000 00:00 0 
7f29d3bf0000-7f29d3cf0000 rw-p 00000000 00:00 0 
7f29d3cf0000-7f29d3cf1000 ---p 00000000 00:00 0 
7f29d3cf1000-7f29d3df1000 rw-p 00000000 00:00 0 
7f29d3df1000-7f29d3df2000 ---p 00000000 00:00 0 
7f29d3df2000-7f29d4073000 rw-p 00000000 00:00 0 
7f29d4073000-7f29d40f2000 ---p 00000000 00:00 0 
7f29d40f2000-7f29d4273000 rw-p 00000000 00:00 0 
7f29d4273000-7f29d42f2000 ---p 00000000 00:00 0 
7f29d42f2000-7f29d43f2000 rw-p 00000000 00:00 0 
7f29d43f2000-7f29d446a000 rw-p 00000000 00:00 0 
7f29d446a000-7f29d47b3000 ---p 00000000 00:00 0 
7f29d47b3000-7f29d6553000 rwxp 00000000 00:00 0 
7f29d6553000-7f29e37b3000 ---p 00000000 00:00 0 
7f29e37b3000-7f29e37cd000 r-xp 00000000 08:02 199997                     /usr/lib/jvm/java-8-oracle/jre/lib/amd64/libzip.so
7f29e37cd000-7f29e39cd000 ---p 0001a000 08:02 199997                     /usr/lib/jvm/java-8-oracle/jre/lib/amd64/libzip.so
7f29e39cd000-7f29e39ce000 rw-p 0001a000 08:02 199997                     /usr/lib/jvm/java-8-oracle/jre/lib/amd64/libzip.so
7f29e39ce000-7f29e39d8000 r-xp 00000000 08:02 2621662                    /lib/x86_64-linux-gnu/libnss_files-2.21.so
7f29e39d8000-7f29e3bd8000 ---p 0000a000 08:02 2621662                    /lib/x86_64-linux-gnu/libnss_files-2.21.so
7f29e3bd8000-7f29e3bd9000 r--p 0000a000 08:02 2621662                    /lib/x86_64-linux-gnu/libnss_files-2.21.so
7f29e3bd9000-7f29e3bda000 rw-p 0000b000 08:02 2621662                    /lib/x86_64-linux-gnu/libnss_files-2.21.so
7f29e3bda000-7f29e3be5000 r-xp 00000000 08:02 2623427                    /lib/x86_64-linux-gnu/libnss_nis-2.21.so
7f29e3be5000-7f29e3de4000 ---p 0000b000 08:02 2623427                    /lib/x86_64-linux-gnu/libnss_nis-2.21.so
7f29e3de4000-7f29e3de5000 r--p 0000a000 08:02 2623427                    /lib/x86_64-linux-gnu/libnss_nis-2.21.so
7f29e3de5000-7f29e3de6000 rw-p 0000b000 08:02 2623427                    /lib/x86_64-linux-gnu/libnss_nis-2.21.so
7f29e3de6000-7f29e3dfd000 r-xp 00000000 08:02 2623430                    /lib/x86_64-linux-gnu/libnsl-2.21.so
7f29e3dfd000-7f29e3ffc000 ---p 00017000 08:02 2623430                    /lib/x86_64-linux-gnu/libnsl-2.21.so
7f29e3ffc000-7f29e3ffd000 r--p 00016000 08:02 2623430                    /lib/x86_64-linux-gnu/libnsl-2.21.so
7f29e3ffd000-7f29e3ffe000 rw-p 00017000 08:02 2623430                    /lib/x86_64-linux-gnu/libnsl-2.21.so
7f29e3ffe000-7f29e4000000 rw-p 00000000 00:00 0 
7f29e4000000-7f29e4b97000 rw-p 00000000 00:00 0 
7f29e4b97000-7f29e8000000 ---p 00000000 00:00 0 
7f29e8000000-7f29e8001000 r--s 00002000 08:02 3394381                    /home/ankit/Downloads/android-studio/gradle/gradle-2.14.1/lib/native-platform-osx-amd64-0.10.jar
7f29e8001000-7f29e8003000 r--s 00009000 08:02 3394375                    /home/ankit/Downloads/android-studio/gradle/gradle-2.14.1/lib/gradle-native-2.14.1.jar
7f29e8003000-7f29e8005000 r--s 00005000 08:02 3394376                    /home/ankit/Downloads/android-studio/gradle/gradle-2.14.1/lib/gradle-cli-2.14.1.jar
7f29e8005000-7f29e80ca000 rw-p 00000000 00:00 0 
7f29e80ca000-7f29e80d2000 r-xp 00000000 08:02 2622662                    /lib/x86_64-linux-gnu/libnss_compat-2.21.so
7f29e80d2000-7f29e82d1000 ---p 00008000 08:02 2622662                    /lib/x86_64-linux-gnu/libnss_compat-2.21.so
7f29e82d1000-7f29e82d2000 r--p 00007000 08:02 2622662                    /lib/x86_64-linux-gnu/libnss_compat-2.21.so
7f29e82d2000-7f29e82d3000 rw-p 00008000 08:02 2622662                    /lib/x86_64-linux-gnu/libnss_compat-2.21.so
7f29e82d3000-7f29e82fe000 r-xp 00000000 08:02 200024                     /usr/lib/jvm/java-8-oracle/jre/lib/amd64/libjava.so
7f29e82fe000-7f29e84fd000 ---p 0002b000 08:02 200024                     /usr/lib/jvm/java-8-oracle/jre/lib/amd64/libjava.so
7f29e84fd000-7f29e84ff000 rw-p 0002a000 08:02 200024                     /usr/lib/jvm/java-8-oracle/jre/lib/amd64/libjava.so
7f29e84ff000-7f29e850c000 r-xp 00000000 08:02 199975                     /usr/lib/jvm/java-8-oracle/jre/lib/amd64/libverify.so
7f29e850c000-7f29e870b000 ---p 0000d000 08:02 199975                     /usr/lib/jvm/java-8-oracle/jre/lib/amd64/libverify.so
7f29e870b000-7f29e870d000 rw-p 0000c000 08:02 199975                     /usr/lib/jvm/java-8-oracle/jre/lib/amd64/libverify.so
7f29e870d000-7f29e8714000 r-xp 00000000 08:02 2621663                    /lib/x86_64-linux-gnu/librt-2.21.so
7f29e8714000-7f29e8913000 ---p 00007000 08:02 2621663                    /lib/x86_64-linux-gnu/librt-2.21.so
7f29e8913000-7f29e8914000 r--p 00006000 08:02 2621663                    /lib/x86_64-linux-gnu/librt-2.21.so
7f29e8914000-7f29e8915000 rw-p 00007000 08:02 2621663                    /lib/x86_64-linux-gnu/librt-2.21.so
7f29e8915000-7f29e8a1c000 r-xp 00000000 08:02 2623271                    /lib/x86_64-linux-gnu/libm-2.21.so
7f29e8a1c000-7f29e8c1b000 ---p 00107000 08:02 2623271                    /lib/x86_64-linux-gnu/libm-2.21.so
7f29e8c1b000-7f29e8c1c000 r--p 00106000 08:02 2623271                    /lib/x86_64-linux-gnu/libm-2.21.so
7f29e8c1c000-7f29e8c1d000 rw-p 00107000 08:02 2623271                    /lib/x86_64-linux-gnu/libm-2.21.so
7f29e8c1d000-7f29e98ea000 r-xp 00000000 08:02 200028                     /usr/lib/jvm/java-8-oracle/jre/lib/amd64/server/libjvm.so
7f29e98ea000-7f29e9ae9000 ---p 00ccd000 08:02 200028                     /usr/lib/jvm/java-8-oracle/jre/lib/amd64/server/libjvm.so
7f29e9ae9000-7f29e9bc2000 rw-p 00ccc000 08:02 200028                     /usr/lib/jvm/java-8-oracle/jre/lib/amd64/server/libjvm.so
7f29e9bc2000-7f29e9c0d000 rw-p 00000000 00:00 0 
7f29e9c0d000-7f29e9dcd000 r-xp 00000000 08:02 2623433                    /lib/x86_64-linux-gnu/libc-2.21.so
7f29e9dcd000-7f29e9fcd000 ---p 001c0000 08:02 2623433                    /lib/x86_64-linux-gnu/libc-2.21.so
7f29e9fcd000-7f29e9fd1000 r--p 001c0000 08:02 2623433                    /lib/x86_64-linux-gnu/libc-2.21.so
7f29e9fd1000-7f29e9fd3000 rw-p 001c4000 08:02 2623433                    /lib/x86_64-linux-gnu/libc-2.21.so
7f29e9fd3000-7f29e9fd7000 rw-p 00000000 00:00 0 
7f29e9fd7000-7f29e9fda000 r-xp 00000000 08:02 2623420                    /lib/x86_64-linux-gnu/libdl-2.21.so
7f29e9fda000-7f29ea1d9000 ---p 00003000 08:02 2623420                    /lib/x86_64-linux-gnu/libdl-2.21.so
7f29ea1d9000-7f29ea1da000 r--p 00002000 08:02 2623420                    /lib/x86_64-linux-gnu/libdl-2.21.so
7f29ea1da000-7f29ea1db000 rw-p 00003000 08:02 2623420                    /lib/x86_64-linux-gnu/libdl-2.21.so
7f29ea1db000-7f29ea1f0000 r-xp 00000000 08:02 158504                     /usr/lib/jvm/java-8-oracle/lib/amd64/jli/libjli.so
7f29ea1f0000-7f29ea3f0000 ---p 00015000 08:02 158504                     /usr/lib/jvm/java-8-oracle/lib/amd64/jli/libjli.so
7f29ea3f0000-7f29ea3f1000 rw-p 00015000 08:02 158504                     /usr/lib/jvm/java-8-oracle/lib/amd64/jli/libjli.so
7f29ea3f1000-7f29ea409000 r-xp 00000000 08:02 2623413                    /lib/x86_64-linux-gnu/libpthread-2.21.so
7f29ea409000-7f29ea609000 ---p 00018000 08:02 2623413                    /lib/x86_64-linux-gnu/libpthread-2.21.so
7f29ea609000-7f29ea60a000 r--p 00018000 08:02 2623413                    /lib/x86_64-linux-gnu/libpthread-2.21.so
7f29ea60a000-7f29ea60b000 rw-p 00019000 08:02 2623413                    /lib/x86_64-linux-gnu/libpthread-2.21.so
7f29ea60b000-7f29ea60f000 rw-p 00000000 00:00 0 
7f29ea60f000-7f29ea633000 r-xp 00000000 08:02 2623431                    /lib/x86_64-linux-gnu/ld-2.21.so
7f29ea633000-7f29ea634000 r--s 00002000 08:02 3394398                    /home/ankit/Downloads/android-studio/gradle/gradle-2.14.1/lib/native-platform-osx-i386-0.10.jar
7f29ea634000-7f29ea636000 r--s 00007000 08:02 3394353                    /home/ankit/Downloads/android-studio/gradle/gradle-2.14.1/lib/gradle-model-groovy-2.14.1.jar
7f29ea636000-7f29ea637000 r--s 00006000 08:02 3394370                    /home/ankit/Downloads/android-studio/gradle/gradle-2.14.1/lib/gradle-base-services-groovy-2.14.1.jar
7f29ea637000-7f29ea638000 r--s 00002000 08:02 3394360                    /home/ankit/Downloads/android-studio/gradle/gradle-2.14.1/lib/gradle-docs-2.14.1.jar
7f29ea638000-7f29ea639000 r--s 00000000 08:02 3394406                    /home/ankit/Downloads/android-studio/gradle/gradle-2.14.1/lib/javax.inject-1.jar
7f29ea639000-7f29ea63a000 r--s 00000000 08:02 3394388                    /home/ankit/Downloads/android-studio/gradle/gradle-2.14.1/lib/jcip-annotations-1.0.jar
7f29ea63a000-7f29ea63e000 r--s 00027000 08:02 3394396                    /home/ankit/Downloads/android-studio/gradle/gradle-2.14.1/lib/commons-io-2.2.jar
7f29ea63e000-7f29ea643000 r--s 00038000 08:02 3394363                    /home/ankit/Downloads/android-studio/gradle/gradle-2.14.1/lib/asm-all-5.1.jar
7f29ea643000-7f29ea644000 r--s 00001000 08:02 3394374                    /home/ankit/Downloads/android-studio/gradle/gradle-2.14.1/lib/gradle-process-services-2.14.1.jar
7f29ea644000-7f29ea645000 r--s 00000000 08:02 3394345                    /home/ankit/Downloads/android-studio/gradle/gradle-2.14.1/lib/gradle-jvm-services-2.14.1.jar
7f29ea645000-7f29ea64a000 r--s 00041000 08:02 3394392                    /home/ankit/Downloads/android-studio/gradle/gradle-2.14.1/lib/commons-lang-2.6.jar
7f29ea64a000-7f29ea70c000 rw-p 00000000 00:00 0 
7f29ea70c000-7f29ea70f000 ---p 00000000 00:00 0 
7f29ea70f000-7f29ea811000 rw-p 00000000 00:00 0 
7f29ea811000-7f29ea812000 r--s 00007000 08:02 3394386                    /home/ankit/Downloads/android-studio/gradle/gradle-2.14.1/lib/slf4j-api-1.7.10.jar
7f29ea812000-7f29ea813000 r--s 00004000 08:02 3394372                    /home/ankit/Downloads/android-studio/gradle/gradle-2.14.1/lib/ant-launcher-1.9.6.jar
7f29ea813000-7f29ea81b000 r--s 0003a000 08:02 3394364                    /home/ankit/Downloads/android-studio/gradle/gradle-2.14.1/lib/gradle-base-services-2.14.1.jar
7f29ea81b000-7f29ea826000 r--s 00051000 08:02 3394361                    /home/ankit/Downloads/android-studio/gradle/gradle-2.14.1/lib/gradle-launcher-2.14.1.jar
7f29ea826000-7f29ea82e000 rw-s 00000000 08:02 5033442                    /tmp/hsperfdata_ankit/26413
7f29ea82e000-7f29ea82f000 rw-p 00000000 00:00 0 
7f29ea82f000-7f29ea830000 ---p 00000000 00:00 0 
7f29ea830000-7f29ea832000 rw-p 00000000 00:00 0 
7f29ea832000-7f29ea833000 r--p 00023000 08:02 2623431                    /lib/x86_64-linux-gnu/ld-2.21.so
7f29ea833000-7f29ea834000 rw-p 00024000 08:02 2623431                    /lib/x86_64-linux-gnu/ld-2.21.so
7f29ea834000-7f29ea835000 rw-p 00000000 00:00 0 
7ffcacf43000-7ffcacf64000 rw-p 00000000 00:00 0                          [stack]
7ffcacfc9000-7ffcacfcb000 r--p 00000000 00:00 0                          [vvar]
7ffcacfcb000-7ffcacfcd000 r-xp 00000000 00:00 0                          [vdso]
ffffffffff600000-ffffffffff601000 r-xp 00000000 00:00 0                  [vsyscall]

VM Arguments:
jvm_args: -Xmx1536m -Dfile.encoding=UTF-8 -Duser.country=IN -Duser.language=en -Duser.variant 
java_command: org.gradle.launcher.daemon.bootstrap.GradleDaemon 2.14.1
java_class_path (initial): /home/ankit/Downloads/android-studio/gradle/gradle-2.14.1/lib/gradle-launcher-2.14.1.jar
Launcher Type: SUN_STANDARD

Environment Variables:
JAVA_HOME=/usr/lib/jvm/java-8-oracle
PATH=/usr/local/sbin:/usr/local/bin:/usr/sbin:/usr/bin:/sbin:/bin:/usr/games:/usr/local/games:/usr/lib/jvm/java-8-oracle/bin:/usr/lib/jvm/java-8-oracle/db/bin:/usr/lib/jvm/java-8-oracle/jre/bin
LD_LIBRARY_PATH=Downloads/android-studio/bin:
SHELL=/bin/bash
DISPLAY=:0

Signal Handlers:
SIGSEGV: [libjvm.so+0xac64b0], sa_mask[0]=11111111011111111101111111111110, sa_flags=SA_RESTART|SA_SIGINFO
SIGBUS: [libjvm.so+0xac64b0], sa_mask[0]=11111111011111111101111111111110, sa_flags=SA_RESTART|SA_SIGINFO
SIGFPE: [libjvm.so+0x91f950], sa_mask[0]=11111111011111111101111111111110, sa_flags=SA_RESTART|SA_SIGINFO
SIGPIPE: [libjvm.so+0x91f950], sa_mask[0]=11111111011111111101111111111110, sa_flags=SA_RESTART|SA_SIGINFO
SIGXFSZ: [libjvm.so+0x91f950], sa_mask[0]=11111111011111111101111111111110, sa_flags=SA_RESTART|SA_SIGINFO
SIGILL: [libjvm.so+0x91f950], sa_mask[0]=11111111011111111101111111111110, sa_flags=SA_RESTART|SA_SIGINFO
SIGUSR1: SIG_DFL, sa_mask[0]=00000000000000000000000000000000, sa_flags=none
SIGUSR2: [libjvm.so+0x920f80], sa_mask[0]=00100000000000000000000000000000, sa_flags=SA_RESTART|SA_SIGINFO
SIGHUP: [libjvm.so+0x922380], sa_mask[0]=11111111011111111101111111111110, sa_flags=SA_RESTART|SA_SIGINFO
SIGINT: [libjvm.so+0x922380], sa_mask[0]=11111111011111111101111111111110, sa_flags=SA_RESTART|SA_SIGINFO
SIGTERM: [libjvm.so+0x922380], sa_mask[0]=11111111011111111101111111111110, sa_flags=SA_RESTART|SA_SIGINFO
SIGQUIT: [libjvm.so+0x922380], sa_mask[0]=11111111011111111101111111111110, sa_flags=SA_RESTART|SA_SIGINFO


---------------  S Y S T E M  ---------------

OS:DISTRIB_ID=Ubuntu
DISTRIB_RELEASE=15.10
DISTRIB_CODENAME=wily
DISTRIB_DESCRIPTION="Ubuntu 15.10"

uname:Linux 4.2.0-42-generic #49-Ubuntu SMP Tue Jun 28 21:26:26 UTC 2016 x86_64
libc:glibc 2.21 NPTL 2.21 
rlimit: STACK 8192k, CORE 0k, NPROC 31537, NOFILE 65536, AS infinity
load average:3.85 3.09 2.42

/proc/meminfo:
MemTotal:        8110256 kB
MemFree:          123056 kB
MemAvailable:     141364 kB
Buffers:           13560 kB
Cached:           876988 kB
SwapCached:            0 kB
Active:          6977332 kB
Inactive:         770116 kB
Active(anon):    6897232 kB
Inactive(anon):   697344 kB
Active(file):      80100 kB
Inactive(file):    72772 kB
Unevictable:         128 kB
Mlocked:             128 kB
SwapTotal:             0 kB
SwapFree:              0 kB
Dirty:               172 kB
Writeback:             0 kB
AnonPages:       6857032 kB
Mapped:           626480 kB
Shmem:            737676 kB
Slab:             103568 kB
SReclaimable:      52684 kB
SUnreclaim:        50884 kB
KernelStack:       13280 kB
PageTables:        72212 kB
NFS_Unstable:          0 kB
Bounce:                0 kB
WritebackTmp:          0 kB
CommitLimit:     4055128 kB
Committed_AS:   15592372 kB
VmallocTotal:   34359738367 kB
VmallocUsed:      551912 kB
VmallocChunk:   34358423548 kB
HardwareCorrupted:     0 kB
AnonHugePages:   3928064 kB
CmaTotal:              0 kB
CmaFree:               0 kB
HugePages_Total:       0
HugePages_Free:        0
HugePages_Rsvd:        0
HugePages_Surp:        0
Hugepagesize:       2048 kB
DirectMap4k:      244416 kB
DirectMap2M:     7030784 kB
DirectMap1G:     2097152 kB


CPU:total 4 (2 cores per cpu, 2 threads per core) family 6 model 69 stepping 1, cmov, cx8, fxsr, mmx, sse, sse2, sse3, ssse3, sse4.1, sse4.2, popcnt, avx, avx2, aes, clmul, erms, lzcnt, ht, tsc, tscinvbit, bmi1, bmi2

/proc/cpuinfo:
processor	: 0
vendor_id	: GenuineIntel
cpu family	: 6
model		: 69
model name	: Intel(R) Core(TM) i3-4005U CPU @ 1.70GHz
stepping	: 1
microcode	: 0x1c
cpu MHz		: 1700.000
cache size	: 3072 KB
physical id	: 0
siblings	: 4
core id		: 0
cpu cores	: 2
apicid		: 0
initial apicid	: 0
fpu		: yes
fpu_exception	: yes
cpuid level	: 13
wp		: yes
flags		: fpu vme de pse tsc msr pae mce cx8 apic sep mtrr pge mca cmov pat pse36 clflush dts acpi mmx fxsr sse sse2 ss ht tm pbe syscall nx pdpe1gb rdtscp lm constant_tsc arch_perfmon pebs bts rep_good nopl xtopology nonstop_tsc aperfmperf eagerfpu pni pclmulqdq dtes64 monitor ds_cpl vmx est tm2 ssse3 fma cx16 xtpr pdcm pcid sse4_1 sse4_2 movbe popcnt tsc_deadline_timer aes xsave avx f16c rdrand lahf_lm abm ida arat epb pln pts dtherm tpr_shadow vnmi flexpriority ept vpid fsgsbase tsc_adjust bmi1 avx2 smep bmi2 erms invpcid xsaveopt
bugs		:
bogomips	: 3392.32
clflush size	: 64
cache_alignment	: 64
address sizes	: 39 bits physical, 48 bits virtual
power management:

processor	: 1
vendor_id	: GenuineIntel
cpu family	: 6
model		: 69
model name	: Intel(R) Core(TM) i3-4005U CPU @ 1.70GHz
stepping	: 1
microcode	: 0x1c
cpu MHz		: 1685.855
cache size	: 3072 KB
physical id	: 0
siblings	: 4
core id		: 0
cpu cores	: 2
apicid		: 1
initial apicid	: 1
fpu		: yes
fpu_exception	: yes
cpuid level	: 13
wp		: yes
flags		: fpu vme de pse tsc msr pae mce cx8 apic sep mtrr pge mca cmov pat pse36 clflush dts acpi mmx fxsr sse sse2 ss ht tm pbe syscall nx pdpe1gb rdtscp lm constant_tsc arch_perfmon pebs bts rep_good nopl xtopology nonstop_tsc aperfmperf eagerfpu pni pclmulqdq dtes64 monitor ds_cpl vmx est tm2 ssse3 fma cx16 xtpr pdcm pcid sse4_1 sse4_2 movbe popcnt tsc_deadline_timer aes xsave avx f16c rdrand lahf_lm abm ida arat epb pln pts dtherm tpr_shadow vnmi flexpriority ept vpid fsgsbase tsc_adjust bmi1 avx2 smep bmi2 erms invpcid xsaveopt
bugs		:
bogomips	: 3392.32
clflush size	: 64
cache_alignment	: 64
address sizes	: 39 bits physical, 48 bits virtual
power management:

processor	: 2
vendor_id	: GenuineIntel
cpu family	: 6
model		: 69
model name	: Intel(R) Core(TM) i3-4005U CPU @ 1.70GHz
stepping	: 1
microcode	: 0x1c
cpu MHz		: 1700.000
cache size	: 3072 KB
physical id	: 0
siblings	: 4
core id		: 1
cpu cores	: 2
apicid		: 2
initial apicid	: 2
fpu		: yes
fpu_exception	: yes
cpuid level	: 13
wp		: yes
flags		: fpu vme de pse tsc msr pae mce cx8 apic sep mtrr pge mca cmov pat pse36 clflush dts acpi mmx fxsr sse sse2 ss ht tm pbe syscall nx pdpe1gb rdtscp lm constant_tsc arch_perfmon pebs bts rep_good nopl xtopology nonstop_tsc aperfmperf eagerfpu pni pclmulqdq dtes64 monitor ds_cpl vmx est tm2 ssse3 fma cx16 xtpr pdcm pcid sse4_1 sse4_2 movbe popcnt tsc_deadline_timer aes xsave avx f16c rdrand lahf_lm abm ida arat epb pln pts dtherm tpr_shadow vnmi flexpriority ept vpid fsgsbase tsc_adjust bmi1 avx2 smep bmi2 erms invpcid xsaveopt
bugs		:
bogomips	: 3392.32
clflush size	: 64
cache_alignment	: 64
address sizes	: 39 bits physical, 48 bits virtual
power management:

processor	: 3
vendor_id	: GenuineIntel
cpu family	: 6
model		: 69
model name	: Intel(R) Core(TM) i3-4005U CPU @ 1.70GHz
stepping	: 1
microcode	: 0x1c
cpu MHz		: 1689.707
cache size	: 3072 KB
physical id	: 0
siblings	: 4
core id		: 1
cpu cores	: 2
apicid		: 3
initial apicid	: 3
fpu		: yes
fpu_exception	: yes
cpuid level	: 13
wp		: yes
flags		: fpu vme de pse tsc msr pae mce cx8 apic sep mtrr pge mca cmov pat pse36 clflush dts acpi mmx fxsr sse sse2 ss ht tm pbe syscall nx pdpe1gb rdtscp lm constant_tsc arch_perfmon pebs bts rep_good nopl xtopology nonstop_tsc aperfmperf eagerfpu pni pclmulqdq dtes64 monitor ds_cpl vmx est tm2 ssse3 fma cx16 xtpr pdcm pcid sse4_1 sse4_2 movbe popcnt tsc_deadline_timer aes xsave avx f16c rdrand lahf_lm abm ida arat epb pln pts dtherm tpr_shadow vnmi flexpriority ept vpid fsgsbase tsc_adjust bmi1 avx2 smep bmi2 erms invpcid xsaveopt
bugs		:
bogomips	: 3392.32
clflush size	: 64
cache_alignment	: 64
address sizes	: 39 bits physical, 48 bits virtual
power management:



Memory: 4k page, physical 8110256k(123056k free), swap 0k(0k free)

vm_info: Java HotSpot(TM) 64-Bit Server VM (25.111-b14) for linux-amd64 JRE (1.8.0_111-b14), built on Sep 22 2016 16:14:03 by "java_re" with gcc 4.3.0 20080428 (Red Hat 4.3.0-8)

time: Tue Dec 20 21:04:30 2016
elapsed time: 70 seconds (0d 0h 1m 10s)

