#
# There is insufficient memory for the Java Runtime Environment to continue.
# Native memory allocation (mmap) failed to map 304611328 bytes for committing reserved memory.
# Possible reasons:
#   The system is out of physical RAM or swap space
#   In 32 bit mode, the process size limit was hit
# Possible solutions:
#   Reduce memory load on the system
#   Increase physical memory or swap space
#   Check if swap backing store is full
#   Use 64 bit Java on a 64 bit OS
#   Decrease Java heap size (-Xmx/-Xms)
#   Decrease number of Java threads
#   Decrease Java thread stack sizes (-Xss)
#   Set larger code cache with -XX:ReservedCodeCacheSize=
# This output file may be truncated or incomplete.
#
#  Out of Memory Error (os_linux.cpp:2627), pid=24681, tid=0x00007ff62f0f0700
#
# JRE version: Java(TM) SE Runtime Environment (8.0_111-b14) (build 1.8.0_111-b14)
# Java VM: Java HotSpot(TM) 64-Bit Server VM (25.111-b14 mixed mode linux-amd64 compressed oops)
# Failed to write core dump. Core dumps have been disabled. To enable core dumping, try "ulimit -c unlimited" before starting Java again
#

---------------  T H R E A D  ---------------

Current thread (0x00007ff644078000):  VMThread [stack: 0x00007ff62eff0000,0x00007ff62f0f1000] [id=24690]

Stack: [0x00007ff62eff0000,0x00007ff62f0f1000],  sp=0x00007ff62f0ef120,  free space=1020k
Native frames: (J=compiled Java code, j=interpreted, Vv=VM code, C=native code)
V  [libjvm.so+0xac5c2a]  VMError::report_and_die()+0x2ba
V  [libjvm.so+0x4fc50b]  report_vm_out_of_memory(char const*, int, unsigned long, VMErrorType, char const*)+0x8b
V  [libjvm.so+0x922ae3]  os::Linux::commit_memory_impl(char*, unsigned long, bool)+0x103
V  [libjvm.so+0x923039]  os::pd_commit_memory(char*, unsigned long, unsigned long, bool)+0x29
V  [libjvm.so+0x91d33a]  os::commit_memory(char*, unsigned long, unsigned long, bool)+0x2a
V  [libjvm.so+0x991ac3]  PSVirtualSpace::expand_by(unsigned long)+0x53
V  [libjvm.so+0x982380]  PSOldGen::expand(unsigned long)+0x170
V  [libjvm.so+0x98258b]  PSOldGen::resize(unsigned long)+0x1cb
V  [libjvm.so+0x98a291]  PSParallelCompact::invoke_no_policy(bool)+0x991
V  [libjvm.so+0x98fbed]  PSScavenge::invoke()+0x1ad
V  [libjvm.so+0x9467d0]  ParallelScavengeHeap::failed_mem_allocate(unsigned long)+0x70
V  [libjvm.so+0xac7647]  VM_ParallelGCFailedAllocation::doit()+0x97
V  [libjvm.so+0xacf125]  VM_Operation::evaluate()+0x55
V  [libjvm.so+0xacd4fa]  VMThread::evaluate_operation(VM_Operation*)+0xba
V  [libjvm.so+0xacd87e]  VMThread::loop()+0x1ce
V  [libjvm.so+0xacdcf0]  VMThread::run()+0x70
V  [libjvm.so+0x924ea8]  java_start(Thread*)+0x108

VM_Operation (0x00007ff6226f0e50): ParallelGCFailedAllocation, mode: safepoint, requested by thread 0x00007ff5c406c800


---------------  P R O C E S S  ---------------

Java Threads: ( => current thread )
  0x00007ff5c406c800 JavaThread "pool-5-thread-4" [_thread_blocked, id=24734, stack(0x00007ff6225f2000,0x00007ff6226f3000)]
  0x00007ff5c406a800 JavaThread "pool-5-thread-3" [_thread_blocked, id=24733, stack(0x00007ff6226f3000,0x00007ff6227f4000)]
  0x00007ff5c4068800 JavaThread "pool-5-thread-2" [_thread_blocked, id=24732, stack(0x00007ff6227f4000,0x00007ff6228f5000)]
  0x00007ff5c4066800 JavaThread "pool-6-thread-1" [_thread_blocked, id=24731, stack(0x00007ff6228f5000,0x00007ff6229f6000)]
  0x00007ff5c4065800 JavaThread "pool-5-thread-1" [_thread_blocked, id=24730, stack(0x00007ff6229f6000,0x00007ff622af7000)]
  0x00007ff5e035c800 JavaThread "pool-3-thread-1" [_thread_blocked, id=24728, stack(0x00007ff628038000,0x00007ff628139000)]
  0x00007ff5e01f4000 JavaThread "File lock request listener" [_thread_in_native, id=24722, stack(0x00007ff62842e000,0x00007ff62852f000)]
  0x00007ff5e0016000 JavaThread "Asynchronous log dispatcher for org.gradle.launcher.daemon.server.DefaultDaemonConnection@3bec505b" [_thread_blocked, id=24717, stack(0x00007ff6292ee000,0x00007ff6293ef000)]
  0x00007ff5e4008000 JavaThread "Daemon worker" [_thread_blocked, id=24714, stack(0x00007ff6293ef000,0x00007ff6294f0000)]
  0x00007ff5e400d800 JavaThread "Cancel handler" [_thread_blocked, id=24713, stack(0x00007ff6294f0000,0x00007ff6295f1000)]
  0x00007ff5e4005800 JavaThread "Handler for socket connection from /127.0.0.1:41666 to /127.0.0.1:40678" [_thread_in_native, id=24712, stack(0x00007ff6295f1000,0x00007ff6296f2000)]
  0x00007ff5f000c000 JavaThread "Daemon" [_thread_blocked, id=24711, stack(0x00007ff6296f2000,0x00007ff6297f3000)]
  0x00007ff644b5b800 JavaThread "Incoming local TCP Connector on port 41666" [_thread_in_native, id=24710, stack(0x00007ff6299f3000,0x00007ff629af4000)]
  0x00007ff644ae7800 JavaThread "pool-1-thread-1" [_thread_blocked, id=24709, stack(0x00007ff629af4000,0x00007ff629bf5000)]
  0x00007ff6440c1000 JavaThread "Service Thread" daemon [_thread_blocked, id=24697, stack(0x00007ff62e207000,0x00007ff62e308000)]
  0x00007ff6440bd800 JavaThread "C1 CompilerThread2" daemon [_thread_blocked, id=24696, stack(0x00007ff62e308000,0x00007ff62e409000)]
  0x00007ff6440bb800 JavaThread "C2 CompilerThread1" daemon [_thread_blocked, id=24695, stack(0x00007ff62e409000,0x00007ff62e50a000)]
  0x00007ff6440b9000 JavaThread "C2 CompilerThread0" daemon [_thread_blocked, id=24694, stack(0x00007ff62e50a000,0x00007ff62e60b000)]
  0x00007ff6440b7800 JavaThread "Signal Dispatcher" daemon [_thread_blocked, id=24693, stack(0x00007ff62e60b000,0x00007ff62e70c000)]
  0x00007ff644084800 JavaThread "Finalizer" daemon [_thread_blocked, id=24692, stack(0x00007ff62edee000,0x00007ff62eeef000)]
  0x00007ff64407f800 JavaThread "Reference Handler" daemon [_thread_blocked, id=24691, stack(0x00007ff62eeef000,0x00007ff62eff0000)]
  0x00007ff64400a000 JavaThread "main" [_thread_blocked, id=24684, stack(0x00007ff64b9dd000,0x00007ff64bade000)]

Other Threads:
=>0x00007ff644078000 VMThread [stack: 0x00007ff62eff0000,0x00007ff62f0f1000] [id=24690]
  0x00007ff6440c3800 WatcherThread [stack: 0x00007ff62e106000,0x00007ff62e207000] [id=24698]

VM state:at safepoint (normal execution)

VM Mutex/Monitor currently owned by a thread:  ([mutex/lock_event])
[0x00007ff644005bb0] ExpandHeap_lock - owner thread: 0x00007ff644078000
[0x00007ff644006230] Threads_lock - owner thread: 0x00007ff644078000
[0x00007ff644006730] Heap_lock - owner thread: 0x00007ff5c406c800

Heap:
 PSYoungGen      total 355840K, used 53533K [0x00000000e0000000, 0x0000000100000000, 0x0000000100000000)
  eden space 187392K, 0% used [0x00000000e0000000,0x00000000e0000000,0x00000000eb700000)
  from space 168448K, 31% used [0x00000000eb700000,0x00000000eeb47480,0x00000000f5b80000)
  to   space 165376K, 0% used [0x00000000f5e80000,0x00000000f5e80000,0x0000000100000000)
 ParOldGen       total 718848K, used 718501K [0x00000000a0000000, 0x00000000cbe00000, 0x00000000e0000000)
  object space 718848K, 99% used [0x00000000a0000000,0x00000000cbda9630,0x00000000cbe00000)
 Metaspace       used 52807K, capacity 54174K, committed 54400K, reserved 1095680K
  class space    used 7007K, capacity 7293K, committed 7296K, reserved 1048576K

Card table byte_map: [0x00007ff64848d000,0x00007ff64878e000] byte_map_base: 0x00007ff647f8d000

Marking Bits: (ParMarkBitMap*) 0x00007ff64aeb1220
 Begin Bits: [0x00007ff629dfe000, 0x00007ff62b5fe000)
 End Bits:   [0x00007ff62b5fe000, 0x00007ff62cdfe000)

Polling page: 0x00007ff64bb00000

CodeCache: size=245760Kb used=32122Kb max_used=32122Kb free=213637Kb
 bounds [0x00007ff635000000, 0x00007ff636fb0000, 0x00007ff644000000]
 total_blobs=9182 nmethods=8470 adapters=624
 compilation: enabled

Compilation events (10 events):
Event: 166.700 Thread 0x00007ff6440bd800 10502 %     3       com.android.dx.ssa.SsaConverter::placePhiFunctions @ 229 (394 bytes)
Event: 166.719 Thread 0x00007ff6440bd800 nmethod 10502% 0x00007ff63684c6d0 code [0x00007ff63684cc60, 0x00007ff6368507f8]
Event: 166.889 Thread 0x00007ff6440bd800 10505 %     3       com.android.dx.ssa.SsaConverter::placePhiFunctions @ 131 (394 bytes)
Event: 166.896 Thread 0x00007ff6440bd800 nmethod 10505% 0x00007ff636b0ea10 code [0x00007ff636b0efa0, 0x00007ff636b12bd8]
Event: 166.957 Thread 0x00007ff6440bd800 10507       3       com.android.dx.ssa.SetFactory::makeLivenessSet (26 bytes)
Event: 166.958 Thread 0x00007ff6440bd800 nmethod 10507 0x00007ff63679a410 code [0x00007ff63679a620, 0x00007ff63679b018]
Event: 166.958 Thread 0x00007ff6440bd800 10508       3       com.android.dx.ssa.back.LivenessAnalyzer::liveInAtStatement (55 bytes)
Event: 166.959 Thread 0x00007ff6440bd800 nmethod 10508 0x00007ff63680fb50 code [0x00007ff63680fd60, 0x00007ff636810898]
Event: 166.959 Thread 0x00007ff6440bd800 10509       3       com.android.dx.ssa.back.LivenessAnalyzer::handleTailRecursion (94 bytes)
Event: 166.960 Thread 0x00007ff6440bd800 nmethod 10509 0x00007ff63672bc10 code [0x00007ff63672bde0, 0x00007ff63672c328]

GC Heap History (10 events):
Event: 155.681 GC heap after
Heap after GC invocations=33 (full 6):
 PSYoungGen      total 420352K, used 6051K [0x00000000e0000000, 0x0000000100000000, 0x0000000100000000)
  eden space 316416K, 0% used [0x00000000e0000000,0x00000000e0000000,0x00000000f3500000)
  from space 103936K, 5% used [0x00000000f3500000,0x00000000f3ae8d20,0x00000000f9a80000)
  to   space 100352K, 0% used [0x00000000f9e00000,0x00000000f9e00000,0x0000000100000000)
 ParOldGen       total 718848K, used 491339K [0x00000000a0000000, 0x00000000cbe00000, 0x00000000e0000000)
  object space 718848K, 68% used [0x00000000a0000000,0x00000000bdfd2fc0,0x00000000cbe00000)
 Metaspace       used 52790K, capacity 54174K, committed 54400K, reserved 1095680K
  class space    used 7005K, capacity 7293K, committed 7296K, reserved 1048576K
}
Event: 157.988 GC heap before
{Heap before GC invocations=34 (full 6):
 PSYoungGen      total 420352K, used 322467K [0x00000000e0000000, 0x0000000100000000, 0x0000000100000000)
  eden space 316416K, 100% used [0x00000000e0000000,0x00000000f3500000,0x00000000f3500000)
  from space 103936K, 5% used [0x00000000f3500000,0x00000000f3ae8d20,0x00000000f9a80000)
  to   space 100352K, 0% used [0x00000000f9e00000,0x00000000f9e00000,0x0000000100000000)
 ParOldGen       total 718848K, used 491339K [0x00000000a0000000, 0x00000000cbe00000, 0x00000000e0000000)
  object space 718848K, 68% used [0x00000000a0000000,0x00000000bdfd2fc0,0x00000000cbe00000)
 Metaspace       used 52801K, capacity 54174K, committed 54400K, reserved 1095680K
  class space    used 7006K, capacity 7293K, committed 7296K, reserved 1048576K
Event: 158.340 GC heap after
Heap after GC invocations=34 (full 6):
 PSYoungGen      total 407552K, used 45312K [0x00000000e0000000, 0x00000000ff380000, 0x0000000100000000)
  eden space 320000K, 0% used [0x00000000e0000000,0x00000000e0000000,0x00000000f3880000)
  from space 87552K, 51% used [0x00000000f9e00000,0x00000000fca400c0,0x00000000ff380000)
  to   space 95744K, 0% used [0x00000000f3880000,0x00000000f3880000,0x00000000f9600000)
 ParOldGen       total 718848K, used 495568K [0x00000000a0000000, 0x00000000cbe00000, 0x00000000e0000000)
  object space 718848K, 68% used [0x00000000a0000000,0x00000000be3f40e8,0x00000000cbe00000)
 Metaspace       used 52801K, capacity 54174K, committed 54400K, reserved 1095680K
  class space    used 7006K, capacity 7293K, committed 7296K, reserved 1048576K
}
Event: 164.501 GC heap before
{Heap before GC invocations=35 (full 6):
 PSYoungGen      total 407552K, used 365312K [0x00000000e0000000, 0x00000000ff380000, 0x0000000100000000)
  eden space 320000K, 100% used [0x00000000e0000000,0x00000000f3880000,0x00000000f3880000)
  from space 87552K, 51% used [0x00000000f9e00000,0x00000000fca400c0,0x00000000ff380000)
  to   space 95744K, 0% used [0x00000000f3880000,0x00000000f3880000,0x00000000f9600000)
 ParOldGen       total 718848K, used 495568K [0x00000000a0000000, 0x00000000cbe00000, 0x00000000e0000000)
  object space 718848K, 68% used [0x00000000a0000000,0x00000000be3f40e8,0x00000000cbe00000)
 Metaspace       used 52806K, capacity 54174K, committed 54400K, reserved 1095680K
  class space    used 7007K, capacity 7293K, committed 7296K, reserved 1048576K
Event: 164.687 GC heap after
Heap after GC invocations=35 (full 6):
 PSYoungGen      total 414208K, used 94154K [0x00000000e0000000, 0x0000000100000000, 0x0000000100000000)
  eden space 320000K, 0% used [0x00000000e0000000,0x00000000e0000000,0x00000000f3880000)
  from space 94208K, 99% used [0x00000000f3880000,0x00000000f9472910,0x00000000f9480000)
  to   space 109568K, 0% used [0x00000000f9500000,0x00000000f9500000,0x0000000100000000)
 ParOldGen       total 718848K, used 495568K [0x00000000a0000000, 0x00000000cbe00000, 0x00000000e0000000)
  object space 718848K, 68% used [0x00000000a0000000,0x00000000be3f40e8,0x00000000cbe00000)
 Metaspace       used 52806K, capacity 54174K, committed 54400K, reserved 1095680K
  class space    used 7007K, capacity 7293K, committed 7296K, reserved 1048576K
}
Event: 166.238 GC heap before
{Heap before GC invocations=36 (full 6):
 PSYoungGen      total 414208K, used 414154K [0x00000000e0000000, 0x0000000100000000, 0x0000000100000000)
  eden space 320000K, 100% used [0x00000000e0000000,0x00000000f3880000,0x00000000f3880000)
  from space 94208K, 99% used [0x00000000f3880000,0x00000000f9472910,0x00000000f9480000)
  to   space 109568K, 0% used [0x00000000f9500000,0x00000000f9500000,0x0000000100000000)
 ParOldGen       total 718848K, used 495568K [0x00000000a0000000, 0x00000000cbe00000, 0x00000000e0000000)
  object space 718848K, 68% used [0x00000000a0000000,0x00000000be3f40e8,0x00000000cbe00000)
 Metaspace       used 52807K, capacity 54174K, committed 54400K, reserved 1095680K
  class space    used 7007K, capacity 7293K, committed 7296K, reserved 1048576K
Event: 166.603 GC heap after
Heap after GC invocations=36 (full 6):
 PSYoungGen      total 296960K, used 109557K [0x00000000e0000000, 0x0000000100000000, 0x0000000100000000)
  eden space 187392K, 0% used [0x00000000e0000000,0x00000000e0000000,0x00000000eb700000)
  from space 109568K, 99% used [0x00000000f9500000,0x00000000ffffd4b8,0x0000000100000000)
  to   space 168448K, 0% used [0x00000000eb700000,0x00000000eb700000,0x00000000f5b80000)
 ParOldGen       total 718848K, used 609898K [0x00000000a0000000, 0x00000000cbe00000, 0x00000000e0000000)
  object space 718848K, 84% used [0x00000000a0000000,0x00000000c539aa78,0x00000000cbe00000)
 Metaspace       used 52807K, capacity 54174K, committed 54400K, reserved 1095680K
  class space    used 7007K, capacity 7293K, committed 7296K, reserved 1048576K
}
Event: 167.067 GC heap before
{Heap before GC invocations=37 (full 6):
 PSYoungGen      total 296960K, used 296949K [0x00000000e0000000, 0x0000000100000000, 0x0000000100000000)
  eden space 187392K, 100% used [0x00000000e0000000,0x00000000eb700000,0x00000000eb700000)
  from space 109568K, 99% used [0x00000000f9500000,0x00000000ffffd4b8,0x0000000100000000)
  to   space 168448K, 0% used [0x00000000eb700000,0x00000000eb700000,0x00000000f5b80000)
 ParOldGen       total 718848K, used 609898K [0x00000000a0000000, 0x00000000cbe00000, 0x00000000e0000000)
  object space 718848K, 84% used [0x00000000a0000000,0x00000000c539aa78,0x00000000cbe00000)
 Metaspace       used 52807K, capacity 54174K, committed 54400K, reserved 1095680K
  class space    used 7007K, capacity 7293K, committed 7296K, reserved 1048576K
Event: 167.370 GC heap after
Heap after GC invocations=37 (full 6):
 PSYoungGen      total 355840K, used 84609K [0x00000000e0000000, 0x0000000100000000, 0x0000000100000000)
  eden space 187392K, 0% used [0x00000000e0000000,0x00000000e0000000,0x00000000eb700000)
  from space 168448K, 50% used [0x00000000eb700000,0x00000000f09a0670,0x00000000f5b80000)
  to   space 165376K, 0% used [0x00000000f5e80000,0x00000000f5e80000,0x0000000100000000)
 ParOldGen       total 718848K, used 698470K [0x00000000a0000000, 0x00000000cbe00000, 0x00000000e0000000)
  object space 718848K, 97% used [0x00000000a0000000,0x00000000caa19a40,0x00000000cbe00000)
 Metaspace       used 52807K, capacity 54174K, committed 54400K, reserved 1095680K
  class space    used 7007K, capacity 7293K, committed 7296K, reserved 1048576K
}
Event: 167.370 GC heap before
{Heap before GC invocations=38 (full 7):
 PSYoungGen      total 355840K, used 84609K [0x00000000e0000000, 0x0000000100000000, 0x0000000100000000)
  eden space 187392K, 0% used [0x00000000e0000000,0x00000000e0000000,0x00000000eb700000)
  from space 168448K, 50% used [0x00000000eb700000,0x00000000f09a0670,0x00000000f5b80000)
  to   space 165376K, 0% used [0x00000000f5e80000,0x00000000f5e80000,0x0000000100000000)
 ParOldGen       total 718848K, used 698470K [0x00000000a0000000, 0x00000000cbe00000, 0x00000000e0000000)
  object space 718848K, 97% used [0x00000000a0000000,0x00000000caa19a40,0x00000000cbe00000)
 Metaspace       used 52807K, capacity 54174K, committed 54400K, reserved 1095680K
  class space    used 7007K, capacity 7293K, committed 7296K, reserved 1048576K

Deoptimization events (10 events):
Event: 166.818 Thread 0x00007ff5c4068800 Uncommon trap: reason=class_check action=maybe_recompile pc=0x00007ff636bfdcf8 method=com.android.dx.ssa.SsaConverter.placePhiFunctions(Lcom/android/dx/ssa/SsaMethod;Lcom/android/dx/ssa/LocalVariableInfo;I)V @ 257
Event: 166.893 Thread 0x00007ff5c406a800 Uncommon trap: reason=class_check action=maybe_recompile pc=0x00007ff636609c14 method=com.android.dx.ssa.SsaConverter.placePhiFunctions(Lcom/android/dx/ssa/SsaMethod;Lcom/android/dx/ssa/LocalVariableInfo;I)V @ 257
Event: 166.953 Thread 0x00007ff5c406c800 Uncommon trap: reason=predicate action=maybe_recompile pc=0x00007ff636c8b72c method=com.android.dx.ssa.back.InterferenceGraph.<init>(I)V @ 23
Event: 166.956 Thread 0x00007ff5c406c800 Uncommon trap: reason=unstable_if action=reinterpret pc=0x00007ff635aeae68 method=com.android.dx.ssa.SetFactory.makeLivenessSet(I)Lcom/android/dx/util/IntSet; @ 4
Event: 166.956 Thread 0x00007ff5c406c800 Uncommon trap: reason=unstable_if action=reinterpret pc=0x00007ff6362342dc method=com.android.dx.ssa.SetFactory.makeLivenessSet(I)Lcom/android/dx/util/IntSet; @ 4
Event: 166.965 Thread 0x00007ff5c406c800 Uncommon trap: reason=class_check action=maybe_recompile pc=0x00007ff6362b4530 method=com.android.dx.ssa.back.InterferenceGraph.add(II)V @ 19
Event: 166.965 Thread 0x00007ff5c406c800 Uncommon trap: reason=class_check action=maybe_recompile pc=0x00007ff6362b4530 method=com.android.dx.ssa.back.InterferenceGraph.add(II)V @ 19
Event: 166.965 Thread 0x00007ff5c406c800 Uncommon trap: reason=class_check action=maybe_recompile pc=0x00007ff6362b4530 method=com.android.dx.ssa.back.InterferenceGraph.add(II)V @ 19
Event: 166.966 Thread 0x00007ff5c406c800 Uncommon trap: reason=class_check action=maybe_recompile pc=0x00007ff6362b4530 method=com.android.dx.ssa.back.InterferenceGraph.add(II)V @ 19
Event: 166.966 Thread 0x00007ff5c406c800 Uncommon trap: reason=class_check action=maybe_recompile pc=0x00007ff636f37b20 method=com.android.dx.ssa.back.InterferenceGraph.add(II)V @ 19

Internal exceptions (10 events):
Event: 40.041 Thread 0x00007ff5e4008000 Exception <a 'java/lang/NoSuchMethodError': <clinit>> (0x00000000e0341710) thrown at [/HUDSON3/workspace/8-2-build-linux-amd64/jdk8u111/7883/hotspot/src/share/vm/prims/jni.cpp, line 1613]
Event: 40.045 Thread 0x00007ff5e4008000 Exception <a 'java/lang/NoSuchMethodError': <clinit>> (0x00000000e034e6f8) thrown at [/HUDSON3/workspace/8-2-build-linux-amd64/jdk8u111/7883/hotspot/src/share/vm/prims/jni.cpp, line 1613]
Event: 40.082 Thread 0x00007ff5e4008000 Exception <a 'java/lang/NoSuchMethodError': <clinit>> (0x00000000e0522e40) thrown at [/HUDSON3/workspace/8-2-build-linux-amd64/jdk8u111/7883/hotspot/src/share/vm/prims/jni.cpp, line 1613]
Event: 40.086 Thread 0x00007ff5e4008000 Exception <a 'java/lang/NoSuchMethodError': <clinit>> (0x00000000e053b650) thrown at [/HUDSON3/workspace/8-2-build-linux-amd64/jdk8u111/7883/hotspot/src/share/vm/prims/jni.cpp, line 1613]
Event: 40.086 Thread 0x00007ff5e4008000 Exception <a 'java/lang/NoSuchMethodError': <clinit>> (0x00000000e053cb68) thrown at [/HUDSON3/workspace/8-2-build-linux-amd64/jdk8u111/7883/hotspot/src/share/vm/prims/jni.cpp, line 1613]
Event: 46.603 Thread 0x00007ff5c406a800 Implicit null exception at 0x00007ff63513e5a5 to 0x00007ff63513f189
Event: 47.492 Thread 0x00007ff5c406c800 Implicit null exception at 0x00007ff635ada94d to 0x00007ff635adab29
Event: 56.320 Thread 0x00007ff5e035c800 Implicit null exception at 0x00007ff635dbfbc5 to 0x00007ff635dc05cd
Event: 73.894 Thread 0x00007ff5c406a800 Implicit null exception at 0x00007ff636c3f644 to 0x00007ff636c41301
Event: 161.480 Thread 0x00007ff5c4068800 Implicit null exception at 0x00007ff636e83f3c to 0x00007ff636e84889

Events (10 events):
Event: 166.965 Thread 0x00007ff5c406c800 Uncommon trap: trap_request=0xffffffde fr.pc=0x00007ff6362b4530
Event: 166.965 Thread 0x00007ff5c406c800 DEOPT PACKING pc=0x00007ff6362b4530 sp=0x00007ff6226f0e40
Event: 166.966 Thread 0x00007ff5c406c800 DEOPT UNPACKING pc=0x00007ff635005229 sp=0x00007ff6226f0dd8 mode 2
Event: 166.966 Thread 0x00007ff5c406c800 Uncommon trap: trap_request=0xffffffde fr.pc=0x00007ff6362b4530
Event: 166.966 Thread 0x00007ff5c406c800 DEOPT PACKING pc=0x00007ff6362b4530 sp=0x00007ff6226f0e40
Event: 166.966 Thread 0x00007ff5c406c800 DEOPT UNPACKING pc=0x00007ff635005229 sp=0x00007ff6226f0dd8 mode 2
Event: 166.966 Thread 0x00007ff5c406c800 Uncommon trap: trap_request=0xffffffde fr.pc=0x00007ff636f37b20
Event: 166.966 Thread 0x00007ff5c406c800 DEOPT PACKING pc=0x00007ff636f37b20 sp=0x00007ff6226f0dd0
Event: 166.966 Thread 0x00007ff5c406c800 DEOPT UNPACKING pc=0x00007ff635005229 sp=0x00007ff6226f0dc8 mode 2
Event: 167.064 Executing VM operation: ParallelGCFailedAllocation


Dynamic libraries:
00400000-00401000 r-xp 00000000 08:02 182546                             /usr/lib/jvm/java-8-oracle/bin/java
00600000-00601000 rw-p 00000000 08:02 182546                             /usr/lib/jvm/java-8-oracle/bin/java
01065000-01086000 rw-p 00000000 00:00 0                                  [heap]
a0000000-cbe00000 rw-p 00000000 00:00 0 
de080000-e0000000 ---p 00000000 00:00 0 
e0000000-100000000 rw-p 00000000 00:00 0 
100000000-100720000 rw-p 00000000 00:00 0 
100720000-140000000 ---p 00000000 00:00 0 
7ff5b4000000-7ff5b403c000 rw-p 00000000 00:00 0 
7ff5b403c000-7ff5b8000000 ---p 00000000 00:00 0 
7ff5b8000000-7ff5b8059000 rw-p 00000000 00:00 0 
7ff5b8059000-7ff5bc000000 ---p 00000000 00:00 0 
7ff5bc000000-7ff5bc021000 rw-p 00000000 00:00 0 
7ff5bc021000-7ff5c0000000 ---p 00000000 00:00 0 
7ff5c0000000-7ff5c0043000 rw-p 00000000 00:00 0 
7ff5c0043000-7ff5c4000000 ---p 00000000 00:00 0 
7ff5c4000000-7ff5c4209000 rw-p 00000000 00:00 0 
7ff5c4209000-7ff5c8000000 ---p 00000000 00:00 0 
7ff5c8000000-7ff5c802f000 rw-p 00000000 00:00 0 
7ff5c802f000-7ff5cc000000 ---p 00000000 00:00 0 
7ff5cc000000-7ff5cc021000 rw-p 00000000 00:00 0 
7ff5cc021000-7ff5d0000000 ---p 00000000 00:00 0 
7ff5d0000000-7ff5d0021000 rw-p 00000000 00:00 0 
7ff5d0021000-7ff5d4000000 ---p 00000000 00:00 0 
7ff5d4000000-7ff5d4021000 rw-p 00000000 00:00 0 
7ff5d4021000-7ff5d8000000 ---p 00000000 00:00 0 
7ff5d8000000-7ff5d8021000 rw-p 00000000 00:00 0 
7ff5d8021000-7ff5dc000000 ---p 00000000 00:00 0 
7ff5dc000000-7ff5dc021000 rw-p 00000000 00:00 0 
7ff5dc021000-7ff5e0000000 ---p 00000000 00:00 0 
7ff5e0000000-7ff5e13f8000 rw-p 00000000 00:00 0 
7ff5e13f8000-7ff5e4000000 ---p 00000000 00:00 0 
7ff5e4000000-7ff5e4021000 rw-p 00000000 00:00 0 
7ff5e4021000-7ff5e8000000 ---p 00000000 00:00 0 
7ff5e8000000-7ff5e8021000 rw-p 00000000 00:00 0 
7ff5e8021000-7ff5ec000000 ---p 00000000 00:00 0 
7ff5ec000000-7ff5ec021000 rw-p 00000000 00:00 0 
7ff5ec021000-7ff5f0000000 ---p 00000000 00:00 0 
7ff5f0000000-7ff5f0071000 rw-p 00000000 00:00 0 
7ff5f0071000-7ff5f4000000 ---p 00000000 00:00 0 
7ff5f4000000-7ff5f4021000 rw-p 00000000 00:00 0 
7ff5f4021000-7ff5f8000000 ---p 00000000 00:00 0 
7ff5f8000000-7ff5f8021000 rw-p 00000000 00:00 0 
7ff5f8021000-7ff5fc000000 ---p 00000000 00:00 0 
7ff5fc000000-7ff5fdc05000 rw-p 00000000 00:00 0 
7ff5fdc05000-7ff600000000 ---p 00000000 00:00 0 
7ff600000000-7ff601175000 rw-p 00000000 00:00 0 
7ff601175000-7ff604000000 ---p 00000000 00:00 0 
7ff604000000-7ff604021000 rw-p 00000000 00:00 0 
7ff604021000-7ff608000000 ---p 00000000 00:00 0 
7ff608000000-7ff60a854000 rw-p 00000000 00:00 0 
7ff60a854000-7ff60c000000 ---p 00000000 00:00 0 
7ff60c000000-7ff60c021000 rw-p 00000000 00:00 0 
7ff60c021000-7ff610000000 ---p 00000000 00:00 0 
7ff610000000-7ff610021000 rw-p 00000000 00:00 0 
7ff610021000-7ff614000000 ---p 00000000 00:00 0 
7ff614000000-7ff61412a000 rw-p 00000000 00:00 0 
7ff61412a000-7ff618000000 ---p 00000000 00:00 0 
7ff618000000-7ff6182e8000 rw-p 00000000 00:00 0 
7ff6182e8000-7ff61c000000 ---p 00000000 00:00 0 
7ff61c000000-7ff61c021000 rw-p 00000000 00:00 0 
7ff61c021000-7ff620000000 ---p 00000000 00:00 0 
7ff6223f2000-7ff6225f2000 rw-p 00000000 00:00 0 
7ff6225f2000-7ff6225f5000 ---p 00000000 00:00 0 
7ff6225f5000-7ff6226f3000 rw-p 00000000 00:00 0 
7ff6226f3000-7ff6226f6000 ---p 00000000 00:00 0 
7ff6226f6000-7ff6227f4000 rw-p 00000000 00:00 0 
7ff6227f4000-7ff6227f7000 ---p 00000000 00:00 0 
7ff6227f7000-7ff6228f5000 rw-p 00000000 00:00 0 
7ff6228f5000-7ff6228f8000 ---p 00000000 00:00 0 
7ff6228f8000-7ff6229f6000 rw-p 00000000 00:00 0 
7ff6229f6000-7ff6229f9000 ---p 00000000 00:00 0 
7ff6229f9000-7ff622af7000 rw-p 00000000 00:00 0 
7ff622af7000-7ff622c00000 r--s 00aa3000 08:02 4525009                    /home/ankit/Desktop/Evento/app/build/intermediates/transforms/jarMerging/debug/jars/1/1f/combined.jar
7ff622c00000-7ff622e00000 rw-p 00000000 00:00 0 
7ff622e00000-7ff623000000 rw-p 00000000 00:00 0 
7ff623000000-7ff623200000 rw-p 00000000 00:00 0 
7ff623200000-7ff623400000 rw-p 00000000 00:00 0 
7ff623400000-7ff623600000 rw-p 00000000 00:00 0 
7ff623600000-7ff623800000 rw-p 00000000 00:00 0 
7ff623800000-7ff623a00000 rw-p 00000000 00:00 0 
7ff623a00000-7ff623c00000 rw-p 00000000 00:00 0 
7ff623c00000-7ff623e00000 rw-p 00000000 00:00 0 
7ff623e00000-7ff624000000 rw-p 00000000 00:00 0 
7ff624000000-7ff624025000 rw-p 00000000 00:00 0 
7ff624025000-7ff628000000 ---p 00000000 00:00 0 
7ff628037000-7ff628038000 rw-p 00000000 00:00 0 
7ff628038000-7ff62803b000 ---p 00000000 00:00 0 
7ff62803b000-7ff628139000 rw-p 00000000 00:00 0 
7ff628139000-7ff62814c000 r--s 00345000 08:02 182681                     /usr/lib/jvm/java-8-oracle/jre/lib/resources.jar
7ff62814c000-7ff628177000 r--s 001fc000 08:02 3802331                    /home/ankit/Downloads/android-studio/gradle/m2repository/com/google/guava/guava/18.0/guava-18.0.jar
7ff628177000-7ff628178000 r--s 00001000 08:02 3877617                    /home/ankit/Downloads/android-studio/gradle/m2repository/com/android/tools/annotations/25.2.0/annotations-25.2.0.jar
7ff628178000-7ff62818a000 r--s 000b3000 08:02 3989804                    /home/ankit/Downloads/android-studio/gradle/m2repository/com/android/tools/external/com-intellij/uast/145.597.3/uast-145.597.3.jar
7ff62818a000-7ff628192000 r--s 000a8000 08:02 3753715                    /home/ankit/Downloads/android-studio/gradle/m2repository/com/android/tools/external/lombok/lombok-ast/0.2.3/lombok-ast-0.2.3.jar
7ff628192000-7ff628194000 r--s 0000d000 08:02 3760231                    /home/ankit/Downloads/android-studio/gradle/m2repository/commons-codec/commons-codec/1.4/commons-codec-1.4.jar
7ff628194000-7ff628196000 r--s 0000d000 08:02 3540543                    /home/ankit/Downloads/android-studio/gradle/m2repository/commons-logging/commons-logging/1.1.1/commons-logging-1.1.1.jar
7ff628196000-7ff62819b000 r--s 00028000 08:02 3753367                    /home/ankit/Downloads/android-studio/gradle/m2repository/org/apache/httpcomponents/httpcore/4.1/httpcore-4.1.jar
7ff62819b000-7ff62819f000 r--s 0002f000 08:02 3845228                    /home/ankit/Downloads/android-studio/gradle/m2repository/com/google/jimfs/jimfs/1.1/jimfs-1.1.jar
7ff62819f000-7ff6281a0000 r--s 00004000 08:02 3753443                    /home/ankit/Downloads/android-studio/gradle/m2repository/com/intellij/annotations/12.0/annotations-12.0.jar
7ff6281a0000-7ff6281a1000 r--s 00004000 08:02 3713300                    /home/ankit/Downloads/android-studio/gradle/m2repository/org/ow2/asm/asm-analysis/5.0.4/asm-analysis-5.0.4.jar
7ff6281a1000-7ff6281a5000 r--s 0003b000 08:02 4017281                    /home/ankit/Downloads/android-studio/gradle/m2repository/com/android/tools/lint/lint-api/25.2.0/lint-api-25.2.0.jar
7ff6281a5000-7ff6281a6000 r--s 0000a000 08:02 3760193                    /home/ankit/Downloads/android-studio/gradle/m2repository/net/sf/kxml/kxml2/2.3.0/kxml2-2.3.0.jar
7ff6281a6000-7ff6281a8000 r--s 00005000 08:02 3753358                    /home/ankit/Downloads/android-studio/gradle/m2repository/org/apache/httpcomponents/httpmime/4.1/httpmime-4.1.jar
7ff6281a8000-7ff6281b0000 r--s 0004e000 08:02 3753378                    /home/ankit/Downloads/android-studio/gradle/m2repository/org/apache/httpcomponents/httpclient/4.1.1/httpclient-4.1.1.jar
7ff6281b0000-7ff6281b7000 r--s 00053000 08:02 3753390                    /home/ankit/Downloads/android-studio/gradle/m2repository/org/apache/commons/commons-compress/1.8.1/commons-compress-1.8.1.jar
7ff6281b7000-7ff6281bc000 r--s 0002a000 08:02 3753476                    /home/ankit/Downloads/android-studio/gradle/m2repository/com/google/code/gson/gson/2.2.4/gson-2.2.4.jar
7ff6281bc000-7ff6281c1000 r--s 0002d000 08:02 4000509                    /home/ankit/Downloads/android-studio/gradle/m2repository/com/android/tools/repository/25.2.0/repository-25.2.0.jar
7ff6281c1000-7ff6281d1000 r--s 000d6000 08:02 3760205                    /home/ankit/Downloads/android-studio/gradle/m2repository/net/sf/proguard/proguard-base/5.2.1/proguard-base-5.2.1.jar
7ff6281d1000-7ff6281e8000 r--s 00154000 08:02 3787896                    /home/ankit/Downloads/android-studio/gradle/m2repository/org/antlr/antlr4/4.5.3/antlr4-4.5.3.jar
7ff6281e8000-7ff6281fb000 r--s 00236000 08:02 3779712                    /home/ankit/Downloads/android-studio/gradle/m2repository/org/eclipse/jdt/core/compiler/ecj/4.5.1/ecj-4.5.1.jar
7ff6281fb000-7ff62822e000 r--s 00203000 08:02 3753331                    /home/ankit/Downloads/android-studio/gradle/m2repository/org/bouncycastle/bcprov-jdk15on/1.48/bcprov-jdk15on-1.48.jar
7ff62822e000-7ff62842e000 rw-p 00000000 00:00 0 
7ff62842e000-7ff628431000 ---p 00000000 00:00 0 
7ff628431000-7ff62872f000 rw-p 00000000 00:00 0 
7ff62872f000-7ff62892f000 rw-p 00000000 00:00 0 
7ff62892f000-7ff628930000 r--s 00005000 08:02 3941528                    /home/ankit/Downloads/android-studio/gradle/m2repository/com/android/tools/dvlib/25.2.0/dvlib-25.2.0.jar
7ff628930000-7ff628933000 r--s 00014000 08:02 3835823                    /home/ankit/Downloads/android-studio/gradle/m2repository/com/android/tools/layoutlib/layoutlib-api/25.2.0/layoutlib-api-25.2.0.jar
7ff628933000-7ff628938000 r--s 00058000 08:02 3631976                    /home/ankit/Downloads/android-studio/gradle/m2repository/org/ow2/asm/asm-debug-all/5.0.1/asm-debug-all-5.0.1.jar
7ff628938000-7ff62893b000 r--s 00033000 08:02 3753450                    /home/ankit/Downloads/android-studio/gradle/m2repository/com/googlecode/juniversalchardet/juniversalchardet/1.0.3/juniversalchardet-1.0.3.jar
7ff62893b000-7ff62893f000 r--s 0002a000 08:02 3506651                    /home/ankit/Downloads/android-studio/gradle/m2repository/commons-io/commons-io/2.4/commons-io-2.4.jar
7ff62893f000-7ff628940000 r--s 00002000 08:02 3845251                    /home/ankit/Downloads/android-studio/gradle/m2repository/com/android/databinding/baseLibrary/2.2.0/baseLibrary-2.2.0.jar
7ff628940000-7ff628947000 r--s 000c3000 08:02 3927174                    /home/ankit/Downloads/android-studio/gradle/m2repository/com/android/tools/lint/lint-checks/25.2.0/lint-checks-25.2.0.jar
7ff628947000-7ff628949000 r--s 00006000 08:02 3754422                    /home/ankit/Downloads/android-studio/gradle/m2repository/org/ow2/asm/asm-tree/5.0.4/asm-tree-5.0.4.jar
7ff628949000-7ff628957000 r--s 00081000 08:02 3753336                    /home/ankit/Downloads/android-studio/gradle/m2repository/org/bouncycastle/bcpkix-jdk15on/1.48/bcpkix-jdk15on-1.48.jar
7ff628957000-7ff628959000 r--s 00002000 08:02 3753458                    /home/ankit/Downloads/android-studio/gradle/m2repository/com/squareup/javawriter/2.5.0/javawriter-2.5.0.jar
7ff628959000-7ff62895a000 r--s 00002000 08:02 4009078                    /home/ankit/Downloads/android-studio/gradle/m2repository/com/android/tools/analytics-library/tracker/25.2.0/tracker-25.2.0.jar
7ff62895a000-7ff62895c000 r--s 00003000 08:02 4009086                    /home/ankit/Downloads/android-studio/gradle/m2repository/com/android/tools/analytics-library/shared/25.2.0/shared-25.2.0.jar
7ff62895c000-7ff628969000 r--s 000ed000 08:02 4009082                    /home/ankit/Downloads/android-studio/gradle/m2repository/com/android/tools/analytics-library/protos/25.2.0/protos-25.2.0.jar
7ff628969000-7ff62896a000 r--s 00001000 08:02 3753578                    /home/ankit/Downloads/android-studio/gradle/m2repository/com/android/tools/jill/jill-api/0.10.0/jill-api-0.10.0.jar
7ff62896a000-7ff62896c000 r--s 00003000 08:02 4024806                    /home/ankit/Downloads/android-studio/gradle/m2repository/com/android/tools/jack/jack-api/0.11.0/jack-api-0.11.0.jar
7ff62896c000-7ff628971000 r--s 0004a000 08:02 3918754                    /home/ankit/Downloads/android-studio/gradle/m2repository/com/android/tools/ddms/ddmlib/25.2.0/ddmlib-25.2.0.jar
7ff628971000-7ff628974000 r--s 00021000 08:02 3910779                    /home/ankit/Downloads/android-studio/gradle/m2repository/com/android/tools/build/manifest-merger/25.2.0/manifest-merger-25.2.0.jar
7ff628974000-7ff628976000 r--s 0001c000 08:02 4031682                    /home/ankit/Downloads/android-studio/gradle/m2repository/com/android/tools/common/25.2.0/common-25.2.0.jar
7ff628976000-7ff62897f000 r--s 00083000 08:02 3885105                    /home/ankit/Downloads/android-studio/gradle/m2repository/com/android/tools/sdk-common/25.2.0/sdk-common-25.2.0.jar
7ff62897f000-7ff62898a000 r--s 0008e000 08:02 4024802                    /home/ankit/Downloads/android-studio/gradle/m2repository/com/android/tools/sdklib/25.2.0/sdklib-25.2.0.jar
7ff62898a000-7ff62898d000 r--s 00005000 08:02 3754438                    /home/ankit/Downloads/android-studio/gradle/m2repository/com/android/tools/build/builder-model/2.2.0/builder-model-2.2.0.jar
7ff62898d000-7ff628995000 r--s 0007b000 08:02 3819714                    /home/ankit/Downloads/android-studio/gradle/m2repository/com/google/protobuf/protobuf-java/2.5.0/protobuf-java-2.5.0.jar
7ff628995000-7ff628999000 r--s 0001f000 08:02 3795671                    /home/ankit/Downloads/android-studio/gradle/m2repository/org/jacoco/org.jacoco.report/0.7.5.201505241946/org.jacoco.report-0.7.5.201505241946.jar
7ff628999000-7ff62899d000 r--s 0001d000 08:02 3787900                    /home/ankit/Downloads/android-studio/gradle/m2repository/org/jacoco/org.jacoco.core/0.7.5.201505241946/org.jacoco.core-0.7.5.201505241946.jar
7ff62899d000-7ff6289b4000 r--s 0015d000 08:02 3885097                    /home/ankit/Downloads/android-studio/gradle/m2repository/com/android/tools/build/builder/2.2.0/builder-2.2.0.jar
7ff6289b4000-7ff6289b7000 ---p 00000000 00:00 0 
7ff6289b7000-7ff628bed000 rw-p 00000000 00:00 0 
7ff628bed000-7ff628ded000 rw-p 00000000 00:00 0 
7ff628ded000-7ff628fed000 rw-p 00000000 00:00 0 
7ff628fed000-7ff6291ed000 rw-p 00000000 00:00 0 
7ff6291ed000-7ff6291f0000 ---p 00000000 00:00 0 
7ff6291f0000-7ff6292ee000 rw-p 00000000 00:00 0 
7ff6292ee000-7ff6292f1000 ---p 00000000 00:00 0 
7ff6292f1000-7ff6293ef000 rw-p 00000000 00:00 0 
7ff6293ef000-7ff6293f2000 ---p 00000000 00:00 0 
7ff6293f2000-7ff6294f0000 rw-p 00000000 00:00 0 
7ff6294f0000-7ff6294f3000 ---p 00000000 00:00 0 
7ff6294f3000-7ff6295f1000 rw-p 00000000 00:00 0 
7ff6295f1000-7ff6295f4000 ---p 00000000 00:00 0 
7ff6295f4000-7ff6296f2000 rw-p 00000000 00:00 0 
7ff6296f2000-7ff6296f5000 ---p 00000000 00:00 0 
7ff6296f5000-7ff6299f3000 rw-p 00000000 00:00 0 
7ff6299f3000-7ff6299f6000 ---p 00000000 00:00 0 
7ff6299f6000-7ff629af4000 rw-p 00000000 00:00 0 
7ff629af4000-7ff629af7000 ---p 00000000 00:00 0 
7ff629af7000-7ff629bf5000 rw-p 00000000 00:00 0 
7ff629bf5000-7ff629bfe000 r-xp 00000000 08:02 200010                     /usr/lib/jvm/java-8-oracle/jre/lib/amd64/libmanagement.so
7ff629bfe000-7ff629dfd000 ---p 00009000 08:02 200010                     /usr/lib/jvm/java-8-oracle/jre/lib/amd64/libmanagement.so
7ff629dfd000-7ff629dfe000 rw-p 00008000 08:02 200010                     /usr/lib/jvm/java-8-oracle/jre/lib/amd64/libmanagement.so
7ff629dfe000-7ff62cdfe000 rw-p 00000000 00:00 0 
7ff62cdfe000-7ff62cdff000 r--s 00002000 08:02 3894391                    /home/ankit/Downloads/android-studio/gradle/m2repository/com/android/tools/build/builder-test-api/2.2.0/builder-test-api-2.2.0.jar
7ff62cdff000-7ff62ce01000 r--s 0000f000 08:02 4041488                    /home/ankit/Downloads/android-studio/gradle/m2repository/net/sf/jopt-simple/jopt-simple/4.9/jopt-simple-4.9.jar
7ff62ce01000-7ff62ce02000 r--s 00002000 08:02 3760221                    /home/ankit/Downloads/android-studio/gradle/m2repository/net/sf/proguard/proguard-gradle/5.2.1/proguard-gradle-5.2.1.jar
7ff62ce02000-7ff62ce04000 r--s 00009000 08:02 3779703                    /home/ankit/Downloads/android-studio/gradle/m2repository/org/ow2/asm/asm-commons/5.0.4/asm-commons-5.0.4.jar
7ff62ce04000-7ff62ce06000 r--s 0000c000 08:02 3779709                    /home/ankit/Downloads/android-studio/gradle/m2repository/org/ow2/asm/asm/5.0.4/asm-5.0.4.jar
7ff62ce06000-7ff62ce0a000 r--s 0002b000 08:02 3853442                    /home/ankit/Downloads/android-studio/gradle/m2repository/com/android/databinding/compilerCommon/2.2.0/compilerCommon-2.2.0.jar
7ff62ce0a000-7ff62ce0b000 r--s 00002000 08:02 3894401                    /home/ankit/Downloads/android-studio/gradle/m2repository/com/android/tools/build/gradle-api/2.2.0/gradle-api-2.2.0.jar
7ff62ce0b000-7ff62ce0c000 r--s 00000000 08:02 3753573                    /home/ankit/Downloads/android-studio/gradle/m2repository/com/android/tools/build/transform-api/2.0.0-deprecated-use-gradle-api/transform-api-2.0.0-deprecated-use-gradle-api.jar
7ff62ce0c000-7ff62ce11000 r--s 00053000 08:02 4017271                    /home/ankit/Downloads/android-studio/gradle/m2repository/com/android/tools/lint/lint/25.2.0/lint-25.2.0.jar
7ff62ce11000-7ff62ce2e000 r--s 0019c000 08:02 3910782                    /home/ankit/Downloads/android-studio/gradle/m2repository/com/android/tools/build/gradle-core/2.2.0/gradle-core-2.2.0.jar
7ff62ce2e000-7ff62ce30000 r--s 0000d000 08:02 3802336                    /home/ankit/Downloads/android-studio/gradle/m2repository/com/android/tools/build/gradle/2.2.0/gradle-2.2.0.jar
7ff62ce30000-7ff62ce31000 r--p 00000000 00:00 0 
7ff62ce31000-7ff62cea9000 r--s 010e6000 08:02 158507                     /usr/lib/jvm/java-8-oracle/lib/tools.jar
7ff62cea9000-7ff62ceb0000 r--s 00000000 08:02 109538                     /usr/lib/x86_64-linux-gnu/gconv/gconv-modules.cache
7ff62ceb0000-7ff62ceb4000 r--s 00097000 08:02 182569                     /usr/lib/jvm/java-8-oracle/jre/lib/jsse.jar
7ff62ceb4000-7ff62ceb6000 r--s 00007000 08:02 3402085                    /home/ankit/Downloads/android-studio/gradle/gradle-2.14.1/lib/plugins/gradle-tooling-api-builders-2.14.1.jar
7ff62ceb6000-7ff62ceb9000 r--s 00008000 08:02 3402081                    /home/ankit/Downloads/android-studio/gradle/gradle-2.14.1/lib/plugins/gradle-testing-native-2.14.1.jar
7ff62ceb9000-7ff62cebb000 r--s 00009000 08:02 3402371                    /home/ankit/Downloads/android-studio/gradle/gradle-2.14.1/lib/plugins/hamcrest-core-1.3.jar
7ff62cebb000-7ff62cec1000 r--s 00033000 08:02 3402325                    /home/ankit/Downloads/android-studio/gradle/gradle-2.14.1/lib/plugins/snakeyaml-1.6.jar
7ff62cec1000-7ff62cec3000 r--s 00006000 08:02 3402336                    /home/ankit/Downloads/android-studio/gradle/gradle-2.14.1/lib/plugins/jcommander-1.12.jar
7ff62cec3000-7ff62cec8000 r--s 00040000 08:02 3402324                    /home/ankit/Downloads/android-studio/gradle/gradle-2.14.1/lib/plugins/bsh-2.0b4.jar
7ff62cec8000-7ff62ced1000 r--s 00089000 08:02 3402339                    /home/ankit/Downloads/android-studio/gradle/gradle-2.14.1/lib/plugins/testng-6.3.1.jar
7ff62ced1000-7ff62ced9000 r--s 00045000 08:02 3402343                    /home/ankit/Downloads/android-studio/gradle/gradle-2.14.1/lib/plugins/junit-4.12.jar
7ff62ced9000-7ff62cedf000 r--s 0002e000 08:02 3402091                    /home/ankit/Downloads/android-studio/gradle/gradle-2.14.1/lib/plugins/gradle-testing-jvm-2.14.1.jar
7ff62cedf000-7ff62cee4000 r--s 00015000 08:02 3402095                    /home/ankit/Downloads/android-studio/gradle/gradle-2.14.1/lib/plugins/gradle-testing-base-2.14.1.jar
7ff62cee4000-7ff62cee5000 r--s 00002000 08:02 3402342                    /home/ankit/Downloads/android-studio/gradle/gradle-2.14.1/lib/plugins/sonar-batch-bootstrapper-2.9.jar
7ff62cee5000-7ff62cee8000 r--s 00015000 08:02 3402090                    /home/ankit/Downloads/android-studio/gradle/gradle-2.14.1/lib/plugins/gradle-sonar-2.14.1.jar
7ff62cee8000-7ff62ceef000 r--s 00038000 08:02 3402356                    /home/ankit/Downloads/android-studio/gradle/gradle-2.14.1/lib/plugins/bcpg-jdk15on-1.51.jar
7ff62ceef000-7ff62cef1000 r--s 0000d000 08:02 3402293                    /home/ankit/Downloads/android-studio/gradle/gradle-2.14.1/lib/plugins/gradle-signing-2.14.1.jar
7ff62cef1000-7ff62cef4000 r--s 00009000 08:02 3402099                    /home/ankit/Downloads/android-studio/gradle/gradle-2.14.1/lib/plugins/gradle-scala-2.14.1.jar
7ff62cef4000-7ff62cef5000 r--s 00004000 08:02 3402295                    /home/ankit/Downloads/android-studio/gradle/gradle-2.14.1/lib/plugins/gradle-resources-sftp-2.14.1.jar
7ff62cef5000-7ff62cf05000 r--s 00088000 08:02 3402329                    /home/ankit/Downloads/android-studio/gradle/gradle-2.14.1/lib/plugins/joda-time-2.8.2.jar
7ff62cf05000-7ff62cf16000 r--s 000cf000 08:02 3402375                    /home/ankit/Downloads/android-studio/gradle/gradle-2.14.1/lib/plugins/jackson-databind-2.3.2.jar
7ff62cf16000-7ff62cf18000 r--s 00007000 08:02 3402352                    /home/ankit/Downloads/android-studio/gradle/gradle-2.14.1/lib/plugins/jackson-annotations-2.3.2.jar
7ff62cf18000-7ff62cf1b000 r--s 0002e000 08:02 3402358                    /home/ankit/Downloads/android-studio/gradle/gradle-2.14.1/lib/plugins/jackson-core-2.3.2.jar
7ff62cf1b000-7ff62cf26000 r--s 0006b000 08:02 3402381                    /home/ankit/Downloads/android-studio/gradle/gradle-2.14.1/lib/plugins/aws-java-sdk-core-1.9.19.jar
7ff62cf26000-7ff62cf2c000 r--s 00036000 08:02 3402351                    /home/ankit/Downloads/android-studio/gradle/gradle-2.14.1/lib/plugins/aws-java-sdk-kms-1.9.19.jar
7ff62cf2c000-7ff62cf37000 r--s 00079000 08:02 3402341                    /home/ankit/Downloads/android-studio/gradle/gradle-2.14.1/lib/plugins/aws-java-sdk-s3-1.9.19.jar
7ff62cf37000-7ff62cf38000 r--s 00003000 08:02 3402305                    /home/ankit/Downloads/android-studio/gradle/gradle-2.14.1/lib/plugins/gradle-resources-s3-2.14.1.jar
7ff62cf38000-7ff62cf3a000 r--s 00005000 08:02 3402370                    /home/ankit/Downloads/android-studio/gradle/gradle-2.14.1/lib/plugins/jatl-0.2.2.jar
7ff62cf3a000-7ff62cf3c000 r--s 0000f000 08:02 3402311                    /home/ankit/Downloads/android-studio/gradle/gradle-2.14.1/lib/plugins/gradle-reporting-2.14.1.jar
7ff62cf3c000-7ff62cf3e000 r--s 00002000 08:02 3402252                    /home/ankit/Downloads/android-studio/gradle/gradle-2.14.1/lib/plugins/gradle-publish-2.14.1.jar
7ff62cf3e000-7ff62cf40000 r--s 00009000 08:02 3402334                    /home/ankit/Downloads/android-studio/gradle/gradle-2.14.1/lib/plugins/commons-cli-1.2.jar
7ff62cf40000-7ff62cf46000 r--s 00033000 08:02 3402098                    /home/ankit/Downloads/android-studio/gradle/gradle-2.14.1/lib/plugins/gradle-plugins-2.14.1.jar
7ff62cf46000-7ff62cf48000 r--s 00007000 08:02 3402083                    /home/ankit/Downloads/android-studio/gradle/gradle-2.14.1/lib/plugins/gradle-plugin-development-2.14.1.jar
7ff62cf48000-7ff62cf4e000 r--s 0002a000 08:02 3402292                    /home/ankit/Downloads/android-studio/gradle/gradle-2.14.1/lib/plugins/gradle-platform-play-2.14.1.jar
7ff62cf4e000-7ff62cf5b000 r--s 0004d000 08:02 3402291                    /home/ankit/Downloads/android-studio/gradle/gradle-2.14.1/lib/plugins/gradle-platform-native-2.14.1.jar
7ff62cf5b000-7ff62cf5f000 r--s 0001a000 08:02 3402304                    /home/ankit/Downloads/android-studio/gradle/gradle-2.14.1/lib/plugins/gradle-platform-jvm-2.14.1.jar
7ff62cf5f000-7ff62cf66000 r--s 00029000 08:02 3402097                    /home/ankit/Downloads/android-studio/gradle/gradle-2.14.1/lib/plugins/gradle-platform-base-2.14.1.jar
7ff62cf66000-7ff62cf87000 r--s 001c3000 08:02 3402322                    /home/ankit/Downloads/android-studio/gradle/gradle-2.14.1/lib/plugins/bndlib-2.4.0.jar
7ff62cf87000-7ff62cf89000 r--s 00003000 08:02 3402306                    /home/ankit/Downloads/android-studio/gradle/gradle-2.14.1/lib/plugins/gradle-osgi-2.14.1.jar
7ff62cf89000-7ff62cf8c000 r--s 0000c000 08:02 3402378                    /home/ankit/Downloads/android-studio/gradle/gradle-2.14.1/lib/plugins/pmaven-groovy-0.8-20100325.jar
7ff62cf8c000-7ff62cf8d000 r--s 00004000 08:02 3402369                    /home/ankit/Downloads/android-studio/gradle/gradle-2.14.1/lib/plugins/pmaven-common-0.8-20100325.jar
7ff62cf8d000-7ff62cf93000 r--s 00022000 08:02 3402096                    /home/ankit/Downloads/android-studio/gradle/gradle-2.14.1/lib/plugins/gradle-maven-2.14.1.jar
7ff62cf93000-7ff62cf95000 r--s 0000a000 08:02 3402088                    /home/ankit/Downloads/android-studio/gradle/gradle-2.14.1/lib/plugins/gradle-language-scala-2.14.1.jar
7ff62cf95000-7ff62cf9b000 r--s 0001a000 08:02 3402092                    /home/ankit/Downloads/android-studio/gradle/gradle-2.14.1/lib/plugins/gradle-language-native-2.14.1.jar
7ff62cf9b000-7ff62cf9d000 r--s 00008000 08:02 3402084                    /home/ankit/Downloads/android-studio/gradle/gradle-2.14.1/lib/plugins/gradle-language-jvm-2.14.1.jar
7ff62cf9d000-7ff62cfa3000 r--s 00024000 08:02 3402300                    /home/ankit/Downloads/android-studio/gradle/gradle-2.14.1/lib/plugins/gradle-language-java-2.14.1.jar
7ff62cfa3000-7ff62cfa5000 r--s 0000a000 08:02 3402290                    /home/ankit/Downloads/android-studio/gradle/gradle-2.14.1/lib/plugins/gradle-language-groovy-2.14.1.jar
7ff62cfa5000-7ff62cfa8000 r--s 0001e000 08:02 3402319                    /home/ankit/Downloads/android-studio/gradle/gradle-2.14.1/lib/plugins/jsp-api-2.1-6.1.14.jar
7ff62cfa8000-7ff62cfcb000 r--s 00344000 08:02 3402353                    /home/ankit/Downloads/android-studio/gradle/gradle-2.14.1/lib/plugins/core-3.1.1.jar
7ff62cfcb000-7ff62cfcc000 r--s 00006000 08:02 3402376                    /home/ankit/Downloads/android-studio/gradle/gradle-2.14.1/lib/plugins/jetty-naming-6.1.25.jar
7ff62cfcc000-7ff62cfcd000 r--s 00002000 08:02 3402349                    /home/ankit/Downloads/android-studio/gradle/gradle-2.14.1/lib/plugins/geronimo-annotation_1.0_spec-1.0.jar
7ff62cfcd000-7ff62cfcf000 r--s 00002000 08:02 3402373                    /home/ankit/Downloads/android-studio/gradle/gradle-2.14.1/lib/plugins/jetty-annotations-6.1.25.jar
7ff62cfcf000-7ff62cfe0000 r--s 000ea000 08:02 3402379                    /home/ankit/Downloads/android-studio/gradle/gradle-2.14.1/lib/plugins/jsp-2.1-6.1.14.jar
7ff62cfe0000-7ff62cfe2000 r--s 0000d000 08:02 3402354                    /home/ankit/Downloads/android-studio/gradle/gradle-2.14.1/lib/plugins/jetty-plus-6.1.25.jar
7ff62cfe2000-7ff62cfe4000 r--s 0001f000 08:02 3402385                    /home/ankit/Downloads/android-studio/gradle/gradle-2.14.1/lib/plugins/servlet-api-2.5-20081211.jar
7ff62cfe4000-7ff62cfe8000 r--s 00028000 08:02 3402337                    /home/ankit/Downloads/android-studio/gradle/gradle-2.14.1/lib/plugins/jetty-util-6.1.25.jar
7ff62cfe8000-7ff62cfef000 r--s 0007d000 08:02 3402344                    /home/ankit/Downloads/android-studio/gradle/gradle-2.14.1/lib/plugins/jetty-6.1.25.jar
7ff62cfef000-7ff62cff1000 r--s 00009000 08:02 3402309                    /home/ankit/Downloads/android-studio/gradle/gradle-2.14.1/lib/plugins/gradle-jetty-2.14.1.jar
7ff62cff1000-7ff62cff8000 r--s 00035000 08:02 3402382                    /home/ankit/Downloads/android-studio/gradle/gradle-2.14.1/lib/plugins/simple-4.1.21.jar
7ff62cff8000-7ff62d004000 r--s 00100000 08:02 3402330                    /home/ankit/Downloads/android-studio/gradle/gradle-2.14.1/lib/plugins/rhino-1.7R3.jar
7ff62d004000-7ff62d008000 r--s 00011000 08:02 3402297                    /home/ankit/Downloads/android-studio/gradle/gradle-2.14.1/lib/plugins/gradle-javascript-2.14.1.jar
7ff62d008000-7ff62d00a000 r--s 0000c000 08:02 3402317                    /home/ankit/Downloads/android-studio/gradle/gradle-2.14.1/lib/plugins/gradle-jacoco-2.14.1.jar
7ff62d00a000-7ff62d00d000 r--s 0000e000 08:02 3402316                    /home/ankit/Downloads/android-studio/gradle/gradle-2.14.1/lib/plugins/gradle-ivy-2.14.1.jar
7ff62d00d000-7ff62d00e000 r--s 00002000 08:02 3402313                    /home/ankit/Downloads/android-studio/gradle/gradle-2.14.1/lib/plugins/gradle-ide-play-2.14.1.jar
7ff62d00e000-7ff62d013000 r--s 0002b000 08:02 3402310                    /home/ankit/Downloads/android-studio/gradle/gradle-2.14.1/lib/plugins/gradle-ide-native-2.14.1.jar
7ff62d013000-7ff62d01e000 r--s 00066000 08:02 3402089                    /home/ankit/Downloads/android-studio/gradle/gradle-2.14.1/lib/plugins/gradle-ide-2.14.1.jar
7ff62d01e000-7ff62d01f000 r--s 00008000 08:02 3402087                    /home/ankit/Downloads/android-studio/gradle/gradle-2.14.1/lib/plugins/gradle-ear-2.14.1.jar
7ff62d01f000-7ff62d025000 r--s 00032000 08:02 3402094                    /home/ankit/Downloads/android-studio/gradle/gradle-2.14.1/lib/plugins/gradle-diagnostics-2.14.1.jar
7ff62d025000-7ff62d029000 r--s 00021000 08:02 3402312                    /home/ankit/Downloads/android-studio/gradle/gradle-2.14.1/lib/plugins/gradle-code-quality-2.14.1.jar
7ff62d029000-7ff62d02d000 r--s 0001f000 08:02 3402093                    /home/ankit/Downloads/android-studio/gradle/gradle-2.14.1/lib/plugins/gradle-build-init-2.14.1.jar
7ff62d02d000-7ff62d034000 r--s 0008e000 08:02 3402314                    /home/ankit/Downloads/android-studio/gradle/gradle-2.14.1/lib/plugins/gradle-build-comparison-2.14.1.jar
7ff62d034000-7ff62d036000 r--s 00008000 08:02 3402302                    /home/ankit/Downloads/android-studio/gradle/gradle-2.14.1/lib/plugins/gradle-antlr-2.14.1.jar
7ff62d036000-7ff62d038000 r--s 00004000 08:02 3402315                    /home/ankit/Downloads/android-studio/gradle/gradle-2.14.1/lib/plugins/gradle-announce-2.14.1.jar
7ff62d038000-7ff62d050000 r--s 00115000 08:02 3402347                    /home/ankit/Downloads/android-studio/gradle/gradle-2.14.1/lib/plugins/xercesImpl-2.9.1.jar
7ff62d050000-7ff62d058000 r--s 00028000 08:02 3402366                    /home/ankit/Downloads/android-studio/gradle/gradle-2.14.1/lib/plugins/xml-apis-1.3.04.jar
7ff62d058000-7ff62d05e000 r--s 0005b000 08:02 3402359                    /home/ankit/Downloads/android-studio/gradle/gradle-2.14.1/lib/plugins/jcifs-1.3.17.jar
7ff62d05e000-7ff62d065000 r--s 00049000 08:02 3402296                    /home/ankit/Downloads/android-studio/gradle/gradle-2.14.1/lib/plugins/httpcore-4.4.4.jar
7ff62d065000-7ff62d06b000 r--s 00033000 08:02 3402328                    /home/ankit/Downloads/android-studio/gradle/gradle-2.14.1/lib/plugins/commons-codec-1.6.jar
7ff62d06b000-7ff62d06e000 r--s 0001c000 08:02 3402326                    /home/ankit/Downloads/android-studio/gradle/gradle-2.14.1/lib/plugins/nekohtml-1.9.14.jar
7ff62d06e000-7ff62d07b000 r--s 000a4000 08:02 3402307                    /home/ankit/Downloads/android-studio/gradle/gradle-2.14.1/lib/plugins/httpclient-4.4.1.jar
7ff62d07b000-7ff62d07d000 r--s 0000a000 08:02 3402082                    /home/ankit/Downloads/android-studio/gradle/gradle-2.14.1/lib/plugins/gradle-resources-http-2.14.1.jar
7ff62d07d000-7ff62d081000 r--s 00014000 08:02 3402294                    /home/ankit/Downloads/android-studio/gradle/gradle-2.14.1/lib/plugins/gradle-plugin-use-2.14.1.jar
7ff62d081000-7ff62d082000 r--s 00000000 08:02 3394352                    /home/ankit/Downloads/android-studio/gradle/gradle-2.14.1/lib/gradle-installation-beacon-2.14.1.jar
7ff62d082000-7ff62d083000 r--s 00007000 08:02 3402335                    /home/ankit/Downloads/android-studio/gradle/gradle-2.14.1/lib/plugins/wagon-http-shared4-2.4.jar
7ff62d083000-7ff62d087000 r--s 00033000 08:02 3402372                    /home/ankit/Downloads/android-studio/gradle/gradle-2.14.1/lib/plugins/plexus-utils-2.0.6.jar
7ff62d087000-7ff62d08b000 r--s 00021000 08:02 3402361                    /home/ankit/Downloads/android-studio/gradle/gradle-2.14.1/lib/plugins/maven-model-builder-3.0.4.jar
7ff62d08b000-7ff62d08c000 r--s 00002000 08:02 3402327                    /home/ankit/Downloads/android-studio/gradle/gradle-2.14.1/lib/plugins/wagon-file-2.4.jar
7ff62d08c000-7ff62d08e000 r--s 00002000 08:02 3402368                    /home/ankit/Downloads/android-studio/gradle/gradle-2.14.1/lib/plugins/plexus-cipher-1.7.jar
7ff62d08e000-7ff62d091000 r--s 00013000 08:02 3402384                    /home/ankit/Downloads/android-studio/gradle/gradle-2.14.1/lib/plugins/aether-api-1.13.1.jar
7ff62d091000-7ff62d093000 r--s 0000a000 08:02 3402338                    /home/ankit/Downloads/android-studio/gradle/gradle-2.14.1/lib/plugins/maven-settings-3.0.4.jar
7ff62d093000-7ff62d095000 r--s 0000d000 08:02 3402362                    /home/ankit/Downloads/android-studio/gradle/gradle-2.14.1/lib/plugins/plexus-interpolation-1.14.jar
7ff62d095000-7ff62d097000 r--s 0000b000 08:02 3402377                    /home/ankit/Downloads/android-studio/gradle/gradle-2.14.1/lib/plugins/maven-artifact-3.0.4.jar
7ff62d097000-7ff62d09e000 r--s 0002e000 08:02 3402332                    /home/ankit/Downloads/android-studio/gradle/gradle-2.14.1/lib/plugins/plexus-container-default-1.5.5.jar
7ff62d09e000-7ff62d0a0000 r--s 0000b000 08:02 3402355                    /home/ankit/Downloads/android-studio/gradle/gradle-2.14.1/lib/plugins/maven-plugin-api-3.0.4.jar
7ff62d0a0000-7ff62d0a2000 r--s 00000000 08:02 3402357                    /home/ankit/Downloads/android-studio/gradle/gradle-2.14.1/lib/plugins/plexus-component-annotations-1.5.5.jar
7ff62d0a2000-7ff62d0a8000 r--s 0003f000 08:02 3402363                    /home/ankit/Downloads/android-studio/gradle/gradle-2.14.1/lib/plugins/maven-compat-3.0.4.jar
7ff62d0a8000-7ff62d0ab000 r--s 00008000 08:02 3402345                    /home/ankit/Downloads/android-studio/gradle/gradle-2.14.1/lib/plugins/maven-settings-builder-3.0.4.jar
7ff62d0ab000-7ff62d0ad000 r--s 00026000 08:02 3402383                    /home/ankit/Downloads/android-studio/gradle/gradle-2.14.1/lib/plugins/maven-model-3.0.4.jar
7ff62d0ad000-7ff62d0af000 r--s 00006000 08:02 3402374                    /home/ankit/Downloads/android-studio/gradle/gradle-2.14.1/lib/plugins/aether-connector-wagon-1.13.1.jar
7ff62d0af000-7ff62d0b1000 r--s 0000a000 08:02 3402333                    /home/ankit/Downloads/android-studio/gradle/gradle-2.14.1/lib/plugins/plexus-classworlds-2.4.jar
7ff62d0b1000-7ff62d0b3000 r--s 00006000 08:02 3402364                    /home/ankit/Downloads/android-studio/gradle/gradle-2.14.1/lib/plugins/maven-repository-metadata-3.0.4.jar
7ff62d0b3000-7ff62d0b5000 r--s 0000c000 08:02 3402348                    /home/ankit/Downloads/android-studio/gradle/gradle-2.14.1/lib/plugins/maven-aether-provider-3.0.4.jar
7ff62d0b5000-7ff62d0b7000 r--s 0000b000 08:02 3402340                    /home/ankit/Downloads/android-studio/gradle/gradle-2.14.1/lib/plugins/wagon-provider-api-2.4.jar
7ff62d0b7000-7ff62d0bb000 r--s 0001c000 08:02 3402380                    /home/ankit/Downloads/android-studio/gradle/gradle-2.14.1/lib/plugins/aether-util-1.13.1.jar
7ff62d0bb000-7ff62d0be000 r--s 0001d000 08:02 3402360                    /home/ankit/Downloads/android-studio/gradle/gradle-2.14.1/lib/plugins/aether-impl-1.13.1.jar
7ff62d0be000-7ff62d0c3000 r--s 00040000 08:02 3402321                    /home/ankit/Downloads/android-studio/gradle/gradle-2.14.1/lib/plugins/jsch-0.1.53.jar
7ff62d0c3000-7ff62d103000 r--s 00277000 08:02 3402323                    /home/ankit/Downloads/android-studio/gradle/gradle-2.14.1/lib/plugins/bcprov-jdk15on-1.51.jar
7ff62d103000-7ff62d107000 r--s 0001d000 08:02 3402350                    /home/ankit/Downloads/android-studio/gradle/gradle-2.14.1/lib/plugins/xbean-reflect-3.4.jar
7ff62d107000-7ff62d113000 r--s 0007d000 08:02 3402367                    /home/ankit/Downloads/android-studio/gradle/gradle-2.14.1/lib/plugins/maven-core-3.0.4.jar
7ff62d113000-7ff62d118000 r--s 0002a000 08:02 3402346                    /home/ankit/Downloads/android-studio/gradle/gradle-2.14.1/lib/plugins/gson-2.2.4.jar
7ff62d118000-7ff62d127000 r--s 000d9000 08:02 3402331                    /home/ankit/Downloads/android-studio/gradle/gradle-2.14.1/lib/plugins/ivy-2.2.0.jar
7ff62d127000-7ff62d13d000 r-xp 00000000 08:02 2624314                    /lib/x86_64-linux-gnu/libgcc_s.so.1
7ff62d13d000-7ff62d33c000 ---p 00016000 08:02 2624314                    /lib/x86_64-linux-gnu/libgcc_s.so.1
7ff62d33c000-7ff62d33d000 r--p 00015000 08:02 2624314                    /lib/x86_64-linux-gnu/libgcc_s.so.1
7ff62d33d000-7ff62d33e000 rw-p 00016000 08:02 2624314                    /lib/x86_64-linux-gnu/libgcc_s.so.1
7ff62d33e000-7ff62d4b1000 r-xp 00000000 08:02 61223                      /usr/lib/x86_64-linux-gnu/libstdc++.so.6.0.21
7ff62d4b1000-7ff62d6b0000 ---p 00173000 08:02 61223                      /usr/lib/x86_64-linux-gnu/libstdc++.so.6.0.21
7ff62d6b0000-7ff62d6ba000 r--p 00172000 08:02 61223                      /usr/lib/x86_64-linux-gnu/libstdc++.so.6.0.21
7ff62d6ba000-7ff62d6bc000 rw-p 0017c000 08:02 61223                      /usr/lib/x86_64-linux-gnu/libstdc++.so.6.0.21
7ff62d6bc000-7ff62d6c0000 rw-p 00000000 00:00 0 
7ff62d6c0000-7ff62d6c1000 r--s 00002000 08:02 3402318                    /home/ankit/Downloads/android-studio/gradle/gradle-2.14.1/lib/plugins/wagon-http-2.4.jar
7ff62d6c1000-7ff62d6c2000 r--s 00003000 08:02 3402320                    /home/ankit/Downloads/android-studio/gradle/gradle-2.14.1/lib/plugins/aether-spi-1.13.1.jar
7ff62d6c2000-7ff62d6c3000 r--s 00006000 08:02 3402365                    /home/ankit/Downloads/android-studio/gradle/gradle-2.14.1/lib/plugins/plexus-sec-dispatcher-1.3.jar
7ff62d6c3000-7ff62d6df000 r--s 000d3000 08:02 3402161                    /home/ankit/Downloads/android-studio/gradle/gradle-2.14.1/lib/plugins/gradle-dependency-management-2.14.1.jar
7ff62d6df000-7ff62d6e3000 r-xp 00000000 08:02 3391672                    /home/ankit/.gradle/native/19/linux-amd64/libnative-platform.so
7ff62d6e3000-7ff62d8e2000 ---p 00004000 08:02 3391672                    /home/ankit/.gradle/native/19/linux-amd64/libnative-platform.so
7ff62d8e2000-7ff62d8e3000 rw-p 00003000 08:02 3391672                    /home/ankit/.gradle/native/19/linux-amd64/libnative-platform.so
7ff62d8e3000-7ff62d8f4000 r-xp 00000000 08:02 199999                     /usr/lib/jvm/java-8-oracle/jre/lib/amd64/libnio.so
7ff62d8f4000-7ff62daf3000 ---p 00011000 08:02 199999                     /usr/lib/jvm/java-8-oracle/jre/lib/amd64/libnio.so
7ff62daf3000-7ff62daf4000 rw-p 00010000 08:02 199999                     /usr/lib/jvm/java-8-oracle/jre/lib/amd64/libnio.so
7ff62daf4000-7ff62ddf5000 rw-p 00000000 00:00 0 
7ff62ddf5000-7ff62de0b000 r-xp 00000000 08:02 199974                     /usr/lib/jvm/java-8-oracle/jre/lib/amd64/libnet.so
7ff62de0b000-7ff62e00b000 ---p 00016000 08:02 199974                     /usr/lib/jvm/java-8-oracle/jre/lib/amd64/libnet.so
7ff62e00b000-7ff62e00c000 rw-p 00016000 08:02 199974                     /usr/lib/jvm/java-8-oracle/jre/lib/amd64/libnet.so
7ff62e00c000-7ff62e00e000 r--s 00005000 08:02 3394358                    /home/ankit/Downloads/android-studio/gradle/gradle-2.14.1/lib/gradle-wrapper-2.14.1.jar
7ff62e00e000-7ff62e01c000 r--s 0004f000 08:02 3394344                    /home/ankit/Downloads/android-studio/gradle/gradle-2.14.1/lib/gradle-tooling-api-2.14.1.jar
7ff62e01c000-7ff62e01e000 r--s 00002000 08:02 3394350                    /home/ankit/Downloads/android-studio/gradle/gradle-2.14.1/lib/gradle-open-api-2.14.1.jar
7ff62e01e000-7ff62e024000 r--s 00032000 08:02 3394400                    /home/ankit/Downloads/android-studio/gradle/gradle-2.14.1/lib/jaxen-1.1.jar
7ff62e024000-7ff62e029000 r--s 00048000 08:02 3394380                    /home/ankit/Downloads/android-studio/gradle/gradle-2.14.1/lib/dom4j-1.6.1.jar
7ff62e029000-7ff62e034000 r--s 00059000 08:02 3394373                    /home/ankit/Downloads/android-studio/gradle/gradle-2.14.1/lib/gradle-ui-2.14.1.jar
7ff62e034000-7ff62e037000 r--s 0000b000 08:02 3394378                    /home/ankit/Downloads/android-studio/gradle/gradle-2.14.1/lib/gradle-resources-2.14.1.jar
7ff62e037000-7ff62e039000 r--s 00003000 08:02 3394402                    /home/ankit/Downloads/android-studio/gradle/gradle-2.14.1/lib/jcl-over-slf4j-1.7.10.jar
7ff62e039000-7ff62e03b000 r--s 00000000 08:02 3394404                    /home/ankit/Downloads/android-studio/gradle/gradle-2.14.1/lib/jul-to-slf4j-1.7.10.jar
7ff62e03b000-7ff62e040000 r--s 0001c000 08:02 3394356                    /home/ankit/Downloads/android-studio/gradle/gradle-2.14.1/lib/gradle-logging-2.14.1.jar
7ff62e040000-7ff62e042000 r--s 00007000 08:02 3394403                    /home/ankit/Downloads/android-studio/gradle/gradle-2.14.1/lib/objenesis-1.2.jar
7ff62e042000-7ff62e044000 r--s 00000000 08:02 3394383                    /home/ankit/Downloads/android-studio/gradle/gradle-2.14.1/lib/minlog-1.2.jar
7ff62e044000-7ff62e046000 r--s 0000f000 08:02 3394389                    /home/ankit/Downloads/android-studio/gradle/gradle-2.14.1/lib/reflectasm-1.07-shaded.jar
7ff62e046000-7ff62e04a000 r--s 00026000 08:02 3394395                    /home/ankit/Downloads/android-studio/gradle/gradle-2.14.1/lib/kryo-2.20.jar
7ff62e04a000-7ff62e050000 r--s 00025000 08:02 3394347                    /home/ankit/Downloads/android-studio/gradle/gradle-2.14.1/lib/gradle-messaging-2.14.1.jar
7ff62e050000-7ff62e0bf000 r--s 0063e000 08:02 3394407                    /home/ankit/Downloads/android-studio/gradle/gradle-2.14.1/lib/groovy-all-2.4.4.jar
7ff62e0bf000-7ff62e0e7000 r--s 001cf000 08:02 3394387                    /home/ankit/Downloads/android-studio/gradle/gradle-2.14.1/lib/guava-jdk5-17.0.jar
7ff62e0e7000-7ff62e106000 r--s 001d1000 08:02 3394357                    /home/ankit/Downloads/android-studio/gradle/gradle-2.14.1/lib/ant-1.9.6.jar
7ff62e106000-7ff62e107000 ---p 00000000 00:00 0 
7ff62e107000-7ff62e207000 rw-p 00000000 00:00 0 
7ff62e207000-7ff62e20a000 ---p 00000000 00:00 0 
7ff62e20a000-7ff62e308000 rw-p 00000000 00:00 0 
7ff62e308000-7ff62e30b000 ---p 00000000 00:00 0 
7ff62e30b000-7ff62e409000 rw-p 00000000 00:00 0 
7ff62e409000-7ff62e40c000 ---p 00000000 00:00 0 
7ff62e40c000-7ff62e50a000 rw-p 00000000 00:00 0 
7ff62e50a000-7ff62e50d000 ---p 00000000 00:00 0 
7ff62e50d000-7ff62e60b000 rw-p 00000000 00:00 0 
7ff62e60b000-7ff62e60e000 ---p 00000000 00:00 0 
7ff62e60e000-7ff62e70c000 rw-p 00000000 00:00 0 
7ff62e70c000-7ff62edee000 r--p 00000000 08:02 59247                      /usr/lib/locale/locale-archive
7ff62edee000-7ff62edf1000 ---p 00000000 00:00 0 
7ff62edf1000-7ff62eeef000 rw-p 00000000 00:00 0 
7ff62eeef000-7ff62eef2000 ---p 00000000 00:00 0 
7ff62eef2000-7ff62eff0000 rw-p 00000000 00:00 0 
7ff62eff0000-7ff62eff1000 ---p 00000000 00:00 0 
7ff62eff1000-7ff630000000 rw-p 00000000 00:00 0 
7ff630000000-7ff630043000 rw-p 00000000 00:00 0 
7ff630043000-7ff634000000 ---p 00000000 00:00 0 
7ff634000000-7ff634001000 r--s 00005000 08:02 3394397                    /home/ankit/Downloads/android-studio/gradle/gradle-2.14.1/lib/log4j-over-slf4j-1.7.10.jar
7ff634001000-7ff634002000 r--s 00003000 08:02 3394401                    /home/ankit/Downloads/android-studio/gradle/gradle-2.14.1/lib/native-platform-freebsd-amd64-0.10.jar
7ff634002000-7ff634003000 r--s 00003000 08:02 3394390                    /home/ankit/Downloads/android-studio/gradle/gradle-2.14.1/lib/native-platform-freebsd-i386-0.10.jar
7ff634003000-7ff634004000 r--s 00005000 08:02 3394385                    /home/ankit/Downloads/android-studio/gradle/gradle-2.14.1/lib/native-platform-windows-i386-0.10.jar
7ff634004000-7ff634005000 r--s 00005000 08:02 3394384                    /home/ankit/Downloads/android-studio/gradle/gradle-2.14.1/lib/native-platform-windows-amd64-0.10.jar
7ff634005000-7ff634006000 r--s 00003000 08:02 3394391                    /home/ankit/Downloads/android-studio/gradle/gradle-2.14.1/lib/native-platform-linux-i386-0.10.jar
7ff634006000-7ff634007000 r--s 00003000 08:02 3394382                    /home/ankit/Downloads/android-studio/gradle/gradle-2.14.1/lib/native-platform-linux-amd64-0.10.jar
7ff634007000-7ff634008000 r--s 00002000 08:02 3394381                    /home/ankit/Downloads/android-studio/gradle/gradle-2.14.1/lib/native-platform-osx-amd64-0.10.jar
7ff634008000-7ff63400a000 r--s 00008000 08:02 3394399                    /home/ankit/Downloads/android-studio/gradle/gradle-2.14.1/lib/jansi-1.2.1.jar
7ff63400a000-7ff63400d000 r--s 0000d000 08:02 3394394                    /home/ankit/Downloads/android-studio/gradle/gradle-2.14.1/lib/native-platform-0.10.jar
7ff63400d000-7ff63401c000 r--s 00080000 08:02 3394371                    /home/ankit/Downloads/android-studio/gradle/gradle-2.14.1/lib/gradle-model-core-2.14.1.jar
7ff63401c000-7ff634053000 r--s 001bd000 08:02 3394359                    /home/ankit/Downloads/android-studio/gradle/gradle-2.14.1/lib/gradle-core-2.14.1.jar
7ff634053000-7ff634126000 rw-p 00000000 00:00 0 
7ff634126000-7ff6342fe000 r--s 03d2a000 08:02 182584                     /usr/lib/jvm/java-8-oracle/jre/lib/rt.jar
7ff6342fe000-7ff634dfe000 rw-p 00000000 00:00 0 
7ff634dfe000-7ff634dff000 ---p 00000000 00:00 0 
7ff634dff000-7ff634eff000 rw-p 00000000 00:00 0 
7ff634eff000-7ff634f00000 ---p 00000000 00:00 0 
7ff634f00000-7ff635000000 rw-p 00000000 00:00 0 
7ff635000000-7ff636fb0000 rwxp 00000000 00:00 0 
7ff636fb0000-7ff644000000 ---p 00000000 00:00 0 
7ff644000000-7ff644bb9000 rw-p 00000000 00:00 0 
7ff644bb9000-7ff648000000 ---p 00000000 00:00 0 
7ff648000000-7ff648004000 r--s 000e4000 08:02 3394393                    /home/ankit/Downloads/android-studio/gradle/gradle-2.14.1/lib/jna-3.2.7.jar
7ff648004000-7ff648006000 r--s 00009000 08:02 3394375                    /home/ankit/Downloads/android-studio/gradle/gradle-2.14.1/lib/gradle-native-2.14.1.jar
7ff648006000-7ff648008000 r--s 00005000 08:02 3394376                    /home/ankit/Downloads/android-studio/gradle/gradle-2.14.1/lib/gradle-cli-2.14.1.jar
7ff648008000-7ff648015000 r--s 00083000 08:02 3394379                    /home/ankit/Downloads/android-studio/gradle/gradle-2.14.1/lib/commons-collections-3.2.2.jar
7ff648015000-7ff64808b000 rw-p 00000000 00:00 0 
7ff64808b000-7ff64808c000 ---p 00000000 00:00 0 
7ff64808c000-7ff64818c000 rw-p 00000000 00:00 0 
7ff64818c000-7ff64818d000 ---p 00000000 00:00 0 
7ff64818d000-7ff6483ec000 rw-p 00000000 00:00 0 
7ff6483ec000-7ff64848d000 ---p 00000000 00:00 0 
7ff64848d000-7ff6485ec000 rw-p 00000000 00:00 0 
7ff6485ec000-7ff64868d000 ---p 00000000 00:00 0 
7ff64868d000-7ff64878d000 rw-p 00000000 00:00 0 
7ff64878d000-7ff64880d000 rw-p 00000000 00:00 0 
7ff64880d000-7ff648b4e000 ---p 00000000 00:00 0 
7ff648b4e000-7ff648b68000 r-xp 00000000 08:02 199997                     /usr/lib/jvm/java-8-oracle/jre/lib/amd64/libzip.so
7ff648b68000-7ff648d68000 ---p 0001a000 08:02 199997                     /usr/lib/jvm/java-8-oracle/jre/lib/amd64/libzip.so
7ff648d68000-7ff648d69000 rw-p 0001a000 08:02 199997                     /usr/lib/jvm/java-8-oracle/jre/lib/amd64/libzip.so
7ff648d69000-7ff648d73000 r-xp 00000000 08:02 2621662                    /lib/x86_64-linux-gnu/libnss_files-2.21.so
7ff648d73000-7ff648f73000 ---p 0000a000 08:02 2621662                    /lib/x86_64-linux-gnu/libnss_files-2.21.so
7ff648f73000-7ff648f74000 r--p 0000a000 08:02 2621662                    /lib/x86_64-linux-gnu/libnss_files-2.21.so
7ff648f74000-7ff648f75000 rw-p 0000b000 08:02 2621662                    /lib/x86_64-linux-gnu/libnss_files-2.21.so
7ff648f75000-7ff648f80000 r-xp 00000000 08:02 2623427                    /lib/x86_64-linux-gnu/libnss_nis-2.21.so
7ff648f80000-7ff64917f000 ---p 0000b000 08:02 2623427                    /lib/x86_64-linux-gnu/libnss_nis-2.21.so
7ff64917f000-7ff649180000 r--p 0000a000 08:02 2623427                    /lib/x86_64-linux-gnu/libnss_nis-2.21.so
7ff649180000-7ff649181000 rw-p 0000b000 08:02 2623427                    /lib/x86_64-linux-gnu/libnss_nis-2.21.so
7ff649181000-7ff649198000 r-xp 00000000 08:02 2623430                    /lib/x86_64-linux-gnu/libnsl-2.21.so
7ff649198000-7ff649397000 ---p 00017000 08:02 2623430                    /lib/x86_64-linux-gnu/libnsl-2.21.so
7ff649397000-7ff649398000 r--p 00016000 08:02 2623430                    /lib/x86_64-linux-gnu/libnsl-2.21.so
7ff649398000-7ff649399000 rw-p 00017000 08:02 2623430                    /lib/x86_64-linux-gnu/libnsl-2.21.so
7ff649399000-7ff64939b000 rw-p 00000000 00:00 0 
7ff64939b000-7ff6493a3000 r-xp 00000000 08:02 2622662                    /lib/x86_64-linux-gnu/libnss_compat-2.21.so
7ff6493a3000-7ff6495a2000 ---p 00008000 08:02 2622662                    /lib/x86_64-linux-gnu/libnss_compat-2.21.so
7ff6495a2000-7ff6495a3000 r--p 00007000 08:02 2622662                    /lib/x86_64-linux-gnu/libnss_compat-2.21.so
7ff6495a3000-7ff6495a4000 rw-p 00008000 08:02 2622662                    /lib/x86_64-linux-gnu/libnss_compat-2.21.so
7ff6495a4000-7ff6495cf000 r-xp 00000000 08:02 200024                     /usr/lib/jvm/java-8-oracle/jre/lib/amd64/libjava.so
7ff6495cf000-7ff6497ce000 ---p 0002b000 08:02 200024                     /usr/lib/jvm/java-8-oracle/jre/lib/amd64/libjava.so
7ff6497ce000-7ff6497d0000 rw-p 0002a000 08:02 200024                     /usr/lib/jvm/java-8-oracle/jre/lib/amd64/libjava.so
7ff6497d0000-7ff6497dd000 r-xp 00000000 08:02 199975                     /usr/lib/jvm/java-8-oracle/jre/lib/amd64/libverify.so
7ff6497dd000-7ff6499dc000 ---p 0000d000 08:02 199975                     /usr/lib/jvm/java-8-oracle/jre/lib/amd64/libverify.so
7ff6499dc000-7ff6499de000 rw-p 0000c000 08:02 199975                     /usr/lib/jvm/java-8-oracle/jre/lib/amd64/libverify.so
7ff6499de000-7ff6499e5000 r-xp 00000000 08:02 2621663                    /lib/x86_64-linux-gnu/librt-2.21.so
7ff6499e5000-7ff649be4000 ---p 00007000 08:02 2621663                    /lib/x86_64-linux-gnu/librt-2.21.so
7ff649be4000-7ff649be5000 r--p 00006000 08:02 2621663                    /lib/x86_64-linux-gnu/librt-2.21.so
7ff649be5000-7ff649be6000 rw-p 00007000 08:02 2621663                    /lib/x86_64-linux-gnu/librt-2.21.so
7ff649be6000-7ff649ced000 r-xp 00000000 08:02 2623271                    /lib/x86_64-linux-gnu/libm-2.21.so
7ff649ced000-7ff649eec000 ---p 00107000 08:02 2623271                    /lib/x86_64-linux-gnu/libm-2.21.so
7ff649eec000-7ff649eed000 r--p 00106000 08:02 2623271                    /lib/x86_64-linux-gnu/libm-2.21.so
7ff649eed000-7ff649eee000 rw-p 00107000 08:02 2623271                    /lib/x86_64-linux-gnu/libm-2.21.so
7ff649eee000-7ff64abbb000 r-xp 00000000 08:02 200028                     /usr/lib/jvm/java-8-oracle/jre/lib/amd64/server/libjvm.so
7ff64abbb000-7ff64adba000 ---p 00ccd000 08:02 200028                     /usr/lib/jvm/java-8-oracle/jre/lib/amd64/server/libjvm.so
7ff64adba000-7ff64ae93000 rw-p 00ccc000 08:02 200028                     /usr/lib/jvm/java-8-oracle/jre/lib/amd64/server/libjvm.so
7ff64ae93000-7ff64aede000 rw-p 00000000 00:00 0 
7ff64aede000-7ff64b09e000 r-xp 00000000 08:02 2623433                    /lib/x86_64-linux-gnu/libc-2.21.so
7ff64b09e000-7ff64b29e000 ---p 001c0000 08:02 2623433                    /lib/x86_64-linux-gnu/libc-2.21.so
7ff64b29e000-7ff64b2a2000 r--p 001c0000 08:02 2623433                    /lib/x86_64-linux-gnu/libc-2.21.so
7ff64b2a2000-7ff64b2a4000 rw-p 001c4000 08:02 2623433                    /lib/x86_64-linux-gnu/libc-2.21.so
7ff64b2a4000-7ff64b2a8000 rw-p 00000000 00:00 0 
7ff64b2a8000-7ff64b2ab000 r-xp 00000000 08:02 2623420                    /lib/x86_64-linux-gnu/libdl-2.21.so
7ff64b2ab000-7ff64b4aa000 ---p 00003000 08:02 2623420                    /lib/x86_64-linux-gnu/libdl-2.21.so
7ff64b4aa000-7ff64b4ab000 r--p 00002000 08:02 2623420                    /lib/x86_64-linux-gnu/libdl-2.21.so
7ff64b4ab000-7ff64b4ac000 rw-p 00003000 08:02 2623420                    /lib/x86_64-linux-gnu/libdl-2.21.so
7ff64b4ac000-7ff64b4c1000 r-xp 00000000 08:02 158504                     /usr/lib/jvm/java-8-oracle/lib/amd64/jli/libjli.so
7ff64b4c1000-7ff64b6c1000 ---p 00015000 08:02 158504                     /usr/lib/jvm/java-8-oracle/lib/amd64/jli/libjli.so
7ff64b6c1000-7ff64b6c2000 rw-p 00015000 08:02 158504                     /usr/lib/jvm/java-8-oracle/lib/amd64/jli/libjli.so
7ff64b6c2000-7ff64b6da000 r-xp 00000000 08:02 2623413                    /lib/x86_64-linux-gnu/libpthread-2.21.so
7ff64b6da000-7ff64b8da000 ---p 00018000 08:02 2623413                    /lib/x86_64-linux-gnu/libpthread-2.21.so
7ff64b8da000-7ff64b8db000 r--p 00018000 08:02 2623413                    /lib/x86_64-linux-gnu/libpthread-2.21.so
7ff64b8db000-7ff64b8dc000 rw-p 00019000 08:02 2623413                    /lib/x86_64-linux-gnu/libpthread-2.21.so
7ff64b8dc000-7ff64b8e0000 rw-p 00000000 00:00 0 
7ff64b8e0000-7ff64b904000 r-xp 00000000 08:02 2623431                    /lib/x86_64-linux-gnu/ld-2.21.so
7ff64b904000-7ff64b905000 r--s 00002000 08:02 3394398                    /home/ankit/Downloads/android-studio/gradle/gradle-2.14.1/lib/native-platform-osx-i386-0.10.jar
7ff64b905000-7ff64b907000 r--s 00007000 08:02 3394353                    /home/ankit/Downloads/android-studio/gradle/gradle-2.14.1/lib/gradle-model-groovy-2.14.1.jar
7ff64b907000-7ff64b908000 r--s 00006000 08:02 3394370                    /home/ankit/Downloads/android-studio/gradle/gradle-2.14.1/lib/gradle-base-services-groovy-2.14.1.jar
7ff64b908000-7ff64b909000 r--s 00002000 08:02 3394360                    /home/ankit/Downloads/android-studio/gradle/gradle-2.14.1/lib/gradle-docs-2.14.1.jar
7ff64b909000-7ff64b90a000 r--s 00000000 08:02 3394406                    /home/ankit/Downloads/android-studio/gradle/gradle-2.14.1/lib/javax.inject-1.jar
7ff64b90a000-7ff64b90b000 r--s 00000000 08:02 3394388                    /home/ankit/Downloads/android-studio/gradle/gradle-2.14.1/lib/jcip-annotations-1.0.jar
7ff64b90b000-7ff64b90f000 r--s 00027000 08:02 3394396                    /home/ankit/Downloads/android-studio/gradle/gradle-2.14.1/lib/commons-io-2.2.jar
7ff64b90f000-7ff64b914000 r--s 00038000 08:02 3394363                    /home/ankit/Downloads/android-studio/gradle/gradle-2.14.1/lib/asm-all-5.1.jar
7ff64b914000-7ff64b915000 r--s 00001000 08:02 3394374                    /home/ankit/Downloads/android-studio/gradle/gradle-2.14.1/lib/gradle-process-services-2.14.1.jar
7ff64b915000-7ff64b916000 r--s 00000000 08:02 3394345                    /home/ankit/Downloads/android-studio/gradle/gradle-2.14.1/lib/gradle-jvm-services-2.14.1.jar
7ff64b916000-7ff64b91b000 r--s 00041000 08:02 3394392                    /home/ankit/Downloads/android-studio/gradle/gradle-2.14.1/lib/commons-lang-2.6.jar
7ff64b91b000-7ff64b9dd000 rw-p 00000000 00:00 0 
7ff64b9dd000-7ff64b9e0000 ---p 00000000 00:00 0 
7ff64b9e0000-7ff64bae2000 rw-p 00000000 00:00 0 
7ff64bae2000-7ff64bae3000 r--s 00007000 08:02 3394386                    /home/ankit/Downloads/android-studio/gradle/gradle-2.14.1/lib/slf4j-api-1.7.10.jar
7ff64bae3000-7ff64bae4000 r--s 00004000 08:02 3394372                    /home/ankit/Downloads/android-studio/gradle/gradle-2.14.1/lib/ant-launcher-1.9.6.jar
7ff64bae4000-7ff64baec000 r--s 0003a000 08:02 3394364                    /home/ankit/Downloads/android-studio/gradle/gradle-2.14.1/lib/gradle-base-services-2.14.1.jar
7ff64baec000-7ff64baf7000 r--s 00051000 08:02 3394361                    /home/ankit/Downloads/android-studio/gradle/gradle-2.14.1/lib/gradle-launcher-2.14.1.jar
7ff64baf7000-7ff64baff000 rw-s 00000000 08:02 5033422                    /tmp/hsperfdata_ankit/24681
7ff64baff000-7ff64bb00000 rw-p 00000000 00:00 0 
7ff64bb00000-7ff64bb01000 ---p 00000000 00:00 0 
7ff64bb01000-7ff64bb03000 rw-p 00000000 00:00 0 
7ff64bb03000-7ff64bb04000 r--p 00023000 08:02 2623431                    /lib/x86_64-linux-gnu/ld-2.21.so
7ff64bb04000-7ff64bb05000 rw-p 00024000 08:02 2623431                    /lib/x86_64-linux-gnu/ld-2.21.so
7ff64bb05000-7ff64bb06000 rw-p 00000000 00:00 0 
7ffd46dd8000-7ffd46df9000 rw-p 00000000 00:00 0                          [stack]
7ffd46dfc000-7ffd46dfe000 r--p 00000000 00:00 0                          [vvar]
7ffd46dfe000-7ffd46e00000 r-xp 00000000 00:00 0                          [vdso]
ffffffffff600000-ffffffffff601000 r-xp 00000000 00:00 0                  [vsyscall]

VM Arguments:
jvm_args: -Xmx1536m -Dfile.encoding=UTF-8 -Duser.country=IN -Duser.language=en -Duser.variant 
java_command: org.gradle.launcher.daemon.bootstrap.GradleDaemon 2.14.1
java_class_path (initial): /home/ankit/Downloads/android-studio/gradle/gradle-2.14.1/lib/gradle-launcher-2.14.1.jar
Launcher Type: SUN_STANDARD

Environment Variables:
JAVA_HOME=/usr/lib/jvm/java-8-oracle
PATH=/usr/local/sbin:/usr/local/bin:/usr/sbin:/usr/bin:/sbin:/bin:/usr/games:/usr/local/games:/usr/lib/jvm/java-8-oracle/bin:/usr/lib/jvm/java-8-oracle/db/bin:/usr/lib/jvm/java-8-oracle/jre/bin
LD_LIBRARY_PATH=Downloads/android-studio/bin:
SHELL=/bin/bash
DISPLAY=:0

Signal Handlers:
SIGSEGV: [libjvm.so+0xac64b0], sa_mask[0]=11111111011111111101111111111110, sa_flags=SA_RESTART|SA_SIGINFO
SIGBUS: [libjvm.so+0xac64b0], sa_mask[0]=11111111011111111101111111111110, sa_flags=SA_RESTART|SA_SIGINFO
SIGFPE: [libjvm.so+0x91f950], sa_mask[0]=11111111011111111101111111111110, sa_flags=SA_RESTART|SA_SIGINFO
SIGPIPE: [libjvm.so+0x91f950], sa_mask[0]=11111111011111111101111111111110, sa_flags=SA_RESTART|SA_SIGINFO
SIGXFSZ: [libjvm.so+0x91f950], sa_mask[0]=11111111011111111101111111111110, sa_flags=SA_RESTART|SA_SIGINFO
SIGILL: [libjvm.so+0x91f950], sa_mask[0]=11111111011111111101111111111110, sa_flags=SA_RESTART|SA_SIGINFO
SIGUSR1: SIG_DFL, sa_mask[0]=00000000000000000000000000000000, sa_flags=none
SIGUSR2: [libjvm.so+0x920f80], sa_mask[0]=00100000000000000000000000000000, sa_flags=SA_RESTART|SA_SIGINFO
SIGHUP: [libjvm.so+0x922380], sa_mask[0]=11111111011111111101111111111110, sa_flags=SA_RESTART|SA_SIGINFO
SIGINT: [libjvm.so+0x922380], sa_mask[0]=11111111011111111101111111111110, sa_flags=SA_RESTART|SA_SIGINFO
SIGTERM: [libjvm.so+0x922380], sa_mask[0]=11111111011111111101111111111110, sa_flags=SA_RESTART|SA_SIGINFO
SIGQUIT: [libjvm.so+0x922380], sa_mask[0]=11111111011111111101111111111110, sa_flags=SA_RESTART|SA_SIGINFO


---------------  S Y S T E M  ---------------

OS:DISTRIB_ID=Ubuntu
DISTRIB_RELEASE=15.10
DISTRIB_CODENAME=wily
DISTRIB_DESCRIPTION="Ubuntu 15.10"

uname:Linux 4.2.0-42-generic #49-Ubuntu SMP Tue Jun 28 21:26:26 UTC 2016 x86_64
libc:glibc 2.21 NPTL 2.21 
rlimit: STACK 8192k, CORE 0k, NPROC 31537, NOFILE 65536, AS infinity
load average:36.43 17.14 7.87

/proc/meminfo:
MemTotal:        8110256 kB
MemFree:          137612 kB
MemAvailable:     136124 kB
Buffers:            2144 kB
Cached:           601780 kB
SwapCached:            0 kB
Active:          7202012 kB
Inactive:         511360 kB
Active(anon):    7148424 kB
Inactive(anon):   453680 kB
Active(file):      53588 kB
Inactive(file):    57680 kB
Unevictable:          96 kB
Mlocked:              96 kB
SwapTotal:             0 kB
SwapFree:              0 kB
Dirty:               108 kB
Writeback:             0 kB
AnonPages:       7109636 kB
Mapped:           322516 kB
Shmem:            492576 kB
Slab:             107364 kB
SReclaimable:      54696 kB
SUnreclaim:        52668 kB
KernelStack:       14800 kB
PageTables:        80912 kB
NFS_Unstable:          0 kB
Bounce:                0 kB
WritebackTmp:          0 kB
CommitLimit:     4055128 kB
Committed_AS:   16534592 kB
VmallocTotal:   34359738367 kB
VmallocUsed:      552000 kB
VmallocChunk:   34358423548 kB
HardwareCorrupted:     0 kB
AnonHugePages:   3397632 kB
CmaTotal:              0 kB
CmaFree:               0 kB
HugePages_Total:       0
HugePages_Free:        0
HugePages_Rsvd:        0
HugePages_Surp:        0
Hugepagesize:       2048 kB
DirectMap4k:      246464 kB
DirectMap2M:     8077312 kB
DirectMap1G:     1048576 kB


CPU:total 4 (2 cores per cpu, 2 threads per core) family 6 model 69 stepping 1, cmov, cx8, fxsr, mmx, sse, sse2, sse3, ssse3, sse4.1, sse4.2, popcnt, avx, avx2, aes, clmul, erms, lzcnt, ht, tsc, tscinvbit, bmi1, bmi2

/proc/cpuinfo:
processor	: 0
vendor_id	: GenuineIntel
cpu family	: 6
model		: 69
model name	: Intel(R) Core(TM) i3-4005U CPU @ 1.70GHz
stepping	: 1
microcode	: 0x1c
cpu MHz		: 1694.156
cache size	: 3072 KB
physical id	: 0
siblings	: 4
core id		: 0
cpu cores	: 2
apicid		: 0
initial apicid	: 0
fpu		: yes
fpu_exception	: yes
cpuid level	: 13
wp		: yes
flags		: fpu vme de pse tsc msr pae mce cx8 apic sep mtrr pge mca cmov pat pse36 clflush dts acpi mmx fxsr sse sse2 ss ht tm pbe syscall nx pdpe1gb rdtscp lm constant_tsc arch_perfmon pebs bts rep_good nopl xtopology nonstop_tsc aperfmperf eagerfpu pni pclmulqdq dtes64 monitor ds_cpl vmx est tm2 ssse3 fma cx16 xtpr pdcm pcid sse4_1 sse4_2 movbe popcnt tsc_deadline_timer aes xsave avx f16c rdrand lahf_lm abm ida arat epb pln pts dtherm tpr_shadow vnmi flexpriority ept vpid fsgsbase tsc_adjust bmi1 avx2 smep bmi2 erms invpcid xsaveopt
bugs		:
bogomips	: 3392.03
clflush size	: 64
cache_alignment	: 64
address sizes	: 39 bits physical, 48 bits virtual
power management:

processor	: 1
vendor_id	: GenuineIntel
cpu family	: 6
model		: 69
model name	: Intel(R) Core(TM) i3-4005U CPU @ 1.70GHz
stepping	: 1
microcode	: 0x1c
cpu MHz		: 1700.000
cache size	: 3072 KB
physical id	: 0
siblings	: 4
core id		: 0
cpu cores	: 2
apicid		: 1
initial apicid	: 1
fpu		: yes
fpu_exception	: yes
cpuid level	: 13
wp		: yes
flags		: fpu vme de pse tsc msr pae mce cx8 apic sep mtrr pge mca cmov pat pse36 clflush dts acpi mmx fxsr sse sse2 ss ht tm pbe syscall nx pdpe1gb rdtscp lm constant_tsc arch_perfmon pebs bts rep_good nopl xtopology nonstop_tsc aperfmperf eagerfpu pni pclmulqdq dtes64 monitor ds_cpl vmx est tm2 ssse3 fma cx16 xtpr pdcm pcid sse4_1 sse4_2 movbe popcnt tsc_deadline_timer aes xsave avx f16c rdrand lahf_lm abm ida arat epb pln pts dtherm tpr_shadow vnmi flexpriority ept vpid fsgsbase tsc_adjust bmi1 avx2 smep bmi2 erms invpcid xsaveopt
bugs		:
bogomips	: 3392.03
clflush size	: 64
cache_alignment	: 64
address sizes	: 39 bits physical, 48 bits virtual
power management:

processor	: 2
vendor_id	: GenuineIntel
cpu family	: 6
model		: 69
model name	: Intel(R) Core(TM) i3-4005U CPU @ 1.70GHz
stepping	: 1
microcode	: 0x1c
cpu MHz		: 1699.933
cache size	: 3072 KB
physical id	: 0
siblings	: 4
core id		: 1
cpu cores	: 2
apicid		: 2
initial apicid	: 2
fpu		: yes
fpu_exception	: yes
cpuid level	: 13
wp		: yes
flags		: fpu vme de pse tsc msr pae mce cx8 apic sep mtrr pge mca cmov pat pse36 clflush dts acpi mmx fxsr sse sse2 ss ht tm pbe syscall nx pdpe1gb rdtscp lm constant_tsc arch_perfmon pebs bts rep_good nopl xtopology nonstop_tsc aperfmperf eagerfpu pni pclmulqdq dtes64 monitor ds_cpl vmx est tm2 ssse3 fma cx16 xtpr pdcm pcid sse4_1 sse4_2 movbe popcnt tsc_deadline_timer aes xsave avx f16c rdrand lahf_lm abm ida arat epb pln pts dtherm tpr_shadow vnmi flexpriority ept vpid fsgsbase tsc_adjust bmi1 avx2 smep bmi2 erms invpcid xsaveopt
bugs		:
bogomips	: 3392.03
clflush size	: 64
cache_alignment	: 64
address sizes	: 39 bits physical, 48 bits virtual
power management:

processor	: 3
vendor_id	: GenuineIntel
cpu family	: 6
model		: 69
model name	: Intel(R) Core(TM) i3-4005U CPU @ 1.70GHz
stepping	: 1
microcode	: 0x1c
cpu MHz		: 1698.273
cache size	: 3072 KB
physical id	: 0
siblings	: 4
core id		: 1
cpu cores	: 2
apicid		: 3
initial apicid	: 3
fpu		: yes
fpu_exception	: yes
cpuid level	: 13
wp		: yes
flags		: fpu vme de pse tsc msr pae mce cx8 apic sep mtrr pge mca cmov pat pse36 clflush dts acpi mmx fxsr sse sse2 ss ht tm pbe syscall nx pdpe1gb rdtscp lm constant_tsc arch_perfmon pebs bts rep_good nopl xtopology nonstop_tsc aperfmperf eagerfpu pni pclmulqdq dtes64 monitor ds_cpl vmx est tm2 ssse3 fma cx16 xtpr pdcm pcid sse4_1 sse4_2 movbe popcnt tsc_deadline_timer aes xsave avx f16c rdrand lahf_lm abm ida arat epb pln pts dtherm tpr_shadow vnmi flexpriority ept vpid fsgsbase tsc_adjust bmi1 avx2 smep bmi2 erms invpcid xsaveopt
bugs		:
bogomips	: 3392.03
clflush size	: 64
cache_alignment	: 64
address sizes	: 39 bits physical, 48 bits virtual
power management:



Memory: 4k page, physical 8110256k(137612k free), swap 0k(0k free)

vm_info: Java HotSpot(TM) 64-Bit Server VM (25.111-b14) for linux-amd64 JRE (1.8.0_111-b14), built on Sep 22 2016 16:14:03 by "java_re" with gcc 4.3.0 20080428 (Red Hat 4.3.0-8)

time: Thu Dec 29 21:50:04 2016
elapsed time: 175 seconds (0d 0h 2m 55s)

