#
# There is insufficient memory for the Java Runtime Environment to continue.
# Native memory allocation (mmap) failed to map 250085376 bytes for committing reserved memory.
# Possible reasons:
#   The system is out of physical RAM or swap space
#   In 32 bit mode, the process size limit was hit
# Possible solutions:
#   Reduce memory load on the system
#   Increase physical memory or swap space
#   Check if swap backing store is full
#   Use 64 bit Java on a 64 bit OS
#   Decrease Java heap size (-Xmx/-Xms)
#   Decrease number of Java threads
#   Decrease Java thread stack sizes (-Xss)
#   Set larger code cache with -XX:ReservedCodeCacheSize=
# This output file may be truncated or incomplete.
#
#  Out of Memory Error (os_linux.cpp:2627), pid=24891, tid=0x00007f490efb6700
#
# JRE version: Java(TM) SE Runtime Environment (8.0_111-b14) (build 1.8.0_111-b14)
# Java VM: Java HotSpot(TM) 64-Bit Server VM (25.111-b14 mixed mode linux-amd64 compressed oops)
# Failed to write core dump. Core dumps have been disabled. To enable core dumping, try "ulimit -c unlimited" before starting Java again
#

---------------  T H R E A D  ---------------

Current thread (0x00007f492c078000):  VMThread [stack: 0x00007f490eeb6000,0x00007f490efb7000] [id=24913]

Stack: [0x00007f490eeb6000,0x00007f490efb7000],  sp=0x00007f490efb5020,  free space=1020k
Native frames: (J=compiled Java code, j=interpreted, Vv=VM code, C=native code)
V  [libjvm.so+0xac5c2a]  VMError::report_and_die()+0x2ba
V  [libjvm.so+0x4fc50b]  report_vm_out_of_memory(char const*, int, unsigned long, VMErrorType, char const*)+0x8b
V  [libjvm.so+0x922ae3]  os::Linux::commit_memory_impl(char*, unsigned long, bool)+0x103
V  [libjvm.so+0x923039]  os::pd_commit_memory(char*, unsigned long, unsigned long, bool)+0x29
V  [libjvm.so+0x91d33a]  os::commit_memory(char*, unsigned long, unsigned long, bool)+0x2a
V  [libjvm.so+0x991ac3]  PSVirtualSpace::expand_by(unsigned long)+0x53
V  [libjvm.so+0x982380]  PSOldGen::expand(unsigned long)+0x170
V  [libjvm.so+0x98258b]  PSOldGen::resize(unsigned long)+0x1cb
V  [libjvm.so+0x98a291]  PSParallelCompact::invoke_no_policy(bool)+0x991
V  [libjvm.so+0x98fbed]  PSScavenge::invoke()+0x1ad
V  [libjvm.so+0x9467d0]  ParallelScavengeHeap::failed_mem_allocate(unsigned long)+0x70
V  [libjvm.so+0xac7647]  VM_ParallelGCFailedAllocation::doit()+0x97
V  [libjvm.so+0xacf125]  VM_Operation::evaluate()+0x55
V  [libjvm.so+0xacd4fa]  VMThread::evaluate_operation(VM_Operation*)+0xba
V  [libjvm.so+0xacd87e]  VMThread::loop()+0x1ce
V  [libjvm.so+0xacdcf0]  VMThread::run()+0x70
V  [libjvm.so+0x924ea8]  java_start(Thread*)+0x108

VM_Operation (0x00007f48b65ad9f0): ParallelGCFailedAllocation, mode: safepoint, requested by thread 0x00007f48b006c000


---------------  P R O C E S S  ---------------

Java Threads: ( => current thread )
  0x00007f48b006c000 JavaThread "pool-5-thread-4" [_thread_blocked, id=24957, stack(0x00007f48b64af000,0x00007f48b65b0000)]
  0x00007f48b006a000 JavaThread "pool-5-thread-3" [_thread_blocked, id=24956, stack(0x00007f48b65b0000,0x00007f48b66b1000)]
  0x00007f48b0068800 JavaThread "pool-5-thread-2" [_thread_blocked, id=24955, stack(0x00007f48b66b1000,0x00007f48b67b2000)]
  0x00007f48b0066800 JavaThread "pool-6-thread-1" [_thread_blocked, id=24954, stack(0x00007f48b67b2000,0x00007f48b68b3000)]
  0x00007f48b0065000 JavaThread "pool-5-thread-1" [_thread_blocked, id=24953, stack(0x00007f48b68b3000,0x00007f48b69b4000)]
  0x00007f48cc6ff800 JavaThread "pool-3-thread-1" [_thread_blocked, id=24952, stack(0x00007f48b6cc1000,0x00007f48b6dc2000)]
  0x00007f48cca37800 JavaThread "File lock request listener" [_thread_in_native, id=24947, stack(0x00007f49042ff000,0x00007f4904400000)]
  0x00007f48cc010800 JavaThread "Asynchronous log dispatcher for org.gradle.launcher.daemon.server.DefaultDaemonConnection@3d34990c" [_thread_blocked, id=24938, stack(0x00007f490c22c000,0x00007f490c32d000)]
  0x00007f48d0009800 JavaThread "Daemon worker" [_thread_blocked, id=24935, stack(0x00007f490c32d000,0x00007f490c42e000)]
  0x00007f48d000e000 JavaThread "Cancel handler" [_thread_blocked, id=24934, stack(0x00007f490c42e000,0x00007f490c52f000)]
  0x00007f48d0006000 JavaThread "Handler for socket connection from /127.0.0.1:44758 to /127.0.0.1:49070" [_thread_in_native, id=24933, stack(0x00007f490c52f000,0x00007f490c630000)]
  0x00007f48dc03c800 JavaThread "Daemon" [_thread_blocked, id=24932, stack(0x00007f490c630000,0x00007f490c731000)]
  0x00007f492cb0b800 JavaThread "Incoming local TCP Connector on port 44758" [_thread_in_native, id=24931, stack(0x00007f490c938000,0x00007f490ca39000)]
  0x00007f492caea800 JavaThread "pool-1-thread-1" [_thread_blocked, id=24930, stack(0x00007f490ca39000,0x00007f490cb3a000)]
  0x00007f492c0e3000 JavaThread "Service Thread" daemon [_thread_blocked, id=24923, stack(0x00007f490e0cd000,0x00007f490e1ce000)]
  0x00007f492c0bd800 JavaThread "C1 CompilerThread2" daemon [_thread_blocked, id=24922, stack(0x00007f490e1ce000,0x00007f490e2cf000)]
  0x00007f492c0bb800 JavaThread "C2 CompilerThread1" daemon [_thread_blocked, id=24921, stack(0x00007f490e2cf000,0x00007f490e3d0000)]
  0x00007f492c0b9000 JavaThread "C2 CompilerThread0" daemon [_thread_blocked, id=24920, stack(0x00007f490e3d0000,0x00007f490e4d1000)]
  0x00007f492c0b7800 JavaThread "Signal Dispatcher" daemon [_thread_blocked, id=24919, stack(0x00007f490e4d1000,0x00007f490e5d2000)]
  0x00007f492c084800 JavaThread "Finalizer" daemon [_thread_blocked, id=24917, stack(0x00007f490ecb4000,0x00007f490edb5000)]
  0x00007f492c07f800 JavaThread "Reference Handler" daemon [_thread_blocked, id=24916, stack(0x00007f490edb5000,0x00007f490eeb6000)]
  0x00007f492c00a000 JavaThread "main" [_thread_blocked, id=24894, stack(0x00007f4933870000,0x00007f4933971000)]

Other Threads:
=>0x00007f492c078000 VMThread [stack: 0x00007f490eeb6000,0x00007f490efb7000] [id=24913]
  0x00007f492c0e5800 WatcherThread [stack: 0x00007f490dfcc000,0x00007f490e0cd000] [id=24924]

VM state:at safepoint (normal execution)

VM Mutex/Monitor currently owned by a thread:  ([mutex/lock_event])
[0x00007f492c005bb0] ExpandHeap_lock - owner thread: 0x00007f492c078000
[0x00007f492c006230] Threads_lock - owner thread: 0x00007f492c078000
[0x00007f492c006730] Heap_lock - owner thread: 0x00007f48b006c000

Heap:
 PSYoungGen      total 349696K, used 11439K [0x00000000e0000000, 0x0000000100000000, 0x0000000100000000)
  eden space 175104K, 0% used [0x00000000e0000000,0x00000000e0000000,0x00000000eab00000)
  from space 174592K, 6% used [0x00000000f5580000,0x00000000f60abef0,0x0000000100000000)
  to   space 174592K, 0% used [0x00000000eab00000,0x00000000eab00000,0x00000000f5580000)
 ParOldGen       total 750592K, used 750217K [0x00000000a0000000, 0x00000000cdd00000, 0x00000000e0000000)
  object space 750592K, 99% used [0x00000000a0000000,0x00000000cdca27c0,0x00000000cdd00000)
 Metaspace       used 52782K, capacity 54046K, committed 54144K, reserved 1095680K
  class space    used 7010K, capacity 7293K, committed 7296K, reserved 1048576K

Card table byte_map: [0x00007f4930320000,0x00007f4930621000] byte_map_base: 0x00007f492fe20000

Marking Bits: (ParMarkBitMap*) 0x00007f4932d44220
 Begin Bits: [0x00007f4905000000, 0x00007f4906800000)
 End Bits:   [0x00007f4906800000, 0x00007f4908000000)

Polling page: 0x00007f4933993000

CodeCache: size=245760Kb used=30739Kb max_used=30756Kb free=215020Kb
 bounds [0x00007f491d000000, 0x00007f491ee70000, 0x00007f492c000000]
 total_blobs=8876 nmethods=8164 adapters=624
 compilation: enabled

Compilation events (10 events):
Event: 110.636 Thread 0x00007f492c0bb800 nmethod 10048 0x00007f491d291d10 code [0x00007f491d291e60, 0x00007f491d291eb8]
Event: 110.636 Thread 0x00007f492c0bb800 10050       4       sun.reflect.generics.reflectiveObjects.ParameterizedTypeImpl::getActualTypeArguments (11 bytes)
Event: 110.638 Thread 0x00007f492c0bd800 10098       2       com.android.dx.rop.code.Rops::opXor (21 bytes)
Event: 110.638 Thread 0x00007f492c0bd800 nmethod 10098 0x00007f491e74c690 code [0x00007f491e74c800, 0x00007f491e74c9a8]
Event: 110.639 Thread 0x00007f492c0bb800 nmethod 10050 0x00007f491e793c50 code [0x00007f491e793da0, 0x00007f491e793ed8]
Event: 110.639 Thread 0x00007f492c0bb800 10056       4       com.android.dx.rop.cst.CstInteger::make (47 bytes)
Event: 110.642 Thread 0x00007f492c0bb800 nmethod 10056 0x00007f491e7807d0 code [0x00007f491e780920, 0x00007f491e780a98]
Event: 110.643 Thread 0x00007f492c0bb800 10064 %     4       com.android.dx.ssa.SsaConverter::placePhiFunctions @ 103 (394 bytes)
Event: 110.973 Thread 0x00007f492c0bd800 10099       2       com.android.dx.rop.code.Rops::opOr (21 bytes)
Event: 110.973 Thread 0x00007f492c0bd800 nmethod 10099 0x00007f491e7803d0 code [0x00007f491e780540, 0x00007f491e7806e8]

GC Heap History (10 events):
Event: 106.895 GC heap after
Heap after GC invocations=41 (full 7):
 PSYoungGen      total 323584K, used 96866K [0x00000000e0000000, 0x0000000100000000, 0x0000000100000000)
  eden space 175104K, 0% used [0x00000000e0000000,0x00000000e0000000,0x00000000eab00000)
  from space 148480K, 65% used [0x00000000f6f00000,0x00000000fcd98978,0x0000000100000000)
  to   space 174592K, 0% used [0x00000000eab00000,0x00000000eab00000,0x00000000f5580000)
 ParOldGen       total 750592K, used 545589K [0x00000000a0000000, 0x00000000cdd00000, 0x00000000e0000000)
  object space 750592K, 72% used [0x00000000a0000000,0x00000000c14cd590,0x00000000cdd00000)
 Metaspace       used 52781K, capacity 54046K, committed 54144K, reserved 1095680K
  class space    used 7010K, capacity 7293K, committed 7296K, reserved 1048576K
}
Event: 107.377 GC heap before
{Heap before GC invocations=42 (full 7):
 PSYoungGen      total 323584K, used 271970K [0x00000000e0000000, 0x0000000100000000, 0x0000000100000000)
  eden space 175104K, 100% used [0x00000000e0000000,0x00000000eab00000,0x00000000eab00000)
  from space 148480K, 65% used [0x00000000f6f00000,0x00000000fcd98978,0x0000000100000000)
  to   space 174592K, 0% used [0x00000000eab00000,0x00000000eab00000,0x00000000f5580000)
 ParOldGen       total 750592K, used 545589K [0x00000000a0000000, 0x00000000cdd00000, 0x00000000e0000000)
  object space 750592K, 72% used [0x00000000a0000000,0x00000000c14cd590,0x00000000cdd00000)
 Metaspace       used 52781K, capacity 54046K, committed 54144K, reserved 1095680K
  class space    used 7010K, capacity 7293K, committed 7296K, reserved 1048576K
Event: 107.812 GC heap after
Heap after GC invocations=42 (full 7):
 PSYoungGen      total 349696K, used 156932K [0x00000000e0000000, 0x0000000100000000, 0x0000000100000000)
  eden space 175104K, 0% used [0x00000000e0000000,0x00000000e0000000,0x00000000eab00000)
  from space 174592K, 89% used [0x00000000eab00000,0x00000000f44413a8,0x00000000f5580000)
  to   space 174592K, 0% used [0x00000000f5580000,0x00000000f5580000,0x0000000100000000)
 ParOldGen       total 750592K, used 574234K [0x00000000a0000000, 0x00000000cdd00000, 0x00000000e0000000)
  object space 750592K, 76% used [0x00000000a0000000,0x00000000c30c68c8,0x00000000cdd00000)
 Metaspace       used 52781K, capacity 54046K, committed 54144K, reserved 1095680K
  class space    used 7010K, capacity 7293K, committed 7296K, reserved 1048576K
}
Event: 108.186 GC heap before
{Heap before GC invocations=43 (full 7):
 PSYoungGen      total 349696K, used 332036K [0x00000000e0000000, 0x0000000100000000, 0x0000000100000000)
  eden space 175104K, 100% used [0x00000000e0000000,0x00000000eab00000,0x00000000eab00000)
  from space 174592K, 89% used [0x00000000eab00000,0x00000000f44413a8,0x00000000f5580000)
  to   space 174592K, 0% used [0x00000000f5580000,0x00000000f5580000,0x0000000100000000)
 ParOldGen       total 750592K, used 574234K [0x00000000a0000000, 0x00000000cdd00000, 0x00000000e0000000)
  object space 750592K, 76% used [0x00000000a0000000,0x00000000c30c68c8,0x00000000cdd00000)
 Metaspace       used 52781K, capacity 54046K, committed 54144K, reserved 1095680K
  class space    used 7010K, capacity 7293K, committed 7296K, reserved 1048576K
Event: 108.485 GC heap after
Heap after GC invocations=43 (full 7):
 PSYoungGen      total 349696K, used 143495K [0x00000000e0000000, 0x0000000100000000, 0x0000000100000000)
  eden space 175104K, 0% used [0x00000000e0000000,0x00000000e0000000,0x00000000eab00000)
  from space 174592K, 82% used [0x00000000f5580000,0x00000000fe1a1d30,0x0000000100000000)
  to   space 174592K, 0% used [0x00000000eab00000,0x00000000eab00000,0x00000000f5580000)
 ParOldGen       total 750592K, used 643908K [0x00000000a0000000, 0x00000000cdd00000, 0x00000000e0000000)
  object space 750592K, 85% used [0x00000000a0000000,0x00000000c74d1288,0x00000000cdd00000)
 Metaspace       used 52781K, capacity 54046K, committed 54144K, reserved 1095680K
  class space    used 7010K, capacity 7293K, committed 7296K, reserved 1048576K
}
Event: 110.729 GC heap before
{Heap before GC invocations=44 (full 7):
 PSYoungGen      total 349696K, used 318599K [0x00000000e0000000, 0x0000000100000000, 0x0000000100000000)
  eden space 175104K, 100% used [0x00000000e0000000,0x00000000eab00000,0x00000000eab00000)
  from space 174592K, 82% used [0x00000000f5580000,0x00000000fe1a1d30,0x0000000100000000)
  to   space 174592K, 0% used [0x00000000eab00000,0x00000000eab00000,0x00000000f5580000)
 ParOldGen       total 750592K, used 643908K [0x00000000a0000000, 0x00000000cdd00000, 0x00000000e0000000)
  object space 750592K, 85% used [0x00000000a0000000,0x00000000c74d1288,0x00000000cdd00000)
 Metaspace       used 52782K, capacity 54046K, committed 54144K, reserved 1095680K
  class space    used 7010K, capacity 7293K, committed 7296K, reserved 1048576K
Event: 110.904 GC heap after
Heap after GC invocations=44 (full 7):
 PSYoungGen      total 349696K, used 74593K [0x00000000e0000000, 0x0000000100000000, 0x0000000100000000)
  eden space 175104K, 0% used [0x00000000e0000000,0x00000000e0000000,0x00000000eab00000)
  from space 174592K, 42% used [0x00000000eab00000,0x00000000ef3d8640,0x00000000f5580000)
  to   space 174592K, 0% used [0x00000000f5580000,0x00000000f5580000,0x0000000100000000)
 ParOldGen       total 750592K, used 674294K [0x00000000a0000000, 0x00000000cdd00000, 0x00000000e0000000)
  object space 750592K, 89% used [0x00000000a0000000,0x00000000c927d8b8,0x00000000cdd00000)
 Metaspace       used 52782K, capacity 54046K, committed 54144K, reserved 1095680K
  class space    used 7010K, capacity 7293K, committed 7296K, reserved 1048576K
}
Event: 111.283 GC heap before
{Heap before GC invocations=45 (full 7):
 PSYoungGen      total 349696K, used 249697K [0x00000000e0000000, 0x0000000100000000, 0x0000000100000000)
  eden space 175104K, 100% used [0x00000000e0000000,0x00000000eab00000,0x00000000eab00000)
  from space 174592K, 42% used [0x00000000eab00000,0x00000000ef3d8640,0x00000000f5580000)
  to   space 174592K, 0% used [0x00000000f5580000,0x00000000f5580000,0x0000000100000000)
 ParOldGen       total 750592K, used 674294K [0x00000000a0000000, 0x00000000cdd00000, 0x00000000e0000000)
  object space 750592K, 89% used [0x00000000a0000000,0x00000000c927d8b8,0x00000000cdd00000)
 Metaspace       used 52782K, capacity 54046K, committed 54144K, reserved 1095680K
  class space    used 7010K, capacity 7293K, committed 7296K, reserved 1048576K
Event: 111.512 GC heap after
Heap after GC invocations=45 (full 7):
 PSYoungGen      total 349696K, used 76288K [0x00000000e0000000, 0x0000000100000000, 0x0000000100000000)
  eden space 175104K, 0% used [0x00000000e0000000,0x00000000e0000000,0x00000000eab00000)
  from space 174592K, 43% used [0x00000000f5580000,0x00000000fa0001a0,0x0000000100000000)
  to   space 174592K, 0% used [0x00000000eab00000,0x00000000eab00000,0x00000000f5580000)
 ParOldGen       total 750592K, used 746651K [0x00000000a0000000, 0x00000000cdd00000, 0x00000000e0000000)
  object space 750592K, 99% used [0x00000000a0000000,0x00000000cd926da0,0x00000000cdd00000)
 Metaspace       used 52782K, capacity 54046K, committed 54144K, reserved 1095680K
  class space    used 7010K, capacity 7293K, committed 7296K, reserved 1048576K
}
Event: 111.512 GC heap before
{Heap before GC invocations=46 (full 8):
 PSYoungGen      total 349696K, used 76288K [0x00000000e0000000, 0x0000000100000000, 0x0000000100000000)
  eden space 175104K, 0% used [0x00000000e0000000,0x00000000e0000000,0x00000000eab00000)
  from space 174592K, 43% used [0x00000000f5580000,0x00000000fa0001a0,0x0000000100000000)
  to   space 174592K, 0% used [0x00000000eab00000,0x00000000eab00000,0x00000000f5580000)
 ParOldGen       total 750592K, used 746651K [0x00000000a0000000, 0x00000000cdd00000, 0x00000000e0000000)
  object space 750592K, 99% used [0x00000000a0000000,0x00000000cd926da0,0x00000000cdd00000)
 Metaspace       used 52782K, capacity 54046K, committed 54144K, reserved 1095680K
  class space    used 7010K, capacity 7293K, committed 7296K, reserved 1048576K

Deoptimization events (10 events):
Event: 100.191 Thread 0x00007f48b0068800 Uncommon trap: reason=unstable_if action=reinterpret pc=0x00007f491d6b2120 method=com.android.dx.ssa.SsaBasicBlock.scheduleMovesFromPhis()V @ 63
Event: 107.856 Thread 0x00007f48b006c000 Uncommon trap: reason=predicate action=maybe_recompile pc=0x00007f491ed8e83c method=com.android.dx.ssa.back.InterferenceGraph.<init>(I)V @ 23
Event: 107.858 Thread 0x00007f48b006c000 Uncommon trap: reason=unstable_if action=reinterpret pc=0x00007f491e838c6c method=com.android.dx.ssa.SetFactory.makeLivenessSet(I)Lcom/android/dx/util/IntSet; @ 4
Event: 107.925 Thread 0x00007f48b0068800 Uncommon trap: reason=predicate action=maybe_recompile pc=0x00007f491e7f806c method=com.android.dx.ssa.back.InterferenceGraph.<init>(I)V @ 23
Event: 107.948 Thread 0x00007f48b006c000 Uncommon trap: reason=class_check action=maybe_recompile pc=0x00007f491e7affdc method=com.android.dx.ssa.back.InterferenceGraph.mergeInterferenceSet(ILcom/android/dx/util/IntSet;)V @ 20
Event: 107.949 Thread 0x00007f48b006c000 Uncommon trap: reason=class_check action=maybe_recompile pc=0x00007f491e7affdc method=com.android.dx.ssa.back.InterferenceGraph.mergeInterferenceSet(ILcom/android/dx/util/IntSet;)V @ 20
Event: 107.949 Thread 0x00007f48b006c000 Uncommon trap: reason=class_check action=maybe_recompile pc=0x00007f491e7affdc method=com.android.dx.ssa.back.InterferenceGraph.mergeInterferenceSet(ILcom/android/dx/util/IntSet;)V @ 20
Event: 107.964 Thread 0x00007f48b006c000 Uncommon trap: reason=class_check action=maybe_recompile pc=0x00007f491e7affdc method=com.android.dx.ssa.back.InterferenceGraph.mergeInterferenceSet(ILcom/android/dx/util/IntSet;)V @ 20
Event: 108.702 Thread 0x00007f48cc6ff800 Uncommon trap: reason=unstable_if action=reinterpret pc=0x00007f491edd5100 method=com.android.dx.cf.code.RopperMachine.updateReturnOp(Lcom/android/dx/rop/code/Rop;Lcom/android/dx/rop/code/SourcePosition;)V @ 106
Event: 108.952 Thread 0x00007f48cc6ff800 Uncommon trap: reason=unstable_if action=reinterpret pc=0x00007f491eda489c method=com.android.dx.ssa.SCCP.replaceBranches()V @ 14

Internal exceptions (10 events):
Event: 65.197 Thread 0x00007f48d0009800 Exception <a 'java/lang/ClassNotFoundException': org/gradle/platform/base/BinaryContainer_ImplCustomizer> (0x00000000e2996258) thrown at [/HUDSON3/workspace/8-2-build-linux-amd64/jdk8u111/7883/hotspot/src/share/vm/classfile/systemDictionary.cpp, line 210]
Event: 65.516 Thread 0x00007f48d0009800 Exception <a 'java/lang/NoSuchMethodError': <clinit>> (0x00000000e3a77f10) thrown at [/HUDSON3/workspace/8-2-build-linux-amd64/jdk8u111/7883/hotspot/src/share/vm/prims/jni.cpp, line 1613]
Event: 65.517 Thread 0x00007f48d0009800 Exception <a 'java/lang/NoSuchMethodError': <clinit>> (0x00000000e3a84ef8) thrown at [/HUDSON3/workspace/8-2-build-linux-amd64/jdk8u111/7883/hotspot/src/share/vm/prims/jni.cpp, line 1613]
Event: 65.553 Thread 0x00007f48d0009800 Exception <a 'java/lang/NoSuchMethodError': <clinit>> (0x00000000e3c5f758) thrown at [/HUDSON3/workspace/8-2-build-linux-amd64/jdk8u111/7883/hotspot/src/share/vm/prims/jni.cpp, line 1613]
Event: 65.555 Thread 0x00007f48d0009800 Exception <a 'java/lang/NoSuchMethodError': <clinit>> (0x00000000e3c77f68) thrown at [/HUDSON3/workspace/8-2-build-linux-amd64/jdk8u111/7883/hotspot/src/share/vm/prims/jni.cpp, line 1613]
Event: 65.555 Thread 0x00007f48d0009800 Exception <a 'java/lang/NoSuchMethodError': <clinit>> (0x00000000e3c79480) thrown at [/HUDSON3/workspace/8-2-build-linux-amd64/jdk8u111/7883/hotspot/src/share/vm/prims/jni.cpp, line 1613]
Event: 70.750 Thread 0x00007f48b0068800 Implicit null exception at 0x00007f491e7c0532 to 0x00007f491e7c13d9
Event: 71.382 Thread 0x00007f48b006a000 Implicit null exception at 0x00007f491e86074d to 0x00007f491e860929
Event: 75.657 Thread 0x00007f48b006a000 Implicit null exception at 0x00007f491eaffbc0 to 0x00007f491eb00481
Event: 79.315 Thread 0x00007f48cc6ff800 Implicit null exception at 0x00007f491ddfa483 to 0x00007f491ddfaaf5

Events (10 events):
Event: 111.237 Thread 0x00007f48b006c000 DEOPT UNPACKING pc=0x00007f491d047633 sp=0x00007f48b65ada00 mode 0
Event: 111.259 Thread 0x00007f48b0065000 DEOPT PACKING pc=0x00007f491e7b30c7 sp=0x00007f48b69b1e70
Event: 111.259 Thread 0x00007f48b0065000 DEOPT UNPACKING pc=0x00007f491d047633 sp=0x00007f48b69b1bd8 mode 0
Event: 111.260 Thread 0x00007f48b006c000 DEOPT PACKING pc=0x00007f491e832dca sp=0x00007f48b65adb00
Event: 111.260 Thread 0x00007f48b006c000 DEOPT UNPACKING pc=0x00007f491d047633 sp=0x00007f48b65ad900 mode 0
Event: 111.263 Thread 0x00007f48b0068800 DEOPT PACKING pc=0x00007f491e832dca sp=0x00007f48b67afe00
Event: 111.263 Thread 0x00007f48b0068800 DEOPT UNPACKING pc=0x00007f491d047633 sp=0x00007f48b67afc00 mode 0
Event: 111.273 Thread 0x00007f48b006c000 DEOPT PACKING pc=0x00007f491e832d10 sp=0x00007f48b65adc00
Event: 111.273 Thread 0x00007f48b006c000 DEOPT UNPACKING pc=0x00007f491d047633 sp=0x00007f48b65ada00 mode 0
Event: 111.278 Executing VM operation: ParallelGCFailedAllocation


Dynamic libraries:
00400000-00401000 r-xp 00000000 08:02 182546                             /usr/lib/jvm/java-8-oracle/bin/java
00600000-00601000 rw-p 00000000 08:02 182546                             /usr/lib/jvm/java-8-oracle/bin/java
01f90000-01fb1000 rw-p 00000000 00:00 0                                  [heap]
a0000000-cdd00000 rw-p 00000000 00:00 0 
dcb80000-e0000000 ---p 00000000 00:00 0 
e0000000-100000000 rw-p 00000000 00:00 0 
100000000-100720000 rw-p 00000000 00:00 0 
100720000-140000000 ---p 00000000 00:00 0 
7f4898000000-7f489805e000 rw-p 00000000 00:00 0 
7f489805e000-7f489c000000 ---p 00000000 00:00 0 
7f48a0000000-7f48a0040000 rw-p 00000000 00:00 0 
7f48a0040000-7f48a4000000 ---p 00000000 00:00 0 
7f48a4000000-7f48a403f000 rw-p 00000000 00:00 0 
7f48a403f000-7f48a8000000 ---p 00000000 00:00 0 
7f48a8000000-7f48a805f000 rw-p 00000000 00:00 0 
7f48a805f000-7f48ac000000 ---p 00000000 00:00 0 
7f48ac000000-7f48ac021000 rw-p 00000000 00:00 0 
7f48ac021000-7f48b0000000 ---p 00000000 00:00 0 
7f48b0000000-7f48b0215000 rw-p 00000000 00:00 0 
7f48b0215000-7f48b4000000 ---p 00000000 00:00 0 
7f48b62af000-7f48b646f000 rw-p 00000000 00:00 0 
7f48b646f000-7f48b64af000 ---p 00000000 00:00 0 
7f48b64af000-7f48b64b2000 ---p 00000000 00:00 0 
7f48b64b2000-7f48b65b0000 rw-p 00000000 00:00 0 
7f48b65b0000-7f48b65b3000 ---p 00000000 00:00 0 
7f48b65b3000-7f48b66b1000 rw-p 00000000 00:00 0 
7f48b66b1000-7f48b66b4000 ---p 00000000 00:00 0 
7f48b66b4000-7f48b67b2000 rw-p 00000000 00:00 0 
7f48b67b2000-7f48b67b5000 ---p 00000000 00:00 0 
7f48b67b5000-7f48b68b3000 rw-p 00000000 00:00 0 
7f48b68b3000-7f48b68b6000 ---p 00000000 00:00 0 
7f48b68b6000-7f48b69b4000 rw-p 00000000 00:00 0 
7f48b69b4000-7f48b6abd000 r--s 00aa3000 08:02 4525009                    /home/ankit/Desktop/Evento/app/build/intermediates/transforms/jarMerging/debug/jars/1/1f/combined.jar
7f48b6abd000-7f48b6cbd000 rw-p 00000000 00:00 0 
7f48b6cc1000-7f48b6cc4000 ---p 00000000 00:00 0 
7f48b6cc4000-7f48b6fc2000 rw-p 00000000 00:00 0 
7f48b6fc2000-7f48b71c2000 rw-p 00000000 00:00 0 
7f48b71c2000-7f48b73c2000 rw-p 00000000 00:00 0 
7f48b73c2000-7f48b75c2000 rw-p 00000000 00:00 0 
7f48b75c2000-7f48b75d5000 r--s 00345000 08:02 182681                     /usr/lib/jvm/java-8-oracle/jre/lib/resources.jar
7f48b75d5000-7f48b77d5000 rw-p 00000000 00:00 0 
7f48b77d5000-7f48b79d5000 rw-p 00000000 00:00 0 
7f48b79d5000-7f48b7bd5000 rw-p 00000000 00:00 0 
7f48b7bd5000-7f48b7dd5000 rw-p 00000000 00:00 0 
7f48b7dd5000-7f48b7fd5000 rw-p 00000000 00:00 0 
7f48b7fd5000-7f48b8000000 r--s 001fc000 08:02 3802331                    /home/ankit/Downloads/android-studio/gradle/m2repository/com/google/guava/guava/18.0/guava-18.0.jar
7f48b8000000-7f48b8021000 rw-p 00000000 00:00 0 
7f48b8021000-7f48bc000000 ---p 00000000 00:00 0 
7f48bc000000-7f48bc021000 rw-p 00000000 00:00 0 
7f48bc021000-7f48c0000000 ---p 00000000 00:00 0 
7f48c0000000-7f48c0021000 rw-p 00000000 00:00 0 
7f48c0021000-7f48c4000000 ---p 00000000 00:00 0 
7f48c4000000-7f48c4021000 rw-p 00000000 00:00 0 
7f48c4021000-7f48c8000000 ---p 00000000 00:00 0 
7f48c8000000-7f48c8021000 rw-p 00000000 00:00 0 
7f48c8021000-7f48cc000000 ---p 00000000 00:00 0 
7f48cc000000-7f48cd4ee000 rw-p 00000000 00:00 0 
7f48cd4ee000-7f48d0000000 ---p 00000000 00:00 0 
7f48d0000000-7f48d0021000 rw-p 00000000 00:00 0 
7f48d0021000-7f48d4000000 ---p 00000000 00:00 0 
7f48d4000000-7f48d4021000 rw-p 00000000 00:00 0 
7f48d4021000-7f48d8000000 ---p 00000000 00:00 0 
7f48d8000000-7f48d8030000 rw-p 00000000 00:00 0 
7f48d8030000-7f48dc000000 ---p 00000000 00:00 0 
7f48dc000000-7f48dc06f000 rw-p 00000000 00:00 0 
7f48dc06f000-7f48e0000000 ---p 00000000 00:00 0 
7f48e0000000-7f48e0021000 rw-p 00000000 00:00 0 
7f48e0021000-7f48e4000000 ---p 00000000 00:00 0 
7f48e4000000-7f48e4021000 rw-p 00000000 00:00 0 
7f48e4021000-7f48e8000000 ---p 00000000 00:00 0 
7f48e8000000-7f48ea2d1000 rw-p 00000000 00:00 0 
7f48ea2d1000-7f48ec000000 ---p 00000000 00:00 0 
7f48ec000000-7f48ecc2d000 rw-p 00000000 00:00 0 
7f48ecc2d000-7f48f0000000 ---p 00000000 00:00 0 
7f48f0000000-7f48f0021000 rw-p 00000000 00:00 0 
7f48f0021000-7f48f4000000 ---p 00000000 00:00 0 
7f48f4000000-7f48f6799000 rw-p 00000000 00:00 0 
7f48f6799000-7f48f8000000 ---p 00000000 00:00 0 
7f48f8000000-7f48f8021000 rw-p 00000000 00:00 0 
7f48f8021000-7f48fc000000 ---p 00000000 00:00 0 
7f48fc000000-7f48fc021000 rw-p 00000000 00:00 0 
7f48fc021000-7f4900000000 ---p 00000000 00:00 0 
7f4900000000-7f4900390000 rw-p 00000000 00:00 0 
7f4900390000-7f4904000000 ---p 00000000 00:00 0 
7f4904009000-7f490400a000 rw-p 00000000 00:00 0 
7f490400a000-7f490400b000 r--s 00001000 08:02 3877617                    /home/ankit/Downloads/android-studio/gradle/m2repository/com/android/tools/annotations/25.2.0/annotations-25.2.0.jar
7f490400b000-7f490401d000 r--s 000b3000 08:02 3989804                    /home/ankit/Downloads/android-studio/gradle/m2repository/com/android/tools/external/com-intellij/uast/145.597.3/uast-145.597.3.jar
7f490401d000-7f4904025000 r--s 000a8000 08:02 3753715                    /home/ankit/Downloads/android-studio/gradle/m2repository/com/android/tools/external/lombok/lombok-ast/0.2.3/lombok-ast-0.2.3.jar
7f4904025000-7f4904027000 r--s 0000d000 08:02 3760231                    /home/ankit/Downloads/android-studio/gradle/m2repository/commons-codec/commons-codec/1.4/commons-codec-1.4.jar
7f4904027000-7f4904029000 r--s 0000d000 08:02 3540543                    /home/ankit/Downloads/android-studio/gradle/m2repository/commons-logging/commons-logging/1.1.1/commons-logging-1.1.1.jar
7f4904029000-7f490402e000 r--s 00028000 08:02 3753367                    /home/ankit/Downloads/android-studio/gradle/m2repository/org/apache/httpcomponents/httpcore/4.1/httpcore-4.1.jar
7f490402e000-7f4904032000 r--s 0002f000 08:02 3845228                    /home/ankit/Downloads/android-studio/gradle/m2repository/com/google/jimfs/jimfs/1.1/jimfs-1.1.jar
7f4904032000-7f4904033000 r--s 00004000 08:02 3753443                    /home/ankit/Downloads/android-studio/gradle/m2repository/com/intellij/annotations/12.0/annotations-12.0.jar
7f4904033000-7f4904034000 r--s 00004000 08:02 3713300                    /home/ankit/Downloads/android-studio/gradle/m2repository/org/ow2/asm/asm-analysis/5.0.4/asm-analysis-5.0.4.jar
7f4904034000-7f4904038000 r--s 0003b000 08:02 4017281                    /home/ankit/Downloads/android-studio/gradle/m2repository/com/android/tools/lint/lint-api/25.2.0/lint-api-25.2.0.jar
7f4904038000-7f4904039000 r--s 0000a000 08:02 3760193                    /home/ankit/Downloads/android-studio/gradle/m2repository/net/sf/kxml/kxml2/2.3.0/kxml2-2.3.0.jar
7f4904039000-7f490403b000 r--s 00005000 08:02 3753358                    /home/ankit/Downloads/android-studio/gradle/m2repository/org/apache/httpcomponents/httpmime/4.1/httpmime-4.1.jar
7f490403b000-7f4904043000 r--s 0004e000 08:02 3753378                    /home/ankit/Downloads/android-studio/gradle/m2repository/org/apache/httpcomponents/httpclient/4.1.1/httpclient-4.1.1.jar
7f4904043000-7f490404a000 r--s 00053000 08:02 3753390                    /home/ankit/Downloads/android-studio/gradle/m2repository/org/apache/commons/commons-compress/1.8.1/commons-compress-1.8.1.jar
7f490404a000-7f490404f000 r--s 0002a000 08:02 3753476                    /home/ankit/Downloads/android-studio/gradle/m2repository/com/google/code/gson/gson/2.2.4/gson-2.2.4.jar
7f490404f000-7f4904054000 r--s 0002d000 08:02 4000509                    /home/ankit/Downloads/android-studio/gradle/m2repository/com/android/tools/repository/25.2.0/repository-25.2.0.jar
7f4904054000-7f4904055000 r--s 00005000 08:02 3941528                    /home/ankit/Downloads/android-studio/gradle/m2repository/com/android/tools/dvlib/25.2.0/dvlib-25.2.0.jar
7f4904055000-7f4904058000 r--s 00014000 08:02 3835823                    /home/ankit/Downloads/android-studio/gradle/m2repository/com/android/tools/layoutlib/layoutlib-api/25.2.0/layoutlib-api-25.2.0.jar
7f4904058000-7f490405d000 r--s 00058000 08:02 3631976                    /home/ankit/Downloads/android-studio/gradle/m2repository/org/ow2/asm/asm-debug-all/5.0.1/asm-debug-all-5.0.1.jar
7f490405d000-7f490406d000 r--s 000d6000 08:02 3760205                    /home/ankit/Downloads/android-studio/gradle/m2repository/net/sf/proguard/proguard-base/5.2.1/proguard-base-5.2.1.jar
7f490406d000-7f4904070000 r--s 00033000 08:02 3753450                    /home/ankit/Downloads/android-studio/gradle/m2repository/com/googlecode/juniversalchardet/juniversalchardet/1.0.3/juniversalchardet-1.0.3.jar
7f4904070000-7f4904074000 r--s 0002a000 08:02 3506651                    /home/ankit/Downloads/android-studio/gradle/m2repository/commons-io/commons-io/2.4/commons-io-2.4.jar
7f4904074000-7f490408b000 r--s 00154000 08:02 3787896                    /home/ankit/Downloads/android-studio/gradle/m2repository/org/antlr/antlr4/4.5.3/antlr4-4.5.3.jar
7f490408b000-7f490408c000 r--s 00002000 08:02 3845251                    /home/ankit/Downloads/android-studio/gradle/m2repository/com/android/databinding/baseLibrary/2.2.0/baseLibrary-2.2.0.jar
7f490408c000-7f490409f000 r--s 00236000 08:02 3779712                    /home/ankit/Downloads/android-studio/gradle/m2repository/org/eclipse/jdt/core/compiler/ecj/4.5.1/ecj-4.5.1.jar
7f490409f000-7f49040a6000 r--s 000c3000 08:02 3927174                    /home/ankit/Downloads/android-studio/gradle/m2repository/com/android/tools/lint/lint-checks/25.2.0/lint-checks-25.2.0.jar
7f49040a6000-7f49040a8000 r--s 00006000 08:02 3754422                    /home/ankit/Downloads/android-studio/gradle/m2repository/org/ow2/asm/asm-tree/5.0.4/asm-tree-5.0.4.jar
7f49040a8000-7f49040db000 r--s 00203000 08:02 3753331                    /home/ankit/Downloads/android-studio/gradle/m2repository/org/bouncycastle/bcprov-jdk15on/1.48/bcprov-jdk15on-1.48.jar
7f49040db000-7f49040e9000 r--s 00081000 08:02 3753336                    /home/ankit/Downloads/android-studio/gradle/m2repository/org/bouncycastle/bcpkix-jdk15on/1.48/bcpkix-jdk15on-1.48.jar
7f49040e9000-7f49040eb000 r--s 00002000 08:02 3753458                    /home/ankit/Downloads/android-studio/gradle/m2repository/com/squareup/javawriter/2.5.0/javawriter-2.5.0.jar
7f49040eb000-7f49040ed000 r--s 00003000 08:02 4009086                    /home/ankit/Downloads/android-studio/gradle/m2repository/com/android/tools/analytics-library/shared/25.2.0/shared-25.2.0.jar
7f49040ed000-7f49040fa000 r--s 000ed000 08:02 4009082                    /home/ankit/Downloads/android-studio/gradle/m2repository/com/android/tools/analytics-library/protos/25.2.0/protos-25.2.0.jar
7f49040fa000-7f49040ff000 r--s 0004a000 08:02 3918754                    /home/ankit/Downloads/android-studio/gradle/m2repository/com/android/tools/ddms/ddmlib/25.2.0/ddmlib-25.2.0.jar
7f49040ff000-7f49042ff000 rw-p 00000000 00:00 0 
7f49042ff000-7f4904302000 ---p 00000000 00:00 0 
7f4904302000-7f4904600000 rw-p 00000000 00:00 0 
7f4904600000-7f4904800000 rw-p 00000000 00:00 0 
7f4904800000-7f4904a00000 rw-p 00000000 00:00 0 
7f4904a00000-7f4904c00000 rw-p 00000000 00:00 0 
7f4904c00000-7f4904e00000 rw-p 00000000 00:00 0 
7f4904e00000-7f4908000000 rw-p 00000000 00:00 0 
7f4908000000-7f4908049000 rw-p 00000000 00:00 0 
7f4908049000-7f490c000000 ---p 00000000 00:00 0 
7f490c000000-7f490c001000 r--s 00002000 08:02 4009078                    /home/ankit/Downloads/android-studio/gradle/m2repository/com/android/tools/analytics-library/tracker/25.2.0/tracker-25.2.0.jar
7f490c001000-7f490c002000 r--s 00001000 08:02 3753578                    /home/ankit/Downloads/android-studio/gradle/m2repository/com/android/tools/jill/jill-api/0.10.0/jill-api-0.10.0.jar
7f490c002000-7f490c004000 r--s 00003000 08:02 4024806                    /home/ankit/Downloads/android-studio/gradle/m2repository/com/android/tools/jack/jack-api/0.11.0/jack-api-0.11.0.jar
7f490c004000-7f490c007000 r--s 00021000 08:02 3910779                    /home/ankit/Downloads/android-studio/gradle/m2repository/com/android/tools/build/manifest-merger/25.2.0/manifest-merger-25.2.0.jar
7f490c007000-7f490c009000 r--s 0001c000 08:02 4031682                    /home/ankit/Downloads/android-studio/gradle/m2repository/com/android/tools/common/25.2.0/common-25.2.0.jar
7f490c009000-7f490c012000 r--s 00083000 08:02 3885105                    /home/ankit/Downloads/android-studio/gradle/m2repository/com/android/tools/sdk-common/25.2.0/sdk-common-25.2.0.jar
7f490c012000-7f490c01d000 r--s 0008e000 08:02 4024802                    /home/ankit/Downloads/android-studio/gradle/m2repository/com/android/tools/sdklib/25.2.0/sdklib-25.2.0.jar
7f490c01d000-7f490c01e000 r--s 00002000 08:02 3894391                    /home/ankit/Downloads/android-studio/gradle/m2repository/com/android/tools/build/builder-test-api/2.2.0/builder-test-api-2.2.0.jar
7f490c01e000-7f490c021000 r--s 00005000 08:02 3754438                    /home/ankit/Downloads/android-studio/gradle/m2repository/com/android/tools/build/builder-model/2.2.0/builder-model-2.2.0.jar
7f490c021000-7f490c029000 r--s 0007b000 08:02 3819714                    /home/ankit/Downloads/android-studio/gradle/m2repository/com/google/protobuf/protobuf-java/2.5.0/protobuf-java-2.5.0.jar
7f490c029000-7f490c02b000 r--s 0000f000 08:02 4041488                    /home/ankit/Downloads/android-studio/gradle/m2repository/net/sf/jopt-simple/jopt-simple/4.9/jopt-simple-4.9.jar
7f490c02b000-7f490c02f000 r--s 0001f000 08:02 3795671                    /home/ankit/Downloads/android-studio/gradle/m2repository/org/jacoco/org.jacoco.report/0.7.5.201505241946/org.jacoco.report-0.7.5.201505241946.jar
7f490c02f000-7f490c033000 r--s 0001d000 08:02 3787900                    /home/ankit/Downloads/android-studio/gradle/m2repository/org/jacoco/org.jacoco.core/0.7.5.201505241946/org.jacoco.core-0.7.5.201505241946.jar
7f490c033000-7f490c034000 r--s 00002000 08:02 3760221                    /home/ankit/Downloads/android-studio/gradle/m2repository/net/sf/proguard/proguard-gradle/5.2.1/proguard-gradle-5.2.1.jar
7f490c034000-7f490c036000 r--s 00009000 08:02 3779703                    /home/ankit/Downloads/android-studio/gradle/m2repository/org/ow2/asm/asm-commons/5.0.4/asm-commons-5.0.4.jar
7f490c036000-7f490c038000 r--s 0000c000 08:02 3779709                    /home/ankit/Downloads/android-studio/gradle/m2repository/org/ow2/asm/asm/5.0.4/asm-5.0.4.jar
7f490c038000-7f490c03c000 r--s 0002b000 08:02 3853442                    /home/ankit/Downloads/android-studio/gradle/m2repository/com/android/databinding/compilerCommon/2.2.0/compilerCommon-2.2.0.jar
7f490c03c000-7f490c03d000 r--s 00002000 08:02 3894401                    /home/ankit/Downloads/android-studio/gradle/m2repository/com/android/tools/build/gradle-api/2.2.0/gradle-api-2.2.0.jar
7f490c03d000-7f490c03e000 r--s 00000000 08:02 3753573                    /home/ankit/Downloads/android-studio/gradle/m2repository/com/android/tools/build/transform-api/2.0.0-deprecated-use-gradle-api/transform-api-2.0.0-deprecated-use-gradle-api.jar
7f490c03e000-7f490c043000 r--s 00053000 08:02 4017271                    /home/ankit/Downloads/android-studio/gradle/m2repository/com/android/tools/lint/lint/25.2.0/lint-25.2.0.jar
7f490c043000-7f490c05a000 r--s 0015d000 08:02 3885097                    /home/ankit/Downloads/android-studio/gradle/m2repository/com/android/tools/build/builder/2.2.0/builder-2.2.0.jar
7f490c05a000-7f490c077000 r--s 0019c000 08:02 3910782                    /home/ankit/Downloads/android-studio/gradle/m2repository/com/android/tools/build/gradle-core/2.2.0/gradle-core-2.2.0.jar
7f490c077000-7f490c079000 r--s 0000d000 08:02 3802336                    /home/ankit/Downloads/android-studio/gradle/m2repository/com/android/tools/build/gradle/2.2.0/gradle-2.2.0.jar
7f490c079000-7f490c07c000 ---p 00000000 00:00 0 
7f490c07c000-7f490c0b2000 rw-p 00000000 00:00 0 
7f490c0b2000-7f490c0b3000 r--p 00000000 00:00 0 
7f490c0b3000-7f490c12b000 r--s 010e6000 08:02 158507                     /usr/lib/jvm/java-8-oracle/lib/tools.jar
7f490c12b000-7f490c12e000 ---p 00000000 00:00 0 
7f490c12e000-7f490c22c000 rw-p 00000000 00:00 0 
7f490c22c000-7f490c22f000 ---p 00000000 00:00 0 
7f490c22f000-7f490c32d000 rw-p 00000000 00:00 0 
7f490c32d000-7f490c330000 ---p 00000000 00:00 0 
7f490c330000-7f490c42e000 rw-p 00000000 00:00 0 
7f490c42e000-7f490c431000 ---p 00000000 00:00 0 
7f490c431000-7f490c52f000 rw-p 00000000 00:00 0 
7f490c52f000-7f490c532000 ---p 00000000 00:00 0 
7f490c532000-7f490c630000 rw-p 00000000 00:00 0 
7f490c630000-7f490c633000 ---p 00000000 00:00 0 
7f490c633000-7f490c731000 rw-p 00000000 00:00 0 
7f490c731000-7f490c738000 r--s 00000000 08:02 109538                     /usr/lib/x86_64-linux-gnu/gconv/gconv-modules.cache
7f490c738000-7f490c938000 rw-p 00000000 00:00 0 
7f490c938000-7f490c93b000 ---p 00000000 00:00 0 
7f490c93b000-7f490ca39000 rw-p 00000000 00:00 0 
7f490ca39000-7f490ca3c000 ---p 00000000 00:00 0 
7f490ca3c000-7f490cb3a000 rw-p 00000000 00:00 0 
7f490cb3a000-7f490cb43000 r-xp 00000000 08:02 200010                     /usr/lib/jvm/java-8-oracle/jre/lib/amd64/libmanagement.so
7f490cb43000-7f490cd42000 ---p 00009000 08:02 200010                     /usr/lib/jvm/java-8-oracle/jre/lib/amd64/libmanagement.so
7f490cd42000-7f490cd43000 rw-p 00008000 08:02 200010                     /usr/lib/jvm/java-8-oracle/jre/lib/amd64/libmanagement.so
7f490cd43000-7f490cd47000 r--s 00097000 08:02 182569                     /usr/lib/jvm/java-8-oracle/jre/lib/jsse.jar
7f490cd47000-7f490cd49000 r--s 00007000 08:02 3402085                    /home/ankit/Downloads/android-studio/gradle/gradle-2.14.1/lib/plugins/gradle-tooling-api-builders-2.14.1.jar
7f490cd49000-7f490cd4c000 r--s 00008000 08:02 3402081                    /home/ankit/Downloads/android-studio/gradle/gradle-2.14.1/lib/plugins/gradle-testing-native-2.14.1.jar
7f490cd4c000-7f490cd4e000 r--s 00009000 08:02 3402371                    /home/ankit/Downloads/android-studio/gradle/gradle-2.14.1/lib/plugins/hamcrest-core-1.3.jar
7f490cd4e000-7f490cd54000 r--s 00033000 08:02 3402325                    /home/ankit/Downloads/android-studio/gradle/gradle-2.14.1/lib/plugins/snakeyaml-1.6.jar
7f490cd54000-7f490cd56000 r--s 00006000 08:02 3402336                    /home/ankit/Downloads/android-studio/gradle/gradle-2.14.1/lib/plugins/jcommander-1.12.jar
7f490cd56000-7f490cd5b000 r--s 00040000 08:02 3402324                    /home/ankit/Downloads/android-studio/gradle/gradle-2.14.1/lib/plugins/bsh-2.0b4.jar
7f490cd5b000-7f490cd64000 r--s 00089000 08:02 3402339                    /home/ankit/Downloads/android-studio/gradle/gradle-2.14.1/lib/plugins/testng-6.3.1.jar
7f490cd64000-7f490cd6c000 r--s 00045000 08:02 3402343                    /home/ankit/Downloads/android-studio/gradle/gradle-2.14.1/lib/plugins/junit-4.12.jar
7f490cd6c000-7f490cd72000 r--s 0002e000 08:02 3402091                    /home/ankit/Downloads/android-studio/gradle/gradle-2.14.1/lib/plugins/gradle-testing-jvm-2.14.1.jar
7f490cd72000-7f490cd77000 r--s 00015000 08:02 3402095                    /home/ankit/Downloads/android-studio/gradle/gradle-2.14.1/lib/plugins/gradle-testing-base-2.14.1.jar
7f490cd77000-7f490cd78000 r--s 00002000 08:02 3402342                    /home/ankit/Downloads/android-studio/gradle/gradle-2.14.1/lib/plugins/sonar-batch-bootstrapper-2.9.jar
7f490cd78000-7f490cd7b000 r--s 00015000 08:02 3402090                    /home/ankit/Downloads/android-studio/gradle/gradle-2.14.1/lib/plugins/gradle-sonar-2.14.1.jar
7f490cd7b000-7f490cd82000 r--s 00038000 08:02 3402356                    /home/ankit/Downloads/android-studio/gradle/gradle-2.14.1/lib/plugins/bcpg-jdk15on-1.51.jar
7f490cd82000-7f490cd84000 r--s 0000d000 08:02 3402293                    /home/ankit/Downloads/android-studio/gradle/gradle-2.14.1/lib/plugins/gradle-signing-2.14.1.jar
7f490cd84000-7f490cd87000 r--s 00009000 08:02 3402099                    /home/ankit/Downloads/android-studio/gradle/gradle-2.14.1/lib/plugins/gradle-scala-2.14.1.jar
7f490cd87000-7f490cd88000 r--s 00004000 08:02 3402295                    /home/ankit/Downloads/android-studio/gradle/gradle-2.14.1/lib/plugins/gradle-resources-sftp-2.14.1.jar
7f490cd88000-7f490cd98000 r--s 00088000 08:02 3402329                    /home/ankit/Downloads/android-studio/gradle/gradle-2.14.1/lib/plugins/joda-time-2.8.2.jar
7f490cd98000-7f490cda9000 r--s 000cf000 08:02 3402375                    /home/ankit/Downloads/android-studio/gradle/gradle-2.14.1/lib/plugins/jackson-databind-2.3.2.jar
7f490cda9000-7f490cdab000 r--s 00007000 08:02 3402352                    /home/ankit/Downloads/android-studio/gradle/gradle-2.14.1/lib/plugins/jackson-annotations-2.3.2.jar
7f490cdab000-7f490cdae000 r--s 0002e000 08:02 3402358                    /home/ankit/Downloads/android-studio/gradle/gradle-2.14.1/lib/plugins/jackson-core-2.3.2.jar
7f490cdae000-7f490cdb9000 r--s 0006b000 08:02 3402381                    /home/ankit/Downloads/android-studio/gradle/gradle-2.14.1/lib/plugins/aws-java-sdk-core-1.9.19.jar
7f490cdb9000-7f490cdbf000 r--s 00036000 08:02 3402351                    /home/ankit/Downloads/android-studio/gradle/gradle-2.14.1/lib/plugins/aws-java-sdk-kms-1.9.19.jar
7f490cdbf000-7f490cdca000 r--s 00079000 08:02 3402341                    /home/ankit/Downloads/android-studio/gradle/gradle-2.14.1/lib/plugins/aws-java-sdk-s3-1.9.19.jar
7f490cdca000-7f490cdcb000 r--s 00003000 08:02 3402305                    /home/ankit/Downloads/android-studio/gradle/gradle-2.14.1/lib/plugins/gradle-resources-s3-2.14.1.jar
7f490cdcb000-7f490cdcd000 r--s 00005000 08:02 3402370                    /home/ankit/Downloads/android-studio/gradle/gradle-2.14.1/lib/plugins/jatl-0.2.2.jar
7f490cdcd000-7f490cdcf000 r--s 0000f000 08:02 3402311                    /home/ankit/Downloads/android-studio/gradle/gradle-2.14.1/lib/plugins/gradle-reporting-2.14.1.jar
7f490cdcf000-7f490cdd1000 r--s 00002000 08:02 3402252                    /home/ankit/Downloads/android-studio/gradle/gradle-2.14.1/lib/plugins/gradle-publish-2.14.1.jar
7f490cdd1000-7f490cdd3000 r--s 00009000 08:02 3402334                    /home/ankit/Downloads/android-studio/gradle/gradle-2.14.1/lib/plugins/commons-cli-1.2.jar
7f490cdd3000-7f490cdd9000 r--s 00033000 08:02 3402098                    /home/ankit/Downloads/android-studio/gradle/gradle-2.14.1/lib/plugins/gradle-plugins-2.14.1.jar
7f490cdd9000-7f490cddb000 r--s 00007000 08:02 3402083                    /home/ankit/Downloads/android-studio/gradle/gradle-2.14.1/lib/plugins/gradle-plugin-development-2.14.1.jar
7f490cddb000-7f490cde1000 r--s 0002a000 08:02 3402292                    /home/ankit/Downloads/android-studio/gradle/gradle-2.14.1/lib/plugins/gradle-platform-play-2.14.1.jar
7f490cde1000-7f490cdee000 r--s 0004d000 08:02 3402291                    /home/ankit/Downloads/android-studio/gradle/gradle-2.14.1/lib/plugins/gradle-platform-native-2.14.1.jar
7f490cdee000-7f490cdf2000 r--s 0001a000 08:02 3402304                    /home/ankit/Downloads/android-studio/gradle/gradle-2.14.1/lib/plugins/gradle-platform-jvm-2.14.1.jar
7f490cdf2000-7f490cdf9000 r--s 00029000 08:02 3402097                    /home/ankit/Downloads/android-studio/gradle/gradle-2.14.1/lib/plugins/gradle-platform-base-2.14.1.jar
7f490cdf9000-7f490ce1a000 r--s 001c3000 08:02 3402322                    /home/ankit/Downloads/android-studio/gradle/gradle-2.14.1/lib/plugins/bndlib-2.4.0.jar
7f490ce1a000-7f490ce1c000 r--s 00003000 08:02 3402306                    /home/ankit/Downloads/android-studio/gradle/gradle-2.14.1/lib/plugins/gradle-osgi-2.14.1.jar
7f490ce1c000-7f490ce1f000 r--s 0000c000 08:02 3402378                    /home/ankit/Downloads/android-studio/gradle/gradle-2.14.1/lib/plugins/pmaven-groovy-0.8-20100325.jar
7f490ce1f000-7f490ce20000 r--s 00004000 08:02 3402369                    /home/ankit/Downloads/android-studio/gradle/gradle-2.14.1/lib/plugins/pmaven-common-0.8-20100325.jar
7f490ce20000-7f490ce26000 r--s 00022000 08:02 3402096                    /home/ankit/Downloads/android-studio/gradle/gradle-2.14.1/lib/plugins/gradle-maven-2.14.1.jar
7f490ce26000-7f490ce28000 r--s 0000a000 08:02 3402088                    /home/ankit/Downloads/android-studio/gradle/gradle-2.14.1/lib/plugins/gradle-language-scala-2.14.1.jar
7f490ce28000-7f490ce2e000 r--s 0001a000 08:02 3402092                    /home/ankit/Downloads/android-studio/gradle/gradle-2.14.1/lib/plugins/gradle-language-native-2.14.1.jar
7f490ce2e000-7f490ce30000 r--s 00008000 08:02 3402084                    /home/ankit/Downloads/android-studio/gradle/gradle-2.14.1/lib/plugins/gradle-language-jvm-2.14.1.jar
7f490ce30000-7f490ce36000 r--s 00024000 08:02 3402300                    /home/ankit/Downloads/android-studio/gradle/gradle-2.14.1/lib/plugins/gradle-language-java-2.14.1.jar
7f490ce36000-7f490ce38000 r--s 0000a000 08:02 3402290                    /home/ankit/Downloads/android-studio/gradle/gradle-2.14.1/lib/plugins/gradle-language-groovy-2.14.1.jar
7f490ce38000-7f490ce3b000 r--s 0001e000 08:02 3402319                    /home/ankit/Downloads/android-studio/gradle/gradle-2.14.1/lib/plugins/jsp-api-2.1-6.1.14.jar
7f490ce3b000-7f490ce5e000 r--s 00344000 08:02 3402353                    /home/ankit/Downloads/android-studio/gradle/gradle-2.14.1/lib/plugins/core-3.1.1.jar
7f490ce5e000-7f490ce5f000 r--s 00006000 08:02 3402376                    /home/ankit/Downloads/android-studio/gradle/gradle-2.14.1/lib/plugins/jetty-naming-6.1.25.jar
7f490ce5f000-7f490ce60000 r--s 00002000 08:02 3402349                    /home/ankit/Downloads/android-studio/gradle/gradle-2.14.1/lib/plugins/geronimo-annotation_1.0_spec-1.0.jar
7f490ce60000-7f490ce62000 r--s 00002000 08:02 3402373                    /home/ankit/Downloads/android-studio/gradle/gradle-2.14.1/lib/plugins/jetty-annotations-6.1.25.jar
7f490ce62000-7f490ce73000 r--s 000ea000 08:02 3402379                    /home/ankit/Downloads/android-studio/gradle/gradle-2.14.1/lib/plugins/jsp-2.1-6.1.14.jar
7f490ce73000-7f490ce75000 r--s 0000d000 08:02 3402354                    /home/ankit/Downloads/android-studio/gradle/gradle-2.14.1/lib/plugins/jetty-plus-6.1.25.jar
7f490ce75000-7f490ce77000 r--s 0001f000 08:02 3402385                    /home/ankit/Downloads/android-studio/gradle/gradle-2.14.1/lib/plugins/servlet-api-2.5-20081211.jar
7f490ce77000-7f490ce7b000 r--s 00028000 08:02 3402337                    /home/ankit/Downloads/android-studio/gradle/gradle-2.14.1/lib/plugins/jetty-util-6.1.25.jar
7f490ce7b000-7f490ce82000 r--s 0007d000 08:02 3402344                    /home/ankit/Downloads/android-studio/gradle/gradle-2.14.1/lib/plugins/jetty-6.1.25.jar
7f490ce82000-7f490ce84000 r--s 00009000 08:02 3402309                    /home/ankit/Downloads/android-studio/gradle/gradle-2.14.1/lib/plugins/gradle-jetty-2.14.1.jar
7f490ce84000-7f490ce8b000 r--s 00035000 08:02 3402382                    /home/ankit/Downloads/android-studio/gradle/gradle-2.14.1/lib/plugins/simple-4.1.21.jar
7f490ce8b000-7f490ce97000 r--s 00100000 08:02 3402330                    /home/ankit/Downloads/android-studio/gradle/gradle-2.14.1/lib/plugins/rhino-1.7R3.jar
7f490ce97000-7f490ce9b000 r--s 00011000 08:02 3402297                    /home/ankit/Downloads/android-studio/gradle/gradle-2.14.1/lib/plugins/gradle-javascript-2.14.1.jar
7f490ce9b000-7f490ce9d000 r--s 0000c000 08:02 3402317                    /home/ankit/Downloads/android-studio/gradle/gradle-2.14.1/lib/plugins/gradle-jacoco-2.14.1.jar
7f490ce9d000-7f490cea0000 r--s 0000e000 08:02 3402316                    /home/ankit/Downloads/android-studio/gradle/gradle-2.14.1/lib/plugins/gradle-ivy-2.14.1.jar
7f490cea0000-7f490cea1000 r--s 00002000 08:02 3402313                    /home/ankit/Downloads/android-studio/gradle/gradle-2.14.1/lib/plugins/gradle-ide-play-2.14.1.jar
7f490cea1000-7f490cea6000 r--s 0002b000 08:02 3402310                    /home/ankit/Downloads/android-studio/gradle/gradle-2.14.1/lib/plugins/gradle-ide-native-2.14.1.jar
7f490cea6000-7f490ceb1000 r--s 00066000 08:02 3402089                    /home/ankit/Downloads/android-studio/gradle/gradle-2.14.1/lib/plugins/gradle-ide-2.14.1.jar
7f490ceb1000-7f490ceb2000 r--s 00008000 08:02 3402087                    /home/ankit/Downloads/android-studio/gradle/gradle-2.14.1/lib/plugins/gradle-ear-2.14.1.jar
7f490ceb2000-7f490ceb8000 r--s 00032000 08:02 3402094                    /home/ankit/Downloads/android-studio/gradle/gradle-2.14.1/lib/plugins/gradle-diagnostics-2.14.1.jar
7f490ceb8000-7f490cebc000 r--s 00021000 08:02 3402312                    /home/ankit/Downloads/android-studio/gradle/gradle-2.14.1/lib/plugins/gradle-code-quality-2.14.1.jar
7f490cebc000-7f490cec0000 r--s 0001f000 08:02 3402093                    /home/ankit/Downloads/android-studio/gradle/gradle-2.14.1/lib/plugins/gradle-build-init-2.14.1.jar
7f490cec0000-7f490cec7000 r--s 0008e000 08:02 3402314                    /home/ankit/Downloads/android-studio/gradle/gradle-2.14.1/lib/plugins/gradle-build-comparison-2.14.1.jar
7f490cec7000-7f490cec9000 r--s 00008000 08:02 3402302                    /home/ankit/Downloads/android-studio/gradle/gradle-2.14.1/lib/plugins/gradle-antlr-2.14.1.jar
7f490cec9000-7f490cecb000 r--s 00004000 08:02 3402315                    /home/ankit/Downloads/android-studio/gradle/gradle-2.14.1/lib/plugins/gradle-announce-2.14.1.jar
7f490cecb000-7f490cee3000 r--s 00115000 08:02 3402347                    /home/ankit/Downloads/android-studio/gradle/gradle-2.14.1/lib/plugins/xercesImpl-2.9.1.jar
7f490cee3000-7f490ceeb000 r--s 00028000 08:02 3402366                    /home/ankit/Downloads/android-studio/gradle/gradle-2.14.1/lib/plugins/xml-apis-1.3.04.jar
7f490ceeb000-7f490cef1000 r--s 0005b000 08:02 3402359                    /home/ankit/Downloads/android-studio/gradle/gradle-2.14.1/lib/plugins/jcifs-1.3.17.jar
7f490cef1000-7f490cef8000 r--s 00049000 08:02 3402296                    /home/ankit/Downloads/android-studio/gradle/gradle-2.14.1/lib/plugins/httpcore-4.4.4.jar
7f490cef8000-7f490cefe000 r--s 00033000 08:02 3402328                    /home/ankit/Downloads/android-studio/gradle/gradle-2.14.1/lib/plugins/commons-codec-1.6.jar
7f490cefe000-7f490cf01000 r--s 0001c000 08:02 3402326                    /home/ankit/Downloads/android-studio/gradle/gradle-2.14.1/lib/plugins/nekohtml-1.9.14.jar
7f490cf01000-7f490cf0e000 r--s 000a4000 08:02 3402307                    /home/ankit/Downloads/android-studio/gradle/gradle-2.14.1/lib/plugins/httpclient-4.4.1.jar
7f490cf0e000-7f490cf10000 r--s 0000a000 08:02 3402082                    /home/ankit/Downloads/android-studio/gradle/gradle-2.14.1/lib/plugins/gradle-resources-http-2.14.1.jar
7f490cf10000-7f490cf14000 r--s 00014000 08:02 3402294                    /home/ankit/Downloads/android-studio/gradle/gradle-2.14.1/lib/plugins/gradle-plugin-use-2.14.1.jar
7f490cf14000-7f490cf15000 r--s 00000000 08:02 3394352                    /home/ankit/Downloads/android-studio/gradle/gradle-2.14.1/lib/gradle-installation-beacon-2.14.1.jar
7f490cf15000-7f490cf16000 r--s 00007000 08:02 3402335                    /home/ankit/Downloads/android-studio/gradle/gradle-2.14.1/lib/plugins/wagon-http-shared4-2.4.jar
7f490cf16000-7f490cf1a000 r--s 00033000 08:02 3402372                    /home/ankit/Downloads/android-studio/gradle/gradle-2.14.1/lib/plugins/plexus-utils-2.0.6.jar
7f490cf1a000-7f490cf1e000 r--s 00021000 08:02 3402361                    /home/ankit/Downloads/android-studio/gradle/gradle-2.14.1/lib/plugins/maven-model-builder-3.0.4.jar
7f490cf1e000-7f490cf1f000 r--s 00002000 08:02 3402327                    /home/ankit/Downloads/android-studio/gradle/gradle-2.14.1/lib/plugins/wagon-file-2.4.jar
7f490cf1f000-7f490cf21000 r--s 00002000 08:02 3402368                    /home/ankit/Downloads/android-studio/gradle/gradle-2.14.1/lib/plugins/plexus-cipher-1.7.jar
7f490cf21000-7f490cf24000 r--s 00013000 08:02 3402384                    /home/ankit/Downloads/android-studio/gradle/gradle-2.14.1/lib/plugins/aether-api-1.13.1.jar
7f490cf24000-7f490cf26000 r--s 0000a000 08:02 3402338                    /home/ankit/Downloads/android-studio/gradle/gradle-2.14.1/lib/plugins/maven-settings-3.0.4.jar
7f490cf26000-7f490cf28000 r--s 0000d000 08:02 3402362                    /home/ankit/Downloads/android-studio/gradle/gradle-2.14.1/lib/plugins/plexus-interpolation-1.14.jar
7f490cf28000-7f490cf2a000 r--s 0000b000 08:02 3402377                    /home/ankit/Downloads/android-studio/gradle/gradle-2.14.1/lib/plugins/maven-artifact-3.0.4.jar
7f490cf2a000-7f490cf31000 r--s 0002e000 08:02 3402332                    /home/ankit/Downloads/android-studio/gradle/gradle-2.14.1/lib/plugins/plexus-container-default-1.5.5.jar
7f490cf31000-7f490cf33000 r--s 0000b000 08:02 3402355                    /home/ankit/Downloads/android-studio/gradle/gradle-2.14.1/lib/plugins/maven-plugin-api-3.0.4.jar
7f490cf33000-7f490cf35000 r--s 00000000 08:02 3402357                    /home/ankit/Downloads/android-studio/gradle/gradle-2.14.1/lib/plugins/plexus-component-annotations-1.5.5.jar
7f490cf35000-7f490cf3b000 r--s 0003f000 08:02 3402363                    /home/ankit/Downloads/android-studio/gradle/gradle-2.14.1/lib/plugins/maven-compat-3.0.4.jar
7f490cf3b000-7f490cf3e000 r--s 00008000 08:02 3402345                    /home/ankit/Downloads/android-studio/gradle/gradle-2.14.1/lib/plugins/maven-settings-builder-3.0.4.jar
7f490cf3e000-7f490cf40000 r--s 00026000 08:02 3402383                    /home/ankit/Downloads/android-studio/gradle/gradle-2.14.1/lib/plugins/maven-model-3.0.4.jar
7f490cf40000-7f490cf42000 r--s 00006000 08:02 3402374                    /home/ankit/Downloads/android-studio/gradle/gradle-2.14.1/lib/plugins/aether-connector-wagon-1.13.1.jar
7f490cf42000-7f490cf44000 r--s 0000a000 08:02 3402333                    /home/ankit/Downloads/android-studio/gradle/gradle-2.14.1/lib/plugins/plexus-classworlds-2.4.jar
7f490cf44000-7f490cf46000 r--s 00006000 08:02 3402364                    /home/ankit/Downloads/android-studio/gradle/gradle-2.14.1/lib/plugins/maven-repository-metadata-3.0.4.jar
7f490cf46000-7f490cf48000 r--s 0000c000 08:02 3402348                    /home/ankit/Downloads/android-studio/gradle/gradle-2.14.1/lib/plugins/maven-aether-provider-3.0.4.jar
7f490cf48000-7f490cf4a000 r--s 0000b000 08:02 3402340                    /home/ankit/Downloads/android-studio/gradle/gradle-2.14.1/lib/plugins/wagon-provider-api-2.4.jar
7f490cf4a000-7f490cf4e000 r--s 0001c000 08:02 3402380                    /home/ankit/Downloads/android-studio/gradle/gradle-2.14.1/lib/plugins/aether-util-1.13.1.jar
7f490cf4e000-7f490cf51000 r--s 0001d000 08:02 3402360                    /home/ankit/Downloads/android-studio/gradle/gradle-2.14.1/lib/plugins/aether-impl-1.13.1.jar
7f490cf51000-7f490cf56000 r--s 00040000 08:02 3402321                    /home/ankit/Downloads/android-studio/gradle/gradle-2.14.1/lib/plugins/jsch-0.1.53.jar
7f490cf56000-7f490cf96000 r--s 00277000 08:02 3402323                    /home/ankit/Downloads/android-studio/gradle/gradle-2.14.1/lib/plugins/bcprov-jdk15on-1.51.jar
7f490cf96000-7f490cf9a000 r--s 0001d000 08:02 3402350                    /home/ankit/Downloads/android-studio/gradle/gradle-2.14.1/lib/plugins/xbean-reflect-3.4.jar
7f490cf9a000-7f490cfa6000 r--s 0007d000 08:02 3402367                    /home/ankit/Downloads/android-studio/gradle/gradle-2.14.1/lib/plugins/maven-core-3.0.4.jar
7f490cfa6000-7f490cfab000 r--s 0002a000 08:02 3402346                    /home/ankit/Downloads/android-studio/gradle/gradle-2.14.1/lib/plugins/gson-2.2.4.jar
7f490cfab000-7f490cfba000 r--s 000d9000 08:02 3402331                    /home/ankit/Downloads/android-studio/gradle/gradle-2.14.1/lib/plugins/ivy-2.2.0.jar
7f490cfba000-7f490cfd0000 r-xp 00000000 08:02 2624314                    /lib/x86_64-linux-gnu/libgcc_s.so.1
7f490cfd0000-7f490d1cf000 ---p 00016000 08:02 2624314                    /lib/x86_64-linux-gnu/libgcc_s.so.1
7f490d1cf000-7f490d1d0000 r--p 00015000 08:02 2624314                    /lib/x86_64-linux-gnu/libgcc_s.so.1
7f490d1d0000-7f490d1d1000 rw-p 00016000 08:02 2624314                    /lib/x86_64-linux-gnu/libgcc_s.so.1
7f490d1d1000-7f490d344000 r-xp 00000000 08:02 61223                      /usr/lib/x86_64-linux-gnu/libstdc++.so.6.0.21
7f490d344000-7f490d543000 ---p 00173000 08:02 61223                      /usr/lib/x86_64-linux-gnu/libstdc++.so.6.0.21
7f490d543000-7f490d54d000 r--p 00172000 08:02 61223                      /usr/lib/x86_64-linux-gnu/libstdc++.so.6.0.21
7f490d54d000-7f490d54f000 rw-p 0017c000 08:02 61223                      /usr/lib/x86_64-linux-gnu/libstdc++.so.6.0.21
7f490d54f000-7f490d553000 rw-p 00000000 00:00 0 
7f490d553000-7f490d554000 r--s 00002000 08:02 3402318                    /home/ankit/Downloads/android-studio/gradle/gradle-2.14.1/lib/plugins/wagon-http-2.4.jar
7f490d554000-7f490d555000 r--s 00003000 08:02 3402320                    /home/ankit/Downloads/android-studio/gradle/gradle-2.14.1/lib/plugins/aether-spi-1.13.1.jar
7f490d555000-7f490d556000 r--s 00006000 08:02 3402365                    /home/ankit/Downloads/android-studio/gradle/gradle-2.14.1/lib/plugins/plexus-sec-dispatcher-1.3.jar
7f490d556000-7f490d572000 r--s 000d3000 08:02 3402161                    /home/ankit/Downloads/android-studio/gradle/gradle-2.14.1/lib/plugins/gradle-dependency-management-2.14.1.jar
7f490d572000-7f490d576000 r-xp 00000000 08:02 3391672                    /home/ankit/.gradle/native/19/linux-amd64/libnative-platform.so
7f490d576000-7f490d775000 ---p 00004000 08:02 3391672                    /home/ankit/.gradle/native/19/linux-amd64/libnative-platform.so
7f490d775000-7f490d776000 rw-p 00003000 08:02 3391672                    /home/ankit/.gradle/native/19/linux-amd64/libnative-platform.so
7f490d776000-7f490d787000 r-xp 00000000 08:02 199999                     /usr/lib/jvm/java-8-oracle/jre/lib/amd64/libnio.so
7f490d787000-7f490d986000 ---p 00011000 08:02 199999                     /usr/lib/jvm/java-8-oracle/jre/lib/amd64/libnio.so
7f490d986000-7f490d987000 rw-p 00010000 08:02 199999                     /usr/lib/jvm/java-8-oracle/jre/lib/amd64/libnio.so
7f490d987000-7f490dc88000 rw-p 00000000 00:00 0 
7f490dc88000-7f490dc9e000 r-xp 00000000 08:02 199974                     /usr/lib/jvm/java-8-oracle/jre/lib/amd64/libnet.so
7f490dc9e000-7f490de9e000 ---p 00016000 08:02 199974                     /usr/lib/jvm/java-8-oracle/jre/lib/amd64/libnet.so
7f490de9e000-7f490de9f000 rw-p 00016000 08:02 199974                     /usr/lib/jvm/java-8-oracle/jre/lib/amd64/libnet.so
7f490de9f000-7f490dea1000 r--s 00005000 08:02 3394358                    /home/ankit/Downloads/android-studio/gradle/gradle-2.14.1/lib/gradle-wrapper-2.14.1.jar
7f490dea1000-7f490deaf000 r--s 0004f000 08:02 3394344                    /home/ankit/Downloads/android-studio/gradle/gradle-2.14.1/lib/gradle-tooling-api-2.14.1.jar
7f490deaf000-7f490deb1000 r--s 00002000 08:02 3394350                    /home/ankit/Downloads/android-studio/gradle/gradle-2.14.1/lib/gradle-open-api-2.14.1.jar
7f490deb1000-7f490deb7000 r--s 00032000 08:02 3394400                    /home/ankit/Downloads/android-studio/gradle/gradle-2.14.1/lib/jaxen-1.1.jar
7f490deb7000-7f490debc000 r--s 00048000 08:02 3394380                    /home/ankit/Downloads/android-studio/gradle/gradle-2.14.1/lib/dom4j-1.6.1.jar
7f490debc000-7f490dec7000 r--s 00059000 08:02 3394373                    /home/ankit/Downloads/android-studio/gradle/gradle-2.14.1/lib/gradle-ui-2.14.1.jar
7f490dec7000-7f490deca000 r--s 0000b000 08:02 3394378                    /home/ankit/Downloads/android-studio/gradle/gradle-2.14.1/lib/gradle-resources-2.14.1.jar
7f490deca000-7f490decc000 r--s 00003000 08:02 3394402                    /home/ankit/Downloads/android-studio/gradle/gradle-2.14.1/lib/jcl-over-slf4j-1.7.10.jar
7f490decc000-7f490decd000 r--s 00005000 08:02 3394397                    /home/ankit/Downloads/android-studio/gradle/gradle-2.14.1/lib/log4j-over-slf4j-1.7.10.jar
7f490decd000-7f490decf000 r--s 00000000 08:02 3394404                    /home/ankit/Downloads/android-studio/gradle/gradle-2.14.1/lib/jul-to-slf4j-1.7.10.jar
7f490decf000-7f490ded4000 r--s 0001c000 08:02 3394356                    /home/ankit/Downloads/android-studio/gradle/gradle-2.14.1/lib/gradle-logging-2.14.1.jar
7f490ded4000-7f490ded6000 r--s 00007000 08:02 3394403                    /home/ankit/Downloads/android-studio/gradle/gradle-2.14.1/lib/objenesis-1.2.jar
7f490ded6000-7f490ded8000 r--s 00000000 08:02 3394383                    /home/ankit/Downloads/android-studio/gradle/gradle-2.14.1/lib/minlog-1.2.jar
7f490ded8000-7f490deda000 r--s 0000f000 08:02 3394389                    /home/ankit/Downloads/android-studio/gradle/gradle-2.14.1/lib/reflectasm-1.07-shaded.jar
7f490deda000-7f490dede000 r--s 00026000 08:02 3394395                    /home/ankit/Downloads/android-studio/gradle/gradle-2.14.1/lib/kryo-2.20.jar
7f490dede000-7f490dee4000 r--s 00025000 08:02 3394347                    /home/ankit/Downloads/android-studio/gradle/gradle-2.14.1/lib/gradle-messaging-2.14.1.jar
7f490dee4000-7f490dee5000 r--s 00003000 08:02 3394401                    /home/ankit/Downloads/android-studio/gradle/gradle-2.14.1/lib/native-platform-freebsd-amd64-0.10.jar
7f490dee5000-7f490dee6000 r--s 00003000 08:02 3394390                    /home/ankit/Downloads/android-studio/gradle/gradle-2.14.1/lib/native-platform-freebsd-i386-0.10.jar
7f490dee6000-7f490dee7000 r--s 00005000 08:02 3394385                    /home/ankit/Downloads/android-studio/gradle/gradle-2.14.1/lib/native-platform-windows-i386-0.10.jar
7f490dee7000-7f490dee8000 r--s 00005000 08:02 3394384                    /home/ankit/Downloads/android-studio/gradle/gradle-2.14.1/lib/native-platform-windows-amd64-0.10.jar
7f490dee8000-7f490dee9000 r--s 00003000 08:02 3394391                    /home/ankit/Downloads/android-studio/gradle/gradle-2.14.1/lib/native-platform-linux-i386-0.10.jar
7f490dee9000-7f490deea000 r--s 00003000 08:02 3394382                    /home/ankit/Downloads/android-studio/gradle/gradle-2.14.1/lib/native-platform-linux-amd64-0.10.jar
7f490deea000-7f490deec000 r--s 00008000 08:02 3394399                    /home/ankit/Downloads/android-studio/gradle/gradle-2.14.1/lib/jansi-1.2.1.jar
7f490deec000-7f490deef000 r--s 0000d000 08:02 3394394                    /home/ankit/Downloads/android-studio/gradle/gradle-2.14.1/lib/native-platform-0.10.jar
7f490deef000-7f490defe000 r--s 00080000 08:02 3394371                    /home/ankit/Downloads/android-studio/gradle/gradle-2.14.1/lib/gradle-model-core-2.14.1.jar
7f490defe000-7f490df6d000 r--s 0063e000 08:02 3394407                    /home/ankit/Downloads/android-studio/gradle/gradle-2.14.1/lib/groovy-all-2.4.4.jar
7f490df6d000-7f490df95000 r--s 001cf000 08:02 3394387                    /home/ankit/Downloads/android-studio/gradle/gradle-2.14.1/lib/guava-jdk5-17.0.jar
7f490df95000-7f490dfcc000 r--s 001bd000 08:02 3394359                    /home/ankit/Downloads/android-studio/gradle/gradle-2.14.1/lib/gradle-core-2.14.1.jar
7f490dfcc000-7f490dfcd000 ---p 00000000 00:00 0 
7f490dfcd000-7f490e0cd000 rw-p 00000000 00:00 0 
7f490e0cd000-7f490e0d0000 ---p 00000000 00:00 0 
7f490e0d0000-7f490e1ce000 rw-p 00000000 00:00 0 
7f490e1ce000-7f490e1d1000 ---p 00000000 00:00 0 
7f490e1d1000-7f490e2cf000 rw-p 00000000 00:00 0 
7f490e2cf000-7f490e2d2000 ---p 00000000 00:00 0 
7f490e2d2000-7f490e3d0000 rw-p 00000000 00:00 0 
7f490e3d0000-7f490e3d3000 ---p 00000000 00:00 0 
7f490e3d3000-7f490e4d1000 rw-p 00000000 00:00 0 
7f490e4d1000-7f490e4d4000 ---p 00000000 00:00 0 
7f490e4d4000-7f490e5d2000 rw-p 00000000 00:00 0 
7f490e5d2000-7f490ecb4000 r--p 00000000 08:02 59247                      /usr/lib/locale/locale-archive
7f490ecb4000-7f490ecb7000 ---p 00000000 00:00 0 
7f490ecb7000-7f490edb5000 rw-p 00000000 00:00 0 
7f490edb5000-7f490edb8000 ---p 00000000 00:00 0 
7f490edb8000-7f490eeb6000 rw-p 00000000 00:00 0 
7f490eeb6000-7f490eeb7000 ---p 00000000 00:00 0 
7f490eeb7000-7f490fe28000 rw-p 00000000 00:00 0 
7f490fe28000-7f4910000000 r--s 03d2a000 08:02 182584                     /usr/lib/jvm/java-8-oracle/jre/lib/rt.jar
7f4910000000-7f491002a000 rw-p 00000000 00:00 0 
7f491002a000-7f4914000000 ---p 00000000 00:00 0 
7f4914000000-7f4914021000 rw-p 00000000 00:00 0 
7f4914021000-7f4918000000 ---p 00000000 00:00 0 
7f4918000000-7f4918134000 rw-p 00000000 00:00 0 
7f4918134000-7f491c000000 ---p 00000000 00:00 0 
7f491c000000-7f491c001000 r--s 00002000 08:02 3394381                    /home/ankit/Downloads/android-studio/gradle/gradle-2.14.1/lib/native-platform-osx-amd64-0.10.jar
7f491c001000-7f491c005000 r--s 000e4000 08:02 3394393                    /home/ankit/Downloads/android-studio/gradle/gradle-2.14.1/lib/jna-3.2.7.jar
7f491c005000-7f491c007000 r--s 00009000 08:02 3394375                    /home/ankit/Downloads/android-studio/gradle/gradle-2.14.1/lib/gradle-native-2.14.1.jar
7f491c007000-7f491c009000 r--s 00005000 08:02 3394376                    /home/ankit/Downloads/android-studio/gradle/gradle-2.14.1/lib/gradle-cli-2.14.1.jar
7f491c009000-7f491c016000 r--s 00083000 08:02 3394379                    /home/ankit/Downloads/android-studio/gradle/gradle-2.14.1/lib/commons-collections-3.2.2.jar
7f491c016000-7f491ccfd000 rw-p 00000000 00:00 0 
7f491ccfd000-7f491ccfe000 ---p 00000000 00:00 0 
7f491ccfe000-7f491cdfe000 rw-p 00000000 00:00 0 
7f491cdfe000-7f491cdff000 ---p 00000000 00:00 0 
7f491cdff000-7f491ceff000 rw-p 00000000 00:00 0 
7f491ceff000-7f491cf00000 ---p 00000000 00:00 0 
7f491cf00000-7f491d000000 rw-p 00000000 00:00 0 
7f491d000000-7f491ee70000 rwxp 00000000 00:00 0 
7f491ee70000-7f492c000000 ---p 00000000 00:00 0 
7f492c000000-7f492cb7b000 rw-p 00000000 00:00 0 
7f492cb7b000-7f4930000000 ---p 00000000 00:00 0 
7f4930000000-7f493001f000 r--s 001d1000 08:02 3394357                    /home/ankit/Downloads/android-studio/gradle/gradle-2.14.1/lib/ant-1.9.6.jar
7f493001f000-7f4930020000 ---p 00000000 00:00 0 
7f4930020000-7f493028f000 rw-p 00000000 00:00 0 
7f493028f000-7f4930320000 ---p 00000000 00:00 0 
7f4930320000-7f493048f000 rw-p 00000000 00:00 0 
7f493048f000-7f4930520000 ---p 00000000 00:00 0 
7f4930520000-7f4930620000 rw-p 00000000 00:00 0 
7f4930620000-7f493069b000 rw-p 00000000 00:00 0 
7f493069b000-7f49309e1000 ---p 00000000 00:00 0 
7f49309e1000-7f49309fb000 r-xp 00000000 08:02 199997                     /usr/lib/jvm/java-8-oracle/jre/lib/amd64/libzip.so
7f49309fb000-7f4930bfb000 ---p 0001a000 08:02 199997                     /usr/lib/jvm/java-8-oracle/jre/lib/amd64/libzip.so
7f4930bfb000-7f4930bfc000 rw-p 0001a000 08:02 199997                     /usr/lib/jvm/java-8-oracle/jre/lib/amd64/libzip.so
7f4930bfc000-7f4930c06000 r-xp 00000000 08:02 2621662                    /lib/x86_64-linux-gnu/libnss_files-2.21.so
7f4930c06000-7f4930e06000 ---p 0000a000 08:02 2621662                    /lib/x86_64-linux-gnu/libnss_files-2.21.so
7f4930e06000-7f4930e07000 r--p 0000a000 08:02 2621662                    /lib/x86_64-linux-gnu/libnss_files-2.21.so
7f4930e07000-7f4930e08000 rw-p 0000b000 08:02 2621662                    /lib/x86_64-linux-gnu/libnss_files-2.21.so
7f4930e08000-7f4930e13000 r-xp 00000000 08:02 2623427                    /lib/x86_64-linux-gnu/libnss_nis-2.21.so
7f4930e13000-7f4931012000 ---p 0000b000 08:02 2623427                    /lib/x86_64-linux-gnu/libnss_nis-2.21.so
7f4931012000-7f4931013000 r--p 0000a000 08:02 2623427                    /lib/x86_64-linux-gnu/libnss_nis-2.21.so
7f4931013000-7f4931014000 rw-p 0000b000 08:02 2623427                    /lib/x86_64-linux-gnu/libnss_nis-2.21.so
7f4931014000-7f493102b000 r-xp 00000000 08:02 2623430                    /lib/x86_64-linux-gnu/libnsl-2.21.so
7f493102b000-7f493122a000 ---p 00017000 08:02 2623430                    /lib/x86_64-linux-gnu/libnsl-2.21.so
7f493122a000-7f493122b000 r--p 00016000 08:02 2623430                    /lib/x86_64-linux-gnu/libnsl-2.21.so
7f493122b000-7f493122c000 rw-p 00017000 08:02 2623430                    /lib/x86_64-linux-gnu/libnsl-2.21.so
7f493122c000-7f493122e000 rw-p 00000000 00:00 0 
7f493122e000-7f4931236000 r-xp 00000000 08:02 2622662                    /lib/x86_64-linux-gnu/libnss_compat-2.21.so
7f4931236000-7f4931435000 ---p 00008000 08:02 2622662                    /lib/x86_64-linux-gnu/libnss_compat-2.21.so
7f4931435000-7f4931436000 r--p 00007000 08:02 2622662                    /lib/x86_64-linux-gnu/libnss_compat-2.21.so
7f4931436000-7f4931437000 rw-p 00008000 08:02 2622662                    /lib/x86_64-linux-gnu/libnss_compat-2.21.so
7f4931437000-7f4931462000 r-xp 00000000 08:02 200024                     /usr/lib/jvm/java-8-oracle/jre/lib/amd64/libjava.so
7f4931462000-7f4931661000 ---p 0002b000 08:02 200024                     /usr/lib/jvm/java-8-oracle/jre/lib/amd64/libjava.so
7f4931661000-7f4931663000 rw-p 0002a000 08:02 200024                     /usr/lib/jvm/java-8-oracle/jre/lib/amd64/libjava.so
7f4931663000-7f4931670000 r-xp 00000000 08:02 199975                     /usr/lib/jvm/java-8-oracle/jre/lib/amd64/libverify.so
7f4931670000-7f493186f000 ---p 0000d000 08:02 199975                     /usr/lib/jvm/java-8-oracle/jre/lib/amd64/libverify.so
7f493186f000-7f4931871000 rw-p 0000c000 08:02 199975                     /usr/lib/jvm/java-8-oracle/jre/lib/amd64/libverify.so
7f4931871000-7f4931878000 r-xp 00000000 08:02 2621663                    /lib/x86_64-linux-gnu/librt-2.21.so
7f4931878000-7f4931a77000 ---p 00007000 08:02 2621663                    /lib/x86_64-linux-gnu/librt-2.21.so
7f4931a77000-7f4931a78000 r--p 00006000 08:02 2621663                    /lib/x86_64-linux-gnu/librt-2.21.so
7f4931a78000-7f4931a79000 rw-p 00007000 08:02 2621663                    /lib/x86_64-linux-gnu/librt-2.21.so
7f4931a79000-7f4931b80000 r-xp 00000000 08:02 2623271                    /lib/x86_64-linux-gnu/libm-2.21.so
7f4931b80000-7f4931d7f000 ---p 00107000 08:02 2623271                    /lib/x86_64-linux-gnu/libm-2.21.so
7f4931d7f000-7f4931d80000 r--p 00106000 08:02 2623271                    /lib/x86_64-linux-gnu/libm-2.21.so
7f4931d80000-7f4931d81000 rw-p 00107000 08:02 2623271                    /lib/x86_64-linux-gnu/libm-2.21.so
7f4931d81000-7f4932a4e000 r-xp 00000000 08:02 200028                     /usr/lib/jvm/java-8-oracle/jre/lib/amd64/server/libjvm.so
7f4932a4e000-7f4932c4d000 ---p 00ccd000 08:02 200028                     /usr/lib/jvm/java-8-oracle/jre/lib/amd64/server/libjvm.so
7f4932c4d000-7f4932d26000 rw-p 00ccc000 08:02 200028                     /usr/lib/jvm/java-8-oracle/jre/lib/amd64/server/libjvm.so
7f4932d26000-7f4932d71000 rw-p 00000000 00:00 0 
7f4932d71000-7f4932f31000 r-xp 00000000 08:02 2623433                    /lib/x86_64-linux-gnu/libc-2.21.so
7f4932f31000-7f4933131000 ---p 001c0000 08:02 2623433                    /lib/x86_64-linux-gnu/libc-2.21.so
7f4933131000-7f4933135000 r--p 001c0000 08:02 2623433                    /lib/x86_64-linux-gnu/libc-2.21.so
7f4933135000-7f4933137000 rw-p 001c4000 08:02 2623433                    /lib/x86_64-linux-gnu/libc-2.21.so
7f4933137000-7f493313b000 rw-p 00000000 00:00 0 
7f493313b000-7f493313e000 r-xp 00000000 08:02 2623420                    /lib/x86_64-linux-gnu/libdl-2.21.so
7f493313e000-7f493333d000 ---p 00003000 08:02 2623420                    /lib/x86_64-linux-gnu/libdl-2.21.so
7f493333d000-7f493333e000 r--p 00002000 08:02 2623420                    /lib/x86_64-linux-gnu/libdl-2.21.so
7f493333e000-7f493333f000 rw-p 00003000 08:02 2623420                    /lib/x86_64-linux-gnu/libdl-2.21.so
7f493333f000-7f4933354000 r-xp 00000000 08:02 158504                     /usr/lib/jvm/java-8-oracle/lib/amd64/jli/libjli.so
7f4933354000-7f4933554000 ---p 00015000 08:02 158504                     /usr/lib/jvm/java-8-oracle/lib/amd64/jli/libjli.so
7f4933554000-7f4933555000 rw-p 00015000 08:02 158504                     /usr/lib/jvm/java-8-oracle/lib/amd64/jli/libjli.so
7f4933555000-7f493356d000 r-xp 00000000 08:02 2623413                    /lib/x86_64-linux-gnu/libpthread-2.21.so
7f493356d000-7f493376d000 ---p 00018000 08:02 2623413                    /lib/x86_64-linux-gnu/libpthread-2.21.so
7f493376d000-7f493376e000 r--p 00018000 08:02 2623413                    /lib/x86_64-linux-gnu/libpthread-2.21.so
7f493376e000-7f493376f000 rw-p 00019000 08:02 2623413                    /lib/x86_64-linux-gnu/libpthread-2.21.so
7f493376f000-7f4933773000 rw-p 00000000 00:00 0 
7f4933773000-7f4933797000 r-xp 00000000 08:02 2623431                    /lib/x86_64-linux-gnu/ld-2.21.so
7f4933797000-7f4933798000 r--s 00002000 08:02 3394398                    /home/ankit/Downloads/android-studio/gradle/gradle-2.14.1/lib/native-platform-osx-i386-0.10.jar
7f4933798000-7f493379a000 r--s 00007000 08:02 3394353                    /home/ankit/Downloads/android-studio/gradle/gradle-2.14.1/lib/gradle-model-groovy-2.14.1.jar
7f493379a000-7f493379b000 r--s 00006000 08:02 3394370                    /home/ankit/Downloads/android-studio/gradle/gradle-2.14.1/lib/gradle-base-services-groovy-2.14.1.jar
7f493379b000-7f493379c000 r--s 00002000 08:02 3394360                    /home/ankit/Downloads/android-studio/gradle/gradle-2.14.1/lib/gradle-docs-2.14.1.jar
7f493379c000-7f493379d000 r--s 00000000 08:02 3394406                    /home/ankit/Downloads/android-studio/gradle/gradle-2.14.1/lib/javax.inject-1.jar
7f493379d000-7f493379e000 r--s 00000000 08:02 3394388                    /home/ankit/Downloads/android-studio/gradle/gradle-2.14.1/lib/jcip-annotations-1.0.jar
7f493379e000-7f49337a2000 r--s 00027000 08:02 3394396                    /home/ankit/Downloads/android-studio/gradle/gradle-2.14.1/lib/commons-io-2.2.jar
7f49337a2000-7f49337a7000 r--s 00038000 08:02 3394363                    /home/ankit/Downloads/android-studio/gradle/gradle-2.14.1/lib/asm-all-5.1.jar
7f49337a7000-7f49337a8000 r--s 00001000 08:02 3394374                    /home/ankit/Downloads/android-studio/gradle/gradle-2.14.1/lib/gradle-process-services-2.14.1.jar
7f49337a8000-7f49337a9000 r--s 00000000 08:02 3394345                    /home/ankit/Downloads/android-studio/gradle/gradle-2.14.1/lib/gradle-jvm-services-2.14.1.jar
7f49337a9000-7f49337ae000 r--s 00041000 08:02 3394392                    /home/ankit/Downloads/android-studio/gradle/gradle-2.14.1/lib/commons-lang-2.6.jar
7f49337ae000-7f4933870000 rw-p 00000000 00:00 0 
7f4933870000-7f4933873000 ---p 00000000 00:00 0 
7f4933873000-7f4933975000 rw-p 00000000 00:00 0 
7f4933975000-7f4933976000 r--s 00007000 08:02 3394386                    /home/ankit/Downloads/android-studio/gradle/gradle-2.14.1/lib/slf4j-api-1.7.10.jar
7f4933976000-7f4933977000 r--s 00004000 08:02 3394372                    /home/ankit/Downloads/android-studio/gradle/gradle-2.14.1/lib/ant-launcher-1.9.6.jar
7f4933977000-7f493397f000 r--s 0003a000 08:02 3394364                    /home/ankit/Downloads/android-studio/gradle/gradle-2.14.1/lib/gradle-base-services-2.14.1.jar
7f493397f000-7f493398a000 r--s 00051000 08:02 3394361                    /home/ankit/Downloads/android-studio/gradle/gradle-2.14.1/lib/gradle-launcher-2.14.1.jar
7f493398a000-7f4933992000 rw-s 00000000 08:02 5033425                    /tmp/hsperfdata_ankit/24891
7f4933992000-7f4933993000 rw-p 00000000 00:00 0 
7f4933993000-7f4933994000 ---p 00000000 00:00 0 
7f4933994000-7f4933996000 rw-p 00000000 00:00 0 
7f4933996000-7f4933997000 r--p 00023000 08:02 2623431                    /lib/x86_64-linux-gnu/ld-2.21.so
7f4933997000-7f4933998000 rw-p 00024000 08:02 2623431                    /lib/x86_64-linux-gnu/ld-2.21.so
7f4933998000-7f4933999000 rw-p 00000000 00:00 0 
7ffe09561000-7ffe09582000 rw-p 00000000 00:00 0                          [stack]
7ffe095b7000-7ffe095b9000 r--p 00000000 00:00 0                          [vvar]
7ffe095b9000-7ffe095bb000 r-xp 00000000 00:00 0                          [vdso]
ffffffffff600000-ffffffffff601000 r-xp 00000000 00:00 0                  [vsyscall]

VM Arguments:
jvm_args: -Xmx1536m -Dfile.encoding=UTF-8 -Duser.country=IN -Duser.language=en -Duser.variant 
java_command: org.gradle.launcher.daemon.bootstrap.GradleDaemon 2.14.1
java_class_path (initial): /home/ankit/Downloads/android-studio/gradle/gradle-2.14.1/lib/gradle-launcher-2.14.1.jar
Launcher Type: SUN_STANDARD

Environment Variables:
JAVA_HOME=/usr/lib/jvm/java-8-oracle
PATH=/usr/local/sbin:/usr/local/bin:/usr/sbin:/usr/bin:/sbin:/bin:/usr/games:/usr/local/games:/usr/lib/jvm/java-8-oracle/bin:/usr/lib/jvm/java-8-oracle/db/bin:/usr/lib/jvm/java-8-oracle/jre/bin
LD_LIBRARY_PATH=Downloads/android-studio/bin:
SHELL=/bin/bash
DISPLAY=:0

Signal Handlers:
SIGSEGV: [libjvm.so+0xac64b0], sa_mask[0]=11111111011111111101111111111110, sa_flags=SA_RESTART|SA_SIGINFO
SIGBUS: [libjvm.so+0xac64b0], sa_mask[0]=11111111011111111101111111111110, sa_flags=SA_RESTART|SA_SIGINFO
SIGFPE: [libjvm.so+0x91f950], sa_mask[0]=11111111011111111101111111111110, sa_flags=SA_RESTART|SA_SIGINFO
SIGPIPE: [libjvm.so+0x91f950], sa_mask[0]=11111111011111111101111111111110, sa_flags=SA_RESTART|SA_SIGINFO
SIGXFSZ: [libjvm.so+0x91f950], sa_mask[0]=11111111011111111101111111111110, sa_flags=SA_RESTART|SA_SIGINFO
SIGILL: [libjvm.so+0x91f950], sa_mask[0]=11111111011111111101111111111110, sa_flags=SA_RESTART|SA_SIGINFO
SIGUSR1: SIG_DFL, sa_mask[0]=00000000000000000000000000000000, sa_flags=none
SIGUSR2: [libjvm.so+0x920f80], sa_mask[0]=00100000000000000000000000000000, sa_flags=SA_RESTART|SA_SIGINFO
SIGHUP: [libjvm.so+0x922380], sa_mask[0]=11111111011111111101111111111110, sa_flags=SA_RESTART|SA_SIGINFO
SIGINT: [libjvm.so+0x922380], sa_mask[0]=11111111011111111101111111111110, sa_flags=SA_RESTART|SA_SIGINFO
SIGTERM: [libjvm.so+0x922380], sa_mask[0]=11111111011111111101111111111110, sa_flags=SA_RESTART|SA_SIGINFO
SIGQUIT: [libjvm.so+0x922380], sa_mask[0]=11111111011111111101111111111110, sa_flags=SA_RESTART|SA_SIGINFO


---------------  S Y S T E M  ---------------

OS:DISTRIB_ID=Ubuntu
DISTRIB_RELEASE=15.10
DISTRIB_CODENAME=wily
DISTRIB_DESCRIPTION="Ubuntu 15.10"

uname:Linux 4.2.0-42-generic #49-Ubuntu SMP Tue Jun 28 21:26:26 UTC 2016 x86_64
libc:glibc 2.21 NPTL 2.21 
rlimit: STACK 8192k, CORE 0k, NPROC 31537, NOFILE 65536, AS infinity
load average:7.54 12.08 7.36

/proc/meminfo:
MemTotal:        8110256 kB
MemFree:          148392 kB
MemAvailable:     131412 kB
Buffers:            3020 kB
Cached:           567976 kB
SwapCached:            0 kB
Active:          7211620 kB
Inactive:         490544 kB
Active(anon):    7170044 kB
Inactive(anon):   451944 kB
Active(file):      41576 kB
Inactive(file):    38600 kB
Unevictable:          96 kB
Mlocked:              96 kB
SwapTotal:             0 kB
SwapFree:              0 kB
Dirty:               132 kB
Writeback:             0 kB
AnonPages:       7131508 kB
Mapped:           294212 kB
Shmem:            490596 kB
Slab:             107568 kB
SReclaimable:      54808 kB
SUnreclaim:        52760 kB
KernelStack:       14784 kB
PageTables:        80820 kB
NFS_Unstable:          0 kB
Bounce:                0 kB
WritebackTmp:          0 kB
CommitLimit:     4055128 kB
Committed_AS:   16654612 kB
VmallocTotal:   34359738367 kB
VmallocUsed:      552008 kB
VmallocChunk:   34358423548 kB
HardwareCorrupted:     0 kB
AnonHugePages:   3545088 kB
CmaTotal:              0 kB
CmaFree:               0 kB
HugePages_Total:       0
HugePages_Free:        0
HugePages_Rsvd:        0
HugePages_Surp:        0
Hugepagesize:       2048 kB
DirectMap4k:      246464 kB
DirectMap2M:     8077312 kB
DirectMap1G:     1048576 kB


CPU:total 4 (2 cores per cpu, 2 threads per core) family 6 model 69 stepping 1, cmov, cx8, fxsr, mmx, sse, sse2, sse3, ssse3, sse4.1, sse4.2, popcnt, avx, avx2, aes, clmul, erms, lzcnt, ht, tsc, tscinvbit, bmi1, bmi2

/proc/cpuinfo:
processor	: 0
vendor_id	: GenuineIntel
cpu family	: 6
model		: 69
model name	: Intel(R) Core(TM) i3-4005U CPU @ 1.70GHz
stepping	: 1
microcode	: 0x1c
cpu MHz		: 1700.000
cache size	: 3072 KB
physical id	: 0
siblings	: 4
core id		: 0
cpu cores	: 2
apicid		: 0
initial apicid	: 0
fpu		: yes
fpu_exception	: yes
cpuid level	: 13
wp		: yes
flags		: fpu vme de pse tsc msr pae mce cx8 apic sep mtrr pge mca cmov pat pse36 clflush dts acpi mmx fxsr sse sse2 ss ht tm pbe syscall nx pdpe1gb rdtscp lm constant_tsc arch_perfmon pebs bts rep_good nopl xtopology nonstop_tsc aperfmperf eagerfpu pni pclmulqdq dtes64 monitor ds_cpl vmx est tm2 ssse3 fma cx16 xtpr pdcm pcid sse4_1 sse4_2 movbe popcnt tsc_deadline_timer aes xsave avx f16c rdrand lahf_lm abm ida arat epb pln pts dtherm tpr_shadow vnmi flexpriority ept vpid fsgsbase tsc_adjust bmi1 avx2 smep bmi2 erms invpcid xsaveopt
bugs		:
bogomips	: 3392.03
clflush size	: 64
cache_alignment	: 64
address sizes	: 39 bits physical, 48 bits virtual
power management:

processor	: 1
vendor_id	: GenuineIntel
cpu family	: 6
model		: 69
model name	: Intel(R) Core(TM) i3-4005U CPU @ 1.70GHz
stepping	: 1
microcode	: 0x1c
cpu MHz		: 1700.000
cache size	: 3072 KB
physical id	: 0
siblings	: 4
core id		: 0
cpu cores	: 2
apicid		: 1
initial apicid	: 1
fpu		: yes
fpu_exception	: yes
cpuid level	: 13
wp		: yes
flags		: fpu vme de pse tsc msr pae mce cx8 apic sep mtrr pge mca cmov pat pse36 clflush dts acpi mmx fxsr sse sse2 ss ht tm pbe syscall nx pdpe1gb rdtscp lm constant_tsc arch_perfmon pebs bts rep_good nopl xtopology nonstop_tsc aperfmperf eagerfpu pni pclmulqdq dtes64 monitor ds_cpl vmx est tm2 ssse3 fma cx16 xtpr pdcm pcid sse4_1 sse4_2 movbe popcnt tsc_deadline_timer aes xsave avx f16c rdrand lahf_lm abm ida arat epb pln pts dtherm tpr_shadow vnmi flexpriority ept vpid fsgsbase tsc_adjust bmi1 avx2 smep bmi2 erms invpcid xsaveopt
bugs		:
bogomips	: 3392.03
clflush size	: 64
cache_alignment	: 64
address sizes	: 39 bits physical, 48 bits virtual
power management:

processor	: 2
vendor_id	: GenuineIntel
cpu family	: 6
model		: 69
model name	: Intel(R) Core(TM) i3-4005U CPU @ 1.70GHz
stepping	: 1
microcode	: 0x1c
cpu MHz		: 1700.000
cache size	: 3072 KB
physical id	: 0
siblings	: 4
core id		: 1
cpu cores	: 2
apicid		: 2
initial apicid	: 2
fpu		: yes
fpu_exception	: yes
cpuid level	: 13
wp		: yes
flags		: fpu vme de pse tsc msr pae mce cx8 apic sep mtrr pge mca cmov pat pse36 clflush dts acpi mmx fxsr sse sse2 ss ht tm pbe syscall nx pdpe1gb rdtscp lm constant_tsc arch_perfmon pebs bts rep_good nopl xtopology nonstop_tsc aperfmperf eagerfpu pni pclmulqdq dtes64 monitor ds_cpl vmx est tm2 ssse3 fma cx16 xtpr pdcm pcid sse4_1 sse4_2 movbe popcnt tsc_deadline_timer aes xsave avx f16c rdrand lahf_lm abm ida arat epb pln pts dtherm tpr_shadow vnmi flexpriority ept vpid fsgsbase tsc_adjust bmi1 avx2 smep bmi2 erms invpcid xsaveopt
bugs		:
bogomips	: 3392.03
clflush size	: 64
cache_alignment	: 64
address sizes	: 39 bits physical, 48 bits virtual
power management:

processor	: 3
vendor_id	: GenuineIntel
cpu family	: 6
model		: 69
model name	: Intel(R) Core(TM) i3-4005U CPU @ 1.70GHz
stepping	: 1
microcode	: 0x1c
cpu MHz		: 1700.000
cache size	: 3072 KB
physical id	: 0
siblings	: 4
core id		: 1
cpu cores	: 2
apicid		: 3
initial apicid	: 3
fpu		: yes
fpu_exception	: yes
cpuid level	: 13
wp		: yes
flags		: fpu vme de pse tsc msr pae mce cx8 apic sep mtrr pge mca cmov pat pse36 clflush dts acpi mmx fxsr sse sse2 ss ht tm pbe syscall nx pdpe1gb rdtscp lm constant_tsc arch_perfmon pebs bts rep_good nopl xtopology nonstop_tsc aperfmperf eagerfpu pni pclmulqdq dtes64 monitor ds_cpl vmx est tm2 ssse3 fma cx16 xtpr pdcm pcid sse4_1 sse4_2 movbe popcnt tsc_deadline_timer aes xsave avx f16c rdrand lahf_lm abm ida arat epb pln pts dtherm tpr_shadow vnmi flexpriority ept vpid fsgsbase tsc_adjust bmi1 avx2 smep bmi2 erms invpcid xsaveopt
bugs		:
bogomips	: 3392.03
clflush size	: 64
cache_alignment	: 64
address sizes	: 39 bits physical, 48 bits virtual
power management:



Memory: 4k page, physical 8110256k(149132k free), swap 0k(0k free)

vm_info: Java HotSpot(TM) 64-Bit Server VM (25.111-b14) for linux-amd64 JRE (1.8.0_111-b14), built on Sep 22 2016 16:14:03 by "java_re" with gcc 4.3.0 20080428 (Red Hat 4.3.0-8)

time: Thu Dec 29 21:52:39 2016
elapsed time: 116 seconds (0d 0h 1m 56s)

