#
# There is insufficient memory for the Java Runtime Environment to continue.
# Native memory allocation (mmap) failed to map 124780544 bytes for committing reserved memory.
# Possible reasons:
#   The system is out of physical RAM or swap space
#   In 32 bit mode, the process size limit was hit
# Possible solutions:
#   Reduce memory load on the system
#   Increase physical memory or swap space
#   Check if swap backing store is full
#   Use 64 bit Java on a 64 bit OS
#   Decrease Java heap size (-Xmx/-Xms)
#   Decrease number of Java threads
#   Decrease Java thread stack sizes (-Xss)
#   Set larger code cache with -XX:ReservedCodeCacheSize=
# This output file may be truncated or incomplete.
#
#  Out of Memory Error (os_linux.cpp:2627), pid=13504, tid=0x00007f5fb15f5700
#
# JRE version: Java(TM) SE Runtime Environment (8.0_111-b14) (build 1.8.0_111-b14)
# Java VM: Java HotSpot(TM) 64-Bit Server VM (25.111-b14 mixed mode linux-amd64 compressed oops)
# Failed to write core dump. Core dumps have been disabled. To enable core dumping, try "ulimit -c unlimited" before starting Java again
#

---------------  T H R E A D  ---------------

Current thread (0x00007f5fc4078000):  VMThread [stack: 0x00007f5fb14f5000,0x00007f5fb15f6000] [id=13512]

Stack: [0x00007f5fb14f5000,0x00007f5fb15f6000],  sp=0x00007f5fb15f4120,  free space=1020k
Native frames: (J=compiled Java code, j=interpreted, Vv=VM code, C=native code)
V  [libjvm.so+0xac5c2a]  VMError::report_and_die()+0x2ba
V  [libjvm.so+0x4fc50b]  report_vm_out_of_memory(char const*, int, unsigned long, VMErrorType, char const*)+0x8b
V  [libjvm.so+0x922ae3]  os::Linux::commit_memory_impl(char*, unsigned long, bool)+0x103
V  [libjvm.so+0x923039]  os::pd_commit_memory(char*, unsigned long, unsigned long, bool)+0x29
V  [libjvm.so+0x91d33a]  os::commit_memory(char*, unsigned long, unsigned long, bool)+0x2a
V  [libjvm.so+0x991ac3]  PSVirtualSpace::expand_by(unsigned long)+0x53
V  [libjvm.so+0x992ec8]  PSYoungGen::resize_generation(unsigned long, unsigned long)+0xf8
V  [libjvm.so+0x992022]  PSYoungGen::resize(unsigned long, unsigned long)+0x22
V  [libjvm.so+0x98f2fb]  PSScavenge::invoke_no_policy()+0xf3b
V  [libjvm.so+0x98fa81]  PSScavenge::invoke()+0x41
V  [libjvm.so+0x9467d0]  ParallelScavengeHeap::failed_mem_allocate(unsigned long)+0x70
V  [libjvm.so+0xac7647]  VM_ParallelGCFailedAllocation::doit()+0x97
V  [libjvm.so+0xacf125]  VM_Operation::evaluate()+0x55
V  [libjvm.so+0xacd4fa]  VMThread::evaluate_operation(VM_Operation*)+0xba
V  [libjvm.so+0xacd87e]  VMThread::loop()+0x1ce
V  [libjvm.so+0xacdcf0]  VMThread::run()+0x70
V  [libjvm.so+0x924ea8]  java_start(Thread*)+0x108

VM_Operation (0x00007f5f7aa88280): ParallelGCFailedAllocation, mode: safepoint, requested by thread 0x00007f5f70007000


---------------  P R O C E S S  ---------------

Java Threads: ( => current thread )
  0x00007f5f5c70f800 JavaThread "pool-4-thread-4" [_thread_blocked, id=13564, stack(0x00007f5f539fc000,0x00007f5f53afd000)]
  0x00007f5f5c70d800 JavaThread "pool-4-thread-3" [_thread_blocked, id=13563, stack(0x00007f5f53afd000,0x00007f5f53bfe000)]
  0x00007f5f5cf6d000 JavaThread "pool-4-thread-2" [_thread_blocked, id=13562, stack(0x00007f5f53bfe000,0x00007f5f53cff000)]
  0x00007f5f5c70a800 JavaThread "pool-4-thread-1" [_thread_blocked, id=13561, stack(0x00007f5f53cff000,0x00007f5f53e00000)]
  0x00007f5f5c4e0000 JavaThread "File lock request listener" [_thread_in_native, id=13539, stack(0x00007f5f799d0000,0x00007f5f79ad1000)]
  0x00007f5f5cb2e000 JavaThread "process reaper" daemon [_thread_blocked, id=13537, stack(0x00007f5f79ed8000,0x00007f5f79f11000)]
  0x00007f5f5c010800 JavaThread "Asynchronous log dispatcher for org.gradle.launcher.daemon.server.DefaultDaemonConnection@56681144" [_thread_blocked, id=13534, stack(0x00007f5f7a88b000,0x00007f5f7a98c000)]
  0x00007f5f70007000 JavaThread "Daemon worker" [_thread_blocked, id=13531, stack(0x00007f5f7a98c000,0x00007f5f7aa8d000)]
  0x00007f5f7000a800 JavaThread "Cancel handler" [_thread_blocked, id=13530, stack(0x00007f5f7aa8d000,0x00007f5f7ab8e000)]
  0x00007f5f70003800 JavaThread "Handler for socket connection from /127.0.0.1:44913 to /127.0.0.1:52034" [_thread_in_native, id=13529, stack(0x00007f5f7ab8e000,0x00007f5f7ac8f000)]
  0x00007f5f6c014000 JavaThread "Daemon" [_thread_blocked, id=13528, stack(0x00007f5f7ac8f000,0x00007f5f7ad90000)]
  0x00007f5fc4b3f000 JavaThread "Incoming local TCP Connector on port 44913" [_thread_in_native, id=13527, stack(0x00007f5f7af97000,0x00007f5f7b098000)]
  0x00007f5fc4b33800 JavaThread "pool-1-thread-1" [_thread_blocked, id=13526, stack(0x00007f5f7b098000,0x00007f5f7b199000)]
  0x00007f5fc40c0800 JavaThread "Service Thread" daemon [_thread_blocked, id=13519, stack(0x00007f5fb070c000,0x00007f5fb080d000)]
  0x00007f5fc40bd800 JavaThread "C1 CompilerThread2" daemon [_thread_blocked, id=13518, stack(0x00007f5fb080d000,0x00007f5fb090e000)]
  0x00007f5fc40bb800 JavaThread "C2 CompilerThread1" daemon [_thread_blocked, id=13517, stack(0x00007f5fb090e000,0x00007f5fb0a0f000)]
  0x00007f5fc40b9000 JavaThread "C2 CompilerThread0" daemon [_thread_blocked, id=13516, stack(0x00007f5fb0a0f000,0x00007f5fb0b10000)]
  0x00007f5fc40b7800 JavaThread "Signal Dispatcher" daemon [_thread_blocked, id=13515, stack(0x00007f5fb0b10000,0x00007f5fb0c11000)]
  0x00007f5fc4084800 JavaThread "Finalizer" daemon [_thread_blocked, id=13514, stack(0x00007f5fb12f3000,0x00007f5fb13f4000)]
  0x00007f5fc407f800 JavaThread "Reference Handler" daemon [_thread_blocked, id=13513, stack(0x00007f5fb13f4000,0x00007f5fb14f5000)]
  0x00007f5fc400a000 JavaThread "main" [_thread_blocked, id=13505, stack(0x00007f5fccecf000,0x00007f5fccfd0000)]

Other Threads:
=>0x00007f5fc4078000 VMThread [stack: 0x00007f5fb14f5000,0x00007f5fb15f6000] [id=13512]
  0x00007f5fc40c3800 WatcherThread [stack: 0x00007f5fb060b000,0x00007f5fb070c000] [id=13520]

VM state:at safepoint (normal execution)

VM Mutex/Monitor currently owned by a thread:  ([mutex/lock_event])
[0x00007f5fc4006230] Threads_lock - owner thread: 0x00007f5fc4078000
[0x00007f5fc4006730] Heap_lock - owner thread: 0x00007f5f70007000

Heap:
 PSYoungGen      total 289280K, used 49664K [0x00000000e0000000, 0x00000000f5400000, 0x0000000100000000)
  eden space 239616K, 0% used [0x00000000e0000000,0x00000000e0000000,0x00000000eea00000)
  from space 49664K, 100% used [0x00000000eea00000,0x00000000f1a80000,0x00000000f1a80000)
  to   space 38912K, 0% used [0x00000000f1a80000,0x00000000f1a80000,0x00000000f4080000)
 ParOldGen       total 165888K, used 114880K [0x00000000a0000000, 0x00000000aa200000, 0x00000000e0000000)
  object space 165888K, 69% used [0x00000000a0000000,0x00000000a7030308,0x00000000aa200000)
 Metaspace       used 61966K, capacity 63394K, committed 63576K, reserved 1103872K
  class space    used 8129K, capacity 8473K, committed 8536K, reserved 1048576K

Card table byte_map: [0x00007f5fc997f000,0x00007f5fc9c80000] byte_map_base: 0x00007f5fc947f000

Marking Bits: (ParMarkBitMap*) 0x00007f5fcc3a3220
 Begin Bits: [0x00007f5fb2000000, 0x00007f5fb3800000)
 End Bits:   [0x00007f5fb3800000, 0x00007f5fb5000000)

Polling page: 0x00007f5fccff2000

CodeCache: size=245760Kb used=32344Kb max_used=32353Kb free=213415Kb
 bounds [0x00007f5fb5000000, 0x00007f5fb6fd0000, 0x00007f5fc4000000]
 total_blobs=10275 nmethods=9512 adapters=674
 compilation: enabled

Compilation events (10 events):
Event: 97.997 Thread 0x00007f5fc40bb800 nmethod 11497 0x00007f5fb6fad150 code [0x00007f5fb6fad300, 0x00007f5fb6fad688]
Event: 97.997 Thread 0x00007f5fc40bb800 11514       4       proguard.classfile.attribute.ConstantValueAttribute::accept (10 bytes)
Event: 97.998 Thread 0x00007f5fc40bb800 nmethod 11514 0x00007f5fb6faccd0 code [0x00007f5fb6face40, 0x00007f5fb6facf28]
Event: 97.998 Thread 0x00007f5fc40bb800 11468       4       proguard.classfile.util.DescriptorClassEnumeration::nextFluff (305 bytes)
Event: 98.019 Thread 0x00007f5fc40bd800 11518       3       proguard.classfile.util.ClassReferenceInitializer::visitLocalVariableTypeTableAttribute (10 bytes)
Event: 98.019 Thread 0x00007f5fc40bd800 nmethod 11518 0x00007f5fb6fb1390 code [0x00007f5fb6fb1500, 0x00007f5fb6fb16a8]
Event: 98.024 Thread 0x00007f5fc40bd800 11520       3       proguard.classfile.util.ClassReferenceInitializer::visitSignatureAttribute (20 bytes)
Event: 98.025 Thread 0x00007f5fc40bd800 nmethod 11520 0x00007f5fb6fb0c90 code [0x00007f5fb6fb0e20, 0x00007f5fb6fb11e8]
Event: 98.057 Thread 0x00007f5fc40bd800 11522       3       proguard.classfile.attribute.SignatureAttribute::accept (10 bytes)
Event: 98.058 Thread 0x00007f5fc40bd800 nmethod 11522 0x00007f5fb6fb0810 code [0x00007f5fb6fb0980, 0x00007f5fb6fb0ba8]

GC Heap History (10 events):
Event: 49.270 GC heap after
Heap after GC invocations=17 (full 2):
 PSYoungGen      total 160256K, used 20477K [0x00000000e0000000, 0x00000000efe80000, 0x0000000100000000)
  eden space 139776K, 0% used [0x00000000e0000000,0x00000000e0000000,0x00000000e8880000)
  from space 20480K, 99% used [0x00000000e8880000,0x00000000e9c7f780,0x00000000e9c80000)
  to   space 29696K, 0% used [0x00000000ee180000,0x00000000ee180000,0x00000000efe80000)
 ParOldGen       total 101376K, used 44077K [0x00000000a0000000, 0x00000000a6300000, 0x00000000e0000000)
  object space 101376K, 43% used [0x00000000a0000000,0x00000000a2b0b7d8,0x00000000a6300000)
 Metaspace       used 53483K, capacity 54878K, committed 55168K, reserved 1097728K
  class space    used 7136K, capacity 7459K, committed 7552K, reserved 1048576K
}
Event: 77.169 GC heap before
{Heap before GC invocations=18 (full 2):
 PSYoungGen      total 160256K, used 160253K [0x00000000e0000000, 0x00000000efe80000, 0x0000000100000000)
  eden space 139776K, 100% used [0x00000000e0000000,0x00000000e8880000,0x00000000e8880000)
  from space 20480K, 99% used [0x00000000e8880000,0x00000000e9c7f780,0x00000000e9c80000)
  to   space 29696K, 0% used [0x00000000ee180000,0x00000000ee180000,0x00000000efe80000)
 ParOldGen       total 101376K, used 44077K [0x00000000a0000000, 0x00000000a6300000, 0x00000000e0000000)
  object space 101376K, 43% used [0x00000000a0000000,0x00000000a2b0b7d8,0x00000000a6300000)
 Metaspace       used 55078K, capacity 56554K, committed 56704K, reserved 1097728K
  class space    used 7340K, capacity 7693K, committed 7808K, reserved 1048576K
Event: 77.328 GC heap after
Heap after GC invocations=18 (full 2):
 PSYoungGen      total 224256K, used 29664K [0x00000000e0000000, 0x00000000f0780000, 0x0000000100000000)
  eden space 194560K, 0% used [0x00000000e0000000,0x00000000e0000000,0x00000000ebe00000)
  from space 29696K, 99% used [0x00000000ee180000,0x00000000efe783a0,0x00000000efe80000)
  to   space 36352K, 0% used [0x00000000ebe00000,0x00000000ebe00000,0x00000000ee180000)
 ParOldGen       total 101376K, used 49753K [0x00000000a0000000, 0x00000000a6300000, 0x00000000e0000000)
  object space 101376K, 49% used [0x00000000a0000000,0x00000000a3096500,0x00000000a6300000)
 Metaspace       used 55078K, capacity 56554K, committed 56704K, reserved 1097728K
  class space    used 7340K, capacity 7693K, committed 7808K, reserved 1048576K
}
Event: 78.748 GC heap before
{Heap before GC invocations=19 (full 2):
 PSYoungGen      total 224256K, used 50753K [0x00000000e0000000, 0x00000000f0780000, 0x0000000100000000)
  eden space 194560K, 10% used [0x00000000e0000000,0x00000000e1498408,0x00000000ebe00000)
  from space 29696K, 99% used [0x00000000ee180000,0x00000000efe783a0,0x00000000efe80000)
  to   space 36352K, 0% used [0x00000000ebe00000,0x00000000ebe00000,0x00000000ee180000)
 ParOldGen       total 101376K, used 49753K [0x00000000a0000000, 0x00000000a6300000, 0x00000000e0000000)
  object space 101376K, 49% used [0x00000000a0000000,0x00000000a3096500,0x00000000a6300000)
 Metaspace       used 57604K, capacity 59010K, committed 59096K, reserved 1099776K
  class space    used 7713K, capacity 8085K, committed 8152K, reserved 1048576K
Event: 78.826 GC heap after
Heap after GC invocations=19 (full 2):
 PSYoungGen      total 230912K, used 27152K [0x00000000e0000000, 0x00000000f4080000, 0x0000000100000000)
  eden space 194560K, 0% used [0x00000000e0000000,0x00000000e0000000,0x00000000ebe00000)
  from space 36352K, 74% used [0x00000000ebe00000,0x00000000ed884020,0x00000000ee180000)
  to   space 38912K, 0% used [0x00000000f1a80000,0x00000000f1a80000,0x00000000f4080000)
 ParOldGen       total 101376K, used 58095K [0x00000000a0000000, 0x00000000a6300000, 0x00000000e0000000)
  object space 101376K, 57% used [0x00000000a0000000,0x00000000a38bbcd0,0x00000000a6300000)
 Metaspace       used 57604K, capacity 59010K, committed 59096K, reserved 1099776K
  class space    used 7713K, capacity 8085K, committed 8152K, reserved 1048576K
}
Event: 78.826 GC heap before
{Heap before GC invocations=20 (full 3):
 PSYoungGen      total 230912K, used 27152K [0x00000000e0000000, 0x00000000f4080000, 0x0000000100000000)
  eden space 194560K, 0% used [0x00000000e0000000,0x00000000e0000000,0x00000000ebe00000)
  from space 36352K, 74% used [0x00000000ebe00000,0x00000000ed884020,0x00000000ee180000)
  to   space 38912K, 0% used [0x00000000f1a80000,0x00000000f1a80000,0x00000000f4080000)
 ParOldGen       total 101376K, used 58095K [0x00000000a0000000, 0x00000000a6300000, 0x00000000e0000000)
  object space 101376K, 57% used [0x00000000a0000000,0x00000000a38bbcd0,0x00000000a6300000)
 Metaspace       used 57604K, capacity 59010K, committed 59096K, reserved 1099776K
  class space    used 7713K, capacity 8085K, committed 8152K, reserved 1048576K
Event: 79.419 GC heap after
Heap after GC invocations=20 (full 3):
 PSYoungGen      total 230912K, used 0K [0x00000000e0000000, 0x00000000f4080000, 0x0000000100000000)
  eden space 194560K, 0% used [0x00000000e0000000,0x00000000e0000000,0x00000000ebe00000)
  from space 36352K, 0% used [0x00000000ebe00000,0x00000000ebe00000,0x00000000ee180000)
  to   space 38912K, 0% used [0x00000000f1a80000,0x00000000f1a80000,0x00000000f4080000)
 ParOldGen       total 165888K, used 59198K [0x00000000a0000000, 0x00000000aa200000, 0x00000000e0000000)
  object space 165888K, 35% used [0x00000000a0000000,0x00000000a39cf930,0x00000000aa200000)
 Metaspace       used 57591K, capacity 58974K, committed 59096K, reserved 1099776K
  class space    used 7709K, capacity 8077K, committed 8152K, reserved 1048576K
}
Event: 96.516 GC heap before
{Heap before GC invocations=21 (full 3):
 PSYoungGen      total 230912K, used 194560K [0x00000000e0000000, 0x00000000f4080000, 0x0000000100000000)
  eden space 194560K, 100% used [0x00000000e0000000,0x00000000ebe00000,0x00000000ebe00000)
  from space 36352K, 0% used [0x00000000ebe00000,0x00000000ebe00000,0x00000000ee180000)
  to   space 38912K, 0% used [0x00000000f1a80000,0x00000000f1a80000,0x00000000f4080000)
 ParOldGen       total 165888K, used 59198K [0x00000000a0000000, 0x00000000aa200000, 0x00000000e0000000)
  object space 165888K, 35% used [0x00000000a0000000,0x00000000a39cf930,0x00000000aa200000)
 Metaspace       used 61737K, capacity 63170K, committed 63320K, reserved 1103872K
  class space    used 8099K, capacity 8441K, committed 8536K, reserved 1048576K
Event: 96.687 GC heap after
Heap after GC invocations=21 (full 3):
 PSYoungGen      total 278528K, used 38883K [0x00000000e0000000, 0x00000000f5400000, 0x0000000100000000)
  eden space 239616K, 0% used [0x00000000e0000000,0x00000000e0000000,0x00000000eea00000)
  from space 38912K, 99% used [0x00000000f1a80000,0x00000000f4078d30,0x00000000f4080000)
  to   space 49664K, 0% used [0x00000000eea00000,0x00000000eea00000,0x00000000f1a80000)
 ParOldGen       total 165888K, used 71442K [0x00000000a0000000, 0x00000000aa200000, 0x00000000e0000000)
  object space 165888K, 43% used [0x00000000a0000000,0x00000000a45c48f8,0x00000000aa200000)
 Metaspace       used 61737K, capacity 63170K, committed 63320K, reserved 1103872K
  class space    used 8099K, capacity 8441K, committed 8536K, reserved 1048576K
}
Event: 98.058 GC heap before
{Heap before GC invocations=22 (full 3):
 PSYoungGen      total 278528K, used 278499K [0x00000000e0000000, 0x00000000f5400000, 0x0000000100000000)
  eden space 239616K, 100% used [0x00000000e0000000,0x00000000eea00000,0x00000000eea00000)
  from space 38912K, 99% used [0x00000000f1a80000,0x00000000f4078d30,0x00000000f4080000)
  to   space 49664K, 0% used [0x00000000eea00000,0x00000000eea00000,0x00000000f1a80000)
 ParOldGen       total 165888K, used 71442K [0x00000000a0000000, 0x00000000aa200000, 0x00000000e0000000)
  object space 165888K, 43% used [0x00000000a0000000,0x00000000a45c48f8,0x00000000aa200000)
 Metaspace       used 61966K, capacity 63394K, committed 63576K, reserved 1103872K
  class space    used 8129K, capacity 8473K, committed 8536K, reserved 1048576K

Deoptimization events (10 events):
Event: 97.733 Thread 0x00007f5f70007000 Uncommon trap: reason=bimorphic action=maybe_recompile pc=0x00007f5fb69b6398 method=proguard.classfile.util.SimplifiedVisitor.visitSignatureAttribute(Lproguard/classfile/Clazz;Lproguard/classfile/Member;Lproguard/classfile/attribute/SignatureAttribute;)V 
Event: 97.734 Thread 0x00007f5f70007000 Uncommon trap: reason=bimorphic action=maybe_recompile pc=0x00007f5fb69b67a0 method=proguard.classfile.attribute.SignatureAttribute.accept(Lproguard/classfile/Clazz;Lproguard/classfile/Method;Lproguard/classfile/attribute/visitor/AttributeVisitor;)V @ 4
Event: 97.734 Thread 0x00007f5f70007000 Uncommon trap: reason=bimorphic action=maybe_recompile pc=0x00007f5fb69b6398 method=proguard.classfile.util.SimplifiedVisitor.visitSignatureAttribute(Lproguard/classfile/Clazz;Lproguard/classfile/Member;Lproguard/classfile/attribute/SignatureAttribute;)V 
Event: 97.735 Thread 0x00007f5f70007000 Uncommon trap: reason=bimorphic action=maybe_recompile pc=0x00007f5fb69b67a0 method=proguard.classfile.attribute.SignatureAttribute.accept(Lproguard/classfile/Clazz;Lproguard/classfile/Method;Lproguard/classfile/attribute/visitor/AttributeVisitor;)V @ 4
Event: 97.735 Thread 0x00007f5f70007000 Uncommon trap: reason=bimorphic action=maybe_recompile pc=0x00007f5fb69b6398 method=proguard.classfile.util.SimplifiedVisitor.visitSignatureAttribute(Lproguard/classfile/Clazz;Lproguard/classfile/Member;Lproguard/classfile/attribute/SignatureAttribute;)V 
Event: 97.737 Thread 0x00007f5f70007000 Uncommon trap: reason=class_check action=maybe_recompile pc=0x00007f5fb62c17fc method=proguard.classfile.util.SimplifiedVisitor.visitExceptionsAttribute(Lproguard/classfile/Clazz;Lproguard/classfile/Method;Lproguard/classfile/attribute/ExceptionsAttribute
Event: 97.737 Thread 0x00007f5f70007000 Uncommon trap: reason=class_check action=maybe_recompile pc=0x00007f5fb62c17fc method=proguard.classfile.util.SimplifiedVisitor.visitExceptionsAttribute(Lproguard/classfile/Clazz;Lproguard/classfile/Method;Lproguard/classfile/attribute/ExceptionsAttribute
Event: 97.738 Thread 0x00007f5f70007000 Uncommon trap: reason=bimorphic action=maybe_recompile pc=0x00007f5fb69b67a0 method=proguard.classfile.attribute.SignatureAttribute.accept(Lproguard/classfile/Clazz;Lproguard/classfile/Method;Lproguard/classfile/attribute/visitor/AttributeVisitor;)V @ 4
Event: 97.738 Thread 0x00007f5f70007000 Uncommon trap: reason=bimorphic action=maybe_recompile pc=0x00007f5fb69b6398 method=proguard.classfile.util.SimplifiedVisitor.visitSignatureAttribute(Lproguard/classfile/Clazz;Lproguard/classfile/Member;Lproguard/classfile/attribute/SignatureAttribute;)V 
Event: 97.793 Thread 0x00007f5f70007000 Uncommon trap: reason=unstable_if action=reinterpret pc=0x00007f5fb6f87c14 method=proguard.classfile.util.DescriptorClassEnumeration.nextClassName()Ljava/lang/String; @ 86

Internal exceptions (10 events):
Event: 39.537 Thread 0x00007f5f70007000 Exception <a 'java/lang/ClassNotFoundException': org/gradle/platform/base/BinaryContainer_ImplCustomizer> (0x00000000e4979018) thrown at [/HUDSON3/workspace/8-2-build-linux-amd64/jdk8u111/7883/hotspot/src/share/vm/classfile/systemDictionary.cpp, line 210]
Event: 40.706 Thread 0x00007f5f70007000 Exception <a 'java/lang/NoSuchMethodError': <clinit>> (0x00000000e4fe7cb8) thrown at [/HUDSON3/workspace/8-2-build-linux-amd64/jdk8u111/7883/hotspot/src/share/vm/prims/jni.cpp, line 1613]
Event: 40.708 Thread 0x00007f5f70007000 Exception <a 'java/lang/NoSuchMethodError': <clinit>> (0x00000000e4ff4ca0) thrown at [/HUDSON3/workspace/8-2-build-linux-amd64/jdk8u111/7883/hotspot/src/share/vm/prims/jni.cpp, line 1613]
Event: 40.815 Thread 0x00007f5f70007000 Exception <a 'java/lang/NoSuchMethodError': <clinit>> (0x00000000e51c93e8) thrown at [/HUDSON3/workspace/8-2-build-linux-amd64/jdk8u111/7883/hotspot/src/share/vm/prims/jni.cpp, line 1613]
Event: 40.818 Thread 0x00007f5f70007000 Exception <a 'java/lang/NoSuchMethodError': <clinit>> (0x00000000e51e1c38) thrown at [/HUDSON3/workspace/8-2-build-linux-amd64/jdk8u111/7883/hotspot/src/share/vm/prims/jni.cpp, line 1613]
Event: 40.818 Thread 0x00007f5f70007000 Exception <a 'java/lang/NoSuchMethodError': <clinit>> (0x00000000e51e3150) thrown at [/HUDSON3/workspace/8-2-build-linux-amd64/jdk8u111/7883/hotspot/src/share/vm/prims/jni.cpp, line 1613]
Event: 54.762 Thread 0x00007f5f70007000 Implicit null exception at 0x00007f5fb686f92e to 0x00007f5fb686fd4d
Event: 54.769 Thread 0x00007f5f70007000 Implicit null exception at 0x00007f5fb68762a0 to 0x00007f5fb68766b9
Event: 83.904 Thread 0x00007f5f70007000 Implicit null exception at 0x00007f5fb5a17e0c to 0x00007f5fb5a17f95
Event: 95.615 Thread 0x00007f5f70007000 Exception <a 'java/lang/NoSuchMethodError': <clinit>> (0x00000000e729b800) thrown at [/HUDSON3/workspace/8-2-build-linux-amd64/jdk8u111/7883/hotspot/src/share/vm/prims/jni.cpp, line 1613]

Events (10 events):
Event: 97.738 Thread 0x00007f5f70007000 DEOPT UNPACKING pc=0x00007f5fb5005229 sp=0x00007f5f7aa88550 mode 2
Event: 97.738 Thread 0x00007f5f70007000 Uncommon trap: trap_request=0xffffffc6 fr.pc=0x00007f5fb69b6398
Event: 97.738 Thread 0x00007f5f70007000 DEOPT PACKING pc=0x00007f5fb69b6398 sp=0x00007f5f7aa88520
Event: 97.738 Thread 0x00007f5f70007000 DEOPT UNPACKING pc=0x00007f5fb5005229 sp=0x00007f5f7aa88468 mode 2
Event: 97.793 Thread 0x00007f5f70007000 Uncommon trap: trap_request=0xffffff65 fr.pc=0x00007f5fb6f87c14
Event: 97.793 Thread 0x00007f5f70007000 DEOPT PACKING pc=0x00007f5fb6f87c14 sp=0x00007f5f7aa88160
Event: 97.793 Thread 0x00007f5f70007000 DEOPT UNPACKING pc=0x00007f5fb5005229 sp=0x00007f5f7aa88138 mode 2
Event: 97.894 Thread 0x00007f5f70007000 DEOPT PACKING pc=0x00007f5fb69bd820 sp=0x00007f5f7aa88660
Event: 97.894 Thread 0x00007f5f70007000 DEOPT UNPACKING pc=0x00007f5fb5047633 sp=0x00007f5f7aa883c8 mode 0
Event: 98.058 Executing VM operation: ParallelGCFailedAllocation


Dynamic libraries:
00400000-00401000 r-xp 00000000 08:02 182546                             /usr/lib/jvm/java-8-oracle/bin/java
00600000-00601000 rw-p 00000000 08:02 182546                             /usr/lib/jvm/java-8-oracle/bin/java
01f58000-01f79000 rw-p 00000000 00:00 0                                  [heap]
a0000000-aa200000 rw-p 00000000 00:00 0 
aa200000-e0000000 ---p 00000000 00:00 0 
e0000000-f5400000 rw-p 00000000 00:00 0 
fcb00000-100000000 ---p 00000000 00:00 0 
100000000-100856000 rw-p 00000000 00:00 0 
100856000-140000000 ---p 00000000 00:00 0 
7f5f30000000-7f5f30021000 rw-p 00000000 00:00 0 
7f5f30021000-7f5f34000000 ---p 00000000 00:00 0 
7f5f34000000-7f5f34021000 rw-p 00000000 00:00 0 
7f5f34021000-7f5f38000000 ---p 00000000 00:00 0 
7f5f38000000-7f5f38021000 rw-p 00000000 00:00 0 
7f5f38021000-7f5f3c000000 ---p 00000000 00:00 0 
7f5f3c000000-7f5f3c021000 rw-p 00000000 00:00 0 
7f5f3c021000-7f5f40000000 ---p 00000000 00:00 0 
7f5f40000000-7f5f40021000 rw-p 00000000 00:00 0 
7f5f40021000-7f5f44000000 ---p 00000000 00:00 0 
7f5f44000000-7f5f44021000 rw-p 00000000 00:00 0 
7f5f44021000-7f5f48000000 ---p 00000000 00:00 0 
7f5f48000000-7f5f48021000 rw-p 00000000 00:00 0 
7f5f48021000-7f5f4c000000 ---p 00000000 00:00 0 
7f5f4c000000-7f5f4c021000 rw-p 00000000 00:00 0 
7f5f4c021000-7f5f50000000 ---p 00000000 00:00 0 
7f5f52cd4000-7f5f52e94000 rw-p 00000000 00:00 0 
7f5f52e94000-7f5f52ed4000 ---p 00000000 00:00 0 
7f5f52ff6000-7f5f531f6000 rw-p 00000000 00:00 0 
7f5f531f6000-7f5f533f6000 rw-p 00000000 00:00 0 
7f5f533f6000-7f5f533f9000 ---p 00000000 00:00 0 
7f5f533f9000-7f5f534f7000 rw-p 00000000 00:00 0 
7f5f534f7000-7f5f534fa000 ---p 00000000 00:00 0 
7f5f534fa000-7f5f535f8000 rw-p 00000000 00:00 0 
7f5f535f8000-7f5f535fb000 ---p 00000000 00:00 0 
7f5f535fb000-7f5f536f9000 rw-p 00000000 00:00 0 
7f5f536f9000-7f5f536fc000 ---p 00000000 00:00 0 
7f5f536fc000-7f5f537fa000 rw-p 00000000 00:00 0 
7f5f537fa000-7f5f537fd000 ---p 00000000 00:00 0 
7f5f537fd000-7f5f538fb000 rw-p 00000000 00:00 0 
7f5f538fb000-7f5f538fe000 ---p 00000000 00:00 0 
7f5f538fe000-7f5f539fc000 rw-p 00000000 00:00 0 
7f5f539fc000-7f5f539ff000 ---p 00000000 00:00 0 
7f5f539ff000-7f5f53afd000 rw-p 00000000 00:00 0 
7f5f53afd000-7f5f53b00000 ---p 00000000 00:00 0 
7f5f53b00000-7f5f53bfe000 rw-p 00000000 00:00 0 
7f5f53bfe000-7f5f53c01000 ---p 00000000 00:00 0 
7f5f53c01000-7f5f53cff000 rw-p 00000000 00:00 0 
7f5f53cff000-7f5f53d02000 ---p 00000000 00:00 0 
7f5f53d02000-7f5f54000000 rw-p 00000000 00:00 0 
7f5f54000000-7f5f54021000 rw-p 00000000 00:00 0 
7f5f54021000-7f5f58000000 ---p 00000000 00:00 0 
7f5f58000000-7f5f58021000 rw-p 00000000 00:00 0 
7f5f58021000-7f5f5c000000 ---p 00000000 00:00 0 
7f5f5c000000-7f5f5d3be000 rw-p 00000000 00:00 0 
7f5f5d3be000-7f5f60000000 ---p 00000000 00:00 0 
7f5f60000000-7f5f60021000 rw-p 00000000 00:00 0 
7f5f60021000-7f5f64000000 ---p 00000000 00:00 0 
7f5f64000000-7f5f64021000 rw-p 00000000 00:00 0 
7f5f64021000-7f5f68000000 ---p 00000000 00:00 0 
7f5f68000000-7f5f68021000 rw-p 00000000 00:00 0 
7f5f68021000-7f5f6c000000 ---p 00000000 00:00 0 
7f5f6c000000-7f5f6c072000 rw-p 00000000 00:00 0 
7f5f6c072000-7f5f70000000 ---p 00000000 00:00 0 
7f5f70000000-7f5f70021000 rw-p 00000000 00:00 0 
7f5f70021000-7f5f74000000 ---p 00000000 00:00 0 
7f5f74000000-7f5f74021000 rw-p 00000000 00:00 0 
7f5f74021000-7f5f78000000 ---p 00000000 00:00 0 
7f5f7802a000-7f5f7822b000 rw-p 00000000 00:00 0 
7f5f7822b000-7f5f7842b000 rw-p 00000000 00:00 0 
7f5f7842b000-7f5f7862b000 rw-p 00000000 00:00 0 
7f5f7862b000-7f5f7882b000 rw-p 00000000 00:00 0 
7f5f7882b000-7f5f78a2b000 rw-p 00000000 00:00 0 
7f5f78a2b000-7f5f78a3e000 r--s 00345000 08:02 182681                     /usr/lib/jvm/java-8-oracle/jre/lib/resources.jar
7f5f78a3e000-7f5f78c3e000 rw-p 00000000 00:00 0 
7f5f78c3e000-7f5f78e3e000 rw-p 00000000 00:00 0 
7f5f78e3e000-7f5f7903e000 rw-p 00000000 00:00 0 
7f5f7903e000-7f5f7923e000 rw-p 00000000 00:00 0 
7f5f7923e000-7f5f7943e000 rw-p 00000000 00:00 0 
7f5f7943e000-7f5f7963e000 rw-p 00000000 00:00 0 
7f5f7963e000-7f5f79669000 r--s 001fc000 08:02 3802331                    /home/ankit/Downloads/android-studio/gradle/m2repository/com/google/guava/guava/18.0/guava-18.0.jar
7f5f79669000-7f5f7966a000 r--s 00001000 08:02 3877617                    /home/ankit/Downloads/android-studio/gradle/m2repository/com/android/tools/annotations/25.2.0/annotations-25.2.0.jar
7f5f7966a000-7f5f7967c000 r--s 000b3000 08:02 3989804                    /home/ankit/Downloads/android-studio/gradle/m2repository/com/android/tools/external/com-intellij/uast/145.597.3/uast-145.597.3.jar
7f5f7967c000-7f5f79684000 r--s 000a8000 08:02 3753715                    /home/ankit/Downloads/android-studio/gradle/m2repository/com/android/tools/external/lombok/lombok-ast/0.2.3/lombok-ast-0.2.3.jar
7f5f79684000-7f5f79686000 r--s 0000d000 08:02 3760231                    /home/ankit/Downloads/android-studio/gradle/m2repository/commons-codec/commons-codec/1.4/commons-codec-1.4.jar
7f5f79686000-7f5f79688000 r--s 0000d000 08:02 3540543                    /home/ankit/Downloads/android-studio/gradle/m2repository/commons-logging/commons-logging/1.1.1/commons-logging-1.1.1.jar
7f5f79688000-7f5f7968d000 r--s 00028000 08:02 3753367                    /home/ankit/Downloads/android-studio/gradle/m2repository/org/apache/httpcomponents/httpcore/4.1/httpcore-4.1.jar
7f5f7968d000-7f5f79691000 r--s 0002f000 08:02 3845228                    /home/ankit/Downloads/android-studio/gradle/m2repository/com/google/jimfs/jimfs/1.1/jimfs-1.1.jar
7f5f79691000-7f5f79692000 r--s 00004000 08:02 3753443                    /home/ankit/Downloads/android-studio/gradle/m2repository/com/intellij/annotations/12.0/annotations-12.0.jar
7f5f79692000-7f5f79693000 r--s 00004000 08:02 3713300                    /home/ankit/Downloads/android-studio/gradle/m2repository/org/ow2/asm/asm-analysis/5.0.4/asm-analysis-5.0.4.jar
7f5f79693000-7f5f79697000 r--s 0003b000 08:02 4017281                    /home/ankit/Downloads/android-studio/gradle/m2repository/com/android/tools/lint/lint-api/25.2.0/lint-api-25.2.0.jar
7f5f79697000-7f5f79698000 r--s 0000a000 08:02 3760193                    /home/ankit/Downloads/android-studio/gradle/m2repository/net/sf/kxml/kxml2/2.3.0/kxml2-2.3.0.jar
7f5f79698000-7f5f7969a000 r--s 00005000 08:02 3753358                    /home/ankit/Downloads/android-studio/gradle/m2repository/org/apache/httpcomponents/httpmime/4.1/httpmime-4.1.jar
7f5f7969a000-7f5f796a2000 r--s 0004e000 08:02 3753378                    /home/ankit/Downloads/android-studio/gradle/m2repository/org/apache/httpcomponents/httpclient/4.1.1/httpclient-4.1.1.jar
7f5f796a2000-7f5f796a9000 r--s 00053000 08:02 3753390                    /home/ankit/Downloads/android-studio/gradle/m2repository/org/apache/commons/commons-compress/1.8.1/commons-compress-1.8.1.jar
7f5f796a9000-7f5f796ae000 r--s 0002a000 08:02 3753476                    /home/ankit/Downloads/android-studio/gradle/m2repository/com/google/code/gson/gson/2.2.4/gson-2.2.4.jar
7f5f796ae000-7f5f796b3000 r--s 0002d000 08:02 4000509                    /home/ankit/Downloads/android-studio/gradle/m2repository/com/android/tools/repository/25.2.0/repository-25.2.0.jar
7f5f796b3000-7f5f796b4000 r--s 00005000 08:02 3941528                    /home/ankit/Downloads/android-studio/gradle/m2repository/com/android/tools/dvlib/25.2.0/dvlib-25.2.0.jar
7f5f796b4000-7f5f796b7000 r--s 00014000 08:02 3835823                    /home/ankit/Downloads/android-studio/gradle/m2repository/com/android/tools/layoutlib/layoutlib-api/25.2.0/layoutlib-api-25.2.0.jar
7f5f796b7000-7f5f796bc000 r--s 00058000 08:02 3631976                    /home/ankit/Downloads/android-studio/gradle/m2repository/org/ow2/asm/asm-debug-all/5.0.1/asm-debug-all-5.0.1.jar
7f5f796bc000-7f5f796cc000 r--s 000d6000 08:02 3760205                    /home/ankit/Downloads/android-studio/gradle/m2repository/net/sf/proguard/proguard-base/5.2.1/proguard-base-5.2.1.jar
7f5f796cc000-7f5f796cf000 r--s 00033000 08:02 3753450                    /home/ankit/Downloads/android-studio/gradle/m2repository/com/googlecode/juniversalchardet/juniversalchardet/1.0.3/juniversalchardet-1.0.3.jar
7f5f796cf000-7f5f796d3000 r--s 0002a000 08:02 3506651                    /home/ankit/Downloads/android-studio/gradle/m2repository/commons-io/commons-io/2.4/commons-io-2.4.jar
7f5f796d3000-7f5f796ea000 r--s 00154000 08:02 3787896                    /home/ankit/Downloads/android-studio/gradle/m2repository/org/antlr/antlr4/4.5.3/antlr4-4.5.3.jar
7f5f796ea000-7f5f796eb000 r--s 00002000 08:02 3845251                    /home/ankit/Downloads/android-studio/gradle/m2repository/com/android/databinding/baseLibrary/2.2.0/baseLibrary-2.2.0.jar
7f5f796eb000-7f5f796fe000 r--s 00236000 08:02 3779712                    /home/ankit/Downloads/android-studio/gradle/m2repository/org/eclipse/jdt/core/compiler/ecj/4.5.1/ecj-4.5.1.jar
7f5f796fe000-7f5f79705000 r--s 000c3000 08:02 3927174                    /home/ankit/Downloads/android-studio/gradle/m2repository/com/android/tools/lint/lint-checks/25.2.0/lint-checks-25.2.0.jar
7f5f79705000-7f5f79707000 r--s 00006000 08:02 3754422                    /home/ankit/Downloads/android-studio/gradle/m2repository/org/ow2/asm/asm-tree/5.0.4/asm-tree-5.0.4.jar
7f5f79707000-7f5f7973a000 r--s 00203000 08:02 3753331                    /home/ankit/Downloads/android-studio/gradle/m2repository/org/bouncycastle/bcprov-jdk15on/1.48/bcprov-jdk15on-1.48.jar
7f5f7973a000-7f5f79748000 r--s 00081000 08:02 3753336                    /home/ankit/Downloads/android-studio/gradle/m2repository/org/bouncycastle/bcpkix-jdk15on/1.48/bcpkix-jdk15on-1.48.jar
7f5f79748000-7f5f7974a000 r--s 00002000 08:02 3753458                    /home/ankit/Downloads/android-studio/gradle/m2repository/com/squareup/javawriter/2.5.0/javawriter-2.5.0.jar
7f5f7974a000-7f5f7974b000 r--s 00002000 08:02 4009078                    /home/ankit/Downloads/android-studio/gradle/m2repository/com/android/tools/analytics-library/tracker/25.2.0/tracker-25.2.0.jar
7f5f7974b000-7f5f7974d000 r--s 00003000 08:02 4009086                    /home/ankit/Downloads/android-studio/gradle/m2repository/com/android/tools/analytics-library/shared/25.2.0/shared-25.2.0.jar
7f5f7974d000-7f5f7975a000 r--s 000ed000 08:02 4009082                    /home/ankit/Downloads/android-studio/gradle/m2repository/com/android/tools/analytics-library/protos/25.2.0/protos-25.2.0.jar
7f5f7975a000-7f5f7975b000 r--s 00001000 08:02 3753578                    /home/ankit/Downloads/android-studio/gradle/m2repository/com/android/tools/jill/jill-api/0.10.0/jill-api-0.10.0.jar
7f5f7975b000-7f5f7975d000 r--s 00003000 08:02 4024806                    /home/ankit/Downloads/android-studio/gradle/m2repository/com/android/tools/jack/jack-api/0.11.0/jack-api-0.11.0.jar
7f5f7975d000-7f5f79762000 r--s 0004a000 08:02 3918754                    /home/ankit/Downloads/android-studio/gradle/m2repository/com/android/tools/ddms/ddmlib/25.2.0/ddmlib-25.2.0.jar
7f5f79762000-7f5f79765000 r--s 00021000 08:02 3910779                    /home/ankit/Downloads/android-studio/gradle/m2repository/com/android/tools/build/manifest-merger/25.2.0/manifest-merger-25.2.0.jar
7f5f79765000-7f5f79767000 r--s 0001c000 08:02 4031682                    /home/ankit/Downloads/android-studio/gradle/m2repository/com/android/tools/common/25.2.0/common-25.2.0.jar
7f5f79767000-7f5f79770000 r--s 00083000 08:02 3885105                    /home/ankit/Downloads/android-studio/gradle/m2repository/com/android/tools/sdk-common/25.2.0/sdk-common-25.2.0.jar
7f5f79770000-7f5f7977b000 r--s 0008e000 08:02 4024802                    /home/ankit/Downloads/android-studio/gradle/m2repository/com/android/tools/sdklib/25.2.0/sdklib-25.2.0.jar
7f5f7977b000-7f5f7977c000 r--s 00002000 08:02 3894391                    /home/ankit/Downloads/android-studio/gradle/m2repository/com/android/tools/build/builder-test-api/2.2.0/builder-test-api-2.2.0.jar
7f5f7977c000-7f5f7977f000 r--s 00005000 08:02 3754438                    /home/ankit/Downloads/android-studio/gradle/m2repository/com/android/tools/build/builder-model/2.2.0/builder-model-2.2.0.jar
7f5f7977f000-7f5f79787000 r--s 0007b000 08:02 3819714                    /home/ankit/Downloads/android-studio/gradle/m2repository/com/google/protobuf/protobuf-java/2.5.0/protobuf-java-2.5.0.jar
7f5f79787000-7f5f79789000 r--s 0000f000 08:02 4041488                    /home/ankit/Downloads/android-studio/gradle/m2repository/net/sf/jopt-simple/jopt-simple/4.9/jopt-simple-4.9.jar
7f5f79789000-7f5f7978d000 r--s 0001f000 08:02 3795671                    /home/ankit/Downloads/android-studio/gradle/m2repository/org/jacoco/org.jacoco.report/0.7.5.201505241946/org.jacoco.report-0.7.5.201505241946.jar
7f5f7978d000-7f5f79791000 r--s 0001d000 08:02 3787900                    /home/ankit/Downloads/android-studio/gradle/m2repository/org/jacoco/org.jacoco.core/0.7.5.201505241946/org.jacoco.core-0.7.5.201505241946.jar
7f5f79791000-7f5f79792000 r--s 00002000 08:02 3760221                    /home/ankit/Downloads/android-studio/gradle/m2repository/net/sf/proguard/proguard-gradle/5.2.1/proguard-gradle-5.2.1.jar
7f5f79792000-7f5f79794000 r--s 00009000 08:02 3779703                    /home/ankit/Downloads/android-studio/gradle/m2repository/org/ow2/asm/asm-commons/5.0.4/asm-commons-5.0.4.jar
7f5f79794000-7f5f79796000 r--s 0000c000 08:02 3779709                    /home/ankit/Downloads/android-studio/gradle/m2repository/org/ow2/asm/asm/5.0.4/asm-5.0.4.jar
7f5f79796000-7f5f7979a000 r--s 0002b000 08:02 3853442                    /home/ankit/Downloads/android-studio/gradle/m2repository/com/android/databinding/compilerCommon/2.2.0/compilerCommon-2.2.0.jar
7f5f7979a000-7f5f7979b000 r--s 00002000 08:02 3894401                    /home/ankit/Downloads/android-studio/gradle/m2repository/com/android/tools/build/gradle-api/2.2.0/gradle-api-2.2.0.jar
7f5f7979b000-7f5f7979c000 r--s 00000000 08:02 3753573                    /home/ankit/Downloads/android-studio/gradle/m2repository/com/android/tools/build/transform-api/2.0.0-deprecated-use-gradle-api/transform-api-2.0.0-deprecated-use-gradle-api.jar
7f5f7979c000-7f5f797b3000 r--s 0015d000 08:02 3885097                    /home/ankit/Downloads/android-studio/gradle/m2repository/com/android/tools/build/builder/2.2.0/builder-2.2.0.jar
7f5f797b3000-7f5f797d0000 r--s 0019c000 08:02 3910782                    /home/ankit/Downloads/android-studio/gradle/m2repository/com/android/tools/build/gradle-core/2.2.0/gradle-core-2.2.0.jar
7f5f797d0000-7f5f799d0000 rw-p 00000000 00:00 0 
7f5f799d0000-7f5f799d3000 ---p 00000000 00:00 0 
7f5f799d3000-7f5f79cd1000 rw-p 00000000 00:00 0 
7f5f79cd1000-7f5f79ed1000 rw-p 00000000 00:00 0 
7f5f79ed1000-7f5f79ed6000 r--s 00053000 08:02 4017271                    /home/ankit/Downloads/android-studio/gradle/m2repository/com/android/tools/lint/lint/25.2.0/lint-25.2.0.jar
7f5f79ed6000-7f5f79ed8000 r--s 0000d000 08:02 3802336                    /home/ankit/Downloads/android-studio/gradle/m2repository/com/android/tools/build/gradle/2.2.0/gradle-2.2.0.jar
7f5f79ed8000-7f5f79edb000 ---p 00000000 00:00 0 
7f5f79edb000-7f5f79f11000 rw-p 00000000 00:00 0 
7f5f79f11000-7f5f79f12000 r--p 00000000 00:00 0 
7f5f79f12000-7f5f7a112000 rw-p 00000000 00:00 0 
7f5f7a112000-7f5f7a312000 rw-p 00000000 00:00 0 
7f5f7a312000-7f5f7a512000 rw-p 00000000 00:00 0 
7f5f7a512000-7f5f7a58a000 r--s 010e6000 08:02 158507                     /usr/lib/jvm/java-8-oracle/lib/tools.jar
7f5f7a58a000-7f5f7a78a000 rw-p 00000000 00:00 0 
7f5f7a78a000-7f5f7a78d000 ---p 00000000 00:00 0 
7f5f7a78d000-7f5f7a88b000 rw-p 00000000 00:00 0 
7f5f7a88b000-7f5f7a88e000 ---p 00000000 00:00 0 
7f5f7a88e000-7f5f7a98c000 rw-p 00000000 00:00 0 
7f5f7a98c000-7f5f7a98f000 ---p 00000000 00:00 0 
7f5f7a98f000-7f5f7aa8d000 rw-p 00000000 00:00 0 
7f5f7aa8d000-7f5f7aa90000 ---p 00000000 00:00 0 
7f5f7aa90000-7f5f7ab8e000 rw-p 00000000 00:00 0 
7f5f7ab8e000-7f5f7ab91000 ---p 00000000 00:00 0 
7f5f7ab91000-7f5f7ac8f000 rw-p 00000000 00:00 0 
7f5f7ac8f000-7f5f7ac92000 ---p 00000000 00:00 0 
7f5f7ac92000-7f5f7ad90000 rw-p 00000000 00:00 0 
7f5f7ad90000-7f5f7ad97000 r--s 00000000 08:02 109538                     /usr/lib/x86_64-linux-gnu/gconv/gconv-modules.cache
7f5f7ad97000-7f5f7af97000 rw-p 00000000 00:00 0 
7f5f7af97000-7f5f7af9a000 ---p 00000000 00:00 0 
7f5f7af9a000-7f5f7b098000 rw-p 00000000 00:00 0 
7f5f7b098000-7f5f7b09b000 ---p 00000000 00:00 0 
7f5f7b09b000-7f5f7b199000 rw-p 00000000 00:00 0 
7f5f7b199000-7f5f7b1a2000 r-xp 00000000 08:02 200010                     /usr/lib/jvm/java-8-oracle/jre/lib/amd64/libmanagement.so
7f5f7b1a2000-7f5f7b3a1000 ---p 00009000 08:02 200010                     /usr/lib/jvm/java-8-oracle/jre/lib/amd64/libmanagement.so
7f5f7b3a1000-7f5f7b3a2000 rw-p 00008000 08:02 200010                     /usr/lib/jvm/java-8-oracle/jre/lib/amd64/libmanagement.so
7f5f7b3a2000-7f5f7b3a6000 r--s 00097000 08:02 182569                     /usr/lib/jvm/java-8-oracle/jre/lib/jsse.jar
7f5f7b3a6000-7f5f7b3a8000 r--s 00007000 08:02 3402085                    /home/ankit/Downloads/android-studio/gradle/gradle-2.14.1/lib/plugins/gradle-tooling-api-builders-2.14.1.jar
7f5f7b3a8000-7f5f7b3ab000 r--s 00008000 08:02 3402081                    /home/ankit/Downloads/android-studio/gradle/gradle-2.14.1/lib/plugins/gradle-testing-native-2.14.1.jar
7f5f7b3ab000-7f5f7b3ad000 r--s 00009000 08:02 3402371                    /home/ankit/Downloads/android-studio/gradle/gradle-2.14.1/lib/plugins/hamcrest-core-1.3.jar
7f5f7b3ad000-7f5f7b3b3000 r--s 00033000 08:02 3402325                    /home/ankit/Downloads/android-studio/gradle/gradle-2.14.1/lib/plugins/snakeyaml-1.6.jar
7f5f7b3b3000-7f5f7b3b5000 r--s 00006000 08:02 3402336                    /home/ankit/Downloads/android-studio/gradle/gradle-2.14.1/lib/plugins/jcommander-1.12.jar
7f5f7b3b5000-7f5f7b3ba000 r--s 00040000 08:02 3402324                    /home/ankit/Downloads/android-studio/gradle/gradle-2.14.1/lib/plugins/bsh-2.0b4.jar
7f5f7b3ba000-7f5f7b3c3000 r--s 00089000 08:02 3402339                    /home/ankit/Downloads/android-studio/gradle/gradle-2.14.1/lib/plugins/testng-6.3.1.jar
7f5f7b3c3000-7f5f7b3cb000 r--s 00045000 08:02 3402343                    /home/ankit/Downloads/android-studio/gradle/gradle-2.14.1/lib/plugins/junit-4.12.jar
7f5f7b3cb000-7f5f7b3d1000 r--s 0002e000 08:02 3402091                    /home/ankit/Downloads/android-studio/gradle/gradle-2.14.1/lib/plugins/gradle-testing-jvm-2.14.1.jar
7f5f7b3d1000-7f5f7b3d6000 r--s 00015000 08:02 3402095                    /home/ankit/Downloads/android-studio/gradle/gradle-2.14.1/lib/plugins/gradle-testing-base-2.14.1.jar
7f5f7b3d6000-7f5f7b3d7000 r--s 00002000 08:02 3402342                    /home/ankit/Downloads/android-studio/gradle/gradle-2.14.1/lib/plugins/sonar-batch-bootstrapper-2.9.jar
7f5f7b3d7000-7f5f7b3da000 r--s 00015000 08:02 3402090                    /home/ankit/Downloads/android-studio/gradle/gradle-2.14.1/lib/plugins/gradle-sonar-2.14.1.jar
7f5f7b3da000-7f5f7b3e1000 r--s 00038000 08:02 3402356                    /home/ankit/Downloads/android-studio/gradle/gradle-2.14.1/lib/plugins/bcpg-jdk15on-1.51.jar
7f5f7b3e1000-7f5f7b3e3000 r--s 0000d000 08:02 3402293                    /home/ankit/Downloads/android-studio/gradle/gradle-2.14.1/lib/plugins/gradle-signing-2.14.1.jar
7f5f7b3e3000-7f5f7b3e6000 r--s 00009000 08:02 3402099                    /home/ankit/Downloads/android-studio/gradle/gradle-2.14.1/lib/plugins/gradle-scala-2.14.1.jar
7f5f7b3e6000-7f5f7b3e7000 r--s 00004000 08:02 3402295                    /home/ankit/Downloads/android-studio/gradle/gradle-2.14.1/lib/plugins/gradle-resources-sftp-2.14.1.jar
7f5f7b3e7000-7f5f7b3f7000 r--s 00088000 08:02 3402329                    /home/ankit/Downloads/android-studio/gradle/gradle-2.14.1/lib/plugins/joda-time-2.8.2.jar
7f5f7b3f7000-7f5f7b408000 r--s 000cf000 08:02 3402375                    /home/ankit/Downloads/android-studio/gradle/gradle-2.14.1/lib/plugins/jackson-databind-2.3.2.jar
7f5f7b408000-7f5f7b40a000 r--s 00007000 08:02 3402352                    /home/ankit/Downloads/android-studio/gradle/gradle-2.14.1/lib/plugins/jackson-annotations-2.3.2.jar
7f5f7b40a000-7f5f7b40d000 r--s 0002e000 08:02 3402358                    /home/ankit/Downloads/android-studio/gradle/gradle-2.14.1/lib/plugins/jackson-core-2.3.2.jar
7f5f7b40d000-7f5f7b418000 r--s 0006b000 08:02 3402381                    /home/ankit/Downloads/android-studio/gradle/gradle-2.14.1/lib/plugins/aws-java-sdk-core-1.9.19.jar
7f5f7b418000-7f5f7b41e000 r--s 00036000 08:02 3402351                    /home/ankit/Downloads/android-studio/gradle/gradle-2.14.1/lib/plugins/aws-java-sdk-kms-1.9.19.jar
7f5f7b41e000-7f5f7b429000 r--s 00079000 08:02 3402341                    /home/ankit/Downloads/android-studio/gradle/gradle-2.14.1/lib/plugins/aws-java-sdk-s3-1.9.19.jar
7f5f7b429000-7f5f7b42a000 r--s 00003000 08:02 3402305                    /home/ankit/Downloads/android-studio/gradle/gradle-2.14.1/lib/plugins/gradle-resources-s3-2.14.1.jar
7f5f7b42a000-7f5f7b42c000 r--s 00005000 08:02 3402370                    /home/ankit/Downloads/android-studio/gradle/gradle-2.14.1/lib/plugins/jatl-0.2.2.jar
7f5f7b42c000-7f5f7b42e000 r--s 0000f000 08:02 3402311                    /home/ankit/Downloads/android-studio/gradle/gradle-2.14.1/lib/plugins/gradle-reporting-2.14.1.jar
7f5f7b42e000-7f5f7b430000 r--s 00002000 08:02 3402252                    /home/ankit/Downloads/android-studio/gradle/gradle-2.14.1/lib/plugins/gradle-publish-2.14.1.jar
7f5f7b430000-7f5f7b432000 r--s 00009000 08:02 3402334                    /home/ankit/Downloads/android-studio/gradle/gradle-2.14.1/lib/plugins/commons-cli-1.2.jar
7f5f7b432000-7f5f7b438000 r--s 00033000 08:02 3402098                    /home/ankit/Downloads/android-studio/gradle/gradle-2.14.1/lib/plugins/gradle-plugins-2.14.1.jar
7f5f7b438000-7f5f7b43a000 r--s 00007000 08:02 3402083                    /home/ankit/Downloads/android-studio/gradle/gradle-2.14.1/lib/plugins/gradle-plugin-development-2.14.1.jar
7f5f7b43a000-7f5f7b440000 r--s 0002a000 08:02 3402292                    /home/ankit/Downloads/android-studio/gradle/gradle-2.14.1/lib/plugins/gradle-platform-play-2.14.1.jar
7f5f7b440000-7f5f7b44d000 r--s 0004d000 08:02 3402291                    /home/ankit/Downloads/android-studio/gradle/gradle-2.14.1/lib/plugins/gradle-platform-native-2.14.1.jar
7f5f7b44d000-7f5f7b451000 r--s 0001a000 08:02 3402304                    /home/ankit/Downloads/android-studio/gradle/gradle-2.14.1/lib/plugins/gradle-platform-jvm-2.14.1.jar
7f5f7b451000-7f5f7b458000 r--s 00029000 08:02 3402097                    /home/ankit/Downloads/android-studio/gradle/gradle-2.14.1/lib/plugins/gradle-platform-base-2.14.1.jar
7f5f7b458000-7f5f7b479000 r--s 001c3000 08:02 3402322                    /home/ankit/Downloads/android-studio/gradle/gradle-2.14.1/lib/plugins/bndlib-2.4.0.jar
7f5f7b479000-7f5f7b47b000 r--s 00003000 08:02 3402306                    /home/ankit/Downloads/android-studio/gradle/gradle-2.14.1/lib/plugins/gradle-osgi-2.14.1.jar
7f5f7b47b000-7f5f7b47e000 r--s 0000c000 08:02 3402378                    /home/ankit/Downloads/android-studio/gradle/gradle-2.14.1/lib/plugins/pmaven-groovy-0.8-20100325.jar
7f5f7b47e000-7f5f7b47f000 r--s 00004000 08:02 3402369                    /home/ankit/Downloads/android-studio/gradle/gradle-2.14.1/lib/plugins/pmaven-common-0.8-20100325.jar
7f5f7b47f000-7f5f7b485000 r--s 00022000 08:02 3402096                    /home/ankit/Downloads/android-studio/gradle/gradle-2.14.1/lib/plugins/gradle-maven-2.14.1.jar
7f5f7b485000-7f5f7b487000 r--s 0000a000 08:02 3402088                    /home/ankit/Downloads/android-studio/gradle/gradle-2.14.1/lib/plugins/gradle-language-scala-2.14.1.jar
7f5f7b487000-7f5f7b48d000 r--s 0001a000 08:02 3402092                    /home/ankit/Downloads/android-studio/gradle/gradle-2.14.1/lib/plugins/gradle-language-native-2.14.1.jar
7f5f7b48d000-7f5f7b48f000 r--s 00008000 08:02 3402084                    /home/ankit/Downloads/android-studio/gradle/gradle-2.14.1/lib/plugins/gradle-language-jvm-2.14.1.jar
7f5f7b48f000-7f5f7b495000 r--s 00024000 08:02 3402300                    /home/ankit/Downloads/android-studio/gradle/gradle-2.14.1/lib/plugins/gradle-language-java-2.14.1.jar
7f5f7b495000-7f5f7b497000 r--s 0000a000 08:02 3402290                    /home/ankit/Downloads/android-studio/gradle/gradle-2.14.1/lib/plugins/gradle-language-groovy-2.14.1.jar
7f5f7b497000-7f5f7b49a000 r--s 0001e000 08:02 3402319                    /home/ankit/Downloads/android-studio/gradle/gradle-2.14.1/lib/plugins/jsp-api-2.1-6.1.14.jar
7f5f7b49a000-7f5f7b4bd000 r--s 00344000 08:02 3402353                    /home/ankit/Downloads/android-studio/gradle/gradle-2.14.1/lib/plugins/core-3.1.1.jar
7f5f7b4bd000-7f5f7b4be000 r--s 00006000 08:02 3402376                    /home/ankit/Downloads/android-studio/gradle/gradle-2.14.1/lib/plugins/jetty-naming-6.1.25.jar
7f5f7b4be000-7f5f7b4bf000 r--s 00002000 08:02 3402349                    /home/ankit/Downloads/android-studio/gradle/gradle-2.14.1/lib/plugins/geronimo-annotation_1.0_spec-1.0.jar
7f5f7b4bf000-7f5f7b4c1000 r--s 00002000 08:02 3402373                    /home/ankit/Downloads/android-studio/gradle/gradle-2.14.1/lib/plugins/jetty-annotations-6.1.25.jar
7f5f7b4c1000-7f5f7b4d2000 r--s 000ea000 08:02 3402379                    /home/ankit/Downloads/android-studio/gradle/gradle-2.14.1/lib/plugins/jsp-2.1-6.1.14.jar
7f5f7b4d2000-7f5f7b4d4000 r--s 0000d000 08:02 3402354                    /home/ankit/Downloads/android-studio/gradle/gradle-2.14.1/lib/plugins/jetty-plus-6.1.25.jar
7f5f7b4d4000-7f5f7b4d6000 r--s 0001f000 08:02 3402385                    /home/ankit/Downloads/android-studio/gradle/gradle-2.14.1/lib/plugins/servlet-api-2.5-20081211.jar
7f5f7b4d6000-7f5f7b4da000 r--s 00028000 08:02 3402337                    /home/ankit/Downloads/android-studio/gradle/gradle-2.14.1/lib/plugins/jetty-util-6.1.25.jar
7f5f7b4da000-7f5f7b4e1000 r--s 0007d000 08:02 3402344                    /home/ankit/Downloads/android-studio/gradle/gradle-2.14.1/lib/plugins/jetty-6.1.25.jar
7f5f7b4e1000-7f5f7b4e3000 r--s 00009000 08:02 3402309                    /home/ankit/Downloads/android-studio/gradle/gradle-2.14.1/lib/plugins/gradle-jetty-2.14.1.jar
7f5f7b4e3000-7f5f7b4ea000 r--s 00035000 08:02 3402382                    /home/ankit/Downloads/android-studio/gradle/gradle-2.14.1/lib/plugins/simple-4.1.21.jar
7f5f7b4ea000-7f5f7b4f6000 r--s 00100000 08:02 3402330                    /home/ankit/Downloads/android-studio/gradle/gradle-2.14.1/lib/plugins/rhino-1.7R3.jar
7f5f7b4f6000-7f5f7b4fa000 r--s 00011000 08:02 3402297                    /home/ankit/Downloads/android-studio/gradle/gradle-2.14.1/lib/plugins/gradle-javascript-2.14.1.jar
7f5f7b4fa000-7f5f7b4fc000 r--s 0000c000 08:02 3402317                    /home/ankit/Downloads/android-studio/gradle/gradle-2.14.1/lib/plugins/gradle-jacoco-2.14.1.jar
7f5f7b4fc000-7f5f7b4ff000 r--s 0000e000 08:02 3402316                    /home/ankit/Downloads/android-studio/gradle/gradle-2.14.1/lib/plugins/gradle-ivy-2.14.1.jar
7f5f7b4ff000-7f5f7b500000 r--s 00002000 08:02 3402313                    /home/ankit/Downloads/android-studio/gradle/gradle-2.14.1/lib/plugins/gradle-ide-play-2.14.1.jar
7f5f7b500000-7f5f7b505000 r--s 0002b000 08:02 3402310                    /home/ankit/Downloads/android-studio/gradle/gradle-2.14.1/lib/plugins/gradle-ide-native-2.14.1.jar
7f5f7b505000-7f5f7b510000 r--s 00066000 08:02 3402089                    /home/ankit/Downloads/android-studio/gradle/gradle-2.14.1/lib/plugins/gradle-ide-2.14.1.jar
7f5f7b510000-7f5f7b511000 r--s 00008000 08:02 3402087                    /home/ankit/Downloads/android-studio/gradle/gradle-2.14.1/lib/plugins/gradle-ear-2.14.1.jar
7f5f7b511000-7f5f7b517000 r--s 00032000 08:02 3402094                    /home/ankit/Downloads/android-studio/gradle/gradle-2.14.1/lib/plugins/gradle-diagnostics-2.14.1.jar
7f5f7b517000-7f5f7b51b000 r--s 00021000 08:02 3402312                    /home/ankit/Downloads/android-studio/gradle/gradle-2.14.1/lib/plugins/gradle-code-quality-2.14.1.jar
7f5f7b51b000-7f5f7b51f000 r--s 0001f000 08:02 3402093                    /home/ankit/Downloads/android-studio/gradle/gradle-2.14.1/lib/plugins/gradle-build-init-2.14.1.jar
7f5f7b51f000-7f5f7b526000 r--s 0008e000 08:02 3402314                    /home/ankit/Downloads/android-studio/gradle/gradle-2.14.1/lib/plugins/gradle-build-comparison-2.14.1.jar
7f5f7b526000-7f5f7b528000 r--s 00008000 08:02 3402302                    /home/ankit/Downloads/android-studio/gradle/gradle-2.14.1/lib/plugins/gradle-antlr-2.14.1.jar
7f5f7b528000-7f5f7b540000 r--s 00115000 08:02 3402347                    /home/ankit/Downloads/android-studio/gradle/gradle-2.14.1/lib/plugins/xercesImpl-2.9.1.jar
7f5f7b540000-7f5f7b548000 r--s 00028000 08:02 3402366                    /home/ankit/Downloads/android-studio/gradle/gradle-2.14.1/lib/plugins/xml-apis-1.3.04.jar
7f5f7b548000-7f5f7b54e000 r--s 0005b000 08:02 3402359                    /home/ankit/Downloads/android-studio/gradle/gradle-2.14.1/lib/plugins/jcifs-1.3.17.jar
7f5f7b54e000-7f5f7b555000 r--s 00049000 08:02 3402296                    /home/ankit/Downloads/android-studio/gradle/gradle-2.14.1/lib/plugins/httpcore-4.4.4.jar
7f5f7b555000-7f5f7b562000 r--s 000a4000 08:02 3402307                    /home/ankit/Downloads/android-studio/gradle/gradle-2.14.1/lib/plugins/httpclient-4.4.1.jar
7f5f7b562000-7f5f7b578000 r-xp 00000000 08:02 2624314                    /lib/x86_64-linux-gnu/libgcc_s.so.1
7f5f7b578000-7f5f7b777000 ---p 00016000 08:02 2624314                    /lib/x86_64-linux-gnu/libgcc_s.so.1
7f5f7b777000-7f5f7b778000 r--p 00015000 08:02 2624314                    /lib/x86_64-linux-gnu/libgcc_s.so.1
7f5f7b778000-7f5f7b779000 rw-p 00016000 08:02 2624314                    /lib/x86_64-linux-gnu/libgcc_s.so.1
7f5f7b779000-7f5f7b8ec000 r-xp 00000000 08:02 61223                      /usr/lib/x86_64-linux-gnu/libstdc++.so.6.0.21
7f5f7b8ec000-7f5f7baeb000 ---p 00173000 08:02 61223                      /usr/lib/x86_64-linux-gnu/libstdc++.so.6.0.21
7f5f7baeb000-7f5f7baf5000 r--p 00172000 08:02 61223                      /usr/lib/x86_64-linux-gnu/libstdc++.so.6.0.21
7f5f7baf5000-7f5f7baf7000 rw-p 0017c000 08:02 61223                      /usr/lib/x86_64-linux-gnu/libstdc++.so.6.0.21
7f5f7baf7000-7f5f7bafb000 rw-p 00000000 00:00 0 
7f5f7bafb000-7f5f7baff000 r-xp 00000000 08:02 3391672                    /home/ankit/.gradle/native/19/linux-amd64/libnative-platform.so
7f5f7baff000-7f5f7bcfe000 ---p 00004000 08:02 3391672                    /home/ankit/.gradle/native/19/linux-amd64/libnative-platform.so
7f5f7bcfe000-7f5f7bcff000 rw-p 00003000 08:02 3391672                    /home/ankit/.gradle/native/19/linux-amd64/libnative-platform.so
7f5f7bcff000-7f5f7c000000 rw-p 00000000 00:00 0 
7f5f7c000000-7f5f7c021000 rw-p 00000000 00:00 0 
7f5f7c021000-7f5f80000000 ---p 00000000 00:00 0 
7f5f80000000-7f5f80021000 rw-p 00000000 00:00 0 
7f5f80021000-7f5f84000000 ---p 00000000 00:00 0 
7f5f84000000-7f5f86147000 rw-p 00000000 00:00 0 
7f5f86147000-7f5f88000000 ---p 00000000 00:00 0 
7f5f88000000-7f5f88b41000 rw-p 00000000 00:00 0 
7f5f88b41000-7f5f8c000000 ---p 00000000 00:00 0 
7f5f8c000000-7f5f8c021000 rw-p 00000000 00:00 0 
7f5f8c021000-7f5f90000000 ---p 00000000 00:00 0 
7f5f90000000-7f5f9255e000 rw-p 00000000 00:00 0 
7f5f9255e000-7f5f94000000 ---p 00000000 00:00 0 
7f5f94000000-7f5f94021000 rw-p 00000000 00:00 0 
7f5f94021000-7f5f98000000 ---p 00000000 00:00 0 
7f5f98000000-7f5f98021000 rw-p 00000000 00:00 0 
7f5f98021000-7f5f9c000000 ---p 00000000 00:00 0 
7f5f9c000000-7f5f9c043000 rw-p 00000000 00:00 0 
7f5f9c043000-7f5fa0000000 ---p 00000000 00:00 0 
7f5fa0000000-7f5fa0358000 rw-p 00000000 00:00 0 
7f5fa0358000-7f5fa4000000 ---p 00000000 00:00 0 
7f5fa4000000-7f5fa4021000 rw-p 00000000 00:00 0 
7f5fa4021000-7f5fa8000000 ---p 00000000 00:00 0 
7f5fa8000000-7f5fa803d000 rw-p 00000000 00:00 0 
7f5fa803d000-7f5fac000000 ---p 00000000 00:00 0 
7f5fac000000-7f5fac02f000 rw-p 00000000 00:00 0 
7f5fac02f000-7f5fb0000000 ---p 00000000 00:00 0 
7f5fb0000000-7f5fb0002000 r--s 00004000 08:02 3402315                    /home/ankit/Downloads/android-studio/gradle/gradle-2.14.1/lib/plugins/gradle-announce-2.14.1.jar
7f5fb0002000-7f5fb0008000 r--s 00033000 08:02 3402328                    /home/ankit/Downloads/android-studio/gradle/gradle-2.14.1/lib/plugins/commons-codec-1.6.jar
7f5fb0008000-7f5fb000b000 r--s 0001c000 08:02 3402326                    /home/ankit/Downloads/android-studio/gradle/gradle-2.14.1/lib/plugins/nekohtml-1.9.14.jar
7f5fb000b000-7f5fb000d000 r--s 0000a000 08:02 3402082                    /home/ankit/Downloads/android-studio/gradle/gradle-2.14.1/lib/plugins/gradle-resources-http-2.14.1.jar
7f5fb000d000-7f5fb0011000 r--s 00014000 08:02 3402294                    /home/ankit/Downloads/android-studio/gradle/gradle-2.14.1/lib/plugins/gradle-plugin-use-2.14.1.jar
7f5fb0011000-7f5fb0012000 r--s 00000000 08:02 3394352                    /home/ankit/Downloads/android-studio/gradle/gradle-2.14.1/lib/gradle-installation-beacon-2.14.1.jar
7f5fb0012000-7f5fb0013000 r--s 00007000 08:02 3402335                    /home/ankit/Downloads/android-studio/gradle/gradle-2.14.1/lib/plugins/wagon-http-shared4-2.4.jar
7f5fb0013000-7f5fb0017000 r--s 00033000 08:02 3402372                    /home/ankit/Downloads/android-studio/gradle/gradle-2.14.1/lib/plugins/plexus-utils-2.0.6.jar
7f5fb0017000-7f5fb001b000 r--s 00021000 08:02 3402361                    /home/ankit/Downloads/android-studio/gradle/gradle-2.14.1/lib/plugins/maven-model-builder-3.0.4.jar
7f5fb001b000-7f5fb001c000 r--s 00002000 08:02 3402327                    /home/ankit/Downloads/android-studio/gradle/gradle-2.14.1/lib/plugins/wagon-file-2.4.jar
7f5fb001c000-7f5fb001e000 r--s 00002000 08:02 3402368                    /home/ankit/Downloads/android-studio/gradle/gradle-2.14.1/lib/plugins/plexus-cipher-1.7.jar
7f5fb001e000-7f5fb0021000 r--s 00013000 08:02 3402384                    /home/ankit/Downloads/android-studio/gradle/gradle-2.14.1/lib/plugins/aether-api-1.13.1.jar
7f5fb0021000-7f5fb0023000 r--s 0000a000 08:02 3402338                    /home/ankit/Downloads/android-studio/gradle/gradle-2.14.1/lib/plugins/maven-settings-3.0.4.jar
7f5fb0023000-7f5fb0025000 r--s 0000d000 08:02 3402362                    /home/ankit/Downloads/android-studio/gradle/gradle-2.14.1/lib/plugins/plexus-interpolation-1.14.jar
7f5fb0025000-7f5fb0027000 r--s 0000b000 08:02 3402377                    /home/ankit/Downloads/android-studio/gradle/gradle-2.14.1/lib/plugins/maven-artifact-3.0.4.jar
7f5fb0027000-7f5fb002e000 r--s 0002e000 08:02 3402332                    /home/ankit/Downloads/android-studio/gradle/gradle-2.14.1/lib/plugins/plexus-container-default-1.5.5.jar
7f5fb002e000-7f5fb0030000 r--s 0000b000 08:02 3402355                    /home/ankit/Downloads/android-studio/gradle/gradle-2.14.1/lib/plugins/maven-plugin-api-3.0.4.jar
7f5fb0030000-7f5fb0032000 r--s 00000000 08:02 3402357                    /home/ankit/Downloads/android-studio/gradle/gradle-2.14.1/lib/plugins/plexus-component-annotations-1.5.5.jar
7f5fb0032000-7f5fb0038000 r--s 0003f000 08:02 3402363                    /home/ankit/Downloads/android-studio/gradle/gradle-2.14.1/lib/plugins/maven-compat-3.0.4.jar
7f5fb0038000-7f5fb003b000 r--s 00008000 08:02 3402345                    /home/ankit/Downloads/android-studio/gradle/gradle-2.14.1/lib/plugins/maven-settings-builder-3.0.4.jar
7f5fb003b000-7f5fb003c000 r--s 00002000 08:02 3402318                    /home/ankit/Downloads/android-studio/gradle/gradle-2.14.1/lib/plugins/wagon-http-2.4.jar
7f5fb003c000-7f5fb003e000 r--s 00026000 08:02 3402383                    /home/ankit/Downloads/android-studio/gradle/gradle-2.14.1/lib/plugins/maven-model-3.0.4.jar
7f5fb003e000-7f5fb0040000 r--s 00006000 08:02 3402374                    /home/ankit/Downloads/android-studio/gradle/gradle-2.14.1/lib/plugins/aether-connector-wagon-1.13.1.jar
7f5fb0040000-7f5fb0042000 r--s 0000a000 08:02 3402333                    /home/ankit/Downloads/android-studio/gradle/gradle-2.14.1/lib/plugins/plexus-classworlds-2.4.jar
7f5fb0042000-7f5fb0044000 r--s 00006000 08:02 3402364                    /home/ankit/Downloads/android-studio/gradle/gradle-2.14.1/lib/plugins/maven-repository-metadata-3.0.4.jar
7f5fb0044000-7f5fb0046000 r--s 0000c000 08:02 3402348                    /home/ankit/Downloads/android-studio/gradle/gradle-2.14.1/lib/plugins/maven-aether-provider-3.0.4.jar
7f5fb0046000-7f5fb0048000 r--s 0000b000 08:02 3402340                    /home/ankit/Downloads/android-studio/gradle/gradle-2.14.1/lib/plugins/wagon-provider-api-2.4.jar
7f5fb0048000-7f5fb0049000 r--s 00003000 08:02 3402320                    /home/ankit/Downloads/android-studio/gradle/gradle-2.14.1/lib/plugins/aether-spi-1.13.1.jar
7f5fb0049000-7f5fb004d000 r--s 0001c000 08:02 3402380                    /home/ankit/Downloads/android-studio/gradle/gradle-2.14.1/lib/plugins/aether-util-1.13.1.jar
7f5fb004d000-7f5fb0050000 r--s 0001d000 08:02 3402360                    /home/ankit/Downloads/android-studio/gradle/gradle-2.14.1/lib/plugins/aether-impl-1.13.1.jar
7f5fb0050000-7f5fb0051000 r--s 00006000 08:02 3402365                    /home/ankit/Downloads/android-studio/gradle/gradle-2.14.1/lib/plugins/plexus-sec-dispatcher-1.3.jar
7f5fb0051000-7f5fb0056000 r--s 00040000 08:02 3402321                    /home/ankit/Downloads/android-studio/gradle/gradle-2.14.1/lib/plugins/jsch-0.1.53.jar
7f5fb0056000-7f5fb0096000 r--s 00277000 08:02 3402323                    /home/ankit/Downloads/android-studio/gradle/gradle-2.14.1/lib/plugins/bcprov-jdk15on-1.51.jar
7f5fb0096000-7f5fb009a000 r--s 0001d000 08:02 3402350                    /home/ankit/Downloads/android-studio/gradle/gradle-2.14.1/lib/plugins/xbean-reflect-3.4.jar
7f5fb009a000-7f5fb00a6000 r--s 0007d000 08:02 3402367                    /home/ankit/Downloads/android-studio/gradle/gradle-2.14.1/lib/plugins/maven-core-3.0.4.jar
7f5fb00a6000-7f5fb00ab000 r--s 0002a000 08:02 3402346                    /home/ankit/Downloads/android-studio/gradle/gradle-2.14.1/lib/plugins/gson-2.2.4.jar
7f5fb00ab000-7f5fb00ba000 r--s 000d9000 08:02 3402331                    /home/ankit/Downloads/android-studio/gradle/gradle-2.14.1/lib/plugins/ivy-2.2.0.jar
7f5fb00ba000-7f5fb00d6000 r--s 000d3000 08:02 3402161                    /home/ankit/Downloads/android-studio/gradle/gradle-2.14.1/lib/plugins/gradle-dependency-management-2.14.1.jar
7f5fb00d6000-7f5fb00e7000 r-xp 00000000 08:02 199999                     /usr/lib/jvm/java-8-oracle/jre/lib/amd64/libnio.so
7f5fb00e7000-7f5fb02e6000 ---p 00011000 08:02 199999                     /usr/lib/jvm/java-8-oracle/jre/lib/amd64/libnio.so
7f5fb02e6000-7f5fb02e7000 rw-p 00010000 08:02 199999                     /usr/lib/jvm/java-8-oracle/jre/lib/amd64/libnio.so
7f5fb02e7000-7f5fb02fd000 r-xp 00000000 08:02 199974                     /usr/lib/jvm/java-8-oracle/jre/lib/amd64/libnet.so
7f5fb02fd000-7f5fb04fd000 ---p 00016000 08:02 199974                     /usr/lib/jvm/java-8-oracle/jre/lib/amd64/libnet.so
7f5fb04fd000-7f5fb04fe000 rw-p 00016000 08:02 199974                     /usr/lib/jvm/java-8-oracle/jre/lib/amd64/libnet.so
7f5fb04fe000-7f5fb0500000 r--s 00005000 08:02 3394358                    /home/ankit/Downloads/android-studio/gradle/gradle-2.14.1/lib/gradle-wrapper-2.14.1.jar
7f5fb0500000-7f5fb050e000 r--s 0004f000 08:02 3394344                    /home/ankit/Downloads/android-studio/gradle/gradle-2.14.1/lib/gradle-tooling-api-2.14.1.jar
7f5fb050e000-7f5fb0510000 r--s 00002000 08:02 3394350                    /home/ankit/Downloads/android-studio/gradle/gradle-2.14.1/lib/gradle-open-api-2.14.1.jar
7f5fb0510000-7f5fb0516000 r--s 00032000 08:02 3394400                    /home/ankit/Downloads/android-studio/gradle/gradle-2.14.1/lib/jaxen-1.1.jar
7f5fb0516000-7f5fb051b000 r--s 00048000 08:02 3394380                    /home/ankit/Downloads/android-studio/gradle/gradle-2.14.1/lib/dom4j-1.6.1.jar
7f5fb051b000-7f5fb0526000 r--s 00059000 08:02 3394373                    /home/ankit/Downloads/android-studio/gradle/gradle-2.14.1/lib/gradle-ui-2.14.1.jar
7f5fb0526000-7f5fb0529000 r--s 0000b000 08:02 3394378                    /home/ankit/Downloads/android-studio/gradle/gradle-2.14.1/lib/gradle-resources-2.14.1.jar
7f5fb0529000-7f5fb052b000 r--s 00003000 08:02 3394402                    /home/ankit/Downloads/android-studio/gradle/gradle-2.14.1/lib/jcl-over-slf4j-1.7.10.jar
7f5fb052b000-7f5fb052c000 r--s 00005000 08:02 3394397                    /home/ankit/Downloads/android-studio/gradle/gradle-2.14.1/lib/log4j-over-slf4j-1.7.10.jar
7f5fb052c000-7f5fb052e000 r--s 00000000 08:02 3394404                    /home/ankit/Downloads/android-studio/gradle/gradle-2.14.1/lib/jul-to-slf4j-1.7.10.jar
7f5fb052e000-7f5fb0533000 r--s 0001c000 08:02 3394356                    /home/ankit/Downloads/android-studio/gradle/gradle-2.14.1/lib/gradle-logging-2.14.1.jar
7f5fb0533000-7f5fb0535000 r--s 00007000 08:02 3394403                    /home/ankit/Downloads/android-studio/gradle/gradle-2.14.1/lib/objenesis-1.2.jar
7f5fb0535000-7f5fb0537000 r--s 00000000 08:02 3394383                    /home/ankit/Downloads/android-studio/gradle/gradle-2.14.1/lib/minlog-1.2.jar
7f5fb0537000-7f5fb0539000 r--s 0000f000 08:02 3394389                    /home/ankit/Downloads/android-studio/gradle/gradle-2.14.1/lib/reflectasm-1.07-shaded.jar
7f5fb0539000-7f5fb053d000 r--s 00026000 08:02 3394395                    /home/ankit/Downloads/android-studio/gradle/gradle-2.14.1/lib/kryo-2.20.jar
7f5fb053d000-7f5fb0543000 r--s 00025000 08:02 3394347                    /home/ankit/Downloads/android-studio/gradle/gradle-2.14.1/lib/gradle-messaging-2.14.1.jar
7f5fb0543000-7f5fb0544000 r--s 00003000 08:02 3394401                    /home/ankit/Downloads/android-studio/gradle/gradle-2.14.1/lib/native-platform-freebsd-amd64-0.10.jar
7f5fb0544000-7f5fb0545000 r--s 00003000 08:02 3394390                    /home/ankit/Downloads/android-studio/gradle/gradle-2.14.1/lib/native-platform-freebsd-i386-0.10.jar
7f5fb0545000-7f5fb0546000 r--s 00005000 08:02 3394385                    /home/ankit/Downloads/android-studio/gradle/gradle-2.14.1/lib/native-platform-windows-i386-0.10.jar
7f5fb0546000-7f5fb0547000 r--s 00005000 08:02 3394384                    /home/ankit/Downloads/android-studio/gradle/gradle-2.14.1/lib/native-platform-windows-amd64-0.10.jar
7f5fb0547000-7f5fb0548000 r--s 00003000 08:02 3394391                    /home/ankit/Downloads/android-studio/gradle/gradle-2.14.1/lib/native-platform-linux-i386-0.10.jar
7f5fb0548000-7f5fb0549000 r--s 00003000 08:02 3394382                    /home/ankit/Downloads/android-studio/gradle/gradle-2.14.1/lib/native-platform-linux-amd64-0.10.jar
7f5fb0549000-7f5fb054a000 r--s 00002000 08:02 3394381                    /home/ankit/Downloads/android-studio/gradle/gradle-2.14.1/lib/native-platform-osx-amd64-0.10.jar
7f5fb054a000-7f5fb054c000 r--s 00008000 08:02 3394399                    /home/ankit/Downloads/android-studio/gradle/gradle-2.14.1/lib/jansi-1.2.1.jar
7f5fb054c000-7f5fb054f000 r--s 0000d000 08:02 3394394                    /home/ankit/Downloads/android-studio/gradle/gradle-2.14.1/lib/native-platform-0.10.jar
7f5fb054f000-7f5fb0553000 r--s 000e4000 08:02 3394393                    /home/ankit/Downloads/android-studio/gradle/gradle-2.14.1/lib/jna-3.2.7.jar
7f5fb0553000-7f5fb0555000 r--s 00009000 08:02 3394375                    /home/ankit/Downloads/android-studio/gradle/gradle-2.14.1/lib/gradle-native-2.14.1.jar
7f5fb0555000-7f5fb05c4000 r--s 0063e000 08:02 3394407                    /home/ankit/Downloads/android-studio/gradle/gradle-2.14.1/lib/groovy-all-2.4.4.jar
7f5fb05c4000-7f5fb05ec000 r--s 001cf000 08:02 3394387                    /home/ankit/Downloads/android-studio/gradle/gradle-2.14.1/lib/guava-jdk5-17.0.jar
7f5fb05ec000-7f5fb060b000 r--s 001d1000 08:02 3394357                    /home/ankit/Downloads/android-studio/gradle/gradle-2.14.1/lib/ant-1.9.6.jar
7f5fb060b000-7f5fb060c000 ---p 00000000 00:00 0 
7f5fb060c000-7f5fb070c000 rw-p 00000000 00:00 0 
7f5fb070c000-7f5fb070f000 ---p 00000000 00:00 0 
7f5fb070f000-7f5fb080d000 rw-p 00000000 00:00 0 
7f5fb080d000-7f5fb0810000 ---p 00000000 00:00 0 
7f5fb0810000-7f5fb090e000 rw-p 00000000 00:00 0 
7f5fb090e000-7f5fb0911000 ---p 00000000 00:00 0 
7f5fb0911000-7f5fb0a0f000 rw-p 00000000 00:00 0 
7f5fb0a0f000-7f5fb0a12000 ---p 00000000 00:00 0 
7f5fb0a12000-7f5fb0b10000 rw-p 00000000 00:00 0 
7f5fb0b10000-7f5fb0b13000 ---p 00000000 00:00 0 
7f5fb0b13000-7f5fb0c11000 rw-p 00000000 00:00 0 
7f5fb0c11000-7f5fb12f3000 r--p 00000000 08:02 59247                      /usr/lib/locale/locale-archive
7f5fb12f3000-7f5fb12f6000 ---p 00000000 00:00 0 
7f5fb12f6000-7f5fb13f4000 rw-p 00000000 00:00 0 
7f5fb13f4000-7f5fb13f7000 ---p 00000000 00:00 0 
7f5fb13f7000-7f5fb14f5000 rw-p 00000000 00:00 0 
7f5fb14f5000-7f5fb14f6000 ---p 00000000 00:00 0 
7f5fb14f6000-7f5fb5000000 rw-p 00000000 00:00 0 
7f5fb5000000-7f5fb6fd0000 rwxp 00000000 00:00 0 
7f5fb6fd0000-7f5fc4000000 ---p 00000000 00:00 0 
7f5fc4000000-7f5fc4b99000 rw-p 00000000 00:00 0 
7f5fc4b99000-7f5fc8000000 ---p 00000000 00:00 0 
7f5fc8000000-7f5fc8002000 r--s 00005000 08:02 3394376                    /home/ankit/Downloads/android-studio/gradle/gradle-2.14.1/lib/gradle-cli-2.14.1.jar
7f5fc8002000-7f5fc8011000 r--s 00080000 08:02 3394371                    /home/ankit/Downloads/android-studio/gradle/gradle-2.14.1/lib/gradle-model-core-2.14.1.jar
7f5fc8011000-7f5fc801e000 r--s 00083000 08:02 3394379                    /home/ankit/Downloads/android-studio/gradle/gradle-2.14.1/lib/commons-collections-3.2.2.jar
7f5fc801e000-7f5fc8055000 r--s 001bd000 08:02 3394359                    /home/ankit/Downloads/android-studio/gradle/gradle-2.14.1/lib/gradle-core-2.14.1.jar
7f5fc8055000-7f5fc862d000 rw-p 00000000 00:00 0 
7f5fc862d000-7f5fc8805000 r--s 03d2a000 08:02 182584                     /usr/lib/jvm/java-8-oracle/jre/lib/rt.jar
7f5fc8805000-7f5fc937b000 rw-p 00000000 00:00 0 
7f5fc937b000-7f5fc937c000 ---p 00000000 00:00 0 
7f5fc937c000-7f5fc947c000 rw-p 00000000 00:00 0 
7f5fc947c000-7f5fc947d000 ---p 00000000 00:00 0 
7f5fc947d000-7f5fc957d000 rw-p 00000000 00:00 0 
7f5fc957d000-7f5fc957e000 ---p 00000000 00:00 0 
7f5fc957e000-7f5fc967e000 rw-p 00000000 00:00 0 
7f5fc967e000-7f5fc967f000 ---p 00000000 00:00 0 
7f5fc967f000-7f5fc97d0000 rw-p 00000000 00:00 0 
7f5fc97d0000-7f5fc997f000 ---p 00000000 00:00 0 
7f5fc997f000-7f5fc99d0000 rw-p 00000000 00:00 0 
7f5fc99d0000-7f5fc9b7f000 ---p 00000000 00:00 0 
7f5fc9b7f000-7f5fc9c29000 rw-p 00000000 00:00 0 
7f5fc9c29000-7f5fc9c7f000 ---p 00000000 00:00 0 
7f5fc9c7f000-7f5fc9d00000 rw-p 00000000 00:00 0 
7f5fc9d00000-7f5fca040000 ---p 00000000 00:00 0 
7f5fca040000-7f5fca05a000 r-xp 00000000 08:02 199997                     /usr/lib/jvm/java-8-oracle/jre/lib/amd64/libzip.so
7f5fca05a000-7f5fca25a000 ---p 0001a000 08:02 199997                     /usr/lib/jvm/java-8-oracle/jre/lib/amd64/libzip.so
7f5fca25a000-7f5fca25b000 rw-p 0001a000 08:02 199997                     /usr/lib/jvm/java-8-oracle/jre/lib/amd64/libzip.so
7f5fca25b000-7f5fca265000 r-xp 00000000 08:02 2621662                    /lib/x86_64-linux-gnu/libnss_files-2.21.so
7f5fca265000-7f5fca465000 ---p 0000a000 08:02 2621662                    /lib/x86_64-linux-gnu/libnss_files-2.21.so
7f5fca465000-7f5fca466000 r--p 0000a000 08:02 2621662                    /lib/x86_64-linux-gnu/libnss_files-2.21.so
7f5fca466000-7f5fca467000 rw-p 0000b000 08:02 2621662                    /lib/x86_64-linux-gnu/libnss_files-2.21.so
7f5fca467000-7f5fca472000 r-xp 00000000 08:02 2623427                    /lib/x86_64-linux-gnu/libnss_nis-2.21.so
7f5fca472000-7f5fca671000 ---p 0000b000 08:02 2623427                    /lib/x86_64-linux-gnu/libnss_nis-2.21.so
7f5fca671000-7f5fca672000 r--p 0000a000 08:02 2623427                    /lib/x86_64-linux-gnu/libnss_nis-2.21.so
7f5fca672000-7f5fca673000 rw-p 0000b000 08:02 2623427                    /lib/x86_64-linux-gnu/libnss_nis-2.21.so
7f5fca673000-7f5fca68a000 r-xp 00000000 08:02 2623430                    /lib/x86_64-linux-gnu/libnsl-2.21.so
7f5fca68a000-7f5fca889000 ---p 00017000 08:02 2623430                    /lib/x86_64-linux-gnu/libnsl-2.21.so
7f5fca889000-7f5fca88a000 r--p 00016000 08:02 2623430                    /lib/x86_64-linux-gnu/libnsl-2.21.so
7f5fca88a000-7f5fca88b000 rw-p 00017000 08:02 2623430                    /lib/x86_64-linux-gnu/libnsl-2.21.so
7f5fca88b000-7f5fca88d000 rw-p 00000000 00:00 0 
7f5fca88d000-7f5fca895000 r-xp 00000000 08:02 2622662                    /lib/x86_64-linux-gnu/libnss_compat-2.21.so
7f5fca895000-7f5fcaa94000 ---p 00008000 08:02 2622662                    /lib/x86_64-linux-gnu/libnss_compat-2.21.so
7f5fcaa94000-7f5fcaa95000 r--p 00007000 08:02 2622662                    /lib/x86_64-linux-gnu/libnss_compat-2.21.so
7f5fcaa95000-7f5fcaa96000 rw-p 00008000 08:02 2622662                    /lib/x86_64-linux-gnu/libnss_compat-2.21.so
7f5fcaa96000-7f5fcaac1000 r-xp 00000000 08:02 200024                     /usr/lib/jvm/java-8-oracle/jre/lib/amd64/libjava.so
7f5fcaac1000-7f5fcacc0000 ---p 0002b000 08:02 200024                     /usr/lib/jvm/java-8-oracle/jre/lib/amd64/libjava.so
7f5fcacc0000-7f5fcacc2000 rw-p 0002a000 08:02 200024                     /usr/lib/jvm/java-8-oracle/jre/lib/amd64/libjava.so
7f5fcacc2000-7f5fcaccf000 r-xp 00000000 08:02 199975                     /usr/lib/jvm/java-8-oracle/jre/lib/amd64/libverify.so
7f5fcaccf000-7f5fcaece000 ---p 0000d000 08:02 199975                     /usr/lib/jvm/java-8-oracle/jre/lib/amd64/libverify.so
7f5fcaece000-7f5fcaed0000 rw-p 0000c000 08:02 199975                     /usr/lib/jvm/java-8-oracle/jre/lib/amd64/libverify.so
7f5fcaed0000-7f5fcaed7000 r-xp 00000000 08:02 2621663                    /lib/x86_64-linux-gnu/librt-2.21.so
7f5fcaed7000-7f5fcb0d6000 ---p 00007000 08:02 2621663                    /lib/x86_64-linux-gnu/librt-2.21.so
7f5fcb0d6000-7f5fcb0d7000 r--p 00006000 08:02 2621663                    /lib/x86_64-linux-gnu/librt-2.21.so
7f5fcb0d7000-7f5fcb0d8000 rw-p 00007000 08:02 2621663                    /lib/x86_64-linux-gnu/librt-2.21.so
7f5fcb0d8000-7f5fcb1df000 r-xp 00000000 08:02 2623271                    /lib/x86_64-linux-gnu/libm-2.21.so
7f5fcb1df000-7f5fcb3de000 ---p 00107000 08:02 2623271                    /lib/x86_64-linux-gnu/libm-2.21.so
7f5fcb3de000-7f5fcb3df000 r--p 00106000 08:02 2623271                    /lib/x86_64-linux-gnu/libm-2.21.so
7f5fcb3df000-7f5fcb3e0000 rw-p 00107000 08:02 2623271                    /lib/x86_64-linux-gnu/libm-2.21.so
7f5fcb3e0000-7f5fcc0ad000 r-xp 00000000 08:02 200028                     /usr/lib/jvm/java-8-oracle/jre/lib/amd64/server/libjvm.so
7f5fcc0ad000-7f5fcc2ac000 ---p 00ccd000 08:02 200028                     /usr/lib/jvm/java-8-oracle/jre/lib/amd64/server/libjvm.so
7f5fcc2ac000-7f5fcc385000 rw-p 00ccc000 08:02 200028                     /usr/lib/jvm/java-8-oracle/jre/lib/amd64/server/libjvm.so
7f5fcc385000-7f5fcc3d0000 rw-p 00000000 00:00 0 
7f5fcc3d0000-7f5fcc590000 r-xp 00000000 08:02 2623433                    /lib/x86_64-linux-gnu/libc-2.21.so
7f5fcc590000-7f5fcc790000 ---p 001c0000 08:02 2623433                    /lib/x86_64-linux-gnu/libc-2.21.so
7f5fcc790000-7f5fcc794000 r--p 001c0000 08:02 2623433                    /lib/x86_64-linux-gnu/libc-2.21.so
7f5fcc794000-7f5fcc796000 rw-p 001c4000 08:02 2623433                    /lib/x86_64-linux-gnu/libc-2.21.so
7f5fcc796000-7f5fcc79a000 rw-p 00000000 00:00 0 
7f5fcc79a000-7f5fcc79d000 r-xp 00000000 08:02 2623420                    /lib/x86_64-linux-gnu/libdl-2.21.so
7f5fcc79d000-7f5fcc99c000 ---p 00003000 08:02 2623420                    /lib/x86_64-linux-gnu/libdl-2.21.so
7f5fcc99c000-7f5fcc99d000 r--p 00002000 08:02 2623420                    /lib/x86_64-linux-gnu/libdl-2.21.so
7f5fcc99d000-7f5fcc99e000 rw-p 00003000 08:02 2623420                    /lib/x86_64-linux-gnu/libdl-2.21.so
7f5fcc99e000-7f5fcc9b3000 r-xp 00000000 08:02 158504                     /usr/lib/jvm/java-8-oracle/lib/amd64/jli/libjli.so
7f5fcc9b3000-7f5fccbb3000 ---p 00015000 08:02 158504                     /usr/lib/jvm/java-8-oracle/lib/amd64/jli/libjli.so
7f5fccbb3000-7f5fccbb4000 rw-p 00015000 08:02 158504                     /usr/lib/jvm/java-8-oracle/lib/amd64/jli/libjli.so
7f5fccbb4000-7f5fccbcc000 r-xp 00000000 08:02 2623413                    /lib/x86_64-linux-gnu/libpthread-2.21.so
7f5fccbcc000-7f5fccdcc000 ---p 00018000 08:02 2623413                    /lib/x86_64-linux-gnu/libpthread-2.21.so
7f5fccdcc000-7f5fccdcd000 r--p 00018000 08:02 2623413                    /lib/x86_64-linux-gnu/libpthread-2.21.so
7f5fccdcd000-7f5fccdce000 rw-p 00019000 08:02 2623413                    /lib/x86_64-linux-gnu/libpthread-2.21.so
7f5fccdce000-7f5fccdd2000 rw-p 00000000 00:00 0 
7f5fccdd2000-7f5fccdf6000 r-xp 00000000 08:02 2623431                    /lib/x86_64-linux-gnu/ld-2.21.so
7f5fccdf6000-7f5fccdf7000 r--s 00002000 08:02 3394398                    /home/ankit/Downloads/android-studio/gradle/gradle-2.14.1/lib/native-platform-osx-i386-0.10.jar
7f5fccdf7000-7f5fccdf9000 r--s 00007000 08:02 3394353                    /home/ankit/Downloads/android-studio/gradle/gradle-2.14.1/lib/gradle-model-groovy-2.14.1.jar
7f5fccdf9000-7f5fccdfa000 r--s 00006000 08:02 3394370                    /home/ankit/Downloads/android-studio/gradle/gradle-2.14.1/lib/gradle-base-services-groovy-2.14.1.jar
7f5fccdfa000-7f5fccdfb000 r--s 00002000 08:02 3394360                    /home/ankit/Downloads/android-studio/gradle/gradle-2.14.1/lib/gradle-docs-2.14.1.jar
7f5fccdfb000-7f5fccdfc000 r--s 00000000 08:02 3394406                    /home/ankit/Downloads/android-studio/gradle/gradle-2.14.1/lib/javax.inject-1.jar
7f5fccdfc000-7f5fccdfd000 r--s 00000000 08:02 3394388                    /home/ankit/Downloads/android-studio/gradle/gradle-2.14.1/lib/jcip-annotations-1.0.jar
7f5fccdfd000-7f5fcce01000 r--s 00027000 08:02 3394396                    /home/ankit/Downloads/android-studio/gradle/gradle-2.14.1/lib/commons-io-2.2.jar
7f5fcce01000-7f5fcce06000 r--s 00038000 08:02 3394363                    /home/ankit/Downloads/android-studio/gradle/gradle-2.14.1/lib/asm-all-5.1.jar
7f5fcce06000-7f5fcce07000 r--s 00001000 08:02 3394374                    /home/ankit/Downloads/android-studio/gradle/gradle-2.14.1/lib/gradle-process-services-2.14.1.jar
7f5fcce07000-7f5fcce08000 r--s 00000000 08:02 3394345                    /home/ankit/Downloads/android-studio/gradle/gradle-2.14.1/lib/gradle-jvm-services-2.14.1.jar
7f5fcce08000-7f5fcce0d000 r--s 00041000 08:02 3394392                    /home/ankit/Downloads/android-studio/gradle/gradle-2.14.1/lib/commons-lang-2.6.jar
7f5fcce0d000-7f5fccecf000 rw-p 00000000 00:00 0 
7f5fccecf000-7f5fcced2000 ---p 00000000 00:00 0 
7f5fcced2000-7f5fccfd4000 rw-p 00000000 00:00 0 
7f5fccfd4000-7f5fccfd5000 r--s 00007000 08:02 3394386                    /home/ankit/Downloads/android-studio/gradle/gradle-2.14.1/lib/slf4j-api-1.7.10.jar
7f5fccfd5000-7f5fccfd6000 r--s 00004000 08:02 3394372                    /home/ankit/Downloads/android-studio/gradle/gradle-2.14.1/lib/ant-launcher-1.9.6.jar
7f5fccfd6000-7f5fccfde000 r--s 0003a000 08:02 3394364                    /home/ankit/Downloads/android-studio/gradle/gradle-2.14.1/lib/gradle-base-services-2.14.1.jar
7f5fccfde000-7f5fccfe9000 r--s 00051000 08:02 3394361                    /home/ankit/Downloads/android-studio/gradle/gradle-2.14.1/lib/gradle-launcher-2.14.1.jar
7f5fccfe9000-7f5fccff1000 rw-s 00000000 08:02 5030205                    /tmp/hsperfdata_ankit/13504
7f5fccff1000-7f5fccff2000 rw-p 00000000 00:00 0 
7f5fccff2000-7f5fccff3000 ---p 00000000 00:00 0 
7f5fccff3000-7f5fccff5000 rw-p 00000000 00:00 0 
7f5fccff5000-7f5fccff6000 r--p 00023000 08:02 2623431                    /lib/x86_64-linux-gnu/ld-2.21.so
7f5fccff6000-7f5fccff7000 rw-p 00024000 08:02 2623431                    /lib/x86_64-linux-gnu/ld-2.21.so
7f5fccff7000-7f5fccff8000 rw-p 00000000 00:00 0 
7ffc89f24000-7ffc89f45000 rw-p 00000000 00:00 0                          [stack]
7ffc89fb5000-7ffc89fb7000 r--p 00000000 00:00 0                          [vvar]
7ffc89fb7000-7ffc89fb9000 r-xp 00000000 00:00 0                          [vdso]
ffffffffff600000-ffffffffff601000 r-xp 00000000 00:00 0                  [vsyscall]

VM Arguments:
jvm_args: -Xmx1536m -Dfile.encoding=UTF-8 -Duser.country=IN -Duser.language=en -Duser.variant 
java_command: org.gradle.launcher.daemon.bootstrap.GradleDaemon 2.14.1
java_class_path (initial): /home/ankit/Downloads/android-studio/gradle/gradle-2.14.1/lib/gradle-launcher-2.14.1.jar
Launcher Type: SUN_STANDARD

Environment Variables:
JAVA_HOME=/usr/lib/jvm/java-8-oracle
PATH=/usr/local/sbin:/usr/local/bin:/usr/sbin:/usr/bin:/sbin:/bin:/usr/games:/usr/local/games:/usr/lib/jvm/java-8-oracle/bin:/usr/lib/jvm/java-8-oracle/db/bin:/usr/lib/jvm/java-8-oracle/jre/bin
LD_LIBRARY_PATH=Downloads/android-studio/bin:
SHELL=/bin/bash
DISPLAY=:0

Signal Handlers:
SIGSEGV: [libjvm.so+0xac64b0], sa_mask[0]=11111111011111111101111111111110, sa_flags=SA_RESTART|SA_SIGINFO
SIGBUS: [libjvm.so+0xac64b0], sa_mask[0]=11111111011111111101111111111110, sa_flags=SA_RESTART|SA_SIGINFO
SIGFPE: [libjvm.so+0x91f950], sa_mask[0]=11111111011111111101111111111110, sa_flags=SA_RESTART|SA_SIGINFO
SIGPIPE: [libjvm.so+0x91f950], sa_mask[0]=11111111011111111101111111111110, sa_flags=SA_RESTART|SA_SIGINFO
SIGXFSZ: [libjvm.so+0x91f950], sa_mask[0]=11111111011111111101111111111110, sa_flags=SA_RESTART|SA_SIGINFO
SIGILL: [libjvm.so+0x91f950], sa_mask[0]=11111111011111111101111111111110, sa_flags=SA_RESTART|SA_SIGINFO
SIGUSR1: SIG_DFL, sa_mask[0]=00000000000000000000000000000000, sa_flags=none
SIGUSR2: [libjvm.so+0x920f80], sa_mask[0]=00100000000000000000000000000000, sa_flags=SA_RESTART|SA_SIGINFO
SIGHUP: [libjvm.so+0x922380], sa_mask[0]=11111111011111111101111111111110, sa_flags=SA_RESTART|SA_SIGINFO
SIGINT: [libjvm.so+0x922380], sa_mask[0]=11111111011111111101111111111110, sa_flags=SA_RESTART|SA_SIGINFO
SIGTERM: [libjvm.so+0x922380], sa_mask[0]=11111111011111111101111111111110, sa_flags=SA_RESTART|SA_SIGINFO
SIGQUIT: [libjvm.so+0x922380], sa_mask[0]=11111111011111111101111111111110, sa_flags=SA_RESTART|SA_SIGINFO


---------------  S Y S T E M  ---------------

OS:DISTRIB_ID=Ubuntu
DISTRIB_RELEASE=15.10
DISTRIB_CODENAME=wily
DISTRIB_DESCRIPTION="Ubuntu 15.10"

uname:Linux 4.2.0-42-generic #49-Ubuntu SMP Tue Jun 28 21:26:26 UTC 2016 x86_64
libc:glibc 2.21 NPTL 2.21 
rlimit: STACK 8192k, CORE 0k, NPROC 31537, NOFILE 65536, AS infinity
load average:3.91 2.25 1.49

/proc/meminfo:
MemTotal:        8110256 kB
MemFree:          129676 kB
MemAvailable:     102584 kB
Buffers:            1432 kB
Cached:           912100 kB
SwapCached:            0 kB
Active:          6865872 kB
Inactive:         832020 kB
Active(anon):    6835056 kB
Inactive(anon):   797632 kB
Active(file):      30816 kB
Inactive(file):    34388 kB
Unevictable:         144 kB
Mlocked:             144 kB
SwapTotal:             0 kB
SwapFree:              0 kB
Dirty:               260 kB
Writeback:             0 kB
AnonPages:       6784532 kB
Mapped:           605924 kB
Shmem:            848300 kB
Slab:             102216 kB
SReclaimable:      49552 kB
SUnreclaim:        52664 kB
KernelStack:       15760 kB
PageTables:       106272 kB
NFS_Unstable:          0 kB
Bounce:                0 kB
WritebackTmp:          0 kB
CommitLimit:     4055128 kB
Committed_AS:   43693576 kB
VmallocTotal:   34359738367 kB
VmallocUsed:      552168 kB
VmallocChunk:   34358423548 kB
HardwareCorrupted:     0 kB
AnonHugePages:   2322432 kB
CmaTotal:              0 kB
CmaFree:               0 kB
HugePages_Total:       0
HugePages_Free:        0
HugePages_Rsvd:        0
HugePages_Surp:        0
Hugepagesize:       2048 kB
DirectMap4k:      242368 kB
DirectMap2M:     8081408 kB
DirectMap1G:     1048576 kB


CPU:total 4 (2 cores per cpu, 2 threads per core) family 6 model 69 stepping 1, cmov, cx8, fxsr, mmx, sse, sse2, sse3, ssse3, sse4.1, sse4.2, popcnt, avx, avx2, aes, clmul, erms, lzcnt, ht, tsc, tscinvbit, bmi1, bmi2

/proc/cpuinfo:
processor	: 0
vendor_id	: GenuineIntel
cpu family	: 6
model		: 69
model name	: Intel(R) Core(TM) i3-4005U CPU @ 1.70GHz
stepping	: 1
microcode	: 0x1c
cpu MHz		: 1695.417
cache size	: 3072 KB
physical id	: 0
siblings	: 4
core id		: 0
cpu cores	: 2
apicid		: 0
initial apicid	: 0
fpu		: yes
fpu_exception	: yes
cpuid level	: 13
wp		: yes
flags		: fpu vme de pse tsc msr pae mce cx8 apic sep mtrr pge mca cmov pat pse36 clflush dts acpi mmx fxsr sse sse2 ss ht tm pbe syscall nx pdpe1gb rdtscp lm constant_tsc arch_perfmon pebs bts rep_good nopl xtopology nonstop_tsc aperfmperf eagerfpu pni pclmulqdq dtes64 monitor ds_cpl vmx est tm2 ssse3 fma cx16 xtpr pdcm pcid sse4_1 sse4_2 movbe popcnt tsc_deadline_timer aes xsave avx f16c rdrand lahf_lm abm ida arat epb pln pts dtherm tpr_shadow vnmi flexpriority ept vpid fsgsbase tsc_adjust bmi1 avx2 smep bmi2 erms invpcid xsaveopt
bugs		:
bogomips	: 3391.99
clflush size	: 64
cache_alignment	: 64
address sizes	: 39 bits physical, 48 bits virtual
power management:

processor	: 1
vendor_id	: GenuineIntel
cpu family	: 6
model		: 69
model name	: Intel(R) Core(TM) i3-4005U CPU @ 1.70GHz
stepping	: 1
microcode	: 0x1c
cpu MHz		: 1670.582
cache size	: 3072 KB
physical id	: 0
siblings	: 4
core id		: 0
cpu cores	: 2
apicid		: 1
initial apicid	: 1
fpu		: yes
fpu_exception	: yes
cpuid level	: 13
wp		: yes
flags		: fpu vme de pse tsc msr pae mce cx8 apic sep mtrr pge mca cmov pat pse36 clflush dts acpi mmx fxsr sse sse2 ss ht tm pbe syscall nx pdpe1gb rdtscp lm constant_tsc arch_perfmon pebs bts rep_good nopl xtopology nonstop_tsc aperfmperf eagerfpu pni pclmulqdq dtes64 monitor ds_cpl vmx est tm2 ssse3 fma cx16 xtpr pdcm pcid sse4_1 sse4_2 movbe popcnt tsc_deadline_timer aes xsave avx f16c rdrand lahf_lm abm ida arat epb pln pts dtherm tpr_shadow vnmi flexpriority ept vpid fsgsbase tsc_adjust bmi1 avx2 smep bmi2 erms invpcid xsaveopt
bugs		:
bogomips	: 3391.99
clflush size	: 64
cache_alignment	: 64
address sizes	: 39 bits physical, 48 bits virtual
power management:

processor	: 2
vendor_id	: GenuineIntel
cpu family	: 6
model		: 69
model name	: Intel(R) Core(TM) i3-4005U CPU @ 1.70GHz
stepping	: 1
microcode	: 0x1c
cpu MHz		: 1694.488
cache size	: 3072 KB
physical id	: 0
siblings	: 4
core id		: 1
cpu cores	: 2
apicid		: 2
initial apicid	: 2
fpu		: yes
fpu_exception	: yes
cpuid level	: 13
wp		: yes
flags		: fpu vme de pse tsc msr pae mce cx8 apic sep mtrr pge mca cmov pat pse36 clflush dts acpi mmx fxsr sse sse2 ss ht tm pbe syscall nx pdpe1gb rdtscp lm constant_tsc arch_perfmon pebs bts rep_good nopl xtopology nonstop_tsc aperfmperf eagerfpu pni pclmulqdq dtes64 monitor ds_cpl vmx est tm2 ssse3 fma cx16 xtpr pdcm pcid sse4_1 sse4_2 movbe popcnt tsc_deadline_timer aes xsave avx f16c rdrand lahf_lm abm ida arat epb pln pts dtherm tpr_shadow vnmi flexpriority ept vpid fsgsbase tsc_adjust bmi1 avx2 smep bmi2 erms invpcid xsaveopt
bugs		:
bogomips	: 3391.99
clflush size	: 64
cache_alignment	: 64
address sizes	: 39 bits physical, 48 bits virtual
power management:

processor	: 3
vendor_id	: GenuineIntel
cpu family	: 6
model		: 69
model name	: Intel(R) Core(TM) i3-4005U CPU @ 1.70GHz
stepping	: 1
microcode	: 0x1c
cpu MHz		: 1689.109
cache size	: 3072 KB
physical id	: 0
siblings	: 4
core id		: 1
cpu cores	: 2
apicid		: 3
initial apicid	: 3
fpu		: yes
fpu_exception	: yes
cpuid level	: 13
wp		: yes
flags		: fpu vme de pse tsc msr pae mce cx8 apic sep mtrr pge mca cmov pat pse36 clflush dts acpi mmx fxsr sse sse2 ss ht tm pbe syscall nx pdpe1gb rdtscp lm constant_tsc arch_perfmon pebs bts rep_good nopl xtopology nonstop_tsc aperfmperf eagerfpu pni pclmulqdq dtes64 monitor ds_cpl vmx est tm2 ssse3 fma cx16 xtpr pdcm pcid sse4_1 sse4_2 movbe popcnt tsc_deadline_timer aes xsave avx f16c rdrand lahf_lm abm ida arat epb pln pts dtherm tpr_shadow vnmi flexpriority ept vpid fsgsbase tsc_adjust bmi1 avx2 smep bmi2 erms invpcid xsaveopt
bugs		:
bogomips	: 3391.99
clflush size	: 64
cache_alignment	: 64
address sizes	: 39 bits physical, 48 bits virtual
power management:



Memory: 4k page, physical 8110256k(129676k free), swap 0k(0k free)

vm_info: Java HotSpot(TM) 64-Bit Server VM (25.111-b14) for linux-amd64 JRE (1.8.0_111-b14), built on Sep 22 2016 16:14:03 by "java_re" with gcc 4.3.0 20080428 (Red Hat 4.3.0-8)

time: Wed Dec 28 14:50:52 2016
elapsed time: 100 seconds (0d 0h 1m 40s)

