#
# There is insufficient memory for the Java Runtime Environment to continue.
# Native memory allocation (mmap) failed to map 296222720 bytes for committing reserved memory.
# Possible reasons:
#   The system is out of physical RAM or swap space
#   In 32 bit mode, the process size limit was hit
# Possible solutions:
#   Reduce memory load on the system
#   Increase physical memory or swap space
#   Check if swap backing store is full
#   Use 64 bit Java on a 64 bit OS
#   Decrease Java heap size (-Xmx/-Xms)
#   Decrease number of Java threads
#   Decrease Java thread stack sizes (-Xss)
#   Set larger code cache with -XX:ReservedCodeCacheSize=
# This output file may be truncated or incomplete.
#
#  Out of Memory Error (os_linux.cpp:2627), pid=23752, tid=0x00007fac185b3700
#
# JRE version: Java(TM) SE Runtime Environment (8.0_111-b14) (build 1.8.0_111-b14)
# Java VM: Java HotSpot(TM) 64-Bit Server VM (25.111-b14 mixed mode linux-amd64 compressed oops)
# Failed to write core dump. Core dumps have been disabled. To enable core dumping, try "ulimit -c unlimited" before starting Java again
#

---------------  T H R E A D  ---------------

Current thread (0x00007fac28078000):  VMThread [stack: 0x00007fac184b3000,0x00007fac185b4000] [id=23777]

Stack: [0x00007fac184b3000,0x00007fac185b4000],  sp=0x00007fac185b21a0,  free space=1020k
Native frames: (J=compiled Java code, j=interpreted, Vv=VM code, C=native code)
V  [libjvm.so+0xac5c2a]  VMError::report_and_die()+0x2ba
V  [libjvm.so+0x4fc50b]  report_vm_out_of_memory(char const*, int, unsigned long, VMErrorType, char const*)+0x8b
V  [libjvm.so+0x922ae3]  os::Linux::commit_memory_impl(char*, unsigned long, bool)+0x103
V  [libjvm.so+0x923039]  os::pd_commit_memory(char*, unsigned long, unsigned long, bool)+0x29
V  [libjvm.so+0x91d33a]  os::commit_memory(char*, unsigned long, unsigned long, bool)+0x2a
V  [libjvm.so+0x991ac3]  PSVirtualSpace::expand_by(unsigned long)+0x53
V  [libjvm.so+0x982380]  PSOldGen::expand(unsigned long)+0x170
V  [libjvm.so+0x98258b]  PSOldGen::resize(unsigned long)+0x1cb
V  [libjvm.so+0x98a291]  PSParallelCompact::invoke_no_policy(bool)+0x991
V  [libjvm.so+0x98fbed]  PSScavenge::invoke()+0x1ad
V  [libjvm.so+0x9467d0]  ParallelScavengeHeap::failed_mem_allocate(unsigned long)+0x70
V  [libjvm.so+0xac7647]  VM_ParallelGCFailedAllocation::doit()+0x97
V  [libjvm.so+0xacf125]  VM_Operation::evaluate()+0x55
V  [libjvm.so+0xacd4fa]  VMThread::evaluate_operation(VM_Operation*)+0xba
V  [libjvm.so+0xacd87e]  VMThread::loop()+0x1ce
V  [libjvm.so+0xacdcf0]  VMThread::run()+0x70
V  [libjvm.so+0x924ea8]  java_start(Thread*)+0x108

VM_Operation (0x00007fabafcfcd00): ParallelGCFailedAllocation, mode: safepoint, requested by thread 0x00007fabb4075000


---------------  P R O C E S S  ---------------

Java Threads: ( => current thread )
  0x00007fabb4076000 JavaThread "pool-8-thread-4" [_thread_blocked, id=23908, stack(0x00007fabaf163000,0x00007fabaf264000)]
  0x00007fabb4075000 JavaThread "pool-8-thread-3" [_thread_blocked, id=23907, stack(0x00007fabafbfe000,0x00007fabafcff000)]
  0x00007fabb4074800 JavaThread "pool-8-thread-2" [_thread_blocked, id=23906, stack(0x00007fabafcff000,0x00007fabafe00000)]
  0x00007fabb4073800 JavaThread "pool-9-thread-1" [_thread_blocked, id=23905, stack(0x00007fabafafd000,0x00007fabafbfe000)]
  0x00007fabb4053800 JavaThread "pool-8-thread-1" [_thread_blocked, id=23904, stack(0x00007fabaf9fc000,0x00007fabafafd000)]
  0x00007fabc101d800 JavaThread "pool-6-thread-1" [_thread_blocked, id=23903, stack(0x00007fabe00a4000,0x00007fabe01a5000)]
  0x00007fabc0ac0800 JavaThread "File lock request listener" [_thread_in_native, id=23862, stack(0x00007fabe18cd000,0x00007fabe19ce000)]
  0x00007fabc08dd000 JavaThread "process reaper" daemon [_thread_blocked, id=23853, stack(0x00007fabe1e52000,0x00007fabe1e8b000)]
  0x00007fabc0010800 JavaThread "Asynchronous log dispatcher for org.gradle.launcher.daemon.server.DefaultDaemonConnection@7a86742a" [_thread_blocked, id=23850, stack(0x00007fabe2805000,0x00007fabe2906000)]
  0x00007fabd4007000 JavaThread "Daemon worker" [_thread_blocked, id=23847, stack(0x00007fabe2906000,0x00007fabe2a07000)]
  0x00007fabd400a800 JavaThread "Cancel handler" [_thread_blocked, id=23846, stack(0x00007fabe2a07000,0x00007fabe2b08000)]
  0x00007fabd4003800 JavaThread "Handler for socket connection from /127.0.0.1:34168 to /127.0.0.1:37340" [_thread_in_native, id=23845, stack(0x00007fabe2b08000,0x00007fabe2c09000)]
  0x00007fabd0014000 JavaThread "Daemon" [_thread_blocked, id=23844, stack(0x00007fabe2c09000,0x00007fabe2d0a000)]
  0x00007fac28b35800 JavaThread "Incoming local TCP Connector on port 34168" [_thread_in_native, id=23842, stack(0x00007fabe2f11000,0x00007fabe3012000)]
  0x00007fac28b1a800 JavaThread "pool-1-thread-1" [_thread_blocked, id=23836, stack(0x00007fabe3012000,0x00007fabe3113000)]
  0x00007fac280d3000 JavaThread "Service Thread" daemon [_thread_blocked, id=23784, stack(0x00007fac0861b000,0x00007fac0871c000)]
  0x00007fac280bd800 JavaThread "C1 CompilerThread2" daemon [_thread_blocked, id=23783, stack(0x00007fac0871c000,0x00007fac0881d000)]
  0x00007fac280bb800 JavaThread "C2 CompilerThread1" daemon [_thread_blocked, id=23782, stack(0x00007fac0881d000,0x00007fac0891e000)]
  0x00007fac280b9000 JavaThread "C2 CompilerThread0" daemon [_thread_blocked, id=23781, stack(0x00007fac180af000,0x00007fac181b0000)]
  0x00007fac280b7800 JavaThread "Signal Dispatcher" daemon [_thread_blocked, id=23780, stack(0x00007fac181b0000,0x00007fac182b1000)]
  0x00007fac28084800 JavaThread "Finalizer" daemon [_thread_blocked, id=23779, stack(0x00007fac182b1000,0x00007fac183b2000)]
  0x00007fac2807f800 JavaThread "Reference Handler" daemon [_thread_blocked, id=23778, stack(0x00007fac183b2000,0x00007fac184b3000)]
  0x00007fac2800a000 JavaThread "main" [_thread_blocked, id=23762, stack(0x00007fac30e49000,0x00007fac30f4a000)]

Other Threads:
=>0x00007fac28078000 VMThread [stack: 0x00007fac184b3000,0x00007fac185b4000] [id=23777]
  0x00007fac280d6000 WatcherThread [stack: 0x00007fac0851a000,0x00007fac0861b000] [id=23785]

VM state:at safepoint (normal execution)

VM Mutex/Monitor currently owned by a thread:  ([mutex/lock_event])
[0x00007fac28005bb0] ExpandHeap_lock - owner thread: 0x00007fac28078000
[0x00007fac28006230] Threads_lock - owner thread: 0x00007fac28078000
[0x00007fac28006730] Heap_lock - owner thread: 0x00007fabb4075000

Heap:
 PSYoungGen      total 348160K, used 61929K [0x00000000e0000000, 0x0000000100000000, 0x0000000100000000)
  eden space 249856K, 0% used [0x00000000e0000000,0x00000000e0000000,0x00000000ef400000)
  from space 98304K, 62% used [0x00000000f9980000,0x00000000fd5fa628,0x00000000ff980000)
  to   space 137216K, 0% used [0x00000000ef400000,0x00000000ef400000,0x00000000f7a00000)
 ParOldGen       total 603136K, used 602718K [0x00000000a0000000, 0x00000000c4d00000, 0x00000000e0000000)
  object space 603136K, 99% used [0x00000000a0000000,0x00000000c4c97928,0x00000000c4d00000)
 Metaspace       used 62007K, capacity 63508K, committed 63872K, reserved 1103872K
  class space    used 8126K, capacity 8472K, committed 8576K, reserved 1048576K

Card table byte_map: [0x00007fac2d8f9000,0x00007fac2dbfa000] byte_map_base: 0x00007fac2d3f9000

Marking Bits: (ParMarkBitMap*) 0x00007fac3031d220
 Begin Bits: [0x00007fac09000000, 0x00007fac0a800000)
 End Bits:   [0x00007fac0a800000, 0x00007fac0c000000)

Polling page: 0x00007fac30f6c000

CodeCache: size=245760Kb used=37901Kb max_used=37912Kb free=207858Kb
 bounds [0x00007fac19000000, 0x00007fac1b5a0000, 0x00007fac28000000]
 total_blobs=11376 nmethods=10636 adapters=651
 compilation: enabled

Compilation events (10 events):
Event: 87.843 Thread 0x00007fac280b9000 nmethod 12588 0x00007fac1a7e0090 code [0x00007fac1a7e0280, 0x00007fac1a7e0650]
Event: 87.843 Thread 0x00007fac280b9000 12597       4       com.android.dx.ssa.LiteralOpUpgrader$1::visitNonMoveInsn (203 bytes)
Event: 88.045 Thread 0x00007fac280b9000 nmethod 12597 0x00007fac1b551010 code [0x00007fac1b5514e0, 0x00007fac1b552e80]
Event: 88.046 Thread 0x00007fac280b9000 12788       4       java.util.ArrayList$SubList::checkForComodification (23 bytes)
Event: 88.047 Thread 0x00007fac280b9000 nmethod 12788 0x00007fac191b1950 code [0x00007fac191b1aa0, 0x00007fac191b1b38]
Event: 88.047 Thread 0x00007fac280b9000 12652       4       com.android.dx.ssa.back.FirstFitLocalCombiningAllocator$1::visitNonMoveInsn (6 bytes)
Event: 88.048 Thread 0x00007fac280b9000 nmethod 12652 0x00007fac196dcdd0 code [0x00007fac196dcf20, 0x00007fac196dcfa8]
Event: 88.056 Thread 0x00007fac280b9000 13698       4       com.android.dx.ssa.Dominators::eval (29 bytes)
Event: 88.069 Thread 0x00007fac280b9000 nmethod 13698 0x00007fac1a356d50 code [0x00007fac1a356ea0, 0x00007fac1a356fa8]
Event: 88.069 Thread 0x00007fac280b9000 12559       4       com.android.dx.rop.code.BasicBlockList::set (12 bytes)

GC Heap History (10 events):
Event: 81.175 GC heap after
Heap after GC invocations=36 (full 6):
 PSYoungGen      total 421376K, used 46801K [0x00000000e0000000, 0x00000000ffa80000, 0x0000000100000000)
  eden space 330240K, 0% used [0x00000000e0000000,0x00000000e0000000,0x00000000f4280000)
  from space 91136K, 51% used [0x00000000fa180000,0x00000000fcf34788,0x00000000ffa80000)
  to   space 94208K, 0% used [0x00000000f4280000,0x00000000f4280000,0x00000000f9e80000)
 ParOldGen       total 603136K, used 370743K [0x00000000a0000000, 0x00000000c4d00000, 0x00000000e0000000)
  object space 603136K, 61% used [0x00000000a0000000,0x00000000b6a0dc88,0x00000000c4d00000)
 Metaspace       used 61993K, capacity 63508K, committed 63872K, reserved 1103872K
  class space    used 8125K, capacity 8472K, committed 8576K, reserved 1048576K
}
Event: 82.353 GC heap before
{Heap before GC invocations=37 (full 6):
 PSYoungGen      total 421376K, used 377041K [0x00000000e0000000, 0x00000000ffa80000, 0x0000000100000000)
  eden space 330240K, 100% used [0x00000000e0000000,0x00000000f4280000,0x00000000f4280000)
  from space 91136K, 51% used [0x00000000fa180000,0x00000000fcf34788,0x00000000ffa80000)
  to   space 94208K, 0% used [0x00000000f4280000,0x00000000f4280000,0x00000000f9e80000)
 ParOldGen       total 603136K, used 370743K [0x00000000a0000000, 0x00000000c4d00000, 0x00000000e0000000)
  object space 603136K, 61% used [0x00000000a0000000,0x00000000b6a0dc88,0x00000000c4d00000)
 Metaspace       used 61994K, capacity 63508K, committed 63872K, reserved 1103872K
  class space    used 8125K, capacity 8472K, committed 8576K, reserved 1048576K
Event: 82.547 GC heap after
Heap after GC invocations=37 (full 6):
 PSYoungGen      total 424448K, used 94206K [0x00000000e0000000, 0x0000000100000000, 0x0000000100000000)
  eden space 330240K, 0% used [0x00000000e0000000,0x00000000e0000000,0x00000000f4280000)
  from space 94208K, 99% used [0x00000000f4280000,0x00000000f9e7fab8,0x00000000f9e80000)
  to   space 99840K, 0% used [0x00000000f9e80000,0x00000000f9e80000,0x0000000100000000)
 ParOldGen       total 603136K, used 371068K [0x00000000a0000000, 0x00000000c4d00000, 0x00000000e0000000)
  object space 603136K, 61% used [0x00000000a0000000,0x00000000b6a5f210,0x00000000c4d00000)
 Metaspace       used 61994K, capacity 63508K, committed 63872K, reserved 1103872K
  class space    used 8125K, capacity 8472K, committed 8576K, reserved 1048576K
}
Event: 83.754 GC heap before
{Heap before GC invocations=38 (full 6):
 PSYoungGen      total 424448K, used 424446K [0x00000000e0000000, 0x0000000100000000, 0x0000000100000000)
  eden space 330240K, 100% used [0x00000000e0000000,0x00000000f4280000,0x00000000f4280000)
  from space 94208K, 99% used [0x00000000f4280000,0x00000000f9e7fab8,0x00000000f9e80000)
  to   space 99840K, 0% used [0x00000000f9e80000,0x00000000f9e80000,0x0000000100000000)
 ParOldGen       total 603136K, used 371068K [0x00000000a0000000, 0x00000000c4d00000, 0x00000000e0000000)
  object space 603136K, 61% used [0x00000000a0000000,0x00000000b6a5f210,0x00000000c4d00000)
 Metaspace       used 62005K, capacity 63508K, committed 63872K, reserved 1103872K
  class space    used 8126K, capacity 8472K, committed 8576K, reserved 1048576K
Event: 84.059 GC heap after
Heap after GC invocations=38 (full 6):
 PSYoungGen      total 417280K, used 46223K [0x00000000e0000000, 0x0000000100000000, 0x0000000100000000)
  eden space 317440K, 0% used [0x00000000e0000000,0x00000000e0000000,0x00000000f3600000)
  from space 99840K, 46% used [0x00000000f9e80000,0x00000000fcba3c70,0x0000000100000000)
  to   space 103424K, 0% used [0x00000000f3600000,0x00000000f3600000,0x00000000f9b00000)
 ParOldGen       total 603136K, used 464029K [0x00000000a0000000, 0x00000000c4d00000, 0x00000000e0000000)
  object space 603136K, 76% used [0x00000000a0000000,0x00000000bc5276a8,0x00000000c4d00000)
 Metaspace       used 62005K, capacity 63508K, committed 63872K, reserved 1103872K
  class space    used 8126K, capacity 8472K, committed 8576K, reserved 1048576K
}
Event: 85.201 GC heap before
{Heap before GC invocations=39 (full 6):
 PSYoungGen      total 417280K, used 363663K [0x00000000e0000000, 0x0000000100000000, 0x0000000100000000)
  eden space 317440K, 100% used [0x00000000e0000000,0x00000000f3600000,0x00000000f3600000)
  from space 99840K, 46% used [0x00000000f9e80000,0x00000000fcba3c70,0x0000000100000000)
  to   space 103424K, 0% used [0x00000000f3600000,0x00000000f3600000,0x00000000f9b00000)
 ParOldGen       total 603136K, used 464029K [0x00000000a0000000, 0x00000000c4d00000, 0x00000000e0000000)
  object space 603136K, 76% used [0x00000000a0000000,0x00000000bc5276a8,0x00000000c4d00000)
 Metaspace       used 62007K, capacity 63508K, committed 63872K, reserved 1103872K
  class space    used 8126K, capacity 8472K, committed 8576K, reserved 1048576K
Event: 85.392 GC heap after
Heap after GC invocations=39 (full 6):
 PSYoungGen      total 365568K, used 47624K [0x00000000e0000000, 0x00000000ff980000, 0x0000000100000000)
  eden space 317440K, 0% used [0x00000000e0000000,0x00000000e0000000,0x00000000f3600000)
  from space 48128K, 98% used [0x00000000f3600000,0x00000000f6482190,0x00000000f6500000)
  to   space 98304K, 0% used [0x00000000f9980000,0x00000000f9980000,0x00000000ff980000)
 ParOldGen       total 603136K, used 508506K [0x00000000a0000000, 0x00000000c4d00000, 0x00000000e0000000)
  object space 603136K, 84% used [0x00000000a0000000,0x00000000bf096890,0x00000000c4d00000)
 Metaspace       used 62007K, capacity 63508K, committed 63872K, reserved 1103872K
  class space    used 8126K, capacity 8472K, committed 8576K, reserved 1048576K
}
Event: 88.081 GC heap before
{Heap before GC invocations=40 (full 6):
 PSYoungGen      total 365568K, used 365064K [0x00000000e0000000, 0x00000000ff980000, 0x0000000100000000)
  eden space 317440K, 100% used [0x00000000e0000000,0x00000000f3600000,0x00000000f3600000)
  from space 48128K, 98% used [0x00000000f3600000,0x00000000f6482190,0x00000000f6500000)
  to   space 98304K, 0% used [0x00000000f9980000,0x00000000f9980000,0x00000000ff980000)
 ParOldGen       total 603136K, used 508506K [0x00000000a0000000, 0x00000000c4d00000, 0x00000000e0000000)
  object space 603136K, 84% used [0x00000000a0000000,0x00000000bf096890,0x00000000c4d00000)
 Metaspace       used 62007K, capacity 63508K, committed 63872K, reserved 1103872K
  class space    used 8126K, capacity 8472K, committed 8576K, reserved 1048576K
Event: 88.349 GC heap after
Heap after GC invocations=40 (full 6):
 PSYoungGen      total 348160K, used 98296K [0x00000000e0000000, 0x0000000100000000, 0x0000000100000000)
  eden space 249856K, 0% used [0x00000000e0000000,0x00000000e0000000,0x00000000ef400000)
  from space 98304K, 99% used [0x00000000f9980000,0x00000000ff97e0d0,0x00000000ff980000)
  to   space 137216K, 0% used [0x00000000ef400000,0x00000000ef400000,0x00000000f7a00000)
 ParOldGen       total 603136K, used 574035K [0x00000000a0000000, 0x00000000c4d00000, 0x00000000e0000000)
  object space 603136K, 95% used [0x00000000a0000000,0x00000000c3094fd8,0x00000000c4d00000)
 Metaspace       used 62007K, capacity 63508K, committed 63872K, reserved 1103872K
  class space    used 8126K, capacity 8472K, committed 8576K, reserved 1048576K
}
Event: 88.349 GC heap before
{Heap before GC invocations=41 (full 7):
 PSYoungGen      total 348160K, used 98296K [0x00000000e0000000, 0x0000000100000000, 0x0000000100000000)
  eden space 249856K, 0% used [0x00000000e0000000,0x00000000e0000000,0x00000000ef400000)
  from space 98304K, 99% used [0x00000000f9980000,0x00000000ff97e0d0,0x00000000ff980000)
  to   space 137216K, 0% used [0x00000000ef400000,0x00000000ef400000,0x00000000f7a00000)
 ParOldGen       total 603136K, used 574035K [0x00000000a0000000, 0x00000000c4d00000, 0x00000000e0000000)
  object space 603136K, 95% used [0x00000000a0000000,0x00000000c3094fd8,0x00000000c4d00000)
 Metaspace       used 62007K, capacity 63508K, committed 63872K, reserved 1103872K
  class space    used 8126K, capacity 8472K, committed 8576K, reserved 1048576K

Deoptimization events (10 events):
Event: 83.267 Thread 0x00007fabb4075000 Uncommon trap: reason=class_check action=maybe_recompile pc=0x00007fac1b1084a4 method=com.android.dx.ssa.SsaConverter.placePhiFunctions(Lcom/android/dx/ssa/SsaMethod;Lcom/android/dx/ssa/LocalVariableInfo;I)V @ 266
Event: 83.267 Thread 0x00007fabb4075000 Uncommon trap: reason=class_check action=maybe_recompile pc=0x00007fac1b1084a4 method=com.android.dx.ssa.SsaConverter.placePhiFunctions(Lcom/android/dx/ssa/SsaMethod;Lcom/android/dx/ssa/LocalVariableInfo;I)V @ 266
Event: 83.268 Thread 0x00007fabb4075000 Uncommon trap: reason=class_check action=maybe_recompile pc=0x00007fac1b1084a4 method=com.android.dx.ssa.SsaConverter.placePhiFunctions(Lcom/android/dx/ssa/SsaMethod;Lcom/android/dx/ssa/LocalVariableInfo;I)V @ 266
Event: 83.268 Thread 0x00007fabb4075000 Uncommon trap: reason=class_check action=maybe_recompile pc=0x00007fac1aa68ac4 method=com.android.dx.ssa.SsaConverter.placePhiFunctions(Lcom/android/dx/ssa/SsaMethod;Lcom/android/dx/ssa/LocalVariableInfo;I)V @ 257
Event: 83.269 Thread 0x00007fabb4075000 Uncommon trap: reason=class_check action=maybe_recompile pc=0x00007fac1aa68ac4 method=com.android.dx.ssa.SsaConverter.placePhiFunctions(Lcom/android/dx/ssa/SsaMethod;Lcom/android/dx/ssa/LocalVariableInfo;I)V @ 257
Event: 83.539 Thread 0x00007fabc101d800 Uncommon trap: reason=unstable_if action=reinterpret pc=0x00007fac1a3618fc method=com.android.dx.ssa.SCCP.replaceBranches()V @ 14
Event: 84.283 Thread 0x00007fabb4074800 Uncommon trap: reason=class_check action=maybe_recompile pc=0x00007fac1b385e74 method=com.android.dx.ssa.SCCP.simulateBranch(Lcom/android/dx/ssa/SsaInsn;)V @ 339
Event: 84.293 Thread 0x00007fabb4074800 Uncommon trap: reason=class_check action=maybe_recompile pc=0x00007fac1b385e74 method=com.android.dx.ssa.SCCP.simulateBranch(Lcom/android/dx/ssa/SsaInsn;)V @ 339
Event: 84.666 Thread 0x00007fabb4076000 Uncommon trap: reason=unstable_if action=reinterpret pc=0x00007fac1b53dd7c method=com.android.dx.ssa.back.FirstFitLocalCombiningAllocator.getAlignment(I)Lcom/android/dx/ssa/back/FirstFitLocalCombiningAllocator$Alignment; @ 16
Event: 84.669 Thread 0x00007fabb4074800 Uncommon trap: reason=unstable_if action=reinterpret pc=0x00007fac19dab478 method=com.android.dx.cf.code.Merger.isPossiblyAssignableFrom(Lcom/android/dx/rop/type/TypeBearer;Lcom/android/dx/rop/type/TypeBearer;)Z @ 131

Internal exceptions (10 events):
Event: 33.964 Thread 0x00007fabd4007000 Exception <a 'java/lang/NoSuchMethodError': <clinit>> (0x00000000e38cfa18) thrown at [/HUDSON3/workspace/8-2-build-linux-amd64/jdk8u111/7883/hotspot/src/share/vm/prims/jni.cpp, line 1613]
Event: 33.966 Thread 0x00007fabd4007000 Exception <a 'java/lang/NoSuchMethodError': <clinit>> (0x00000000e38e8228) thrown at [/HUDSON3/workspace/8-2-build-linux-amd64/jdk8u111/7883/hotspot/src/share/vm/prims/jni.cpp, line 1613]
Event: 33.966 Thread 0x00007fabd4007000 Exception <a 'java/lang/NoSuchMethodError': <clinit>> (0x00000000e38e9740) thrown at [/HUDSON3/workspace/8-2-build-linux-amd64/jdk8u111/7883/hotspot/src/share/vm/prims/jni.cpp, line 1613]
Event: 36.388 Thread 0x00007fabd4007000 Implicit null exception at 0x00007fac1a5b6fd9 to 0x00007fac1a5b7039
Event: 37.113 Thread 0x00007fabd4007000 Implicit null exception at 0x00007fac1a77e577 to 0x00007fac1a77e8d5
Event: 52.840 Thread 0x00007fabd4007000 Exception <a 'java/lang/NoSuchMethodError': <clinit>> (0x00000000e0d3c2c8) thrown at [/HUDSON3/workspace/8-2-build-linux-amd64/jdk8u111/7883/hotspot/src/share/vm/prims/jni.cpp, line 1613]
Event: 59.425 Thread 0x00007fabd4007000 Implicit null exception at 0x00007fac1a6ed9cf to 0x00007fac1a6ee1a5
Event: 63.897 Thread 0x00007fabb4053800 Implicit null exception at 0x00007fac1a5f0f3e to 0x00007fac1a5f1e69
Event: 63.991 Thread 0x00007fabb4075000 Implicit null exception at 0x00007fac1a5e4be2 to 0x00007fac1a5e4ced
Event: 64.231 Thread 0x00007fabb4075000 Implicit null exception at 0x00007fac1a5f4ca5 to 0x00007fac1a5f5881

Events (10 events):
Event: 85.863 Thread 0x00007fabb4074800 DEOPT UNPACKING pc=0x00007fac19047633 sp=0x00007fabafdfdb50 mode 0
Event: 86.047 Thread 0x00007fabb4076000 DEOPT PACKING pc=0x00007fac1b51305d sp=0x00007fabaf261d60
Event: 86.047 Thread 0x00007fabb4076000 DEOPT UNPACKING pc=0x00007fac19047633 sp=0x00007fabaf261b10 mode 0
Event: 86.086 Thread 0x00007fabb4076000 DEOPT PACKING pc=0x00007fac1afaaaec sp=0x00007fabaf261ea0
Event: 86.086 Thread 0x00007fabb4076000 DEOPT UNPACKING pc=0x00007fac19047633 sp=0x00007fabaf261ba0 mode 0
Event: 87.936 Thread 0x00007fabb4053800 DEOPT PACKING pc=0x00007fac1afaaaec sp=0x00007fabafafaf50
Event: 87.936 Thread 0x00007fabb4053800 DEOPT UNPACKING pc=0x00007fac19047633 sp=0x00007fabafafac50 mode 0
Event: 88.035 Thread 0x00007fabb4075000 DEOPT PACKING pc=0x00007fac1afaaaec sp=0x00007fabafcfcdd0
Event: 88.035 Thread 0x00007fabb4075000 DEOPT UNPACKING pc=0x00007fac19047633 sp=0x00007fabafcfcad0 mode 0
Event: 88.079 Executing VM operation: ParallelGCFailedAllocation


Dynamic libraries:
00400000-00401000 r-xp 00000000 08:02 182546                             /usr/lib/jvm/java-8-oracle/bin/java
00600000-00601000 rw-p 00000000 08:02 182546                             /usr/lib/jvm/java-8-oracle/bin/java
015b3000-015d4000 rw-p 00000000 00:00 0                                  [heap]
a0000000-c4d00000 rw-p 00000000 00:00 0 
d6780000-e0000000 ---p 00000000 00:00 0 
e0000000-100000000 rw-p 00000000 00:00 0 
100000000-100860000 rw-p 00000000 00:00 0 
100860000-140000000 ---p 00000000 00:00 0 
7fab98000000-7fab98030000 rw-p 00000000 00:00 0 
7fab98030000-7fab9c000000 ---p 00000000 00:00 0 
7fab9c000000-7fab9c031000 rw-p 00000000 00:00 0 
7fab9c031000-7faba0000000 ---p 00000000 00:00 0 
7faba0000000-7faba003a000 rw-p 00000000 00:00 0 
7faba003a000-7faba4000000 ---p 00000000 00:00 0 
7faba4000000-7faba4021000 rw-p 00000000 00:00 0 
7faba4021000-7faba8000000 ---p 00000000 00:00 0 
7faba8000000-7faba8040000 rw-p 00000000 00:00 0 
7faba8040000-7fabac000000 ---p 00000000 00:00 0 
7fabaef63000-7fabaf163000 rw-p 00000000 00:00 0 
7fabaf163000-7fabaf166000 ---p 00000000 00:00 0 
7fabaf166000-7fabaf264000 rw-p 00000000 00:00 0 
7fabaf264000-7fabaf35c000 r--s 009c6000 08:02 4310333                    /home/ankit/Desktop/Evento/app/build/intermediates/transforms/jarMerging/debug/jars/1/1f/combined.jar
7fabaf35c000-7fabaf55c000 rw-p 00000000 00:00 0 
7fabaf55c000-7fabaf75c000 rw-p 00000000 00:00 0 
7fabaf7fc000-7fabaf9fc000 rw-p 00000000 00:00 0 
7fabaf9fc000-7fabaf9ff000 ---p 00000000 00:00 0 
7fabaf9ff000-7fabafafd000 rw-p 00000000 00:00 0 
7fabafafd000-7fabafb00000 ---p 00000000 00:00 0 
7fabafb00000-7fabafbfe000 rw-p 00000000 00:00 0 
7fabafbfe000-7fabafc01000 ---p 00000000 00:00 0 
7fabafc01000-7fabafcff000 rw-p 00000000 00:00 0 
7fabafcff000-7fabafd02000 ---p 00000000 00:00 0 
7fabafd02000-7fabb0000000 rw-p 00000000 00:00 0 
7fabb0000000-7fabb0021000 rw-p 00000000 00:00 0 
7fabb0021000-7fabb4000000 ---p 00000000 00:00 0 
7fabb4000000-7fabb41dc000 rw-p 00000000 00:00 0 
7fabb41dc000-7fabb8000000 ---p 00000000 00:00 0 
7fabb8000000-7fabb8021000 rw-p 00000000 00:00 0 
7fabb8021000-7fabbc000000 ---p 00000000 00:00 0 
7fabbc000000-7fabbc021000 rw-p 00000000 00:00 0 
7fabbc021000-7fabc0000000 ---p 00000000 00:00 0 
7fabc0000000-7fabc13a2000 rw-p 00000000 00:00 0 
7fabc13a2000-7fabc4000000 ---p 00000000 00:00 0 
7fabc4000000-7fabc4021000 rw-p 00000000 00:00 0 
7fabc4021000-7fabc8000000 ---p 00000000 00:00 0 
7fabc8000000-7fabc8021000 rw-p 00000000 00:00 0 
7fabc8021000-7fabcc000000 ---p 00000000 00:00 0 
7fabcc000000-7fabcc021000 rw-p 00000000 00:00 0 
7fabcc021000-7fabd0000000 ---p 00000000 00:00 0 
7fabd0000000-7fabd0073000 rw-p 00000000 00:00 0 
7fabd0073000-7fabd4000000 ---p 00000000 00:00 0 
7fabd4000000-7fabd4021000 rw-p 00000000 00:00 0 
7fabd4021000-7fabd8000000 ---p 00000000 00:00 0 
7fabd8000000-7fabd8021000 rw-p 00000000 00:00 0 
7fabd8021000-7fabdc000000 ---p 00000000 00:00 0 
7fabdc000000-7fabdc021000 rw-p 00000000 00:00 0 
7fabdc021000-7fabe0000000 ---p 00000000 00:00 0 
7fabe00a3000-7fabe00a4000 rw-p 00000000 00:00 0 
7fabe00a4000-7fabe00a7000 ---p 00000000 00:00 0 
7fabe00a7000-7fabe03a5000 rw-p 00000000 00:00 0 
7fabe03a5000-7fabe05a5000 rw-p 00000000 00:00 0 
7fabe05a5000-7fabe07a5000 rw-p 00000000 00:00 0 
7fabe07a5000-7fabe09a5000 rw-p 00000000 00:00 0 
7fabe09a5000-7fabe0ba5000 rw-p 00000000 00:00 0 
7fabe0ba5000-7fabe0bb8000 r--s 00345000 08:02 182681                     /usr/lib/jvm/java-8-oracle/jre/lib/resources.jar
7fabe0bb8000-7fabe0db8000 rw-p 00000000 00:00 0 
7fabe0db8000-7fabe0fb8000 rw-p 00000000 00:00 0 
7fabe0fb8000-7fabe11b8000 rw-p 00000000 00:00 0 
7fabe11b8000-7fabe13b8000 rw-p 00000000 00:00 0 
7fabe13b8000-7fabe15b8000 rw-p 00000000 00:00 0 
7fabe15b8000-7fabe15e3000 r--s 001fc000 08:02 3802331                    /home/ankit/Downloads/android-studio/gradle/m2repository/com/google/guava/guava/18.0/guava-18.0.jar
7fabe15e3000-7fabe15e4000 r--s 00001000 08:02 3877617                    /home/ankit/Downloads/android-studio/gradle/m2repository/com/android/tools/annotations/25.2.0/annotations-25.2.0.jar
7fabe15e4000-7fabe15f6000 r--s 000b3000 08:02 3989804                    /home/ankit/Downloads/android-studio/gradle/m2repository/com/android/tools/external/com-intellij/uast/145.597.3/uast-145.597.3.jar
7fabe15f6000-7fabe15fe000 r--s 000a8000 08:02 3753715                    /home/ankit/Downloads/android-studio/gradle/m2repository/com/android/tools/external/lombok/lombok-ast/0.2.3/lombok-ast-0.2.3.jar
7fabe15fe000-7fabe1600000 r--s 0000d000 08:02 3760231                    /home/ankit/Downloads/android-studio/gradle/m2repository/commons-codec/commons-codec/1.4/commons-codec-1.4.jar
7fabe1600000-7fabe1602000 r--s 0000d000 08:02 3540543                    /home/ankit/Downloads/android-studio/gradle/m2repository/commons-logging/commons-logging/1.1.1/commons-logging-1.1.1.jar
7fabe1602000-7fabe1607000 r--s 00028000 08:02 3753367                    /home/ankit/Downloads/android-studio/gradle/m2repository/org/apache/httpcomponents/httpcore/4.1/httpcore-4.1.jar
7fabe1607000-7fabe160b000 r--s 0002f000 08:02 3845228                    /home/ankit/Downloads/android-studio/gradle/m2repository/com/google/jimfs/jimfs/1.1/jimfs-1.1.jar
7fabe160b000-7fabe160c000 r--s 00004000 08:02 3753443                    /home/ankit/Downloads/android-studio/gradle/m2repository/com/intellij/annotations/12.0/annotations-12.0.jar
7fabe160c000-7fabe160d000 r--s 00004000 08:02 3713300                    /home/ankit/Downloads/android-studio/gradle/m2repository/org/ow2/asm/asm-analysis/5.0.4/asm-analysis-5.0.4.jar
7fabe160d000-7fabe1611000 r--s 0003b000 08:02 4017281                    /home/ankit/Downloads/android-studio/gradle/m2repository/com/android/tools/lint/lint-api/25.2.0/lint-api-25.2.0.jar
7fabe1611000-7fabe1612000 r--s 0000a000 08:02 3760193                    /home/ankit/Downloads/android-studio/gradle/m2repository/net/sf/kxml/kxml2/2.3.0/kxml2-2.3.0.jar
7fabe1612000-7fabe1614000 r--s 00005000 08:02 3753358                    /home/ankit/Downloads/android-studio/gradle/m2repository/org/apache/httpcomponents/httpmime/4.1/httpmime-4.1.jar
7fabe1614000-7fabe161c000 r--s 0004e000 08:02 3753378                    /home/ankit/Downloads/android-studio/gradle/m2repository/org/apache/httpcomponents/httpclient/4.1.1/httpclient-4.1.1.jar
7fabe161c000-7fabe1623000 r--s 00053000 08:02 3753390                    /home/ankit/Downloads/android-studio/gradle/m2repository/org/apache/commons/commons-compress/1.8.1/commons-compress-1.8.1.jar
7fabe1623000-7fabe1628000 r--s 0002a000 08:02 3753476                    /home/ankit/Downloads/android-studio/gradle/m2repository/com/google/code/gson/gson/2.2.4/gson-2.2.4.jar
7fabe1628000-7fabe162d000 r--s 0002d000 08:02 4000509                    /home/ankit/Downloads/android-studio/gradle/m2repository/com/android/tools/repository/25.2.0/repository-25.2.0.jar
7fabe162d000-7fabe162e000 r--s 00005000 08:02 3941528                    /home/ankit/Downloads/android-studio/gradle/m2repository/com/android/tools/dvlib/25.2.0/dvlib-25.2.0.jar
7fabe162e000-7fabe1631000 r--s 00014000 08:02 3835823                    /home/ankit/Downloads/android-studio/gradle/m2repository/com/android/tools/layoutlib/layoutlib-api/25.2.0/layoutlib-api-25.2.0.jar
7fabe1631000-7fabe1636000 r--s 00058000 08:02 3631976                    /home/ankit/Downloads/android-studio/gradle/m2repository/org/ow2/asm/asm-debug-all/5.0.1/asm-debug-all-5.0.1.jar
7fabe1636000-7fabe1646000 r--s 000d6000 08:02 3760205                    /home/ankit/Downloads/android-studio/gradle/m2repository/net/sf/proguard/proguard-base/5.2.1/proguard-base-5.2.1.jar
7fabe1646000-7fabe1649000 r--s 00033000 08:02 3753450                    /home/ankit/Downloads/android-studio/gradle/m2repository/com/googlecode/juniversalchardet/juniversalchardet/1.0.3/juniversalchardet-1.0.3.jar
7fabe1649000-7fabe164d000 r--s 0002a000 08:02 3506651                    /home/ankit/Downloads/android-studio/gradle/m2repository/commons-io/commons-io/2.4/commons-io-2.4.jar
7fabe164d000-7fabe1664000 r--s 00154000 08:02 3787896                    /home/ankit/Downloads/android-studio/gradle/m2repository/org/antlr/antlr4/4.5.3/antlr4-4.5.3.jar
7fabe1664000-7fabe1665000 r--s 00002000 08:02 3845251                    /home/ankit/Downloads/android-studio/gradle/m2repository/com/android/databinding/baseLibrary/2.2.0/baseLibrary-2.2.0.jar
7fabe1665000-7fabe1678000 r--s 00236000 08:02 3779712                    /home/ankit/Downloads/android-studio/gradle/m2repository/org/eclipse/jdt/core/compiler/ecj/4.5.1/ecj-4.5.1.jar
7fabe1678000-7fabe167f000 r--s 000c3000 08:02 3927174                    /home/ankit/Downloads/android-studio/gradle/m2repository/com/android/tools/lint/lint-checks/25.2.0/lint-checks-25.2.0.jar
7fabe167f000-7fabe16b2000 r--s 00203000 08:02 3753331                    /home/ankit/Downloads/android-studio/gradle/m2repository/org/bouncycastle/bcprov-jdk15on/1.48/bcprov-jdk15on-1.48.jar
7fabe16b2000-7fabe16c0000 r--s 00081000 08:02 3753336                    /home/ankit/Downloads/android-studio/gradle/m2repository/org/bouncycastle/bcpkix-jdk15on/1.48/bcpkix-jdk15on-1.48.jar
7fabe16c0000-7fabe16cd000 r--s 000ed000 08:02 4009082                    /home/ankit/Downloads/android-studio/gradle/m2repository/com/android/tools/analytics-library/protos/25.2.0/protos-25.2.0.jar
7fabe16cd000-7fabe18cd000 rw-p 00000000 00:00 0 
7fabe18cd000-7fabe18d0000 ---p 00000000 00:00 0 
7fabe18d0000-7fabe1bce000 rw-p 00000000 00:00 0 
7fabe1bce000-7fabe1dce000 rw-p 00000000 00:00 0 
7fabe1dce000-7fabe1dd0000 r--s 00006000 08:02 3754422                    /home/ankit/Downloads/android-studio/gradle/m2repository/org/ow2/asm/asm-tree/5.0.4/asm-tree-5.0.4.jar
7fabe1dd0000-7fabe1dd2000 r--s 00002000 08:02 3753458                    /home/ankit/Downloads/android-studio/gradle/m2repository/com/squareup/javawriter/2.5.0/javawriter-2.5.0.jar
7fabe1dd2000-7fabe1dd3000 r--s 00002000 08:02 4009078                    /home/ankit/Downloads/android-studio/gradle/m2repository/com/android/tools/analytics-library/tracker/25.2.0/tracker-25.2.0.jar
7fabe1dd3000-7fabe1dd5000 r--s 00003000 08:02 4009086                    /home/ankit/Downloads/android-studio/gradle/m2repository/com/android/tools/analytics-library/shared/25.2.0/shared-25.2.0.jar
7fabe1dd5000-7fabe1dd6000 r--s 00001000 08:02 3753578                    /home/ankit/Downloads/android-studio/gradle/m2repository/com/android/tools/jill/jill-api/0.10.0/jill-api-0.10.0.jar
7fabe1dd6000-7fabe1dd8000 r--s 00003000 08:02 4024806                    /home/ankit/Downloads/android-studio/gradle/m2repository/com/android/tools/jack/jack-api/0.11.0/jack-api-0.11.0.jar
7fabe1dd8000-7fabe1ddd000 r--s 0004a000 08:02 3918754                    /home/ankit/Downloads/android-studio/gradle/m2repository/com/android/tools/ddms/ddmlib/25.2.0/ddmlib-25.2.0.jar
7fabe1ddd000-7fabe1de0000 r--s 00021000 08:02 3910779                    /home/ankit/Downloads/android-studio/gradle/m2repository/com/android/tools/build/manifest-merger/25.2.0/manifest-merger-25.2.0.jar
7fabe1de0000-7fabe1de2000 r--s 0001c000 08:02 4031682                    /home/ankit/Downloads/android-studio/gradle/m2repository/com/android/tools/common/25.2.0/common-25.2.0.jar
7fabe1de2000-7fabe1deb000 r--s 00083000 08:02 3885105                    /home/ankit/Downloads/android-studio/gradle/m2repository/com/android/tools/sdk-common/25.2.0/sdk-common-25.2.0.jar
7fabe1deb000-7fabe1df6000 r--s 0008e000 08:02 4024802                    /home/ankit/Downloads/android-studio/gradle/m2repository/com/android/tools/sdklib/25.2.0/sdklib-25.2.0.jar
7fabe1df6000-7fabe1df7000 r--s 00002000 08:02 3894391                    /home/ankit/Downloads/android-studio/gradle/m2repository/com/android/tools/build/builder-test-api/2.2.0/builder-test-api-2.2.0.jar
7fabe1df7000-7fabe1dfa000 r--s 00005000 08:02 3754438                    /home/ankit/Downloads/android-studio/gradle/m2repository/com/android/tools/build/builder-model/2.2.0/builder-model-2.2.0.jar
7fabe1dfa000-7fabe1e02000 r--s 0007b000 08:02 3819714                    /home/ankit/Downloads/android-studio/gradle/m2repository/com/google/protobuf/protobuf-java/2.5.0/protobuf-java-2.5.0.jar
7fabe1e02000-7fabe1e04000 r--s 0000f000 08:02 4041488                    /home/ankit/Downloads/android-studio/gradle/m2repository/net/sf/jopt-simple/jopt-simple/4.9/jopt-simple-4.9.jar
7fabe1e04000-7fabe1e08000 r--s 0001f000 08:02 3795671                    /home/ankit/Downloads/android-studio/gradle/m2repository/org/jacoco/org.jacoco.report/0.7.5.201505241946/org.jacoco.report-0.7.5.201505241946.jar
7fabe1e08000-7fabe1e0c000 r--s 0001d000 08:02 3787900                    /home/ankit/Downloads/android-studio/gradle/m2repository/org/jacoco/org.jacoco.core/0.7.5.201505241946/org.jacoco.core-0.7.5.201505241946.jar
7fabe1e0c000-7fabe1e0d000 r--s 00002000 08:02 3760221                    /home/ankit/Downloads/android-studio/gradle/m2repository/net/sf/proguard/proguard-gradle/5.2.1/proguard-gradle-5.2.1.jar
7fabe1e0d000-7fabe1e0f000 r--s 00009000 08:02 3779703                    /home/ankit/Downloads/android-studio/gradle/m2repository/org/ow2/asm/asm-commons/5.0.4/asm-commons-5.0.4.jar
7fabe1e0f000-7fabe1e11000 r--s 0000c000 08:02 3779709                    /home/ankit/Downloads/android-studio/gradle/m2repository/org/ow2/asm/asm/5.0.4/asm-5.0.4.jar
7fabe1e11000-7fabe1e15000 r--s 0002b000 08:02 3853442                    /home/ankit/Downloads/android-studio/gradle/m2repository/com/android/databinding/compilerCommon/2.2.0/compilerCommon-2.2.0.jar
7fabe1e15000-7fabe1e16000 r--s 00002000 08:02 3894401                    /home/ankit/Downloads/android-studio/gradle/m2repository/com/android/tools/build/gradle-api/2.2.0/gradle-api-2.2.0.jar
7fabe1e16000-7fabe1e17000 r--s 00000000 08:02 3753573                    /home/ankit/Downloads/android-studio/gradle/m2repository/com/android/tools/build/transform-api/2.0.0-deprecated-use-gradle-api/transform-api-2.0.0-deprecated-use-gradle-api.jar
7fabe1e17000-7fabe1e1c000 r--s 00053000 08:02 4017271                    /home/ankit/Downloads/android-studio/gradle/m2repository/com/android/tools/lint/lint/25.2.0/lint-25.2.0.jar
7fabe1e1c000-7fabe1e33000 r--s 0015d000 08:02 3885097                    /home/ankit/Downloads/android-studio/gradle/m2repository/com/android/tools/build/builder/2.2.0/builder-2.2.0.jar
7fabe1e33000-7fabe1e50000 r--s 0019c000 08:02 3910782                    /home/ankit/Downloads/android-studio/gradle/m2repository/com/android/tools/build/gradle-core/2.2.0/gradle-core-2.2.0.jar
7fabe1e50000-7fabe1e52000 r--s 0000d000 08:02 3802336                    /home/ankit/Downloads/android-studio/gradle/m2repository/com/android/tools/build/gradle/2.2.0/gradle-2.2.0.jar
7fabe1e52000-7fabe1e55000 ---p 00000000 00:00 0 
7fabe1e55000-7fabe1e8b000 rw-p 00000000 00:00 0 
7fabe1e8b000-7fabe1e8c000 r--p 00000000 00:00 0 
7fabe1e8c000-7fabe208c000 rw-p 00000000 00:00 0 
7fabe208c000-7fabe228c000 rw-p 00000000 00:00 0 
7fabe228c000-7fabe248c000 rw-p 00000000 00:00 0 
7fabe248c000-7fabe2504000 r--s 010e6000 08:02 158507                     /usr/lib/jvm/java-8-oracle/lib/tools.jar
7fabe2504000-7fabe2704000 rw-p 00000000 00:00 0 
7fabe2704000-7fabe2707000 ---p 00000000 00:00 0 
7fabe2707000-7fabe2805000 rw-p 00000000 00:00 0 
7fabe2805000-7fabe2808000 ---p 00000000 00:00 0 
7fabe2808000-7fabe2906000 rw-p 00000000 00:00 0 
7fabe2906000-7fabe2909000 ---p 00000000 00:00 0 
7fabe2909000-7fabe2a07000 rw-p 00000000 00:00 0 
7fabe2a07000-7fabe2a0a000 ---p 00000000 00:00 0 
7fabe2a0a000-7fabe2b08000 rw-p 00000000 00:00 0 
7fabe2b08000-7fabe2b0b000 ---p 00000000 00:00 0 
7fabe2b0b000-7fabe2c09000 rw-p 00000000 00:00 0 
7fabe2c09000-7fabe2c0c000 ---p 00000000 00:00 0 
7fabe2c0c000-7fabe2d0a000 rw-p 00000000 00:00 0 
7fabe2d0a000-7fabe2d11000 r--s 00000000 08:02 109538                     /usr/lib/x86_64-linux-gnu/gconv/gconv-modules.cache
7fabe2d11000-7fabe2f11000 rw-p 00000000 00:00 0 
7fabe2f11000-7fabe2f14000 ---p 00000000 00:00 0 
7fabe2f14000-7fabe3012000 rw-p 00000000 00:00 0 
7fabe3012000-7fabe3015000 ---p 00000000 00:00 0 
7fabe3015000-7fabe3113000 rw-p 00000000 00:00 0 
7fabe3113000-7fabe311c000 r-xp 00000000 08:02 200010                     /usr/lib/jvm/java-8-oracle/jre/lib/amd64/libmanagement.so
7fabe311c000-7fabe331b000 ---p 00009000 08:02 200010                     /usr/lib/jvm/java-8-oracle/jre/lib/amd64/libmanagement.so
7fabe331b000-7fabe331c000 rw-p 00008000 08:02 200010                     /usr/lib/jvm/java-8-oracle/jre/lib/amd64/libmanagement.so
7fabe331c000-7fabe3320000 r--s 00097000 08:02 182569                     /usr/lib/jvm/java-8-oracle/jre/lib/jsse.jar
7fabe3320000-7fabe3322000 r--s 00007000 08:02 3402085                    /home/ankit/Downloads/android-studio/gradle/gradle-2.14.1/lib/plugins/gradle-tooling-api-builders-2.14.1.jar
7fabe3322000-7fabe3325000 r--s 00008000 08:02 3402081                    /home/ankit/Downloads/android-studio/gradle/gradle-2.14.1/lib/plugins/gradle-testing-native-2.14.1.jar
7fabe3325000-7fabe3327000 r--s 00009000 08:02 3402371                    /home/ankit/Downloads/android-studio/gradle/gradle-2.14.1/lib/plugins/hamcrest-core-1.3.jar
7fabe3327000-7fabe332d000 r--s 00033000 08:02 3402325                    /home/ankit/Downloads/android-studio/gradle/gradle-2.14.1/lib/plugins/snakeyaml-1.6.jar
7fabe332d000-7fabe332f000 r--s 00006000 08:02 3402336                    /home/ankit/Downloads/android-studio/gradle/gradle-2.14.1/lib/plugins/jcommander-1.12.jar
7fabe332f000-7fabe3334000 r--s 00040000 08:02 3402324                    /home/ankit/Downloads/android-studio/gradle/gradle-2.14.1/lib/plugins/bsh-2.0b4.jar
7fabe3334000-7fabe333d000 r--s 00089000 08:02 3402339                    /home/ankit/Downloads/android-studio/gradle/gradle-2.14.1/lib/plugins/testng-6.3.1.jar
7fabe333d000-7fabe3345000 r--s 00045000 08:02 3402343                    /home/ankit/Downloads/android-studio/gradle/gradle-2.14.1/lib/plugins/junit-4.12.jar
7fabe3345000-7fabe334b000 r--s 0002e000 08:02 3402091                    /home/ankit/Downloads/android-studio/gradle/gradle-2.14.1/lib/plugins/gradle-testing-jvm-2.14.1.jar
7fabe334b000-7fabe3350000 r--s 00015000 08:02 3402095                    /home/ankit/Downloads/android-studio/gradle/gradle-2.14.1/lib/plugins/gradle-testing-base-2.14.1.jar
7fabe3350000-7fabe3351000 r--s 00002000 08:02 3402342                    /home/ankit/Downloads/android-studio/gradle/gradle-2.14.1/lib/plugins/sonar-batch-bootstrapper-2.9.jar
7fabe3351000-7fabe3354000 r--s 00015000 08:02 3402090                    /home/ankit/Downloads/android-studio/gradle/gradle-2.14.1/lib/plugins/gradle-sonar-2.14.1.jar
7fabe3354000-7fabe335b000 r--s 00038000 08:02 3402356                    /home/ankit/Downloads/android-studio/gradle/gradle-2.14.1/lib/plugins/bcpg-jdk15on-1.51.jar
7fabe335b000-7fabe335d000 r--s 0000d000 08:02 3402293                    /home/ankit/Downloads/android-studio/gradle/gradle-2.14.1/lib/plugins/gradle-signing-2.14.1.jar
7fabe335d000-7fabe3360000 r--s 00009000 08:02 3402099                    /home/ankit/Downloads/android-studio/gradle/gradle-2.14.1/lib/plugins/gradle-scala-2.14.1.jar
7fabe3360000-7fabe3361000 r--s 00004000 08:02 3402295                    /home/ankit/Downloads/android-studio/gradle/gradle-2.14.1/lib/plugins/gradle-resources-sftp-2.14.1.jar
7fabe3361000-7fabe3371000 r--s 00088000 08:02 3402329                    /home/ankit/Downloads/android-studio/gradle/gradle-2.14.1/lib/plugins/joda-time-2.8.2.jar
7fabe3371000-7fabe3382000 r--s 000cf000 08:02 3402375                    /home/ankit/Downloads/android-studio/gradle/gradle-2.14.1/lib/plugins/jackson-databind-2.3.2.jar
7fabe3382000-7fabe3384000 r--s 00007000 08:02 3402352                    /home/ankit/Downloads/android-studio/gradle/gradle-2.14.1/lib/plugins/jackson-annotations-2.3.2.jar
7fabe3384000-7fabe3387000 r--s 0002e000 08:02 3402358                    /home/ankit/Downloads/android-studio/gradle/gradle-2.14.1/lib/plugins/jackson-core-2.3.2.jar
7fabe3387000-7fabe3392000 r--s 0006b000 08:02 3402381                    /home/ankit/Downloads/android-studio/gradle/gradle-2.14.1/lib/plugins/aws-java-sdk-core-1.9.19.jar
7fabe3392000-7fabe3398000 r--s 00036000 08:02 3402351                    /home/ankit/Downloads/android-studio/gradle/gradle-2.14.1/lib/plugins/aws-java-sdk-kms-1.9.19.jar
7fabe3398000-7fabe33a3000 r--s 00079000 08:02 3402341                    /home/ankit/Downloads/android-studio/gradle/gradle-2.14.1/lib/plugins/aws-java-sdk-s3-1.9.19.jar
7fabe33a3000-7fabe33a4000 r--s 00003000 08:02 3402305                    /home/ankit/Downloads/android-studio/gradle/gradle-2.14.1/lib/plugins/gradle-resources-s3-2.14.1.jar
7fabe33a4000-7fabe33a6000 r--s 00005000 08:02 3402370                    /home/ankit/Downloads/android-studio/gradle/gradle-2.14.1/lib/plugins/jatl-0.2.2.jar
7fabe33a6000-7fabe33a8000 r--s 0000f000 08:02 3402311                    /home/ankit/Downloads/android-studio/gradle/gradle-2.14.1/lib/plugins/gradle-reporting-2.14.1.jar
7fabe33a8000-7fabe33aa000 r--s 00002000 08:02 3402252                    /home/ankit/Downloads/android-studio/gradle/gradle-2.14.1/lib/plugins/gradle-publish-2.14.1.jar
7fabe33aa000-7fabe33ac000 r--s 00009000 08:02 3402334                    /home/ankit/Downloads/android-studio/gradle/gradle-2.14.1/lib/plugins/commons-cli-1.2.jar
7fabe33ac000-7fabe33b2000 r--s 00033000 08:02 3402098                    /home/ankit/Downloads/android-studio/gradle/gradle-2.14.1/lib/plugins/gradle-plugins-2.14.1.jar
7fabe33b2000-7fabe33b4000 r--s 00007000 08:02 3402083                    /home/ankit/Downloads/android-studio/gradle/gradle-2.14.1/lib/plugins/gradle-plugin-development-2.14.1.jar
7fabe33b4000-7fabe33ba000 r--s 0002a000 08:02 3402292                    /home/ankit/Downloads/android-studio/gradle/gradle-2.14.1/lib/plugins/gradle-platform-play-2.14.1.jar
7fabe33ba000-7fabe33c7000 r--s 0004d000 08:02 3402291                    /home/ankit/Downloads/android-studio/gradle/gradle-2.14.1/lib/plugins/gradle-platform-native-2.14.1.jar
7fabe33c7000-7fabe33cb000 r--s 0001a000 08:02 3402304                    /home/ankit/Downloads/android-studio/gradle/gradle-2.14.1/lib/plugins/gradle-platform-jvm-2.14.1.jar
7fabe33cb000-7fabe33d2000 r--s 00029000 08:02 3402097                    /home/ankit/Downloads/android-studio/gradle/gradle-2.14.1/lib/plugins/gradle-platform-base-2.14.1.jar
7fabe33d2000-7fabe33f3000 r--s 001c3000 08:02 3402322                    /home/ankit/Downloads/android-studio/gradle/gradle-2.14.1/lib/plugins/bndlib-2.4.0.jar
7fabe33f3000-7fabe33f5000 r--s 00003000 08:02 3402306                    /home/ankit/Downloads/android-studio/gradle/gradle-2.14.1/lib/plugins/gradle-osgi-2.14.1.jar
7fabe33f5000-7fabe33f8000 r--s 0000c000 08:02 3402378                    /home/ankit/Downloads/android-studio/gradle/gradle-2.14.1/lib/plugins/pmaven-groovy-0.8-20100325.jar
7fabe33f8000-7fabe33f9000 r--s 00004000 08:02 3402369                    /home/ankit/Downloads/android-studio/gradle/gradle-2.14.1/lib/plugins/pmaven-common-0.8-20100325.jar
7fabe33f9000-7fabe33ff000 r--s 00022000 08:02 3402096                    /home/ankit/Downloads/android-studio/gradle/gradle-2.14.1/lib/plugins/gradle-maven-2.14.1.jar
7fabe33ff000-7fabe3401000 r--s 0000a000 08:02 3402088                    /home/ankit/Downloads/android-studio/gradle/gradle-2.14.1/lib/plugins/gradle-language-scala-2.14.1.jar
7fabe3401000-7fabe3407000 r--s 0001a000 08:02 3402092                    /home/ankit/Downloads/android-studio/gradle/gradle-2.14.1/lib/plugins/gradle-language-native-2.14.1.jar
7fabe3407000-7fabe3409000 r--s 00008000 08:02 3402084                    /home/ankit/Downloads/android-studio/gradle/gradle-2.14.1/lib/plugins/gradle-language-jvm-2.14.1.jar
7fabe3409000-7fabe340f000 r--s 00024000 08:02 3402300                    /home/ankit/Downloads/android-studio/gradle/gradle-2.14.1/lib/plugins/gradle-language-java-2.14.1.jar
7fabe340f000-7fabe3411000 r--s 0000a000 08:02 3402290                    /home/ankit/Downloads/android-studio/gradle/gradle-2.14.1/lib/plugins/gradle-language-groovy-2.14.1.jar
7fabe3411000-7fabe3414000 r--s 0001e000 08:02 3402319                    /home/ankit/Downloads/android-studio/gradle/gradle-2.14.1/lib/plugins/jsp-api-2.1-6.1.14.jar
7fabe3414000-7fabe3437000 r--s 00344000 08:02 3402353                    /home/ankit/Downloads/android-studio/gradle/gradle-2.14.1/lib/plugins/core-3.1.1.jar
7fabe3437000-7fabe3438000 r--s 00006000 08:02 3402376                    /home/ankit/Downloads/android-studio/gradle/gradle-2.14.1/lib/plugins/jetty-naming-6.1.25.jar
7fabe3438000-7fabe3439000 r--s 00002000 08:02 3402349                    /home/ankit/Downloads/android-studio/gradle/gradle-2.14.1/lib/plugins/geronimo-annotation_1.0_spec-1.0.jar
7fabe3439000-7fabe343b000 r--s 00002000 08:02 3402373                    /home/ankit/Downloads/android-studio/gradle/gradle-2.14.1/lib/plugins/jetty-annotations-6.1.25.jar
7fabe343b000-7fabe344c000 r--s 000ea000 08:02 3402379                    /home/ankit/Downloads/android-studio/gradle/gradle-2.14.1/lib/plugins/jsp-2.1-6.1.14.jar
7fabe344c000-7fabe344e000 r--s 0000d000 08:02 3402354                    /home/ankit/Downloads/android-studio/gradle/gradle-2.14.1/lib/plugins/jetty-plus-6.1.25.jar
7fabe344e000-7fabe3450000 r--s 0001f000 08:02 3402385                    /home/ankit/Downloads/android-studio/gradle/gradle-2.14.1/lib/plugins/servlet-api-2.5-20081211.jar
7fabe3450000-7fabe3454000 r--s 00028000 08:02 3402337                    /home/ankit/Downloads/android-studio/gradle/gradle-2.14.1/lib/plugins/jetty-util-6.1.25.jar
7fabe3454000-7fabe345b000 r--s 0007d000 08:02 3402344                    /home/ankit/Downloads/android-studio/gradle/gradle-2.14.1/lib/plugins/jetty-6.1.25.jar
7fabe345b000-7fabe345d000 r--s 00009000 08:02 3402309                    /home/ankit/Downloads/android-studio/gradle/gradle-2.14.1/lib/plugins/gradle-jetty-2.14.1.jar
7fabe345d000-7fabe3464000 r--s 00035000 08:02 3402382                    /home/ankit/Downloads/android-studio/gradle/gradle-2.14.1/lib/plugins/simple-4.1.21.jar
7fabe3464000-7fabe3470000 r--s 00100000 08:02 3402330                    /home/ankit/Downloads/android-studio/gradle/gradle-2.14.1/lib/plugins/rhino-1.7R3.jar
7fabe3470000-7fabe3474000 r--s 00011000 08:02 3402297                    /home/ankit/Downloads/android-studio/gradle/gradle-2.14.1/lib/plugins/gradle-javascript-2.14.1.jar
7fabe3474000-7fabe3476000 r--s 0000c000 08:02 3402317                    /home/ankit/Downloads/android-studio/gradle/gradle-2.14.1/lib/plugins/gradle-jacoco-2.14.1.jar
7fabe3476000-7fabe3479000 r--s 0000e000 08:02 3402316                    /home/ankit/Downloads/android-studio/gradle/gradle-2.14.1/lib/plugins/gradle-ivy-2.14.1.jar
7fabe3479000-7fabe347a000 r--s 00002000 08:02 3402313                    /home/ankit/Downloads/android-studio/gradle/gradle-2.14.1/lib/plugins/gradle-ide-play-2.14.1.jar
7fabe347a000-7fabe347f000 r--s 0002b000 08:02 3402310                    /home/ankit/Downloads/android-studio/gradle/gradle-2.14.1/lib/plugins/gradle-ide-native-2.14.1.jar
7fabe347f000-7fabe348a000 r--s 00066000 08:02 3402089                    /home/ankit/Downloads/android-studio/gradle/gradle-2.14.1/lib/plugins/gradle-ide-2.14.1.jar
7fabe348a000-7fabe348b000 r--s 00008000 08:02 3402087                    /home/ankit/Downloads/android-studio/gradle/gradle-2.14.1/lib/plugins/gradle-ear-2.14.1.jar
7fabe348b000-7fabe3491000 r--s 00032000 08:02 3402094                    /home/ankit/Downloads/android-studio/gradle/gradle-2.14.1/lib/plugins/gradle-diagnostics-2.14.1.jar
7fabe3491000-7fabe3495000 r--s 00021000 08:02 3402312                    /home/ankit/Downloads/android-studio/gradle/gradle-2.14.1/lib/plugins/gradle-code-quality-2.14.1.jar
7fabe3495000-7fabe3499000 r--s 0001f000 08:02 3402093                    /home/ankit/Downloads/android-studio/gradle/gradle-2.14.1/lib/plugins/gradle-build-init-2.14.1.jar
7fabe3499000-7fabe34a0000 r--s 0008e000 08:02 3402314                    /home/ankit/Downloads/android-studio/gradle/gradle-2.14.1/lib/plugins/gradle-build-comparison-2.14.1.jar
7fabe34a0000-7fabe34a2000 r--s 00008000 08:02 3402302                    /home/ankit/Downloads/android-studio/gradle/gradle-2.14.1/lib/plugins/gradle-antlr-2.14.1.jar
7fabe34a2000-7fabe34a4000 r--s 00004000 08:02 3402315                    /home/ankit/Downloads/android-studio/gradle/gradle-2.14.1/lib/plugins/gradle-announce-2.14.1.jar
7fabe34a4000-7fabe34bc000 r--s 00115000 08:02 3402347                    /home/ankit/Downloads/android-studio/gradle/gradle-2.14.1/lib/plugins/xercesImpl-2.9.1.jar
7fabe34bc000-7fabe34c4000 r--s 00028000 08:02 3402366                    /home/ankit/Downloads/android-studio/gradle/gradle-2.14.1/lib/plugins/xml-apis-1.3.04.jar
7fabe34c4000-7fabe34ca000 r--s 0005b000 08:02 3402359                    /home/ankit/Downloads/android-studio/gradle/gradle-2.14.1/lib/plugins/jcifs-1.3.17.jar
7fabe34ca000-7fabe34d1000 r--s 00049000 08:02 3402296                    /home/ankit/Downloads/android-studio/gradle/gradle-2.14.1/lib/plugins/httpcore-4.4.4.jar
7fabe34d1000-7fabe34d7000 r--s 00033000 08:02 3402328                    /home/ankit/Downloads/android-studio/gradle/gradle-2.14.1/lib/plugins/commons-codec-1.6.jar
7fabe34d7000-7fabe34da000 r--s 0001c000 08:02 3402326                    /home/ankit/Downloads/android-studio/gradle/gradle-2.14.1/lib/plugins/nekohtml-1.9.14.jar
7fabe34da000-7fabe34e7000 r--s 000a4000 08:02 3402307                    /home/ankit/Downloads/android-studio/gradle/gradle-2.14.1/lib/plugins/httpclient-4.4.1.jar
7fabe34e7000-7fabe34e9000 r--s 0000a000 08:02 3402082                    /home/ankit/Downloads/android-studio/gradle/gradle-2.14.1/lib/plugins/gradle-resources-http-2.14.1.jar
7fabe34e9000-7fabe34ed000 r--s 00014000 08:02 3402294                    /home/ankit/Downloads/android-studio/gradle/gradle-2.14.1/lib/plugins/gradle-plugin-use-2.14.1.jar
7fabe34ed000-7fabe34ee000 r--s 00000000 08:02 3394352                    /home/ankit/Downloads/android-studio/gradle/gradle-2.14.1/lib/gradle-installation-beacon-2.14.1.jar
7fabe34ee000-7fabe34ef000 r--s 00007000 08:02 3402335                    /home/ankit/Downloads/android-studio/gradle/gradle-2.14.1/lib/plugins/wagon-http-shared4-2.4.jar
7fabe34ef000-7fabe34f3000 r--s 00033000 08:02 3402372                    /home/ankit/Downloads/android-studio/gradle/gradle-2.14.1/lib/plugins/plexus-utils-2.0.6.jar
7fabe34f3000-7fabe34f7000 r--s 00021000 08:02 3402361                    /home/ankit/Downloads/android-studio/gradle/gradle-2.14.1/lib/plugins/maven-model-builder-3.0.4.jar
7fabe34f7000-7fabe34f8000 r--s 00002000 08:02 3402327                    /home/ankit/Downloads/android-studio/gradle/gradle-2.14.1/lib/plugins/wagon-file-2.4.jar
7fabe34f8000-7fabe34fa000 r--s 00002000 08:02 3402368                    /home/ankit/Downloads/android-studio/gradle/gradle-2.14.1/lib/plugins/plexus-cipher-1.7.jar
7fabe34fa000-7fabe34fd000 r--s 00013000 08:02 3402384                    /home/ankit/Downloads/android-studio/gradle/gradle-2.14.1/lib/plugins/aether-api-1.13.1.jar
7fabe34fd000-7fabe34ff000 r--s 0000a000 08:02 3402338                    /home/ankit/Downloads/android-studio/gradle/gradle-2.14.1/lib/plugins/maven-settings-3.0.4.jar
7fabe34ff000-7fabe3501000 r--s 0000d000 08:02 3402362                    /home/ankit/Downloads/android-studio/gradle/gradle-2.14.1/lib/plugins/plexus-interpolation-1.14.jar
7fabe3501000-7fabe3503000 r--s 0000b000 08:02 3402377                    /home/ankit/Downloads/android-studio/gradle/gradle-2.14.1/lib/plugins/maven-artifact-3.0.4.jar
7fabe3503000-7fabe350a000 r--s 0002e000 08:02 3402332                    /home/ankit/Downloads/android-studio/gradle/gradle-2.14.1/lib/plugins/plexus-container-default-1.5.5.jar
7fabe350a000-7fabe350c000 r--s 0000b000 08:02 3402355                    /home/ankit/Downloads/android-studio/gradle/gradle-2.14.1/lib/plugins/maven-plugin-api-3.0.4.jar
7fabe350c000-7fabe350e000 r--s 00000000 08:02 3402357                    /home/ankit/Downloads/android-studio/gradle/gradle-2.14.1/lib/plugins/plexus-component-annotations-1.5.5.jar
7fabe350e000-7fabe3514000 r--s 0003f000 08:02 3402363                    /home/ankit/Downloads/android-studio/gradle/gradle-2.14.1/lib/plugins/maven-compat-3.0.4.jar
7fabe3514000-7fabe3517000 r--s 00008000 08:02 3402345                    /home/ankit/Downloads/android-studio/gradle/gradle-2.14.1/lib/plugins/maven-settings-builder-3.0.4.jar
7fabe3517000-7fabe3518000 r--s 00002000 08:02 3402318                    /home/ankit/Downloads/android-studio/gradle/gradle-2.14.1/lib/plugins/wagon-http-2.4.jar
7fabe3518000-7fabe351a000 r--s 00026000 08:02 3402383                    /home/ankit/Downloads/android-studio/gradle/gradle-2.14.1/lib/plugins/maven-model-3.0.4.jar
7fabe351a000-7fabe351c000 r--s 00006000 08:02 3402374                    /home/ankit/Downloads/android-studio/gradle/gradle-2.14.1/lib/plugins/aether-connector-wagon-1.13.1.jar
7fabe351c000-7fabe351e000 r--s 0000a000 08:02 3402333                    /home/ankit/Downloads/android-studio/gradle/gradle-2.14.1/lib/plugins/plexus-classworlds-2.4.jar
7fabe351e000-7fabe3520000 r--s 00006000 08:02 3402364                    /home/ankit/Downloads/android-studio/gradle/gradle-2.14.1/lib/plugins/maven-repository-metadata-3.0.4.jar
7fabe3520000-7fabe3522000 r--s 0000c000 08:02 3402348                    /home/ankit/Downloads/android-studio/gradle/gradle-2.14.1/lib/plugins/maven-aether-provider-3.0.4.jar
7fabe3522000-7fabe3562000 r--s 00277000 08:02 3402323                    /home/ankit/Downloads/android-studio/gradle/gradle-2.14.1/lib/plugins/bcprov-jdk15on-1.51.jar
7fabe3562000-7fabe3578000 r-xp 00000000 08:02 2624314                    /lib/x86_64-linux-gnu/libgcc_s.so.1
7fabe3578000-7fabe3777000 ---p 00016000 08:02 2624314                    /lib/x86_64-linux-gnu/libgcc_s.so.1
7fabe3777000-7fabe3778000 r--p 00015000 08:02 2624314                    /lib/x86_64-linux-gnu/libgcc_s.so.1
7fabe3778000-7fabe3779000 rw-p 00016000 08:02 2624314                    /lib/x86_64-linux-gnu/libgcc_s.so.1
7fabe3779000-7fabe38ec000 r-xp 00000000 08:02 61223                      /usr/lib/x86_64-linux-gnu/libstdc++.so.6.0.21
7fabe38ec000-7fabe3aeb000 ---p 00173000 08:02 61223                      /usr/lib/x86_64-linux-gnu/libstdc++.so.6.0.21
7fabe3aeb000-7fabe3af5000 r--p 00172000 08:02 61223                      /usr/lib/x86_64-linux-gnu/libstdc++.so.6.0.21
7fabe3af5000-7fabe3af7000 rw-p 0017c000 08:02 61223                      /usr/lib/x86_64-linux-gnu/libstdc++.so.6.0.21
7fabe3af7000-7fabe3afb000 rw-p 00000000 00:00 0 
7fabe3afb000-7fabe3aff000 r-xp 00000000 08:02 3391672                    /home/ankit/.gradle/native/19/linux-amd64/libnative-platform.so
7fabe3aff000-7fabe3cfe000 ---p 00004000 08:02 3391672                    /home/ankit/.gradle/native/19/linux-amd64/libnative-platform.so
7fabe3cfe000-7fabe3cff000 rw-p 00003000 08:02 3391672                    /home/ankit/.gradle/native/19/linux-amd64/libnative-platform.so
7fabe3cff000-7fabe4000000 rw-p 00000000 00:00 0 
7fabe4000000-7fabe52af000 rw-p 00000000 00:00 0 
7fabe52af000-7fabe8000000 ---p 00000000 00:00 0 
7fabe8000000-7fabe8021000 rw-p 00000000 00:00 0 
7fabe8021000-7fabec000000 ---p 00000000 00:00 0 
7fabec000000-7fabee6d0000 rw-p 00000000 00:00 0 
7fabee6d0000-7fabf0000000 ---p 00000000 00:00 0 
7fabf0000000-7fabf2173000 rw-p 00000000 00:00 0 
7fabf2173000-7fabf4000000 ---p 00000000 00:00 0 
7fabf4000000-7fabf4021000 rw-p 00000000 00:00 0 
7fabf4021000-7fabf8000000 ---p 00000000 00:00 0 
7fabf8000000-7fabf8021000 rw-p 00000000 00:00 0 
7fabf8021000-7fabfc000000 ---p 00000000 00:00 0 
7fabfc000000-7fabfc320000 rw-p 00000000 00:00 0 
7fabfc320000-7fac00000000 ---p 00000000 00:00 0 
7fac00000000-7fac00021000 rw-p 00000000 00:00 0 
7fac00021000-7fac04000000 ---p 00000000 00:00 0 
7fac04000000-7fac04021000 rw-p 00000000 00:00 0 
7fac04021000-7fac08000000 ---p 00000000 00:00 0 
7fac08000000-7fac08002000 r--s 0000b000 08:02 3402340                    /home/ankit/Downloads/android-studio/gradle/gradle-2.14.1/lib/plugins/wagon-provider-api-2.4.jar
7fac08002000-7fac08003000 r--s 00003000 08:02 3402320                    /home/ankit/Downloads/android-studio/gradle/gradle-2.14.1/lib/plugins/aether-spi-1.13.1.jar
7fac08003000-7fac08007000 r--s 0001c000 08:02 3402380                    /home/ankit/Downloads/android-studio/gradle/gradle-2.14.1/lib/plugins/aether-util-1.13.1.jar
7fac08007000-7fac0800a000 r--s 0001d000 08:02 3402360                    /home/ankit/Downloads/android-studio/gradle/gradle-2.14.1/lib/plugins/aether-impl-1.13.1.jar
7fac0800a000-7fac0800b000 r--s 00006000 08:02 3402365                    /home/ankit/Downloads/android-studio/gradle/gradle-2.14.1/lib/plugins/plexus-sec-dispatcher-1.3.jar
7fac0800b000-7fac08010000 r--s 00040000 08:02 3402321                    /home/ankit/Downloads/android-studio/gradle/gradle-2.14.1/lib/plugins/jsch-0.1.53.jar
7fac08010000-7fac08014000 r--s 0001d000 08:02 3402350                    /home/ankit/Downloads/android-studio/gradle/gradle-2.14.1/lib/plugins/xbean-reflect-3.4.jar
7fac08014000-7fac08020000 r--s 0007d000 08:02 3402367                    /home/ankit/Downloads/android-studio/gradle/gradle-2.14.1/lib/plugins/maven-core-3.0.4.jar
7fac08020000-7fac08025000 r--s 0002a000 08:02 3402346                    /home/ankit/Downloads/android-studio/gradle/gradle-2.14.1/lib/plugins/gson-2.2.4.jar
7fac08025000-7fac08034000 r--s 000d9000 08:02 3402331                    /home/ankit/Downloads/android-studio/gradle/gradle-2.14.1/lib/plugins/ivy-2.2.0.jar
7fac08034000-7fac08050000 r--s 000d3000 08:02 3402161                    /home/ankit/Downloads/android-studio/gradle/gradle-2.14.1/lib/plugins/gradle-dependency-management-2.14.1.jar
7fac08050000-7fac08061000 r-xp 00000000 08:02 199999                     /usr/lib/jvm/java-8-oracle/jre/lib/amd64/libnio.so
7fac08061000-7fac08260000 ---p 00011000 08:02 199999                     /usr/lib/jvm/java-8-oracle/jre/lib/amd64/libnio.so
7fac08260000-7fac08261000 rw-p 00010000 08:02 199999                     /usr/lib/jvm/java-8-oracle/jre/lib/amd64/libnio.so
7fac08261000-7fac08277000 r-xp 00000000 08:02 199974                     /usr/lib/jvm/java-8-oracle/jre/lib/amd64/libnet.so
7fac08277000-7fac08477000 ---p 00016000 08:02 199974                     /usr/lib/jvm/java-8-oracle/jre/lib/amd64/libnet.so
7fac08477000-7fac08478000 rw-p 00016000 08:02 199974                     /usr/lib/jvm/java-8-oracle/jre/lib/amd64/libnet.so
7fac08478000-7fac0847a000 r--s 00005000 08:02 3394358                    /home/ankit/Downloads/android-studio/gradle/gradle-2.14.1/lib/gradle-wrapper-2.14.1.jar
7fac0847a000-7fac08488000 r--s 0004f000 08:02 3394344                    /home/ankit/Downloads/android-studio/gradle/gradle-2.14.1/lib/gradle-tooling-api-2.14.1.jar
7fac08488000-7fac0848a000 r--s 00002000 08:02 3394350                    /home/ankit/Downloads/android-studio/gradle/gradle-2.14.1/lib/gradle-open-api-2.14.1.jar
7fac0848a000-7fac08490000 r--s 00032000 08:02 3394400                    /home/ankit/Downloads/android-studio/gradle/gradle-2.14.1/lib/jaxen-1.1.jar
7fac08490000-7fac08495000 r--s 00048000 08:02 3394380                    /home/ankit/Downloads/android-studio/gradle/gradle-2.14.1/lib/dom4j-1.6.1.jar
7fac08495000-7fac084a0000 r--s 00059000 08:02 3394373                    /home/ankit/Downloads/android-studio/gradle/gradle-2.14.1/lib/gradle-ui-2.14.1.jar
7fac084a0000-7fac084a3000 r--s 0000b000 08:02 3394378                    /home/ankit/Downloads/android-studio/gradle/gradle-2.14.1/lib/gradle-resources-2.14.1.jar
7fac084a3000-7fac084a5000 r--s 00003000 08:02 3394402                    /home/ankit/Downloads/android-studio/gradle/gradle-2.14.1/lib/jcl-over-slf4j-1.7.10.jar
7fac084a5000-7fac084a6000 r--s 00005000 08:02 3394397                    /home/ankit/Downloads/android-studio/gradle/gradle-2.14.1/lib/log4j-over-slf4j-1.7.10.jar
7fac084a6000-7fac084ab000 r--s 0001c000 08:02 3394356                    /home/ankit/Downloads/android-studio/gradle/gradle-2.14.1/lib/gradle-logging-2.14.1.jar
7fac084ab000-7fac0851a000 r--s 0063e000 08:02 3394407                    /home/ankit/Downloads/android-studio/gradle/gradle-2.14.1/lib/groovy-all-2.4.4.jar
7fac0851a000-7fac0851b000 ---p 00000000 00:00 0 
7fac0851b000-7fac0861b000 rw-p 00000000 00:00 0 
7fac0861b000-7fac0861e000 ---p 00000000 00:00 0 
7fac0861e000-7fac0871c000 rw-p 00000000 00:00 0 
7fac0871c000-7fac0871f000 ---p 00000000 00:00 0 
7fac0871f000-7fac0881d000 rw-p 00000000 00:00 0 
7fac0881d000-7fac08820000 ---p 00000000 00:00 0 
7fac08820000-7fac0891e000 rw-p 00000000 00:00 0 
7fac0891e000-7fac09000000 r--p 00000000 08:02 59247                      /usr/lib/locale/locale-archive
7fac09000000-7fac0c000000 rw-p 00000000 00:00 0 
7fac0c000000-7fac0c039000 rw-p 00000000 00:00 0 
7fac0c039000-7fac10000000 ---p 00000000 00:00 0 
7fac10000000-7fac10142000 rw-p 00000000 00:00 0 
7fac10142000-7fac14000000 ---p 00000000 00:00 0 
7fac14000000-7fac14023000 rw-p 00000000 00:00 0 
7fac14023000-7fac18000000 ---p 00000000 00:00 0 
7fac18000000-7fac18002000 r--s 00000000 08:02 3394404                    /home/ankit/Downloads/android-studio/gradle/gradle-2.14.1/lib/jul-to-slf4j-1.7.10.jar
7fac18002000-7fac18004000 r--s 00007000 08:02 3394403                    /home/ankit/Downloads/android-studio/gradle/gradle-2.14.1/lib/objenesis-1.2.jar
7fac18004000-7fac18006000 r--s 00000000 08:02 3394383                    /home/ankit/Downloads/android-studio/gradle/gradle-2.14.1/lib/minlog-1.2.jar
7fac18006000-7fac18008000 r--s 0000f000 08:02 3394389                    /home/ankit/Downloads/android-studio/gradle/gradle-2.14.1/lib/reflectasm-1.07-shaded.jar
7fac18008000-7fac1800c000 r--s 00026000 08:02 3394395                    /home/ankit/Downloads/android-studio/gradle/gradle-2.14.1/lib/kryo-2.20.jar
7fac1800c000-7fac18012000 r--s 00025000 08:02 3394347                    /home/ankit/Downloads/android-studio/gradle/gradle-2.14.1/lib/gradle-messaging-2.14.1.jar
7fac18012000-7fac18013000 r--s 00003000 08:02 3394401                    /home/ankit/Downloads/android-studio/gradle/gradle-2.14.1/lib/native-platform-freebsd-amd64-0.10.jar
7fac18013000-7fac18014000 r--s 00003000 08:02 3394390                    /home/ankit/Downloads/android-studio/gradle/gradle-2.14.1/lib/native-platform-freebsd-i386-0.10.jar
7fac18014000-7fac18015000 r--s 00005000 08:02 3394385                    /home/ankit/Downloads/android-studio/gradle/gradle-2.14.1/lib/native-platform-windows-i386-0.10.jar
7fac18015000-7fac18016000 r--s 00005000 08:02 3394384                    /home/ankit/Downloads/android-studio/gradle/gradle-2.14.1/lib/native-platform-windows-amd64-0.10.jar
7fac18016000-7fac18017000 r--s 00003000 08:02 3394391                    /home/ankit/Downloads/android-studio/gradle/gradle-2.14.1/lib/native-platform-linux-i386-0.10.jar
7fac18017000-7fac18018000 r--s 00003000 08:02 3394382                    /home/ankit/Downloads/android-studio/gradle/gradle-2.14.1/lib/native-platform-linux-amd64-0.10.jar
7fac18018000-7fac18019000 r--s 00002000 08:02 3394381                    /home/ankit/Downloads/android-studio/gradle/gradle-2.14.1/lib/native-platform-osx-amd64-0.10.jar
7fac18019000-7fac1801b000 r--s 00008000 08:02 3394399                    /home/ankit/Downloads/android-studio/gradle/gradle-2.14.1/lib/jansi-1.2.1.jar
7fac1801b000-7fac1801e000 r--s 0000d000 08:02 3394394                    /home/ankit/Downloads/android-studio/gradle/gradle-2.14.1/lib/native-platform-0.10.jar
7fac1801e000-7fac18022000 r--s 000e4000 08:02 3394393                    /home/ankit/Downloads/android-studio/gradle/gradle-2.14.1/lib/jna-3.2.7.jar
7fac18022000-7fac18031000 r--s 00080000 08:02 3394371                    /home/ankit/Downloads/android-studio/gradle/gradle-2.14.1/lib/gradle-model-core-2.14.1.jar
7fac18031000-7fac18059000 r--s 001cf000 08:02 3394387                    /home/ankit/Downloads/android-studio/gradle/gradle-2.14.1/lib/guava-jdk5-17.0.jar
7fac18059000-7fac18078000 r--s 001d1000 08:02 3394357                    /home/ankit/Downloads/android-studio/gradle/gradle-2.14.1/lib/ant-1.9.6.jar
7fac18078000-7fac180af000 r--s 001bd000 08:02 3394359                    /home/ankit/Downloads/android-studio/gradle/gradle-2.14.1/lib/gradle-core-2.14.1.jar
7fac180af000-7fac180b2000 ---p 00000000 00:00 0 
7fac180b2000-7fac181b0000 rw-p 00000000 00:00 0 
7fac181b0000-7fac181b3000 ---p 00000000 00:00 0 
7fac181b3000-7fac182b1000 rw-p 00000000 00:00 0 
7fac182b1000-7fac182b4000 ---p 00000000 00:00 0 
7fac182b4000-7fac183b2000 rw-p 00000000 00:00 0 
7fac183b2000-7fac183b5000 ---p 00000000 00:00 0 
7fac183b5000-7fac184b3000 rw-p 00000000 00:00 0 
7fac184b3000-7fac184b4000 ---p 00000000 00:00 0 
7fac184b4000-7fac19000000 rw-p 00000000 00:00 0 
7fac19000000-7fac1b5a0000 rwxp 00000000 00:00 0 
7fac1b5a0000-7fac28000000 ---p 00000000 00:00 0 
7fac28000000-7fac28b8f000 rw-p 00000000 00:00 0 
7fac28b8f000-7fac2c000000 ---p 00000000 00:00 0 
7fac2c000000-7fac2c002000 r--s 00009000 08:02 3394375                    /home/ankit/Downloads/android-studio/gradle/gradle-2.14.1/lib/gradle-native-2.14.1.jar
7fac2c002000-7fac2c004000 r--s 00005000 08:02 3394376                    /home/ankit/Downloads/android-studio/gradle/gradle-2.14.1/lib/gradle-cli-2.14.1.jar
7fac2c004000-7fac2c011000 r--s 00083000 08:02 3394379                    /home/ankit/Downloads/android-studio/gradle/gradle-2.14.1/lib/commons-collections-3.2.2.jar
7fac2c011000-7fac2c5a7000 rw-p 00000000 00:00 0 
7fac2c5a7000-7fac2c77f000 r--s 03d2a000 08:02 182584                     /usr/lib/jvm/java-8-oracle/jre/lib/rt.jar
7fac2c77f000-7fac2d2f5000 rw-p 00000000 00:00 0 
7fac2d2f5000-7fac2d2f6000 ---p 00000000 00:00 0 
7fac2d2f6000-7fac2d3f6000 rw-p 00000000 00:00 0 
7fac2d3f6000-7fac2d3f7000 ---p 00000000 00:00 0 
7fac2d3f7000-7fac2d4f7000 rw-p 00000000 00:00 0 
7fac2d4f7000-7fac2d4f8000 ---p 00000000 00:00 0 
7fac2d4f8000-7fac2d5f8000 rw-p 00000000 00:00 0 
7fac2d5f8000-7fac2d5f9000 ---p 00000000 00:00 0 
7fac2d5f9000-7fac2d820000 rw-p 00000000 00:00 0 
7fac2d820000-7fac2d8f9000 ---p 00000000 00:00 0 
7fac2d8f9000-7fac2da20000 rw-p 00000000 00:00 0 
7fac2da20000-7fac2daf9000 ---p 00000000 00:00 0 
7fac2daf9000-7fac2dbf9000 rw-p 00000000 00:00 0 
7fac2dbf9000-7fac2dc91000 rw-p 00000000 00:00 0 
7fac2dc91000-7fac2dfba000 ---p 00000000 00:00 0 
7fac2dfba000-7fac2dfd4000 r-xp 00000000 08:02 199997                     /usr/lib/jvm/java-8-oracle/jre/lib/amd64/libzip.so
7fac2dfd4000-7fac2e1d4000 ---p 0001a000 08:02 199997                     /usr/lib/jvm/java-8-oracle/jre/lib/amd64/libzip.so
7fac2e1d4000-7fac2e1d5000 rw-p 0001a000 08:02 199997                     /usr/lib/jvm/java-8-oracle/jre/lib/amd64/libzip.so
7fac2e1d5000-7fac2e1df000 r-xp 00000000 08:02 2621662                    /lib/x86_64-linux-gnu/libnss_files-2.21.so
7fac2e1df000-7fac2e3df000 ---p 0000a000 08:02 2621662                    /lib/x86_64-linux-gnu/libnss_files-2.21.so
7fac2e3df000-7fac2e3e0000 r--p 0000a000 08:02 2621662                    /lib/x86_64-linux-gnu/libnss_files-2.21.so
7fac2e3e0000-7fac2e3e1000 rw-p 0000b000 08:02 2621662                    /lib/x86_64-linux-gnu/libnss_files-2.21.so
7fac2e3e1000-7fac2e3ec000 r-xp 00000000 08:02 2623427                    /lib/x86_64-linux-gnu/libnss_nis-2.21.so
7fac2e3ec000-7fac2e5eb000 ---p 0000b000 08:02 2623427                    /lib/x86_64-linux-gnu/libnss_nis-2.21.so
7fac2e5eb000-7fac2e5ec000 r--p 0000a000 08:02 2623427                    /lib/x86_64-linux-gnu/libnss_nis-2.21.so
7fac2e5ec000-7fac2e5ed000 rw-p 0000b000 08:02 2623427                    /lib/x86_64-linux-gnu/libnss_nis-2.21.so
7fac2e5ed000-7fac2e604000 r-xp 00000000 08:02 2623430                    /lib/x86_64-linux-gnu/libnsl-2.21.so
7fac2e604000-7fac2e803000 ---p 00017000 08:02 2623430                    /lib/x86_64-linux-gnu/libnsl-2.21.so
7fac2e803000-7fac2e804000 r--p 00016000 08:02 2623430                    /lib/x86_64-linux-gnu/libnsl-2.21.so
7fac2e804000-7fac2e805000 rw-p 00017000 08:02 2623430                    /lib/x86_64-linux-gnu/libnsl-2.21.so
7fac2e805000-7fac2e807000 rw-p 00000000 00:00 0 
7fac2e807000-7fac2e80f000 r-xp 00000000 08:02 2622662                    /lib/x86_64-linux-gnu/libnss_compat-2.21.so
7fac2e80f000-7fac2ea0e000 ---p 00008000 08:02 2622662                    /lib/x86_64-linux-gnu/libnss_compat-2.21.so
7fac2ea0e000-7fac2ea0f000 r--p 00007000 08:02 2622662                    /lib/x86_64-linux-gnu/libnss_compat-2.21.so
7fac2ea0f000-7fac2ea10000 rw-p 00008000 08:02 2622662                    /lib/x86_64-linux-gnu/libnss_compat-2.21.so
7fac2ea10000-7fac2ea3b000 r-xp 00000000 08:02 200024                     /usr/lib/jvm/java-8-oracle/jre/lib/amd64/libjava.so
7fac2ea3b000-7fac2ec3a000 ---p 0002b000 08:02 200024                     /usr/lib/jvm/java-8-oracle/jre/lib/amd64/libjava.so
7fac2ec3a000-7fac2ec3c000 rw-p 0002a000 08:02 200024                     /usr/lib/jvm/java-8-oracle/jre/lib/amd64/libjava.so
7fac2ec3c000-7fac2ec49000 r-xp 00000000 08:02 199975                     /usr/lib/jvm/java-8-oracle/jre/lib/amd64/libverify.so
7fac2ec49000-7fac2ee48000 ---p 0000d000 08:02 199975                     /usr/lib/jvm/java-8-oracle/jre/lib/amd64/libverify.so
7fac2ee48000-7fac2ee4a000 rw-p 0000c000 08:02 199975                     /usr/lib/jvm/java-8-oracle/jre/lib/amd64/libverify.so
7fac2ee4a000-7fac2ee51000 r-xp 00000000 08:02 2621663                    /lib/x86_64-linux-gnu/librt-2.21.so
7fac2ee51000-7fac2f050000 ---p 00007000 08:02 2621663                    /lib/x86_64-linux-gnu/librt-2.21.so
7fac2f050000-7fac2f051000 r--p 00006000 08:02 2621663                    /lib/x86_64-linux-gnu/librt-2.21.so
7fac2f051000-7fac2f052000 rw-p 00007000 08:02 2621663                    /lib/x86_64-linux-gnu/librt-2.21.so
7fac2f052000-7fac2f159000 r-xp 00000000 08:02 2623271                    /lib/x86_64-linux-gnu/libm-2.21.so
7fac2f159000-7fac2f358000 ---p 00107000 08:02 2623271                    /lib/x86_64-linux-gnu/libm-2.21.so
7fac2f358000-7fac2f359000 r--p 00106000 08:02 2623271                    /lib/x86_64-linux-gnu/libm-2.21.so
7fac2f359000-7fac2f35a000 rw-p 00107000 08:02 2623271                    /lib/x86_64-linux-gnu/libm-2.21.so
7fac2f35a000-7fac30027000 r-xp 00000000 08:02 200028                     /usr/lib/jvm/java-8-oracle/jre/lib/amd64/server/libjvm.so
7fac30027000-7fac30226000 ---p 00ccd000 08:02 200028                     /usr/lib/jvm/java-8-oracle/jre/lib/amd64/server/libjvm.so
7fac30226000-7fac302ff000 rw-p 00ccc000 08:02 200028                     /usr/lib/jvm/java-8-oracle/jre/lib/amd64/server/libjvm.so
7fac302ff000-7fac3034a000 rw-p 00000000 00:00 0 
7fac3034a000-7fac3050a000 r-xp 00000000 08:02 2623433                    /lib/x86_64-linux-gnu/libc-2.21.so
7fac3050a000-7fac3070a000 ---p 001c0000 08:02 2623433                    /lib/x86_64-linux-gnu/libc-2.21.so
7fac3070a000-7fac3070e000 r--p 001c0000 08:02 2623433                    /lib/x86_64-linux-gnu/libc-2.21.so
7fac3070e000-7fac30710000 rw-p 001c4000 08:02 2623433                    /lib/x86_64-linux-gnu/libc-2.21.so
7fac30710000-7fac30714000 rw-p 00000000 00:00 0 
7fac30714000-7fac30717000 r-xp 00000000 08:02 2623420                    /lib/x86_64-linux-gnu/libdl-2.21.so
7fac30717000-7fac30916000 ---p 00003000 08:02 2623420                    /lib/x86_64-linux-gnu/libdl-2.21.so
7fac30916000-7fac30917000 r--p 00002000 08:02 2623420                    /lib/x86_64-linux-gnu/libdl-2.21.so
7fac30917000-7fac30918000 rw-p 00003000 08:02 2623420                    /lib/x86_64-linux-gnu/libdl-2.21.so
7fac30918000-7fac3092d000 r-xp 00000000 08:02 158504                     /usr/lib/jvm/java-8-oracle/lib/amd64/jli/libjli.so
7fac3092d000-7fac30b2d000 ---p 00015000 08:02 158504                     /usr/lib/jvm/java-8-oracle/lib/amd64/jli/libjli.so
7fac30b2d000-7fac30b2e000 rw-p 00015000 08:02 158504                     /usr/lib/jvm/java-8-oracle/lib/amd64/jli/libjli.so
7fac30b2e000-7fac30b46000 r-xp 00000000 08:02 2623413                    /lib/x86_64-linux-gnu/libpthread-2.21.so
7fac30b46000-7fac30d46000 ---p 00018000 08:02 2623413                    /lib/x86_64-linux-gnu/libpthread-2.21.so
7fac30d46000-7fac30d47000 r--p 00018000 08:02 2623413                    /lib/x86_64-linux-gnu/libpthread-2.21.so
7fac30d47000-7fac30d48000 rw-p 00019000 08:02 2623413                    /lib/x86_64-linux-gnu/libpthread-2.21.so
7fac30d48000-7fac30d4c000 rw-p 00000000 00:00 0 
7fac30d4c000-7fac30d70000 r-xp 00000000 08:02 2623431                    /lib/x86_64-linux-gnu/ld-2.21.so
7fac30d70000-7fac30d71000 r--s 00002000 08:02 3394398                    /home/ankit/Downloads/android-studio/gradle/gradle-2.14.1/lib/native-platform-osx-i386-0.10.jar
7fac30d71000-7fac30d73000 r--s 00007000 08:02 3394353                    /home/ankit/Downloads/android-studio/gradle/gradle-2.14.1/lib/gradle-model-groovy-2.14.1.jar
7fac30d73000-7fac30d74000 r--s 00006000 08:02 3394370                    /home/ankit/Downloads/android-studio/gradle/gradle-2.14.1/lib/gradle-base-services-groovy-2.14.1.jar
7fac30d74000-7fac30d75000 r--s 00002000 08:02 3394360                    /home/ankit/Downloads/android-studio/gradle/gradle-2.14.1/lib/gradle-docs-2.14.1.jar
7fac30d75000-7fac30d76000 r--s 00000000 08:02 3394406                    /home/ankit/Downloads/android-studio/gradle/gradle-2.14.1/lib/javax.inject-1.jar
7fac30d76000-7fac30d77000 r--s 00000000 08:02 3394388                    /home/ankit/Downloads/android-studio/gradle/gradle-2.14.1/lib/jcip-annotations-1.0.jar
7fac30d77000-7fac30d7b000 r--s 00027000 08:02 3394396                    /home/ankit/Downloads/android-studio/gradle/gradle-2.14.1/lib/commons-io-2.2.jar
7fac30d7b000-7fac30d80000 r--s 00038000 08:02 3394363                    /home/ankit/Downloads/android-studio/gradle/gradle-2.14.1/lib/asm-all-5.1.jar
7fac30d80000-7fac30d81000 r--s 00001000 08:02 3394374                    /home/ankit/Downloads/android-studio/gradle/gradle-2.14.1/lib/gradle-process-services-2.14.1.jar
7fac30d81000-7fac30d82000 r--s 00000000 08:02 3394345                    /home/ankit/Downloads/android-studio/gradle/gradle-2.14.1/lib/gradle-jvm-services-2.14.1.jar
7fac30d82000-7fac30d87000 r--s 00041000 08:02 3394392                    /home/ankit/Downloads/android-studio/gradle/gradle-2.14.1/lib/commons-lang-2.6.jar
7fac30d87000-7fac30e49000 rw-p 00000000 00:00 0 
7fac30e49000-7fac30e4c000 ---p 00000000 00:00 0 
7fac30e4c000-7fac30f4e000 rw-p 00000000 00:00 0 
7fac30f4e000-7fac30f4f000 r--s 00007000 08:02 3394386                    /home/ankit/Downloads/android-studio/gradle/gradle-2.14.1/lib/slf4j-api-1.7.10.jar
7fac30f4f000-7fac30f50000 r--s 00004000 08:02 3394372                    /home/ankit/Downloads/android-studio/gradle/gradle-2.14.1/lib/ant-launcher-1.9.6.jar
7fac30f50000-7fac30f58000 r--s 0003a000 08:02 3394364                    /home/ankit/Downloads/android-studio/gradle/gradle-2.14.1/lib/gradle-base-services-2.14.1.jar
7fac30f58000-7fac30f63000 r--s 00051000 08:02 3394361                    /home/ankit/Downloads/android-studio/gradle/gradle-2.14.1/lib/gradle-launcher-2.14.1.jar
7fac30f63000-7fac30f6b000 rw-s 00000000 08:02 5033425                    /tmp/hsperfdata_ankit/23752
7fac30f6b000-7fac30f6c000 rw-p 00000000 00:00 0 
7fac30f6c000-7fac30f6d000 ---p 00000000 00:00 0 
7fac30f6d000-7fac30f6f000 rw-p 00000000 00:00 0 
7fac30f6f000-7fac30f70000 r--p 00023000 08:02 2623431                    /lib/x86_64-linux-gnu/ld-2.21.so
7fac30f70000-7fac30f71000 rw-p 00024000 08:02 2623431                    /lib/x86_64-linux-gnu/ld-2.21.so
7fac30f71000-7fac30f72000 rw-p 00000000 00:00 0 
7fffbf168000-7fffbf189000 rw-p 00000000 00:00 0                          [stack]
7fffbf1a8000-7fffbf1aa000 r--p 00000000 00:00 0                          [vvar]
7fffbf1aa000-7fffbf1ac000 r-xp 00000000 00:00 0                          [vdso]
ffffffffff600000-ffffffffff601000 r-xp 00000000 00:00 0                  [vsyscall]

VM Arguments:
jvm_args: -Xmx1536m -Dfile.encoding=UTF-8 -Duser.country=IN -Duser.language=en -Duser.variant 
java_command: org.gradle.launcher.daemon.bootstrap.GradleDaemon 2.14.1
java_class_path (initial): /home/ankit/Downloads/android-studio/gradle/gradle-2.14.1/lib/gradle-launcher-2.14.1.jar
Launcher Type: SUN_STANDARD

Environment Variables:
JAVA_HOME=/usr/lib/jvm/java-8-oracle
PATH=/usr/local/sbin:/usr/local/bin:/usr/sbin:/usr/bin:/sbin:/bin:/usr/games:/usr/local/games:/usr/lib/jvm/java-8-oracle/bin:/usr/lib/jvm/java-8-oracle/db/bin:/usr/lib/jvm/java-8-oracle/jre/bin
LD_LIBRARY_PATH=Downloads/android-studio/bin:
SHELL=/bin/bash
DISPLAY=:0

Signal Handlers:
SIGSEGV: [libjvm.so+0xac64b0], sa_mask[0]=11111111011111111101111111111110, sa_flags=SA_RESTART|SA_SIGINFO
SIGBUS: [libjvm.so+0xac64b0], sa_mask[0]=11111111011111111101111111111110, sa_flags=SA_RESTART|SA_SIGINFO
SIGFPE: [libjvm.so+0x91f950], sa_mask[0]=11111111011111111101111111111110, sa_flags=SA_RESTART|SA_SIGINFO
SIGPIPE: [libjvm.so+0x91f950], sa_mask[0]=11111111011111111101111111111110, sa_flags=SA_RESTART|SA_SIGINFO
SIGXFSZ: [libjvm.so+0x91f950], sa_mask[0]=11111111011111111101111111111110, sa_flags=SA_RESTART|SA_SIGINFO
SIGILL: [libjvm.so+0x91f950], sa_mask[0]=11111111011111111101111111111110, sa_flags=SA_RESTART|SA_SIGINFO
SIGUSR1: SIG_DFL, sa_mask[0]=00000000000000000000000000000000, sa_flags=none
SIGUSR2: [libjvm.so+0x920f80], sa_mask[0]=00100000000000000000000000000000, sa_flags=SA_RESTART|SA_SIGINFO
SIGHUP: [libjvm.so+0x922380], sa_mask[0]=11111111011111111101111111111110, sa_flags=SA_RESTART|SA_SIGINFO
SIGINT: [libjvm.so+0x922380], sa_mask[0]=11111111011111111101111111111110, sa_flags=SA_RESTART|SA_SIGINFO
SIGTERM: [libjvm.so+0x922380], sa_mask[0]=11111111011111111101111111111110, sa_flags=SA_RESTART|SA_SIGINFO
SIGQUIT: [libjvm.so+0x922380], sa_mask[0]=11111111011111111101111111111110, sa_flags=SA_RESTART|SA_SIGINFO


---------------  S Y S T E M  ---------------

OS:DISTRIB_ID=Ubuntu
DISTRIB_RELEASE=15.10
DISTRIB_CODENAME=wily
DISTRIB_DESCRIPTION="Ubuntu 15.10"

uname:Linux 4.2.0-42-generic #49-Ubuntu SMP Tue Jun 28 21:26:26 UTC 2016 x86_64
libc:glibc 2.21 NPTL 2.21 
rlimit: STACK 8192k, CORE 0k, NPROC 31537, NOFILE 65536, AS infinity
load average:3.53 1.56 0.93

/proc/meminfo:
MemTotal:        8110256 kB
MemFree:          129396 kB
MemAvailable:     144496 kB
Buffers:           17372 kB
Cached:           924372 kB
SwapCached:            0 kB
Active:          6908544 kB
Inactive:         827144 kB
Active(anon):    6833812 kB
Inactive(anon):   759248 kB
Active(file):      74732 kB
Inactive(file):    67896 kB
Unevictable:         128 kB
Mlocked:             128 kB
SwapTotal:             0 kB
SwapFree:              0 kB
Dirty:                96 kB
Writeback:             0 kB
AnonPages:       6794184 kB
Mapped:           613284 kB
Shmem:            799100 kB
Slab:             107340 kB
SReclaimable:      56512 kB
SUnreclaim:        50828 kB
KernelStack:       13328 kB
PageTables:        71088 kB
NFS_Unstable:          0 kB
Bounce:                0 kB
WritebackTmp:          0 kB
CommitLimit:     4055128 kB
Committed_AS:   15258108 kB
VmallocTotal:   34359738367 kB
VmallocUsed:      551900 kB
VmallocChunk:   34358423548 kB
HardwareCorrupted:     0 kB
AnonHugePages:   3817472 kB
CmaTotal:              0 kB
CmaFree:               0 kB
HugePages_Total:       0
HugePages_Free:        0
HugePages_Rsvd:        0
HugePages_Surp:        0
Hugepagesize:       2048 kB
DirectMap4k:      242368 kB
DirectMap2M:     7032832 kB
DirectMap1G:     2097152 kB


CPU:total 4 (2 cores per cpu, 2 threads per core) family 6 model 69 stepping 1, cmov, cx8, fxsr, mmx, sse, sse2, sse3, ssse3, sse4.1, sse4.2, popcnt, avx, avx2, aes, clmul, erms, lzcnt, ht, tsc, tscinvbit, bmi1, bmi2

/proc/cpuinfo:
processor	: 0
vendor_id	: GenuineIntel
cpu family	: 6
model		: 69
model name	: Intel(R) Core(TM) i3-4005U CPU @ 1.70GHz
stepping	: 1
microcode	: 0x1c
cpu MHz		: 1695.152
cache size	: 3072 KB
physical id	: 0
siblings	: 4
core id		: 0
cpu cores	: 2
apicid		: 0
initial apicid	: 0
fpu		: yes
fpu_exception	: yes
cpuid level	: 13
wp		: yes
flags		: fpu vme de pse tsc msr pae mce cx8 apic sep mtrr pge mca cmov pat pse36 clflush dts acpi mmx fxsr sse sse2 ss ht tm pbe syscall nx pdpe1gb rdtscp lm constant_tsc arch_perfmon pebs bts rep_good nopl xtopology nonstop_tsc aperfmperf eagerfpu pni pclmulqdq dtes64 monitor ds_cpl vmx est tm2 ssse3 fma cx16 xtpr pdcm pcid sse4_1 sse4_2 movbe popcnt tsc_deadline_timer aes xsave avx f16c rdrand lahf_lm abm ida arat epb pln pts dtherm tpr_shadow vnmi flexpriority ept vpid fsgsbase tsc_adjust bmi1 avx2 smep bmi2 erms invpcid xsaveopt
bugs		:
bogomips	: 3392.32
clflush size	: 64
cache_alignment	: 64
address sizes	: 39 bits physical, 48 bits virtual
power management:

processor	: 1
vendor_id	: GenuineIntel
cpu family	: 6
model		: 69
model name	: Intel(R) Core(TM) i3-4005U CPU @ 1.70GHz
stepping	: 1
microcode	: 0x1c
cpu MHz		: 1700.000
cache size	: 3072 KB
physical id	: 0
siblings	: 4
core id		: 0
cpu cores	: 2
apicid		: 1
initial apicid	: 1
fpu		: yes
fpu_exception	: yes
cpuid level	: 13
wp		: yes
flags		: fpu vme de pse tsc msr pae mce cx8 apic sep mtrr pge mca cmov pat pse36 clflush dts acpi mmx fxsr sse sse2 ss ht tm pbe syscall nx pdpe1gb rdtscp lm constant_tsc arch_perfmon pebs bts rep_good nopl xtopology nonstop_tsc aperfmperf eagerfpu pni pclmulqdq dtes64 monitor ds_cpl vmx est tm2 ssse3 fma cx16 xtpr pdcm pcid sse4_1 sse4_2 movbe popcnt tsc_deadline_timer aes xsave avx f16c rdrand lahf_lm abm ida arat epb pln pts dtherm tpr_shadow vnmi flexpriority ept vpid fsgsbase tsc_adjust bmi1 avx2 smep bmi2 erms invpcid xsaveopt
bugs		:
bogomips	: 3392.32
clflush size	: 64
cache_alignment	: 64
address sizes	: 39 bits physical, 48 bits virtual
power management:

processor	: 2
vendor_id	: GenuineIntel
cpu family	: 6
model		: 69
model name	: Intel(R) Core(TM) i3-4005U CPU @ 1.70GHz
stepping	: 1
microcode	: 0x1c
cpu MHz		: 1700.000
cache size	: 3072 KB
physical id	: 0
siblings	: 4
core id		: 1
cpu cores	: 2
apicid		: 2
initial apicid	: 2
fpu		: yes
fpu_exception	: yes
cpuid level	: 13
wp		: yes
flags		: fpu vme de pse tsc msr pae mce cx8 apic sep mtrr pge mca cmov pat pse36 clflush dts acpi mmx fxsr sse sse2 ss ht tm pbe syscall nx pdpe1gb rdtscp lm constant_tsc arch_perfmon pebs bts rep_good nopl xtopology nonstop_tsc aperfmperf eagerfpu pni pclmulqdq dtes64 monitor ds_cpl vmx est tm2 ssse3 fma cx16 xtpr pdcm pcid sse4_1 sse4_2 movbe popcnt tsc_deadline_timer aes xsave avx f16c rdrand lahf_lm abm ida arat epb pln pts dtherm tpr_shadow vnmi flexpriority ept vpid fsgsbase tsc_adjust bmi1 avx2 smep bmi2 erms invpcid xsaveopt
bugs		:
bogomips	: 3392.32
clflush size	: 64
cache_alignment	: 64
address sizes	: 39 bits physical, 48 bits virtual
power management:

processor	: 3
vendor_id	: GenuineIntel
cpu family	: 6
model		: 69
model name	: Intel(R) Core(TM) i3-4005U CPU @ 1.70GHz
stepping	: 1
microcode	: 0x1c
cpu MHz		: 1700.000
cache size	: 3072 KB
physical id	: 0
siblings	: 4
core id		: 1
cpu cores	: 2
apicid		: 3
initial apicid	: 3
fpu		: yes
fpu_exception	: yes
cpuid level	: 13
wp		: yes
flags		: fpu vme de pse tsc msr pae mce cx8 apic sep mtrr pge mca cmov pat pse36 clflush dts acpi mmx fxsr sse sse2 ss ht tm pbe syscall nx pdpe1gb rdtscp lm constant_tsc arch_perfmon pebs bts rep_good nopl xtopology nonstop_tsc aperfmperf eagerfpu pni pclmulqdq dtes64 monitor ds_cpl vmx est tm2 ssse3 fma cx16 xtpr pdcm pcid sse4_1 sse4_2 movbe popcnt tsc_deadline_timer aes xsave avx f16c rdrand lahf_lm abm ida arat epb pln pts dtherm tpr_shadow vnmi flexpriority ept vpid fsgsbase tsc_adjust bmi1 avx2 smep bmi2 erms invpcid xsaveopt
bugs		:
bogomips	: 3392.32
clflush size	: 64
cache_alignment	: 64
address sizes	: 39 bits physical, 48 bits virtual
power management:



Memory: 4k page, physical 8110256k(129396k free), swap 0k(0k free)

vm_info: Java HotSpot(TM) 64-Bit Server VM (25.111-b14) for linux-amd64 JRE (1.8.0_111-b14), built on Sep 22 2016 16:14:03 by "java_re" with gcc 4.3.0 20080428 (Red Hat 4.3.0-8)

time: Tue Dec 20 20:41:41 2016
elapsed time: 92 seconds (0d 0h 1m 32s)

