#
# There is insufficient memory for the Java Runtime Environment to continue.
# Native memory allocation (mmap) failed to map 237502464 bytes for committing reserved memory.
# Possible reasons:
#   The system is out of physical RAM or swap space
#   In 32 bit mode, the process size limit was hit
# Possible solutions:
#   Reduce memory load on the system
#   Increase physical memory or swap space
#   Check if swap backing store is full
#   Use 64 bit Java on a 64 bit OS
#   Decrease Java heap size (-Xmx/-Xms)
#   Decrease number of Java threads
#   Decrease Java thread stack sizes (-Xss)
#   Set larger code cache with -XX:ReservedCodeCacheSize=
# This output file may be truncated or incomplete.
#
#  Out of Memory Error (os_linux.cpp:2627), pid=19335, tid=0x00007f993dfff700
#
# JRE version: Java(TM) SE Runtime Environment (8.0_111-b14) (build 1.8.0_111-b14)
# Java VM: Java HotSpot(TM) 64-Bit Server VM (25.111-b14 mixed mode linux-amd64 compressed oops)
# Failed to write core dump. Core dumps have been disabled. To enable core dumping, try "ulimit -c unlimited" before starting Java again
#

---------------  T H R E A D  ---------------

Current thread (0x00007f9950078000):  VMThread [stack: 0x00007f993deff000,0x00007f993e000000] [id=19343]

Stack: [0x00007f993deff000,0x00007f993e000000],  sp=0x00007f993dffe220,  free space=1020k
Native frames: (J=compiled Java code, j=interpreted, Vv=VM code, C=native code)
V  [libjvm.so+0xac5c2a]  VMError::report_and_die()+0x2ba
V  [libjvm.so+0x4fc50b]  report_vm_out_of_memory(char const*, int, unsigned long, VMErrorType, char const*)+0x8b
V  [libjvm.so+0x922ae3]  os::Linux::commit_memory_impl(char*, unsigned long, bool)+0x103
V  [libjvm.so+0x923039]  os::pd_commit_memory(char*, unsigned long, unsigned long, bool)+0x29
V  [libjvm.so+0x91d33a]  os::commit_memory(char*, unsigned long, unsigned long, bool)+0x2a
V  [libjvm.so+0x991ac3]  PSVirtualSpace::expand_by(unsigned long)+0x53
V  [libjvm.so+0x982380]  PSOldGen::expand(unsigned long)+0x170
V  [libjvm.so+0x98258b]  PSOldGen::resize(unsigned long)+0x1cb
V  [libjvm.so+0x98a291]  PSParallelCompact::invoke_no_policy(bool)+0x991
V  [libjvm.so+0x98fbed]  PSScavenge::invoke()+0x1ad
V  [libjvm.so+0x9467d0]  ParallelScavengeHeap::failed_mem_allocate(unsigned long)+0x70
V  [libjvm.so+0xac7647]  VM_ParallelGCFailedAllocation::doit()+0x97
V  [libjvm.so+0xacf125]  VM_Operation::evaluate()+0x55
V  [libjvm.so+0xacd4fa]  VMThread::evaluate_operation(VM_Operation*)+0xba
V  [libjvm.so+0xacd87e]  VMThread::loop()+0x1ce
V  [libjvm.so+0xacdcf0]  VMThread::run()+0x70
V  [libjvm.so+0x924ea8]  java_start(Thread*)+0x108

VM_Operation (0x00007f9908b773d0): ParallelGCFailedAllocation, mode: safepoint, requested by thread 0x00007f98e82d3000


---------------  P R O C E S S  ---------------

Java Threads: ( => current thread )
  0x00007f98d0076000 JavaThread "pool-8-thread-4" [_thread_blocked, id=19500, stack(0x00007f9908475000,0x00007f9908576000)]
  0x00007f98d0074800 JavaThread "pool-8-thread-3" [_thread_blocked, id=19499, stack(0x00007f990b1da000,0x00007f990b2db000)]
  0x00007f98d0074000 JavaThread "pool-8-thread-2" [_thread_blocked, id=19498, stack(0x00007f9908576000,0x00007f9908677000)]
  0x00007f98d0073000 JavaThread "pool-9-thread-1" [_thread_blocked, id=19497, stack(0x00007f9908677000,0x00007f9908778000)]
  0x00007f98d0072800 JavaThread "pool-8-thread-1" [_thread_blocked, id=19496, stack(0x00007f9908778000,0x00007f9908879000)]
  0x00007f98e82d3000 JavaThread "pool-6-thread-1" [_thread_blocked, id=19495, stack(0x00007f9908a79000,0x00007f9908b7a000)]
  0x00007f98e9259800 JavaThread "pool-4-thread-1" [_thread_blocked, id=19439, stack(0x00007f9908b7a000,0x00007f9908c7b000)]
  0x00007f98e8a88000 JavaThread "File lock request listener" [_thread_in_native, id=19369, stack(0x00007f990a3b4000,0x00007f990a4b5000)]
  0x00007f98e8a15000 JavaThread "process reaper" daemon [_thread_blocked, id=19368, stack(0x00007f990a928000,0x00007f990a961000)]
  0x00007f98e8010800 JavaThread "Asynchronous log dispatcher for org.gradle.launcher.daemon.server.DefaultDaemonConnection@347b9a19" [_thread_blocked, id=19363, stack(0x00007f990b2db000,0x00007f990b3dc000)]
  0x00007f98fc007000 JavaThread "Daemon worker" [_thread_blocked, id=19358, stack(0x00007f990b3dc000,0x00007f990b4dd000)]
  0x00007f98fc00a800 JavaThread "Cancel handler" [_thread_blocked, id=19357, stack(0x00007f990b4dd000,0x00007f990b5de000)]
  0x00007f98fc003800 JavaThread "Handler for socket connection from /127.0.0.1:35052 to /127.0.0.1:33534" [_thread_in_native, id=19356, stack(0x00007f990b5de000,0x00007f990b6df000)]
  0x00007f98f8015000 JavaThread "Daemon" [_thread_blocked, id=19355, stack(0x00007f990b6df000,0x00007f990b7e0000)]
  0x00007f9950b64000 JavaThread "Incoming local TCP Connector on port 35052" [_thread_in_native, id=19354, stack(0x00007f990b9e7000,0x00007f990bae8000)]
  0x00007f9950b5c800 JavaThread "pool-1-thread-1" [_thread_blocked, id=19353, stack(0x00007f990bae8000,0x00007f990bbe9000)]
  0x00007f99500c0800 JavaThread "Service Thread" daemon [_thread_blocked, id=19350, stack(0x00007f993d116000,0x00007f993d217000)]
  0x00007f99500bd800 JavaThread "C1 CompilerThread2" daemon [_thread_blocked, id=19349, stack(0x00007f993d217000,0x00007f993d318000)]
  0x00007f99500bb800 JavaThread "C2 CompilerThread1" daemon [_thread_blocked, id=19348, stack(0x00007f993d318000,0x00007f993d419000)]
  0x00007f99500b9000 JavaThread "C2 CompilerThread0" daemon [_thread_blocked, id=19347, stack(0x00007f993d419000,0x00007f993d51a000)]
  0x00007f99500b7800 JavaThread "Signal Dispatcher" daemon [_thread_blocked, id=19346, stack(0x00007f993d51a000,0x00007f993d61b000)]
  0x00007f9950084800 JavaThread "Finalizer" daemon [_thread_blocked, id=19345, stack(0x00007f993dcfd000,0x00007f993ddfe000)]
  0x00007f995007f800 JavaThread "Reference Handler" daemon [_thread_blocked, id=19344, stack(0x00007f993ddfe000,0x00007f993deff000)]
  0x00007f995000a000 JavaThread "main" [_thread_blocked, id=19337, stack(0x00007f995991f000,0x00007f9959a20000)]

Other Threads:
=>0x00007f9950078000 VMThread [stack: 0x00007f993deff000,0x00007f993e000000] [id=19343]
  0x00007f99500c3800 WatcherThread [stack: 0x00007f993d015000,0x00007f993d116000] [id=19351]

VM state:at safepoint (normal execution)

VM Mutex/Monitor currently owned by a thread:  ([mutex/lock_event])
[0x00007f9950005bb0] ExpandHeap_lock - owner thread: 0x00007f9950078000
[0x00007f9950006230] Threads_lock - owner thread: 0x00007f9950078000
[0x00007f9950006730] Heap_lock - owner thread: 0x00007f98e82d3000

Heap:
 PSYoungGen      total 406016K, used 0K [0x00000000e0000000, 0x00000000ff200000, 0x0000000100000000)
  eden space 321536K, 0% used [0x00000000e0000000,0x00000000e0000000,0x00000000f3a00000)
  from space 84480K, 0% used [0x00000000f9f80000,0x00000000f9f80000,0x00000000ff200000)
  to   space 94208K, 0% used [0x00000000f3a00000,0x00000000f3a00000,0x00000000f9600000)
 ParOldGen       total 610304K, used 571303K [0x00000000a0000000, 0x00000000c5400000, 0x00000000e0000000)
  object space 610304K, 93% used [0x00000000a0000000,0x00000000c2de9fa8,0x00000000c5400000)
 Metaspace       used 62135K, capacity 63624K, committed 63832K, reserved 1103872K
  class space    used 8136K, capacity 8508K, committed 8576K, reserved 1048576K

Card table byte_map: [0x00007f99563cf000,0x00007f99566d0000] byte_map_base: 0x00007f9955ecf000

Marking Bits: (ParMarkBitMap*) 0x00007f9958df3220
 Begin Bits: [0x00007f993e000000, 0x00007f993f800000)
 End Bits:   [0x00007f993f800000, 0x00007f9941000000)

Polling page: 0x00007f9959a42000

CodeCache: size=245760Kb used=39002Kb max_used=39018Kb free=206757Kb
 bounds [0x00007f9941000000, 0x00007f9943680000, 0x00007f9950000000]
 total_blobs=11534 nmethods=10794 adapters=651
 compilation: enabled

Compilation events (10 events):
Event: 92.324 Thread 0x00007f99500bb800 nmethod 14110 0x00007f9943651d50 code [0x00007f99436521c0, 0x00007f9943654790]
Event: 92.324 Thread 0x00007f99500bb800 14112       4       com.android.dx.ssa.SsaConverter::placePhiFunctions (394 bytes)
Event: 92.334 Thread 0x00007f99500bd800 14117       3       com.android.dx.ssa.SCCP::run (298 bytes)
Event: 92.338 Thread 0x00007f99500bd800 nmethod 14117 0x00007f9943603490 code [0x00007f9943603860, 0x00007f9943606028]
Event: 92.616 Thread 0x00007f99500bd800 14124       2       com.android.dx.cf.code.BytecodeArray$ConstantParserVisitor::clear (6 bytes)
Event: 92.616 Thread 0x00007f99500bd800 nmethod 14124 0x00007f994342bb10 code [0x00007f994342bc60, 0x00007f994342bdb0]
Event: 92.644 Thread 0x00007f99500b9000 nmethod 14109 0x00007f994366cd50 code [0x00007f994366d220, 0x00007f99436705b8]
Event: 92.644 Thread 0x00007f99500b9000 14115 %     4       com.android.dx.ssa.back.RegisterAllocator::insertMoveBefore @ 198 (240 bytes)
Event: 92.745 Thread 0x00007f99500b9000 nmethod 14115% 0x00007f9943674310 code [0x00007f9943674560, 0x00007f9943675ad8]
Event: 92.745 Thread 0x00007f99500b9000 14125   !   4       java.util.concurrent.ConcurrentHashMap::transfer (832 bytes)

GC Heap History (10 events):
Event: 87.397 GC heap after
Heap after GC invocations=42 (full 6):
 PSYoungGen      total 436736K, used 0K [0x00000000e0000000, 0x0000000100000000, 0x0000000100000000)
  eden space 353280K, 0% used [0x00000000e0000000,0x00000000e0000000,0x00000000f5900000)
  from space 83456K, 0% used [0x00000000fae80000,0x00000000fae80000,0x0000000100000000)
  to   space 85504K, 0% used [0x00000000f5900000,0x00000000f5900000,0x00000000fac80000)
 ParOldGen       total 610304K, used 379802K [0x00000000a0000000, 0x00000000c5400000, 0x00000000e0000000)
  object space 610304K, 62% used [0x00000000a0000000,0x00000000b72e6910,0x00000000c5400000)
 Metaspace       used 62121K, capacity 63624K, committed 63832K, reserved 1103872K
  class space    used 8135K, capacity 8508K, committed 8576K, reserved 1048576K
}
Event: 88.611 GC heap before
{Heap before GC invocations=43 (full 6):
 PSYoungGen      total 436736K, used 353280K [0x00000000e0000000, 0x0000000100000000, 0x0000000100000000)
  eden space 353280K, 100% used [0x00000000e0000000,0x00000000f5900000,0x00000000f5900000)
  from space 83456K, 0% used [0x00000000fae80000,0x00000000fae80000,0x0000000100000000)
  to   space 85504K, 0% used [0x00000000f5900000,0x00000000f5900000,0x00000000fac80000)
 ParOldGen       total 610304K, used 379802K [0x00000000a0000000, 0x00000000c5400000, 0x00000000e0000000)
  object space 610304K, 62% used [0x00000000a0000000,0x00000000b72e6910,0x00000000c5400000)
 Metaspace       used 62122K, capacity 63624K, committed 63832K, reserved 1103872K
  class space    used 8135K, capacity 8508K, committed 8576K, reserved 1048576K
Event: 88.708 GC heap after
Heap after GC invocations=43 (full 6):
 PSYoungGen      total 438784K, used 51292K [0x00000000e0000000, 0x0000000100000000, 0x0000000100000000)
  eden space 353280K, 0% used [0x00000000e0000000,0x00000000e0000000,0x00000000f5900000)
  from space 85504K, 59% used [0x00000000f5900000,0x00000000f8b170e8,0x00000000fac80000)
  to   space 85504K, 0% used [0x00000000fac80000,0x00000000fac80000,0x0000000100000000)
 ParOldGen       total 610304K, used 379802K [0x00000000a0000000, 0x00000000c5400000, 0x00000000e0000000)
  object space 610304K, 62% used [0x00000000a0000000,0x00000000b72e6910,0x00000000c5400000)
 Metaspace       used 62122K, capacity 63624K, committed 63832K, reserved 1103872K
  class space    used 8135K, capacity 8508K, committed 8576K, reserved 1048576K
}
Event: 89.971 GC heap before
{Heap before GC invocations=44 (full 6):
 PSYoungGen      total 438784K, used 404572K [0x00000000e0000000, 0x0000000100000000, 0x0000000100000000)
  eden space 353280K, 100% used [0x00000000e0000000,0x00000000f5900000,0x00000000f5900000)
  from space 85504K, 59% used [0x00000000f5900000,0x00000000f8b170e8,0x00000000fac80000)
  to   space 85504K, 0% used [0x00000000fac80000,0x00000000fac80000,0x0000000100000000)
 ParOldGen       total 610304K, used 379802K [0x00000000a0000000, 0x00000000c5400000, 0x00000000e0000000)
  object space 610304K, 62% used [0x00000000a0000000,0x00000000b72e6910,0x00000000c5400000)
 Metaspace       used 62123K, capacity 63624K, committed 63832K, reserved 1103872K
  class space    used 8135K, capacity 8508K, committed 8576K, reserved 1048576K
Event: 90.190 GC heap after
Heap after GC invocations=44 (full 6):
 PSYoungGen      total 401920K, used 85501K [0x00000000e0000000, 0x0000000100000000, 0x0000000100000000)
  eden space 316416K, 0% used [0x00000000e0000000,0x00000000e0000000,0x00000000f3500000)
  from space 85504K, 99% used [0x00000000fac80000,0x00000000fffff4c0,0x0000000100000000)
  to   space 103936K, 0% used [0x00000000f3500000,0x00000000f3500000,0x00000000f9a80000)
 ParOldGen       total 610304K, used 397615K [0x00000000a0000000, 0x00000000c5400000, 0x00000000e0000000)
  object space 610304K, 65% used [0x00000000a0000000,0x00000000b844bdb8,0x00000000c5400000)
 Metaspace       used 62123K, capacity 63624K, committed 63832K, reserved 1103872K
  class space    used 8135K, capacity 8508K, committed 8576K, reserved 1048576K
}
Event: 91.359 GC heap before
{Heap before GC invocations=45 (full 6):
 PSYoungGen      total 401920K, used 401917K [0x00000000e0000000, 0x0000000100000000, 0x0000000100000000)
  eden space 316416K, 100% used [0x00000000e0000000,0x00000000f3500000,0x00000000f3500000)
  from space 85504K, 99% used [0x00000000fac80000,0x00000000fffff4c0,0x0000000100000000)
  to   space 103936K, 0% used [0x00000000f3500000,0x00000000f3500000,0x00000000f9a80000)
 ParOldGen       total 610304K, used 397615K [0x00000000a0000000, 0x00000000c5400000, 0x00000000e0000000)
  object space 610304K, 65% used [0x00000000a0000000,0x00000000b844bdb8,0x00000000c5400000)
 Metaspace       used 62133K, capacity 63624K, committed 63832K, reserved 1103872K
  class space    used 8136K, capacity 8508K, committed 8576K, reserved 1048576K
Event: 91.704 GC heap after
Heap after GC invocations=45 (full 6):
 PSYoungGen      total 420352K, used 45450K [0x00000000e0000000, 0x0000000100000000, 0x0000000100000000)
  eden space 316416K, 0% used [0x00000000e0000000,0x00000000e0000000,0x00000000f3500000)
  from space 103936K, 43% used [0x00000000f3500000,0x00000000f6162930,0x00000000f9a80000)
  to   space 98816K, 0% used [0x00000000f9f80000,0x00000000f9f80000,0x0000000100000000)
 ParOldGen       total 610304K, used 483782K [0x00000000a0000000, 0x00000000c5400000, 0x00000000e0000000)
  object space 610304K, 79% used [0x00000000a0000000,0x00000000bd871940,0x00000000c5400000)
 Metaspace       used 62133K, capacity 63624K, committed 63832K, reserved 1103872K
  class space    used 8136K, capacity 8508K, committed 8576K, reserved 1048576K
}
Event: 92.788 GC heap before
{Heap before GC invocations=46 (full 6):
 PSYoungGen      total 420352K, used 361866K [0x00000000e0000000, 0x0000000100000000, 0x0000000100000000)
  eden space 316416K, 100% used [0x00000000e0000000,0x00000000f3500000,0x00000000f3500000)
  from space 103936K, 43% used [0x00000000f3500000,0x00000000f6162930,0x00000000f9a80000)
  to   space 98816K, 0% used [0x00000000f9f80000,0x00000000f9f80000,0x0000000100000000)
 ParOldGen       total 610304K, used 483782K [0x00000000a0000000, 0x00000000c5400000, 0x00000000e0000000)
  object space 610304K, 79% used [0x00000000a0000000,0x00000000bd871940,0x00000000c5400000)
 Metaspace       used 62135K, capacity 63624K, committed 63832K, reserved 1103872K
  class space    used 8136K, capacity 8508K, committed 8576K, reserved 1048576K
Event: 93.020 GC heap after
Heap after GC invocations=46 (full 6):
 PSYoungGen      total 406016K, used 48818K [0x00000000e0000000, 0x00000000ff200000, 0x0000000100000000)
  eden space 321536K, 0% used [0x00000000e0000000,0x00000000e0000000,0x00000000f3a00000)
  from space 84480K, 57% used [0x00000000f9f80000,0x00000000fcf2cbd8,0x00000000ff200000)
  to   space 94208K, 0% used [0x00000000f3a00000,0x00000000f3a00000,0x00000000f9600000)
 ParOldGen       total 610304K, used 527507K [0x00000000a0000000, 0x00000000c5400000, 0x00000000e0000000)
  object space 610304K, 86% used [0x00000000a0000000,0x00000000c0324d58,0x00000000c5400000)
 Metaspace       used 62135K, capacity 63624K, committed 63832K, reserved 1103872K
  class space    used 8136K, capacity 8508K, committed 8576K, reserved 1048576K
}
Event: 93.020 GC heap before
{Heap before GC invocations=47 (full 7):
 PSYoungGen      total 406016K, used 48818K [0x00000000e0000000, 0x00000000ff200000, 0x0000000100000000)
  eden space 321536K, 0% used [0x00000000e0000000,0x00000000e0000000,0x00000000f3a00000)
  from space 84480K, 57% used [0x00000000f9f80000,0x00000000fcf2cbd8,0x00000000ff200000)
  to   space 94208K, 0% used [0x00000000f3a00000,0x00000000f3a00000,0x00000000f9600000)
 ParOldGen       total 610304K, used 527507K [0x00000000a0000000, 0x00000000c5400000, 0x00000000e0000000)
  object space 610304K, 86% used [0x00000000a0000000,0x00000000c0324d58,0x00000000c5400000)
 Metaspace       used 62135K, capacity 63624K, committed 63832K, reserved 1103872K
  class space    used 8136K, capacity 8508K, committed 8576K, reserved 1048576K

Deoptimization events (10 events):
Event: 90.684 Thread 0x00007f98d0074000 Uncommon trap: reason=class_check action=maybe_recompile pc=0x00007f994216aa10 method=com.android.dx.ssa.SsaConverter.placePhiFunctions(Lcom/android/dx/ssa/SsaMethod;Lcom/android/dx/ssa/LocalVariableInfo;I)V @ 266
Event: 90.700 Thread 0x00007f98d0074000 Uncommon trap: reason=class_check action=maybe_recompile pc=0x00007f9943453d40 method=com.android.dx.ssa.SsaConverter.placePhiFunctions(Lcom/android/dx/ssa/SsaMethod;Lcom/android/dx/ssa/LocalVariableInfo;I)V @ 257
Event: 90.701 Thread 0x00007f98d0074000 Uncommon trap: reason=class_check action=maybe_recompile pc=0x00007f9943453d40 method=com.android.dx.ssa.SsaConverter.placePhiFunctions(Lcom/android/dx/ssa/SsaMethod;Lcom/android/dx/ssa/LocalVariableInfo;I)V @ 257
Event: 90.746 Thread 0x00007f98d0076000 Uncommon trap: reason=unstable_if action=reinterpret pc=0x00007f99435277a0 method=com.android.dx.ssa.SsaBasicBlock.scheduleMovesFromPhis()V @ 63
Event: 91.029 Thread 0x00007f98d0074800 Uncommon trap: reason=unstable_if action=reinterpret pc=0x00007f99435d3260 method=com.android.dx.util.BitIntSet.has(I)Z @ 8
Event: 91.187 Thread 0x00007f98d0074000 Uncommon trap: reason=unstable_if action=reinterpret pc=0x00007f994360dbe0 method=com.android.dx.cf.code.RopperMachine.updateReturnOp(Lcom/android/dx/rop/code/Rop;Lcom/android/dx/rop/code/SourcePosition;)V @ 106
Event: 91.771 Thread 0x00007f98d0074000 Uncommon trap: reason=class_check action=maybe_recompile pc=0x00007f99433164f8 method=com.android.dx.ssa.SCCP.simulateBranch(Lcom/android/dx/ssa/SsaInsn;)V @ 339
Event: 91.794 Thread 0x00007f98d0074000 Uncommon trap: reason=class_check action=maybe_recompile pc=0x00007f99433164f8 method=com.android.dx.ssa.SCCP.simulateBranch(Lcom/android/dx/ssa/SsaInsn;)V @ 339
Event: 91.835 Thread 0x00007f98d0072800 Uncommon trap: reason=unstable_if action=reinterpret pc=0x00007f994358c16c method=com.android.dx.cf.code.Merger.mergeType(Lcom/android/dx/rop/type/TypeBearer;Lcom/android/dx/rop/type/TypeBearer;)Lcom/android/dx/rop/type/TypeBearer; @ 133
Event: 92.330 Thread 0x00007f98e82d3000 Uncommon trap: reason=unstable_if action=reinterpret pc=0x00007f9943653bcc method=com.android.dx.ssa.SCCP.replaceBranches()V @ 14

Internal exceptions (10 events):
Event: 29.544 Thread 0x00007f98fc007000 Exception <a 'java/lang/NoSuchMethodError': <clinit>> (0x00000000e4e13338) thrown at [/HUDSON3/workspace/8-2-build-linux-amd64/jdk8u111/7883/hotspot/src/share/vm/prims/jni.cpp, line 1613]
Event: 34.744 Thread 0x00007f98fc007000 Implicit null exception at 0x00007f9942681db8 to 0x00007f9942682571
Event: 34.747 Thread 0x00007f98fc007000 Implicit null exception at 0x00007f99411da9e0 to 0x00007f99411dabc9
Event: 34.755 Thread 0x00007f98fc007000 Implicit null exception at 0x00007f9942668e3d to 0x00007f9942668fdd
Event: 34.806 Thread 0x00007f98fc007000 Implicit null exception at 0x00007f99411da5f3 to 0x00007f99411da681
Event: 34.886 Thread 0x00007f98fc007000 Implicit null exception at 0x00007f9942671550 to 0x00007f9942671585
Event: 54.625 Thread 0x00007f98fc007000 Exception <a 'java/lang/NoSuchMethodError': <clinit>> (0x00000000e2708f68) thrown at [/HUDSON3/workspace/8-2-build-linux-amd64/jdk8u111/7883/hotspot/src/share/vm/prims/jni.cpp, line 1613]
Event: 63.724 Thread 0x00007f98fc007000 Implicit null exception at 0x00007f9942ed698f to 0x00007f9942ed7165
Event: 70.785 Thread 0x00007f98d0076000 Implicit null exception at 0x00007f9941e15697 to 0x00007f9941e16551
Event: 88.309 Thread 0x00007f98d0074800 Implicit null exception at 0x00007f9942dbc0eb to 0x00007f9942dbd931

Events (10 events):
Event: 92.750 Thread 0x00007f98d0074000 DEOPT UNPACKING pc=0x00007f9941047633 sp=0x00007f9908674e10 mode 0
Event: 92.763 Thread 0x00007f98d0076000 DEOPT PACKING pc=0x00007f9942794428 sp=0x00007f9908573d40
Event: 92.763 Thread 0x00007f98d0076000 DEOPT UNPACKING pc=0x00007f9941047633 sp=0x00007f9908573aa8 mode 0
Event: 92.765 Thread 0x00007f98d0076000 DEOPT PACKING pc=0x00007f9942d9272c sp=0x00007f9908573ea0
Event: 92.765 Thread 0x00007f98d0076000 DEOPT UNPACKING pc=0x00007f9941047633 sp=0x00007f9908573ba0 mode 0
Event: 92.771 Thread 0x00007f98d0074000 DEOPT PACKING pc=0x00007f9942fd25f9 sp=0x00007f9908674d70
Event: 92.771 Thread 0x00007f98d0074000 DEOPT UNPACKING pc=0x00007f9941047633 sp=0x00007f9908674bd0 mode 0
Event: 92.784 Thread 0x00007f98d0074800 DEOPT PACKING pc=0x00007f9943605d71 sp=0x00007f990b2d90e0
Event: 92.784 Thread 0x00007f98d0074800 DEOPT UNPACKING pc=0x00007f9941047633 sp=0x00007f990b2d8e90 mode 0
Event: 92.786 Executing VM operation: ParallelGCFailedAllocation


Dynamic libraries:
00400000-00401000 r-xp 00000000 08:02 182546                             /usr/lib/jvm/java-8-oracle/bin/java
00600000-00601000 rw-p 00000000 08:02 182546                             /usr/lib/jvm/java-8-oracle/bin/java
01234000-01255000 rw-p 00000000 00:00 0                                  [heap]
a0000000-c5400000 rw-p 00000000 00:00 0 
d3680000-e0000000 ---p 00000000 00:00 0 
e0000000-ff200000 rw-p 00000000 00:00 0 
ff200000-100000000 ---p 00000000 00:00 0 
100000000-100860000 rw-p 00000000 00:00 0 
100860000-140000000 ---p 00000000 00:00 0 
7f98c0000000-7f98c0048000 rw-p 00000000 00:00 0 
7f98c0048000-7f98c4000000 ---p 00000000 00:00 0 
7f98c7ae1000-7f98c7ce1000 rw-p 00000000 00:00 0 
7f98c7ce1000-7f98c7e00000 r--s 00bca000 08:02 4525009                    /home/ankit/Desktop/Evento/app/build/intermediates/transforms/jarMerging/debug/jars/1/1f/combined.jar
7f98c7e00000-7f98c7ff6000 rw-p 00000000 00:00 0 
7f98c7ff6000-7f98c8000000 ---p 00000000 00:00 0 
7f98c8000000-7f98c8055000 rw-p 00000000 00:00 0 
7f98c8055000-7f98cc000000 ---p 00000000 00:00 0 
7f98cc000000-7f98cc021000 rw-p 00000000 00:00 0 
7f98cc021000-7f98d0000000 ---p 00000000 00:00 0 
7f98d0000000-7f98d01f4000 rw-p 00000000 00:00 0 
7f98d01f4000-7f98d4000000 ---p 00000000 00:00 0 
7f98d4000000-7f98d4040000 rw-p 00000000 00:00 0 
7f98d4040000-7f98d8000000 ---p 00000000 00:00 0 
7f98d8000000-7f98d8021000 rw-p 00000000 00:00 0 
7f98d8021000-7f98dc000000 ---p 00000000 00:00 0 
7f98dc000000-7f98dc021000 rw-p 00000000 00:00 0 
7f98dc021000-7f98e0000000 ---p 00000000 00:00 0 
7f98e0000000-7f98e004b000 rw-p 00000000 00:00 0 
7f98e004b000-7f98e4000000 ---p 00000000 00:00 0 
7f98e4000000-7f98e4021000 rw-p 00000000 00:00 0 
7f98e4021000-7f98e8000000 ---p 00000000 00:00 0 
7f98e8000000-7f98e942c000 rw-p 00000000 00:00 0 
7f98e942c000-7f98ec000000 ---p 00000000 00:00 0 
7f98ec000000-7f98ec021000 rw-p 00000000 00:00 0 
7f98ec021000-7f98f0000000 ---p 00000000 00:00 0 
7f98f0000000-7f98f0021000 rw-p 00000000 00:00 0 
7f98f0021000-7f98f4000000 ---p 00000000 00:00 0 
7f98f4000000-7f98f4021000 rw-p 00000000 00:00 0 
7f98f4021000-7f98f8000000 ---p 00000000 00:00 0 
7f98f8000000-7f98f8073000 rw-p 00000000 00:00 0 
7f98f8073000-7f98fc000000 ---p 00000000 00:00 0 
7f98fc000000-7f98fc021000 rw-p 00000000 00:00 0 
7f98fc021000-7f9900000000 ---p 00000000 00:00 0 
7f9900000000-7f9900021000 rw-p 00000000 00:00 0 
7f9900021000-7f9904000000 ---p 00000000 00:00 0 
7f9904000000-7f9904021000 rw-p 00000000 00:00 0 
7f9904021000-7f9908000000 ---p 00000000 00:00 0 
7f9908074000-7f9908275000 rw-p 00000000 00:00 0 
7f9908275000-7f9908475000 rw-p 00000000 00:00 0 
7f9908475000-7f9908478000 ---p 00000000 00:00 0 
7f9908478000-7f9908576000 rw-p 00000000 00:00 0 
7f9908576000-7f9908579000 ---p 00000000 00:00 0 
7f9908579000-7f9908677000 rw-p 00000000 00:00 0 
7f9908677000-7f990867a000 ---p 00000000 00:00 0 
7f990867a000-7f9908778000 rw-p 00000000 00:00 0 
7f9908778000-7f990877b000 ---p 00000000 00:00 0 
7f990877b000-7f9908a79000 rw-p 00000000 00:00 0 
7f9908a79000-7f9908a7c000 ---p 00000000 00:00 0 
7f9908a7c000-7f9908b7a000 rw-p 00000000 00:00 0 
7f9908b7a000-7f9908b7d000 ---p 00000000 00:00 0 
7f9908b7d000-7f9908e7b000 rw-p 00000000 00:00 0 
7f9908e7b000-7f990907b000 rw-p 00000000 00:00 0 
7f990907b000-7f990927b000 rw-p 00000000 00:00 0 
7f990927b000-7f990947b000 rw-p 00000000 00:00 0 
7f990947b000-7f990967b000 rw-p 00000000 00:00 0 
7f990967b000-7f990968e000 r--s 00345000 08:02 182681                     /usr/lib/jvm/java-8-oracle/jre/lib/resources.jar
7f990968e000-7f990988e000 rw-p 00000000 00:00 0 
7f990988e000-7f9909a8e000 rw-p 00000000 00:00 0 
7f9909a8e000-7f9909c8e000 rw-p 00000000 00:00 0 
7f9909c8e000-7f9909e8e000 rw-p 00000000 00:00 0 
7f9909e8e000-7f990a08e000 rw-p 00000000 00:00 0 
7f990a08e000-7f990a0b9000 r--s 001fc000 08:02 3802331                    /home/ankit/Downloads/android-studio/gradle/m2repository/com/google/guava/guava/18.0/guava-18.0.jar
7f990a0b9000-7f990a0ba000 r--s 00001000 08:02 3877617                    /home/ankit/Downloads/android-studio/gradle/m2repository/com/android/tools/annotations/25.2.0/annotations-25.2.0.jar
7f990a0ba000-7f990a0cc000 r--s 000b3000 08:02 3989804                    /home/ankit/Downloads/android-studio/gradle/m2repository/com/android/tools/external/com-intellij/uast/145.597.3/uast-145.597.3.jar
7f990a0cc000-7f990a0d4000 r--s 000a8000 08:02 3753715                    /home/ankit/Downloads/android-studio/gradle/m2repository/com/android/tools/external/lombok/lombok-ast/0.2.3/lombok-ast-0.2.3.jar
7f990a0d4000-7f990a0d6000 r--s 0000d000 08:02 3760231                    /home/ankit/Downloads/android-studio/gradle/m2repository/commons-codec/commons-codec/1.4/commons-codec-1.4.jar
7f990a0d6000-7f990a0d8000 r--s 0000d000 08:02 3540543                    /home/ankit/Downloads/android-studio/gradle/m2repository/commons-logging/commons-logging/1.1.1/commons-logging-1.1.1.jar
7f990a0d8000-7f990a0dd000 r--s 00028000 08:02 3753367                    /home/ankit/Downloads/android-studio/gradle/m2repository/org/apache/httpcomponents/httpcore/4.1/httpcore-4.1.jar
7f990a0dd000-7f990a0e1000 r--s 0002f000 08:02 3845228                    /home/ankit/Downloads/android-studio/gradle/m2repository/com/google/jimfs/jimfs/1.1/jimfs-1.1.jar
7f990a0e1000-7f990a0e2000 r--s 00004000 08:02 3753443                    /home/ankit/Downloads/android-studio/gradle/m2repository/com/intellij/annotations/12.0/annotations-12.0.jar
7f990a0e2000-7f990a0e3000 r--s 00004000 08:02 3713300                    /home/ankit/Downloads/android-studio/gradle/m2repository/org/ow2/asm/asm-analysis/5.0.4/asm-analysis-5.0.4.jar
7f990a0e3000-7f990a0e7000 r--s 0003b000 08:02 4017281                    /home/ankit/Downloads/android-studio/gradle/m2repository/com/android/tools/lint/lint-api/25.2.0/lint-api-25.2.0.jar
7f990a0e7000-7f990a0e8000 r--s 0000a000 08:02 3760193                    /home/ankit/Downloads/android-studio/gradle/m2repository/net/sf/kxml/kxml2/2.3.0/kxml2-2.3.0.jar
7f990a0e8000-7f990a0ea000 r--s 00005000 08:02 3753358                    /home/ankit/Downloads/android-studio/gradle/m2repository/org/apache/httpcomponents/httpmime/4.1/httpmime-4.1.jar
7f990a0ea000-7f990a0f2000 r--s 0004e000 08:02 3753378                    /home/ankit/Downloads/android-studio/gradle/m2repository/org/apache/httpcomponents/httpclient/4.1.1/httpclient-4.1.1.jar
7f990a0f2000-7f990a0f9000 r--s 00053000 08:02 3753390                    /home/ankit/Downloads/android-studio/gradle/m2repository/org/apache/commons/commons-compress/1.8.1/commons-compress-1.8.1.jar
7f990a0f9000-7f990a0fe000 r--s 0002a000 08:02 3753476                    /home/ankit/Downloads/android-studio/gradle/m2repository/com/google/code/gson/gson/2.2.4/gson-2.2.4.jar
7f990a0fe000-7f990a103000 r--s 0002d000 08:02 4000509                    /home/ankit/Downloads/android-studio/gradle/m2repository/com/android/tools/repository/25.2.0/repository-25.2.0.jar
7f990a103000-7f990a104000 r--s 00005000 08:02 3941528                    /home/ankit/Downloads/android-studio/gradle/m2repository/com/android/tools/dvlib/25.2.0/dvlib-25.2.0.jar
7f990a104000-7f990a107000 r--s 00014000 08:02 3835823                    /home/ankit/Downloads/android-studio/gradle/m2repository/com/android/tools/layoutlib/layoutlib-api/25.2.0/layoutlib-api-25.2.0.jar
7f990a107000-7f990a10c000 r--s 00058000 08:02 3631976                    /home/ankit/Downloads/android-studio/gradle/m2repository/org/ow2/asm/asm-debug-all/5.0.1/asm-debug-all-5.0.1.jar
7f990a10c000-7f990a11c000 r--s 000d6000 08:02 3760205                    /home/ankit/Downloads/android-studio/gradle/m2repository/net/sf/proguard/proguard-base/5.2.1/proguard-base-5.2.1.jar
7f990a11c000-7f990a11f000 r--s 00033000 08:02 3753450                    /home/ankit/Downloads/android-studio/gradle/m2repository/com/googlecode/juniversalchardet/juniversalchardet/1.0.3/juniversalchardet-1.0.3.jar
7f990a11f000-7f990a123000 r--s 0002a000 08:02 3506651                    /home/ankit/Downloads/android-studio/gradle/m2repository/commons-io/commons-io/2.4/commons-io-2.4.jar
7f990a123000-7f990a13a000 r--s 00154000 08:02 3787896                    /home/ankit/Downloads/android-studio/gradle/m2repository/org/antlr/antlr4/4.5.3/antlr4-4.5.3.jar
7f990a13a000-7f990a13b000 r--s 00002000 08:02 3845251                    /home/ankit/Downloads/android-studio/gradle/m2repository/com/android/databinding/baseLibrary/2.2.0/baseLibrary-2.2.0.jar
7f990a13b000-7f990a14e000 r--s 00236000 08:02 3779712                    /home/ankit/Downloads/android-studio/gradle/m2repository/org/eclipse/jdt/core/compiler/ecj/4.5.1/ecj-4.5.1.jar
7f990a14e000-7f990a155000 r--s 000c3000 08:02 3927174                    /home/ankit/Downloads/android-studio/gradle/m2repository/com/android/tools/lint/lint-checks/25.2.0/lint-checks-25.2.0.jar
7f990a155000-7f990a157000 r--s 00006000 08:02 3754422                    /home/ankit/Downloads/android-studio/gradle/m2repository/org/ow2/asm/asm-tree/5.0.4/asm-tree-5.0.4.jar
7f990a157000-7f990a18a000 r--s 00203000 08:02 3753331                    /home/ankit/Downloads/android-studio/gradle/m2repository/org/bouncycastle/bcprov-jdk15on/1.48/bcprov-jdk15on-1.48.jar
7f990a18a000-7f990a198000 r--s 00081000 08:02 3753336                    /home/ankit/Downloads/android-studio/gradle/m2repository/org/bouncycastle/bcpkix-jdk15on/1.48/bcpkix-jdk15on-1.48.jar
7f990a198000-7f990a19a000 r--s 00002000 08:02 3753458                    /home/ankit/Downloads/android-studio/gradle/m2repository/com/squareup/javawriter/2.5.0/javawriter-2.5.0.jar
7f990a19a000-7f990a19b000 r--s 00002000 08:02 4009078                    /home/ankit/Downloads/android-studio/gradle/m2repository/com/android/tools/analytics-library/tracker/25.2.0/tracker-25.2.0.jar
7f990a19b000-7f990a19d000 r--s 00003000 08:02 4009086                    /home/ankit/Downloads/android-studio/gradle/m2repository/com/android/tools/analytics-library/shared/25.2.0/shared-25.2.0.jar
7f990a19d000-7f990a1aa000 r--s 000ed000 08:02 4009082                    /home/ankit/Downloads/android-studio/gradle/m2repository/com/android/tools/analytics-library/protos/25.2.0/protos-25.2.0.jar
7f990a1aa000-7f990a1ac000 r--s 00003000 08:02 4024806                    /home/ankit/Downloads/android-studio/gradle/m2repository/com/android/tools/jack/jack-api/0.11.0/jack-api-0.11.0.jar
7f990a1ac000-7f990a1b1000 r--s 0004a000 08:02 3918754                    /home/ankit/Downloads/android-studio/gradle/m2repository/com/android/tools/ddms/ddmlib/25.2.0/ddmlib-25.2.0.jar
7f990a1b1000-7f990a1b4000 r--s 00021000 08:02 3910779                    /home/ankit/Downloads/android-studio/gradle/m2repository/com/android/tools/build/manifest-merger/25.2.0/manifest-merger-25.2.0.jar
7f990a1b4000-7f990a3b4000 rw-p 00000000 00:00 0 
7f990a3b4000-7f990a3b7000 ---p 00000000 00:00 0 
7f990a3b7000-7f990a6b5000 rw-p 00000000 00:00 0 
7f990a6b5000-7f990a8b5000 rw-p 00000000 00:00 0 
7f990a8b5000-7f990a8b6000 r--s 00001000 08:02 3753578                    /home/ankit/Downloads/android-studio/gradle/m2repository/com/android/tools/jill/jill-api/0.10.0/jill-api-0.10.0.jar
7f990a8b6000-7f990a8b8000 r--s 0001c000 08:02 4031682                    /home/ankit/Downloads/android-studio/gradle/m2repository/com/android/tools/common/25.2.0/common-25.2.0.jar
7f990a8b8000-7f990a8c1000 r--s 00083000 08:02 3885105                    /home/ankit/Downloads/android-studio/gradle/m2repository/com/android/tools/sdk-common/25.2.0/sdk-common-25.2.0.jar
7f990a8c1000-7f990a8cc000 r--s 0008e000 08:02 4024802                    /home/ankit/Downloads/android-studio/gradle/m2repository/com/android/tools/sdklib/25.2.0/sdklib-25.2.0.jar
7f990a8cc000-7f990a8cd000 r--s 00002000 08:02 3894391                    /home/ankit/Downloads/android-studio/gradle/m2repository/com/android/tools/build/builder-test-api/2.2.0/builder-test-api-2.2.0.jar
7f990a8cd000-7f990a8d0000 r--s 00005000 08:02 3754438                    /home/ankit/Downloads/android-studio/gradle/m2repository/com/android/tools/build/builder-model/2.2.0/builder-model-2.2.0.jar
7f990a8d0000-7f990a8d8000 r--s 0007b000 08:02 3819714                    /home/ankit/Downloads/android-studio/gradle/m2repository/com/google/protobuf/protobuf-java/2.5.0/protobuf-java-2.5.0.jar
7f990a8d8000-7f990a8da000 r--s 0000f000 08:02 4041488                    /home/ankit/Downloads/android-studio/gradle/m2repository/net/sf/jopt-simple/jopt-simple/4.9/jopt-simple-4.9.jar
7f990a8da000-7f990a8de000 r--s 0001f000 08:02 3795671                    /home/ankit/Downloads/android-studio/gradle/m2repository/org/jacoco/org.jacoco.report/0.7.5.201505241946/org.jacoco.report-0.7.5.201505241946.jar
7f990a8de000-7f990a8e2000 r--s 0001d000 08:02 3787900                    /home/ankit/Downloads/android-studio/gradle/m2repository/org/jacoco/org.jacoco.core/0.7.5.201505241946/org.jacoco.core-0.7.5.201505241946.jar
7f990a8e2000-7f990a8e3000 r--s 00002000 08:02 3760221                    /home/ankit/Downloads/android-studio/gradle/m2repository/net/sf/proguard/proguard-gradle/5.2.1/proguard-gradle-5.2.1.jar
7f990a8e3000-7f990a8e5000 r--s 00009000 08:02 3779703                    /home/ankit/Downloads/android-studio/gradle/m2repository/org/ow2/asm/asm-commons/5.0.4/asm-commons-5.0.4.jar
7f990a8e5000-7f990a8e7000 r--s 0000c000 08:02 3779709                    /home/ankit/Downloads/android-studio/gradle/m2repository/org/ow2/asm/asm/5.0.4/asm-5.0.4.jar
7f990a8e7000-7f990a8eb000 r--s 0002b000 08:02 3853442                    /home/ankit/Downloads/android-studio/gradle/m2repository/com/android/databinding/compilerCommon/2.2.0/compilerCommon-2.2.0.jar
7f990a8eb000-7f990a8ec000 r--s 00002000 08:02 3894401                    /home/ankit/Downloads/android-studio/gradle/m2repository/com/android/tools/build/gradle-api/2.2.0/gradle-api-2.2.0.jar
7f990a8ec000-7f990a8ed000 r--s 00000000 08:02 3753573                    /home/ankit/Downloads/android-studio/gradle/m2repository/com/android/tools/build/transform-api/2.0.0-deprecated-use-gradle-api/transform-api-2.0.0-deprecated-use-gradle-api.jar
7f990a8ed000-7f990a8f2000 r--s 00053000 08:02 4017271                    /home/ankit/Downloads/android-studio/gradle/m2repository/com/android/tools/lint/lint/25.2.0/lint-25.2.0.jar
7f990a8f2000-7f990a909000 r--s 0015d000 08:02 3885097                    /home/ankit/Downloads/android-studio/gradle/m2repository/com/android/tools/build/builder/2.2.0/builder-2.2.0.jar
7f990a909000-7f990a926000 r--s 0019c000 08:02 3910782                    /home/ankit/Downloads/android-studio/gradle/m2repository/com/android/tools/build/gradle-core/2.2.0/gradle-core-2.2.0.jar
7f990a926000-7f990a928000 r--s 0000d000 08:02 3802336                    /home/ankit/Downloads/android-studio/gradle/m2repository/com/android/tools/build/gradle/2.2.0/gradle-2.2.0.jar
7f990a928000-7f990a92b000 ---p 00000000 00:00 0 
7f990a92b000-7f990a961000 rw-p 00000000 00:00 0 
7f990a961000-7f990a962000 r--p 00000000 00:00 0 
7f990a962000-7f990ab62000 rw-p 00000000 00:00 0 
7f990ab62000-7f990ad62000 rw-p 00000000 00:00 0 
7f990ad62000-7f990af62000 rw-p 00000000 00:00 0 
7f990af62000-7f990afda000 r--s 010e6000 08:02 158507                     /usr/lib/jvm/java-8-oracle/lib/tools.jar
7f990afda000-7f990b1da000 rw-p 00000000 00:00 0 
7f990b1da000-7f990b1dd000 ---p 00000000 00:00 0 
7f990b1dd000-7f990b2db000 rw-p 00000000 00:00 0 
7f990b2db000-7f990b2de000 ---p 00000000 00:00 0 
7f990b2de000-7f990b3dc000 rw-p 00000000 00:00 0 
7f990b3dc000-7f990b3df000 ---p 00000000 00:00 0 
7f990b3df000-7f990b4dd000 rw-p 00000000 00:00 0 
7f990b4dd000-7f990b4e0000 ---p 00000000 00:00 0 
7f990b4e0000-7f990b5de000 rw-p 00000000 00:00 0 
7f990b5de000-7f990b5e1000 ---p 00000000 00:00 0 
7f990b5e1000-7f990b6df000 rw-p 00000000 00:00 0 
7f990b6df000-7f990b6e2000 ---p 00000000 00:00 0 
7f990b6e2000-7f990b7e0000 rw-p 00000000 00:00 0 
7f990b7e0000-7f990b7e7000 r--s 00000000 08:02 109538                     /usr/lib/x86_64-linux-gnu/gconv/gconv-modules.cache
7f990b7e7000-7f990b9e7000 rw-p 00000000 00:00 0 
7f990b9e7000-7f990b9ea000 ---p 00000000 00:00 0 
7f990b9ea000-7f990bae8000 rw-p 00000000 00:00 0 
7f990bae8000-7f990baeb000 ---p 00000000 00:00 0 
7f990baeb000-7f990bbe9000 rw-p 00000000 00:00 0 
7f990bbe9000-7f990bbf2000 r-xp 00000000 08:02 200010                     /usr/lib/jvm/java-8-oracle/jre/lib/amd64/libmanagement.so
7f990bbf2000-7f990bdf1000 ---p 00009000 08:02 200010                     /usr/lib/jvm/java-8-oracle/jre/lib/amd64/libmanagement.so
7f990bdf1000-7f990bdf2000 rw-p 00008000 08:02 200010                     /usr/lib/jvm/java-8-oracle/jre/lib/amd64/libmanagement.so
7f990bdf2000-7f990bdf6000 r--s 00097000 08:02 182569                     /usr/lib/jvm/java-8-oracle/jre/lib/jsse.jar
7f990bdf6000-7f990bdf8000 r--s 00007000 08:02 3402085                    /home/ankit/Downloads/android-studio/gradle/gradle-2.14.1/lib/plugins/gradle-tooling-api-builders-2.14.1.jar
7f990bdf8000-7f990bdfb000 r--s 00008000 08:02 3402081                    /home/ankit/Downloads/android-studio/gradle/gradle-2.14.1/lib/plugins/gradle-testing-native-2.14.1.jar
7f990bdfb000-7f990bdfd000 r--s 00009000 08:02 3402371                    /home/ankit/Downloads/android-studio/gradle/gradle-2.14.1/lib/plugins/hamcrest-core-1.3.jar
7f990bdfd000-7f990be03000 r--s 00033000 08:02 3402325                    /home/ankit/Downloads/android-studio/gradle/gradle-2.14.1/lib/plugins/snakeyaml-1.6.jar
7f990be03000-7f990be05000 r--s 00006000 08:02 3402336                    /home/ankit/Downloads/android-studio/gradle/gradle-2.14.1/lib/plugins/jcommander-1.12.jar
7f990be05000-7f990be0a000 r--s 00040000 08:02 3402324                    /home/ankit/Downloads/android-studio/gradle/gradle-2.14.1/lib/plugins/bsh-2.0b4.jar
7f990be0a000-7f990be13000 r--s 00089000 08:02 3402339                    /home/ankit/Downloads/android-studio/gradle/gradle-2.14.1/lib/plugins/testng-6.3.1.jar
7f990be13000-7f990be1b000 r--s 00045000 08:02 3402343                    /home/ankit/Downloads/android-studio/gradle/gradle-2.14.1/lib/plugins/junit-4.12.jar
7f990be1b000-7f990be21000 r--s 0002e000 08:02 3402091                    /home/ankit/Downloads/android-studio/gradle/gradle-2.14.1/lib/plugins/gradle-testing-jvm-2.14.1.jar
7f990be21000-7f990be26000 r--s 00015000 08:02 3402095                    /home/ankit/Downloads/android-studio/gradle/gradle-2.14.1/lib/plugins/gradle-testing-base-2.14.1.jar
7f990be26000-7f990be27000 r--s 00002000 08:02 3402342                    /home/ankit/Downloads/android-studio/gradle/gradle-2.14.1/lib/plugins/sonar-batch-bootstrapper-2.9.jar
7f990be27000-7f990be2a000 r--s 00015000 08:02 3402090                    /home/ankit/Downloads/android-studio/gradle/gradle-2.14.1/lib/plugins/gradle-sonar-2.14.1.jar
7f990be2a000-7f990be31000 r--s 00038000 08:02 3402356                    /home/ankit/Downloads/android-studio/gradle/gradle-2.14.1/lib/plugins/bcpg-jdk15on-1.51.jar
7f990be31000-7f990be33000 r--s 0000d000 08:02 3402293                    /home/ankit/Downloads/android-studio/gradle/gradle-2.14.1/lib/plugins/gradle-signing-2.14.1.jar
7f990be33000-7f990be36000 r--s 00009000 08:02 3402099                    /home/ankit/Downloads/android-studio/gradle/gradle-2.14.1/lib/plugins/gradle-scala-2.14.1.jar
7f990be36000-7f990be37000 r--s 00004000 08:02 3402295                    /home/ankit/Downloads/android-studio/gradle/gradle-2.14.1/lib/plugins/gradle-resources-sftp-2.14.1.jar
7f990be37000-7f990be47000 r--s 00088000 08:02 3402329                    /home/ankit/Downloads/android-studio/gradle/gradle-2.14.1/lib/plugins/joda-time-2.8.2.jar
7f990be47000-7f990be58000 r--s 000cf000 08:02 3402375                    /home/ankit/Downloads/android-studio/gradle/gradle-2.14.1/lib/plugins/jackson-databind-2.3.2.jar
7f990be58000-7f990be5a000 r--s 00007000 08:02 3402352                    /home/ankit/Downloads/android-studio/gradle/gradle-2.14.1/lib/plugins/jackson-annotations-2.3.2.jar
7f990be5a000-7f990be5d000 r--s 0002e000 08:02 3402358                    /home/ankit/Downloads/android-studio/gradle/gradle-2.14.1/lib/plugins/jackson-core-2.3.2.jar
7f990be5d000-7f990be68000 r--s 0006b000 08:02 3402381                    /home/ankit/Downloads/android-studio/gradle/gradle-2.14.1/lib/plugins/aws-java-sdk-core-1.9.19.jar
7f990be68000-7f990be6e000 r--s 00036000 08:02 3402351                    /home/ankit/Downloads/android-studio/gradle/gradle-2.14.1/lib/plugins/aws-java-sdk-kms-1.9.19.jar
7f990be6e000-7f990be79000 r--s 00079000 08:02 3402341                    /home/ankit/Downloads/android-studio/gradle/gradle-2.14.1/lib/plugins/aws-java-sdk-s3-1.9.19.jar
7f990be79000-7f990be7a000 r--s 00003000 08:02 3402305                    /home/ankit/Downloads/android-studio/gradle/gradle-2.14.1/lib/plugins/gradle-resources-s3-2.14.1.jar
7f990be7a000-7f990be7c000 r--s 00005000 08:02 3402370                    /home/ankit/Downloads/android-studio/gradle/gradle-2.14.1/lib/plugins/jatl-0.2.2.jar
7f990be7c000-7f990be7e000 r--s 0000f000 08:02 3402311                    /home/ankit/Downloads/android-studio/gradle/gradle-2.14.1/lib/plugins/gradle-reporting-2.14.1.jar
7f990be7e000-7f990be80000 r--s 00002000 08:02 3402252                    /home/ankit/Downloads/android-studio/gradle/gradle-2.14.1/lib/plugins/gradle-publish-2.14.1.jar
7f990be80000-7f990be82000 r--s 00009000 08:02 3402334                    /home/ankit/Downloads/android-studio/gradle/gradle-2.14.1/lib/plugins/commons-cli-1.2.jar
7f990be82000-7f990be88000 r--s 00033000 08:02 3402098                    /home/ankit/Downloads/android-studio/gradle/gradle-2.14.1/lib/plugins/gradle-plugins-2.14.1.jar
7f990be88000-7f990be8a000 r--s 00007000 08:02 3402083                    /home/ankit/Downloads/android-studio/gradle/gradle-2.14.1/lib/plugins/gradle-plugin-development-2.14.1.jar
7f990be8a000-7f990be90000 r--s 0002a000 08:02 3402292                    /home/ankit/Downloads/android-studio/gradle/gradle-2.14.1/lib/plugins/gradle-platform-play-2.14.1.jar
7f990be90000-7f990be9d000 r--s 0004d000 08:02 3402291                    /home/ankit/Downloads/android-studio/gradle/gradle-2.14.1/lib/plugins/gradle-platform-native-2.14.1.jar
7f990be9d000-7f990bea1000 r--s 0001a000 08:02 3402304                    /home/ankit/Downloads/android-studio/gradle/gradle-2.14.1/lib/plugins/gradle-platform-jvm-2.14.1.jar
7f990bea1000-7f990bea8000 r--s 00029000 08:02 3402097                    /home/ankit/Downloads/android-studio/gradle/gradle-2.14.1/lib/plugins/gradle-platform-base-2.14.1.jar
7f990bea8000-7f990bec9000 r--s 001c3000 08:02 3402322                    /home/ankit/Downloads/android-studio/gradle/gradle-2.14.1/lib/plugins/bndlib-2.4.0.jar
7f990bec9000-7f990becb000 r--s 00003000 08:02 3402306                    /home/ankit/Downloads/android-studio/gradle/gradle-2.14.1/lib/plugins/gradle-osgi-2.14.1.jar
7f990becb000-7f990bece000 r--s 0000c000 08:02 3402378                    /home/ankit/Downloads/android-studio/gradle/gradle-2.14.1/lib/plugins/pmaven-groovy-0.8-20100325.jar
7f990bece000-7f990becf000 r--s 00004000 08:02 3402369                    /home/ankit/Downloads/android-studio/gradle/gradle-2.14.1/lib/plugins/pmaven-common-0.8-20100325.jar
7f990becf000-7f990bed5000 r--s 00022000 08:02 3402096                    /home/ankit/Downloads/android-studio/gradle/gradle-2.14.1/lib/plugins/gradle-maven-2.14.1.jar
7f990bed5000-7f990bed7000 r--s 0000a000 08:02 3402088                    /home/ankit/Downloads/android-studio/gradle/gradle-2.14.1/lib/plugins/gradle-language-scala-2.14.1.jar
7f990bed7000-7f990bedd000 r--s 0001a000 08:02 3402092                    /home/ankit/Downloads/android-studio/gradle/gradle-2.14.1/lib/plugins/gradle-language-native-2.14.1.jar
7f990bedd000-7f990bedf000 r--s 00008000 08:02 3402084                    /home/ankit/Downloads/android-studio/gradle/gradle-2.14.1/lib/plugins/gradle-language-jvm-2.14.1.jar
7f990bedf000-7f990bee5000 r--s 00024000 08:02 3402300                    /home/ankit/Downloads/android-studio/gradle/gradle-2.14.1/lib/plugins/gradle-language-java-2.14.1.jar
7f990bee5000-7f990bee7000 r--s 0000a000 08:02 3402290                    /home/ankit/Downloads/android-studio/gradle/gradle-2.14.1/lib/plugins/gradle-language-groovy-2.14.1.jar
7f990bee7000-7f990beea000 r--s 0001e000 08:02 3402319                    /home/ankit/Downloads/android-studio/gradle/gradle-2.14.1/lib/plugins/jsp-api-2.1-6.1.14.jar
7f990beea000-7f990bf0d000 r--s 00344000 08:02 3402353                    /home/ankit/Downloads/android-studio/gradle/gradle-2.14.1/lib/plugins/core-3.1.1.jar
7f990bf0d000-7f990bf0e000 r--s 00006000 08:02 3402376                    /home/ankit/Downloads/android-studio/gradle/gradle-2.14.1/lib/plugins/jetty-naming-6.1.25.jar
7f990bf0e000-7f990bf0f000 r--s 00002000 08:02 3402349                    /home/ankit/Downloads/android-studio/gradle/gradle-2.14.1/lib/plugins/geronimo-annotation_1.0_spec-1.0.jar
7f990bf0f000-7f990bf11000 r--s 00002000 08:02 3402373                    /home/ankit/Downloads/android-studio/gradle/gradle-2.14.1/lib/plugins/jetty-annotations-6.1.25.jar
7f990bf11000-7f990bf22000 r--s 000ea000 08:02 3402379                    /home/ankit/Downloads/android-studio/gradle/gradle-2.14.1/lib/plugins/jsp-2.1-6.1.14.jar
7f990bf22000-7f990bf24000 r--s 0000d000 08:02 3402354                    /home/ankit/Downloads/android-studio/gradle/gradle-2.14.1/lib/plugins/jetty-plus-6.1.25.jar
7f990bf24000-7f990bf26000 r--s 0001f000 08:02 3402385                    /home/ankit/Downloads/android-studio/gradle/gradle-2.14.1/lib/plugins/servlet-api-2.5-20081211.jar
7f990bf26000-7f990bf2a000 r--s 00028000 08:02 3402337                    /home/ankit/Downloads/android-studio/gradle/gradle-2.14.1/lib/plugins/jetty-util-6.1.25.jar
7f990bf2a000-7f990bf31000 r--s 0007d000 08:02 3402344                    /home/ankit/Downloads/android-studio/gradle/gradle-2.14.1/lib/plugins/jetty-6.1.25.jar
7f990bf31000-7f990bf33000 r--s 00009000 08:02 3402309                    /home/ankit/Downloads/android-studio/gradle/gradle-2.14.1/lib/plugins/gradle-jetty-2.14.1.jar
7f990bf33000-7f990bf3a000 r--s 00035000 08:02 3402382                    /home/ankit/Downloads/android-studio/gradle/gradle-2.14.1/lib/plugins/simple-4.1.21.jar
7f990bf3a000-7f990bf46000 r--s 00100000 08:02 3402330                    /home/ankit/Downloads/android-studio/gradle/gradle-2.14.1/lib/plugins/rhino-1.7R3.jar
7f990bf46000-7f990bf4a000 r--s 00011000 08:02 3402297                    /home/ankit/Downloads/android-studio/gradle/gradle-2.14.1/lib/plugins/gradle-javascript-2.14.1.jar
7f990bf4a000-7f990bf4c000 r--s 0000c000 08:02 3402317                    /home/ankit/Downloads/android-studio/gradle/gradle-2.14.1/lib/plugins/gradle-jacoco-2.14.1.jar
7f990bf4c000-7f990bf4f000 r--s 0000e000 08:02 3402316                    /home/ankit/Downloads/android-studio/gradle/gradle-2.14.1/lib/plugins/gradle-ivy-2.14.1.jar
7f990bf4f000-7f990bf50000 r--s 00002000 08:02 3402313                    /home/ankit/Downloads/android-studio/gradle/gradle-2.14.1/lib/plugins/gradle-ide-play-2.14.1.jar
7f990bf50000-7f990bf55000 r--s 0002b000 08:02 3402310                    /home/ankit/Downloads/android-studio/gradle/gradle-2.14.1/lib/plugins/gradle-ide-native-2.14.1.jar
7f990bf55000-7f990bf60000 r--s 00066000 08:02 3402089                    /home/ankit/Downloads/android-studio/gradle/gradle-2.14.1/lib/plugins/gradle-ide-2.14.1.jar
7f990bf60000-7f990bf61000 r--s 00008000 08:02 3402087                    /home/ankit/Downloads/android-studio/gradle/gradle-2.14.1/lib/plugins/gradle-ear-2.14.1.jar
7f990bf61000-7f990bf67000 r--s 00032000 08:02 3402094                    /home/ankit/Downloads/android-studio/gradle/gradle-2.14.1/lib/plugins/gradle-diagnostics-2.14.1.jar
7f990bf67000-7f990bf6b000 r--s 00021000 08:02 3402312                    /home/ankit/Downloads/android-studio/gradle/gradle-2.14.1/lib/plugins/gradle-code-quality-2.14.1.jar
7f990bf6b000-7f990bf6f000 r--s 0001f000 08:02 3402093                    /home/ankit/Downloads/android-studio/gradle/gradle-2.14.1/lib/plugins/gradle-build-init-2.14.1.jar
7f990bf6f000-7f990bf76000 r--s 0008e000 08:02 3402314                    /home/ankit/Downloads/android-studio/gradle/gradle-2.14.1/lib/plugins/gradle-build-comparison-2.14.1.jar
7f990bf76000-7f990bf78000 r--s 00008000 08:02 3402302                    /home/ankit/Downloads/android-studio/gradle/gradle-2.14.1/lib/plugins/gradle-antlr-2.14.1.jar
7f990bf78000-7f990bf7a000 r--s 00004000 08:02 3402315                    /home/ankit/Downloads/android-studio/gradle/gradle-2.14.1/lib/plugins/gradle-announce-2.14.1.jar
7f990bf7a000-7f990bf92000 r--s 00115000 08:02 3402347                    /home/ankit/Downloads/android-studio/gradle/gradle-2.14.1/lib/plugins/xercesImpl-2.9.1.jar
7f990bf92000-7f990bf9a000 r--s 00028000 08:02 3402366                    /home/ankit/Downloads/android-studio/gradle/gradle-2.14.1/lib/plugins/xml-apis-1.3.04.jar
7f990bf9a000-7f990bfa0000 r--s 0005b000 08:02 3402359                    /home/ankit/Downloads/android-studio/gradle/gradle-2.14.1/lib/plugins/jcifs-1.3.17.jar
7f990bfa0000-7f990bfa7000 r--s 00049000 08:02 3402296                    /home/ankit/Downloads/android-studio/gradle/gradle-2.14.1/lib/plugins/httpcore-4.4.4.jar
7f990bfa7000-7f990bfad000 r--s 00033000 08:02 3402328                    /home/ankit/Downloads/android-studio/gradle/gradle-2.14.1/lib/plugins/commons-codec-1.6.jar
7f990bfad000-7f990bfb0000 r--s 0001c000 08:02 3402326                    /home/ankit/Downloads/android-studio/gradle/gradle-2.14.1/lib/plugins/nekohtml-1.9.14.jar
7f990bfb0000-7f990bfbd000 r--s 000a4000 08:02 3402307                    /home/ankit/Downloads/android-studio/gradle/gradle-2.14.1/lib/plugins/httpclient-4.4.1.jar
7f990bfbd000-7f990bfbf000 r--s 0000a000 08:02 3402082                    /home/ankit/Downloads/android-studio/gradle/gradle-2.14.1/lib/plugins/gradle-resources-http-2.14.1.jar
7f990bfbf000-7f990bfc3000 r--s 00014000 08:02 3402294                    /home/ankit/Downloads/android-studio/gradle/gradle-2.14.1/lib/plugins/gradle-plugin-use-2.14.1.jar
7f990bfc3000-7f990bfc4000 r--s 00000000 08:02 3394352                    /home/ankit/Downloads/android-studio/gradle/gradle-2.14.1/lib/gradle-installation-beacon-2.14.1.jar
7f990bfc4000-7f990bfc5000 r--s 00007000 08:02 3402335                    /home/ankit/Downloads/android-studio/gradle/gradle-2.14.1/lib/plugins/wagon-http-shared4-2.4.jar
7f990bfc5000-7f990bfc9000 r--s 00033000 08:02 3402372                    /home/ankit/Downloads/android-studio/gradle/gradle-2.14.1/lib/plugins/plexus-utils-2.0.6.jar
7f990bfc9000-7f990bfcd000 r--s 00021000 08:02 3402361                    /home/ankit/Downloads/android-studio/gradle/gradle-2.14.1/lib/plugins/maven-model-builder-3.0.4.jar
7f990bfcd000-7f990bfce000 r--s 00002000 08:02 3402327                    /home/ankit/Downloads/android-studio/gradle/gradle-2.14.1/lib/plugins/wagon-file-2.4.jar
7f990bfce000-7f990bfd0000 r--s 00002000 08:02 3402368                    /home/ankit/Downloads/android-studio/gradle/gradle-2.14.1/lib/plugins/plexus-cipher-1.7.jar
7f990bfd0000-7f990bfd3000 r--s 00013000 08:02 3402384                    /home/ankit/Downloads/android-studio/gradle/gradle-2.14.1/lib/plugins/aether-api-1.13.1.jar
7f990bfd3000-7f990bfd5000 r--s 0000a000 08:02 3402338                    /home/ankit/Downloads/android-studio/gradle/gradle-2.14.1/lib/plugins/maven-settings-3.0.4.jar
7f990bfd5000-7f990bfd7000 r--s 0000d000 08:02 3402362                    /home/ankit/Downloads/android-studio/gradle/gradle-2.14.1/lib/plugins/plexus-interpolation-1.14.jar
7f990bfd7000-7f990bfd9000 r--s 0000b000 08:02 3402377                    /home/ankit/Downloads/android-studio/gradle/gradle-2.14.1/lib/plugins/maven-artifact-3.0.4.jar
7f990bfd9000-7f990bfe0000 r--s 0002e000 08:02 3402332                    /home/ankit/Downloads/android-studio/gradle/gradle-2.14.1/lib/plugins/plexus-container-default-1.5.5.jar
7f990bfe0000-7f990bfe2000 r--s 0000b000 08:02 3402355                    /home/ankit/Downloads/android-studio/gradle/gradle-2.14.1/lib/plugins/maven-plugin-api-3.0.4.jar
7f990bfe2000-7f990bfe4000 r--s 00000000 08:02 3402357                    /home/ankit/Downloads/android-studio/gradle/gradle-2.14.1/lib/plugins/plexus-component-annotations-1.5.5.jar
7f990bfe4000-7f990bfea000 r--s 0003f000 08:02 3402363                    /home/ankit/Downloads/android-studio/gradle/gradle-2.14.1/lib/plugins/maven-compat-3.0.4.jar
7f990bfea000-7f990bfed000 r--s 00008000 08:02 3402345                    /home/ankit/Downloads/android-studio/gradle/gradle-2.14.1/lib/plugins/maven-settings-builder-3.0.4.jar
7f990bfed000-7f990bfef000 r--s 00026000 08:02 3402383                    /home/ankit/Downloads/android-studio/gradle/gradle-2.14.1/lib/plugins/maven-model-3.0.4.jar
7f990bfef000-7f990bff1000 r--s 00006000 08:02 3402374                    /home/ankit/Downloads/android-studio/gradle/gradle-2.14.1/lib/plugins/aether-connector-wagon-1.13.1.jar
7f990bff1000-7f990bff3000 r--s 0000a000 08:02 3402333                    /home/ankit/Downloads/android-studio/gradle/gradle-2.14.1/lib/plugins/plexus-classworlds-2.4.jar
7f990bff3000-7f990bff5000 r--s 00006000 08:02 3402364                    /home/ankit/Downloads/android-studio/gradle/gradle-2.14.1/lib/plugins/maven-repository-metadata-3.0.4.jar
7f990bff5000-7f990bff7000 r--s 0000c000 08:02 3402348                    /home/ankit/Downloads/android-studio/gradle/gradle-2.14.1/lib/plugins/maven-aether-provider-3.0.4.jar
7f990bff7000-7f990bff9000 r--s 0000b000 08:02 3402340                    /home/ankit/Downloads/android-studio/gradle/gradle-2.14.1/lib/plugins/wagon-provider-api-2.4.jar
7f990bff9000-7f990bffd000 r--s 0001c000 08:02 3402380                    /home/ankit/Downloads/android-studio/gradle/gradle-2.14.1/lib/plugins/aether-util-1.13.1.jar
7f990bffd000-7f990c000000 r--s 0001d000 08:02 3402360                    /home/ankit/Downloads/android-studio/gradle/gradle-2.14.1/lib/plugins/aether-impl-1.13.1.jar
7f990c000000-7f990cdc9000 rw-p 00000000 00:00 0 
7f990cdc9000-7f9910000000 ---p 00000000 00:00 0 
7f9910000000-7f9910021000 rw-p 00000000 00:00 0 
7f9910021000-7f9914000000 ---p 00000000 00:00 0 
7f9914000000-7f9916559000 rw-p 00000000 00:00 0 
7f9916559000-7f9918000000 ---p 00000000 00:00 0 
7f9918000000-7f991a38f000 rw-p 00000000 00:00 0 
7f991a38f000-7f991c000000 ---p 00000000 00:00 0 
7f991c000000-7f991c021000 rw-p 00000000 00:00 0 
7f991c021000-7f9920000000 ---p 00000000 00:00 0 
7f9920000000-7f9920021000 rw-p 00000000 00:00 0 
7f9920021000-7f9924000000 ---p 00000000 00:00 0 
7f9924000000-7f99242bf000 rw-p 00000000 00:00 0 
7f99242bf000-7f9928000000 ---p 00000000 00:00 0 
7f9928000000-7f9928021000 rw-p 00000000 00:00 0 
7f9928021000-7f992c000000 ---p 00000000 00:00 0 
7f992c000000-7f992c139000 rw-p 00000000 00:00 0 
7f992c139000-7f9930000000 ---p 00000000 00:00 0 
7f9930000000-7f9930021000 rw-p 00000000 00:00 0 
7f9930021000-7f9934000000 ---p 00000000 00:00 0 
7f9934000000-7f9934043000 rw-p 00000000 00:00 0 
7f9934043000-7f9938000000 ---p 00000000 00:00 0 
7f9938000000-7f993802e000 rw-p 00000000 00:00 0 
7f993802e000-7f993c000000 ---p 00000000 00:00 0 
7f993c000000-7f993c005000 r--s 00040000 08:02 3402321                    /home/ankit/Downloads/android-studio/gradle/gradle-2.14.1/lib/plugins/jsch-0.1.53.jar
7f993c005000-7f993c045000 r--s 00277000 08:02 3402323                    /home/ankit/Downloads/android-studio/gradle/gradle-2.14.1/lib/plugins/bcprov-jdk15on-1.51.jar
7f993c045000-7f993c049000 r--s 0001d000 08:02 3402350                    /home/ankit/Downloads/android-studio/gradle/gradle-2.14.1/lib/plugins/xbean-reflect-3.4.jar
7f993c049000-7f993c055000 r--s 0007d000 08:02 3402367                    /home/ankit/Downloads/android-studio/gradle/gradle-2.14.1/lib/plugins/maven-core-3.0.4.jar
7f993c055000-7f993c05a000 r--s 0002a000 08:02 3402346                    /home/ankit/Downloads/android-studio/gradle/gradle-2.14.1/lib/plugins/gson-2.2.4.jar
7f993c05a000-7f993c069000 r--s 000d9000 08:02 3402331                    /home/ankit/Downloads/android-studio/gradle/gradle-2.14.1/lib/plugins/ivy-2.2.0.jar
7f993c069000-7f993c07f000 r-xp 00000000 08:02 2624314                    /lib/x86_64-linux-gnu/libgcc_s.so.1
7f993c07f000-7f993c27e000 ---p 00016000 08:02 2624314                    /lib/x86_64-linux-gnu/libgcc_s.so.1
7f993c27e000-7f993c27f000 r--p 00015000 08:02 2624314                    /lib/x86_64-linux-gnu/libgcc_s.so.1
7f993c27f000-7f993c280000 rw-p 00016000 08:02 2624314                    /lib/x86_64-linux-gnu/libgcc_s.so.1
7f993c280000-7f993c3f3000 r-xp 00000000 08:02 61223                      /usr/lib/x86_64-linux-gnu/libstdc++.so.6.0.21
7f993c3f3000-7f993c5f2000 ---p 00173000 08:02 61223                      /usr/lib/x86_64-linux-gnu/libstdc++.so.6.0.21
7f993c5f2000-7f993c5fc000 r--p 00172000 08:02 61223                      /usr/lib/x86_64-linux-gnu/libstdc++.so.6.0.21
7f993c5fc000-7f993c5fe000 rw-p 0017c000 08:02 61223                      /usr/lib/x86_64-linux-gnu/libstdc++.so.6.0.21
7f993c5fe000-7f993c602000 rw-p 00000000 00:00 0 
7f993c602000-7f993c603000 r--s 00002000 08:02 3402318                    /home/ankit/Downloads/android-studio/gradle/gradle-2.14.1/lib/plugins/wagon-http-2.4.jar
7f993c603000-7f993c604000 r--s 00003000 08:02 3402320                    /home/ankit/Downloads/android-studio/gradle/gradle-2.14.1/lib/plugins/aether-spi-1.13.1.jar
7f993c604000-7f993c605000 r--s 00006000 08:02 3402365                    /home/ankit/Downloads/android-studio/gradle/gradle-2.14.1/lib/plugins/plexus-sec-dispatcher-1.3.jar
7f993c605000-7f993c621000 r--s 000d3000 08:02 3402161                    /home/ankit/Downloads/android-studio/gradle/gradle-2.14.1/lib/plugins/gradle-dependency-management-2.14.1.jar
7f993c621000-7f993c625000 r-xp 00000000 08:02 3391672                    /home/ankit/.gradle/native/19/linux-amd64/libnative-platform.so
7f993c625000-7f993c824000 ---p 00004000 08:02 3391672                    /home/ankit/.gradle/native/19/linux-amd64/libnative-platform.so
7f993c824000-7f993c825000 rw-p 00003000 08:02 3391672                    /home/ankit/.gradle/native/19/linux-amd64/libnative-platform.so
7f993c825000-7f993c836000 r-xp 00000000 08:02 199999                     /usr/lib/jvm/java-8-oracle/jre/lib/amd64/libnio.so
7f993c836000-7f993ca35000 ---p 00011000 08:02 199999                     /usr/lib/jvm/java-8-oracle/jre/lib/amd64/libnio.so
7f993ca35000-7f993ca36000 rw-p 00010000 08:02 199999                     /usr/lib/jvm/java-8-oracle/jre/lib/amd64/libnio.so
7f993ca36000-7f993cd37000 rw-p 00000000 00:00 0 
7f993cd37000-7f993cd4d000 r-xp 00000000 08:02 199974                     /usr/lib/jvm/java-8-oracle/jre/lib/amd64/libnet.so
7f993cd4d000-7f993cf4d000 ---p 00016000 08:02 199974                     /usr/lib/jvm/java-8-oracle/jre/lib/amd64/libnet.so
7f993cf4d000-7f993cf4e000 rw-p 00016000 08:02 199974                     /usr/lib/jvm/java-8-oracle/jre/lib/amd64/libnet.so
7f993cf4e000-7f993cf50000 r--s 00005000 08:02 3394358                    /home/ankit/Downloads/android-studio/gradle/gradle-2.14.1/lib/gradle-wrapper-2.14.1.jar
7f993cf50000-7f993cf5e000 r--s 0004f000 08:02 3394344                    /home/ankit/Downloads/android-studio/gradle/gradle-2.14.1/lib/gradle-tooling-api-2.14.1.jar
7f993cf5e000-7f993cf60000 r--s 00002000 08:02 3394350                    /home/ankit/Downloads/android-studio/gradle/gradle-2.14.1/lib/gradle-open-api-2.14.1.jar
7f993cf60000-7f993cf66000 r--s 00032000 08:02 3394400                    /home/ankit/Downloads/android-studio/gradle/gradle-2.14.1/lib/jaxen-1.1.jar
7f993cf66000-7f993cf6b000 r--s 00048000 08:02 3394380                    /home/ankit/Downloads/android-studio/gradle/gradle-2.14.1/lib/dom4j-1.6.1.jar
7f993cf6b000-7f993cf76000 r--s 00059000 08:02 3394373                    /home/ankit/Downloads/android-studio/gradle/gradle-2.14.1/lib/gradle-ui-2.14.1.jar
7f993cf76000-7f993cf79000 r--s 0000b000 08:02 3394378                    /home/ankit/Downloads/android-studio/gradle/gradle-2.14.1/lib/gradle-resources-2.14.1.jar
7f993cf79000-7f993cf7b000 r--s 00003000 08:02 3394402                    /home/ankit/Downloads/android-studio/gradle/gradle-2.14.1/lib/jcl-over-slf4j-1.7.10.jar
7f993cf7b000-7f993cf7c000 r--s 00005000 08:02 3394397                    /home/ankit/Downloads/android-studio/gradle/gradle-2.14.1/lib/log4j-over-slf4j-1.7.10.jar
7f993cf7c000-7f993cf7e000 r--s 00000000 08:02 3394404                    /home/ankit/Downloads/android-studio/gradle/gradle-2.14.1/lib/jul-to-slf4j-1.7.10.jar
7f993cf7e000-7f993cf83000 r--s 0001c000 08:02 3394356                    /home/ankit/Downloads/android-studio/gradle/gradle-2.14.1/lib/gradle-logging-2.14.1.jar
7f993cf83000-7f993cf85000 r--s 00007000 08:02 3394403                    /home/ankit/Downloads/android-studio/gradle/gradle-2.14.1/lib/objenesis-1.2.jar
7f993cf85000-7f993cf87000 r--s 00000000 08:02 3394383                    /home/ankit/Downloads/android-studio/gradle/gradle-2.14.1/lib/minlog-1.2.jar
7f993cf87000-7f993cf89000 r--s 0000f000 08:02 3394389                    /home/ankit/Downloads/android-studio/gradle/gradle-2.14.1/lib/reflectasm-1.07-shaded.jar
7f993cf89000-7f993cf8d000 r--s 00026000 08:02 3394395                    /home/ankit/Downloads/android-studio/gradle/gradle-2.14.1/lib/kryo-2.20.jar
7f993cf8d000-7f993cf93000 r--s 00025000 08:02 3394347                    /home/ankit/Downloads/android-studio/gradle/gradle-2.14.1/lib/gradle-messaging-2.14.1.jar
7f993cf93000-7f993cf94000 r--s 00003000 08:02 3394401                    /home/ankit/Downloads/android-studio/gradle/gradle-2.14.1/lib/native-platform-freebsd-amd64-0.10.jar
7f993cf94000-7f993cf95000 r--s 00003000 08:02 3394390                    /home/ankit/Downloads/android-studio/gradle/gradle-2.14.1/lib/native-platform-freebsd-i386-0.10.jar
7f993cf95000-7f993cf96000 r--s 00005000 08:02 3394385                    /home/ankit/Downloads/android-studio/gradle/gradle-2.14.1/lib/native-platform-windows-i386-0.10.jar
7f993cf96000-7f993cf97000 r--s 00005000 08:02 3394384                    /home/ankit/Downloads/android-studio/gradle/gradle-2.14.1/lib/native-platform-windows-amd64-0.10.jar
7f993cf97000-7f993cf98000 r--s 00003000 08:02 3394391                    /home/ankit/Downloads/android-studio/gradle/gradle-2.14.1/lib/native-platform-linux-i386-0.10.jar
7f993cf98000-7f993cf99000 r--s 00003000 08:02 3394382                    /home/ankit/Downloads/android-studio/gradle/gradle-2.14.1/lib/native-platform-linux-amd64-0.10.jar
7f993cf99000-7f993cf9b000 r--s 00008000 08:02 3394399                    /home/ankit/Downloads/android-studio/gradle/gradle-2.14.1/lib/jansi-1.2.1.jar
7f993cf9b000-7f993cf9e000 r--s 0000d000 08:02 3394394                    /home/ankit/Downloads/android-studio/gradle/gradle-2.14.1/lib/native-platform-0.10.jar
7f993cf9e000-7f993cfa2000 r--s 000e4000 08:02 3394393                    /home/ankit/Downloads/android-studio/gradle/gradle-2.14.1/lib/jna-3.2.7.jar
7f993cfa2000-7f993cfa4000 r--s 00009000 08:02 3394375                    /home/ankit/Downloads/android-studio/gradle/gradle-2.14.1/lib/gradle-native-2.14.1.jar
7f993cfa4000-7f993cfa6000 r--s 00005000 08:02 3394376                    /home/ankit/Downloads/android-studio/gradle/gradle-2.14.1/lib/gradle-cli-2.14.1.jar
7f993cfa6000-7f993d015000 r--s 0063e000 08:02 3394407                    /home/ankit/Downloads/android-studio/gradle/gradle-2.14.1/lib/groovy-all-2.4.4.jar
7f993d015000-7f993d016000 ---p 00000000 00:00 0 
7f993d016000-7f993d116000 rw-p 00000000 00:00 0 
7f993d116000-7f993d119000 ---p 00000000 00:00 0 
7f993d119000-7f993d217000 rw-p 00000000 00:00 0 
7f993d217000-7f993d21a000 ---p 00000000 00:00 0 
7f993d21a000-7f993d318000 rw-p 00000000 00:00 0 
7f993d318000-7f993d31b000 ---p 00000000 00:00 0 
7f993d31b000-7f993d419000 rw-p 00000000 00:00 0 
7f993d419000-7f993d41c000 ---p 00000000 00:00 0 
7f993d41c000-7f993d51a000 rw-p 00000000 00:00 0 
7f993d51a000-7f993d51d000 ---p 00000000 00:00 0 
7f993d51d000-7f993d61b000 rw-p 00000000 00:00 0 
7f993d61b000-7f993dcfd000 r--p 00000000 08:02 59247                      /usr/lib/locale/locale-archive
7f993dcfd000-7f993dd00000 ---p 00000000 00:00 0 
7f993dd00000-7f993ddfe000 rw-p 00000000 00:00 0 
7f993ddfe000-7f993de01000 ---p 00000000 00:00 0 
7f993de01000-7f993deff000 rw-p 00000000 00:00 0 
7f993deff000-7f993df00000 ---p 00000000 00:00 0 
7f993df00000-7f9941000000 rw-p 00000000 00:00 0 
7f9941000000-7f9943680000 rwxp 00000000 00:00 0 
7f9943680000-7f9950000000 ---p 00000000 00:00 0 
7f9950000000-7f9950ba9000 rw-p 00000000 00:00 0 
7f9950ba9000-7f9954000000 ---p 00000000 00:00 0 
7f9954000000-7f9954001000 r--s 00002000 08:02 3394381                    /home/ankit/Downloads/android-studio/gradle/gradle-2.14.1/lib/native-platform-osx-amd64-0.10.jar
7f9954001000-7f9954010000 r--s 00080000 08:02 3394371                    /home/ankit/Downloads/android-studio/gradle/gradle-2.14.1/lib/gradle-model-core-2.14.1.jar
7f9954010000-7f995401d000 r--s 00083000 08:02 3394379                    /home/ankit/Downloads/android-studio/gradle/gradle-2.14.1/lib/commons-collections-3.2.2.jar
7f995401d000-7f9954045000 r--s 001cf000 08:02 3394387                    /home/ankit/Downloads/android-studio/gradle/gradle-2.14.1/lib/guava-jdk5-17.0.jar
7f9954045000-7f9954064000 r--s 001d1000 08:02 3394357                    /home/ankit/Downloads/android-studio/gradle/gradle-2.14.1/lib/ant-1.9.6.jar
7f9954064000-7f995409b000 r--s 001bd000 08:02 3394359                    /home/ankit/Downloads/android-studio/gradle/gradle-2.14.1/lib/gradle-core-2.14.1.jar
7f995409b000-7f995507d000 rw-p 00000000 00:00 0 
7f995507d000-7f9955255000 r--s 03d2a000 08:02 182584                     /usr/lib/jvm/java-8-oracle/jre/lib/rt.jar
7f9955255000-7f9955dcb000 rw-p 00000000 00:00 0 
7f9955dcb000-7f9955dcc000 ---p 00000000 00:00 0 
7f9955dcc000-7f9955ecc000 rw-p 00000000 00:00 0 
7f9955ecc000-7f9955ecd000 ---p 00000000 00:00 0 
7f9955ecd000-7f9955fcd000 rw-p 00000000 00:00 0 
7f9955fcd000-7f9955fce000 ---p 00000000 00:00 0 
7f9955fce000-7f99560ce000 rw-p 00000000 00:00 0 
7f99560ce000-7f99560cf000 ---p 00000000 00:00 0 
7f99560cf000-7f99562f9000 rw-p 00000000 00:00 0 
7f99562f9000-7f99563cf000 ---p 00000000 00:00 0 
7f99563cf000-7f99564f9000 rw-p 00000000 00:00 0 
7f99564f9000-7f99565cf000 ---p 00000000 00:00 0 
7f99565cf000-7f99566c8000 rw-p 00000000 00:00 0 
7f99566c8000-7f99566cf000 ---p 00000000 00:00 0 
7f99566cf000-7f995676a000 rw-p 00000000 00:00 0 
7f995676a000-7f9956a90000 ---p 00000000 00:00 0 
7f9956a90000-7f9956aaa000 r-xp 00000000 08:02 199997                     /usr/lib/jvm/java-8-oracle/jre/lib/amd64/libzip.so
7f9956aaa000-7f9956caa000 ---p 0001a000 08:02 199997                     /usr/lib/jvm/java-8-oracle/jre/lib/amd64/libzip.so
7f9956caa000-7f9956cab000 rw-p 0001a000 08:02 199997                     /usr/lib/jvm/java-8-oracle/jre/lib/amd64/libzip.so
7f9956cab000-7f9956cb5000 r-xp 00000000 08:02 2621662                    /lib/x86_64-linux-gnu/libnss_files-2.21.so
7f9956cb5000-7f9956eb5000 ---p 0000a000 08:02 2621662                    /lib/x86_64-linux-gnu/libnss_files-2.21.so
7f9956eb5000-7f9956eb6000 r--p 0000a000 08:02 2621662                    /lib/x86_64-linux-gnu/libnss_files-2.21.so
7f9956eb6000-7f9956eb7000 rw-p 0000b000 08:02 2621662                    /lib/x86_64-linux-gnu/libnss_files-2.21.so
7f9956eb7000-7f9956ec2000 r-xp 00000000 08:02 2623427                    /lib/x86_64-linux-gnu/libnss_nis-2.21.so
7f9956ec2000-7f99570c1000 ---p 0000b000 08:02 2623427                    /lib/x86_64-linux-gnu/libnss_nis-2.21.so
7f99570c1000-7f99570c2000 r--p 0000a000 08:02 2623427                    /lib/x86_64-linux-gnu/libnss_nis-2.21.so
7f99570c2000-7f99570c3000 rw-p 0000b000 08:02 2623427                    /lib/x86_64-linux-gnu/libnss_nis-2.21.so
7f99570c3000-7f99570da000 r-xp 00000000 08:02 2623430                    /lib/x86_64-linux-gnu/libnsl-2.21.so
7f99570da000-7f99572d9000 ---p 00017000 08:02 2623430                    /lib/x86_64-linux-gnu/libnsl-2.21.so
7f99572d9000-7f99572da000 r--p 00016000 08:02 2623430                    /lib/x86_64-linux-gnu/libnsl-2.21.so
7f99572da000-7f99572db000 rw-p 00017000 08:02 2623430                    /lib/x86_64-linux-gnu/libnsl-2.21.so
7f99572db000-7f99572dd000 rw-p 00000000 00:00 0 
7f99572dd000-7f99572e5000 r-xp 00000000 08:02 2622662                    /lib/x86_64-linux-gnu/libnss_compat-2.21.so
7f99572e5000-7f99574e4000 ---p 00008000 08:02 2622662                    /lib/x86_64-linux-gnu/libnss_compat-2.21.so
7f99574e4000-7f99574e5000 r--p 00007000 08:02 2622662                    /lib/x86_64-linux-gnu/libnss_compat-2.21.so
7f99574e5000-7f99574e6000 rw-p 00008000 08:02 2622662                    /lib/x86_64-linux-gnu/libnss_compat-2.21.so
7f99574e6000-7f9957511000 r-xp 00000000 08:02 200024                     /usr/lib/jvm/java-8-oracle/jre/lib/amd64/libjava.so
7f9957511000-7f9957710000 ---p 0002b000 08:02 200024                     /usr/lib/jvm/java-8-oracle/jre/lib/amd64/libjava.so
7f9957710000-7f9957712000 rw-p 0002a000 08:02 200024                     /usr/lib/jvm/java-8-oracle/jre/lib/amd64/libjava.so
7f9957712000-7f995771f000 r-xp 00000000 08:02 199975                     /usr/lib/jvm/java-8-oracle/jre/lib/amd64/libverify.so
7f995771f000-7f995791e000 ---p 0000d000 08:02 199975                     /usr/lib/jvm/java-8-oracle/jre/lib/amd64/libverify.so
7f995791e000-7f9957920000 rw-p 0000c000 08:02 199975                     /usr/lib/jvm/java-8-oracle/jre/lib/amd64/libverify.so
7f9957920000-7f9957927000 r-xp 00000000 08:02 2621663                    /lib/x86_64-linux-gnu/librt-2.21.so
7f9957927000-7f9957b26000 ---p 00007000 08:02 2621663                    /lib/x86_64-linux-gnu/librt-2.21.so
7f9957b26000-7f9957b27000 r--p 00006000 08:02 2621663                    /lib/x86_64-linux-gnu/librt-2.21.so
7f9957b27000-7f9957b28000 rw-p 00007000 08:02 2621663                    /lib/x86_64-linux-gnu/librt-2.21.so
7f9957b28000-7f9957c2f000 r-xp 00000000 08:02 2623271                    /lib/x86_64-linux-gnu/libm-2.21.so
7f9957c2f000-7f9957e2e000 ---p 00107000 08:02 2623271                    /lib/x86_64-linux-gnu/libm-2.21.so
7f9957e2e000-7f9957e2f000 r--p 00106000 08:02 2623271                    /lib/x86_64-linux-gnu/libm-2.21.so
7f9957e2f000-7f9957e30000 rw-p 00107000 08:02 2623271                    /lib/x86_64-linux-gnu/libm-2.21.so
7f9957e30000-7f9958afd000 r-xp 00000000 08:02 200028                     /usr/lib/jvm/java-8-oracle/jre/lib/amd64/server/libjvm.so
7f9958afd000-7f9958cfc000 ---p 00ccd000 08:02 200028                     /usr/lib/jvm/java-8-oracle/jre/lib/amd64/server/libjvm.so
7f9958cfc000-7f9958dd5000 rw-p 00ccc000 08:02 200028                     /usr/lib/jvm/java-8-oracle/jre/lib/amd64/server/libjvm.so
7f9958dd5000-7f9958e20000 rw-p 00000000 00:00 0 
7f9958e20000-7f9958fe0000 r-xp 00000000 08:02 2623433                    /lib/x86_64-linux-gnu/libc-2.21.so
7f9958fe0000-7f99591e0000 ---p 001c0000 08:02 2623433                    /lib/x86_64-linux-gnu/libc-2.21.so
7f99591e0000-7f99591e4000 r--p 001c0000 08:02 2623433                    /lib/x86_64-linux-gnu/libc-2.21.so
7f99591e4000-7f99591e6000 rw-p 001c4000 08:02 2623433                    /lib/x86_64-linux-gnu/libc-2.21.so
7f99591e6000-7f99591ea000 rw-p 00000000 00:00 0 
7f99591ea000-7f99591ed000 r-xp 00000000 08:02 2623420                    /lib/x86_64-linux-gnu/libdl-2.21.so
7f99591ed000-7f99593ec000 ---p 00003000 08:02 2623420                    /lib/x86_64-linux-gnu/libdl-2.21.so
7f99593ec000-7f99593ed000 r--p 00002000 08:02 2623420                    /lib/x86_64-linux-gnu/libdl-2.21.so
7f99593ed000-7f99593ee000 rw-p 00003000 08:02 2623420                    /lib/x86_64-linux-gnu/libdl-2.21.so
7f99593ee000-7f9959403000 r-xp 00000000 08:02 158504                     /usr/lib/jvm/java-8-oracle/lib/amd64/jli/libjli.so
7f9959403000-7f9959603000 ---p 00015000 08:02 158504                     /usr/lib/jvm/java-8-oracle/lib/amd64/jli/libjli.so
7f9959603000-7f9959604000 rw-p 00015000 08:02 158504                     /usr/lib/jvm/java-8-oracle/lib/amd64/jli/libjli.so
7f9959604000-7f995961c000 r-xp 00000000 08:02 2623413                    /lib/x86_64-linux-gnu/libpthread-2.21.so
7f995961c000-7f995981c000 ---p 00018000 08:02 2623413                    /lib/x86_64-linux-gnu/libpthread-2.21.so
7f995981c000-7f995981d000 r--p 00018000 08:02 2623413                    /lib/x86_64-linux-gnu/libpthread-2.21.so
7f995981d000-7f995981e000 rw-p 00019000 08:02 2623413                    /lib/x86_64-linux-gnu/libpthread-2.21.so
7f995981e000-7f9959822000 rw-p 00000000 00:00 0 
7f9959822000-7f9959846000 r-xp 00000000 08:02 2623431                    /lib/x86_64-linux-gnu/ld-2.21.so
7f9959846000-7f9959847000 r--s 00002000 08:02 3394398                    /home/ankit/Downloads/android-studio/gradle/gradle-2.14.1/lib/native-platform-osx-i386-0.10.jar
7f9959847000-7f9959849000 r--s 00007000 08:02 3394353                    /home/ankit/Downloads/android-studio/gradle/gradle-2.14.1/lib/gradle-model-groovy-2.14.1.jar
7f9959849000-7f995984a000 r--s 00006000 08:02 3394370                    /home/ankit/Downloads/android-studio/gradle/gradle-2.14.1/lib/gradle-base-services-groovy-2.14.1.jar
7f995984a000-7f995984b000 r--s 00002000 08:02 3394360                    /home/ankit/Downloads/android-studio/gradle/gradle-2.14.1/lib/gradle-docs-2.14.1.jar
7f995984b000-7f995984c000 r--s 00000000 08:02 3394406                    /home/ankit/Downloads/android-studio/gradle/gradle-2.14.1/lib/javax.inject-1.jar
7f995984c000-7f995984d000 r--s 00000000 08:02 3394388                    /home/ankit/Downloads/android-studio/gradle/gradle-2.14.1/lib/jcip-annotations-1.0.jar
7f995984d000-7f9959851000 r--s 00027000 08:02 3394396                    /home/ankit/Downloads/android-studio/gradle/gradle-2.14.1/lib/commons-io-2.2.jar
7f9959851000-7f9959856000 r--s 00038000 08:02 3394363                    /home/ankit/Downloads/android-studio/gradle/gradle-2.14.1/lib/asm-all-5.1.jar
7f9959856000-7f9959857000 r--s 00001000 08:02 3394374                    /home/ankit/Downloads/android-studio/gradle/gradle-2.14.1/lib/gradle-process-services-2.14.1.jar
7f9959857000-7f9959858000 r--s 00000000 08:02 3394345                    /home/ankit/Downloads/android-studio/gradle/gradle-2.14.1/lib/gradle-jvm-services-2.14.1.jar
7f9959858000-7f995985d000 r--s 00041000 08:02 3394392                    /home/ankit/Downloads/android-studio/gradle/gradle-2.14.1/lib/commons-lang-2.6.jar
7f995985d000-7f995991f000 rw-p 00000000 00:00 0 
7f995991f000-7f9959922000 ---p 00000000 00:00 0 
7f9959922000-7f9959a24000 rw-p 00000000 00:00 0 
7f9959a24000-7f9959a25000 r--s 00007000 08:02 3394386                    /home/ankit/Downloads/android-studio/gradle/gradle-2.14.1/lib/slf4j-api-1.7.10.jar
7f9959a25000-7f9959a26000 r--s 00004000 08:02 3394372                    /home/ankit/Downloads/android-studio/gradle/gradle-2.14.1/lib/ant-launcher-1.9.6.jar
7f9959a26000-7f9959a2e000 r--s 0003a000 08:02 3394364                    /home/ankit/Downloads/android-studio/gradle/gradle-2.14.1/lib/gradle-base-services-2.14.1.jar
7f9959a2e000-7f9959a39000 r--s 00051000 08:02 3394361                    /home/ankit/Downloads/android-studio/gradle/gradle-2.14.1/lib/gradle-launcher-2.14.1.jar
7f9959a39000-7f9959a41000 rw-s 00000000 08:02 5030205                    /tmp/hsperfdata_ankit/19335
7f9959a41000-7f9959a42000 rw-p 00000000 00:00 0 
7f9959a42000-7f9959a43000 ---p 00000000 00:00 0 
7f9959a43000-7f9959a45000 rw-p 00000000 00:00 0 
7f9959a45000-7f9959a46000 r--p 00023000 08:02 2623431                    /lib/x86_64-linux-gnu/ld-2.21.so
7f9959a46000-7f9959a47000 rw-p 00024000 08:02 2623431                    /lib/x86_64-linux-gnu/ld-2.21.so
7f9959a47000-7f9959a48000 rw-p 00000000 00:00 0 
7ffe70e84000-7ffe70ea5000 rw-p 00000000 00:00 0                          [stack]
7ffe70eda000-7ffe70edc000 r--p 00000000 00:00 0                          [vvar]
7ffe70edc000-7ffe70ede000 r-xp 00000000 00:00 0                          [vdso]
ffffffffff600000-ffffffffff601000 r-xp 00000000 00:00 0                  [vsyscall]

VM Arguments:
jvm_args: -Xmx1536m -Dfile.encoding=UTF-8 -Duser.country=IN -Duser.language=en -Duser.variant 
java_command: org.gradle.launcher.daemon.bootstrap.GradleDaemon 2.14.1
java_class_path (initial): /home/ankit/Downloads/android-studio/gradle/gradle-2.14.1/lib/gradle-launcher-2.14.1.jar
Launcher Type: SUN_STANDARD

Environment Variables:
JAVA_HOME=/usr/lib/jvm/java-8-oracle
PATH=/usr/local/sbin:/usr/local/bin:/usr/sbin:/usr/bin:/sbin:/bin:/usr/games:/usr/local/games:/usr/lib/jvm/java-8-oracle/bin:/usr/lib/jvm/java-8-oracle/db/bin:/usr/lib/jvm/java-8-oracle/jre/bin
LD_LIBRARY_PATH=Downloads/android-studio/bin:
SHELL=/bin/bash
DISPLAY=:0

Signal Handlers:
SIGSEGV: [libjvm.so+0xac64b0], sa_mask[0]=11111111011111111101111111111110, sa_flags=SA_RESTART|SA_SIGINFO
SIGBUS: [libjvm.so+0xac64b0], sa_mask[0]=11111111011111111101111111111110, sa_flags=SA_RESTART|SA_SIGINFO
SIGFPE: [libjvm.so+0x91f950], sa_mask[0]=11111111011111111101111111111110, sa_flags=SA_RESTART|SA_SIGINFO
SIGPIPE: [libjvm.so+0x91f950], sa_mask[0]=11111111011111111101111111111110, sa_flags=SA_RESTART|SA_SIGINFO
SIGXFSZ: [libjvm.so+0x91f950], sa_mask[0]=11111111011111111101111111111110, sa_flags=SA_RESTART|SA_SIGINFO
SIGILL: [libjvm.so+0x91f950], sa_mask[0]=11111111011111111101111111111110, sa_flags=SA_RESTART|SA_SIGINFO
SIGUSR1: SIG_DFL, sa_mask[0]=00000000000000000000000000000000, sa_flags=none
SIGUSR2: [libjvm.so+0x920f80], sa_mask[0]=00100000000000000000000000000000, sa_flags=SA_RESTART|SA_SIGINFO
SIGHUP: [libjvm.so+0x922380], sa_mask[0]=11111111011111111101111111111110, sa_flags=SA_RESTART|SA_SIGINFO
SIGINT: [libjvm.so+0x922380], sa_mask[0]=11111111011111111101111111111110, sa_flags=SA_RESTART|SA_SIGINFO
SIGTERM: [libjvm.so+0x922380], sa_mask[0]=11111111011111111101111111111110, sa_flags=SA_RESTART|SA_SIGINFO
SIGQUIT: [libjvm.so+0x922380], sa_mask[0]=11111111011111111101111111111110, sa_flags=SA_RESTART|SA_SIGINFO


---------------  S Y S T E M  ---------------

OS:DISTRIB_ID=Ubuntu
DISTRIB_RELEASE=15.10
DISTRIB_CODENAME=wily
DISTRIB_DESCRIPTION="Ubuntu 15.10"

uname:Linux 4.2.0-42-generic #49-Ubuntu SMP Tue Jun 28 21:26:26 UTC 2016 x86_64
libc:glibc 2.21 NPTL 2.21 
rlimit: STACK 8192k, CORE 0k, NPROC 31537, NOFILE 65536, AS infinity
load average:3.36 2.05 1.38

/proc/meminfo:
MemTotal:        8110256 kB
MemFree:          153828 kB
MemAvailable:     175064 kB
Buffers:           14688 kB
Cached:           578252 kB
SwapCached:            0 kB
Active:          7191928 kB
Inactive:         489308 kB
Active(anon):    7109680 kB
Inactive(anon):   417248 kB
Active(file):      82248 kB
Inactive(file):    72060 kB
Unevictable:         120 kB
Mlocked:             120 kB
SwapTotal:             0 kB
SwapFree:              0 kB
Dirty:               132 kB
Writeback:             0 kB
AnonPages:       7088524 kB
Mapped:           311136 kB
Shmem:            438580 kB
Slab:             111300 kB
SReclaimable:      57100 kB
SUnreclaim:        54200 kB
KernelStack:       16096 kB
PageTables:        87060 kB
NFS_Unstable:          0 kB
Bounce:                0 kB
WritebackTmp:          0 kB
CommitLimit:     4055128 kB
Committed_AS:   18241000 kB
VmallocTotal:   34359738367 kB
VmallocUsed:      552104 kB
VmallocChunk:   34358423548 kB
HardwareCorrupted:     0 kB
AnonHugePages:   2590720 kB
CmaTotal:              0 kB
CmaFree:               0 kB
HugePages_Total:       0
HugePages_Free:        0
HugePages_Rsvd:        0
HugePages_Surp:        0
Hugepagesize:       2048 kB
DirectMap4k:      256704 kB
DirectMap2M:     7018496 kB
DirectMap1G:     2097152 kB


CPU:total 4 (2 cores per cpu, 2 threads per core) family 6 model 69 stepping 1, cmov, cx8, fxsr, mmx, sse, sse2, sse3, ssse3, sse4.1, sse4.2, popcnt, avx, avx2, aes, clmul, erms, lzcnt, ht, tsc, tscinvbit, bmi1, bmi2

/proc/cpuinfo:
processor	: 0
vendor_id	: GenuineIntel
cpu family	: 6
model		: 69
model name	: Intel(R) Core(TM) i3-4005U CPU @ 1.70GHz
stepping	: 1
microcode	: 0x1c
cpu MHz		: 899.871
cache size	: 3072 KB
physical id	: 0
siblings	: 4
core id		: 0
cpu cores	: 2
apicid		: 0
initial apicid	: 0
fpu		: yes
fpu_exception	: yes
cpuid level	: 13
wp		: yes
flags		: fpu vme de pse tsc msr pae mce cx8 apic sep mtrr pge mca cmov pat pse36 clflush dts acpi mmx fxsr sse sse2 ss ht tm pbe syscall nx pdpe1gb rdtscp lm constant_tsc arch_perfmon pebs bts rep_good nopl xtopology nonstop_tsc aperfmperf eagerfpu pni pclmulqdq dtes64 monitor ds_cpl vmx est tm2 ssse3 fma cx16 xtpr pdcm pcid sse4_1 sse4_2 movbe popcnt tsc_deadline_timer aes xsave avx f16c rdrand lahf_lm abm ida arat epb pln pts dtherm tpr_shadow vnmi flexpriority ept vpid fsgsbase tsc_adjust bmi1 avx2 smep bmi2 erms invpcid xsaveopt
bugs		:
bogomips	: 3392.03
clflush size	: 64
cache_alignment	: 64
address sizes	: 39 bits physical, 48 bits virtual
power management:

processor	: 1
vendor_id	: GenuineIntel
cpu family	: 6
model		: 69
model name	: Intel(R) Core(TM) i3-4005U CPU @ 1.70GHz
stepping	: 1
microcode	: 0x1c
cpu MHz		: 1700.066
cache size	: 3072 KB
physical id	: 0
siblings	: 4
core id		: 0
cpu cores	: 2
apicid		: 1
initial apicid	: 1
fpu		: yes
fpu_exception	: yes
cpuid level	: 13
wp		: yes
flags		: fpu vme de pse tsc msr pae mce cx8 apic sep mtrr pge mca cmov pat pse36 clflush dts acpi mmx fxsr sse sse2 ss ht tm pbe syscall nx pdpe1gb rdtscp lm constant_tsc arch_perfmon pebs bts rep_good nopl xtopology nonstop_tsc aperfmperf eagerfpu pni pclmulqdq dtes64 monitor ds_cpl vmx est tm2 ssse3 fma cx16 xtpr pdcm pcid sse4_1 sse4_2 movbe popcnt tsc_deadline_timer aes xsave avx f16c rdrand lahf_lm abm ida arat epb pln pts dtherm tpr_shadow vnmi flexpriority ept vpid fsgsbase tsc_adjust bmi1 avx2 smep bmi2 erms invpcid xsaveopt
bugs		:
bogomips	: 3392.03
clflush size	: 64
cache_alignment	: 64
address sizes	: 39 bits physical, 48 bits virtual
power management:

processor	: 2
vendor_id	: GenuineIntel
cpu family	: 6
model		: 69
model name	: Intel(R) Core(TM) i3-4005U CPU @ 1.70GHz
stepping	: 1
microcode	: 0x1c
cpu MHz		: 1699.203
cache size	: 3072 KB
physical id	: 0
siblings	: 4
core id		: 1
cpu cores	: 2
apicid		: 2
initial apicid	: 2
fpu		: yes
fpu_exception	: yes
cpuid level	: 13
wp		: yes
flags		: fpu vme de pse tsc msr pae mce cx8 apic sep mtrr pge mca cmov pat pse36 clflush dts acpi mmx fxsr sse sse2 ss ht tm pbe syscall nx pdpe1gb rdtscp lm constant_tsc arch_perfmon pebs bts rep_good nopl xtopology nonstop_tsc aperfmperf eagerfpu pni pclmulqdq dtes64 monitor ds_cpl vmx est tm2 ssse3 fma cx16 xtpr pdcm pcid sse4_1 sse4_2 movbe popcnt tsc_deadline_timer aes xsave avx f16c rdrand lahf_lm abm ida arat epb pln pts dtherm tpr_shadow vnmi flexpriority ept vpid fsgsbase tsc_adjust bmi1 avx2 smep bmi2 erms invpcid xsaveopt
bugs		:
bogomips	: 3392.03
clflush size	: 64
cache_alignment	: 64
address sizes	: 39 bits physical, 48 bits virtual
power management:

processor	: 3
vendor_id	: GenuineIntel
cpu family	: 6
model		: 69
model name	: Intel(R) Core(TM) i3-4005U CPU @ 1.70GHz
stepping	: 1
microcode	: 0x1c
cpu MHz		: 961.296
cache size	: 3072 KB
physical id	: 0
siblings	: 4
core id		: 1
cpu cores	: 2
apicid		: 3
initial apicid	: 3
fpu		: yes
fpu_exception	: yes
cpuid level	: 13
wp		: yes
flags		: fpu vme de pse tsc msr pae mce cx8 apic sep mtrr pge mca cmov pat pse36 clflush dts acpi mmx fxsr sse sse2 ss ht tm pbe syscall nx pdpe1gb rdtscp lm constant_tsc arch_perfmon pebs bts rep_good nopl xtopology nonstop_tsc aperfmperf eagerfpu pni pclmulqdq dtes64 monitor ds_cpl vmx est tm2 ssse3 fma cx16 xtpr pdcm pcid sse4_1 sse4_2 movbe popcnt tsc_deadline_timer aes xsave avx f16c rdrand lahf_lm abm ida arat epb pln pts dtherm tpr_shadow vnmi flexpriority ept vpid fsgsbase tsc_adjust bmi1 avx2 smep bmi2 erms invpcid xsaveopt
bugs		:
bogomips	: 3392.03
clflush size	: 64
cache_alignment	: 64
address sizes	: 39 bits physical, 48 bits virtual
power management:



Memory: 4k page, physical 8110256k(153828k free), swap 0k(0k free)

vm_info: Java HotSpot(TM) 64-Bit Server VM (25.111-b14) for linux-amd64 JRE (1.8.0_111-b14), built on Sep 22 2016 16:14:03 by "java_re" with gcc 4.3.0 20080428 (Red Hat 4.3.0-8)

time: Tue Dec 27 15:44:13 2016
elapsed time: 95 seconds (0d 0h 1m 35s)

