#
# There is insufficient memory for the Java Runtime Environment to continue.
# Native memory allocation (mmap) failed to map 209190912 bytes for committing reserved memory.
# Possible reasons:
#   The system is out of physical RAM or swap space
#   In 32 bit mode, the process size limit was hit
# Possible solutions:
#   Reduce memory load on the system
#   Increase physical memory or swap space
#   Check if swap backing store is full
#   Use 64 bit Java on a 64 bit OS
#   Decrease Java heap size (-Xmx/-Xms)
#   Decrease number of Java threads
#   Decrease Java thread stack sizes (-Xss)
#   Set larger code cache with -XX:ReservedCodeCacheSize=
# This output file may be truncated or incomplete.
#
#  Out of Memory Error (os_linux.cpp:2627), pid=13002, tid=0x00007f87401f5700
#
# JRE version: Java(TM) SE Runtime Environment (8.0_111-b14) (build 1.8.0_111-b14)
# Java VM: Java HotSpot(TM) 64-Bit Server VM (25.111-b14 mixed mode linux-amd64 compressed oops)
# Failed to write core dump. Core dumps have been disabled. To enable core dumping, try "ulimit -c unlimited" before starting Java again
#

---------------  T H R E A D  ---------------

Current thread (0x00007f873c078000):  VMThread [stack: 0x00007f87400f5000,0x00007f87401f6000] [id=13010]

Stack: [0x00007f87400f5000,0x00007f87401f6000],  sp=0x00007f87401f40a0,  free space=1020k
Native frames: (J=compiled Java code, j=interpreted, Vv=VM code, C=native code)
V  [libjvm.so+0xac5c2a]  VMError::report_and_die()+0x2ba
V  [libjvm.so+0x4fc50b]  report_vm_out_of_memory(char const*, int, unsigned long, VMErrorType, char const*)+0x8b
V  [libjvm.so+0x922ae3]  os::Linux::commit_memory_impl(char*, unsigned long, bool)+0x103
V  [libjvm.so+0x923039]  os::pd_commit_memory(char*, unsigned long, unsigned long, bool)+0x29
V  [libjvm.so+0x91d33a]  os::commit_memory(char*, unsigned long, unsigned long, bool)+0x2a
V  [libjvm.so+0x991ac3]  PSVirtualSpace::expand_by(unsigned long)+0x53
V  [libjvm.so+0x982380]  PSOldGen::expand(unsigned long)+0x170
V  [libjvm.so+0x98258b]  PSOldGen::resize(unsigned long)+0x1cb
V  [libjvm.so+0x98a291]  PSParallelCompact::invoke_no_policy(bool)+0x991
V  [libjvm.so+0x98fbed]  PSScavenge::invoke()+0x1ad
V  [libjvm.so+0x9467d0]  ParallelScavengeHeap::failed_mem_allocate(unsigned long)+0x70
V  [libjvm.so+0xac7647]  VM_ParallelGCFailedAllocation::doit()+0x97
V  [libjvm.so+0xacf125]  VM_Operation::evaluate()+0x55
V  [libjvm.so+0xacd4fa]  VMThread::evaluate_operation(VM_Operation*)+0xba
V  [libjvm.so+0xacd87e]  VMThread::loop()+0x1ce
V  [libjvm.so+0xacdcf0]  VMThread::run()+0x70
V  [libjvm.so+0x924ea8]  java_start(Thread*)+0x108

VM_Operation (0x00007f86a7dfbd50): ParallelGCFailedAllocation, mode: safepoint, requested by thread 0x00007f86b4056000


---------------  P R O C E S S  ---------------

Java Threads: ( => current thread )
  0x00007f86b4097000 JavaThread "pool-12-thread-4" [_thread_blocked, id=16987, stack(0x00007f86c8dd9000,0x00007f86c8eda000)]
  0x00007f86b4056000 JavaThread "pool-12-thread-3" [_thread_blocked, id=16986, stack(0x00007f86a7cfd000,0x00007f86a7dfe000)]
  0x00007f86b4055800 JavaThread "pool-12-thread-2" [_thread_blocked, id=16985, stack(0x00007f86c9752000,0x00007f86c9853000)]
  0x00007f86b4209800 JavaThread "pool-13-thread-1" [_thread_blocked, id=16984, stack(0x00007f86a6e7d000,0x00007f86a6f7e000)]
  0x00007f86b4038800 JavaThread "pool-12-thread-1" [_thread_blocked, id=16983, stack(0x00007f86a7dfe000,0x00007f86a7eff000)]
  0x00007f86b43c4000 JavaThread "pool-10-thread-1" [_thread_blocked, id=16982, stack(0x00007f86c998d000,0x00007f86c9a8e000)]
  0x00007f86b42e3000 JavaThread "process reaper" daemon [_thread_blocked, id=15048, stack(0x00007f86c8b63000,0x00007f86c8b9c000)]
  0x00007f86b41a4000 JavaThread "pool-8-thread-4" [_thread_blocked, id=15009, stack(0x00007f86a7afb000,0x00007f86a7bfc000)]
  0x00007f86b41a2800 JavaThread "pool-8-thread-3" [_thread_blocked, id=15007, stack(0x00007f86cb5fe000,0x00007f86cb6ff000)]
  0x00007f86b41a0800 JavaThread "pool-8-thread-2" [_thread_blocked, id=15004, stack(0x00007f86cad84000,0x00007f86cae85000)]
  0x00007f86b421b800 JavaThread "pool-8-thread-1" [_thread_blocked, id=15002, stack(0x00007f86cb3fc000,0x00007f86cb4fd000)]
  0x00007f86b400e800 JavaThread "Asynchronous log dispatcher for org.gradle.launcher.daemon.server.DefaultDaemonConnection@47714343" [_thread_blocked, id=15000, stack(0x00007f8723436000,0x00007f8723537000)]
  0x00007f86e8005800 JavaThread "Daemon worker Thread 6" [_thread_blocked, id=14997, stack(0x00007f8723739000,0x00007f872383a000)]
  0x00007f86e800c800 JavaThread "Cancel handler" [_thread_blocked, id=14996, stack(0x00007f8723537000,0x00007f8723638000)]
  0x00007f86e8008000 JavaThread "Handler for socket connection from /127.0.0.1:38678 to /127.0.0.1:49870" [_thread_in_native, id=14995, stack(0x00007f8723638000,0x00007f8723739000)]
  0x00007f86e4014000 JavaThread "Daemon Thread 6" [_thread_blocked, id=14994, stack(0x00007f872383a000,0x00007f872393b000)]
  0x00007f86d4342800 JavaThread "File lock request listener" [_thread_in_native, id=13035, stack(0x00007f8722bbc000,0x00007f8722cbd000)]
  0x00007f873cb56000 JavaThread "Incoming local TCP Connector on port 38678" [_thread_in_native, id=13020, stack(0x00007f8723b42000,0x00007f8723c43000)]
  0x00007f873cb4e800 JavaThread "pool-1-thread-1" [_thread_blocked, id=13019, stack(0x00007f8723c43000,0x00007f8723d44000)]
  0x00007f873c0c1000 JavaThread "Service Thread" daemon [_thread_blocked, id=13017, stack(0x00007f8729217000,0x00007f8729318000)]
  0x00007f873c0bd800 JavaThread "C1 CompilerThread2" daemon [_thread_blocked, id=13016, stack(0x00007f8729318000,0x00007f8729419000)]
  0x00007f873c0bb800 JavaThread "C2 CompilerThread1" daemon [_thread_blocked, id=13015, stack(0x00007f8729419000,0x00007f872951a000)]
  0x00007f873c0b9000 JavaThread "C2 CompilerThread0" daemon [_thread_blocked, id=13014, stack(0x00007f872951a000,0x00007f872961b000)]
  0x00007f873c0b7800 JavaThread "Signal Dispatcher" daemon [_thread_blocked, id=13013, stack(0x00007f872961b000,0x00007f872971c000)]
  0x00007f873c084800 JavaThread "Finalizer" daemon [_thread_blocked, id=13012, stack(0x00007f8729dfe000,0x00007f8729eff000)]
  0x00007f873c07f800 JavaThread "Reference Handler" daemon [_thread_blocked, id=13011, stack(0x00007f8729eff000,0x00007f872a000000)]
  0x00007f873c00a000 JavaThread "main" [_thread_blocked, id=13005, stack(0x00007f8745a7a000,0x00007f8745b7b000)]

Other Threads:
=>0x00007f873c078000 VMThread [stack: 0x00007f87400f5000,0x00007f87401f6000] [id=13010]
  0x00007f873c0c3800 WatcherThread [stack: 0x00007f8729116000,0x00007f8729217000] [id=13018]

VM state:at safepoint (normal execution)

VM Mutex/Monitor currently owned by a thread:  ([mutex/lock_event])
[0x00007f873c005bb0] ExpandHeap_lock - owner thread: 0x00007f873c078000
[0x00007f873c006230] Threads_lock - owner thread: 0x00007f873c078000
[0x00007f873c006730] Heap_lock - owner thread: 0x00007f86b4056000

Heap:
 PSYoungGen      total 410624K, used 0K [0x00000000e0000000, 0x0000000100000000, 0x0000000100000000)
  eden space 296960K, 0% used [0x00000000e0000000,0x00000000e0000000,0x00000000f2200000)
  from space 113664K, 0% used [0x00000000f2200000,0x00000000f2200000,0x00000000f9100000)
  to   space 113664K, 0% used [0x00000000f9100000,0x00000000f9100000,0x0000000100000000)
 ParOldGen       total 844288K, used 757513K [0x00000000a0000000, 0x00000000d3880000, 0x00000000e0000000)
  object space 844288K, 89% used [0x00000000a0000000,0x00000000ce3c25e0,0x00000000d3880000)
 Metaspace       used 78494K, capacity 81772K, committed 83584K, reserved 1122304K
  class space    used 10046K, capacity 10653K, committed 11392K, reserved 1048576K

Card table byte_map: [0x00007f874252a000,0x00007f874282b000] byte_map_base: 0x00007f874202a000

Marking Bits: (ParMarkBitMap*) 0x00007f8744f4e220
 Begin Bits: [0x00007f872a000000, 0x00007f872b800000)
 End Bits:   [0x00007f872b800000, 0x00007f872d000000)

Polling page: 0x00007f8745b9d000

CodeCache: size=245760Kb used=62366Kb max_used=62408Kb free=183393Kb
 bounds [0x00007f872d000000, 0x00007f8730df0000, 0x00007f873c000000]
 total_blobs=17086 nmethods=16281 adapters=715
 compilation: enabled

Compilation events (10 events):
Event: 2627.899 Thread 0x00007f873c0bb800 nmethod 20652 0x00007f8730a03a90 code [0x00007f8730a03d80, 0x00007f8730a05698]
Event: 2627.899 Thread 0x00007f873c0bb800 22179   !   4       java.util.concurrent.LinkedBlockingDeque::pollFirst (84 bytes)
Event: 2627.989 Thread 0x00007f873c0b9000 nmethod 22178 0x00007f8730a14850 code [0x00007f8730a14b20, 0x00007f8730a16898]
Event: 2627.989 Thread 0x00007f873c0b9000 22181       4       java.util.concurrent.locks.AbstractQueuedSynchronizer$ConditionObject::awaitNanos (156 bytes)
Event: 2628.044 Thread 0x00007f873c0b9000 nmethod 22181 0x00007f87307eadd0 code [0x00007f87307eb000, 0x00007f87307ebee0]
Event: 2628.044 Thread 0x00007f873c0b9000 20682       4       com.android.dx.rop.code.PlainCstInsn::accept (8 bytes)
Event: 2628.045 Thread 0x00007f873c0b9000 nmethod 20682 0x00007f87305b0b90 code [0x00007f87305b0ce0, 0x00007f87305b0d58]
Event: 2628.045 Thread 0x00007f873c0b9000 20500       4       com.android.dx.ssa.back.FirstFitLocalCombiningAllocator::getParameterIndexForReg (55 bytes)
Event: 2628.050 Thread 0x00007f873c0b9000 nmethod 20500 0x00007f872fefad10 code [0x00007f872fefae80, 0x00007f872fefafe8]
Event: 2628.050 Thread 0x00007f873c0b9000 20740       4       com.android.dx.rop.code.Rop::isCommutative (60 bytes)

GC Heap History (10 events):
Event: 2619.278 GC heap after
Heap after GC invocations=64 (full 10):
 PSYoungGen      total 432640K, used 50804K [0x00000000e0000000, 0x00000000ff780000, 0x0000000100000000)
  eden space 348160K, 0% used [0x00000000e0000000,0x00000000e0000000,0x00000000f5400000)
  from space 84480K, 60% used [0x00000000fa400000,0x00000000fd59d138,0x00000000ff680000)
  to   space 81920K, 0% used [0x00000000f5400000,0x00000000f5400000,0x00000000fa400000)
 ParOldGen       total 582656K, used 542199K [0x00000000a0000000, 0x00000000c3900000, 0x00000000e0000000)
  object space 582656K, 93% used [0x00000000a0000000,0x00000000c117de58,0x00000000c3900000)
 Metaspace       used 78493K, capacity 81772K, committed 83584K, reserved 1122304K
  class space    used 10046K, capacity 10653K, committed 11392K, reserved 1048576K
}
Event: 2619.278 GC heap before
{Heap before GC invocations=65 (full 11):
 PSYoungGen      total 432640K, used 50804K [0x00000000e0000000, 0x00000000ff780000, 0x0000000100000000)
  eden space 348160K, 0% used [0x00000000e0000000,0x00000000e0000000,0x00000000f5400000)
  from space 84480K, 60% used [0x00000000fa400000,0x00000000fd59d138,0x00000000ff680000)
  to   space 81920K, 0% used [0x00000000f5400000,0x00000000f5400000,0x00000000fa400000)
 ParOldGen       total 582656K, used 542199K [0x00000000a0000000, 0x00000000c3900000, 0x00000000e0000000)
  object space 582656K, 93% used [0x00000000a0000000,0x00000000c117de58,0x00000000c3900000)
 Metaspace       used 78493K, capacity 81772K, committed 83584K, reserved 1122304K
  class space    used 10046K, capacity 10653K, committed 11392K, reserved 1048576K
Event: 2623.707 GC heap after
Heap after GC invocations=65 (full 11):
 PSYoungGen      total 432640K, used 3564K [0x00000000e0000000, 0x00000000ff780000, 0x0000000100000000)
  eden space 348160K, 0% used [0x00000000e0000000,0x00000000e0000000,0x00000000f5400000)
  from space 84480K, 4% used [0x00000000fa400000,0x00000000fa77b158,0x00000000ff680000)
  to   space 81920K, 0% used [0x00000000f5400000,0x00000000f5400000,0x00000000fa400000)
 ParOldGen       total 844288K, used 582565K [0x00000000a0000000, 0x00000000d3880000, 0x00000000e0000000)
  object space 844288K, 69% used [0x00000000a0000000,0x00000000c38e9528,0x00000000d3880000)
 Metaspace       used 78493K, capacity 81772K, committed 83584K, reserved 1122304K
  class space    used 10046K, capacity 10653K, committed 11392K, reserved 1048576K
}
Event: 2625.108 GC heap before
{Heap before GC invocations=66 (full 11):
 PSYoungGen      total 432640K, used 351724K [0x00000000e0000000, 0x00000000ff780000, 0x0000000100000000)
  eden space 348160K, 100% used [0x00000000e0000000,0x00000000f5400000,0x00000000f5400000)
  from space 84480K, 4% used [0x00000000fa400000,0x00000000fa77b158,0x00000000ff680000)
  to   space 81920K, 0% used [0x00000000f5400000,0x00000000f5400000,0x00000000fa400000)
 ParOldGen       total 844288K, used 582565K [0x00000000a0000000, 0x00000000d3880000, 0x00000000e0000000)
  object space 844288K, 69% used [0x00000000a0000000,0x00000000c38e9528,0x00000000d3880000)
 Metaspace       used 78494K, capacity 81772K, committed 83584K, reserved 1122304K
  class space    used 10046K, capacity 10653K, committed 11392K, reserved 1048576K
Event: 2625.497 GC heap after
Heap after GC invocations=66 (full 11):
 PSYoungGen      total 430080K, used 81903K [0x00000000e0000000, 0x0000000100000000, 0x0000000100000000)
  eden space 348160K, 0% used [0x00000000e0000000,0x00000000e0000000,0x00000000f5400000)
  from space 81920K, 99% used [0x00000000f5400000,0x00000000fa3fbd70,0x00000000fa400000)
  to   space 94208K, 0% used [0x00000000fa400000,0x00000000fa400000,0x0000000100000000)
 ParOldGen       total 844288K, used 630219K [0x00000000a0000000, 0x00000000d3880000, 0x00000000e0000000)
  object space 844288K, 74% used [0x00000000a0000000,0x00000000c6772d70,0x00000000d3880000)
 Metaspace       used 78494K, capacity 81772K, committed 83584K, reserved 1122304K
  class space    used 10046K, capacity 10653K, committed 11392K, reserved 1048576K
}
Event: 2627.002 GC heap before
{Heap before GC invocations=67 (full 11):
 PSYoungGen      total 430080K, used 430063K [0x00000000e0000000, 0x0000000100000000, 0x0000000100000000)
  eden space 348160K, 100% used [0x00000000e0000000,0x00000000f5400000,0x00000000f5400000)
  from space 81920K, 99% used [0x00000000f5400000,0x00000000fa3fbd70,0x00000000fa400000)
  to   space 94208K, 0% used [0x00000000fa400000,0x00000000fa400000,0x0000000100000000)
 ParOldGen       total 844288K, used 630219K [0x00000000a0000000, 0x00000000d3880000, 0x00000000e0000000)
  object space 844288K, 74% used [0x00000000a0000000,0x00000000c6772d70,0x00000000d3880000)
 Metaspace       used 78494K, capacity 81772K, committed 83584K, reserved 1122304K
  class space    used 10046K, capacity 10653K, committed 11392K, reserved 1048576K
Event: 2627.274 GC heap after
Heap after GC invocations=67 (full 11):
 PSYoungGen      total 391168K, used 81699K [0x00000000e0000000, 0x0000000100000000, 0x0000000100000000)
  eden space 296960K, 0% used [0x00000000e0000000,0x00000000e0000000,0x00000000f2200000)
  from space 94208K, 86% used [0x00000000fa400000,0x00000000ff3c8de0,0x0000000100000000)
  to   space 113664K, 0% used [0x00000000f2200000,0x00000000f2200000,0x00000000f9100000)
 ParOldGen       total 844288K, used 702003K [0x00000000a0000000, 0x00000000d3880000, 0x00000000e0000000)
  object space 844288K, 83% used [0x00000000a0000000,0x00000000cad8cc68,0x00000000d3880000)
 Metaspace       used 78494K, capacity 81772K, committed 83584K, reserved 1122304K
  class space    used 10046K, capacity 10653K, committed 11392K, reserved 1048576K
}
Event: 2628.052 GC heap before
{Heap before GC invocations=68 (full 11):
 PSYoungGen      total 391168K, used 378659K [0x00000000e0000000, 0x0000000100000000, 0x0000000100000000)
  eden space 296960K, 100% used [0x00000000e0000000,0x00000000f2200000,0x00000000f2200000)
  from space 94208K, 86% used [0x00000000fa400000,0x00000000ff3c8de0,0x0000000100000000)
  to   space 113664K, 0% used [0x00000000f2200000,0x00000000f2200000,0x00000000f9100000)
 ParOldGen       total 844288K, used 702003K [0x00000000a0000000, 0x00000000d3880000, 0x00000000e0000000)
  object space 844288K, 83% used [0x00000000a0000000,0x00000000cad8cc68,0x00000000d3880000)
 Metaspace       used 78494K, capacity 81772K, committed 83584K, reserved 1122304K
  class space    used 10046K, capacity 10653K, committed 11392K, reserved 1048576K
Event: 2628.250 GC heap after
Heap after GC invocations=68 (full 11):
 PSYoungGen      total 410624K, used 113643K [0x00000000e0000000, 0x0000000100000000, 0x0000000100000000)
  eden space 296960K, 0% used [0x00000000e0000000,0x00000000e0000000,0x00000000f2200000)
  from space 113664K, 99% used [0x00000000f2200000,0x00000000f90fadf0,0x00000000f9100000)
  to   space 113664K, 0% used [0x00000000f9100000,0x00000000f9100000,0x0000000100000000)
 ParOldGen       total 844288K, used 767446K [0x00000000a0000000, 0x00000000d3880000, 0x00000000e0000000)
  object space 844288K, 90% used [0x00000000a0000000,0x00000000ced759a0,0x00000000d3880000)
 Metaspace       used 78494K, capacity 81772K, committed 83584K, reserved 1122304K
  class space    used 10046K, capacity 10653K, committed 11392K, reserved 1048576K
}
Event: 2628.250 GC heap before
{Heap before GC invocations=69 (full 12):
 PSYoungGen      total 410624K, used 113643K [0x00000000e0000000, 0x0000000100000000, 0x0000000100000000)
  eden space 296960K, 0% used [0x00000000e0000000,0x00000000e0000000,0x00000000f2200000)
  from space 113664K, 99% used [0x00000000f2200000,0x00000000f90fadf0,0x00000000f9100000)
  to   space 113664K, 0% used [0x00000000f9100000,0x00000000f9100000,0x0000000100000000)
 ParOldGen       total 844288K, used 767446K [0x00000000a0000000, 0x00000000d3880000, 0x00000000e0000000)
  object space 844288K, 90% used [0x00000000a0000000,0x00000000ced759a0,0x00000000d3880000)
 Metaspace       used 78494K, capacity 81772K, committed 83584K, reserved 1122304K
  class space    used 10046K, capacity 10653K, committed 11392K, reserved 1048576K

Deoptimization events (10 events):
Event: 2626.043 Thread 0x00007f86b4055800 Uncommon trap: reason=class_check action=maybe_recompile pc=0x00007f872d240ba8 method=com.android.dx.util.BitIntSet.merge(Lcom/android/dx/util/IntSet;)V @ 1
Event: 2626.044 Thread 0x00007f86b4055800 Uncommon trap: reason=class_check action=maybe_recompile pc=0x00007f873092d764 method=com.android.dx.ssa.back.InterferenceGraph.mergeInterferenceSet(ILcom/android/dx/util/IntSet;)V @ 20
Event: 2626.044 Thread 0x00007f86b4055800 Uncommon trap: reason=class_check action=maybe_recompile pc=0x00007f872d240ba8 method=com.android.dx.util.BitIntSet.merge(Lcom/android/dx/util/IntSet;)V @ 1
Event: 2626.044 Thread 0x00007f86b4055800 Uncommon trap: reason=class_check action=maybe_recompile pc=0x00007f873092d764 method=com.android.dx.ssa.back.InterferenceGraph.mergeInterferenceSet(ILcom/android/dx/util/IntSet;)V @ 20
Event: 2626.044 Thread 0x00007f86b4055800 Uncommon trap: reason=class_check action=maybe_recompile pc=0x00007f872d240ba8 method=com.android.dx.util.BitIntSet.merge(Lcom/android/dx/util/IntSet;)V @ 1
Event: 2626.066 Thread 0x00007f86b4055800 Uncommon trap: reason=class_check action=maybe_recompile pc=0x00007f873092d764 method=com.android.dx.ssa.back.InterferenceGraph.mergeInterferenceSet(ILcom/android/dx/util/IntSet;)V @ 20
Event: 2626.066 Thread 0x00007f86b4055800 Uncommon trap: reason=class_check action=maybe_recompile pc=0x00007f872d240ba8 method=com.android.dx.util.BitIntSet.merge(Lcom/android/dx/util/IntSet;)V @ 1
Event: 2626.113 Thread 0x00007f86b4056000 Uncommon trap: reason=class_check action=maybe_recompile pc=0x00007f8730878d50 method=com.android.dx.ssa.back.InterferenceGraph.mergeInterferenceSet(ILcom/android/dx/util/IntSet;)V @ 20
Event: 2626.456 Thread 0x00007f86b43c4000 Uncommon trap: reason=unstable_if action=reinterpret pc=0x00007f8730d7c960 method=com.android.dx.ssa.LocalVariableExtractor.processBlock(I)V @ 77
Event: 2626.519 Thread 0x00007f86b43c4000 Uncommon trap: reason=unstable_if action=reinterpret pc=0x00007f8730d9d114 method=com.android.dx.cf.code.Ropper.processBlock(Lcom/android/dx/cf/code/ByteBlock;Lcom/android/dx/cf/code/Frame;[I)V @ 413

Internal exceptions (10 events):
Event: 2571.815 Thread 0x00007f86e8005800 Implicit null exception at 0x00007f872ffa8406 to 0x00007f872ffa8ad1
Event: 2583.350 Thread 0x00007f86e8005800 Implicit null exception at 0x00007f872d43cedb to 0x00007f872d43d4b1
Event: 2583.351 Thread 0x00007f86e8005800 Exception <a 'java/lang/NoSuchMethodError': <clinit>> (0x00000000ebdcc698) thrown at [/HUDSON3/workspace/8-2-build-linux-amd64/jdk8u111/7883/hotspot/src/share/vm/prims/jni.cpp, line 1613]
Event: 2592.215 Thread 0x00007f86e8005800 Implicit null exception at 0x00007f873029cc8c to 0x00007f873029ce8d
Event: 2592.859 Thread 0x00007f86e8005800 Implicit null exception at 0x00007f872e5eb763 to 0x00007f872e5ebcfd
Event: 2592.859 Thread 0x00007f86e8005800 Implicit null exception at 0x00007f872dac1ab5 to 0x00007f872dac2845
Event: 2598.081 Thread 0x00007f86b4097000 Implicit null exception at 0x00007f87306f9c65 to 0x00007f87306fa841
Event: 2598.087 Thread 0x00007f86b4055800 Implicit null exception at 0x00007f872e0119e2 to 0x00007f872e011adb
Event: 2605.349 Thread 0x00007f86b4056000 Implicit null exception at 0x00007f87308d19b2 to 0x00007f87308d1b79
Event: 2614.729 Thread 0x00007f86b4055800 Implicit null exception at 0x00007f8730838c45 to 0x00007f873083a45d

Events (10 events):
Event: 2626.887 Thread 0x00007f873c0b9000 flushing nmethod 0x00007f8730a4c850
Event: 2626.887 Thread 0x00007f873c0b9000 flushing nmethod 0x00007f8730a5a650
Event: 2626.887 Thread 0x00007f873c0b9000 flushing nmethod 0x00007f8730a75110
Event: 2626.887 Thread 0x00007f873c0b9000 flushing nmethod 0x00007f8730aa0490
Event: 2626.888 Thread 0x00007f873c0b9000 flushing nmethod 0x00007f8730b417d0
Event: 2626.995 Executing VM operation: ParallelGCFailedAllocation
Event: 2627.274 Executing VM operation: ParallelGCFailedAllocation done
Event: 2627.335 Thread 0x00007f86b4055800 DEOPT PACKING pc=0x00007f8730d94f0a sp=0x00007f86c9850cc0
Event: 2627.335 Thread 0x00007f86b4055800 DEOPT UNPACKING pc=0x00007f872d047633 sp=0x00007f86c9850ab8 mode 0
Event: 2628.051 Executing VM operation: ParallelGCFailedAllocation


Dynamic libraries:
00400000-00401000 r-xp 00000000 08:02 182546                             /usr/lib/jvm/java-8-oracle/bin/java
00600000-00601000 rw-p 00000000 08:02 182546                             /usr/lib/jvm/java-8-oracle/bin/java
0202b000-02090000 rw-p 00000000 00:00 0                                  [heap]
a0000000-d3880000 rw-p 00000000 00:00 0 
e0000000-100000000 rw-p 00000000 00:00 0 
100000000-100b20000 rw-p 00000000 00:00 0 
100b20000-140000000 ---p 00000000 00:00 0 
7f86a6a7b000-7f86a6afb000 rw-p 00000000 00:00 0 
7f86a6afb000-7f86a6c7e000 ---p 00000000 00:00 0 
7f86a6c7e000-7f86a6d7c000 rw-p 00000000 00:00 0 
7f86a6e7d000-7f86a6e80000 ---p 00000000 00:00 0 
7f86a6e80000-7f86a6f7e000 rw-p 00000000 00:00 0 
7f86a6f7e000-7f86a6f81000 ---p 00000000 00:00 0 
7f86a6f81000-7f86a707f000 rw-p 00000000 00:00 0 
7f86a707f000-7f86a7082000 ---p 00000000 00:00 0 
7f86a7082000-7f86a7180000 rw-p 00000000 00:00 0 
7f86a7180000-7f86a7183000 ---p 00000000 00:00 0 
7f86a7183000-7f86a7281000 rw-p 00000000 00:00 0 
7f86a7281000-7f86a7284000 ---p 00000000 00:00 0 
7f86a7284000-7f86a7382000 rw-p 00000000 00:00 0 
7f86a7382000-7f86a7385000 ---p 00000000 00:00 0 
7f86a7385000-7f86a7483000 rw-p 00000000 00:00 0 
7f86a7483000-7f86a7486000 ---p 00000000 00:00 0 
7f86a7486000-7f86a74bc000 rw-p 00000000 00:00 0 
7f86a759e000-7f86a76be000 r--s 00bce000 08:02 4525009                    /home/ankit/Desktop/Evento/app/build/intermediates/transforms/jarMerging/debug/jars/1/1f/combined.jar
7f86a76be000-7f86a76c1000 ---p 00000000 00:00 0 
7f86a76c1000-7f86a76f7000 rw-p 00000000 00:00 0 
7f86a76f7000-7f86a76fa000 ---p 00000000 00:00 0 
7f86a76fa000-7f86a77f8000 rw-p 00000000 00:00 0 
7f86a77fa000-7f86a79fa000 rw-p 00000000 00:00 0 
7f86a79fa000-7f86a79fd000 ---p 00000000 00:00 0 
7f86a79fd000-7f86a7afb000 rw-p 00000000 00:00 0 
7f86a7afb000-7f86a7afe000 ---p 00000000 00:00 0 
7f86a7afe000-7f86a7bfc000 rw-p 00000000 00:00 0 
7f86a7cfd000-7f86a7d00000 ---p 00000000 00:00 0 
7f86a7d00000-7f86a7dfe000 rw-p 00000000 00:00 0 
7f86a7dfe000-7f86a7e01000 ---p 00000000 00:00 0 
7f86a7e01000-7f86a7eff000 rw-p 00000000 00:00 0 
7f86a7eff000-7f86a7f02000 ---p 00000000 00:00 0 
7f86a7f02000-7f86a8000000 rw-p 00000000 00:00 0 
7f86a8000000-7f86a8021000 rw-p 00000000 00:00 0 
7f86a8021000-7f86ac000000 ---p 00000000 00:00 0 
7f86ac000000-7f86ac021000 rw-p 00000000 00:00 0 
7f86ac021000-7f86b0000000 ---p 00000000 00:00 0 
7f86b0000000-7f86b0023000 rw-p 00000000 00:00 0 
7f86b0023000-7f86b4000000 ---p 00000000 00:00 0 
7f86b4000000-7f86b483a000 rw-p 00000000 00:00 0 
7f86b483a000-7f86b8000000 ---p 00000000 00:00 0 
7f86b8000000-7f86b8021000 rw-p 00000000 00:00 0 
7f86b8021000-7f86bc000000 ---p 00000000 00:00 0 
7f86bc000000-7f86bc021000 rw-p 00000000 00:00 0 
7f86bc021000-7f86c0000000 ---p 00000000 00:00 0 
7f86c0000000-7f86c0021000 rw-p 00000000 00:00 0 
7f86c0021000-7f86c4000000 ---p 00000000 00:00 0 
7f86c4000000-7f86c4021000 rw-p 00000000 00:00 0 
7f86c4021000-7f86c8000000 ---p 00000000 00:00 0 
7f86c8003000-7f86c8006000 ---p 00000000 00:00 0 
7f86c8006000-7f86c803c000 rw-p 00000000 00:00 0 
7f86c803c000-7f86c803f000 ---p 00000000 00:00 0 
7f86c803f000-7f86c8075000 rw-p 00000000 00:00 0 
7f86c8075000-7f86c8078000 ---p 00000000 00:00 0 
7f86c8078000-7f86c80ae000 rw-p 00000000 00:00 0 
7f86c80ae000-7f86c80b1000 ---p 00000000 00:00 0 
7f86c80b1000-7f86c81af000 rw-p 00000000 00:00 0 
7f86c81af000-7f86c81b2000 ---p 00000000 00:00 0 
7f86c81b2000-7f86c82b0000 rw-p 00000000 00:00 0 
7f86c82b0000-7f86c82b3000 ---p 00000000 00:00 0 
7f86c82b3000-7f86c83b1000 rw-p 00000000 00:00 0 
7f86c83b1000-7f86c83b4000 ---p 00000000 00:00 0 
7f86c83b4000-7f86c84b2000 rw-p 00000000 00:00 0 
7f86c84b2000-7f86c84b5000 ---p 00000000 00:00 0 
7f86c84b5000-7f86c85b3000 rw-p 00000000 00:00 0 
7f86c85b3000-7f86c85b6000 ---p 00000000 00:00 0 
7f86c85b6000-7f86c86b4000 rw-p 00000000 00:00 0 
7f86c87b5000-7f86c87b8000 ---p 00000000 00:00 0 
7f86c87b8000-7f86c88b6000 rw-p 00000000 00:00 0 
7f86c88b6000-7f86c88b9000 ---p 00000000 00:00 0 
7f86c88b9000-7f86c88ef000 rw-p 00000000 00:00 0 
7f86c88ef000-7f86c88f2000 ---p 00000000 00:00 0 
7f86c88f2000-7f86c89f0000 rw-p 00000000 00:00 0 
7f86c89f0000-7f86c89f3000 ---p 00000000 00:00 0 
7f86c89f3000-7f86c8af1000 rw-p 00000000 00:00 0 
7f86c8af1000-7f86c8af4000 ---p 00000000 00:00 0 
7f86c8af4000-7f86c8b2a000 rw-p 00000000 00:00 0 
7f86c8b2a000-7f86c8b2d000 ---p 00000000 00:00 0 
7f86c8b2d000-7f86c8b63000 rw-p 00000000 00:00 0 
7f86c8b63000-7f86c8b66000 ---p 00000000 00:00 0 
7f86c8b66000-7f86c8b9c000 rw-p 00000000 00:00 0 
7f86c8b9c000-7f86c8b9f000 ---p 00000000 00:00 0 
7f86c8b9f000-7f86c8c9d000 rw-p 00000000 00:00 0 
7f86c8c9f000-7f86c8ca2000 ---p 00000000 00:00 0 
7f86c8ca2000-7f86c8cd8000 rw-p 00000000 00:00 0 
7f86c8dd9000-7f86c8ddc000 ---p 00000000 00:00 0 
7f86c8ddc000-7f86c8eda000 rw-p 00000000 00:00 0 
7f86c8edc000-7f86c90dc000 rw-p 00000000 00:00 0 
7f86c90dc000-7f86c90df000 ---p 00000000 00:00 0 
7f86c90df000-7f86c91dd000 rw-p 00000000 00:00 0 
7f86c92de000-7f86c94de000 rw-p 00000000 00:00 0 
7f86c94de000-7f86c94e1000 ---p 00000000 00:00 0 
7f86c94e1000-7f86c9517000 rw-p 00000000 00:00 0 
7f86c9517000-7f86c951a000 ---p 00000000 00:00 0 
7f86c951a000-7f86c9618000 rw-p 00000000 00:00 0 
7f86c9618000-7f86c961b000 ---p 00000000 00:00 0 
7f86c961b000-7f86c9719000 rw-p 00000000 00:00 0 
7f86c9719000-7f86c971c000 ---p 00000000 00:00 0 
7f86c971c000-7f86c9752000 rw-p 00000000 00:00 0 
7f86c9752000-7f86c9755000 ---p 00000000 00:00 0 
7f86c9755000-7f86c9853000 rw-p 00000000 00:00 0 
7f86c9853000-7f86c9856000 ---p 00000000 00:00 0 
7f86c9856000-7f86c9954000 rw-p 00000000 00:00 0 
7f86c9954000-7f86c9957000 ---p 00000000 00:00 0 
7f86c9957000-7f86c998d000 rw-p 00000000 00:00 0 
7f86c998d000-7f86c9990000 ---p 00000000 00:00 0 
7f86c9990000-7f86c9a8e000 rw-p 00000000 00:00 0 
7f86c9a8e000-7f86c9a91000 ---p 00000000 00:00 0 
7f86c9a91000-7f86c9b8f000 rw-p 00000000 00:00 0 
7f86c9b8f000-7f86c9b92000 ---p 00000000 00:00 0 
7f86c9b92000-7f86c9bc8000 rw-p 00000000 00:00 0 
7f86c9cc9000-7f86c9ccc000 ---p 00000000 00:00 0 
7f86c9ccc000-7f86c9dca000 rw-p 00000000 00:00 0 
7f86c9dca000-7f86c9dcd000 ---p 00000000 00:00 0 
7f86c9dcd000-7f86c9e03000 rw-p 00000000 00:00 0 
7f86c9e05000-7f86c9e08000 ---p 00000000 00:00 0 
7f86c9e08000-7f86c9f06000 rw-p 00000000 00:00 0 
7f86c9f06000-7f86c9f09000 ---p 00000000 00:00 0 
7f86c9f09000-7f86ca007000 rw-p 00000000 00:00 0 
7f86ca108000-7f86ca308000 rw-p 00000000 00:00 0 
7f86ca409000-7f86ca40c000 ---p 00000000 00:00 0 
7f86ca40c000-7f86ca442000 rw-p 00000000 00:00 0 
7f86ca543000-7f86ca546000 ---p 00000000 00:00 0 
7f86ca546000-7f86ca644000 rw-p 00000000 00:00 0 
7f86ca749000-7f86ca949000 rw-p 00000000 00:00 0 
7f86ca949000-7f86cab49000 rw-p 00000000 00:00 0 
7f86cab49000-7f86cab4c000 ---p 00000000 00:00 0 
7f86cab4c000-7f86cac4a000 rw-p 00000000 00:00 0 
7f86cac4a000-7f86cac4d000 ---p 00000000 00:00 0 
7f86cac4d000-7f86cad4b000 rw-p 00000000 00:00 0 
7f86cad4b000-7f86cad4e000 ---p 00000000 00:00 0 
7f86cad4e000-7f86cad84000 rw-p 00000000 00:00 0 
7f86cad84000-7f86cad87000 ---p 00000000 00:00 0 
7f86cad87000-7f86cae85000 rw-p 00000000 00:00 0 
7f86cae85000-7f86cae88000 ---p 00000000 00:00 0 
7f86cae88000-7f86caebe000 rw-p 00000000 00:00 0 
7f86caec0000-7f86caec3000 ---p 00000000 00:00 0 
7f86caec3000-7f86cb0f9000 rw-p 00000000 00:00 0 
7f86cb1fa000-7f86cb1fd000 ---p 00000000 00:00 0 
7f86cb1fd000-7f86cb2fb000 rw-p 00000000 00:00 0 
7f86cb2fb000-7f86cb2fe000 ---p 00000000 00:00 0 
7f86cb2fe000-7f86cb3fc000 rw-p 00000000 00:00 0 
7f86cb3fc000-7f86cb3ff000 ---p 00000000 00:00 0 
7f86cb3ff000-7f86cb4fd000 rw-p 00000000 00:00 0 
7f86cb5fe000-7f86cb601000 ---p 00000000 00:00 0 
7f86cb601000-7f86cb6ff000 rw-p 00000000 00:00 0 
7f86cb6ff000-7f86cb702000 ---p 00000000 00:00 0 
7f86cb702000-7f86cba00000 rw-p 00000000 00:00 0 
7f86cba00000-7f86cbc00000 rw-p 00000000 00:00 0 
7f86cbc00000-7f86cbe00000 rw-p 00000000 00:00 0 
7f86cbe00000-7f86cc000000 rw-p 00000000 00:00 0 
7f86cc000000-7f86cc021000 rw-p 00000000 00:00 0 
7f86cc021000-7f86d0000000 ---p 00000000 00:00 0 
7f86d0000000-7f86d0021000 rw-p 00000000 00:00 0 
7f86d0021000-7f86d4000000 ---p 00000000 00:00 0 
7f86d4000000-7f86d5716000 rw-p 00000000 00:00 0 
7f86d5716000-7f86d8000000 ---p 00000000 00:00 0 
7f86d8000000-7f86d8021000 rw-p 00000000 00:00 0 
7f86d8021000-7f86dc000000 ---p 00000000 00:00 0 
7f86dc000000-7f86dc021000 rw-p 00000000 00:00 0 
7f86dc021000-7f86e0000000 ---p 00000000 00:00 0 
7f86e0000000-7f86e0021000 rw-p 00000000 00:00 0 
7f86e0021000-7f86e4000000 ---p 00000000 00:00 0 
7f86e4000000-7f86e4077000 rw-p 00000000 00:00 0 
7f86e4077000-7f86e8000000 ---p 00000000 00:00 0 
7f86e8000000-7f86e8021000 rw-p 00000000 00:00 0 
7f86e8021000-7f86ec000000 ---p 00000000 00:00 0 
7f86ec000000-7f86ec021000 rw-p 00000000 00:00 0 
7f86ec021000-7f86f0000000 ---p 00000000 00:00 0 
7f86f0000000-7f86f0021000 rw-p 00000000 00:00 0 
7f86f0021000-7f86f4000000 ---p 00000000 00:00 0 
7f86f4000000-7f86f51f2000 rw-p 00000000 00:00 0 
7f86f51f2000-7f86f8000000 ---p 00000000 00:00 0 
7f86f8000000-7f86f8021000 rw-p 00000000 00:00 0 
7f86f8021000-7f86fc000000 ---p 00000000 00:00 0 
7f86fc000000-7f86fea3c000 rw-p 00000000 00:00 0 
7f86fea3c000-7f8700000000 ---p 00000000 00:00 0 
7f8700000000-7f870265d000 rw-p 00000000 00:00 0 
7f870265d000-7f8704000000 ---p 00000000 00:00 0 
7f8704000000-7f8704021000 rw-p 00000000 00:00 0 
7f8704021000-7f8708000000 ---p 00000000 00:00 0 
7f8708000000-7f8708021000 rw-p 00000000 00:00 0 
7f8708021000-7f870c000000 ---p 00000000 00:00 0 
7f870c000000-7f870c366000 rw-p 00000000 00:00 0 
7f870c366000-7f8710000000 ---p 00000000 00:00 0 
7f8710000000-7f8710138000 rw-p 00000000 00:00 0 
7f8710138000-7f8714000000 ---p 00000000 00:00 0 
7f8714000000-7f8714141000 rw-p 00000000 00:00 0 
7f8714141000-7f8718000000 ---p 00000000 00:00 0 
7f8718000000-7f8718035000 rw-p 00000000 00:00 0 
7f8718035000-7f871c000000 ---p 00000000 00:00 0 
7f871c000000-7f871c158000 rw-p 00000000 00:00 0 
7f871c158000-7f8720000000 ---p 00000000 00:00 0 
7f8720015000-7f8720215000 rw-p 00000000 00:00 0 
7f8720215000-7f8720415000 rw-p 00000000 00:00 0 
7f8720415000-7f8720615000 rw-p 00000000 00:00 0 
7f8720615000-7f872062c000 r-xp 00000000 08:02 2623425                    /lib/x86_64-linux-gnu/libresolv-2.21.so
7f872062c000-7f872082c000 ---p 00017000 08:02 2623425                    /lib/x86_64-linux-gnu/libresolv-2.21.so
7f872082c000-7f872082d000 r--p 00017000 08:02 2623425                    /lib/x86_64-linux-gnu/libresolv-2.21.so
7f872082d000-7f872082e000 rw-p 00018000 08:02 2623425                    /lib/x86_64-linux-gnu/libresolv-2.21.so
7f872082e000-7f8720830000 rw-p 00000000 00:00 0 
7f8720830000-7f8720835000 r-xp 00000000 08:02 2623424                    /lib/x86_64-linux-gnu/libnss_dns-2.21.so
7f8720835000-7f8720a34000 ---p 00005000 08:02 2623424                    /lib/x86_64-linux-gnu/libnss_dns-2.21.so
7f8720a34000-7f8720a35000 r--p 00004000 08:02 2623424                    /lib/x86_64-linux-gnu/libnss_dns-2.21.so
7f8720a35000-7f8720a36000 rw-p 00005000 08:02 2623424                    /lib/x86_64-linux-gnu/libnss_dns-2.21.so
7f8720a36000-7f8720a38000 r-xp 00000000 08:02 2624376                    /lib/x86_64-linux-gnu/libnss_mdns4_minimal.so.2
7f8720a38000-7f8720c37000 ---p 00002000 08:02 2624376                    /lib/x86_64-linux-gnu/libnss_mdns4_minimal.so.2
7f8720c37000-7f8720c38000 r--p 00001000 08:02 2624376                    /lib/x86_64-linux-gnu/libnss_mdns4_minimal.so.2
7f8720c38000-7f8720c39000 rw-p 00002000 08:02 2624376                    /lib/x86_64-linux-gnu/libnss_mdns4_minimal.so.2
7f8720c51000-7f8720c52000 rw-p 00000000 00:00 0 
7f8720c52000-7f8720c58000 r--s 0003f000 08:02 200046                     /usr/lib/jvm/java-8-oracle/jre/lib/ext/sunjce_provider.jar
7f8720c58000-7f8720c8a000 r-xp 00000000 08:02 199982                     /usr/lib/jvm/java-8-oracle/jre/lib/amd64/libsunec.so
7f8720c8a000-7f8720e89000 ---p 00032000 08:02 199982                     /usr/lib/jvm/java-8-oracle/jre/lib/amd64/libsunec.so
7f8720e89000-7f8720e8f000 rw-p 00031000 08:02 199982                     /usr/lib/jvm/java-8-oracle/jre/lib/amd64/libsunec.so
7f8720e8f000-7f8720e9f000 rw-p 00000000 00:00 0 
7f8720e9f000-7f8720ea1000 r--s 00009000 08:02 200045                     /usr/lib/jvm/java-8-oracle/jre/lib/ext/sunec.jar
7f8720ea1000-7f8720ea5000 r--s 0003a000 08:02 200043                     /usr/lib/jvm/java-8-oracle/jre/lib/ext/sunpkcs11.jar
7f8720ea5000-7f8720ea8000 r--s 0001a000 08:02 182685                     /usr/lib/jvm/java-8-oracle/jre/lib/jce.jar
7f8720ea8000-7f87210a8000 rw-p 00000000 00:00 0 
7f87210a8000-7f87212a8000 rw-p 00000000 00:00 0 
7f87212a8000-7f87214a8000 rw-p 00000000 00:00 0 
7f87214a8000-7f87214bb000 r--s 00345000 08:02 182681                     /usr/lib/jvm/java-8-oracle/jre/lib/resources.jar
7f87214bb000-7f87216bb000 rw-p 00000000 00:00 0 
7f87216bb000-7f87218bb000 rw-p 00000000 00:00 0 
7f87218bb000-7f8721abb000 rw-p 00000000 00:00 0 
7f8721abb000-7f8721cbb000 rw-p 00000000 00:00 0 
7f8721cbb000-7f8721ebb000 rw-p 00000000 00:00 0 
7f8721ebb000-7f8721ee6000 r--s 001fc000 08:02 3802331                    /home/ankit/Downloads/android-studio/gradle/m2repository/com/google/guava/guava/18.0/guava-18.0.jar
7f8721ee6000-7f8721ee7000 r--s 00001000 08:02 3877617                    /home/ankit/Downloads/android-studio/gradle/m2repository/com/android/tools/annotations/25.2.0/annotations-25.2.0.jar
7f8721ee7000-7f8721ef9000 r--s 000b3000 08:02 3989804                    /home/ankit/Downloads/android-studio/gradle/m2repository/com/android/tools/external/com-intellij/uast/145.597.3/uast-145.597.3.jar
7f8721ef9000-7f8721f01000 r--s 000a8000 08:02 3753715                    /home/ankit/Downloads/android-studio/gradle/m2repository/com/android/tools/external/lombok/lombok-ast/0.2.3/lombok-ast-0.2.3.jar
7f8721f01000-7f8721f03000 r--s 0000d000 08:02 3760231                    /home/ankit/Downloads/android-studio/gradle/m2repository/commons-codec/commons-codec/1.4/commons-codec-1.4.jar
7f8721f03000-7f8721f05000 r--s 0000d000 08:02 3540543                    /home/ankit/Downloads/android-studio/gradle/m2repository/commons-logging/commons-logging/1.1.1/commons-logging-1.1.1.jar
7f8721f05000-7f8721f0a000 r--s 00028000 08:02 3753367                    /home/ankit/Downloads/android-studio/gradle/m2repository/org/apache/httpcomponents/httpcore/4.1/httpcore-4.1.jar
7f8721f0a000-7f8721f0e000 r--s 0002f000 08:02 3845228                    /home/ankit/Downloads/android-studio/gradle/m2repository/com/google/jimfs/jimfs/1.1/jimfs-1.1.jar
7f8721f0e000-7f8721f0f000 r--s 00004000 08:02 3753443                    /home/ankit/Downloads/android-studio/gradle/m2repository/com/intellij/annotations/12.0/annotations-12.0.jar
7f8721f0f000-7f8721f10000 r--s 00004000 08:02 3713300                    /home/ankit/Downloads/android-studio/gradle/m2repository/org/ow2/asm/asm-analysis/5.0.4/asm-analysis-5.0.4.jar
7f8721f10000-7f8721f14000 r--s 0003b000 08:02 4017281                    /home/ankit/Downloads/android-studio/gradle/m2repository/com/android/tools/lint/lint-api/25.2.0/lint-api-25.2.0.jar
7f8721f14000-7f8721f15000 r--s 0000a000 08:02 3760193                    /home/ankit/Downloads/android-studio/gradle/m2repository/net/sf/kxml/kxml2/2.3.0/kxml2-2.3.0.jar
7f8721f15000-7f8721f17000 r--s 00005000 08:02 3753358                    /home/ankit/Downloads/android-studio/gradle/m2repository/org/apache/httpcomponents/httpmime/4.1/httpmime-4.1.jar
7f8721f17000-7f8721f1f000 r--s 0004e000 08:02 3753378                    /home/ankit/Downloads/android-studio/gradle/m2repository/org/apache/httpcomponents/httpclient/4.1.1/httpclient-4.1.1.jar
7f8721f1f000-7f8721f26000 r--s 00053000 08:02 3753390                    /home/ankit/Downloads/android-studio/gradle/m2repository/org/apache/commons/commons-compress/1.8.1/commons-compress-1.8.1.jar
7f8721f26000-7f8721f2b000 r--s 0002a000 08:02 3753476                    /home/ankit/Downloads/android-studio/gradle/m2repository/com/google/code/gson/gson/2.2.4/gson-2.2.4.jar
7f8721f2b000-7f8721f30000 r--s 0002d000 08:02 4000509                    /home/ankit/Downloads/android-studio/gradle/m2repository/com/android/tools/repository/25.2.0/repository-25.2.0.jar
7f8721f30000-7f8721f33000 r--s 00014000 08:02 3835823                    /home/ankit/Downloads/android-studio/gradle/m2repository/com/android/tools/layoutlib/layoutlib-api/25.2.0/layoutlib-api-25.2.0.jar
7f8721f33000-7f8721f38000 r--s 00058000 08:02 3631976                    /home/ankit/Downloads/android-studio/gradle/m2repository/org/ow2/asm/asm-debug-all/5.0.1/asm-debug-all-5.0.1.jar
7f8721f38000-7f8721f48000 r--s 000d6000 08:02 3760205                    /home/ankit/Downloads/android-studio/gradle/m2repository/net/sf/proguard/proguard-base/5.2.1/proguard-base-5.2.1.jar
7f8721f48000-7f8721f5f000 r--s 00154000 08:02 3787896                    /home/ankit/Downloads/android-studio/gradle/m2repository/org/antlr/antlr4/4.5.3/antlr4-4.5.3.jar
7f8721f5f000-7f8721f72000 r--s 00236000 08:02 3779712                    /home/ankit/Downloads/android-studio/gradle/m2repository/org/eclipse/jdt/core/compiler/ecj/4.5.1/ecj-4.5.1.jar
7f8721f72000-7f8722172000 rw-p 00000000 00:00 0 
7f8722172000-7f8722372000 rw-p 00000000 00:00 0 
7f8722372000-7f8722572000 rw-p 00000000 00:00 0 
7f8722572000-7f8722772000 rw-p 00000000 00:00 0 
7f8722772000-7f8722972000 rw-p 00000000 00:00 0 
7f8722972000-7f8722980000 r--s 0004f000 08:02 3876493                    /home/ankit/.gradle/caches/jars-1/lx7cd34m09bn56fdke7xikr221f6475/gradle-tooling-api-2.14.1.jar
7f8722980000-7f8722981000 r--s 00005000 08:02 3941528                    /home/ankit/Downloads/android-studio/gradle/m2repository/com/android/tools/dvlib/25.2.0/dvlib-25.2.0.jar
7f8722981000-7f8722984000 r--s 00033000 08:02 3753450                    /home/ankit/Downloads/android-studio/gradle/m2repository/com/googlecode/juniversalchardet/juniversalchardet/1.0.3/juniversalchardet-1.0.3.jar
7f8722984000-7f8722988000 r--s 0002a000 08:02 3506651                    /home/ankit/Downloads/android-studio/gradle/m2repository/commons-io/commons-io/2.4/commons-io-2.4.jar
7f8722988000-7f8722989000 r--s 00002000 08:02 3845251                    /home/ankit/Downloads/android-studio/gradle/m2repository/com/android/databinding/baseLibrary/2.2.0/baseLibrary-2.2.0.jar
7f8722989000-7f8722990000 r--s 000c3000 08:02 3927174                    /home/ankit/Downloads/android-studio/gradle/m2repository/com/android/tools/lint/lint-checks/25.2.0/lint-checks-25.2.0.jar
7f8722990000-7f8722992000 r--s 00006000 08:02 3754422                    /home/ankit/Downloads/android-studio/gradle/m2repository/org/ow2/asm/asm-tree/5.0.4/asm-tree-5.0.4.jar
7f8722992000-7f87229c5000 r--s 00203000 08:02 3753331                    /home/ankit/Downloads/android-studio/gradle/m2repository/org/bouncycastle/bcprov-jdk15on/1.48/bcprov-jdk15on-1.48.jar
7f87229c5000-7f87229d3000 r--s 00081000 08:02 3753336                    /home/ankit/Downloads/android-studio/gradle/m2repository/org/bouncycastle/bcpkix-jdk15on/1.48/bcpkix-jdk15on-1.48.jar
7f87229d3000-7f87229d5000 r--s 00002000 08:02 3753458                    /home/ankit/Downloads/android-studio/gradle/m2repository/com/squareup/javawriter/2.5.0/javawriter-2.5.0.jar
7f87229d5000-7f87229d6000 r--s 00002000 08:02 4009078                    /home/ankit/Downloads/android-studio/gradle/m2repository/com/android/tools/analytics-library/tracker/25.2.0/tracker-25.2.0.jar
7f87229d6000-7f87229d8000 r--s 00003000 08:02 4009086                    /home/ankit/Downloads/android-studio/gradle/m2repository/com/android/tools/analytics-library/shared/25.2.0/shared-25.2.0.jar
7f87229d8000-7f87229e5000 r--s 000ed000 08:02 4009082                    /home/ankit/Downloads/android-studio/gradle/m2repository/com/android/tools/analytics-library/protos/25.2.0/protos-25.2.0.jar
7f87229e5000-7f87229e6000 r--s 00001000 08:02 3753578                    /home/ankit/Downloads/android-studio/gradle/m2repository/com/android/tools/jill/jill-api/0.10.0/jill-api-0.10.0.jar
7f87229e6000-7f87229e8000 r--s 00003000 08:02 4024806                    /home/ankit/Downloads/android-studio/gradle/m2repository/com/android/tools/jack/jack-api/0.11.0/jack-api-0.11.0.jar
7f87229e8000-7f87229ed000 r--s 0004a000 08:02 3918754                    /home/ankit/Downloads/android-studio/gradle/m2repository/com/android/tools/ddms/ddmlib/25.2.0/ddmlib-25.2.0.jar
7f87229ed000-7f87229f0000 r--s 00021000 08:02 3910779                    /home/ankit/Downloads/android-studio/gradle/m2repository/com/android/tools/build/manifest-merger/25.2.0/manifest-merger-25.2.0.jar
7f87229f0000-7f87229f2000 r--s 0001c000 08:02 4031682                    /home/ankit/Downloads/android-studio/gradle/m2repository/com/android/tools/common/25.2.0/common-25.2.0.jar
7f87229f2000-7f87229fb000 r--s 00083000 08:02 3885105                    /home/ankit/Downloads/android-studio/gradle/m2repository/com/android/tools/sdk-common/25.2.0/sdk-common-25.2.0.jar
7f87229fb000-7f8722a06000 r--s 0008e000 08:02 4024802                    /home/ankit/Downloads/android-studio/gradle/m2repository/com/android/tools/sdklib/25.2.0/sdklib-25.2.0.jar
7f8722a06000-7f8722a07000 r--s 00002000 08:02 3894391                    /home/ankit/Downloads/android-studio/gradle/m2repository/com/android/tools/build/builder-test-api/2.2.0/builder-test-api-2.2.0.jar
7f8722a07000-7f8722a0a000 r--s 00005000 08:02 3754438                    /home/ankit/Downloads/android-studio/gradle/m2repository/com/android/tools/build/builder-model/2.2.0/builder-model-2.2.0.jar
7f8722a0a000-7f8722a12000 r--s 0007b000 08:02 3819714                    /home/ankit/Downloads/android-studio/gradle/m2repository/com/google/protobuf/protobuf-java/2.5.0/protobuf-java-2.5.0.jar
7f8722a12000-7f8722a14000 r--s 0000f000 08:02 4041488                    /home/ankit/Downloads/android-studio/gradle/m2repository/net/sf/jopt-simple/jopt-simple/4.9/jopt-simple-4.9.jar
7f8722a14000-7f8722a18000 r--s 0001f000 08:02 3795671                    /home/ankit/Downloads/android-studio/gradle/m2repository/org/jacoco/org.jacoco.report/0.7.5.201505241946/org.jacoco.report-0.7.5.201505241946.jar
7f8722a18000-7f8722a1c000 r--s 0001d000 08:02 3787900                    /home/ankit/Downloads/android-studio/gradle/m2repository/org/jacoco/org.jacoco.core/0.7.5.201505241946/org.jacoco.core-0.7.5.201505241946.jar
7f8722a1c000-7f8722a1d000 r--s 00002000 08:02 3760221                    /home/ankit/Downloads/android-studio/gradle/m2repository/net/sf/proguard/proguard-gradle/5.2.1/proguard-gradle-5.2.1.jar
7f8722a1d000-7f8722a1f000 r--s 00009000 08:02 3779703                    /home/ankit/Downloads/android-studio/gradle/m2repository/org/ow2/asm/asm-commons/5.0.4/asm-commons-5.0.4.jar
7f8722a1f000-7f8722a21000 r--s 0000c000 08:02 3779709                    /home/ankit/Downloads/android-studio/gradle/m2repository/org/ow2/asm/asm/5.0.4/asm-5.0.4.jar
7f8722a21000-7f8722a25000 r--s 0002b000 08:02 3853442                    /home/ankit/Downloads/android-studio/gradle/m2repository/com/android/databinding/compilerCommon/2.2.0/compilerCommon-2.2.0.jar
7f8722a25000-7f8722a26000 r--s 00002000 08:02 3894401                    /home/ankit/Downloads/android-studio/gradle/m2repository/com/android/tools/build/gradle-api/2.2.0/gradle-api-2.2.0.jar
7f8722a26000-7f8722a27000 r--s 00000000 08:02 3753573                    /home/ankit/Downloads/android-studio/gradle/m2repository/com/android/tools/build/transform-api/2.0.0-deprecated-use-gradle-api/transform-api-2.0.0-deprecated-use-gradle-api.jar
7f8722a27000-7f8722a2c000 r--s 00053000 08:02 4017271                    /home/ankit/Downloads/android-studio/gradle/m2repository/com/android/tools/lint/lint/25.2.0/lint-25.2.0.jar
7f8722a2c000-7f8722a43000 r--s 0015d000 08:02 3885097                    /home/ankit/Downloads/android-studio/gradle/m2repository/com/android/tools/build/builder/2.2.0/builder-2.2.0.jar
7f8722a43000-7f8722a60000 r--s 0019c000 08:02 3910782                    /home/ankit/Downloads/android-studio/gradle/m2repository/com/android/tools/build/gradle-core/2.2.0/gradle-core-2.2.0.jar
7f8722a60000-7f8722a62000 r--s 0000d000 08:02 3802336                    /home/ankit/Downloads/android-studio/gradle/m2repository/com/android/tools/build/gradle/2.2.0/gradle-2.2.0.jar
7f8722a62000-7f8722ad2000 r--s 00643000 08:02 3370032                    /home/ankit/Downloads/android-studio/lib/groovy-all-2.4.6.jar
7f8722ad2000-7f8722ad4000 r--s 0000a000 08:02 3393445                    /home/ankit/Downloads/android-studio/plugins/gradle/lib/gradle-tooling-extension-api.jar
7f8722ad4000-7f8722ad9000 r--s 00034000 08:02 3369579                    /home/ankit/Downloads/android-studio/lib/gson-2.5.jar
7f8722ad9000-7f8722ada000 r--s 00002000 08:02 3370031                    /home/ankit/Downloads/android-studio/lib/external-system-rt.jar
7f8722ada000-7f8722b02000 r--s 001cf000 08:02 3393443                    /home/ankit/Downloads/android-studio/plugins/gradle/lib/guava-jdk5-17.0.jar
7f8722b02000-7f8722b05000 ---p 00000000 00:00 0 
7f8722b05000-7f8722b3b000 rw-p 00000000 00:00 0 
7f8722b3b000-7f8722b3c000 r--p 00000000 00:00 0 
7f8722b3c000-7f8722b41000 r--s 00076000 08:02 3393461                    /home/ankit/Downloads/android-studio/plugins/gradle/lib/gradle-tooling-extension-impl.jar
7f8722b41000-7f8722b42000 r--s 00000000 08:02 3392557                    /home/ankit/.gradle/caches/jars-1/dg22azhabc6tsc1i8xni15giz1bnssh/gradle-appengine-builder-model-0.1.0.jar
7f8722b42000-7f8722b45000 r--s 00005000 08:02 3910761                    /home/ankit/.gradle/caches/jars-1/aembewtwr3e7s6a0xkzh7au0nqprc8i/builder-model-2.2.0-alpha6.jar
7f8722b45000-7f8722b46000 r--s 00002000 08:02 3910719                    /home/ankit/.gradle/caches/jars-1/dnl3jyw86byhqcrostx18degqyff55s/external-system-rt.jar
7f8722b46000-7f8722b48000 r--s 0000a000 08:02 3883179                    /home/ankit/.gradle/caches/jars-1/27daoszajuihv5l7n6d4f15d049av8f/gradle-tooling-extension-api.jar
7f8722b48000-7f8722b55000 r--s 0017f000 08:02 3877493                    /home/ankit/.gradle/caches/jars-1/3eehyj3hw4meamla0lb5x8wy2kuih4p/velocity.jar
7f8722b55000-7f8722b8c000 r--s 001bd000 08:02 3877489                    /home/ankit/.gradle/caches/jars-1/2xkn8y4g49ep3x2f5cg5s5a2xqtca3v/gradle-core-2.14.1.jar
7f8722b8c000-7f8722bb4000 r--s 001cf000 08:02 3391689                    /home/ankit/.gradle/caches/jars-1/87eo0lrvp84r6dbxjq018wy66es2era/guava-jdk5-17.0.jar
7f8722bb4000-7f8722bbc000 r--s 0003a000 08:02 3877350                    /home/ankit/.gradle/caches/jars-1/fdivu3ta8l5xdemt5omuo26ei8xpixu/gradle-base-services-2.14.1.jar
7f8722bbc000-7f8722bbf000 ---p 00000000 00:00 0 
7f8722bbf000-7f8722ebd000 rw-p 00000000 00:00 0 
7f8722ebd000-7f87230bd000 rw-p 00000000 00:00 0 
7f87230bd000-7f8723135000 r--s 010e6000 08:02 158507                     /usr/lib/jvm/java-8-oracle/lib/tools.jar
7f8723135000-7f8723335000 rw-p 00000000 00:00 0 
7f8723335000-7f8723338000 ---p 00000000 00:00 0 
7f8723338000-7f8723436000 rw-p 00000000 00:00 0 
7f8723436000-7f8723439000 ---p 00000000 00:00 0 
7f8723439000-7f8723537000 rw-p 00000000 00:00 0 
7f8723537000-7f872353a000 ---p 00000000 00:00 0 
7f872353a000-7f8723638000 rw-p 00000000 00:00 0 
7f8723638000-7f872363b000 ---p 00000000 00:00 0 
7f872363b000-7f8723739000 rw-p 00000000 00:00 0 
7f8723739000-7f872373c000 ---p 00000000 00:00 0 
7f872373c000-7f872383a000 rw-p 00000000 00:00 0 
7f872383a000-7f872383d000 ---p 00000000 00:00 0 
7f872383d000-7f872393b000 rw-p 00000000 00:00 0 
7f872393b000-7f8723942000 r--s 00000000 08:02 109538                     /usr/lib/x86_64-linux-gnu/gconv/gconv-modules.cache
7f8723942000-7f8723b42000 rw-p 00000000 00:00 0 
7f8723b42000-7f8723b45000 ---p 00000000 00:00 0 
7f8723b45000-7f8723c43000 rw-p 00000000 00:00 0 
7f8723c43000-7f8723c46000 ---p 00000000 00:00 0 
7f8723c46000-7f8723d44000 rw-p 00000000 00:00 0 
7f8723d44000-7f8723d4d000 r-xp 00000000 08:02 200010                     /usr/lib/jvm/java-8-oracle/jre/lib/amd64/libmanagement.so
7f8723d4d000-7f8723f4c000 ---p 00009000 08:02 200010                     /usr/lib/jvm/java-8-oracle/jre/lib/amd64/libmanagement.so
7f8723f4c000-7f8723f4d000 rw-p 00008000 08:02 200010                     /usr/lib/jvm/java-8-oracle/jre/lib/amd64/libmanagement.so
7f8723f4d000-7f8723f51000 r--s 00097000 08:02 182569                     /usr/lib/jvm/java-8-oracle/jre/lib/jsse.jar
7f8723f51000-7f8723f53000 r--s 00007000 08:02 3402085                    /home/ankit/Downloads/android-studio/gradle/gradle-2.14.1/lib/plugins/gradle-tooling-api-builders-2.14.1.jar
7f8723f53000-7f8723f56000 r--s 00008000 08:02 3402081                    /home/ankit/Downloads/android-studio/gradle/gradle-2.14.1/lib/plugins/gradle-testing-native-2.14.1.jar
7f8723f56000-7f8723f58000 r--s 00009000 08:02 3402371                    /home/ankit/Downloads/android-studio/gradle/gradle-2.14.1/lib/plugins/hamcrest-core-1.3.jar
7f8723f58000-7f8723f5e000 r--s 00033000 08:02 3402325                    /home/ankit/Downloads/android-studio/gradle/gradle-2.14.1/lib/plugins/snakeyaml-1.6.jar
7f8723f5e000-7f8723f60000 r--s 00006000 08:02 3402336                    /home/ankit/Downloads/android-studio/gradle/gradle-2.14.1/lib/plugins/jcommander-1.12.jar
7f8723f60000-7f8723f65000 r--s 00040000 08:02 3402324                    /home/ankit/Downloads/android-studio/gradle/gradle-2.14.1/lib/plugins/bsh-2.0b4.jar
7f8723f65000-7f8723f6e000 r--s 00089000 08:02 3402339                    /home/ankit/Downloads/android-studio/gradle/gradle-2.14.1/lib/plugins/testng-6.3.1.jar
7f8723f6e000-7f8723f76000 r--s 00045000 08:02 3402343                    /home/ankit/Downloads/android-studio/gradle/gradle-2.14.1/lib/plugins/junit-4.12.jar
7f8723f76000-7f8723f7c000 r--s 0002e000 08:02 3402091                    /home/ankit/Downloads/android-studio/gradle/gradle-2.14.1/lib/plugins/gradle-testing-jvm-2.14.1.jar
7f8723f7c000-7f8723f81000 r--s 00015000 08:02 3402095                    /home/ankit/Downloads/android-studio/gradle/gradle-2.14.1/lib/plugins/gradle-testing-base-2.14.1.jar
7f8723f81000-7f8723f82000 r--s 00002000 08:02 3402342                    /home/ankit/Downloads/android-studio/gradle/gradle-2.14.1/lib/plugins/sonar-batch-bootstrapper-2.9.jar
7f8723f82000-7f8723f85000 r--s 00015000 08:02 3402090                    /home/ankit/Downloads/android-studio/gradle/gradle-2.14.1/lib/plugins/gradle-sonar-2.14.1.jar
7f8723f85000-7f8723f8c000 r--s 00038000 08:02 3402356                    /home/ankit/Downloads/android-studio/gradle/gradle-2.14.1/lib/plugins/bcpg-jdk15on-1.51.jar
7f8723f8c000-7f8723f8e000 r--s 0000d000 08:02 3402293                    /home/ankit/Downloads/android-studio/gradle/gradle-2.14.1/lib/plugins/gradle-signing-2.14.1.jar
7f8723f8e000-7f8723f91000 r--s 00009000 08:02 3402099                    /home/ankit/Downloads/android-studio/gradle/gradle-2.14.1/lib/plugins/gradle-scala-2.14.1.jar
7f8723f91000-7f8723f92000 r--s 00004000 08:02 3402295                    /home/ankit/Downloads/android-studio/gradle/gradle-2.14.1/lib/plugins/gradle-resources-sftp-2.14.1.jar
7f8723f92000-7f8723fa2000 r--s 00088000 08:02 3402329                    /home/ankit/Downloads/android-studio/gradle/gradle-2.14.1/lib/plugins/joda-time-2.8.2.jar
7f8723fa2000-7f8723fb3000 r--s 000cf000 08:02 3402375                    /home/ankit/Downloads/android-studio/gradle/gradle-2.14.1/lib/plugins/jackson-databind-2.3.2.jar
7f8723fb3000-7f8723fb5000 r--s 00007000 08:02 3402352                    /home/ankit/Downloads/android-studio/gradle/gradle-2.14.1/lib/plugins/jackson-annotations-2.3.2.jar
7f8723fb5000-7f8723fb8000 r--s 0002e000 08:02 3402358                    /home/ankit/Downloads/android-studio/gradle/gradle-2.14.1/lib/plugins/jackson-core-2.3.2.jar
7f8723fb8000-7f8723fc3000 r--s 0006b000 08:02 3402381                    /home/ankit/Downloads/android-studio/gradle/gradle-2.14.1/lib/plugins/aws-java-sdk-core-1.9.19.jar
7f8723fc3000-7f8723fc9000 r--s 00036000 08:02 3402351                    /home/ankit/Downloads/android-studio/gradle/gradle-2.14.1/lib/plugins/aws-java-sdk-kms-1.9.19.jar
7f8723fc9000-7f8723fd4000 r--s 00079000 08:02 3402341                    /home/ankit/Downloads/android-studio/gradle/gradle-2.14.1/lib/plugins/aws-java-sdk-s3-1.9.19.jar
7f8723fd4000-7f8723fd6000 r--s 00005000 08:02 3402370                    /home/ankit/Downloads/android-studio/gradle/gradle-2.14.1/lib/plugins/jatl-0.2.2.jar
7f8723fd6000-7f8723fd8000 r--s 0000f000 08:02 3402311                    /home/ankit/Downloads/android-studio/gradle/gradle-2.14.1/lib/plugins/gradle-reporting-2.14.1.jar
7f8723fd8000-7f8723fda000 r--s 00002000 08:02 3402252                    /home/ankit/Downloads/android-studio/gradle/gradle-2.14.1/lib/plugins/gradle-publish-2.14.1.jar
7f8723fda000-7f8723fdc000 r--s 00009000 08:02 3402334                    /home/ankit/Downloads/android-studio/gradle/gradle-2.14.1/lib/plugins/commons-cli-1.2.jar
7f8723fdc000-7f8723fe2000 r--s 00033000 08:02 3402098                    /home/ankit/Downloads/android-studio/gradle/gradle-2.14.1/lib/plugins/gradle-plugins-2.14.1.jar
7f8723fe2000-7f8723fe8000 r--s 0002a000 08:02 3402292                    /home/ankit/Downloads/android-studio/gradle/gradle-2.14.1/lib/plugins/gradle-platform-play-2.14.1.jar
7f8723fe8000-7f8723ff5000 r--s 0004d000 08:02 3402291                    /home/ankit/Downloads/android-studio/gradle/gradle-2.14.1/lib/plugins/gradle-platform-native-2.14.1.jar
7f8723ff5000-7f8723ff9000 r--s 0001a000 08:02 3402304                    /home/ankit/Downloads/android-studio/gradle/gradle-2.14.1/lib/plugins/gradle-platform-jvm-2.14.1.jar
7f8723ff9000-7f8724000000 r--s 00029000 08:02 3402097                    /home/ankit/Downloads/android-studio/gradle/gradle-2.14.1/lib/plugins/gradle-platform-base-2.14.1.jar
7f8724000000-7f8724023000 rw-p 00000000 00:00 0 
7f8724023000-7f8728000000 ---p 00000000 00:00 0 
7f8728000000-7f8728001000 r--s 00003000 08:02 3402305                    /home/ankit/Downloads/android-studio/gradle/gradle-2.14.1/lib/plugins/gradle-resources-s3-2.14.1.jar
7f8728001000-7f8728003000 r--s 00007000 08:02 3402083                    /home/ankit/Downloads/android-studio/gradle/gradle-2.14.1/lib/plugins/gradle-plugin-development-2.14.1.jar
7f8728003000-7f8728024000 r--s 001c3000 08:02 3402322                    /home/ankit/Downloads/android-studio/gradle/gradle-2.14.1/lib/plugins/bndlib-2.4.0.jar
7f8728024000-7f8728026000 r--s 00003000 08:02 3402306                    /home/ankit/Downloads/android-studio/gradle/gradle-2.14.1/lib/plugins/gradle-osgi-2.14.1.jar
7f8728026000-7f8728029000 r--s 0000c000 08:02 3402378                    /home/ankit/Downloads/android-studio/gradle/gradle-2.14.1/lib/plugins/pmaven-groovy-0.8-20100325.jar
7f8728029000-7f872802a000 r--s 00004000 08:02 3402369                    /home/ankit/Downloads/android-studio/gradle/gradle-2.14.1/lib/plugins/pmaven-common-0.8-20100325.jar
7f872802a000-7f8728030000 r--s 00022000 08:02 3402096                    /home/ankit/Downloads/android-studio/gradle/gradle-2.14.1/lib/plugins/gradle-maven-2.14.1.jar
7f8728030000-7f8728032000 r--s 0000a000 08:02 3402088                    /home/ankit/Downloads/android-studio/gradle/gradle-2.14.1/lib/plugins/gradle-language-scala-2.14.1.jar
7f8728032000-7f8728038000 r--s 0001a000 08:02 3402092                    /home/ankit/Downloads/android-studio/gradle/gradle-2.14.1/lib/plugins/gradle-language-native-2.14.1.jar
7f8728038000-7f872803a000 r--s 00008000 08:02 3402084                    /home/ankit/Downloads/android-studio/gradle/gradle-2.14.1/lib/plugins/gradle-language-jvm-2.14.1.jar
7f872803a000-7f8728040000 r--s 00024000 08:02 3402300                    /home/ankit/Downloads/android-studio/gradle/gradle-2.14.1/lib/plugins/gradle-language-java-2.14.1.jar
7f8728040000-7f8728042000 r--s 0000a000 08:02 3402290                    /home/ankit/Downloads/android-studio/gradle/gradle-2.14.1/lib/plugins/gradle-language-groovy-2.14.1.jar
7f8728042000-7f8728045000 r--s 0001e000 08:02 3402319                    /home/ankit/Downloads/android-studio/gradle/gradle-2.14.1/lib/plugins/jsp-api-2.1-6.1.14.jar
7f8728045000-7f8728068000 r--s 00344000 08:02 3402353                    /home/ankit/Downloads/android-studio/gradle/gradle-2.14.1/lib/plugins/core-3.1.1.jar
7f8728068000-7f8728069000 r--s 00006000 08:02 3402376                    /home/ankit/Downloads/android-studio/gradle/gradle-2.14.1/lib/plugins/jetty-naming-6.1.25.jar
7f8728069000-7f872806a000 r--s 00002000 08:02 3402349                    /home/ankit/Downloads/android-studio/gradle/gradle-2.14.1/lib/plugins/geronimo-annotation_1.0_spec-1.0.jar
7f872806a000-7f872806c000 r--s 00002000 08:02 3402373                    /home/ankit/Downloads/android-studio/gradle/gradle-2.14.1/lib/plugins/jetty-annotations-6.1.25.jar
7f872806c000-7f872807d000 r--s 000ea000 08:02 3402379                    /home/ankit/Downloads/android-studio/gradle/gradle-2.14.1/lib/plugins/jsp-2.1-6.1.14.jar
7f872807d000-7f872807f000 r--s 0000d000 08:02 3402354                    /home/ankit/Downloads/android-studio/gradle/gradle-2.14.1/lib/plugins/jetty-plus-6.1.25.jar
7f872807f000-7f8728081000 r--s 0001f000 08:02 3402385                    /home/ankit/Downloads/android-studio/gradle/gradle-2.14.1/lib/plugins/servlet-api-2.5-20081211.jar
7f8728081000-7f8728085000 r--s 00028000 08:02 3402337                    /home/ankit/Downloads/android-studio/gradle/gradle-2.14.1/lib/plugins/jetty-util-6.1.25.jar
7f8728085000-7f872808c000 r--s 0007d000 08:02 3402344                    /home/ankit/Downloads/android-studio/gradle/gradle-2.14.1/lib/plugins/jetty-6.1.25.jar
7f872808c000-7f872808e000 r--s 00009000 08:02 3402309                    /home/ankit/Downloads/android-studio/gradle/gradle-2.14.1/lib/plugins/gradle-jetty-2.14.1.jar
7f872808e000-7f8728095000 r--s 00035000 08:02 3402382                    /home/ankit/Downloads/android-studio/gradle/gradle-2.14.1/lib/plugins/simple-4.1.21.jar
7f8728095000-7f87280a1000 r--s 00100000 08:02 3402330                    /home/ankit/Downloads/android-studio/gradle/gradle-2.14.1/lib/plugins/rhino-1.7R3.jar
7f87280a1000-7f87280a5000 r--s 00011000 08:02 3402297                    /home/ankit/Downloads/android-studio/gradle/gradle-2.14.1/lib/plugins/gradle-javascript-2.14.1.jar
7f87280a5000-7f87280a7000 r--s 0000c000 08:02 3402317                    /home/ankit/Downloads/android-studio/gradle/gradle-2.14.1/lib/plugins/gradle-jacoco-2.14.1.jar
7f87280a7000-7f87280aa000 r--s 0000e000 08:02 3402316                    /home/ankit/Downloads/android-studio/gradle/gradle-2.14.1/lib/plugins/gradle-ivy-2.14.1.jar
7f87280aa000-7f87280ab000 r--s 00002000 08:02 3402313                    /home/ankit/Downloads/android-studio/gradle/gradle-2.14.1/lib/plugins/gradle-ide-play-2.14.1.jar
7f87280ab000-7f87280b0000 r--s 0002b000 08:02 3402310                    /home/ankit/Downloads/android-studio/gradle/gradle-2.14.1/lib/plugins/gradle-ide-native-2.14.1.jar
7f87280b0000-7f87280bb000 r--s 00066000 08:02 3402089                    /home/ankit/Downloads/android-studio/gradle/gradle-2.14.1/lib/plugins/gradle-ide-2.14.1.jar
7f87280bb000-7f87280bc000 r--s 00008000 08:02 3402087                    /home/ankit/Downloads/android-studio/gradle/gradle-2.14.1/lib/plugins/gradle-ear-2.14.1.jar
7f87280bc000-7f87280c2000 r--s 00032000 08:02 3402094                    /home/ankit/Downloads/android-studio/gradle/gradle-2.14.1/lib/plugins/gradle-diagnostics-2.14.1.jar
7f87280c2000-7f87280c6000 r--s 00021000 08:02 3402312                    /home/ankit/Downloads/android-studio/gradle/gradle-2.14.1/lib/plugins/gradle-code-quality-2.14.1.jar
7f87280c6000-7f87280ca000 r--s 0001f000 08:02 3402093                    /home/ankit/Downloads/android-studio/gradle/gradle-2.14.1/lib/plugins/gradle-build-init-2.14.1.jar
7f87280ca000-7f87280d1000 r--s 0008e000 08:02 3402314                    /home/ankit/Downloads/android-studio/gradle/gradle-2.14.1/lib/plugins/gradle-build-comparison-2.14.1.jar
7f87280d1000-7f87280d3000 r--s 00008000 08:02 3402302                    /home/ankit/Downloads/android-studio/gradle/gradle-2.14.1/lib/plugins/gradle-antlr-2.14.1.jar
7f87280d3000-7f87280d5000 r--s 00004000 08:02 3402315                    /home/ankit/Downloads/android-studio/gradle/gradle-2.14.1/lib/plugins/gradle-announce-2.14.1.jar
7f87280d5000-7f87280ed000 r--s 00115000 08:02 3402347                    /home/ankit/Downloads/android-studio/gradle/gradle-2.14.1/lib/plugins/xercesImpl-2.9.1.jar
7f87280ed000-7f87280f5000 r--s 00028000 08:02 3402366                    /home/ankit/Downloads/android-studio/gradle/gradle-2.14.1/lib/plugins/xml-apis-1.3.04.jar
7f87280f5000-7f87280fb000 r--s 0005b000 08:02 3402359                    /home/ankit/Downloads/android-studio/gradle/gradle-2.14.1/lib/plugins/jcifs-1.3.17.jar
7f87280fb000-7f8728102000 r--s 00049000 08:02 3402296                    /home/ankit/Downloads/android-studio/gradle/gradle-2.14.1/lib/plugins/httpcore-4.4.4.jar
7f8728102000-7f8728108000 r--s 00033000 08:02 3402328                    /home/ankit/Downloads/android-studio/gradle/gradle-2.14.1/lib/plugins/commons-codec-1.6.jar
7f8728108000-7f872810b000 r--s 0001c000 08:02 3402326                    /home/ankit/Downloads/android-studio/gradle/gradle-2.14.1/lib/plugins/nekohtml-1.9.14.jar
7f872810b000-7f8728118000 r--s 000a4000 08:02 3402307                    /home/ankit/Downloads/android-studio/gradle/gradle-2.14.1/lib/plugins/httpclient-4.4.1.jar
7f8728118000-7f872811a000 r--s 0000a000 08:02 3402082                    /home/ankit/Downloads/android-studio/gradle/gradle-2.14.1/lib/plugins/gradle-resources-http-2.14.1.jar
7f872811a000-7f872811e000 r--s 00014000 08:02 3402294                    /home/ankit/Downloads/android-studio/gradle/gradle-2.14.1/lib/plugins/gradle-plugin-use-2.14.1.jar
7f872811e000-7f872811f000 r--s 00000000 08:02 3394352                    /home/ankit/Downloads/android-studio/gradle/gradle-2.14.1/lib/gradle-installation-beacon-2.14.1.jar
7f872811f000-7f8728120000 r--s 00007000 08:02 3402335                    /home/ankit/Downloads/android-studio/gradle/gradle-2.14.1/lib/plugins/wagon-http-shared4-2.4.jar
7f8728120000-7f8728124000 r--s 00033000 08:02 3402372                    /home/ankit/Downloads/android-studio/gradle/gradle-2.14.1/lib/plugins/plexus-utils-2.0.6.jar
7f8728124000-7f8728128000 r--s 00021000 08:02 3402361                    /home/ankit/Downloads/android-studio/gradle/gradle-2.14.1/lib/plugins/maven-model-builder-3.0.4.jar
7f8728128000-7f8728129000 r--s 00002000 08:02 3402327                    /home/ankit/Downloads/android-studio/gradle/gradle-2.14.1/lib/plugins/wagon-file-2.4.jar
7f8728129000-7f872812b000 r--s 00002000 08:02 3402368                    /home/ankit/Downloads/android-studio/gradle/gradle-2.14.1/lib/plugins/plexus-cipher-1.7.jar
7f872812b000-7f872812e000 r--s 00013000 08:02 3402384                    /home/ankit/Downloads/android-studio/gradle/gradle-2.14.1/lib/plugins/aether-api-1.13.1.jar
7f872812e000-7f8728130000 r--s 0000a000 08:02 3402338                    /home/ankit/Downloads/android-studio/gradle/gradle-2.14.1/lib/plugins/maven-settings-3.0.4.jar
7f8728130000-7f8728132000 r--s 0000d000 08:02 3402362                    /home/ankit/Downloads/android-studio/gradle/gradle-2.14.1/lib/plugins/plexus-interpolation-1.14.jar
7f8728132000-7f8728134000 r--s 0000b000 08:02 3402377                    /home/ankit/Downloads/android-studio/gradle/gradle-2.14.1/lib/plugins/maven-artifact-3.0.4.jar
7f8728134000-7f872813b000 r--s 0002e000 08:02 3402332                    /home/ankit/Downloads/android-studio/gradle/gradle-2.14.1/lib/plugins/plexus-container-default-1.5.5.jar
7f872813b000-7f872813d000 r--s 0000b000 08:02 3402355                    /home/ankit/Downloads/android-studio/gradle/gradle-2.14.1/lib/plugins/maven-plugin-api-3.0.4.jar
7f872813d000-7f872813f000 r--s 00000000 08:02 3402357                    /home/ankit/Downloads/android-studio/gradle/gradle-2.14.1/lib/plugins/plexus-component-annotations-1.5.5.jar
7f872813f000-7f8728145000 r--s 0003f000 08:02 3402363                    /home/ankit/Downloads/android-studio/gradle/gradle-2.14.1/lib/plugins/maven-compat-3.0.4.jar
7f8728145000-7f8728148000 r--s 00008000 08:02 3402345                    /home/ankit/Downloads/android-studio/gradle/gradle-2.14.1/lib/plugins/maven-settings-builder-3.0.4.jar
7f8728148000-7f872814a000 r--s 00026000 08:02 3402383                    /home/ankit/Downloads/android-studio/gradle/gradle-2.14.1/lib/plugins/maven-model-3.0.4.jar
7f872814a000-7f872814c000 r--s 00006000 08:02 3402374                    /home/ankit/Downloads/android-studio/gradle/gradle-2.14.1/lib/plugins/aether-connector-wagon-1.13.1.jar
7f872814c000-7f872814e000 r--s 0000a000 08:02 3402333                    /home/ankit/Downloads/android-studio/gradle/gradle-2.14.1/lib/plugins/plexus-classworlds-2.4.jar
7f872814e000-7f8728150000 r--s 00006000 08:02 3402364                    /home/ankit/Downloads/android-studio/gradle/gradle-2.14.1/lib/plugins/maven-repository-metadata-3.0.4.jar
7f8728150000-7f8728152000 r--s 0000c000 08:02 3402348                    /home/ankit/Downloads/android-studio/gradle/gradle-2.14.1/lib/plugins/maven-aether-provider-3.0.4.jar
7f8728152000-7f8728154000 r--s 0000b000 08:02 3402340                    /home/ankit/Downloads/android-studio/gradle/gradle-2.14.1/lib/plugins/wagon-provider-api-2.4.jar
7f8728154000-7f8728158000 r--s 0001c000 08:02 3402380                    /home/ankit/Downloads/android-studio/gradle/gradle-2.14.1/lib/plugins/aether-util-1.13.1.jar
7f8728158000-7f872815b000 r--s 0001d000 08:02 3402360                    /home/ankit/Downloads/android-studio/gradle/gradle-2.14.1/lib/plugins/aether-impl-1.13.1.jar
7f872815b000-7f8728160000 r--s 00040000 08:02 3402321                    /home/ankit/Downloads/android-studio/gradle/gradle-2.14.1/lib/plugins/jsch-0.1.53.jar
7f8728160000-7f87281a0000 r--s 00277000 08:02 3402323                    /home/ankit/Downloads/android-studio/gradle/gradle-2.14.1/lib/plugins/bcprov-jdk15on-1.51.jar
7f87281a0000-7f87281a4000 r--s 0001d000 08:02 3402350                    /home/ankit/Downloads/android-studio/gradle/gradle-2.14.1/lib/plugins/xbean-reflect-3.4.jar
7f87281a4000-7f87281b0000 r--s 0007d000 08:02 3402367                    /home/ankit/Downloads/android-studio/gradle/gradle-2.14.1/lib/plugins/maven-core-3.0.4.jar
7f87281b0000-7f87281b5000 r--s 0002a000 08:02 3402346                    /home/ankit/Downloads/android-studio/gradle/gradle-2.14.1/lib/plugins/gson-2.2.4.jar
7f87281b5000-7f87281c4000 r--s 000d9000 08:02 3402331                    /home/ankit/Downloads/android-studio/gradle/gradle-2.14.1/lib/plugins/ivy-2.2.0.jar
7f87281c4000-7f87281da000 r-xp 00000000 08:02 2624314                    /lib/x86_64-linux-gnu/libgcc_s.so.1
7f87281da000-7f87283d9000 ---p 00016000 08:02 2624314                    /lib/x86_64-linux-gnu/libgcc_s.so.1
7f87283d9000-7f87283da000 r--p 00015000 08:02 2624314                    /lib/x86_64-linux-gnu/libgcc_s.so.1
7f87283da000-7f87283db000 rw-p 00016000 08:02 2624314                    /lib/x86_64-linux-gnu/libgcc_s.so.1
7f87283db000-7f872854e000 r-xp 00000000 08:02 61223                      /usr/lib/x86_64-linux-gnu/libstdc++.so.6.0.21
7f872854e000-7f872874d000 ---p 00173000 08:02 61223                      /usr/lib/x86_64-linux-gnu/libstdc++.so.6.0.21
7f872874d000-7f8728757000 r--p 00172000 08:02 61223                      /usr/lib/x86_64-linux-gnu/libstdc++.so.6.0.21
7f8728757000-7f8728759000 rw-p 0017c000 08:02 61223                      /usr/lib/x86_64-linux-gnu/libstdc++.so.6.0.21
7f8728759000-7f872875d000 rw-p 00000000 00:00 0 
7f872875d000-7f872875e000 r--s 00002000 08:02 3402318                    /home/ankit/Downloads/android-studio/gradle/gradle-2.14.1/lib/plugins/wagon-http-2.4.jar
7f872875e000-7f872875f000 r--s 00003000 08:02 3402320                    /home/ankit/Downloads/android-studio/gradle/gradle-2.14.1/lib/plugins/aether-spi-1.13.1.jar
7f872875f000-7f8728760000 r--s 00006000 08:02 3402365                    /home/ankit/Downloads/android-studio/gradle/gradle-2.14.1/lib/plugins/plexus-sec-dispatcher-1.3.jar
7f8728760000-7f872877c000 r--s 000d3000 08:02 3402161                    /home/ankit/Downloads/android-studio/gradle/gradle-2.14.1/lib/plugins/gradle-dependency-management-2.14.1.jar
7f872877c000-7f8728780000 r-xp 00000000 08:02 3391672                    /home/ankit/.gradle/native/19/linux-amd64/libnative-platform.so
7f8728780000-7f872897f000 ---p 00004000 08:02 3391672                    /home/ankit/.gradle/native/19/linux-amd64/libnative-platform.so
7f872897f000-7f8728980000 rw-p 00003000 08:02 3391672                    /home/ankit/.gradle/native/19/linux-amd64/libnative-platform.so
7f8728980000-7f8728991000 r-xp 00000000 08:02 199999                     /usr/lib/jvm/java-8-oracle/jre/lib/amd64/libnio.so
7f8728991000-7f8728b90000 ---p 00011000 08:02 199999                     /usr/lib/jvm/java-8-oracle/jre/lib/amd64/libnio.so
7f8728b90000-7f8728b91000 rw-p 00010000 08:02 199999                     /usr/lib/jvm/java-8-oracle/jre/lib/amd64/libnio.so
7f8728b91000-7f8728e92000 rw-p 00000000 00:00 0 
7f8728e92000-7f8728ea8000 r-xp 00000000 08:02 199974                     /usr/lib/jvm/java-8-oracle/jre/lib/amd64/libnet.so
7f8728ea8000-7f87290a8000 ---p 00016000 08:02 199974                     /usr/lib/jvm/java-8-oracle/jre/lib/amd64/libnet.so
7f87290a8000-7f87290a9000 rw-p 00016000 08:02 199974                     /usr/lib/jvm/java-8-oracle/jre/lib/amd64/libnet.so
7f87290a9000-7f87290ab000 r--s 00005000 08:02 3394358                    /home/ankit/Downloads/android-studio/gradle/gradle-2.14.1/lib/gradle-wrapper-2.14.1.jar
7f87290ab000-7f87290b9000 r--s 0004f000 08:02 3394344                    /home/ankit/Downloads/android-studio/gradle/gradle-2.14.1/lib/gradle-tooling-api-2.14.1.jar
7f87290b9000-7f87290bb000 r--s 00002000 08:02 3394350                    /home/ankit/Downloads/android-studio/gradle/gradle-2.14.1/lib/gradle-open-api-2.14.1.jar
7f87290bb000-7f87290c1000 r--s 00032000 08:02 3394400                    /home/ankit/Downloads/android-studio/gradle/gradle-2.14.1/lib/jaxen-1.1.jar
7f87290c1000-7f87290c6000 r--s 00048000 08:02 3394380                    /home/ankit/Downloads/android-studio/gradle/gradle-2.14.1/lib/dom4j-1.6.1.jar
7f87290c6000-7f87290d1000 r--s 00059000 08:02 3394373                    /home/ankit/Downloads/android-studio/gradle/gradle-2.14.1/lib/gradle-ui-2.14.1.jar
7f87290d1000-7f87290d4000 r--s 0000b000 08:02 3394378                    /home/ankit/Downloads/android-studio/gradle/gradle-2.14.1/lib/gradle-resources-2.14.1.jar
7f87290d4000-7f87290d6000 r--s 00003000 08:02 3394402                    /home/ankit/Downloads/android-studio/gradle/gradle-2.14.1/lib/jcl-over-slf4j-1.7.10.jar
7f87290d6000-7f87290d7000 r--s 00005000 08:02 3394397                    /home/ankit/Downloads/android-studio/gradle/gradle-2.14.1/lib/log4j-over-slf4j-1.7.10.jar
7f87290d7000-7f87290d9000 r--s 00000000 08:02 3394404                    /home/ankit/Downloads/android-studio/gradle/gradle-2.14.1/lib/jul-to-slf4j-1.7.10.jar
7f87290d9000-7f87290de000 r--s 0001c000 08:02 3394356                    /home/ankit/Downloads/android-studio/gradle/gradle-2.14.1/lib/gradle-logging-2.14.1.jar
7f87290de000-7f87290e0000 r--s 00007000 08:02 3394403                    /home/ankit/Downloads/android-studio/gradle/gradle-2.14.1/lib/objenesis-1.2.jar
7f87290e0000-7f87290e2000 r--s 00000000 08:02 3394383                    /home/ankit/Downloads/android-studio/gradle/gradle-2.14.1/lib/minlog-1.2.jar
7f87290e2000-7f87290e4000 r--s 0000f000 08:02 3394389                    /home/ankit/Downloads/android-studio/gradle/gradle-2.14.1/lib/reflectasm-1.07-shaded.jar
7f87290e4000-7f87290e8000 r--s 00026000 08:02 3394395                    /home/ankit/Downloads/android-studio/gradle/gradle-2.14.1/lib/kryo-2.20.jar
7f87290e8000-7f87290ee000 r--s 00025000 08:02 3394347                    /home/ankit/Downloads/android-studio/gradle/gradle-2.14.1/lib/gradle-messaging-2.14.1.jar
7f87290ee000-7f87290ef000 r--s 00003000 08:02 3394401                    /home/ankit/Downloads/android-studio/gradle/gradle-2.14.1/lib/native-platform-freebsd-amd64-0.10.jar
7f87290ef000-7f87290f0000 r--s 00003000 08:02 3394390                    /home/ankit/Downloads/android-studio/gradle/gradle-2.14.1/lib/native-platform-freebsd-i386-0.10.jar
7f87290f0000-7f87290f1000 r--s 00005000 08:02 3394385                    /home/ankit/Downloads/android-studio/gradle/gradle-2.14.1/lib/native-platform-windows-i386-0.10.jar
7f87290f1000-7f87290f2000 r--s 00005000 08:02 3394384                    /home/ankit/Downloads/android-studio/gradle/gradle-2.14.1/lib/native-platform-windows-amd64-0.10.jar
7f87290f2000-7f87290f3000 r--s 00003000 08:02 3394391                    /home/ankit/Downloads/android-studio/gradle/gradle-2.14.1/lib/native-platform-linux-i386-0.10.jar
7f87290f3000-7f87290f4000 r--s 00003000 08:02 3394382                    /home/ankit/Downloads/android-studio/gradle/gradle-2.14.1/lib/native-platform-linux-amd64-0.10.jar
7f87290f4000-7f87290f5000 r--s 00002000 08:02 3394381                    /home/ankit/Downloads/android-studio/gradle/gradle-2.14.1/lib/native-platform-osx-amd64-0.10.jar
7f87290f5000-7f87290f7000 r--s 00008000 08:02 3394399                    /home/ankit/Downloads/android-studio/gradle/gradle-2.14.1/lib/jansi-1.2.1.jar
7f87290f7000-7f87290fa000 r--s 0000d000 08:02 3394394                    /home/ankit/Downloads/android-studio/gradle/gradle-2.14.1/lib/native-platform-0.10.jar
7f87290fa000-7f8729109000 r--s 00080000 08:02 3394371                    /home/ankit/Downloads/android-studio/gradle/gradle-2.14.1/lib/gradle-model-core-2.14.1.jar
7f8729109000-7f8729116000 r--s 00083000 08:02 3394379                    /home/ankit/Downloads/android-studio/gradle/gradle-2.14.1/lib/commons-collections-3.2.2.jar
7f8729116000-7f8729117000 ---p 00000000 00:00 0 
7f8729117000-7f8729217000 rw-p 00000000 00:00 0 
7f8729217000-7f872921a000 ---p 00000000 00:00 0 
7f872921a000-7f8729318000 rw-p 00000000 00:00 0 
7f8729318000-7f872931b000 ---p 00000000 00:00 0 
7f872931b000-7f8729419000 rw-p 00000000 00:00 0 
7f8729419000-7f872941c000 ---p 00000000 00:00 0 
7f872941c000-7f872951a000 rw-p 00000000 00:00 0 
7f872951a000-7f872951d000 ---p 00000000 00:00 0 
7f872951d000-7f872961b000 rw-p 00000000 00:00 0 
7f872961b000-7f872961e000 ---p 00000000 00:00 0 
7f872961e000-7f872971c000 rw-p 00000000 00:00 0 
7f872971c000-7f8729dfe000 r--p 00000000 08:02 59247                      /usr/lib/locale/locale-archive
7f8729dfe000-7f8729e01000 ---p 00000000 00:00 0 
7f8729e01000-7f8729eff000 rw-p 00000000 00:00 0 
7f8729eff000-7f8729f02000 ---p 00000000 00:00 0 
7f8729f02000-7f872d000000 rw-p 00000000 00:00 0 
7f872d000000-7f8730df0000 rwxp 00000000 00:00 0 
7f8730df0000-7f873c000000 ---p 00000000 00:00 0 
7f873c000000-7f873cb9b000 rw-p 00000000 00:00 0 
7f873cb9b000-7f8740000000 ---p 00000000 00:00 0 
7f8740000000-7f8740004000 r--s 000e4000 08:02 3394393                    /home/ankit/Downloads/android-studio/gradle/gradle-2.14.1/lib/jna-3.2.7.jar
7f8740004000-7f8740006000 r--s 00009000 08:02 3394375                    /home/ankit/Downloads/android-studio/gradle/gradle-2.14.1/lib/gradle-native-2.14.1.jar
7f8740006000-7f8740008000 r--s 00005000 08:02 3394376                    /home/ankit/Downloads/android-studio/gradle/gradle-2.14.1/lib/gradle-cli-2.14.1.jar
7f8740008000-7f8740077000 r--s 0063e000 08:02 3394407                    /home/ankit/Downloads/android-studio/gradle/gradle-2.14.1/lib/groovy-all-2.4.4.jar
7f8740077000-7f874009f000 r--s 001cf000 08:02 3394387                    /home/ankit/Downloads/android-studio/gradle/gradle-2.14.1/lib/guava-jdk5-17.0.jar
7f874009f000-7f87400be000 r--s 001d1000 08:02 3394357                    /home/ankit/Downloads/android-studio/gradle/gradle-2.14.1/lib/ant-1.9.6.jar
7f87400be000-7f87400f5000 r--s 001bd000 08:02 3394359                    /home/ankit/Downloads/android-studio/gradle/gradle-2.14.1/lib/gradle-core-2.14.1.jar
7f87400f5000-7f87400f6000 ---p 00000000 00:00 0 
7f87400f6000-7f87411d8000 rw-p 00000000 00:00 0 
7f87411d8000-7f87413b0000 r--s 03d2a000 08:02 182584                     /usr/lib/jvm/java-8-oracle/jre/lib/rt.jar
7f87413b0000-7f8741f26000 rw-p 00000000 00:00 0 
7f8741f26000-7f8741f27000 ---p 00000000 00:00 0 
7f8741f27000-7f8742027000 rw-p 00000000 00:00 0 
7f8742027000-7f8742028000 ---p 00000000 00:00 0 
7f8742028000-7f8742128000 rw-p 00000000 00:00 0 
7f8742128000-7f8742129000 ---p 00000000 00:00 0 
7f8742129000-7f8742229000 rw-p 00000000 00:00 0 
7f8742229000-7f874222a000 ---p 00000000 00:00 0 
7f874222a000-7f87424c7000 rw-p 00000000 00:00 0 
7f87424c7000-7f874252a000 ---p 00000000 00:00 0 
7f874252a000-7f87426c7000 rw-p 00000000 00:00 0 
7f87426c7000-7f874272a000 ---p 00000000 00:00 0 
7f874272a000-7f874282a000 rw-p 00000000 00:00 0 
7f874282a000-7f8742923000 rw-p 00000000 00:00 0 
7f8742923000-7f8742beb000 ---p 00000000 00:00 0 
7f8742beb000-7f8742c05000 r-xp 00000000 08:02 199997                     /usr/lib/jvm/java-8-oracle/jre/lib/amd64/libzip.so
7f8742c05000-7f8742e05000 ---p 0001a000 08:02 199997                     /usr/lib/jvm/java-8-oracle/jre/lib/amd64/libzip.so
7f8742e05000-7f8742e06000 rw-p 0001a000 08:02 199997                     /usr/lib/jvm/java-8-oracle/jre/lib/amd64/libzip.so
7f8742e06000-7f8742e10000 r-xp 00000000 08:02 2621662                    /lib/x86_64-linux-gnu/libnss_files-2.21.so
7f8742e10000-7f8743010000 ---p 0000a000 08:02 2621662                    /lib/x86_64-linux-gnu/libnss_files-2.21.so
7f8743010000-7f8743011000 r--p 0000a000 08:02 2621662                    /lib/x86_64-linux-gnu/libnss_files-2.21.so
7f8743011000-7f8743012000 rw-p 0000b000 08:02 2621662                    /lib/x86_64-linux-gnu/libnss_files-2.21.so
7f8743012000-7f874301d000 r-xp 00000000 08:02 2623427                    /lib/x86_64-linux-gnu/libnss_nis-2.21.so
7f874301d000-7f874321c000 ---p 0000b000 08:02 2623427                    /lib/x86_64-linux-gnu/libnss_nis-2.21.so
7f874321c000-7f874321d000 r--p 0000a000 08:02 2623427                    /lib/x86_64-linux-gnu/libnss_nis-2.21.so
7f874321d000-7f874321e000 rw-p 0000b000 08:02 2623427                    /lib/x86_64-linux-gnu/libnss_nis-2.21.so
7f874321e000-7f8743235000 r-xp 00000000 08:02 2623430                    /lib/x86_64-linux-gnu/libnsl-2.21.so
7f8743235000-7f8743434000 ---p 00017000 08:02 2623430                    /lib/x86_64-linux-gnu/libnsl-2.21.so
7f8743434000-7f8743435000 r--p 00016000 08:02 2623430                    /lib/x86_64-linux-gnu/libnsl-2.21.so
7f8743435000-7f8743436000 rw-p 00017000 08:02 2623430                    /lib/x86_64-linux-gnu/libnsl-2.21.so
7f8743436000-7f8743438000 rw-p 00000000 00:00 0 
7f8743438000-7f8743440000 r-xp 00000000 08:02 2622662                    /lib/x86_64-linux-gnu/libnss_compat-2.21.so
7f8743440000-7f874363f000 ---p 00008000 08:02 2622662                    /lib/x86_64-linux-gnu/libnss_compat-2.21.so
7f874363f000-7f8743640000 r--p 00007000 08:02 2622662                    /lib/x86_64-linux-gnu/libnss_compat-2.21.so
7f8743640000-7f8743641000 rw-p 00008000 08:02 2622662                    /lib/x86_64-linux-gnu/libnss_compat-2.21.so
7f8743641000-7f874366c000 r-xp 00000000 08:02 200024                     /usr/lib/jvm/java-8-oracle/jre/lib/amd64/libjava.so
7f874366c000-7f874386b000 ---p 0002b000 08:02 200024                     /usr/lib/jvm/java-8-oracle/jre/lib/amd64/libjava.so
7f874386b000-7f874386d000 rw-p 0002a000 08:02 200024                     /usr/lib/jvm/java-8-oracle/jre/lib/amd64/libjava.so
7f874386d000-7f874387a000 r-xp 00000000 08:02 199975                     /usr/lib/jvm/java-8-oracle/jre/lib/amd64/libverify.so
7f874387a000-7f8743a79000 ---p 0000d000 08:02 199975                     /usr/lib/jvm/java-8-oracle/jre/lib/amd64/libverify.so
7f8743a79000-7f8743a7b000 rw-p 0000c000 08:02 199975                     /usr/lib/jvm/java-8-oracle/jre/lib/amd64/libverify.so
7f8743a7b000-7f8743a82000 r-xp 00000000 08:02 2621663                    /lib/x86_64-linux-gnu/librt-2.21.so
7f8743a82000-7f8743c81000 ---p 00007000 08:02 2621663                    /lib/x86_64-linux-gnu/librt-2.21.so
7f8743c81000-7f8743c82000 r--p 00006000 08:02 2621663                    /lib/x86_64-linux-gnu/librt-2.21.so
7f8743c82000-7f8743c83000 rw-p 00007000 08:02 2621663                    /lib/x86_64-linux-gnu/librt-2.21.so
7f8743c83000-7f8743d8a000 r-xp 00000000 08:02 2623271                    /lib/x86_64-linux-gnu/libm-2.21.so
7f8743d8a000-7f8743f89000 ---p 00107000 08:02 2623271                    /lib/x86_64-linux-gnu/libm-2.21.so
7f8743f89000-7f8743f8a000 r--p 00106000 08:02 2623271                    /lib/x86_64-linux-gnu/libm-2.21.so
7f8743f8a000-7f8743f8b000 rw-p 00107000 08:02 2623271                    /lib/x86_64-linux-gnu/libm-2.21.so
7f8743f8b000-7f8744c58000 r-xp 00000000 08:02 200028                     /usr/lib/jvm/java-8-oracle/jre/lib/amd64/server/libjvm.so
7f8744c58000-7f8744e57000 ---p 00ccd000 08:02 200028                     /usr/lib/jvm/java-8-oracle/jre/lib/amd64/server/libjvm.so
7f8744e57000-7f8744f30000 rw-p 00ccc000 08:02 200028                     /usr/lib/jvm/java-8-oracle/jre/lib/amd64/server/libjvm.so
7f8744f30000-7f8744f7b000 rw-p 00000000 00:00 0 
7f8744f7b000-7f874513b000 r-xp 00000000 08:02 2623433                    /lib/x86_64-linux-gnu/libc-2.21.so
7f874513b000-7f874533b000 ---p 001c0000 08:02 2623433                    /lib/x86_64-linux-gnu/libc-2.21.so
7f874533b000-7f874533f000 r--p 001c0000 08:02 2623433                    /lib/x86_64-linux-gnu/libc-2.21.so
7f874533f000-7f8745341000 rw-p 001c4000 08:02 2623433                    /lib/x86_64-linux-gnu/libc-2.21.so
7f8745341000-7f8745345000 rw-p 00000000 00:00 0 
7f8745345000-7f8745348000 r-xp 00000000 08:02 2623420                    /lib/x86_64-linux-gnu/libdl-2.21.so
7f8745348000-7f8745547000 ---p 00003000 08:02 2623420                    /lib/x86_64-linux-gnu/libdl-2.21.so
7f8745547000-7f8745548000 r--p 00002000 08:02 2623420                    /lib/x86_64-linux-gnu/libdl-2.21.so
7f8745548000-7f8745549000 rw-p 00003000 08:02 2623420                    /lib/x86_64-linux-gnu/libdl-2.21.so
7f8745549000-7f874555e000 r-xp 00000000 08:02 158504                     /usr/lib/jvm/java-8-oracle/lib/amd64/jli/libjli.so
7f874555e000-7f874575e000 ---p 00015000 08:02 158504                     /usr/lib/jvm/java-8-oracle/lib/amd64/jli/libjli.so
7f874575e000-7f874575f000 rw-p 00015000 08:02 158504                     /usr/lib/jvm/java-8-oracle/lib/amd64/jli/libjli.so
7f874575f000-7f8745777000 r-xp 00000000 08:02 2623413                    /lib/x86_64-linux-gnu/libpthread-2.21.so
7f8745777000-7f8745977000 ---p 00018000 08:02 2623413                    /lib/x86_64-linux-gnu/libpthread-2.21.so
7f8745977000-7f8745978000 r--p 00018000 08:02 2623413                    /lib/x86_64-linux-gnu/libpthread-2.21.so
7f8745978000-7f8745979000 rw-p 00019000 08:02 2623413                    /lib/x86_64-linux-gnu/libpthread-2.21.so
7f8745979000-7f874597d000 rw-p 00000000 00:00 0 
7f874597d000-7f87459a1000 r-xp 00000000 08:02 2623431                    /lib/x86_64-linux-gnu/ld-2.21.so
7f87459a1000-7f87459a2000 r--s 00002000 08:02 3394398                    /home/ankit/Downloads/android-studio/gradle/gradle-2.14.1/lib/native-platform-osx-i386-0.10.jar
7f87459a2000-7f87459a4000 r--s 00007000 08:02 3394353                    /home/ankit/Downloads/android-studio/gradle/gradle-2.14.1/lib/gradle-model-groovy-2.14.1.jar
7f87459a4000-7f87459a5000 r--s 00006000 08:02 3394370                    /home/ankit/Downloads/android-studio/gradle/gradle-2.14.1/lib/gradle-base-services-groovy-2.14.1.jar
7f87459a5000-7f87459a6000 r--s 00002000 08:02 3394360                    /home/ankit/Downloads/android-studio/gradle/gradle-2.14.1/lib/gradle-docs-2.14.1.jar
7f87459a6000-7f87459a7000 r--s 00000000 08:02 3394406                    /home/ankit/Downloads/android-studio/gradle/gradle-2.14.1/lib/javax.inject-1.jar
7f87459a7000-7f87459a8000 r--s 00000000 08:02 3394388                    /home/ankit/Downloads/android-studio/gradle/gradle-2.14.1/lib/jcip-annotations-1.0.jar
7f87459a8000-7f87459ac000 r--s 00027000 08:02 3394396                    /home/ankit/Downloads/android-studio/gradle/gradle-2.14.1/lib/commons-io-2.2.jar
7f87459ac000-7f87459b1000 r--s 00038000 08:02 3394363                    /home/ankit/Downloads/android-studio/gradle/gradle-2.14.1/lib/asm-all-5.1.jar
7f87459b1000-7f87459b2000 r--s 00001000 08:02 3394374                    /home/ankit/Downloads/android-studio/gradle/gradle-2.14.1/lib/gradle-process-services-2.14.1.jar
7f87459b2000-7f87459b3000 r--s 00000000 08:02 3394345                    /home/ankit/Downloads/android-studio/gradle/gradle-2.14.1/lib/gradle-jvm-services-2.14.1.jar
7f87459b3000-7f87459b8000 r--s 00041000 08:02 3394392                    /home/ankit/Downloads/android-studio/gradle/gradle-2.14.1/lib/commons-lang-2.6.jar
7f87459b8000-7f8745a7a000 rw-p 00000000 00:00 0 
7f8745a7a000-7f8745a7d000 ---p 00000000 00:00 0 
7f8745a7d000-7f8745b7f000 rw-p 00000000 00:00 0 
7f8745b7f000-7f8745b80000 r--s 00007000 08:02 3394386                    /home/ankit/Downloads/android-studio/gradle/gradle-2.14.1/lib/slf4j-api-1.7.10.jar
7f8745b80000-7f8745b81000 r--s 00004000 08:02 3394372                    /home/ankit/Downloads/android-studio/gradle/gradle-2.14.1/lib/ant-launcher-1.9.6.jar
7f8745b81000-7f8745b89000 r--s 0003a000 08:02 3394364                    /home/ankit/Downloads/android-studio/gradle/gradle-2.14.1/lib/gradle-base-services-2.14.1.jar
7f8745b89000-7f8745b94000 r--s 00051000 08:02 3394361                    /home/ankit/Downloads/android-studio/gradle/gradle-2.14.1/lib/gradle-launcher-2.14.1.jar
7f8745b94000-7f8745b9c000 rw-s 00000000 08:02 5030487                    /tmp/hsperfdata_ankit/13002
7f8745b9c000-7f8745b9d000 rw-p 00000000 00:00 0 
7f8745b9d000-7f8745b9e000 ---p 00000000 00:00 0 
7f8745b9e000-7f8745ba0000 rw-p 00000000 00:00 0 
7f8745ba0000-7f8745ba1000 r--p 00023000 08:02 2623431                    /lib/x86_64-linux-gnu/ld-2.21.so
7f8745ba1000-7f8745ba2000 rw-p 00024000 08:02 2623431                    /lib/x86_64-linux-gnu/ld-2.21.so
7f8745ba2000-7f8745ba3000 rw-p 00000000 00:00 0 
7ffc621cc000-7ffc621ed000 rw-p 00000000 00:00 0                          [stack]
7ffc621f1000-7ffc621f3000 r--p 00000000 00:00 0                          [vvar]
7ffc621f3000-7ffc621f5000 r-xp 00000000 00:00 0                          [vdso]
ffffffffff600000-ffffffffff601000 r-xp 00000000 00:00 0                  [vsyscall]

VM Arguments:
jvm_args: -Xmx1536m -Dfile.encoding=UTF-8 -Duser.country=IN -Duser.language=en -Duser.variant 
java_command: org.gradle.launcher.daemon.bootstrap.GradleDaemon 2.14.1
java_class_path (initial): /home/ankit/Downloads/android-studio/gradle/gradle-2.14.1/lib/gradle-launcher-2.14.1.jar
Launcher Type: SUN_STANDARD

Environment Variables:
JAVA_HOME=/usr/lib/jvm/java-8-oracle
PATH=/usr/local/sbin:/usr/local/bin:/usr/sbin:/usr/bin:/sbin:/bin:/usr/games:/usr/local/games:/usr/lib/jvm/java-8-oracle/bin:/usr/lib/jvm/java-8-oracle/db/bin:/usr/lib/jvm/java-8-oracle/jre/bin
LD_LIBRARY_PATH=Downloads/android-studio/bin:
SHELL=/bin/bash
DISPLAY=:0

Signal Handlers:
SIGSEGV: [libjvm.so+0xac64b0], sa_mask[0]=11111111011111111101111111111110, sa_flags=SA_RESTART|SA_SIGINFO
SIGBUS: [libjvm.so+0xac64b0], sa_mask[0]=11111111011111111101111111111110, sa_flags=SA_RESTART|SA_SIGINFO
SIGFPE: [libjvm.so+0x91f950], sa_mask[0]=11111111011111111101111111111110, sa_flags=SA_RESTART|SA_SIGINFO
SIGPIPE: [libjvm.so+0x91f950], sa_mask[0]=11111111011111111101111111111110, sa_flags=SA_RESTART|SA_SIGINFO
SIGXFSZ: [libjvm.so+0x91f950], sa_mask[0]=11111111011111111101111111111110, sa_flags=SA_RESTART|SA_SIGINFO
SIGILL: [libjvm.so+0x91f950], sa_mask[0]=11111111011111111101111111111110, sa_flags=SA_RESTART|SA_SIGINFO
SIGUSR1: SIG_DFL, sa_mask[0]=00000000000000000000000000000000, sa_flags=none
SIGUSR2: [libjvm.so+0x920f80], sa_mask[0]=00100000000000000000000000000000, sa_flags=SA_RESTART|SA_SIGINFO
SIGHUP: [libjvm.so+0x922380], sa_mask[0]=11111111011111111101111111111110, sa_flags=SA_RESTART|SA_SIGINFO
SIGINT: [libjvm.so+0x922380], sa_mask[0]=11111111011111111101111111111110, sa_flags=SA_RESTART|SA_SIGINFO
SIGTERM: [libjvm.so+0x922380], sa_mask[0]=11111111011111111101111111111110, sa_flags=SA_RESTART|SA_SIGINFO
SIGQUIT: [libjvm.so+0x922380], sa_mask[0]=11111111011111111101111111111110, sa_flags=SA_RESTART|SA_SIGINFO


---------------  S Y S T E M  ---------------

OS:DISTRIB_ID=Ubuntu
DISTRIB_RELEASE=15.10
DISTRIB_CODENAME=wily
DISTRIB_DESCRIPTION="Ubuntu 15.10"

uname:Linux 4.2.0-42-generic #49-Ubuntu SMP Tue Jun 28 21:26:26 UTC 2016 x86_64
libc:glibc 2.21 NPTL 2.21 
rlimit: STACK 8192k, CORE 0k, NPROC 31537, NOFILE 65536, AS infinity
load average:2.85 1.26 0.85

/proc/meminfo:
MemTotal:        8110256 kB
MemFree:          151176 kB
MemAvailable:     136656 kB
Buffers:            9532 kB
Cached:           736408 kB
SwapCached:            0 kB
Active:          7021544 kB
Inactive:         681896 kB
Active(anon):    6972928 kB
Inactive(anon):   638640 kB
Active(file):      48616 kB
Inactive(file):    43256 kB
Unevictable:         136 kB
Mlocked:             136 kB
SwapTotal:             0 kB
SwapFree:              0 kB
Dirty:               148 kB
Writeback:             0 kB
AnonPages:       6957724 kB
Mapped:           457112 kB
Shmem:            654016 kB
Slab:             100792 kB
SReclaimable:      48032 kB
SUnreclaim:        52760 kB
KernelStack:       14560 kB
PageTables:        82836 kB
NFS_Unstable:          0 kB
Bounce:                0 kB
WritebackTmp:          0 kB
CommitLimit:     4055128 kB
Committed_AS:   16882608 kB
VmallocTotal:   34359738367 kB
VmallocUsed:      552056 kB
VmallocChunk:   34358423548 kB
HardwareCorrupted:     0 kB
AnonHugePages:   2832384 kB
CmaTotal:              0 kB
CmaFree:               0 kB
HugePages_Total:       0
HugePages_Free:        0
HugePages_Rsvd:        0
HugePages_Surp:        0
Hugepagesize:       2048 kB
DirectMap4k:      250560 kB
DirectMap2M:     8073216 kB
DirectMap1G:     1048576 kB


CPU:total 4 (2 cores per cpu, 2 threads per core) family 6 model 69 stepping 1, cmov, cx8, fxsr, mmx, sse, sse2, sse3, ssse3, sse4.1, sse4.2, popcnt, avx, avx2, aes, clmul, erms, lzcnt, ht, tsc, tscinvbit, bmi1, bmi2

/proc/cpuinfo:
processor	: 0
vendor_id	: GenuineIntel
cpu family	: 6
model		: 69
model name	: Intel(R) Core(TM) i3-4005U CPU @ 1.70GHz
stepping	: 1
microcode	: 0x1c
cpu MHz		: 1030.160
cache size	: 3072 KB
physical id	: 0
siblings	: 4
core id		: 0
cpu cores	: 2
apicid		: 0
initial apicid	: 0
fpu		: yes
fpu_exception	: yes
cpuid level	: 13
wp		: yes
flags		: fpu vme de pse tsc msr pae mce cx8 apic sep mtrr pge mca cmov pat pse36 clflush dts acpi mmx fxsr sse sse2 ss ht tm pbe syscall nx pdpe1gb rdtscp lm constant_tsc arch_perfmon pebs bts rep_good nopl xtopology nonstop_tsc aperfmperf eagerfpu pni pclmulqdq dtes64 monitor ds_cpl vmx est tm2 ssse3 fma cx16 xtpr pdcm pcid sse4_1 sse4_2 movbe popcnt tsc_deadline_timer aes xsave avx f16c rdrand lahf_lm abm ida arat epb pln pts dtherm tpr_shadow vnmi flexpriority ept vpid fsgsbase tsc_adjust bmi1 avx2 smep bmi2 erms invpcid xsaveopt
bugs		:
bogomips	: 3392.36
clflush size	: 64
cache_alignment	: 64
address sizes	: 39 bits physical, 48 bits virtual
power management:

processor	: 1
vendor_id	: GenuineIntel
cpu family	: 6
model		: 69
model name	: Intel(R) Core(TM) i3-4005U CPU @ 1.70GHz
stepping	: 1
microcode	: 0x1c
cpu MHz		: 1099.953
cache size	: 3072 KB
physical id	: 0
siblings	: 4
core id		: 0
cpu cores	: 2
apicid		: 1
initial apicid	: 1
fpu		: yes
fpu_exception	: yes
cpuid level	: 13
wp		: yes
flags		: fpu vme de pse tsc msr pae mce cx8 apic sep mtrr pge mca cmov pat pse36 clflush dts acpi mmx fxsr sse sse2 ss ht tm pbe syscall nx pdpe1gb rdtscp lm constant_tsc arch_perfmon pebs bts rep_good nopl xtopology nonstop_tsc aperfmperf eagerfpu pni pclmulqdq dtes64 monitor ds_cpl vmx est tm2 ssse3 fma cx16 xtpr pdcm pcid sse4_1 sse4_2 movbe popcnt tsc_deadline_timer aes xsave avx f16c rdrand lahf_lm abm ida arat epb pln pts dtherm tpr_shadow vnmi flexpriority ept vpid fsgsbase tsc_adjust bmi1 avx2 smep bmi2 erms invpcid xsaveopt
bugs		:
bogomips	: 3392.36
clflush size	: 64
cache_alignment	: 64
address sizes	: 39 bits physical, 48 bits virtual
power management:

processor	: 2
vendor_id	: GenuineIntel
cpu family	: 6
model		: 69
model name	: Intel(R) Core(TM) i3-4005U CPU @ 1.70GHz
stepping	: 1
microcode	: 0x1c
cpu MHz		: 1482.984
cache size	: 3072 KB
physical id	: 0
siblings	: 4
core id		: 1
cpu cores	: 2
apicid		: 2
initial apicid	: 2
fpu		: yes
fpu_exception	: yes
cpuid level	: 13
wp		: yes
flags		: fpu vme de pse tsc msr pae mce cx8 apic sep mtrr pge mca cmov pat pse36 clflush dts acpi mmx fxsr sse sse2 ss ht tm pbe syscall nx pdpe1gb rdtscp lm constant_tsc arch_perfmon pebs bts rep_good nopl xtopology nonstop_tsc aperfmperf eagerfpu pni pclmulqdq dtes64 monitor ds_cpl vmx est tm2 ssse3 fma cx16 xtpr pdcm pcid sse4_1 sse4_2 movbe popcnt tsc_deadline_timer aes xsave avx f16c rdrand lahf_lm abm ida arat epb pln pts dtherm tpr_shadow vnmi flexpriority ept vpid fsgsbase tsc_adjust bmi1 avx2 smep bmi2 erms invpcid xsaveopt
bugs		:
bogomips	: 3392.36
clflush size	: 64
cache_alignment	: 64
address sizes	: 39 bits physical, 48 bits virtual
power management:

processor	: 3
vendor_id	: GenuineIntel
cpu family	: 6
model		: 69
model name	: Intel(R) Core(TM) i3-4005U CPU @ 1.70GHz
stepping	: 1
microcode	: 0x1c
cpu MHz		: 899.871
cache size	: 3072 KB
physical id	: 0
siblings	: 4
core id		: 1
cpu cores	: 2
apicid		: 3
initial apicid	: 3
fpu		: yes
fpu_exception	: yes
cpuid level	: 13
wp		: yes
flags		: fpu vme de pse tsc msr pae mce cx8 apic sep mtrr pge mca cmov pat pse36 clflush dts acpi mmx fxsr sse sse2 ss ht tm pbe syscall nx pdpe1gb rdtscp lm constant_tsc arch_perfmon pebs bts rep_good nopl xtopology nonstop_tsc aperfmperf eagerfpu pni pclmulqdq dtes64 monitor ds_cpl vmx est tm2 ssse3 fma cx16 xtpr pdcm pcid sse4_1 sse4_2 movbe popcnt tsc_deadline_timer aes xsave avx f16c rdrand lahf_lm abm ida arat epb pln pts dtherm tpr_shadow vnmi flexpriority ept vpid fsgsbase tsc_adjust bmi1 avx2 smep bmi2 erms invpcid xsaveopt
bugs		:
bogomips	: 3392.36
clflush size	: 64
cache_alignment	: 64
address sizes	: 39 bits physical, 48 bits virtual
power management:



Memory: 4k page, physical 8110256k(151176k free), swap 0k(0k free)

vm_info: Java HotSpot(TM) 64-Bit Server VM (25.111-b14) for linux-amd64 JRE (1.8.0_111-b14), built on Sep 22 2016 16:14:03 by "java_re" with gcc 4.3.0 20080428 (Red Hat 4.3.0-8)

time: Tue Dec 27 01:35:27 2016
elapsed time: 2630 seconds (0d 0h 43m 50s)

