#
# There is insufficient memory for the Java Runtime Environment to continue.
# Native memory allocation (mmap) failed to map 299892736 bytes for committing reserved memory.
# Possible reasons:
#   The system is out of physical RAM or swap space
#   In 32 bit mode, the process size limit was hit
# Possible solutions:
#   Reduce memory load on the system
#   Increase physical memory or swap space
#   Check if swap backing store is full
#   Use 64 bit Java on a 64 bit OS
#   Decrease Java heap size (-Xmx/-Xms)
#   Decrease number of Java threads
#   Decrease Java thread stack sizes (-Xss)
#   Set larger code cache with -XX:ReservedCodeCacheSize=
# This output file may be truncated or incomplete.
#
#  Out of Memory Error (os_linux.cpp:2627), pid=21899, tid=0x00007fd9737f7700
#
# JRE version: Java(TM) SE Runtime Environment (8.0_111-b14) (build 1.8.0_111-b14)
# Java VM: Java HotSpot(TM) 64-Bit Server VM (25.111-b14 mixed mode linux-amd64 compressed oops)
# Failed to write core dump. Core dumps have been disabled. To enable core dumping, try "ulimit -c unlimited" before starting Java again
#

---------------  T H R E A D  ---------------

Current thread (0x00007fd990078000):  VMThread [stack: 0x00007fd9736f7000,0x00007fd9737f8000] [id=21911]

Stack: [0x00007fd9736f7000,0x00007fd9737f8000],  sp=0x00007fd9737f6020,  free space=1020k
Native frames: (J=compiled Java code, j=interpreted, Vv=VM code, C=native code)
V  [libjvm.so+0xac5c2a]  VMError::report_and_die()+0x2ba
V  [libjvm.so+0x4fc50b]  report_vm_out_of_memory(char const*, int, unsigned long, VMErrorType, char const*)+0x8b
V  [libjvm.so+0x922ae3]  os::Linux::commit_memory_impl(char*, unsigned long, bool)+0x103
V  [libjvm.so+0x923039]  os::pd_commit_memory(char*, unsigned long, unsigned long, bool)+0x29
V  [libjvm.so+0x91d33a]  os::commit_memory(char*, unsigned long, unsigned long, bool)+0x2a
V  [libjvm.so+0x991ac3]  PSVirtualSpace::expand_by(unsigned long)+0x53
V  [libjvm.so+0x982380]  PSOldGen::expand(unsigned long)+0x170
V  [libjvm.so+0x98258b]  PSOldGen::resize(unsigned long)+0x1cb
V  [libjvm.so+0x98a291]  PSParallelCompact::invoke_no_policy(bool)+0x991
V  [libjvm.so+0x98fbed]  PSScavenge::invoke()+0x1ad
V  [libjvm.so+0x9467d0]  ParallelScavengeHeap::failed_mem_allocate(unsigned long)+0x70
V  [libjvm.so+0xac7647]  VM_ParallelGCFailedAllocation::doit()+0x97
V  [libjvm.so+0xacf125]  VM_Operation::evaluate()+0x55
V  [libjvm.so+0xacd4fa]  VMThread::evaluate_operation(VM_Operation*)+0xba
V  [libjvm.so+0xacd87e]  VMThread::loop()+0x1ce
V  [libjvm.so+0xacdcf0]  VMThread::run()+0x70
V  [libjvm.so+0x924ea8]  java_start(Thread*)+0x108

VM_Operation (0x00007fd921fa9c80): ParallelGCFailedAllocation, mode: safepoint, requested by thread 0x00007fd918067800


---------------  P R O C E S S  ---------------

Java Threads: ( => current thread )
  0x00007fd918069800 JavaThread "pool-5-thread-4" [_thread_blocked, id=21945, stack(0x00007fd921daa000,0x00007fd921eab000)]
  0x00007fd918067800 JavaThread "pool-5-thread-3" [_thread_blocked, id=21944, stack(0x00007fd921eab000,0x00007fd921fac000)]
  0x00007fd918065800 JavaThread "pool-5-thread-2" [_thread_blocked, id=21943, stack(0x00007fd921fac000,0x00007fd9220ad000)]
  0x00007fd918063800 JavaThread "pool-6-thread-1" [_thread_blocked, id=21942, stack(0x00007fd9220ad000,0x00007fd9221ae000)]
  0x00007fd91805c800 JavaThread "pool-5-thread-1" [_thread_blocked, id=21941, stack(0x00007fd9221ae000,0x00007fd9222af000)]
  0x00007fd930272800 JavaThread "pool-3-thread-1" [_thread_blocked, id=21940, stack(0x00007fd9223a7000,0x00007fd9224a8000)]
  0x00007fd930cfe800 JavaThread "File lock request listener" [_thread_in_native, id=21933, stack(0x00007fd970054000,0x00007fd970155000)]
  0x00007fd930c1b000 JavaThread "process reaper" daemon [_thread_blocked, id=21932, stack(0x00007fd970155000,0x00007fd97018e000)]
  0x00007fd930005800 JavaThread "Stdin handler" [_thread_blocked, id=21930, stack(0x00007fd970a07000,0x00007fd970b08000)]
  0x00007fd930010800 JavaThread "Asynchronous log dispatcher for org.gradle.launcher.daemon.server.DefaultDaemonConnection@1c265f37" [_thread_blocked, id=21929, stack(0x00007fd970b08000,0x00007fd970c09000)]
  0x00007fd934007000 JavaThread "Daemon worker" [_thread_blocked, id=21926, stack(0x00007fd970c09000,0x00007fd970d0a000)]
  0x00007fd93400a800 JavaThread "Cancel handler" [_thread_blocked, id=21925, stack(0x00007fd970d0a000,0x00007fd970e0b000)]
  0x00007fd934003800 JavaThread "Handler for socket connection from /127.0.0.1:39022 to /127.0.0.1:37270" [_thread_in_native, id=21924, stack(0x00007fd970e0b000,0x00007fd970f0c000)]
  0x00007fd940010000 JavaThread "Daemon" [_thread_blocked, id=21923, stack(0x00007fd970f0c000,0x00007fd97100d000)]
  0x00007fd990b13800 JavaThread "Incoming local TCP Connector on port 39022" [_thread_in_native, id=21922, stack(0x00007fd971214000,0x00007fd971315000)]
  0x00007fd990b05000 JavaThread "pool-1-thread-1" [_thread_blocked, id=21921, stack(0x00007fd971315000,0x00007fd971416000)]
  0x00007fd9900c1000 JavaThread "Service Thread" daemon [_thread_blocked, id=21918, stack(0x00007fd97290e000,0x00007fd972a0f000)]
  0x00007fd9900bd800 JavaThread "C1 CompilerThread2" daemon [_thread_blocked, id=21917, stack(0x00007fd972a0f000,0x00007fd972b10000)]
  0x00007fd9900bb800 JavaThread "C2 CompilerThread1" daemon [_thread_blocked, id=21916, stack(0x00007fd972b10000,0x00007fd972c11000)]
  0x00007fd9900b9000 JavaThread "C2 CompilerThread0" daemon [_thread_blocked, id=21915, stack(0x00007fd972c11000,0x00007fd972d12000)]
  0x00007fd9900b7800 JavaThread "Signal Dispatcher" daemon [_thread_blocked, id=21914, stack(0x00007fd972d12000,0x00007fd972e13000)]
  0x00007fd990084800 JavaThread "Finalizer" daemon [_thread_blocked, id=21913, stack(0x00007fd9734f5000,0x00007fd9735f6000)]
  0x00007fd99007f800 JavaThread "Reference Handler" daemon [_thread_blocked, id=21912, stack(0x00007fd9735f6000,0x00007fd9736f7000)]
  0x00007fd99000a000 JavaThread "main" [_thread_blocked, id=21906, stack(0x00007fd99714c000,0x00007fd99724d000)]

Other Threads:
=>0x00007fd990078000 VMThread [stack: 0x00007fd9736f7000,0x00007fd9737f8000] [id=21911]
  0x00007fd9900c3800 WatcherThread [stack: 0x00007fd97280d000,0x00007fd97290e000] [id=21919]

VM state:at safepoint (normal execution)

VM Mutex/Monitor currently owned by a thread:  ([mutex/lock_event])
[0x00007fd990005bb0] ExpandHeap_lock - owner thread: 0x00007fd990078000
[0x00007fd990006230] Threads_lock - owner thread: 0x00007fd990078000
[0x00007fd990006730] Heap_lock - owner thread: 0x00007fd918067800

Heap:
 PSYoungGen      total 305152K, used 40292K [0x00000000e0000000, 0x0000000100000000, 0x0000000100000000)
  eden space 202752K, 0% used [0x00000000e0000000,0x00000000e0000000,0x00000000ec600000)
  from space 102400K, 39% used [0x00000000ec600000,0x00000000eed59140,0x00000000f2a00000)
  to   space 165888K, 0% used [0x00000000f5e00000,0x00000000f5e00000,0x0000000100000000)
 ParOldGen       total 693248K, used 693032K [0x00000000a0000000, 0x00000000ca500000, 0x00000000e0000000)
  object space 693248K, 99% used [0x00000000a0000000,0x00000000ca4ca218,0x00000000ca500000)
 Metaspace       used 52631K, capacity 53886K, committed 54144K, reserved 1095680K
  class space    used 6988K, capacity 7261K, committed 7296K, reserved 1048576K

Card table byte_map: [0x00007fd98093f000,0x00007fd980c40000] byte_map_base: 0x00007fd98043f000

Marking Bits: (ParMarkBitMap*) 0x00007fd996620220
 Begin Bits: [0x00007fd979000000, 0x00007fd97a800000)
 End Bits:   [0x00007fd97a800000, 0x00007fd97c000000)

Polling page: 0x00007fd99726f000

CodeCache: size=245760Kb used=29384Kb max_used=29386Kb free=216375Kb
 bounds [0x00007fd981000000, 0x00007fd982d80000, 0x00007fd990000000]
 total_blobs=8717 nmethods=8005 adapters=624
 compilation: enabled

Compilation events (10 events):
Event: 64.792 Thread 0x00007fd9900bd800 9856       3       com.android.dx.ssa.back.LivenessAnalyzer::handleTailRecursion (94 bytes)
Event: 64.793 Thread 0x00007fd9900bd800 nmethod 9856 0x00007fd9817be390 code [0x00007fd9817be560, 0x00007fd9817beaa8]
Event: 64.794 Thread 0x00007fd9900bd800 9853       2       com.android.dx.ssa.back.LivenessAnalyzer::liveOutAtBlock (68 bytes)
Event: 64.795 Thread 0x00007fd9900bd800 nmethod 9853 0x00007fd981a3b4d0 code [0x00007fd981a3b680, 0x00007fd981a3bb68]
Event: 64.797 Thread 0x00007fd9900bd800 9854       2       com.android.dx.ssa.SsaBasicBlock::addLiveOut (32 bytes)
Event: 64.797 Thread 0x00007fd9900bd800 nmethod 9854 0x00007fd98271db50 code [0x00007fd98271dce0, 0x00007fd98271e0c8]
Event: 64.799 Thread 0x00007fd9900bd800 9852 %     3       java.util.BitSet::or @ 47 (105 bytes)
Event: 64.800 Thread 0x00007fd9900bd800 nmethod 9852% 0x00007fd982527c90 code [0x00007fd982527e60, 0x00007fd982528428]
Event: 64.801 Thread 0x00007fd9900bd800 9857       3       java.util.BitSet::or (105 bytes)
Event: 64.802 Thread 0x00007fd9900bd800 nmethod 9857 0x00007fd9817d5dd0 code [0x00007fd9817d5f80, 0x00007fd9817d64c8]

GC Heap History (10 events):
Event: 60.606 GC heap after
Heap after GC invocations=31 (full 6):
 PSYoungGen      total 418304K, used 0K [0x00000000e0000000, 0x0000000100000000, 0x0000000100000000)
  eden space 312320K, 0% used [0x00000000e0000000,0x00000000e0000000,0x00000000f3100000)
  from space 105984K, 0% used [0x00000000f3100000,0x00000000f3100000,0x00000000f9880000)
  to   space 101888K, 0% used [0x00000000f9c80000,0x00000000f9c80000,0x0000000100000000)
 ParOldGen       total 693248K, used 461990K [0x00000000a0000000, 0x00000000ca500000, 0x00000000e0000000)
  object space 693248K, 66% used [0x00000000a0000000,0x00000000bc329968,0x00000000ca500000)
 Metaspace       used 52617K, capacity 53886K, committed 54144K, reserved 1095680K
  class space    used 6987K, capacity 7261K, committed 7296K, reserved 1048576K
}
Event: 61.768 GC heap before
{Heap before GC invocations=32 (full 6):
 PSYoungGen      total 418304K, used 312320K [0x00000000e0000000, 0x0000000100000000, 0x0000000100000000)
  eden space 312320K, 100% used [0x00000000e0000000,0x00000000f3100000,0x00000000f3100000)
  from space 105984K, 0% used [0x00000000f3100000,0x00000000f3100000,0x00000000f9880000)
  to   space 101888K, 0% used [0x00000000f9c80000,0x00000000f9c80000,0x0000000100000000)
 ParOldGen       total 693248K, used 461990K [0x00000000a0000000, 0x00000000ca500000, 0x00000000e0000000)
  object space 693248K, 66% used [0x00000000a0000000,0x00000000bc329968,0x00000000ca500000)
 Metaspace       used 52630K, capacity 53886K, committed 54144K, reserved 1095680K
  class space    used 6988K, capacity 7261K, committed 7296K, reserved 1048576K
Event: 61.853 GC heap after
Heap after GC invocations=32 (full 6):
 PSYoungGen      total 404992K, used 44051K [0x00000000e0000000, 0x00000000ff300000, 0x0000000100000000)
  eden space 316416K, 0% used [0x00000000e0000000,0x00000000e0000000,0x00000000f3500000)
  from space 88576K, 49% used [0x00000000f9c80000,0x00000000fc784f98,0x00000000ff300000)
  to   space 97280K, 0% used [0x00000000f3500000,0x00000000f3500000,0x00000000f9400000)
 ParOldGen       total 693248K, used 461990K [0x00000000a0000000, 0x00000000ca500000, 0x00000000e0000000)
  object space 693248K, 66% used [0x00000000a0000000,0x00000000bc329968,0x00000000ca500000)
 Metaspace       used 52630K, capacity 53886K, committed 54144K, reserved 1095680K
  class space    used 6988K, capacity 7261K, committed 7296K, reserved 1048576K
}
Event: 63.026 GC heap before
{Heap before GC invocations=33 (full 6):
 PSYoungGen      total 404992K, used 360467K [0x00000000e0000000, 0x00000000ff300000, 0x0000000100000000)
  eden space 316416K, 100% used [0x00000000e0000000,0x00000000f3500000,0x00000000f3500000)
  from space 88576K, 49% used [0x00000000f9c80000,0x00000000fc784f98,0x00000000ff300000)
  to   space 97280K, 0% used [0x00000000f3500000,0x00000000f3500000,0x00000000f9400000)
 ParOldGen       total 693248K, used 461990K [0x00000000a0000000, 0x00000000ca500000, 0x00000000e0000000)
  object space 693248K, 66% used [0x00000000a0000000,0x00000000bc329968,0x00000000ca500000)
 Metaspace       used 52631K, capacity 53886K, committed 54144K, reserved 1095680K
  class space    used 6988K, capacity 7261K, committed 7296K, reserved 1048576K
Event: 63.209 GC heap after
Heap after GC invocations=33 (full 6):
 PSYoungGen      total 413696K, used 90208K [0x00000000e0000000, 0x0000000100000000, 0x0000000100000000)
  eden space 316416K, 0% used [0x00000000e0000000,0x00000000e0000000,0x00000000f3500000)
  from space 97280K, 92% used [0x00000000f3500000,0x00000000f8d180e8,0x00000000f9400000)
  to   space 109568K, 0% used [0x00000000f9500000,0x00000000f9500000,0x0000000100000000)
 ParOldGen       total 693248K, used 461990K [0x00000000a0000000, 0x00000000ca500000, 0x00000000e0000000)
  object space 693248K, 66% used [0x00000000a0000000,0x00000000bc329968,0x00000000ca500000)
 Metaspace       used 52631K, capacity 53886K, committed 54144K, reserved 1095680K
  class space    used 6988K, capacity 7261K, committed 7296K, reserved 1048576K
}
Event: 64.331 GC heap before
{Heap before GC invocations=34 (full 6):
 PSYoungGen      total 413696K, used 406624K [0x00000000e0000000, 0x0000000100000000, 0x0000000100000000)
  eden space 316416K, 100% used [0x00000000e0000000,0x00000000f3500000,0x00000000f3500000)
  from space 97280K, 92% used [0x00000000f3500000,0x00000000f8d180e8,0x00000000f9400000)
  to   space 109568K, 0% used [0x00000000f9500000,0x00000000f9500000,0x0000000100000000)
 ParOldGen       total 693248K, used 461990K [0x00000000a0000000, 0x00000000ca500000, 0x00000000e0000000)
  object space 693248K, 66% used [0x00000000a0000000,0x00000000bc329968,0x00000000ca500000)
 Metaspace       used 52631K, capacity 53886K, committed 54144K, reserved 1095680K
  class space    used 6988K, capacity 7261K, committed 7296K, reserved 1048576K
Event: 64.601 GC heap after
Heap after GC invocations=34 (full 6):
 PSYoungGen      total 312320K, used 109546K [0x00000000e0000000, 0x0000000100000000, 0x0000000100000000)
  eden space 202752K, 0% used [0x00000000e0000000,0x00000000e0000000,0x00000000ec600000)
  from space 109568K, 99% used [0x00000000f9500000,0x00000000ffffabd8,0x0000000100000000)
  to   space 160768K, 0% used [0x00000000ec600000,0x00000000ec600000,0x00000000f6300000)
 ParOldGen       total 693248K, used 553532K [0x00000000a0000000, 0x00000000ca500000, 0x00000000e0000000)
  object space 693248K, 79% used [0x00000000a0000000,0x00000000c1c8f120,0x00000000ca500000)
 Metaspace       used 52631K, capacity 53886K, committed 54144K, reserved 1095680K
  class space    used 6988K, capacity 7261K, committed 7296K, reserved 1048576K
}
Event: 64.950 GC heap before
{Heap before GC invocations=35 (full 6):
 PSYoungGen      total 312320K, used 312298K [0x00000000e0000000, 0x0000000100000000, 0x0000000100000000)
  eden space 202752K, 100% used [0x00000000e0000000,0x00000000ec600000,0x00000000ec600000)
  from space 109568K, 99% used [0x00000000f9500000,0x00000000ffffabd8,0x0000000100000000)
  to   space 160768K, 0% used [0x00000000ec600000,0x00000000ec600000,0x00000000f6300000)
 ParOldGen       total 693248K, used 553532K [0x00000000a0000000, 0x00000000ca500000, 0x00000000e0000000)
  object space 693248K, 79% used [0x00000000a0000000,0x00000000c1c8f120,0x00000000ca500000)
 Metaspace       used 52631K, capacity 53886K, committed 54144K, reserved 1095680K
  class space    used 6988K, capacity 7261K, committed 7296K, reserved 1048576K
Event: 65.315 GC heap after
Heap after GC invocations=35 (full 6):
 PSYoungGen      total 305152K, used 102054K [0x00000000e0000000, 0x0000000100000000, 0x0000000100000000)
  eden space 202752K, 0% used [0x00000000e0000000,0x00000000e0000000,0x00000000ec600000)
  from space 102400K, 99% used [0x00000000ec600000,0x00000000f29a9b28,0x00000000f2a00000)
  to   space 165888K, 0% used [0x00000000f5e00000,0x00000000f5e00000,0x0000000100000000)
 ParOldGen       total 693248K, used 642597K [0x00000000a0000000, 0x00000000ca500000, 0x00000000e0000000)
  object space 693248K, 92% used [0x00000000a0000000,0x00000000c7389688,0x00000000ca500000)
 Metaspace       used 52631K, capacity 53886K, committed 54144K, reserved 1095680K
  class space    used 6988K, capacity 7261K, committed 7296K, reserved 1048576K
}
Event: 65.315 GC heap before
{Heap before GC invocations=36 (full 7):
 PSYoungGen      total 305152K, used 102054K [0x00000000e0000000, 0x0000000100000000, 0x0000000100000000)
  eden space 202752K, 0% used [0x00000000e0000000,0x00000000e0000000,0x00000000ec600000)
  from space 102400K, 99% used [0x00000000ec600000,0x00000000f29a9b28,0x00000000f2a00000)
  to   space 165888K, 0% used [0x00000000f5e00000,0x00000000f5e00000,0x0000000100000000)
 ParOldGen       total 693248K, used 642597K [0x00000000a0000000, 0x00000000ca500000, 0x00000000e0000000)
  object space 693248K, 92% used [0x00000000a0000000,0x00000000c7389688,0x00000000ca500000)
 Metaspace       used 52631K, capacity 53886K, committed 54144K, reserved 1095680K
  class space    used 6988K, capacity 7261K, committed 7296K, reserved 1048576K

Deoptimization events (10 events):
Event: 61.900 Thread 0x00007fd918065800 Uncommon trap: reason=class_check action=maybe_recompile pc=0x00007fd98197d82c method=com.android.dx.ssa.SCCP.simulateBranch(Lcom/android/dx/ssa/SsaInsn;)V @ 339
Event: 62.194 Thread 0x00007fd91805c800 Uncommon trap: reason=unstable_if action=reinterpret pc=0x00007fd982ce98c8 method=com.android.dx.cf.code.ExecutionStack.<init>(I)V @ 2
Event: 62.326 Thread 0x00007fd918069800 Uncommon trap: reason=unstable_if action=reinterpret pc=0x00007fd98268aaf8 method=com.android.dx.cf.code.Merger.isPossiblyAssignableFrom(Lcom/android/dx/rop/type/TypeBearer;Lcom/android/dx/rop/type/TypeBearer;)Z @ 131
Event: 64.217 Thread 0x00007fd918069800 Uncommon trap: reason=predicate action=maybe_recompile pc=0x00007fd982d52518 method=com.android.dx.ssa.DomFront.run()[Lcom/android/dx/ssa/DomFront$DomInfo; @ 32
Event: 64.235 Thread 0x00007fd918069800 Uncommon trap: reason=class_check action=maybe_recompile pc=0x00007fd982c3f430 method=com.android.dx.ssa.SsaConverter.placePhiFunctions(Lcom/android/dx/ssa/SsaMethod;Lcom/android/dx/ssa/LocalVariableInfo;I)V @ 257
Event: 64.772 Thread 0x00007fd91805c800 Uncommon trap: reason=unstable_if action=reinterpret pc=0x00007fd9826d82d8 method=com.android.dx.ssa.SetFactory.makeLivenessSet(I)Lcom/android/dx/util/IntSet; @ 4
Event: 64.942 Thread 0x00007fd918069800 Uncommon trap: reason=class_check action=maybe_recompile pc=0x00007fd9817fe6e0 method=com.android.dx.ssa.back.InterferenceGraph.mergeInterferenceSet(ILcom/android/dx/util/IntSet;)V @ 20
Event: 64.944 Thread 0x00007fd918069800 Uncommon trap: reason=class_check action=maybe_recompile pc=0x00007fd9817fe6e0 method=com.android.dx.ssa.back.InterferenceGraph.mergeInterferenceSet(ILcom/android/dx/util/IntSet;)V @ 20
Event: 64.944 Thread 0x00007fd918069800 Uncommon trap: reason=class_check action=maybe_recompile pc=0x00007fd9817fe6e0 method=com.android.dx.ssa.back.InterferenceGraph.mergeInterferenceSet(ILcom/android/dx/util/IntSet;)V @ 20
Event: 64.946 Thread 0x00007fd91805c800 Uncommon trap: reason=class_check action=maybe_recompile pc=0x00007fd9817fe6e0 method=com.android.dx.ssa.back.InterferenceGraph.mergeInterferenceSet(ILcom/android/dx/util/IntSet;)V @ 20

Internal exceptions (10 events):
Event: 33.784 Thread 0x00007fd934007000 Exception <a 'java/lang/ClassNotFoundException': org/gradle/platform/base/BinaryContainer_ImplCustomizer> (0x00000000e1acc1a8) thrown at [/HUDSON3/workspace/8-2-build-linux-amd64/jdk8u111/7883/hotspot/src/share/vm/classfile/systemDictionary.cpp, line 210]
Event: 34.001 Thread 0x00007fd934007000 Exception <a 'java/lang/NoSuchMethodError': <clinit>> (0x00000000e230a9e0) thrown at [/HUDSON3/workspace/8-2-build-linux-amd64/jdk8u111/7883/hotspot/src/share/vm/prims/jni.cpp, line 1613]
Event: 34.002 Thread 0x00007fd934007000 Exception <a 'java/lang/NoSuchMethodError': <clinit>> (0x00000000e23179c8) thrown at [/HUDSON3/workspace/8-2-build-linux-amd64/jdk8u111/7883/hotspot/src/share/vm/prims/jni.cpp, line 1613]
Event: 34.028 Thread 0x00007fd934007000 Exception <a 'java/lang/NoSuchMethodError': <clinit>> (0x00000000e24ec110) thrown at [/HUDSON3/workspace/8-2-build-linux-amd64/jdk8u111/7883/hotspot/src/share/vm/prims/jni.cpp, line 1613]
Event: 34.029 Thread 0x00007fd934007000 Exception <a 'java/lang/NoSuchMethodError': <clinit>> (0x00000000e2504920) thrown at [/HUDSON3/workspace/8-2-build-linux-amd64/jdk8u111/7883/hotspot/src/share/vm/prims/jni.cpp, line 1613]
Event: 34.029 Thread 0x00007fd934007000 Exception <a 'java/lang/NoSuchMethodError': <clinit>> (0x00000000e2505e38) thrown at [/HUDSON3/workspace/8-2-build-linux-amd64/jdk8u111/7883/hotspot/src/share/vm/prims/jni.cpp, line 1613]
Event: 38.339 Thread 0x00007fd91805c800 Implicit null exception at 0x00007fd9819e573e to 0x00007fd9819e666d
Event: 38.559 Thread 0x00007fd918065800 Implicit null exception at 0x00007fd982775c0d to 0x00007fd982775de9
Event: 42.746 Thread 0x00007fd918067800 Implicit null exception at 0x00007fd982afeb68 to 0x00007fd982aff2ad
Event: 44.174 Thread 0x00007fd930272800 Implicit null exception at 0x00007fd98261c305 to 0x00007fd98261cd0d

Events (10 events):
Event: 64.944 Thread 0x00007fd918069800 Uncommon trap: trap_request=0xffffffde fr.pc=0x00007fd9817fe6e0
Event: 64.944 Thread 0x00007fd918069800 DEOPT PACKING pc=0x00007fd9817fe6e0 sp=0x00007fd921ea8bc0
Event: 64.944 Thread 0x00007fd918069800 DEOPT UNPACKING pc=0x00007fd981005229 sp=0x00007fd921ea8b60 mode 2
Event: 64.944 Thread 0x00007fd918069800 Uncommon trap: trap_request=0xffffffde fr.pc=0x00007fd9817fe6e0
Event: 64.944 Thread 0x00007fd918069800 DEOPT PACKING pc=0x00007fd9817fe6e0 sp=0x00007fd921ea8bc0
Event: 64.944 Thread 0x00007fd918069800 DEOPT UNPACKING pc=0x00007fd981005229 sp=0x00007fd921ea8b60 mode 2
Event: 64.946 Thread 0x00007fd91805c800 Uncommon trap: trap_request=0xffffffde fr.pc=0x00007fd9817fe6e0
Event: 64.946 Thread 0x00007fd91805c800 DEOPT PACKING pc=0x00007fd9817fe6e0 sp=0x00007fd9222acdc0
Event: 64.946 Thread 0x00007fd91805c800 DEOPT UNPACKING pc=0x00007fd981005229 sp=0x00007fd9222acd60 mode 2
Event: 64.949 Executing VM operation: ParallelGCFailedAllocation


Dynamic libraries:
00400000-00401000 r-xp 00000000 08:02 182546                             /usr/lib/jvm/java-8-oracle/bin/java
00600000-00601000 rw-p 00000000 08:02 182546                             /usr/lib/jvm/java-8-oracle/bin/java
01e6a000-01e8b000 rw-p 00000000 00:00 0                                  [heap]
a0000000-ca500000 rw-p 00000000 00:00 0 
dc300000-e0000000 ---p 00000000 00:00 0 
e0000000-100000000 rw-p 00000000 00:00 0 
100000000-100720000 rw-p 00000000 00:00 0 
100720000-140000000 ---p 00000000 00:00 0 
7fd8fc000000-7fd8fc048000 rw-p 00000000 00:00 0 
7fd8fc048000-7fd900000000 ---p 00000000 00:00 0 
7fd904000000-7fd904039000 rw-p 00000000 00:00 0 
7fd904039000-7fd908000000 ---p 00000000 00:00 0 
7fd908000000-7fd90802b000 rw-p 00000000 00:00 0 
7fd90802b000-7fd90c000000 ---p 00000000 00:00 0 
7fd90c000000-7fd90c036000 rw-p 00000000 00:00 0 
7fd90c036000-7fd910000000 ---p 00000000 00:00 0 
7fd910000000-7fd910021000 rw-p 00000000 00:00 0 
7fd910021000-7fd914000000 ---p 00000000 00:00 0 
7fd914000000-7fd914021000 rw-p 00000000 00:00 0 
7fd914021000-7fd918000000 ---p 00000000 00:00 0 
7fd918000000-7fd918209000 rw-p 00000000 00:00 0 
7fd918209000-7fd91c000000 ---p 00000000 00:00 0 
7fd91c000000-7fd91c021000 rw-p 00000000 00:00 0 
7fd91c021000-7fd920000000 ---p 00000000 00:00 0 
7fd921ba9000-7fd921d6a000 rw-p 00000000 00:00 0 
7fd921d6a000-7fd921daa000 ---p 00000000 00:00 0 
7fd921daa000-7fd921dad000 ---p 00000000 00:00 0 
7fd921dad000-7fd921eab000 rw-p 00000000 00:00 0 
7fd921eab000-7fd921eae000 ---p 00000000 00:00 0 
7fd921eae000-7fd921fac000 rw-p 00000000 00:00 0 
7fd921fac000-7fd921faf000 ---p 00000000 00:00 0 
7fd921faf000-7fd9220ad000 rw-p 00000000 00:00 0 
7fd9220ad000-7fd9220b0000 ---p 00000000 00:00 0 
7fd9220b0000-7fd9221ae000 rw-p 00000000 00:00 0 
7fd9221ae000-7fd9221b1000 ---p 00000000 00:00 0 
7fd9221b1000-7fd9222af000 rw-p 00000000 00:00 0 
7fd9222af000-7fd9223a7000 r--s 009c6000 08:02 4310333                    /home/ankit/Desktop/Evento/app/build/intermediates/transforms/jarMerging/debug/jars/1/1f/combined.jar
7fd9223a7000-7fd9223aa000 ---p 00000000 00:00 0 
7fd9223aa000-7fd9226a8000 rw-p 00000000 00:00 0 
7fd9226a8000-7fd9228a8000 rw-p 00000000 00:00 0 
7fd9228a8000-7fd922aa8000 rw-p 00000000 00:00 0 
7fd922aa8000-7fd922ca8000 rw-p 00000000 00:00 0 
7fd922ca8000-7fd922ea8000 rw-p 00000000 00:00 0 
7fd922ea8000-7fd922ebb000 r--s 00345000 08:02 182681                     /usr/lib/jvm/java-8-oracle/jre/lib/resources.jar
7fd922ebb000-7fd9230bb000 rw-p 00000000 00:00 0 
7fd9230bb000-7fd9232bb000 rw-p 00000000 00:00 0 
7fd9232bb000-7fd9234bb000 rw-p 00000000 00:00 0 
7fd9234bb000-7fd9236bb000 rw-p 00000000 00:00 0 
7fd9236bb000-7fd9238bb000 rw-p 00000000 00:00 0 
7fd9238bb000-7fd9238e6000 r--s 001fc000 08:02 3802331                    /home/ankit/Downloads/android-studio/gradle/m2repository/com/google/guava/guava/18.0/guava-18.0.jar
7fd9238e6000-7fd9238e7000 r--s 00001000 08:02 3877617                    /home/ankit/Downloads/android-studio/gradle/m2repository/com/android/tools/annotations/25.2.0/annotations-25.2.0.jar
7fd9238e7000-7fd9238f9000 r--s 000b3000 08:02 3989804                    /home/ankit/Downloads/android-studio/gradle/m2repository/com/android/tools/external/com-intellij/uast/145.597.3/uast-145.597.3.jar
7fd9238f9000-7fd923901000 r--s 000a8000 08:02 3753715                    /home/ankit/Downloads/android-studio/gradle/m2repository/com/android/tools/external/lombok/lombok-ast/0.2.3/lombok-ast-0.2.3.jar
7fd923901000-7fd923903000 r--s 0000d000 08:02 3760231                    /home/ankit/Downloads/android-studio/gradle/m2repository/commons-codec/commons-codec/1.4/commons-codec-1.4.jar
7fd923903000-7fd923905000 r--s 0000d000 08:02 3540543                    /home/ankit/Downloads/android-studio/gradle/m2repository/commons-logging/commons-logging/1.1.1/commons-logging-1.1.1.jar
7fd923905000-7fd92390a000 r--s 00028000 08:02 3753367                    /home/ankit/Downloads/android-studio/gradle/m2repository/org/apache/httpcomponents/httpcore/4.1/httpcore-4.1.jar
7fd92390a000-7fd92390e000 r--s 0002f000 08:02 3845228                    /home/ankit/Downloads/android-studio/gradle/m2repository/com/google/jimfs/jimfs/1.1/jimfs-1.1.jar
7fd92390e000-7fd92390f000 r--s 00004000 08:02 3753443                    /home/ankit/Downloads/android-studio/gradle/m2repository/com/intellij/annotations/12.0/annotations-12.0.jar
7fd92390f000-7fd923910000 r--s 00004000 08:02 3713300                    /home/ankit/Downloads/android-studio/gradle/m2repository/org/ow2/asm/asm-analysis/5.0.4/asm-analysis-5.0.4.jar
7fd923910000-7fd923914000 r--s 0003b000 08:02 4017281                    /home/ankit/Downloads/android-studio/gradle/m2repository/com/android/tools/lint/lint-api/25.2.0/lint-api-25.2.0.jar
7fd923914000-7fd923915000 r--s 0000a000 08:02 3760193                    /home/ankit/Downloads/android-studio/gradle/m2repository/net/sf/kxml/kxml2/2.3.0/kxml2-2.3.0.jar
7fd923915000-7fd923917000 r--s 00005000 08:02 3753358                    /home/ankit/Downloads/android-studio/gradle/m2repository/org/apache/httpcomponents/httpmime/4.1/httpmime-4.1.jar
7fd923917000-7fd92391f000 r--s 0004e000 08:02 3753378                    /home/ankit/Downloads/android-studio/gradle/m2repository/org/apache/httpcomponents/httpclient/4.1.1/httpclient-4.1.1.jar
7fd92391f000-7fd923926000 r--s 00053000 08:02 3753390                    /home/ankit/Downloads/android-studio/gradle/m2repository/org/apache/commons/commons-compress/1.8.1/commons-compress-1.8.1.jar
7fd923926000-7fd92392b000 r--s 0002a000 08:02 3753476                    /home/ankit/Downloads/android-studio/gradle/m2repository/com/google/code/gson/gson/2.2.4/gson-2.2.4.jar
7fd92392b000-7fd923930000 r--s 0002d000 08:02 4000509                    /home/ankit/Downloads/android-studio/gradle/m2repository/com/android/tools/repository/25.2.0/repository-25.2.0.jar
7fd923930000-7fd923931000 r--s 00005000 08:02 3941528                    /home/ankit/Downloads/android-studio/gradle/m2repository/com/android/tools/dvlib/25.2.0/dvlib-25.2.0.jar
7fd923931000-7fd923934000 r--s 00014000 08:02 3835823                    /home/ankit/Downloads/android-studio/gradle/m2repository/com/android/tools/layoutlib/layoutlib-api/25.2.0/layoutlib-api-25.2.0.jar
7fd923934000-7fd923939000 r--s 00058000 08:02 3631976                    /home/ankit/Downloads/android-studio/gradle/m2repository/org/ow2/asm/asm-debug-all/5.0.1/asm-debug-all-5.0.1.jar
7fd923939000-7fd923949000 r--s 000d6000 08:02 3760205                    /home/ankit/Downloads/android-studio/gradle/m2repository/net/sf/proguard/proguard-base/5.2.1/proguard-base-5.2.1.jar
7fd923949000-7fd92394c000 r--s 00033000 08:02 3753450                    /home/ankit/Downloads/android-studio/gradle/m2repository/com/googlecode/juniversalchardet/juniversalchardet/1.0.3/juniversalchardet-1.0.3.jar
7fd92394c000-7fd923950000 r--s 0002a000 08:02 3506651                    /home/ankit/Downloads/android-studio/gradle/m2repository/commons-io/commons-io/2.4/commons-io-2.4.jar
7fd923950000-7fd923967000 r--s 00154000 08:02 3787896                    /home/ankit/Downloads/android-studio/gradle/m2repository/org/antlr/antlr4/4.5.3/antlr4-4.5.3.jar
7fd923967000-7fd923968000 r--s 00002000 08:02 3845251                    /home/ankit/Downloads/android-studio/gradle/m2repository/com/android/databinding/baseLibrary/2.2.0/baseLibrary-2.2.0.jar
7fd923968000-7fd92397b000 r--s 00236000 08:02 3779712                    /home/ankit/Downloads/android-studio/gradle/m2repository/org/eclipse/jdt/core/compiler/ecj/4.5.1/ecj-4.5.1.jar
7fd92397b000-7fd923982000 r--s 000c3000 08:02 3927174                    /home/ankit/Downloads/android-studio/gradle/m2repository/com/android/tools/lint/lint-checks/25.2.0/lint-checks-25.2.0.jar
7fd923982000-7fd923984000 r--s 00006000 08:02 3754422                    /home/ankit/Downloads/android-studio/gradle/m2repository/org/ow2/asm/asm-tree/5.0.4/asm-tree-5.0.4.jar
7fd923984000-7fd9239b7000 r--s 00203000 08:02 3753331                    /home/ankit/Downloads/android-studio/gradle/m2repository/org/bouncycastle/bcprov-jdk15on/1.48/bcprov-jdk15on-1.48.jar
7fd9239b7000-7fd9239c5000 r--s 00081000 08:02 3753336                    /home/ankit/Downloads/android-studio/gradle/m2repository/org/bouncycastle/bcpkix-jdk15on/1.48/bcpkix-jdk15on-1.48.jar
7fd9239c5000-7fd9239c7000 r--s 00002000 08:02 3753458                    /home/ankit/Downloads/android-studio/gradle/m2repository/com/squareup/javawriter/2.5.0/javawriter-2.5.0.jar
7fd9239c7000-7fd9239c8000 r--s 00002000 08:02 4009078                    /home/ankit/Downloads/android-studio/gradle/m2repository/com/android/tools/analytics-library/tracker/25.2.0/tracker-25.2.0.jar
7fd9239c8000-7fd9239ca000 r--s 00003000 08:02 4009086                    /home/ankit/Downloads/android-studio/gradle/m2repository/com/android/tools/analytics-library/shared/25.2.0/shared-25.2.0.jar
7fd9239ca000-7fd9239d7000 r--s 000ed000 08:02 4009082                    /home/ankit/Downloads/android-studio/gradle/m2repository/com/android/tools/analytics-library/protos/25.2.0/protos-25.2.0.jar
7fd9239d7000-7fd9239d8000 r--s 00001000 08:02 3753578                    /home/ankit/Downloads/android-studio/gradle/m2repository/com/android/tools/jill/jill-api/0.10.0/jill-api-0.10.0.jar
7fd9239d8000-7fd9239da000 r--s 00003000 08:02 4024806                    /home/ankit/Downloads/android-studio/gradle/m2repository/com/android/tools/jack/jack-api/0.11.0/jack-api-0.11.0.jar
7fd9239da000-7fd9239df000 r--s 0004a000 08:02 3918754                    /home/ankit/Downloads/android-studio/gradle/m2repository/com/android/tools/ddms/ddmlib/25.2.0/ddmlib-25.2.0.jar
7fd9239df000-7fd9239e2000 r--s 00021000 08:02 3910779                    /home/ankit/Downloads/android-studio/gradle/m2repository/com/android/tools/build/manifest-merger/25.2.0/manifest-merger-25.2.0.jar
7fd9239e2000-7fd9239e4000 r--s 0001c000 08:02 4031682                    /home/ankit/Downloads/android-studio/gradle/m2repository/com/android/tools/common/25.2.0/common-25.2.0.jar
7fd9239e4000-7fd9239ed000 r--s 00083000 08:02 3885105                    /home/ankit/Downloads/android-studio/gradle/m2repository/com/android/tools/sdk-common/25.2.0/sdk-common-25.2.0.jar
7fd9239ed000-7fd9239f8000 r--s 0008e000 08:02 4024802                    /home/ankit/Downloads/android-studio/gradle/m2repository/com/android/tools/sdklib/25.2.0/sdklib-25.2.0.jar
7fd9239f8000-7fd923a00000 r--s 0007b000 08:02 3819714                    /home/ankit/Downloads/android-studio/gradle/m2repository/com/google/protobuf/protobuf-java/2.5.0/protobuf-java-2.5.0.jar
7fd923a00000-7fd923c00000 rw-p 00000000 00:00 0 
7fd923c00000-7fd923e00000 rw-p 00000000 00:00 0 
7fd923e00000-7fd924000000 rw-p 00000000 00:00 0 
7fd924000000-7fd924021000 rw-p 00000000 00:00 0 
7fd924021000-7fd928000000 ---p 00000000 00:00 0 
7fd928000000-7fd928021000 rw-p 00000000 00:00 0 
7fd928021000-7fd92c000000 ---p 00000000 00:00 0 
7fd92c000000-7fd92c021000 rw-p 00000000 00:00 0 
7fd92c021000-7fd930000000 ---p 00000000 00:00 0 
7fd930000000-7fd93140e000 rw-p 00000000 00:00 0 
7fd93140e000-7fd934000000 ---p 00000000 00:00 0 
7fd934000000-7fd934021000 rw-p 00000000 00:00 0 
7fd934021000-7fd938000000 ---p 00000000 00:00 0 
7fd938000000-7fd938021000 rw-p 00000000 00:00 0 
7fd938021000-7fd93c000000 ---p 00000000 00:00 0 
7fd93c000000-7fd93c021000 rw-p 00000000 00:00 0 
7fd93c021000-7fd940000000 ---p 00000000 00:00 0 
7fd940000000-7fd940073000 rw-p 00000000 00:00 0 
7fd940073000-7fd944000000 ---p 00000000 00:00 0 
7fd944000000-7fd944021000 rw-p 00000000 00:00 0 
7fd944021000-7fd948000000 ---p 00000000 00:00 0 
7fd948000000-7fd948021000 rw-p 00000000 00:00 0 
7fd948021000-7fd94c000000 ---p 00000000 00:00 0 
7fd94c000000-7fd94de2e000 rw-p 00000000 00:00 0 
7fd94de2e000-7fd950000000 ---p 00000000 00:00 0 
7fd950000000-7fd950c70000 rw-p 00000000 00:00 0 
7fd950c70000-7fd954000000 ---p 00000000 00:00 0 
7fd954000000-7fd954021000 rw-p 00000000 00:00 0 
7fd954021000-7fd958000000 ---p 00000000 00:00 0 
7fd958000000-7fd95a64b000 rw-p 00000000 00:00 0 
7fd95a64b000-7fd95c000000 ---p 00000000 00:00 0 
7fd95c000000-7fd95c021000 rw-p 00000000 00:00 0 
7fd95c021000-7fd960000000 ---p 00000000 00:00 0 
7fd960000000-7fd960021000 rw-p 00000000 00:00 0 
7fd960021000-7fd964000000 ---p 00000000 00:00 0 
7fd964000000-7fd96412e000 rw-p 00000000 00:00 0 
7fd96412e000-7fd968000000 ---p 00000000 00:00 0 
7fd968000000-7fd968378000 rw-p 00000000 00:00 0 
7fd968378000-7fd96c000000 ---p 00000000 00:00 0 
7fd96c000000-7fd96c022000 rw-p 00000000 00:00 0 
7fd96c022000-7fd970000000 ---p 00000000 00:00 0 
7fd970000000-7fd970001000 r--s 00002000 08:02 3894391                    /home/ankit/Downloads/android-studio/gradle/m2repository/com/android/tools/build/builder-test-api/2.2.0/builder-test-api-2.2.0.jar
7fd970001000-7fd970004000 r--s 00005000 08:02 3754438                    /home/ankit/Downloads/android-studio/gradle/m2repository/com/android/tools/build/builder-model/2.2.0/builder-model-2.2.0.jar
7fd970004000-7fd970006000 r--s 0000f000 08:02 4041488                    /home/ankit/Downloads/android-studio/gradle/m2repository/net/sf/jopt-simple/jopt-simple/4.9/jopt-simple-4.9.jar
7fd970006000-7fd97000a000 r--s 0001f000 08:02 3795671                    /home/ankit/Downloads/android-studio/gradle/m2repository/org/jacoco/org.jacoco.report/0.7.5.201505241946/org.jacoco.report-0.7.5.201505241946.jar
7fd97000a000-7fd97000e000 r--s 0001d000 08:02 3787900                    /home/ankit/Downloads/android-studio/gradle/m2repository/org/jacoco/org.jacoco.core/0.7.5.201505241946/org.jacoco.core-0.7.5.201505241946.jar
7fd97000e000-7fd97000f000 r--s 00002000 08:02 3760221                    /home/ankit/Downloads/android-studio/gradle/m2repository/net/sf/proguard/proguard-gradle/5.2.1/proguard-gradle-5.2.1.jar
7fd97000f000-7fd970011000 r--s 00009000 08:02 3779703                    /home/ankit/Downloads/android-studio/gradle/m2repository/org/ow2/asm/asm-commons/5.0.4/asm-commons-5.0.4.jar
7fd970011000-7fd970013000 r--s 0000c000 08:02 3779709                    /home/ankit/Downloads/android-studio/gradle/m2repository/org/ow2/asm/asm/5.0.4/asm-5.0.4.jar
7fd970013000-7fd970017000 r--s 0002b000 08:02 3853442                    /home/ankit/Downloads/android-studio/gradle/m2repository/com/android/databinding/compilerCommon/2.2.0/compilerCommon-2.2.0.jar
7fd970017000-7fd970018000 r--s 00002000 08:02 3894401                    /home/ankit/Downloads/android-studio/gradle/m2repository/com/android/tools/build/gradle-api/2.2.0/gradle-api-2.2.0.jar
7fd970018000-7fd970019000 r--s 00000000 08:02 3753573                    /home/ankit/Downloads/android-studio/gradle/m2repository/com/android/tools/build/transform-api/2.0.0-deprecated-use-gradle-api/transform-api-2.0.0-deprecated-use-gradle-api.jar
7fd970019000-7fd97001e000 r--s 00053000 08:02 4017271                    /home/ankit/Downloads/android-studio/gradle/m2repository/com/android/tools/lint/lint/25.2.0/lint-25.2.0.jar
7fd97001e000-7fd970035000 r--s 0015d000 08:02 3885097                    /home/ankit/Downloads/android-studio/gradle/m2repository/com/android/tools/build/builder/2.2.0/builder-2.2.0.jar
7fd970035000-7fd970052000 r--s 0019c000 08:02 3910782                    /home/ankit/Downloads/android-studio/gradle/m2repository/com/android/tools/build/gradle-core/2.2.0/gradle-core-2.2.0.jar
7fd970052000-7fd970054000 r--s 0000d000 08:02 3802336                    /home/ankit/Downloads/android-studio/gradle/m2repository/com/android/tools/build/gradle/2.2.0/gradle-2.2.0.jar
7fd970054000-7fd970057000 ---p 00000000 00:00 0 
7fd970057000-7fd970155000 rw-p 00000000 00:00 0 
7fd970155000-7fd970158000 ---p 00000000 00:00 0 
7fd970158000-7fd97018e000 rw-p 00000000 00:00 0 
7fd97018e000-7fd97018f000 r--p 00000000 00:00 0 
7fd97018f000-7fd97038f000 rw-p 00000000 00:00 0 
7fd97038f000-7fd97058f000 rw-p 00000000 00:00 0 
7fd97058f000-7fd97078f000 rw-p 00000000 00:00 0 
7fd97078f000-7fd970807000 r--s 010e6000 08:02 158507                     /usr/lib/jvm/java-8-oracle/lib/tools.jar
7fd970807000-7fd970a07000 rw-p 00000000 00:00 0 
7fd970a07000-7fd970a0a000 ---p 00000000 00:00 0 
7fd970a0a000-7fd970b08000 rw-p 00000000 00:00 0 
7fd970b08000-7fd970b0b000 ---p 00000000 00:00 0 
7fd970b0b000-7fd970c09000 rw-p 00000000 00:00 0 
7fd970c09000-7fd970c0c000 ---p 00000000 00:00 0 
7fd970c0c000-7fd970d0a000 rw-p 00000000 00:00 0 
7fd970d0a000-7fd970d0d000 ---p 00000000 00:00 0 
7fd970d0d000-7fd970e0b000 rw-p 00000000 00:00 0 
7fd970e0b000-7fd970e0e000 ---p 00000000 00:00 0 
7fd970e0e000-7fd970f0c000 rw-p 00000000 00:00 0 
7fd970f0c000-7fd970f0f000 ---p 00000000 00:00 0 
7fd970f0f000-7fd97100d000 rw-p 00000000 00:00 0 
7fd97100d000-7fd971014000 r--s 00000000 08:02 109538                     /usr/lib/x86_64-linux-gnu/gconv/gconv-modules.cache
7fd971014000-7fd971214000 rw-p 00000000 00:00 0 
7fd971214000-7fd971217000 ---p 00000000 00:00 0 
7fd971217000-7fd971315000 rw-p 00000000 00:00 0 
7fd971315000-7fd971318000 ---p 00000000 00:00 0 
7fd971318000-7fd971416000 rw-p 00000000 00:00 0 
7fd971416000-7fd97141f000 r-xp 00000000 08:02 200010                     /usr/lib/jvm/java-8-oracle/jre/lib/amd64/libmanagement.so
7fd97141f000-7fd97161e000 ---p 00009000 08:02 200010                     /usr/lib/jvm/java-8-oracle/jre/lib/amd64/libmanagement.so
7fd97161e000-7fd97161f000 rw-p 00008000 08:02 200010                     /usr/lib/jvm/java-8-oracle/jre/lib/amd64/libmanagement.so
7fd97161f000-7fd971623000 r--s 00097000 08:02 182569                     /usr/lib/jvm/java-8-oracle/jre/lib/jsse.jar
7fd971623000-7fd971625000 r--s 00007000 08:02 3402085                    /home/ankit/Downloads/android-studio/gradle/gradle-2.14.1/lib/plugins/gradle-tooling-api-builders-2.14.1.jar
7fd971625000-7fd971628000 r--s 00008000 08:02 3402081                    /home/ankit/Downloads/android-studio/gradle/gradle-2.14.1/lib/plugins/gradle-testing-native-2.14.1.jar
7fd971628000-7fd97162a000 r--s 00009000 08:02 3402371                    /home/ankit/Downloads/android-studio/gradle/gradle-2.14.1/lib/plugins/hamcrest-core-1.3.jar
7fd97162a000-7fd971630000 r--s 00033000 08:02 3402325                    /home/ankit/Downloads/android-studio/gradle/gradle-2.14.1/lib/plugins/snakeyaml-1.6.jar
7fd971630000-7fd971632000 r--s 00006000 08:02 3402336                    /home/ankit/Downloads/android-studio/gradle/gradle-2.14.1/lib/plugins/jcommander-1.12.jar
7fd971632000-7fd971637000 r--s 00040000 08:02 3402324                    /home/ankit/Downloads/android-studio/gradle/gradle-2.14.1/lib/plugins/bsh-2.0b4.jar
7fd971637000-7fd971640000 r--s 00089000 08:02 3402339                    /home/ankit/Downloads/android-studio/gradle/gradle-2.14.1/lib/plugins/testng-6.3.1.jar
7fd971640000-7fd971648000 r--s 00045000 08:02 3402343                    /home/ankit/Downloads/android-studio/gradle/gradle-2.14.1/lib/plugins/junit-4.12.jar
7fd971648000-7fd97164e000 r--s 0002e000 08:02 3402091                    /home/ankit/Downloads/android-studio/gradle/gradle-2.14.1/lib/plugins/gradle-testing-jvm-2.14.1.jar
7fd97164e000-7fd971653000 r--s 00015000 08:02 3402095                    /home/ankit/Downloads/android-studio/gradle/gradle-2.14.1/lib/plugins/gradle-testing-base-2.14.1.jar
7fd971653000-7fd971654000 r--s 00002000 08:02 3402342                    /home/ankit/Downloads/android-studio/gradle/gradle-2.14.1/lib/plugins/sonar-batch-bootstrapper-2.9.jar
7fd971654000-7fd971657000 r--s 00015000 08:02 3402090                    /home/ankit/Downloads/android-studio/gradle/gradle-2.14.1/lib/plugins/gradle-sonar-2.14.1.jar
7fd971657000-7fd97165e000 r--s 00038000 08:02 3402356                    /home/ankit/Downloads/android-studio/gradle/gradle-2.14.1/lib/plugins/bcpg-jdk15on-1.51.jar
7fd97165e000-7fd971660000 r--s 0000d000 08:02 3402293                    /home/ankit/Downloads/android-studio/gradle/gradle-2.14.1/lib/plugins/gradle-signing-2.14.1.jar
7fd971660000-7fd971663000 r--s 00009000 08:02 3402099                    /home/ankit/Downloads/android-studio/gradle/gradle-2.14.1/lib/plugins/gradle-scala-2.14.1.jar
7fd971663000-7fd971664000 r--s 00004000 08:02 3402295                    /home/ankit/Downloads/android-studio/gradle/gradle-2.14.1/lib/plugins/gradle-resources-sftp-2.14.1.jar
7fd971664000-7fd971674000 r--s 00088000 08:02 3402329                    /home/ankit/Downloads/android-studio/gradle/gradle-2.14.1/lib/plugins/joda-time-2.8.2.jar
7fd971674000-7fd971685000 r--s 000cf000 08:02 3402375                    /home/ankit/Downloads/android-studio/gradle/gradle-2.14.1/lib/plugins/jackson-databind-2.3.2.jar
7fd971685000-7fd971687000 r--s 00007000 08:02 3402352                    /home/ankit/Downloads/android-studio/gradle/gradle-2.14.1/lib/plugins/jackson-annotations-2.3.2.jar
7fd971687000-7fd97168a000 r--s 0002e000 08:02 3402358                    /home/ankit/Downloads/android-studio/gradle/gradle-2.14.1/lib/plugins/jackson-core-2.3.2.jar
7fd97168a000-7fd971695000 r--s 0006b000 08:02 3402381                    /home/ankit/Downloads/android-studio/gradle/gradle-2.14.1/lib/plugins/aws-java-sdk-core-1.9.19.jar
7fd971695000-7fd97169b000 r--s 00036000 08:02 3402351                    /home/ankit/Downloads/android-studio/gradle/gradle-2.14.1/lib/plugins/aws-java-sdk-kms-1.9.19.jar
7fd97169b000-7fd9716a6000 r--s 00079000 08:02 3402341                    /home/ankit/Downloads/android-studio/gradle/gradle-2.14.1/lib/plugins/aws-java-sdk-s3-1.9.19.jar
7fd9716a6000-7fd9716a7000 r--s 00003000 08:02 3402305                    /home/ankit/Downloads/android-studio/gradle/gradle-2.14.1/lib/plugins/gradle-resources-s3-2.14.1.jar
7fd9716a7000-7fd9716a9000 r--s 00005000 08:02 3402370                    /home/ankit/Downloads/android-studio/gradle/gradle-2.14.1/lib/plugins/jatl-0.2.2.jar
7fd9716a9000-7fd9716ab000 r--s 0000f000 08:02 3402311                    /home/ankit/Downloads/android-studio/gradle/gradle-2.14.1/lib/plugins/gradle-reporting-2.14.1.jar
7fd9716ab000-7fd9716ad000 r--s 00002000 08:02 3402252                    /home/ankit/Downloads/android-studio/gradle/gradle-2.14.1/lib/plugins/gradle-publish-2.14.1.jar
7fd9716ad000-7fd9716af000 r--s 00009000 08:02 3402334                    /home/ankit/Downloads/android-studio/gradle/gradle-2.14.1/lib/plugins/commons-cli-1.2.jar
7fd9716af000-7fd9716b5000 r--s 00033000 08:02 3402098                    /home/ankit/Downloads/android-studio/gradle/gradle-2.14.1/lib/plugins/gradle-plugins-2.14.1.jar
7fd9716b5000-7fd9716b7000 r--s 00007000 08:02 3402083                    /home/ankit/Downloads/android-studio/gradle/gradle-2.14.1/lib/plugins/gradle-plugin-development-2.14.1.jar
7fd9716b7000-7fd9716bd000 r--s 0002a000 08:02 3402292                    /home/ankit/Downloads/android-studio/gradle/gradle-2.14.1/lib/plugins/gradle-platform-play-2.14.1.jar
7fd9716bd000-7fd9716ca000 r--s 0004d000 08:02 3402291                    /home/ankit/Downloads/android-studio/gradle/gradle-2.14.1/lib/plugins/gradle-platform-native-2.14.1.jar
7fd9716ca000-7fd9716ce000 r--s 0001a000 08:02 3402304                    /home/ankit/Downloads/android-studio/gradle/gradle-2.14.1/lib/plugins/gradle-platform-jvm-2.14.1.jar
7fd9716ce000-7fd9716d5000 r--s 00029000 08:02 3402097                    /home/ankit/Downloads/android-studio/gradle/gradle-2.14.1/lib/plugins/gradle-platform-base-2.14.1.jar
7fd9716d5000-7fd9716f6000 r--s 001c3000 08:02 3402322                    /home/ankit/Downloads/android-studio/gradle/gradle-2.14.1/lib/plugins/bndlib-2.4.0.jar
7fd9716f6000-7fd9716f8000 r--s 00003000 08:02 3402306                    /home/ankit/Downloads/android-studio/gradle/gradle-2.14.1/lib/plugins/gradle-osgi-2.14.1.jar
7fd9716f8000-7fd9716fb000 r--s 0000c000 08:02 3402378                    /home/ankit/Downloads/android-studio/gradle/gradle-2.14.1/lib/plugins/pmaven-groovy-0.8-20100325.jar
7fd9716fb000-7fd9716fc000 r--s 00004000 08:02 3402369                    /home/ankit/Downloads/android-studio/gradle/gradle-2.14.1/lib/plugins/pmaven-common-0.8-20100325.jar
7fd9716fc000-7fd971702000 r--s 00022000 08:02 3402096                    /home/ankit/Downloads/android-studio/gradle/gradle-2.14.1/lib/plugins/gradle-maven-2.14.1.jar
7fd971702000-7fd971704000 r--s 0000a000 08:02 3402088                    /home/ankit/Downloads/android-studio/gradle/gradle-2.14.1/lib/plugins/gradle-language-scala-2.14.1.jar
7fd971704000-7fd97170a000 r--s 0001a000 08:02 3402092                    /home/ankit/Downloads/android-studio/gradle/gradle-2.14.1/lib/plugins/gradle-language-native-2.14.1.jar
7fd97170a000-7fd97170c000 r--s 00008000 08:02 3402084                    /home/ankit/Downloads/android-studio/gradle/gradle-2.14.1/lib/plugins/gradle-language-jvm-2.14.1.jar
7fd97170c000-7fd971712000 r--s 00024000 08:02 3402300                    /home/ankit/Downloads/android-studio/gradle/gradle-2.14.1/lib/plugins/gradle-language-java-2.14.1.jar
7fd971712000-7fd971714000 r--s 0000a000 08:02 3402290                    /home/ankit/Downloads/android-studio/gradle/gradle-2.14.1/lib/plugins/gradle-language-groovy-2.14.1.jar
7fd971714000-7fd971717000 r--s 0001e000 08:02 3402319                    /home/ankit/Downloads/android-studio/gradle/gradle-2.14.1/lib/plugins/jsp-api-2.1-6.1.14.jar
7fd971717000-7fd97173a000 r--s 00344000 08:02 3402353                    /home/ankit/Downloads/android-studio/gradle/gradle-2.14.1/lib/plugins/core-3.1.1.jar
7fd97173a000-7fd97173b000 r--s 00006000 08:02 3402376                    /home/ankit/Downloads/android-studio/gradle/gradle-2.14.1/lib/plugins/jetty-naming-6.1.25.jar
7fd97173b000-7fd97173c000 r--s 00002000 08:02 3402349                    /home/ankit/Downloads/android-studio/gradle/gradle-2.14.1/lib/plugins/geronimo-annotation_1.0_spec-1.0.jar
7fd97173c000-7fd97173e000 r--s 00002000 08:02 3402373                    /home/ankit/Downloads/android-studio/gradle/gradle-2.14.1/lib/plugins/jetty-annotations-6.1.25.jar
7fd97173e000-7fd97174f000 r--s 000ea000 08:02 3402379                    /home/ankit/Downloads/android-studio/gradle/gradle-2.14.1/lib/plugins/jsp-2.1-6.1.14.jar
7fd97174f000-7fd971751000 r--s 0000d000 08:02 3402354                    /home/ankit/Downloads/android-studio/gradle/gradle-2.14.1/lib/plugins/jetty-plus-6.1.25.jar
7fd971751000-7fd971753000 r--s 0001f000 08:02 3402385                    /home/ankit/Downloads/android-studio/gradle/gradle-2.14.1/lib/plugins/servlet-api-2.5-20081211.jar
7fd971753000-7fd971757000 r--s 00028000 08:02 3402337                    /home/ankit/Downloads/android-studio/gradle/gradle-2.14.1/lib/plugins/jetty-util-6.1.25.jar
7fd971757000-7fd97175e000 r--s 0007d000 08:02 3402344                    /home/ankit/Downloads/android-studio/gradle/gradle-2.14.1/lib/plugins/jetty-6.1.25.jar
7fd97175e000-7fd971760000 r--s 00009000 08:02 3402309                    /home/ankit/Downloads/android-studio/gradle/gradle-2.14.1/lib/plugins/gradle-jetty-2.14.1.jar
7fd971760000-7fd971767000 r--s 00035000 08:02 3402382                    /home/ankit/Downloads/android-studio/gradle/gradle-2.14.1/lib/plugins/simple-4.1.21.jar
7fd971767000-7fd971773000 r--s 00100000 08:02 3402330                    /home/ankit/Downloads/android-studio/gradle/gradle-2.14.1/lib/plugins/rhino-1.7R3.jar
7fd971773000-7fd971777000 r--s 00011000 08:02 3402297                    /home/ankit/Downloads/android-studio/gradle/gradle-2.14.1/lib/plugins/gradle-javascript-2.14.1.jar
7fd971777000-7fd971779000 r--s 0000c000 08:02 3402317                    /home/ankit/Downloads/android-studio/gradle/gradle-2.14.1/lib/plugins/gradle-jacoco-2.14.1.jar
7fd971779000-7fd97177c000 r--s 0000e000 08:02 3402316                    /home/ankit/Downloads/android-studio/gradle/gradle-2.14.1/lib/plugins/gradle-ivy-2.14.1.jar
7fd97177c000-7fd97177d000 r--s 00002000 08:02 3402313                    /home/ankit/Downloads/android-studio/gradle/gradle-2.14.1/lib/plugins/gradle-ide-play-2.14.1.jar
7fd97177d000-7fd971782000 r--s 0002b000 08:02 3402310                    /home/ankit/Downloads/android-studio/gradle/gradle-2.14.1/lib/plugins/gradle-ide-native-2.14.1.jar
7fd971782000-7fd97178d000 r--s 00066000 08:02 3402089                    /home/ankit/Downloads/android-studio/gradle/gradle-2.14.1/lib/plugins/gradle-ide-2.14.1.jar
7fd97178d000-7fd97178e000 r--s 00008000 08:02 3402087                    /home/ankit/Downloads/android-studio/gradle/gradle-2.14.1/lib/plugins/gradle-ear-2.14.1.jar
7fd97178e000-7fd971794000 r--s 00032000 08:02 3402094                    /home/ankit/Downloads/android-studio/gradle/gradle-2.14.1/lib/plugins/gradle-diagnostics-2.14.1.jar
7fd971794000-7fd971798000 r--s 00021000 08:02 3402312                    /home/ankit/Downloads/android-studio/gradle/gradle-2.14.1/lib/plugins/gradle-code-quality-2.14.1.jar
7fd971798000-7fd97179c000 r--s 0001f000 08:02 3402093                    /home/ankit/Downloads/android-studio/gradle/gradle-2.14.1/lib/plugins/gradle-build-init-2.14.1.jar
7fd97179c000-7fd9717a3000 r--s 0008e000 08:02 3402314                    /home/ankit/Downloads/android-studio/gradle/gradle-2.14.1/lib/plugins/gradle-build-comparison-2.14.1.jar
7fd9717a3000-7fd9717a5000 r--s 00008000 08:02 3402302                    /home/ankit/Downloads/android-studio/gradle/gradle-2.14.1/lib/plugins/gradle-antlr-2.14.1.jar
7fd9717a5000-7fd9717a7000 r--s 00004000 08:02 3402315                    /home/ankit/Downloads/android-studio/gradle/gradle-2.14.1/lib/plugins/gradle-announce-2.14.1.jar
7fd9717a7000-7fd9717bf000 r--s 00115000 08:02 3402347                    /home/ankit/Downloads/android-studio/gradle/gradle-2.14.1/lib/plugins/xercesImpl-2.9.1.jar
7fd9717bf000-7fd9717c7000 r--s 00028000 08:02 3402366                    /home/ankit/Downloads/android-studio/gradle/gradle-2.14.1/lib/plugins/xml-apis-1.3.04.jar
7fd9717c7000-7fd9717cd000 r--s 0005b000 08:02 3402359                    /home/ankit/Downloads/android-studio/gradle/gradle-2.14.1/lib/plugins/jcifs-1.3.17.jar
7fd9717cd000-7fd9717d4000 r--s 00049000 08:02 3402296                    /home/ankit/Downloads/android-studio/gradle/gradle-2.14.1/lib/plugins/httpcore-4.4.4.jar
7fd9717d4000-7fd9717da000 r--s 00033000 08:02 3402328                    /home/ankit/Downloads/android-studio/gradle/gradle-2.14.1/lib/plugins/commons-codec-1.6.jar
7fd9717da000-7fd9717dd000 r--s 0001c000 08:02 3402326                    /home/ankit/Downloads/android-studio/gradle/gradle-2.14.1/lib/plugins/nekohtml-1.9.14.jar
7fd9717dd000-7fd9717ea000 r--s 000a4000 08:02 3402307                    /home/ankit/Downloads/android-studio/gradle/gradle-2.14.1/lib/plugins/httpclient-4.4.1.jar
7fd9717ea000-7fd9717ec000 r--s 0000a000 08:02 3402082                    /home/ankit/Downloads/android-studio/gradle/gradle-2.14.1/lib/plugins/gradle-resources-http-2.14.1.jar
7fd9717ec000-7fd9717f0000 r--s 00014000 08:02 3402294                    /home/ankit/Downloads/android-studio/gradle/gradle-2.14.1/lib/plugins/gradle-plugin-use-2.14.1.jar
7fd9717f0000-7fd9717f1000 r--s 00000000 08:02 3394352                    /home/ankit/Downloads/android-studio/gradle/gradle-2.14.1/lib/gradle-installation-beacon-2.14.1.jar
7fd9717f1000-7fd9717f2000 r--s 00007000 08:02 3402335                    /home/ankit/Downloads/android-studio/gradle/gradle-2.14.1/lib/plugins/wagon-http-shared4-2.4.jar
7fd9717f2000-7fd9717f6000 r--s 00033000 08:02 3402372                    /home/ankit/Downloads/android-studio/gradle/gradle-2.14.1/lib/plugins/plexus-utils-2.0.6.jar
7fd9717f6000-7fd9717fa000 r--s 00021000 08:02 3402361                    /home/ankit/Downloads/android-studio/gradle/gradle-2.14.1/lib/plugins/maven-model-builder-3.0.4.jar
7fd9717fa000-7fd9717fb000 r--s 00002000 08:02 3402327                    /home/ankit/Downloads/android-studio/gradle/gradle-2.14.1/lib/plugins/wagon-file-2.4.jar
7fd9717fb000-7fd9717fd000 r--s 00002000 08:02 3402368                    /home/ankit/Downloads/android-studio/gradle/gradle-2.14.1/lib/plugins/plexus-cipher-1.7.jar
7fd9717fd000-7fd971800000 r--s 00013000 08:02 3402384                    /home/ankit/Downloads/android-studio/gradle/gradle-2.14.1/lib/plugins/aether-api-1.13.1.jar
7fd971800000-7fd971802000 r--s 0000a000 08:02 3402338                    /home/ankit/Downloads/android-studio/gradle/gradle-2.14.1/lib/plugins/maven-settings-3.0.4.jar
7fd971802000-7fd971804000 r--s 0000d000 08:02 3402362                    /home/ankit/Downloads/android-studio/gradle/gradle-2.14.1/lib/plugins/plexus-interpolation-1.14.jar
7fd971804000-7fd971806000 r--s 0000b000 08:02 3402377                    /home/ankit/Downloads/android-studio/gradle/gradle-2.14.1/lib/plugins/maven-artifact-3.0.4.jar
7fd971806000-7fd97180d000 r--s 0002e000 08:02 3402332                    /home/ankit/Downloads/android-studio/gradle/gradle-2.14.1/lib/plugins/plexus-container-default-1.5.5.jar
7fd97180d000-7fd97180f000 r--s 0000b000 08:02 3402355                    /home/ankit/Downloads/android-studio/gradle/gradle-2.14.1/lib/plugins/maven-plugin-api-3.0.4.jar
7fd97180f000-7fd971811000 r--s 00000000 08:02 3402357                    /home/ankit/Downloads/android-studio/gradle/gradle-2.14.1/lib/plugins/plexus-component-annotations-1.5.5.jar
7fd971811000-7fd971817000 r--s 0003f000 08:02 3402363                    /home/ankit/Downloads/android-studio/gradle/gradle-2.14.1/lib/plugins/maven-compat-3.0.4.jar
7fd971817000-7fd97181a000 r--s 00008000 08:02 3402345                    /home/ankit/Downloads/android-studio/gradle/gradle-2.14.1/lib/plugins/maven-settings-builder-3.0.4.jar
7fd97181a000-7fd97181c000 r--s 00026000 08:02 3402383                    /home/ankit/Downloads/android-studio/gradle/gradle-2.14.1/lib/plugins/maven-model-3.0.4.jar
7fd97181c000-7fd97181e000 r--s 00006000 08:02 3402374                    /home/ankit/Downloads/android-studio/gradle/gradle-2.14.1/lib/plugins/aether-connector-wagon-1.13.1.jar
7fd97181e000-7fd971820000 r--s 0000a000 08:02 3402333                    /home/ankit/Downloads/android-studio/gradle/gradle-2.14.1/lib/plugins/plexus-classworlds-2.4.jar
7fd971820000-7fd971822000 r--s 00006000 08:02 3402364                    /home/ankit/Downloads/android-studio/gradle/gradle-2.14.1/lib/plugins/maven-repository-metadata-3.0.4.jar
7fd971822000-7fd971824000 r--s 0000c000 08:02 3402348                    /home/ankit/Downloads/android-studio/gradle/gradle-2.14.1/lib/plugins/maven-aether-provider-3.0.4.jar
7fd971824000-7fd971826000 r--s 0000b000 08:02 3402340                    /home/ankit/Downloads/android-studio/gradle/gradle-2.14.1/lib/plugins/wagon-provider-api-2.4.jar
7fd971826000-7fd97182a000 r--s 0001c000 08:02 3402380                    /home/ankit/Downloads/android-studio/gradle/gradle-2.14.1/lib/plugins/aether-util-1.13.1.jar
7fd97182a000-7fd97182d000 r--s 0001d000 08:02 3402360                    /home/ankit/Downloads/android-studio/gradle/gradle-2.14.1/lib/plugins/aether-impl-1.13.1.jar
7fd97182d000-7fd971832000 r--s 00040000 08:02 3402321                    /home/ankit/Downloads/android-studio/gradle/gradle-2.14.1/lib/plugins/jsch-0.1.53.jar
7fd971832000-7fd971872000 r--s 00277000 08:02 3402323                    /home/ankit/Downloads/android-studio/gradle/gradle-2.14.1/lib/plugins/bcprov-jdk15on-1.51.jar
7fd971872000-7fd971876000 r--s 0001d000 08:02 3402350                    /home/ankit/Downloads/android-studio/gradle/gradle-2.14.1/lib/plugins/xbean-reflect-3.4.jar
7fd971876000-7fd971882000 r--s 0007d000 08:02 3402367                    /home/ankit/Downloads/android-studio/gradle/gradle-2.14.1/lib/plugins/maven-core-3.0.4.jar
7fd971882000-7fd971887000 r--s 0002a000 08:02 3402346                    /home/ankit/Downloads/android-studio/gradle/gradle-2.14.1/lib/plugins/gson-2.2.4.jar
7fd971887000-7fd971896000 r--s 000d9000 08:02 3402331                    /home/ankit/Downloads/android-studio/gradle/gradle-2.14.1/lib/plugins/ivy-2.2.0.jar
7fd971896000-7fd9718ac000 r-xp 00000000 08:02 2624314                    /lib/x86_64-linux-gnu/libgcc_s.so.1
7fd9718ac000-7fd971aab000 ---p 00016000 08:02 2624314                    /lib/x86_64-linux-gnu/libgcc_s.so.1
7fd971aab000-7fd971aac000 r--p 00015000 08:02 2624314                    /lib/x86_64-linux-gnu/libgcc_s.so.1
7fd971aac000-7fd971aad000 rw-p 00016000 08:02 2624314                    /lib/x86_64-linux-gnu/libgcc_s.so.1
7fd971aad000-7fd971c20000 r-xp 00000000 08:02 61223                      /usr/lib/x86_64-linux-gnu/libstdc++.so.6.0.21
7fd971c20000-7fd971e1f000 ---p 00173000 08:02 61223                      /usr/lib/x86_64-linux-gnu/libstdc++.so.6.0.21
7fd971e1f000-7fd971e29000 r--p 00172000 08:02 61223                      /usr/lib/x86_64-linux-gnu/libstdc++.so.6.0.21
7fd971e29000-7fd971e2b000 rw-p 0017c000 08:02 61223                      /usr/lib/x86_64-linux-gnu/libstdc++.so.6.0.21
7fd971e2b000-7fd971e2f000 rw-p 00000000 00:00 0 
7fd971e2f000-7fd971e30000 r--s 00002000 08:02 3402318                    /home/ankit/Downloads/android-studio/gradle/gradle-2.14.1/lib/plugins/wagon-http-2.4.jar
7fd971e30000-7fd971e31000 r--s 00003000 08:02 3402320                    /home/ankit/Downloads/android-studio/gradle/gradle-2.14.1/lib/plugins/aether-spi-1.13.1.jar
7fd971e31000-7fd971e32000 r--s 00006000 08:02 3402365                    /home/ankit/Downloads/android-studio/gradle/gradle-2.14.1/lib/plugins/plexus-sec-dispatcher-1.3.jar
7fd971e32000-7fd971e4e000 r--s 000d3000 08:02 3402161                    /home/ankit/Downloads/android-studio/gradle/gradle-2.14.1/lib/plugins/gradle-dependency-management-2.14.1.jar
7fd971e4e000-7fd971e52000 r-xp 00000000 08:02 3391672                    /home/ankit/.gradle/native/19/linux-amd64/libnative-platform.so
7fd971e52000-7fd972051000 ---p 00004000 08:02 3391672                    /home/ankit/.gradle/native/19/linux-amd64/libnative-platform.so
7fd972051000-7fd972052000 rw-p 00003000 08:02 3391672                    /home/ankit/.gradle/native/19/linux-amd64/libnative-platform.so
7fd972052000-7fd972063000 r-xp 00000000 08:02 199999                     /usr/lib/jvm/java-8-oracle/jre/lib/amd64/libnio.so
7fd972063000-7fd972262000 ---p 00011000 08:02 199999                     /usr/lib/jvm/java-8-oracle/jre/lib/amd64/libnio.so
7fd972262000-7fd972263000 rw-p 00010000 08:02 199999                     /usr/lib/jvm/java-8-oracle/jre/lib/amd64/libnio.so
7fd972263000-7fd972564000 rw-p 00000000 00:00 0 
7fd972564000-7fd97257a000 r-xp 00000000 08:02 199974                     /usr/lib/jvm/java-8-oracle/jre/lib/amd64/libnet.so
7fd97257a000-7fd97277a000 ---p 00016000 08:02 199974                     /usr/lib/jvm/java-8-oracle/jre/lib/amd64/libnet.so
7fd97277a000-7fd97277b000 rw-p 00016000 08:02 199974                     /usr/lib/jvm/java-8-oracle/jre/lib/amd64/libnet.so
7fd97277b000-7fd97277d000 r--s 00005000 08:02 3394358                    /home/ankit/Downloads/android-studio/gradle/gradle-2.14.1/lib/gradle-wrapper-2.14.1.jar
7fd97277d000-7fd97278b000 r--s 0004f000 08:02 3394344                    /home/ankit/Downloads/android-studio/gradle/gradle-2.14.1/lib/gradle-tooling-api-2.14.1.jar
7fd97278b000-7fd97278d000 r--s 00002000 08:02 3394350                    /home/ankit/Downloads/android-studio/gradle/gradle-2.14.1/lib/gradle-open-api-2.14.1.jar
7fd97278d000-7fd972793000 r--s 00032000 08:02 3394400                    /home/ankit/Downloads/android-studio/gradle/gradle-2.14.1/lib/jaxen-1.1.jar
7fd972793000-7fd97279e000 r--s 00059000 08:02 3394373                    /home/ankit/Downloads/android-studio/gradle/gradle-2.14.1/lib/gradle-ui-2.14.1.jar
7fd97279e000-7fd97280d000 r--s 0063e000 08:02 3394407                    /home/ankit/Downloads/android-studio/gradle/gradle-2.14.1/lib/groovy-all-2.4.4.jar
7fd97280d000-7fd97280e000 ---p 00000000 00:00 0 
7fd97280e000-7fd97290e000 rw-p 00000000 00:00 0 
7fd97290e000-7fd972911000 ---p 00000000 00:00 0 
7fd972911000-7fd972a0f000 rw-p 00000000 00:00 0 
7fd972a0f000-7fd972a12000 ---p 00000000 00:00 0 
7fd972a12000-7fd972b10000 rw-p 00000000 00:00 0 
7fd972b10000-7fd972b13000 ---p 00000000 00:00 0 
7fd972b13000-7fd972c11000 rw-p 00000000 00:00 0 
7fd972c11000-7fd972c14000 ---p 00000000 00:00 0 
7fd972c14000-7fd972d12000 rw-p 00000000 00:00 0 
7fd972d12000-7fd972d15000 ---p 00000000 00:00 0 
7fd972d15000-7fd972e13000 rw-p 00000000 00:00 0 
7fd972e13000-7fd9734f5000 r--p 00000000 08:02 59247                      /usr/lib/locale/locale-archive
7fd9734f5000-7fd9734f8000 ---p 00000000 00:00 0 
7fd9734f8000-7fd9735f6000 rw-p 00000000 00:00 0 
7fd9735f6000-7fd9735f9000 ---p 00000000 00:00 0 
7fd9735f9000-7fd9736f7000 rw-p 00000000 00:00 0 
7fd9736f7000-7fd9736f8000 ---p 00000000 00:00 0 
7fd9736f8000-7fd974000000 rw-p 00000000 00:00 0 
7fd974000000-7fd974128000 rw-p 00000000 00:00 0 
7fd974128000-7fd978000000 ---p 00000000 00:00 0 
7fd978000000-7fd978005000 r--s 00048000 08:02 3394380                    /home/ankit/Downloads/android-studio/gradle/gradle-2.14.1/lib/dom4j-1.6.1.jar
7fd978005000-7fd978008000 r--s 0000b000 08:02 3394378                    /home/ankit/Downloads/android-studio/gradle/gradle-2.14.1/lib/gradle-resources-2.14.1.jar
7fd978008000-7fd97800a000 r--s 00003000 08:02 3394402                    /home/ankit/Downloads/android-studio/gradle/gradle-2.14.1/lib/jcl-over-slf4j-1.7.10.jar
7fd97800a000-7fd97800b000 r--s 00005000 08:02 3394397                    /home/ankit/Downloads/android-studio/gradle/gradle-2.14.1/lib/log4j-over-slf4j-1.7.10.jar
7fd97800b000-7fd97800d000 r--s 00000000 08:02 3394404                    /home/ankit/Downloads/android-studio/gradle/gradle-2.14.1/lib/jul-to-slf4j-1.7.10.jar
7fd97800d000-7fd978012000 r--s 0001c000 08:02 3394356                    /home/ankit/Downloads/android-studio/gradle/gradle-2.14.1/lib/gradle-logging-2.14.1.jar
7fd978012000-7fd978014000 r--s 00007000 08:02 3394403                    /home/ankit/Downloads/android-studio/gradle/gradle-2.14.1/lib/objenesis-1.2.jar
7fd978014000-7fd978016000 r--s 00000000 08:02 3394383                    /home/ankit/Downloads/android-studio/gradle/gradle-2.14.1/lib/minlog-1.2.jar
7fd978016000-7fd978018000 r--s 0000f000 08:02 3394389                    /home/ankit/Downloads/android-studio/gradle/gradle-2.14.1/lib/reflectasm-1.07-shaded.jar
7fd978018000-7fd97801c000 r--s 00026000 08:02 3394395                    /home/ankit/Downloads/android-studio/gradle/gradle-2.14.1/lib/kryo-2.20.jar
7fd97801c000-7fd978022000 r--s 00025000 08:02 3394347                    /home/ankit/Downloads/android-studio/gradle/gradle-2.14.1/lib/gradle-messaging-2.14.1.jar
7fd978022000-7fd978023000 r--s 00003000 08:02 3394401                    /home/ankit/Downloads/android-studio/gradle/gradle-2.14.1/lib/native-platform-freebsd-amd64-0.10.jar
7fd978023000-7fd978024000 r--s 00003000 08:02 3394390                    /home/ankit/Downloads/android-studio/gradle/gradle-2.14.1/lib/native-platform-freebsd-i386-0.10.jar
7fd978024000-7fd978025000 r--s 00005000 08:02 3394385                    /home/ankit/Downloads/android-studio/gradle/gradle-2.14.1/lib/native-platform-windows-i386-0.10.jar
7fd978025000-7fd978026000 r--s 00005000 08:02 3394384                    /home/ankit/Downloads/android-studio/gradle/gradle-2.14.1/lib/native-platform-windows-amd64-0.10.jar
7fd978026000-7fd978027000 r--s 00003000 08:02 3394391                    /home/ankit/Downloads/android-studio/gradle/gradle-2.14.1/lib/native-platform-linux-i386-0.10.jar
7fd978027000-7fd978028000 r--s 00003000 08:02 3394382                    /home/ankit/Downloads/android-studio/gradle/gradle-2.14.1/lib/native-platform-linux-amd64-0.10.jar
7fd978028000-7fd97802a000 r--s 00008000 08:02 3394399                    /home/ankit/Downloads/android-studio/gradle/gradle-2.14.1/lib/jansi-1.2.1.jar
7fd97802a000-7fd978039000 r--s 00080000 08:02 3394371                    /home/ankit/Downloads/android-studio/gradle/gradle-2.14.1/lib/gradle-model-core-2.14.1.jar
7fd978039000-7fd978061000 r--s 001cf000 08:02 3394387                    /home/ankit/Downloads/android-studio/gradle/gradle-2.14.1/lib/guava-jdk5-17.0.jar
7fd978061000-7fd978080000 r--s 001d1000 08:02 3394357                    /home/ankit/Downloads/android-studio/gradle/gradle-2.14.1/lib/ant-1.9.6.jar
7fd978080000-7fd9780b7000 r--s 001bd000 08:02 3394359                    /home/ankit/Downloads/android-studio/gradle/gradle-2.14.1/lib/gradle-core-2.14.1.jar
7fd9780b7000-7fd97c000000 rw-p 00000000 00:00 0 
7fd97c000000-7fd97c030000 rw-p 00000000 00:00 0 
7fd97c030000-7fd980000000 ---p 00000000 00:00 0 
7fd980000000-7fd980003000 r--s 0000d000 08:02 3394394                    /home/ankit/Downloads/android-studio/gradle/gradle-2.14.1/lib/native-platform-0.10.jar
7fd980003000-7fd980007000 r--s 000e4000 08:02 3394393                    /home/ankit/Downloads/android-studio/gradle/gradle-2.14.1/lib/jna-3.2.7.jar
7fd980007000-7fd980014000 r--s 00083000 08:02 3394379                    /home/ankit/Downloads/android-studio/gradle/gradle-2.14.1/lib/commons-collections-3.2.2.jar
7fd980014000-7fd980063000 rw-p 00000000 00:00 0 
7fd980063000-7fd98023b000 r--s 03d2a000 08:02 182584                     /usr/lib/jvm/java-8-oracle/jre/lib/rt.jar
7fd98023b000-7fd98053b000 rw-p 00000000 00:00 0 
7fd98053b000-7fd98053c000 ---p 00000000 00:00 0 
7fd98053c000-7fd98063c000 rw-p 00000000 00:00 0 
7fd98063c000-7fd98063d000 ---p 00000000 00:00 0 
7fd98063d000-7fd98073d000 rw-p 00000000 00:00 0 
7fd98073d000-7fd98073e000 ---p 00000000 00:00 0 
7fd98073e000-7fd98083e000 rw-p 00000000 00:00 0 
7fd98083e000-7fd98083f000 ---p 00000000 00:00 0 
7fd98083f000-7fd980a92000 rw-p 00000000 00:00 0 
7fd980a92000-7fd980b3f000 ---p 00000000 00:00 0 
7fd980b3f000-7fd980c3f000 rw-p 00000000 00:00 0 
7fd980c3f000-7fd980cb6000 rw-p 00000000 00:00 0 
7fd980cb6000-7fd981000000 ---p 00000000 00:00 0 
7fd981000000-7fd982d80000 rwxp 00000000 00:00 0 
7fd982d80000-7fd990000000 ---p 00000000 00:00 0 
7fd990000000-7fd990b71000 rw-p 00000000 00:00 0 
7fd990b71000-7fd994000000 ---p 00000000 00:00 0 
7fd994000000-7fd994001000 r--s 00002000 08:02 3394381                    /home/ankit/Downloads/android-studio/gradle/gradle-2.14.1/lib/native-platform-osx-amd64-0.10.jar
7fd994001000-7fd994003000 r--s 00009000 08:02 3394375                    /home/ankit/Downloads/android-studio/gradle/gradle-2.14.1/lib/gradle-native-2.14.1.jar
7fd994003000-7fd994005000 r--s 00005000 08:02 3394376                    /home/ankit/Downloads/android-studio/gradle/gradle-2.14.1/lib/gradle-cli-2.14.1.jar
7fd994005000-7fd994210000 rw-p 00000000 00:00 0 
7fd994210000-7fd9942bd000 ---p 00000000 00:00 0 
7fd9942bd000-7fd9942d7000 r-xp 00000000 08:02 199997                     /usr/lib/jvm/java-8-oracle/jre/lib/amd64/libzip.so
7fd9942d7000-7fd9944d7000 ---p 0001a000 08:02 199997                     /usr/lib/jvm/java-8-oracle/jre/lib/amd64/libzip.so
7fd9944d7000-7fd9944d8000 rw-p 0001a000 08:02 199997                     /usr/lib/jvm/java-8-oracle/jre/lib/amd64/libzip.so
7fd9944d8000-7fd9944e2000 r-xp 00000000 08:02 2621662                    /lib/x86_64-linux-gnu/libnss_files-2.21.so
7fd9944e2000-7fd9946e2000 ---p 0000a000 08:02 2621662                    /lib/x86_64-linux-gnu/libnss_files-2.21.so
7fd9946e2000-7fd9946e3000 r--p 0000a000 08:02 2621662                    /lib/x86_64-linux-gnu/libnss_files-2.21.so
7fd9946e3000-7fd9946e4000 rw-p 0000b000 08:02 2621662                    /lib/x86_64-linux-gnu/libnss_files-2.21.so
7fd9946e4000-7fd9946ef000 r-xp 00000000 08:02 2623427                    /lib/x86_64-linux-gnu/libnss_nis-2.21.so
7fd9946ef000-7fd9948ee000 ---p 0000b000 08:02 2623427                    /lib/x86_64-linux-gnu/libnss_nis-2.21.so
7fd9948ee000-7fd9948ef000 r--p 0000a000 08:02 2623427                    /lib/x86_64-linux-gnu/libnss_nis-2.21.so
7fd9948ef000-7fd9948f0000 rw-p 0000b000 08:02 2623427                    /lib/x86_64-linux-gnu/libnss_nis-2.21.so
7fd9948f0000-7fd994907000 r-xp 00000000 08:02 2623430                    /lib/x86_64-linux-gnu/libnsl-2.21.so
7fd994907000-7fd994b06000 ---p 00017000 08:02 2623430                    /lib/x86_64-linux-gnu/libnsl-2.21.so
7fd994b06000-7fd994b07000 r--p 00016000 08:02 2623430                    /lib/x86_64-linux-gnu/libnsl-2.21.so
7fd994b07000-7fd994b08000 rw-p 00017000 08:02 2623430                    /lib/x86_64-linux-gnu/libnsl-2.21.so
7fd994b08000-7fd994b0a000 rw-p 00000000 00:00 0 
7fd994b0a000-7fd994b12000 r-xp 00000000 08:02 2622662                    /lib/x86_64-linux-gnu/libnss_compat-2.21.so
7fd994b12000-7fd994d11000 ---p 00008000 08:02 2622662                    /lib/x86_64-linux-gnu/libnss_compat-2.21.so
7fd994d11000-7fd994d12000 r--p 00007000 08:02 2622662                    /lib/x86_64-linux-gnu/libnss_compat-2.21.so
7fd994d12000-7fd994d13000 rw-p 00008000 08:02 2622662                    /lib/x86_64-linux-gnu/libnss_compat-2.21.so
7fd994d13000-7fd994d3e000 r-xp 00000000 08:02 200024                     /usr/lib/jvm/java-8-oracle/jre/lib/amd64/libjava.so
7fd994d3e000-7fd994f3d000 ---p 0002b000 08:02 200024                     /usr/lib/jvm/java-8-oracle/jre/lib/amd64/libjava.so
7fd994f3d000-7fd994f3f000 rw-p 0002a000 08:02 200024                     /usr/lib/jvm/java-8-oracle/jre/lib/amd64/libjava.so
7fd994f3f000-7fd994f4c000 r-xp 00000000 08:02 199975                     /usr/lib/jvm/java-8-oracle/jre/lib/amd64/libverify.so
7fd994f4c000-7fd99514b000 ---p 0000d000 08:02 199975                     /usr/lib/jvm/java-8-oracle/jre/lib/amd64/libverify.so
7fd99514b000-7fd99514d000 rw-p 0000c000 08:02 199975                     /usr/lib/jvm/java-8-oracle/jre/lib/amd64/libverify.so
7fd99514d000-7fd995154000 r-xp 00000000 08:02 2621663                    /lib/x86_64-linux-gnu/librt-2.21.so
7fd995154000-7fd995353000 ---p 00007000 08:02 2621663                    /lib/x86_64-linux-gnu/librt-2.21.so
7fd995353000-7fd995354000 r--p 00006000 08:02 2621663                    /lib/x86_64-linux-gnu/librt-2.21.so
7fd995354000-7fd995355000 rw-p 00007000 08:02 2621663                    /lib/x86_64-linux-gnu/librt-2.21.so
7fd995355000-7fd99545c000 r-xp 00000000 08:02 2623271                    /lib/x86_64-linux-gnu/libm-2.21.so
7fd99545c000-7fd99565b000 ---p 00107000 08:02 2623271                    /lib/x86_64-linux-gnu/libm-2.21.so
7fd99565b000-7fd99565c000 r--p 00106000 08:02 2623271                    /lib/x86_64-linux-gnu/libm-2.21.so
7fd99565c000-7fd99565d000 rw-p 00107000 08:02 2623271                    /lib/x86_64-linux-gnu/libm-2.21.so
7fd99565d000-7fd99632a000 r-xp 00000000 08:02 200028                     /usr/lib/jvm/java-8-oracle/jre/lib/amd64/server/libjvm.so
7fd99632a000-7fd996529000 ---p 00ccd000 08:02 200028                     /usr/lib/jvm/java-8-oracle/jre/lib/amd64/server/libjvm.so
7fd996529000-7fd996602000 rw-p 00ccc000 08:02 200028                     /usr/lib/jvm/java-8-oracle/jre/lib/amd64/server/libjvm.so
7fd996602000-7fd99664d000 rw-p 00000000 00:00 0 
7fd99664d000-7fd99680d000 r-xp 00000000 08:02 2623433                    /lib/x86_64-linux-gnu/libc-2.21.so
7fd99680d000-7fd996a0d000 ---p 001c0000 08:02 2623433                    /lib/x86_64-linux-gnu/libc-2.21.so
7fd996a0d000-7fd996a11000 r--p 001c0000 08:02 2623433                    /lib/x86_64-linux-gnu/libc-2.21.so
7fd996a11000-7fd996a13000 rw-p 001c4000 08:02 2623433                    /lib/x86_64-linux-gnu/libc-2.21.so
7fd996a13000-7fd996a17000 rw-p 00000000 00:00 0 
7fd996a17000-7fd996a1a000 r-xp 00000000 08:02 2623420                    /lib/x86_64-linux-gnu/libdl-2.21.so
7fd996a1a000-7fd996c19000 ---p 00003000 08:02 2623420                    /lib/x86_64-linux-gnu/libdl-2.21.so
7fd996c19000-7fd996c1a000 r--p 00002000 08:02 2623420                    /lib/x86_64-linux-gnu/libdl-2.21.so
7fd996c1a000-7fd996c1b000 rw-p 00003000 08:02 2623420                    /lib/x86_64-linux-gnu/libdl-2.21.so
7fd996c1b000-7fd996c30000 r-xp 00000000 08:02 158504                     /usr/lib/jvm/java-8-oracle/lib/amd64/jli/libjli.so
7fd996c30000-7fd996e30000 ---p 00015000 08:02 158504                     /usr/lib/jvm/java-8-oracle/lib/amd64/jli/libjli.so
7fd996e30000-7fd996e31000 rw-p 00015000 08:02 158504                     /usr/lib/jvm/java-8-oracle/lib/amd64/jli/libjli.so
7fd996e31000-7fd996e49000 r-xp 00000000 08:02 2623413                    /lib/x86_64-linux-gnu/libpthread-2.21.so
7fd996e49000-7fd997049000 ---p 00018000 08:02 2623413                    /lib/x86_64-linux-gnu/libpthread-2.21.so
7fd997049000-7fd99704a000 r--p 00018000 08:02 2623413                    /lib/x86_64-linux-gnu/libpthread-2.21.so
7fd99704a000-7fd99704b000 rw-p 00019000 08:02 2623413                    /lib/x86_64-linux-gnu/libpthread-2.21.so
7fd99704b000-7fd99704f000 rw-p 00000000 00:00 0 
7fd99704f000-7fd997073000 r-xp 00000000 08:02 2623431                    /lib/x86_64-linux-gnu/ld-2.21.so
7fd997073000-7fd997074000 r--s 00002000 08:02 3394398                    /home/ankit/Downloads/android-studio/gradle/gradle-2.14.1/lib/native-platform-osx-i386-0.10.jar
7fd997074000-7fd997076000 r--s 00007000 08:02 3394353                    /home/ankit/Downloads/android-studio/gradle/gradle-2.14.1/lib/gradle-model-groovy-2.14.1.jar
7fd997076000-7fd997077000 r--s 00006000 08:02 3394370                    /home/ankit/Downloads/android-studio/gradle/gradle-2.14.1/lib/gradle-base-services-groovy-2.14.1.jar
7fd997077000-7fd997078000 r--s 00002000 08:02 3394360                    /home/ankit/Downloads/android-studio/gradle/gradle-2.14.1/lib/gradle-docs-2.14.1.jar
7fd997078000-7fd997079000 r--s 00000000 08:02 3394406                    /home/ankit/Downloads/android-studio/gradle/gradle-2.14.1/lib/javax.inject-1.jar
7fd997079000-7fd99707a000 r--s 00000000 08:02 3394388                    /home/ankit/Downloads/android-studio/gradle/gradle-2.14.1/lib/jcip-annotations-1.0.jar
7fd99707a000-7fd99707e000 r--s 00027000 08:02 3394396                    /home/ankit/Downloads/android-studio/gradle/gradle-2.14.1/lib/commons-io-2.2.jar
7fd99707e000-7fd997083000 r--s 00038000 08:02 3394363                    /home/ankit/Downloads/android-studio/gradle/gradle-2.14.1/lib/asm-all-5.1.jar
7fd997083000-7fd997084000 r--s 00001000 08:02 3394374                    /home/ankit/Downloads/android-studio/gradle/gradle-2.14.1/lib/gradle-process-services-2.14.1.jar
7fd997084000-7fd997085000 r--s 00000000 08:02 3394345                    /home/ankit/Downloads/android-studio/gradle/gradle-2.14.1/lib/gradle-jvm-services-2.14.1.jar
7fd997085000-7fd99708a000 r--s 00041000 08:02 3394392                    /home/ankit/Downloads/android-studio/gradle/gradle-2.14.1/lib/commons-lang-2.6.jar
7fd99708a000-7fd99714c000 rw-p 00000000 00:00 0 
7fd99714c000-7fd99714f000 ---p 00000000 00:00 0 
7fd99714f000-7fd997251000 rw-p 00000000 00:00 0 
7fd997251000-7fd997252000 r--s 00007000 08:02 3394386                    /home/ankit/Downloads/android-studio/gradle/gradle-2.14.1/lib/slf4j-api-1.7.10.jar
7fd997252000-7fd997253000 r--s 00004000 08:02 3394372                    /home/ankit/Downloads/android-studio/gradle/gradle-2.14.1/lib/ant-launcher-1.9.6.jar
7fd997253000-7fd99725b000 r--s 0003a000 08:02 3394364                    /home/ankit/Downloads/android-studio/gradle/gradle-2.14.1/lib/gradle-base-services-2.14.1.jar
7fd99725b000-7fd997266000 r--s 00051000 08:02 3394361                    /home/ankit/Downloads/android-studio/gradle/gradle-2.14.1/lib/gradle-launcher-2.14.1.jar
7fd997266000-7fd99726e000 rw-s 00000000 08:02 5033421                    /tmp/hsperfdata_ankit/21899
7fd99726e000-7fd99726f000 rw-p 00000000 00:00 0 
7fd99726f000-7fd997270000 ---p 00000000 00:00 0 
7fd997270000-7fd997272000 rw-p 00000000 00:00 0 
7fd997272000-7fd997273000 r--p 00023000 08:02 2623431                    /lib/x86_64-linux-gnu/ld-2.21.so
7fd997273000-7fd997274000 rw-p 00024000 08:02 2623431                    /lib/x86_64-linux-gnu/ld-2.21.so
7fd997274000-7fd997275000 rw-p 00000000 00:00 0 
7ffd68fae000-7ffd68fcf000 rw-p 00000000 00:00 0                          [stack]
7ffd68ffa000-7ffd68ffc000 r--p 00000000 00:00 0                          [vvar]
7ffd68ffc000-7ffd68ffe000 r-xp 00000000 00:00 0                          [vdso]
ffffffffff600000-ffffffffff601000 r-xp 00000000 00:00 0                  [vsyscall]

VM Arguments:
jvm_args: -Xmx1536m -Dfile.encoding=UTF-8 -Duser.country=IN -Duser.language=en -Duser.variant 
java_command: org.gradle.launcher.daemon.bootstrap.GradleDaemon 2.14.1
java_class_path (initial): /home/ankit/Downloads/android-studio/gradle/gradle-2.14.1/lib/gradle-launcher-2.14.1.jar
Launcher Type: SUN_STANDARD

Environment Variables:
JAVA_HOME=/usr/lib/jvm/java-8-oracle
PATH=/usr/local/sbin:/usr/local/bin:/usr/sbin:/usr/bin:/sbin:/bin:/usr/games:/usr/local/games:/usr/lib/jvm/java-8-oracle/bin:/usr/lib/jvm/java-8-oracle/db/bin:/usr/lib/jvm/java-8-oracle/jre/bin
LD_LIBRARY_PATH=Downloads/android-studio/bin:
SHELL=/bin/bash
DISPLAY=:0

Signal Handlers:
SIGSEGV: [libjvm.so+0xac64b0], sa_mask[0]=11111111011111111101111111111110, sa_flags=SA_RESTART|SA_SIGINFO
SIGBUS: [libjvm.so+0xac64b0], sa_mask[0]=11111111011111111101111111111110, sa_flags=SA_RESTART|SA_SIGINFO
SIGFPE: [libjvm.so+0x91f950], sa_mask[0]=11111111011111111101111111111110, sa_flags=SA_RESTART|SA_SIGINFO
SIGPIPE: [libjvm.so+0x91f950], sa_mask[0]=11111111011111111101111111111110, sa_flags=SA_RESTART|SA_SIGINFO
SIGXFSZ: [libjvm.so+0x91f950], sa_mask[0]=11111111011111111101111111111110, sa_flags=SA_RESTART|SA_SIGINFO
SIGILL: [libjvm.so+0x91f950], sa_mask[0]=11111111011111111101111111111110, sa_flags=SA_RESTART|SA_SIGINFO
SIGUSR1: SIG_DFL, sa_mask[0]=00000000000000000000000000000000, sa_flags=none
SIGUSR2: [libjvm.so+0x920f80], sa_mask[0]=00100000000000000000000000000000, sa_flags=SA_RESTART|SA_SIGINFO
SIGHUP: [libjvm.so+0x922380], sa_mask[0]=11111111011111111101111111111110, sa_flags=SA_RESTART|SA_SIGINFO
SIGINT: [libjvm.so+0x922380], sa_mask[0]=11111111011111111101111111111110, sa_flags=SA_RESTART|SA_SIGINFO
SIGTERM: [libjvm.so+0x922380], sa_mask[0]=11111111011111111101111111111110, sa_flags=SA_RESTART|SA_SIGINFO
SIGQUIT: [libjvm.so+0x922380], sa_mask[0]=11111111011111111101111111111110, sa_flags=SA_RESTART|SA_SIGINFO


---------------  S Y S T E M  ---------------

OS:DISTRIB_ID=Ubuntu
DISTRIB_RELEASE=15.10
DISTRIB_CODENAME=wily
DISTRIB_DESCRIPTION="Ubuntu 15.10"

uname:Linux 4.2.0-42-generic #49-Ubuntu SMP Tue Jun 28 21:26:26 UTC 2016 x86_64
libc:glibc 2.21 NPTL 2.21 
rlimit: STACK 8192k, CORE 0k, NPROC 31537, NOFILE 65536, AS infinity
load average:3.88 2.03 1.26

/proc/meminfo:
MemTotal:        8110256 kB
MemFree:          144712 kB
MemAvailable:     145732 kB
Buffers:            5504 kB
Cached:           939000 kB
SwapCached:            0 kB
Active:          6874020 kB
Inactive:         846400 kB
Active(anon):    6814784 kB
Inactive(anon):   790276 kB
Active(file):      59236 kB
Inactive(file):    56124 kB
Unevictable:         128 kB
Mlocked:             128 kB
SwapTotal:             0 kB
SwapFree:              0 kB
Dirty:               104 kB
Writeback:             0 kB
AnonPages:       6776148 kB
Mapped:           643624 kB
Shmem:            829044 kB
Slab:             106396 kB
SReclaimable:      55620 kB
SUnreclaim:        50776 kB
KernelStack:       12912 kB
PageTables:        72208 kB
NFS_Unstable:          0 kB
Bounce:                0 kB
WritebackTmp:          0 kB
CommitLimit:     4055128 kB
Committed_AS:   15368552 kB
VmallocTotal:   34359738367 kB
VmallocUsed:      551896 kB
VmallocChunk:   34358423548 kB
HardwareCorrupted:     0 kB
AnonHugePages:   3426304 kB
CmaTotal:              0 kB
CmaFree:               0 kB
HugePages_Total:       0
HugePages_Free:        0
HugePages_Rsvd:        0
HugePages_Surp:        0
Hugepagesize:       2048 kB
DirectMap4k:      242368 kB
DirectMap2M:     7032832 kB
DirectMap1G:     2097152 kB


CPU:total 4 (2 cores per cpu, 2 threads per core) family 6 model 69 stepping 1, cmov, cx8, fxsr, mmx, sse, sse2, sse3, ssse3, sse4.1, sse4.2, popcnt, avx, avx2, aes, clmul, erms, lzcnt, ht, tsc, tscinvbit, bmi1, bmi2

/proc/cpuinfo:
processor	: 0
vendor_id	: GenuineIntel
cpu family	: 6
model		: 69
model name	: Intel(R) Core(TM) i3-4005U CPU @ 1.70GHz
stepping	: 1
microcode	: 0x1c
cpu MHz		: 1278.320
cache size	: 3072 KB
physical id	: 0
siblings	: 4
core id		: 0
cpu cores	: 2
apicid		: 0
initial apicid	: 0
fpu		: yes
fpu_exception	: yes
cpuid level	: 13
wp		: yes
flags		: fpu vme de pse tsc msr pae mce cx8 apic sep mtrr pge mca cmov pat pse36 clflush dts acpi mmx fxsr sse sse2 ss ht tm pbe syscall nx pdpe1gb rdtscp lm constant_tsc arch_perfmon pebs bts rep_good nopl xtopology nonstop_tsc aperfmperf eagerfpu pni pclmulqdq dtes64 monitor ds_cpl vmx est tm2 ssse3 fma cx16 xtpr pdcm pcid sse4_1 sse4_2 movbe popcnt tsc_deadline_timer aes xsave avx f16c rdrand lahf_lm abm ida arat epb pln pts dtherm tpr_shadow vnmi flexpriority ept vpid fsgsbase tsc_adjust bmi1 avx2 smep bmi2 erms invpcid xsaveopt
bugs		:
bogomips	: 3392.32
clflush size	: 64
cache_alignment	: 64
address sizes	: 39 bits physical, 48 bits virtual
power management:

processor	: 1
vendor_id	: GenuineIntel
cpu family	: 6
model		: 69
model name	: Intel(R) Core(TM) i3-4005U CPU @ 1.70GHz
stepping	: 1
microcode	: 0x1c
cpu MHz		: 1248.503
cache size	: 3072 KB
physical id	: 0
siblings	: 4
core id		: 0
cpu cores	: 2
apicid		: 1
initial apicid	: 1
fpu		: yes
fpu_exception	: yes
cpuid level	: 13
wp		: yes
flags		: fpu vme de pse tsc msr pae mce cx8 apic sep mtrr pge mca cmov pat pse36 clflush dts acpi mmx fxsr sse sse2 ss ht tm pbe syscall nx pdpe1gb rdtscp lm constant_tsc arch_perfmon pebs bts rep_good nopl xtopology nonstop_tsc aperfmperf eagerfpu pni pclmulqdq dtes64 monitor ds_cpl vmx est tm2 ssse3 fma cx16 xtpr pdcm pcid sse4_1 sse4_2 movbe popcnt tsc_deadline_timer aes xsave avx f16c rdrand lahf_lm abm ida arat epb pln pts dtherm tpr_shadow vnmi flexpriority ept vpid fsgsbase tsc_adjust bmi1 avx2 smep bmi2 erms invpcid xsaveopt
bugs		:
bogomips	: 3392.32
clflush size	: 64
cache_alignment	: 64
address sizes	: 39 bits physical, 48 bits virtual
power management:

processor	: 2
vendor_id	: GenuineIntel
cpu family	: 6
model		: 69
model name	: Intel(R) Core(TM) i3-4005U CPU @ 1.70GHz
stepping	: 1
microcode	: 0x1c
cpu MHz		: 799.996
cache size	: 3072 KB
physical id	: 0
siblings	: 4
core id		: 1
cpu cores	: 2
apicid		: 2
initial apicid	: 2
fpu		: yes
fpu_exception	: yes
cpuid level	: 13
wp		: yes
flags		: fpu vme de pse tsc msr pae mce cx8 apic sep mtrr pge mca cmov pat pse36 clflush dts acpi mmx fxsr sse sse2 ss ht tm pbe syscall nx pdpe1gb rdtscp lm constant_tsc arch_perfmon pebs bts rep_good nopl xtopology nonstop_tsc aperfmperf eagerfpu pni pclmulqdq dtes64 monitor ds_cpl vmx est tm2 ssse3 fma cx16 xtpr pdcm pcid sse4_1 sse4_2 movbe popcnt tsc_deadline_timer aes xsave avx f16c rdrand lahf_lm abm ida arat epb pln pts dtherm tpr_shadow vnmi flexpriority ept vpid fsgsbase tsc_adjust bmi1 avx2 smep bmi2 erms invpcid xsaveopt
bugs		:
bogomips	: 3392.32
clflush size	: 64
cache_alignment	: 64
address sizes	: 39 bits physical, 48 bits virtual
power management:

processor	: 3
vendor_id	: GenuineIntel
cpu family	: 6
model		: 69
model name	: Intel(R) Core(TM) i3-4005U CPU @ 1.70GHz
stepping	: 1
microcode	: 0x1c
cpu MHz		: 802.253
cache size	: 3072 KB
physical id	: 0
siblings	: 4
core id		: 1
cpu cores	: 2
apicid		: 3
initial apicid	: 3
fpu		: yes
fpu_exception	: yes
cpuid level	: 13
wp		: yes
flags		: fpu vme de pse tsc msr pae mce cx8 apic sep mtrr pge mca cmov pat pse36 clflush dts acpi mmx fxsr sse sse2 ss ht tm pbe syscall nx pdpe1gb rdtscp lm constant_tsc arch_perfmon pebs bts rep_good nopl xtopology nonstop_tsc aperfmperf eagerfpu pni pclmulqdq dtes64 monitor ds_cpl vmx est tm2 ssse3 fma cx16 xtpr pdcm pcid sse4_1 sse4_2 movbe popcnt tsc_deadline_timer aes xsave avx f16c rdrand lahf_lm abm ida arat epb pln pts dtherm tpr_shadow vnmi flexpriority ept vpid fsgsbase tsc_adjust bmi1 avx2 smep bmi2 erms invpcid xsaveopt
bugs		:
bogomips	: 3392.32
clflush size	: 64
cache_alignment	: 64
address sizes	: 39 bits physical, 48 bits virtual
power management:



Memory: 4k page, physical 8110256k(144712k free), swap 0k(0k free)

vm_info: Java HotSpot(TM) 64-Bit Server VM (25.111-b14) for linux-amd64 JRE (1.8.0_111-b14), built on Sep 22 2016 16:14:03 by "java_re" with gcc 4.3.0 20080428 (Red Hat 4.3.0-8)

time: Tue Dec 20 19:40:39 2016
elapsed time: 72 seconds (0d 0h 1m 12s)

