#
# There is insufficient memory for the Java Runtime Environment to continue.
# Native memory allocation (mmap) failed to map 273678336 bytes for committing reserved memory.
# Possible reasons:
#   The system is out of physical RAM or swap space
#   In 32 bit mode, the process size limit was hit
# Possible solutions:
#   Reduce memory load on the system
#   Increase physical memory or swap space
#   Check if swap backing store is full
#   Use 64 bit Java on a 64 bit OS
#   Decrease Java heap size (-Xmx/-Xms)
#   Decrease number of Java threads
#   Decrease Java thread stack sizes (-Xss)
#   Set larger code cache with -XX:ReservedCodeCacheSize=
# This output file may be truncated or incomplete.
#
#  Out of Memory Error (os_linux.cpp:2627), pid=25223, tid=0x00007f2d684a1700
#
# JRE version: Java(TM) SE Runtime Environment (8.0_111-b14) (build 1.8.0_111-b14)
# Java VM: Java HotSpot(TM) 64-Bit Server VM (25.111-b14 mixed mode linux-amd64 compressed oops)
# Failed to write core dump. Core dumps have been disabled. To enable core dumping, try "ulimit -c unlimited" before starting Java again
#

---------------  T H R E A D  ---------------

Current thread (0x00007f2d64078000):  VMThread [stack: 0x00007f2d683a1000,0x00007f2d684a2000] [id=25236]

Stack: [0x00007f2d683a1000,0x00007f2d684a2000],  sp=0x00007f2d684a0220,  free space=1020k
Native frames: (J=compiled Java code, j=interpreted, Vv=VM code, C=native code)
V  [libjvm.so+0xac5c2a]  VMError::report_and_die()+0x2ba
V  [libjvm.so+0x4fc50b]  report_vm_out_of_memory(char const*, int, unsigned long, VMErrorType, char const*)+0x8b
V  [libjvm.so+0x922ae3]  os::Linux::commit_memory_impl(char*, unsigned long, bool)+0x103
V  [libjvm.so+0x923039]  os::pd_commit_memory(char*, unsigned long, unsigned long, bool)+0x29
V  [libjvm.so+0x91d33a]  os::commit_memory(char*, unsigned long, unsigned long, bool)+0x2a
V  [libjvm.so+0x991ac3]  PSVirtualSpace::expand_by(unsigned long)+0x53
V  [libjvm.so+0x982380]  PSOldGen::expand(unsigned long)+0x170
V  [libjvm.so+0x98258b]  PSOldGen::resize(unsigned long)+0x1cb
V  [libjvm.so+0x98a291]  PSParallelCompact::invoke_no_policy(bool)+0x991
V  [libjvm.so+0x98fbed]  PSScavenge::invoke()+0x1ad
V  [libjvm.so+0x9467d0]  ParallelScavengeHeap::failed_mem_allocate(unsigned long)+0x70
V  [libjvm.so+0xac7647]  VM_ParallelGCFailedAllocation::doit()+0x97
V  [libjvm.so+0xacf125]  VM_Operation::evaluate()+0x55
V  [libjvm.so+0xacd4fa]  VMThread::evaluate_operation(VM_Operation*)+0xba
V  [libjvm.so+0xacd87e]  VMThread::loop()+0x1ce
V  [libjvm.so+0xacdcf0]  VMThread::run()+0x70
V  [libjvm.so+0x924ea8]  java_start(Thread*)+0x108

VM_Operation (0x00007f2d44b83dc0): ParallelGCFailedAllocation, mode: safepoint, requested by thread 0x00007f2ce8067000


---------------  P R O C E S S  ---------------

Java Threads: ( => current thread )
  0x00007f2ce8069000 JavaThread "pool-5-thread-4" [_thread_blocked, id=25265, stack(0x00007f2d44984000,0x00007f2d44a85000)]
  0x00007f2ce8067000 JavaThread "pool-5-thread-3" [_thread_blocked, id=25264, stack(0x00007f2d44a85000,0x00007f2d44b86000)]
  0x00007f2ce8065800 JavaThread "pool-5-thread-2" [_thread_blocked, id=25263, stack(0x00007f2d44b86000,0x00007f2d44c87000)]
  0x00007f2ce8063800 JavaThread "pool-6-thread-1" [_thread_blocked, id=25262, stack(0x00007f2d44c87000,0x00007f2d44d88000)]
  0x00007f2ce805c800 JavaThread "pool-5-thread-1" [_thread_blocked, id=25261, stack(0x00007f2d44d88000,0x00007f2d44e89000)]
  0x00007f2d048c2800 JavaThread "pool-3-thread-1" [_thread_blocked, id=25260, stack(0x00007f2d44f81000,0x00007f2d45082000)]
  0x00007f2d04b76800 JavaThread "File lock request listener" [_thread_in_native, id=25257, stack(0x00007f2d467ef000,0x00007f2d468f0000)]
  0x00007f2d04a9b000 JavaThread "process reaper" daemon [_thread_blocked, id=25256, stack(0x00007f2d4c03f000,0x00007f2d4c078000)]
  0x00007f2d04010800 JavaThread "Asynchronous log dispatcher for org.gradle.launcher.daemon.server.DefaultDaemonConnection@1111f618" [_thread_blocked, id=25253, stack(0x00007f2d475f1000,0x00007f2d476f2000)]
  0x00007f2d08007000 JavaThread "Daemon worker" [_thread_blocked, id=25250, stack(0x00007f2d476f2000,0x00007f2d477f3000)]
  0x00007f2d0800b800 JavaThread "Cancel handler" [_thread_blocked, id=25249, stack(0x00007f2d477f3000,0x00007f2d478f4000)]
  0x00007f2d08003800 JavaThread "Handler for socket connection from /127.0.0.1:42179 to /127.0.0.1:38862" [_thread_in_native, id=25248, stack(0x00007f2d478f4000,0x00007f2d479f5000)]
  0x00007f2d14015800 JavaThread "Daemon" [_thread_blocked, id=25247, stack(0x00007f2d479f5000,0x00007f2d47af6000)]
  0x00007f2d64afb800 JavaThread "Incoming local TCP Connector on port 42179" [_thread_in_native, id=25246, stack(0x00007f2d47cf6000,0x00007f2d47df7000)]
  0x00007f2d64ae1800 JavaThread "pool-1-thread-1" [_thread_blocked, id=25245, stack(0x00007f2d4c0f8000,0x00007f2d4c1f9000)]
  0x00007f2d640c1000 JavaThread "Service Thread" daemon [_thread_blocked, id=25243, stack(0x00007f2d5451a000,0x00007f2d5461b000)]
  0x00007f2d640bd800 JavaThread "C1 CompilerThread2" daemon [_thread_blocked, id=25242, stack(0x00007f2d5461b000,0x00007f2d5471c000)]
  0x00007f2d640bb800 JavaThread "C2 CompilerThread1" daemon [_thread_blocked, id=25241, stack(0x00007f2d5471c000,0x00007f2d5481d000)]
  0x00007f2d640b9000 JavaThread "C2 CompilerThread0" daemon [_thread_blocked, id=25240, stack(0x00007f2d5481d000,0x00007f2d5491e000)]
  0x00007f2d640b7800 JavaThread "Signal Dispatcher" daemon [_thread_blocked, id=25239, stack(0x00007f2d6809e000,0x00007f2d6819f000)]
  0x00007f2d64084800 JavaThread "Finalizer" daemon [_thread_blocked, id=25238, stack(0x00007f2d6819f000,0x00007f2d682a0000)]
  0x00007f2d6407f800 JavaThread "Reference Handler" daemon [_thread_blocked, id=25237, stack(0x00007f2d682a0000,0x00007f2d683a1000)]
  0x00007f2d6400a000 JavaThread "main" [_thread_blocked, id=25231, stack(0x00007f2d6dd26000,0x00007f2d6de27000)]

Other Threads:
=>0x00007f2d64078000 VMThread [stack: 0x00007f2d683a1000,0x00007f2d684a2000] [id=25236]
  0x00007f2d640c4000 WatcherThread [stack: 0x00007f2d54419000,0x00007f2d5451a000] [id=25244]

VM state:at safepoint (normal execution)

VM Mutex/Monitor currently owned by a thread:  ([mutex/lock_event])
[0x00007f2d64005bb0] ExpandHeap_lock - owner thread: 0x00007f2d64078000
[0x00007f2d64006230] Threads_lock - owner thread: 0x00007f2d64078000
[0x00007f2d64006730] Heap_lock - owner thread: 0x00007f2ce8067000

Heap:
 PSYoungGen      total 333824K, used 0K [0x00000000e0000000, 0x0000000100000000, 0x0000000100000000)
  eden space 175104K, 0% used [0x00000000e0000000,0x00000000e0000000,0x00000000eab00000)
  from space 158720K, 0% used [0x00000000f6500000,0x00000000f6500000,0x0000000100000000)
  to   space 174592K, 0% used [0x00000000eab00000,0x00000000eab00000,0x00000000f5580000)
 ParOldGen       total 753664K, used 725561K [0x00000000a0000000, 0x00000000ce000000, 0x00000000e0000000)
  object space 753664K, 96% used [0x00000000a0000000,0x00000000cc48e760,0x00000000ce000000)
 Metaspace       used 52629K, capacity 53882K, committed 54144K, reserved 1095680K
  class space    used 6980K, capacity 7261K, committed 7296K, reserved 1048576K

Card table byte_map: [0x00007f2d6a7d6000,0x00007f2d6aad7000] byte_map_base: 0x00007f2d6a2d6000

Marking Bits: (ParMarkBitMap*) 0x00007f2d6d1fa220
 Begin Bits: [0x00007f2d4d000000, 0x00007f2d4e800000)
 End Bits:   [0x00007f2d4e800000, 0x00007f2d50000000)

Polling page: 0x00007f2d6de49000

CodeCache: size=245760Kb used=29493Kb max_used=29505Kb free=216266Kb
 bounds [0x00007f2d55000000, 0x00007f2d56d40000, 0x00007f2d64000000]
 total_blobs=8759 nmethods=8047 adapters=624
 compilation: enabled

Compilation events (10 events):
Event: 68.673 Thread 0x00007f2d640b9000 nmethod 9715 0x00007f2d551f8210 code [0x00007f2d551f83a0, 0x00007f2d551f8a78]
Event: 68.673 Thread 0x00007f2d640b9000 9770       4       com.android.dx.cf.code.BaseMachine::popArgs (72 bytes)
Event: 68.727 Thread 0x00007f2d640b9000 nmethod 9770 0x00007f2d55222890 code [0x00007f2d55222aa0, 0x00007f2d55223418]
Event: 68.727 Thread 0x00007f2d640b9000 9722       4       java.util.RegularEnumSet::contains (57 bytes)
Event: 68.729 Thread 0x00007f2d640b9000 nmethod 9722 0x00007f2d56a1e6d0 code [0x00007f2d56a1e820, 0x00007f2d56a1e918]
Event: 68.729 Thread 0x00007f2d640b9000 9705       4       com.android.dx.util.ByteArray::getInt (47 bytes)
Event: 68.732 Thread 0x00007f2d640b9000 nmethod 9705 0x00007f2d55e08050 code [0x00007f2d55e081a0, 0x00007f2d55e08338]
Event: 68.732 Thread 0x00007f2d640b9000 9769       4       com.android.dx.rop.cst.CstString::hashCode (8 bytes)
Event: 68.737 Thread 0x00007f2d640b9000 nmethod 9769 0x00007f2d56a1e290 code [0x00007f2d56a1e3e0, 0x00007f2d56a1e558]
Event: 68.737 Thread 0x00007f2d640b9000 9760       4       com.android.dx.rop.cst.CstBaseMethodRef::getPrototype (41 bytes)

GC Heap History (10 events):
Event: 61.858 GC heap after
Heap after GC invocations=32 (full 6):
 PSYoungGen      total 403456K, used 0K [0x00000000e0000000, 0x0000000100000000, 0x0000000100000000)
  eden space 321536K, 0% used [0x00000000e0000000,0x00000000e0000000,0x00000000f3a00000)
  from space 81920K, 0% used [0x00000000fb000000,0x00000000fb000000,0x0000000100000000)
  to   space 101376K, 0% used [0x00000000f3a00000,0x00000000f3a00000,0x00000000f9d00000)
 ParOldGen       total 753664K, used 516594K [0x00000000a0000000, 0x00000000ce000000, 0x00000000e0000000)
  object space 753664K, 68% used [0x00000000a0000000,0x00000000bf87cb88,0x00000000ce000000)
 Metaspace       used 52615K, capacity 53882K, committed 54144K, reserved 1095680K
  class space    used 6977K, capacity 7261K, committed 7296K, reserved 1048576K
}
Event: 63.081 GC heap before
{Heap before GC invocations=33 (full 6):
 PSYoungGen      total 403456K, used 321536K [0x00000000e0000000, 0x0000000100000000, 0x0000000100000000)
  eden space 321536K, 100% used [0x00000000e0000000,0x00000000f3a00000,0x00000000f3a00000)
  from space 81920K, 0% used [0x00000000fb000000,0x00000000fb000000,0x0000000100000000)
  to   space 101376K, 0% used [0x00000000f3a00000,0x00000000f3a00000,0x00000000f9d00000)
 ParOldGen       total 753664K, used 516594K [0x00000000a0000000, 0x00000000ce000000, 0x00000000e0000000)
  object space 753664K, 68% used [0x00000000a0000000,0x00000000bf87cb88,0x00000000ce000000)
 Metaspace       used 52616K, capacity 53882K, committed 54144K, reserved 1095680K
  class space    used 6977K, capacity 7261K, committed 7296K, reserved 1048576K
Event: 63.179 GC heap after
Heap after GC invocations=33 (full 6):
 PSYoungGen      total 422912K, used 48801K [0x00000000e0000000, 0x0000000100000000, 0x0000000100000000)
  eden space 321536K, 0% used [0x00000000e0000000,0x00000000e0000000,0x00000000f3a00000)
  from space 101376K, 48% used [0x00000000f3a00000,0x00000000f69a87e8,0x00000000f9d00000)
  to   space 97792K, 0% used [0x00000000fa080000,0x00000000fa080000,0x0000000100000000)
 ParOldGen       total 753664K, used 516594K [0x00000000a0000000, 0x00000000ce000000, 0x00000000e0000000)
  object space 753664K, 68% used [0x00000000a0000000,0x00000000bf87cb88,0x00000000ce000000)
 Metaspace       used 52616K, capacity 53882K, committed 54144K, reserved 1095680K
  class space    used 6977K, capacity 7261K, committed 7296K, reserved 1048576K
}
Event: 65.876 GC heap before
{Heap before GC invocations=34 (full 6):
 PSYoungGen      total 422912K, used 370337K [0x00000000e0000000, 0x0000000100000000, 0x0000000100000000)
  eden space 321536K, 100% used [0x00000000e0000000,0x00000000f3a00000,0x00000000f3a00000)
  from space 101376K, 48% used [0x00000000f3a00000,0x00000000f69a87e8,0x00000000f9d00000)
  to   space 97792K, 0% used [0x00000000fa080000,0x00000000fa080000,0x0000000100000000)
 ParOldGen       total 753664K, used 516594K [0x00000000a0000000, 0x00000000ce000000, 0x00000000e0000000)
  object space 753664K, 68% used [0x00000000a0000000,0x00000000bf87cb88,0x00000000ce000000)
 Metaspace       used 52616K, capacity 53882K, committed 54144K, reserved 1095680K
  class space    used 6977K, capacity 7261K, committed 7296K, reserved 1048576K
Event: 66.163 GC heap after
Heap after GC invocations=34 (full 6):
 PSYoungGen      total 330240K, used 97771K [0x00000000e0000000, 0x0000000100000000, 0x0000000100000000)
  eden space 232448K, 0% used [0x00000000e0000000,0x00000000e0000000,0x00000000ee300000)
  from space 97792K, 99% used [0x00000000fa080000,0x00000000ffffad58,0x0000000100000000)
  to   space 145920K, 0% used [0x00000000ee300000,0x00000000ee300000,0x00000000f7180000)
 ParOldGen       total 753664K, used 606289K [0x00000000a0000000, 0x00000000ce000000, 0x00000000e0000000)
  object space 753664K, 80% used [0x00000000a0000000,0x00000000c50145a8,0x00000000ce000000)
 Metaspace       used 52616K, capacity 53882K, committed 54144K, reserved 1095680K
  class space    used 6977K, capacity 7261K, committed 7296K, reserved 1048576K
}
Event: 66.746 GC heap before
{Heap before GC invocations=35 (full 6):
 PSYoungGen      total 330240K, used 330219K [0x00000000e0000000, 0x0000000100000000, 0x0000000100000000)
  eden space 232448K, 100% used [0x00000000e0000000,0x00000000ee300000,0x00000000ee300000)
  from space 97792K, 99% used [0x00000000fa080000,0x00000000ffffad58,0x0000000100000000)
  to   space 145920K, 0% used [0x00000000ee300000,0x00000000ee300000,0x00000000f7180000)
 ParOldGen       total 753664K, used 606289K [0x00000000a0000000, 0x00000000ce000000, 0x00000000e0000000)
  object space 753664K, 80% used [0x00000000a0000000,0x00000000c50145a8,0x00000000ce000000)
 Metaspace       used 52616K, capacity 53882K, committed 54144K, reserved 1095680K
  class space    used 6977K, capacity 7261K, committed 7296K, reserved 1048576K
Event: 67.030 GC heap after
Heap after GC invocations=35 (full 6):
 PSYoungGen      total 348160K, used 115201K [0x00000000e0000000, 0x0000000100000000, 0x0000000100000000)
  eden space 232448K, 0% used [0x00000000e0000000,0x00000000e0000000,0x00000000ee300000)
  from space 115712K, 99% used [0x00000000ee300000,0x00000000f53807c8,0x00000000f5400000)
  to   space 158720K, 0% used [0x00000000f6500000,0x00000000f6500000,0x0000000100000000)
 ParOldGen       total 753664K, used 653842K [0x00000000a0000000, 0x00000000ce000000, 0x00000000e0000000)
  object space 753664K, 86% used [0x00000000a0000000,0x00000000c7e84bd8,0x00000000ce000000)
 Metaspace       used 52616K, capacity 53882K, committed 54144K, reserved 1095680K
  class space    used 6977K, capacity 7261K, committed 7296K, reserved 1048576K
}
Event: 68.791 GC heap before
{Heap before GC invocations=36 (full 6):
 PSYoungGen      total 348160K, used 347649K [0x00000000e0000000, 0x0000000100000000, 0x0000000100000000)
  eden space 232448K, 100% used [0x00000000e0000000,0x00000000ee300000,0x00000000ee300000)
  from space 115712K, 99% used [0x00000000ee300000,0x00000000f53807c8,0x00000000f5400000)
  to   space 158720K, 0% used [0x00000000f6500000,0x00000000f6500000,0x0000000100000000)
 ParOldGen       total 753664K, used 653842K [0x00000000a0000000, 0x00000000ce000000, 0x00000000e0000000)
  object space 753664K, 86% used [0x00000000a0000000,0x00000000c7e84bd8,0x00000000ce000000)
 Metaspace       used 52629K, capacity 53882K, committed 54144K, reserved 1095680K
  class space    used 6980K, capacity 7261K, committed 7296K, reserved 1048576K
Event: 69.069 GC heap after
Heap after GC invocations=36 (full 6):
 PSYoungGen      total 333824K, used 158707K [0x00000000e0000000, 0x0000000100000000, 0x0000000100000000)
  eden space 175104K, 0% used [0x00000000e0000000,0x00000000e0000000,0x00000000eab00000)
  from space 158720K, 99% used [0x00000000f6500000,0x00000000ffffccb0,0x0000000100000000)
  to   space 174592K, 0% used [0x00000000eab00000,0x00000000eab00000,0x00000000f5580000)
 ParOldGen       total 753664K, used 731590K [0x00000000a0000000, 0x00000000ce000000, 0x00000000e0000000)
  object space 753664K, 97% used [0x00000000a0000000,0x00000000cca71988,0x00000000ce000000)
 Metaspace       used 52629K, capacity 53882K, committed 54144K, reserved 1095680K
  class space    used 6980K, capacity 7261K, committed 7296K, reserved 1048576K
}
Event: 69.069 GC heap before
{Heap before GC invocations=37 (full 7):
 PSYoungGen      total 333824K, used 158707K [0x00000000e0000000, 0x0000000100000000, 0x0000000100000000)
  eden space 175104K, 0% used [0x00000000e0000000,0x00000000e0000000,0x00000000eab00000)
  from space 158720K, 99% used [0x00000000f6500000,0x00000000ffffccb0,0x0000000100000000)
  to   space 174592K, 0% used [0x00000000eab00000,0x00000000eab00000,0x00000000f5580000)
 ParOldGen       total 753664K, used 731590K [0x00000000a0000000, 0x00000000ce000000, 0x00000000e0000000)
  object space 753664K, 97% used [0x00000000a0000000,0x00000000cca71988,0x00000000ce000000)
 Metaspace       used 52629K, capacity 53882K, committed 54144K, reserved 1095680K
  class space    used 6980K, capacity 7261K, committed 7296K, reserved 1048576K

Deoptimization events (10 events):
Event: 66.373 Thread 0x00007f2ce8065800 Uncommon trap: reason=class_check action=maybe_recompile pc=0x00007f2d566ac54c method=com.android.dx.ssa.back.InterferenceGraph.add(II)V @ 19
Event: 66.373 Thread 0x00007f2ce8065800 Uncommon trap: reason=class_check action=maybe_recompile pc=0x00007f2d566ac54c method=com.android.dx.ssa.back.InterferenceGraph.add(II)V @ 19
Event: 66.373 Thread 0x00007f2ce8065800 Uncommon trap: reason=class_check action=maybe_recompile pc=0x00007f2d566ac54c method=com.android.dx.ssa.back.InterferenceGraph.add(II)V @ 19
Event: 66.373 Thread 0x00007f2ce8065800 Uncommon trap: reason=class_check action=maybe_recompile pc=0x00007f2d566ac54c method=com.android.dx.ssa.back.InterferenceGraph.add(II)V @ 19
Event: 66.476 Thread 0x00007f2ce8065800 Uncommon trap: reason=class_check action=maybe_recompile pc=0x00007f2d56c62538 method=com.android.dx.ssa.back.InterferenceGraph.mergeInterferenceSet(ILcom/android/dx/util/IntSet;)V @ 20
Event: 66.478 Thread 0x00007f2ce8065800 Uncommon trap: reason=class_check action=maybe_recompile pc=0x00007f2d56986290 method=com.android.dx.ssa.back.InterferenceGraph.mergeInterferenceSet(ILcom/android/dx/util/IntSet;)V @ 20
Event: 66.487 Thread 0x00007f2ce8065800 Uncommon trap: reason=class_check action=maybe_recompile pc=0x00007f2d56986290 method=com.android.dx.ssa.back.InterferenceGraph.mergeInterferenceSet(ILcom/android/dx/util/IntSet;)V @ 20
Event: 66.487 Thread 0x00007f2ce8065800 Uncommon trap: reason=class_check action=maybe_recompile pc=0x00007f2d56986290 method=com.android.dx.ssa.back.InterferenceGraph.mergeInterferenceSet(ILcom/android/dx/util/IntSet;)V @ 20
Event: 66.554 Thread 0x00007f2ce8069000 Uncommon trap: reason=class_check action=maybe_recompile pc=0x00007f2d56c62538 method=com.android.dx.ssa.back.InterferenceGraph.mergeInterferenceSet(ILcom/android/dx/util/IntSet;)V @ 20
Event: 67.146 Thread 0x00007f2d048c2800 Uncommon trap: reason=unstable_if action=reinterpret pc=0x00007f2d56cbda38 method=com.android.dx.cf.code.RopperMachine.updateReturnOp(Lcom/android/dx/rop/code/Rop;Lcom/android/dx/rop/code/SourcePosition;)V @ 106

Internal exceptions (10 events):
Event: 31.768 Thread 0x00007f2d08007000 Exception <a 'java/lang/ClassNotFoundException': org/gradle/platform/base/BinaryContainer_ImplCustomizer> (0x00000000e2cab7c8) thrown at [/HUDSON3/workspace/8-2-build-linux-amd64/jdk8u111/7883/hotspot/src/share/vm/classfile/systemDictionary.cpp, line 210]
Event: 31.961 Thread 0x00007f2d08007000 Exception <a 'java/lang/NoSuchMethodError': <clinit>> (0x00000000e34d63d0) thrown at [/HUDSON3/workspace/8-2-build-linux-amd64/jdk8u111/7883/hotspot/src/share/vm/prims/jni.cpp, line 1613]
Event: 31.962 Thread 0x00007f2d08007000 Exception <a 'java/lang/NoSuchMethodError': <clinit>> (0x00000000e34e33b8) thrown at [/HUDSON3/workspace/8-2-build-linux-amd64/jdk8u111/7883/hotspot/src/share/vm/prims/jni.cpp, line 1613]
Event: 31.995 Thread 0x00007f2d08007000 Exception <a 'java/lang/NoSuchMethodError': <clinit>> (0x00000000e36b7db0) thrown at [/HUDSON3/workspace/8-2-build-linux-amd64/jdk8u111/7883/hotspot/src/share/vm/prims/jni.cpp, line 1613]
Event: 31.997 Thread 0x00007f2d08007000 Exception <a 'java/lang/NoSuchMethodError': <clinit>> (0x00000000e36d05c0) thrown at [/HUDSON3/workspace/8-2-build-linux-amd64/jdk8u111/7883/hotspot/src/share/vm/prims/jni.cpp, line 1613]
Event: 31.997 Thread 0x00007f2d08007000 Exception <a 'java/lang/NoSuchMethodError': <clinit>> (0x00000000e36d1ad8) thrown at [/HUDSON3/workspace/8-2-build-linux-amd64/jdk8u111/7883/hotspot/src/share/vm/prims/jni.cpp, line 1613]
Event: 35.858 Thread 0x00007f2ce8067000 Implicit null exception at 0x00007f2d5517d1a5 to 0x00007f2d5517dd81
Event: 36.542 Thread 0x00007f2ce8069000 Implicit null exception at 0x00007f2d566dd04d to 0x00007f2d566dd229
Event: 40.672 Thread 0x00007f2ce805c800 Implicit null exception at 0x00007f2d569e14bc to 0x00007f2d569e1bb1
Event: 42.454 Thread 0x00007f2d048c2800 Implicit null exception at 0x00007f2d55406a03 to 0x00007f2d55407075

Events (10 events):
Event: 68.515 loading class java/util/concurrent/LinkedBlockingDeque$Itr
Event: 68.523 loading class java/util/concurrent/LinkedBlockingDeque$AbstractItr
Event: 68.523 loading class java/util/concurrent/LinkedBlockingDeque$AbstractItr done
Event: 68.523 loading class java/util/concurrent/LinkedBlockingDeque$Itr done
Event: 68.579 loading class org/gradle/cache/internal/SimpleStateCache$1
Event: 68.579 loading class org/gradle/cache/internal/SimpleStateCache$1 done
Event: 68.738 Executing VM operation: RevokeBias
Event: 68.740 Executing VM operation: RevokeBias done
Event: 68.740 Thread 0x00007f2d04005800 Thread exited: 0x00007f2d04005800
Event: 68.791 Executing VM operation: ParallelGCFailedAllocation


Dynamic libraries:
00400000-00401000 r-xp 00000000 08:02 182546                             /usr/lib/jvm/java-8-oracle/bin/java
00600000-00601000 rw-p 00000000 08:02 182546                             /usr/lib/jvm/java-8-oracle/bin/java
009a1000-009c2000 rw-p 00000000 00:00 0                                  [heap]
a0000000-ce000000 rw-p 00000000 00:00 0 
de500000-e0000000 ---p 00000000 00:00 0 
e0000000-100000000 rw-p 00000000 00:00 0 
100000000-100720000 rw-p 00000000 00:00 0 
100720000-140000000 ---p 00000000 00:00 0 
7f2cd8000000-7f2cd805b000 rw-p 00000000 00:00 0 
7f2cd805b000-7f2cdc000000 ---p 00000000 00:00 0 
7f2cdc000000-7f2cdc119000 rw-p 00000000 00:00 0 
7f2cdc119000-7f2ce0000000 ---p 00000000 00:00 0 
7f2ce0000000-7f2ce0021000 rw-p 00000000 00:00 0 
7f2ce0021000-7f2ce4000000 ---p 00000000 00:00 0 
7f2ce4000000-7f2ce4150000 rw-p 00000000 00:00 0 
7f2ce4150000-7f2ce8000000 ---p 00000000 00:00 0 
7f2ce8000000-7f2ce8222000 rw-p 00000000 00:00 0 
7f2ce8222000-7f2cec000000 ---p 00000000 00:00 0 
7f2cec000000-7f2cec08c000 rw-p 00000000 00:00 0 
7f2cec08c000-7f2cf0000000 ---p 00000000 00:00 0 
7f2cf0000000-7f2cf0021000 rw-p 00000000 00:00 0 
7f2cf0021000-7f2cf4000000 ---p 00000000 00:00 0 
7f2cf4000000-7f2cf4021000 rw-p 00000000 00:00 0 
7f2cf4021000-7f2cf8000000 ---p 00000000 00:00 0 
7f2cf8000000-7f2cf8021000 rw-p 00000000 00:00 0 
7f2cf8021000-7f2cfc000000 ---p 00000000 00:00 0 
7f2cfc000000-7f2cfc021000 rw-p 00000000 00:00 0 
7f2cfc021000-7f2d00000000 ---p 00000000 00:00 0 
7f2d00000000-7f2d00021000 rw-p 00000000 00:00 0 
7f2d00021000-7f2d04000000 ---p 00000000 00:00 0 
7f2d04000000-7f2d05269000 rw-p 00000000 00:00 0 
7f2d05269000-7f2d08000000 ---p 00000000 00:00 0 
7f2d08000000-7f2d08021000 rw-p 00000000 00:00 0 
7f2d08021000-7f2d0c000000 ---p 00000000 00:00 0 
7f2d0c000000-7f2d0c021000 rw-p 00000000 00:00 0 
7f2d0c021000-7f2d10000000 ---p 00000000 00:00 0 
7f2d10000000-7f2d10021000 rw-p 00000000 00:00 0 
7f2d10021000-7f2d14000000 ---p 00000000 00:00 0 
7f2d14000000-7f2d14073000 rw-p 00000000 00:00 0 
7f2d14073000-7f2d18000000 ---p 00000000 00:00 0 
7f2d18000000-7f2d18021000 rw-p 00000000 00:00 0 
7f2d18021000-7f2d1c000000 ---p 00000000 00:00 0 
7f2d1c000000-7f2d1c021000 rw-p 00000000 00:00 0 
7f2d1c021000-7f2d20000000 ---p 00000000 00:00 0 
7f2d20000000-7f2d223b1000 rw-p 00000000 00:00 0 
7f2d223b1000-7f2d24000000 ---p 00000000 00:00 0 
7f2d24000000-7f2d24e20000 rw-p 00000000 00:00 0 
7f2d24e20000-7f2d28000000 ---p 00000000 00:00 0 
7f2d28000000-7f2d28021000 rw-p 00000000 00:00 0 
7f2d28021000-7f2d2c000000 ---p 00000000 00:00 0 
7f2d2c000000-7f2d2dd9d000 rw-p 00000000 00:00 0 
7f2d2dd9d000-7f2d30000000 ---p 00000000 00:00 0 
7f2d30000000-7f2d30021000 rw-p 00000000 00:00 0 
7f2d30021000-7f2d34000000 ---p 00000000 00:00 0 
7f2d34000000-7f2d34021000 rw-p 00000000 00:00 0 
7f2d34021000-7f2d38000000 ---p 00000000 00:00 0 
7f2d38000000-7f2d38049000 rw-p 00000000 00:00 0 
7f2d38049000-7f2d3c000000 ---p 00000000 00:00 0 
7f2d3c000000-7f2d3c378000 rw-p 00000000 00:00 0 
7f2d3c378000-7f2d40000000 ---p 00000000 00:00 0 
7f2d40000000-7f2d4012e000 rw-p 00000000 00:00 0 
7f2d4012e000-7f2d44000000 ---p 00000000 00:00 0 
7f2d44783000-7f2d44944000 rw-p 00000000 00:00 0 
7f2d44944000-7f2d44984000 ---p 00000000 00:00 0 
7f2d44984000-7f2d44987000 ---p 00000000 00:00 0 
7f2d44987000-7f2d44a85000 rw-p 00000000 00:00 0 
7f2d44a85000-7f2d44a88000 ---p 00000000 00:00 0 
7f2d44a88000-7f2d44b86000 rw-p 00000000 00:00 0 
7f2d44b86000-7f2d44b89000 ---p 00000000 00:00 0 
7f2d44b89000-7f2d44c87000 rw-p 00000000 00:00 0 
7f2d44c87000-7f2d44c8a000 ---p 00000000 00:00 0 
7f2d44c8a000-7f2d44d88000 rw-p 00000000 00:00 0 
7f2d44d88000-7f2d44d8b000 ---p 00000000 00:00 0 
7f2d44d8b000-7f2d44e89000 rw-p 00000000 00:00 0 
7f2d44e89000-7f2d44f81000 r--s 009c6000 08:02 4515430                    /home/ankit/Desktop/Evento/app/build/intermediates/transforms/jarMerging/debug/jars/1/1f/combined.jar
7f2d44f81000-7f2d44f84000 ---p 00000000 00:00 0 
7f2d44f84000-7f2d45282000 rw-p 00000000 00:00 0 
7f2d45282000-7f2d45482000 rw-p 00000000 00:00 0 
7f2d45482000-7f2d45682000 rw-p 00000000 00:00 0 
7f2d45682000-7f2d45882000 rw-p 00000000 00:00 0 
7f2d45882000-7f2d45a82000 rw-p 00000000 00:00 0 
7f2d45a82000-7f2d45a95000 r--s 00345000 08:02 182681                     /usr/lib/jvm/java-8-oracle/jre/lib/resources.jar
7f2d45a95000-7f2d45c95000 rw-p 00000000 00:00 0 
7f2d45c95000-7f2d45e95000 rw-p 00000000 00:00 0 
7f2d45e95000-7f2d46095000 rw-p 00000000 00:00 0 
7f2d46095000-7f2d46295000 rw-p 00000000 00:00 0 
7f2d46295000-7f2d46495000 rw-p 00000000 00:00 0 
7f2d46495000-7f2d464c0000 r--s 001fc000 08:02 3802331                    /home/ankit/Downloads/android-studio/gradle/m2repository/com/google/guava/guava/18.0/guava-18.0.jar
7f2d464c0000-7f2d464c1000 r--s 00001000 08:02 3877617                    /home/ankit/Downloads/android-studio/gradle/m2repository/com/android/tools/annotations/25.2.0/annotations-25.2.0.jar
7f2d464c1000-7f2d464d3000 r--s 000b3000 08:02 3989804                    /home/ankit/Downloads/android-studio/gradle/m2repository/com/android/tools/external/com-intellij/uast/145.597.3/uast-145.597.3.jar
7f2d464d3000-7f2d464db000 r--s 000a8000 08:02 3753715                    /home/ankit/Downloads/android-studio/gradle/m2repository/com/android/tools/external/lombok/lombok-ast/0.2.3/lombok-ast-0.2.3.jar
7f2d464db000-7f2d464dd000 r--s 0000d000 08:02 3760231                    /home/ankit/Downloads/android-studio/gradle/m2repository/commons-codec/commons-codec/1.4/commons-codec-1.4.jar
7f2d464dd000-7f2d464df000 r--s 0000d000 08:02 3540543                    /home/ankit/Downloads/android-studio/gradle/m2repository/commons-logging/commons-logging/1.1.1/commons-logging-1.1.1.jar
7f2d464df000-7f2d464e4000 r--s 00028000 08:02 3753367                    /home/ankit/Downloads/android-studio/gradle/m2repository/org/apache/httpcomponents/httpcore/4.1/httpcore-4.1.jar
7f2d464e4000-7f2d464e8000 r--s 0002f000 08:02 3845228                    /home/ankit/Downloads/android-studio/gradle/m2repository/com/google/jimfs/jimfs/1.1/jimfs-1.1.jar
7f2d464e8000-7f2d464e9000 r--s 00004000 08:02 3753443                    /home/ankit/Downloads/android-studio/gradle/m2repository/com/intellij/annotations/12.0/annotations-12.0.jar
7f2d464e9000-7f2d464ea000 r--s 00004000 08:02 3713300                    /home/ankit/Downloads/android-studio/gradle/m2repository/org/ow2/asm/asm-analysis/5.0.4/asm-analysis-5.0.4.jar
7f2d464ea000-7f2d464ee000 r--s 0003b000 08:02 4017281                    /home/ankit/Downloads/android-studio/gradle/m2repository/com/android/tools/lint/lint-api/25.2.0/lint-api-25.2.0.jar
7f2d464ee000-7f2d464ef000 r--s 0000a000 08:02 3760193                    /home/ankit/Downloads/android-studio/gradle/m2repository/net/sf/kxml/kxml2/2.3.0/kxml2-2.3.0.jar
7f2d464ef000-7f2d464f1000 r--s 00005000 08:02 3753358                    /home/ankit/Downloads/android-studio/gradle/m2repository/org/apache/httpcomponents/httpmime/4.1/httpmime-4.1.jar
7f2d464f1000-7f2d464f9000 r--s 0004e000 08:02 3753378                    /home/ankit/Downloads/android-studio/gradle/m2repository/org/apache/httpcomponents/httpclient/4.1.1/httpclient-4.1.1.jar
7f2d464f9000-7f2d46500000 r--s 00053000 08:02 3753390                    /home/ankit/Downloads/android-studio/gradle/m2repository/org/apache/commons/commons-compress/1.8.1/commons-compress-1.8.1.jar
7f2d46500000-7f2d46505000 r--s 0002a000 08:02 3753476                    /home/ankit/Downloads/android-studio/gradle/m2repository/com/google/code/gson/gson/2.2.4/gson-2.2.4.jar
7f2d46505000-7f2d4650a000 r--s 0002d000 08:02 4000509                    /home/ankit/Downloads/android-studio/gradle/m2repository/com/android/tools/repository/25.2.0/repository-25.2.0.jar
7f2d4650a000-7f2d4650b000 r--s 00005000 08:02 3941528                    /home/ankit/Downloads/android-studio/gradle/m2repository/com/android/tools/dvlib/25.2.0/dvlib-25.2.0.jar
7f2d4650b000-7f2d4650e000 r--s 00014000 08:02 3835823                    /home/ankit/Downloads/android-studio/gradle/m2repository/com/android/tools/layoutlib/layoutlib-api/25.2.0/layoutlib-api-25.2.0.jar
7f2d4650e000-7f2d46513000 r--s 00058000 08:02 3631976                    /home/ankit/Downloads/android-studio/gradle/m2repository/org/ow2/asm/asm-debug-all/5.0.1/asm-debug-all-5.0.1.jar
7f2d46513000-7f2d46523000 r--s 000d6000 08:02 3760205                    /home/ankit/Downloads/android-studio/gradle/m2repository/net/sf/proguard/proguard-base/5.2.1/proguard-base-5.2.1.jar
7f2d46523000-7f2d46526000 r--s 00033000 08:02 3753450                    /home/ankit/Downloads/android-studio/gradle/m2repository/com/googlecode/juniversalchardet/juniversalchardet/1.0.3/juniversalchardet-1.0.3.jar
7f2d46526000-7f2d4652a000 r--s 0002a000 08:02 3506651                    /home/ankit/Downloads/android-studio/gradle/m2repository/commons-io/commons-io/2.4/commons-io-2.4.jar
7f2d4652a000-7f2d46541000 r--s 00154000 08:02 3787896                    /home/ankit/Downloads/android-studio/gradle/m2repository/org/antlr/antlr4/4.5.3/antlr4-4.5.3.jar
7f2d46541000-7f2d46542000 r--s 00002000 08:02 3845251                    /home/ankit/Downloads/android-studio/gradle/m2repository/com/android/databinding/baseLibrary/2.2.0/baseLibrary-2.2.0.jar
7f2d46542000-7f2d46555000 r--s 00236000 08:02 3779712                    /home/ankit/Downloads/android-studio/gradle/m2repository/org/eclipse/jdt/core/compiler/ecj/4.5.1/ecj-4.5.1.jar
7f2d46555000-7f2d4655c000 r--s 000c3000 08:02 3927174                    /home/ankit/Downloads/android-studio/gradle/m2repository/com/android/tools/lint/lint-checks/25.2.0/lint-checks-25.2.0.jar
7f2d4655c000-7f2d4655e000 r--s 00006000 08:02 3754422                    /home/ankit/Downloads/android-studio/gradle/m2repository/org/ow2/asm/asm-tree/5.0.4/asm-tree-5.0.4.jar
7f2d4655e000-7f2d46591000 r--s 00203000 08:02 3753331                    /home/ankit/Downloads/android-studio/gradle/m2repository/org/bouncycastle/bcprov-jdk15on/1.48/bcprov-jdk15on-1.48.jar
7f2d46591000-7f2d4659f000 r--s 00081000 08:02 3753336                    /home/ankit/Downloads/android-studio/gradle/m2repository/org/bouncycastle/bcpkix-jdk15on/1.48/bcpkix-jdk15on-1.48.jar
7f2d4659f000-7f2d465a1000 r--s 00002000 08:02 3753458                    /home/ankit/Downloads/android-studio/gradle/m2repository/com/squareup/javawriter/2.5.0/javawriter-2.5.0.jar
7f2d465a1000-7f2d465a2000 r--s 00002000 08:02 4009078                    /home/ankit/Downloads/android-studio/gradle/m2repository/com/android/tools/analytics-library/tracker/25.2.0/tracker-25.2.0.jar
7f2d465a2000-7f2d465a4000 r--s 00003000 08:02 4009086                    /home/ankit/Downloads/android-studio/gradle/m2repository/com/android/tools/analytics-library/shared/25.2.0/shared-25.2.0.jar
7f2d465a4000-7f2d465b1000 r--s 000ed000 08:02 4009082                    /home/ankit/Downloads/android-studio/gradle/m2repository/com/android/tools/analytics-library/protos/25.2.0/protos-25.2.0.jar
7f2d465b1000-7f2d465b2000 r--s 00001000 08:02 3753578                    /home/ankit/Downloads/android-studio/gradle/m2repository/com/android/tools/jill/jill-api/0.10.0/jill-api-0.10.0.jar
7f2d465b2000-7f2d465b4000 r--s 00003000 08:02 4024806                    /home/ankit/Downloads/android-studio/gradle/m2repository/com/android/tools/jack/jack-api/0.11.0/jack-api-0.11.0.jar
7f2d465b4000-7f2d465b9000 r--s 0004a000 08:02 3918754                    /home/ankit/Downloads/android-studio/gradle/m2repository/com/android/tools/ddms/ddmlib/25.2.0/ddmlib-25.2.0.jar
7f2d465b9000-7f2d465bc000 r--s 00021000 08:02 3910779                    /home/ankit/Downloads/android-studio/gradle/m2repository/com/android/tools/build/manifest-merger/25.2.0/manifest-merger-25.2.0.jar
7f2d465bc000-7f2d465be000 r--s 0001c000 08:02 4031682                    /home/ankit/Downloads/android-studio/gradle/m2repository/com/android/tools/common/25.2.0/common-25.2.0.jar
7f2d465be000-7f2d465c7000 r--s 00083000 08:02 3885105                    /home/ankit/Downloads/android-studio/gradle/m2repository/com/android/tools/sdk-common/25.2.0/sdk-common-25.2.0.jar
7f2d465c7000-7f2d465d2000 r--s 0008e000 08:02 4024802                    /home/ankit/Downloads/android-studio/gradle/m2repository/com/android/tools/sdklib/25.2.0/sdklib-25.2.0.jar
7f2d465d2000-7f2d465d3000 r--s 00002000 08:02 3894391                    /home/ankit/Downloads/android-studio/gradle/m2repository/com/android/tools/build/builder-test-api/2.2.0/builder-test-api-2.2.0.jar
7f2d465d3000-7f2d465d6000 r--s 00005000 08:02 3754438                    /home/ankit/Downloads/android-studio/gradle/m2repository/com/android/tools/build/builder-model/2.2.0/builder-model-2.2.0.jar
7f2d465d6000-7f2d465de000 r--s 0007b000 08:02 3819714                    /home/ankit/Downloads/android-studio/gradle/m2repository/com/google/protobuf/protobuf-java/2.5.0/protobuf-java-2.5.0.jar
7f2d465de000-7f2d465e0000 r--s 0000f000 08:02 4041488                    /home/ankit/Downloads/android-studio/gradle/m2repository/net/sf/jopt-simple/jopt-simple/4.9/jopt-simple-4.9.jar
7f2d465e0000-7f2d465e4000 r--s 0001f000 08:02 3795671                    /home/ankit/Downloads/android-studio/gradle/m2repository/org/jacoco/org.jacoco.report/0.7.5.201505241946/org.jacoco.report-0.7.5.201505241946.jar
7f2d465e4000-7f2d465e8000 r--s 0001d000 08:02 3787900                    /home/ankit/Downloads/android-studio/gradle/m2repository/org/jacoco/org.jacoco.core/0.7.5.201505241946/org.jacoco.core-0.7.5.201505241946.jar
7f2d465e8000-7f2d465e9000 r--s 00002000 08:02 3760221                    /home/ankit/Downloads/android-studio/gradle/m2repository/net/sf/proguard/proguard-gradle/5.2.1/proguard-gradle-5.2.1.jar
7f2d465e9000-7f2d465eb000 r--s 00009000 08:02 3779703                    /home/ankit/Downloads/android-studio/gradle/m2repository/org/ow2/asm/asm-commons/5.0.4/asm-commons-5.0.4.jar
7f2d465eb000-7f2d465ef000 r--s 0002b000 08:02 3853442                    /home/ankit/Downloads/android-studio/gradle/m2repository/com/android/databinding/compilerCommon/2.2.0/compilerCommon-2.2.0.jar
7f2d465ef000-7f2d467ef000 rw-p 00000000 00:00 0 
7f2d467ef000-7f2d467f2000 ---p 00000000 00:00 0 
7f2d467f2000-7f2d46af0000 rw-p 00000000 00:00 0 
7f2d46af0000-7f2d46cf0000 rw-p 00000000 00:00 0 
7f2d46cf0000-7f2d46ef0000 rw-p 00000000 00:00 0 
7f2d46ef0000-7f2d470f0000 rw-p 00000000 00:00 0 
7f2d470f0000-7f2d472f0000 rw-p 00000000 00:00 0 
7f2d472f0000-7f2d474f0000 rw-p 00000000 00:00 0 
7f2d474f0000-7f2d474f3000 ---p 00000000 00:00 0 
7f2d474f3000-7f2d475f1000 rw-p 00000000 00:00 0 
7f2d475f1000-7f2d475f4000 ---p 00000000 00:00 0 
7f2d475f4000-7f2d476f2000 rw-p 00000000 00:00 0 
7f2d476f2000-7f2d476f5000 ---p 00000000 00:00 0 
7f2d476f5000-7f2d477f3000 rw-p 00000000 00:00 0 
7f2d477f3000-7f2d477f6000 ---p 00000000 00:00 0 
7f2d477f6000-7f2d478f4000 rw-p 00000000 00:00 0 
7f2d478f4000-7f2d478f7000 ---p 00000000 00:00 0 
7f2d478f7000-7f2d479f5000 rw-p 00000000 00:00 0 
7f2d479f5000-7f2d479f8000 ---p 00000000 00:00 0 
7f2d479f8000-7f2d47cf6000 rw-p 00000000 00:00 0 
7f2d47cf6000-7f2d47cf9000 ---p 00000000 00:00 0 
7f2d47cf9000-7f2d47df7000 rw-p 00000000 00:00 0 
7f2d47df7000-7f2d47e00000 r-xp 00000000 08:02 200010                     /usr/lib/jvm/java-8-oracle/jre/lib/amd64/libmanagement.so
7f2d47e00000-7f2d47fff000 ---p 00009000 08:02 200010                     /usr/lib/jvm/java-8-oracle/jre/lib/amd64/libmanagement.so
7f2d47fff000-7f2d48000000 rw-p 00008000 08:02 200010                     /usr/lib/jvm/java-8-oracle/jre/lib/amd64/libmanagement.so
7f2d48000000-7f2d48021000 rw-p 00000000 00:00 0 
7f2d48021000-7f2d4c000000 ---p 00000000 00:00 0 
7f2d4c000000-7f2d4c002000 r--s 0000c000 08:02 3779709                    /home/ankit/Downloads/android-studio/gradle/m2repository/org/ow2/asm/asm/5.0.4/asm-5.0.4.jar
7f2d4c002000-7f2d4c003000 r--s 00002000 08:02 3894401                    /home/ankit/Downloads/android-studio/gradle/m2repository/com/android/tools/build/gradle-api/2.2.0/gradle-api-2.2.0.jar
7f2d4c003000-7f2d4c004000 r--s 00000000 08:02 3753573                    /home/ankit/Downloads/android-studio/gradle/m2repository/com/android/tools/build/transform-api/2.0.0-deprecated-use-gradle-api/transform-api-2.0.0-deprecated-use-gradle-api.jar
7f2d4c004000-7f2d4c009000 r--s 00053000 08:02 4017271                    /home/ankit/Downloads/android-studio/gradle/m2repository/com/android/tools/lint/lint/25.2.0/lint-25.2.0.jar
7f2d4c009000-7f2d4c020000 r--s 0015d000 08:02 3885097                    /home/ankit/Downloads/android-studio/gradle/m2repository/com/android/tools/build/builder/2.2.0/builder-2.2.0.jar
7f2d4c020000-7f2d4c03d000 r--s 0019c000 08:02 3910782                    /home/ankit/Downloads/android-studio/gradle/m2repository/com/android/tools/build/gradle-core/2.2.0/gradle-core-2.2.0.jar
7f2d4c03d000-7f2d4c03f000 r--s 0000d000 08:02 3802336                    /home/ankit/Downloads/android-studio/gradle/m2repository/com/android/tools/build/gradle/2.2.0/gradle-2.2.0.jar
7f2d4c03f000-7f2d4c042000 ---p 00000000 00:00 0 
7f2d4c042000-7f2d4c078000 rw-p 00000000 00:00 0 
7f2d4c078000-7f2d4c079000 r--p 00000000 00:00 0 
7f2d4c079000-7f2d4c0f1000 r--s 010e6000 08:02 158507                     /usr/lib/jvm/java-8-oracle/lib/tools.jar
7f2d4c0f1000-7f2d4c0f8000 r--s 00000000 08:02 109538                     /usr/lib/x86_64-linux-gnu/gconv/gconv-modules.cache
7f2d4c0f8000-7f2d4c0fb000 ---p 00000000 00:00 0 
7f2d4c0fb000-7f2d4c1f9000 rw-p 00000000 00:00 0 
7f2d4c1f9000-7f2d4c1fd000 r--s 00097000 08:02 182569                     /usr/lib/jvm/java-8-oracle/jre/lib/jsse.jar
7f2d4c1fd000-7f2d4c1ff000 r--s 00007000 08:02 3402085                    /home/ankit/Downloads/android-studio/gradle/gradle-2.14.1/lib/plugins/gradle-tooling-api-builders-2.14.1.jar
7f2d4c1ff000-7f2d4c202000 r--s 00008000 08:02 3402081                    /home/ankit/Downloads/android-studio/gradle/gradle-2.14.1/lib/plugins/gradle-testing-native-2.14.1.jar
7f2d4c202000-7f2d4c204000 r--s 00009000 08:02 3402371                    /home/ankit/Downloads/android-studio/gradle/gradle-2.14.1/lib/plugins/hamcrest-core-1.3.jar
7f2d4c204000-7f2d4c20a000 r--s 00033000 08:02 3402325                    /home/ankit/Downloads/android-studio/gradle/gradle-2.14.1/lib/plugins/snakeyaml-1.6.jar
7f2d4c20a000-7f2d4c20c000 r--s 00006000 08:02 3402336                    /home/ankit/Downloads/android-studio/gradle/gradle-2.14.1/lib/plugins/jcommander-1.12.jar
7f2d4c20c000-7f2d4c211000 r--s 00040000 08:02 3402324                    /home/ankit/Downloads/android-studio/gradle/gradle-2.14.1/lib/plugins/bsh-2.0b4.jar
7f2d4c211000-7f2d4c21a000 r--s 00089000 08:02 3402339                    /home/ankit/Downloads/android-studio/gradle/gradle-2.14.1/lib/plugins/testng-6.3.1.jar
7f2d4c21a000-7f2d4c222000 r--s 00045000 08:02 3402343                    /home/ankit/Downloads/android-studio/gradle/gradle-2.14.1/lib/plugins/junit-4.12.jar
7f2d4c222000-7f2d4c228000 r--s 0002e000 08:02 3402091                    /home/ankit/Downloads/android-studio/gradle/gradle-2.14.1/lib/plugins/gradle-testing-jvm-2.14.1.jar
7f2d4c228000-7f2d4c22d000 r--s 00015000 08:02 3402095                    /home/ankit/Downloads/android-studio/gradle/gradle-2.14.1/lib/plugins/gradle-testing-base-2.14.1.jar
7f2d4c22d000-7f2d4c22e000 r--s 00002000 08:02 3402342                    /home/ankit/Downloads/android-studio/gradle/gradle-2.14.1/lib/plugins/sonar-batch-bootstrapper-2.9.jar
7f2d4c22e000-7f2d4c231000 r--s 00015000 08:02 3402090                    /home/ankit/Downloads/android-studio/gradle/gradle-2.14.1/lib/plugins/gradle-sonar-2.14.1.jar
7f2d4c231000-7f2d4c238000 r--s 00038000 08:02 3402356                    /home/ankit/Downloads/android-studio/gradle/gradle-2.14.1/lib/plugins/bcpg-jdk15on-1.51.jar
7f2d4c238000-7f2d4c23a000 r--s 0000d000 08:02 3402293                    /home/ankit/Downloads/android-studio/gradle/gradle-2.14.1/lib/plugins/gradle-signing-2.14.1.jar
7f2d4c23a000-7f2d4c23d000 r--s 00009000 08:02 3402099                    /home/ankit/Downloads/android-studio/gradle/gradle-2.14.1/lib/plugins/gradle-scala-2.14.1.jar
7f2d4c23d000-7f2d4c23e000 r--s 00004000 08:02 3402295                    /home/ankit/Downloads/android-studio/gradle/gradle-2.14.1/lib/plugins/gradle-resources-sftp-2.14.1.jar
7f2d4c23e000-7f2d4c24e000 r--s 00088000 08:02 3402329                    /home/ankit/Downloads/android-studio/gradle/gradle-2.14.1/lib/plugins/joda-time-2.8.2.jar
7f2d4c24e000-7f2d4c25f000 r--s 000cf000 08:02 3402375                    /home/ankit/Downloads/android-studio/gradle/gradle-2.14.1/lib/plugins/jackson-databind-2.3.2.jar
7f2d4c25f000-7f2d4c261000 r--s 00007000 08:02 3402352                    /home/ankit/Downloads/android-studio/gradle/gradle-2.14.1/lib/plugins/jackson-annotations-2.3.2.jar
7f2d4c261000-7f2d4c264000 r--s 0002e000 08:02 3402358                    /home/ankit/Downloads/android-studio/gradle/gradle-2.14.1/lib/plugins/jackson-core-2.3.2.jar
7f2d4c264000-7f2d4c26f000 r--s 0006b000 08:02 3402381                    /home/ankit/Downloads/android-studio/gradle/gradle-2.14.1/lib/plugins/aws-java-sdk-core-1.9.19.jar
7f2d4c26f000-7f2d4c275000 r--s 00036000 08:02 3402351                    /home/ankit/Downloads/android-studio/gradle/gradle-2.14.1/lib/plugins/aws-java-sdk-kms-1.9.19.jar
7f2d4c275000-7f2d4c280000 r--s 00079000 08:02 3402341                    /home/ankit/Downloads/android-studio/gradle/gradle-2.14.1/lib/plugins/aws-java-sdk-s3-1.9.19.jar
7f2d4c280000-7f2d4c281000 r--s 00003000 08:02 3402305                    /home/ankit/Downloads/android-studio/gradle/gradle-2.14.1/lib/plugins/gradle-resources-s3-2.14.1.jar
7f2d4c281000-7f2d4c283000 r--s 00005000 08:02 3402370                    /home/ankit/Downloads/android-studio/gradle/gradle-2.14.1/lib/plugins/jatl-0.2.2.jar
7f2d4c283000-7f2d4c285000 r--s 0000f000 08:02 3402311                    /home/ankit/Downloads/android-studio/gradle/gradle-2.14.1/lib/plugins/gradle-reporting-2.14.1.jar
7f2d4c285000-7f2d4c287000 r--s 00002000 08:02 3402252                    /home/ankit/Downloads/android-studio/gradle/gradle-2.14.1/lib/plugins/gradle-publish-2.14.1.jar
7f2d4c287000-7f2d4c289000 r--s 00009000 08:02 3402334                    /home/ankit/Downloads/android-studio/gradle/gradle-2.14.1/lib/plugins/commons-cli-1.2.jar
7f2d4c289000-7f2d4c28f000 r--s 00033000 08:02 3402098                    /home/ankit/Downloads/android-studio/gradle/gradle-2.14.1/lib/plugins/gradle-plugins-2.14.1.jar
7f2d4c28f000-7f2d4c291000 r--s 00007000 08:02 3402083                    /home/ankit/Downloads/android-studio/gradle/gradle-2.14.1/lib/plugins/gradle-plugin-development-2.14.1.jar
7f2d4c291000-7f2d4c297000 r--s 0002a000 08:02 3402292                    /home/ankit/Downloads/android-studio/gradle/gradle-2.14.1/lib/plugins/gradle-platform-play-2.14.1.jar
7f2d4c297000-7f2d4c2a4000 r--s 0004d000 08:02 3402291                    /home/ankit/Downloads/android-studio/gradle/gradle-2.14.1/lib/plugins/gradle-platform-native-2.14.1.jar
7f2d4c2a4000-7f2d4c2a8000 r--s 0001a000 08:02 3402304                    /home/ankit/Downloads/android-studio/gradle/gradle-2.14.1/lib/plugins/gradle-platform-jvm-2.14.1.jar
7f2d4c2a8000-7f2d4c2af000 r--s 00029000 08:02 3402097                    /home/ankit/Downloads/android-studio/gradle/gradle-2.14.1/lib/plugins/gradle-platform-base-2.14.1.jar
7f2d4c2af000-7f2d4c2d0000 r--s 001c3000 08:02 3402322                    /home/ankit/Downloads/android-studio/gradle/gradle-2.14.1/lib/plugins/bndlib-2.4.0.jar
7f2d4c2d0000-7f2d4c2d2000 r--s 00003000 08:02 3402306                    /home/ankit/Downloads/android-studio/gradle/gradle-2.14.1/lib/plugins/gradle-osgi-2.14.1.jar
7f2d4c2d2000-7f2d4c2d5000 r--s 0000c000 08:02 3402378                    /home/ankit/Downloads/android-studio/gradle/gradle-2.14.1/lib/plugins/pmaven-groovy-0.8-20100325.jar
7f2d4c2d5000-7f2d4c2d6000 r--s 00004000 08:02 3402369                    /home/ankit/Downloads/android-studio/gradle/gradle-2.14.1/lib/plugins/pmaven-common-0.8-20100325.jar
7f2d4c2d6000-7f2d4c2dc000 r--s 00022000 08:02 3402096                    /home/ankit/Downloads/android-studio/gradle/gradle-2.14.1/lib/plugins/gradle-maven-2.14.1.jar
7f2d4c2dc000-7f2d4c2de000 r--s 0000a000 08:02 3402088                    /home/ankit/Downloads/android-studio/gradle/gradle-2.14.1/lib/plugins/gradle-language-scala-2.14.1.jar
7f2d4c2de000-7f2d4c2e4000 r--s 0001a000 08:02 3402092                    /home/ankit/Downloads/android-studio/gradle/gradle-2.14.1/lib/plugins/gradle-language-native-2.14.1.jar
7f2d4c2e4000-7f2d4c2e6000 r--s 00008000 08:02 3402084                    /home/ankit/Downloads/android-studio/gradle/gradle-2.14.1/lib/plugins/gradle-language-jvm-2.14.1.jar
7f2d4c2e6000-7f2d4c2ec000 r--s 00024000 08:02 3402300                    /home/ankit/Downloads/android-studio/gradle/gradle-2.14.1/lib/plugins/gradle-language-java-2.14.1.jar
7f2d4c2ec000-7f2d4c2ee000 r--s 0000a000 08:02 3402290                    /home/ankit/Downloads/android-studio/gradle/gradle-2.14.1/lib/plugins/gradle-language-groovy-2.14.1.jar
7f2d4c2ee000-7f2d4c2f1000 r--s 0001e000 08:02 3402319                    /home/ankit/Downloads/android-studio/gradle/gradle-2.14.1/lib/plugins/jsp-api-2.1-6.1.14.jar
7f2d4c2f1000-7f2d4c314000 r--s 00344000 08:02 3402353                    /home/ankit/Downloads/android-studio/gradle/gradle-2.14.1/lib/plugins/core-3.1.1.jar
7f2d4c314000-7f2d4c315000 r--s 00006000 08:02 3402376                    /home/ankit/Downloads/android-studio/gradle/gradle-2.14.1/lib/plugins/jetty-naming-6.1.25.jar
7f2d4c315000-7f2d4c316000 r--s 00002000 08:02 3402349                    /home/ankit/Downloads/android-studio/gradle/gradle-2.14.1/lib/plugins/geronimo-annotation_1.0_spec-1.0.jar
7f2d4c316000-7f2d4c318000 r--s 00002000 08:02 3402373                    /home/ankit/Downloads/android-studio/gradle/gradle-2.14.1/lib/plugins/jetty-annotations-6.1.25.jar
7f2d4c318000-7f2d4c329000 r--s 000ea000 08:02 3402379                    /home/ankit/Downloads/android-studio/gradle/gradle-2.14.1/lib/plugins/jsp-2.1-6.1.14.jar
7f2d4c329000-7f2d4c32b000 r--s 0000d000 08:02 3402354                    /home/ankit/Downloads/android-studio/gradle/gradle-2.14.1/lib/plugins/jetty-plus-6.1.25.jar
7f2d4c32b000-7f2d4c32d000 r--s 0001f000 08:02 3402385                    /home/ankit/Downloads/android-studio/gradle/gradle-2.14.1/lib/plugins/servlet-api-2.5-20081211.jar
7f2d4c32d000-7f2d4c331000 r--s 00028000 08:02 3402337                    /home/ankit/Downloads/android-studio/gradle/gradle-2.14.1/lib/plugins/jetty-util-6.1.25.jar
7f2d4c331000-7f2d4c338000 r--s 0007d000 08:02 3402344                    /home/ankit/Downloads/android-studio/gradle/gradle-2.14.1/lib/plugins/jetty-6.1.25.jar
7f2d4c338000-7f2d4c33a000 r--s 00009000 08:02 3402309                    /home/ankit/Downloads/android-studio/gradle/gradle-2.14.1/lib/plugins/gradle-jetty-2.14.1.jar
7f2d4c33a000-7f2d4c341000 r--s 00035000 08:02 3402382                    /home/ankit/Downloads/android-studio/gradle/gradle-2.14.1/lib/plugins/simple-4.1.21.jar
7f2d4c341000-7f2d4c34d000 r--s 00100000 08:02 3402330                    /home/ankit/Downloads/android-studio/gradle/gradle-2.14.1/lib/plugins/rhino-1.7R3.jar
7f2d4c34d000-7f2d4c351000 r--s 00011000 08:02 3402297                    /home/ankit/Downloads/android-studio/gradle/gradle-2.14.1/lib/plugins/gradle-javascript-2.14.1.jar
7f2d4c351000-7f2d4c367000 r-xp 00000000 08:02 2624314                    /lib/x86_64-linux-gnu/libgcc_s.so.1
7f2d4c367000-7f2d4c566000 ---p 00016000 08:02 2624314                    /lib/x86_64-linux-gnu/libgcc_s.so.1
7f2d4c566000-7f2d4c567000 r--p 00015000 08:02 2624314                    /lib/x86_64-linux-gnu/libgcc_s.so.1
7f2d4c567000-7f2d4c568000 rw-p 00016000 08:02 2624314                    /lib/x86_64-linux-gnu/libgcc_s.so.1
7f2d4c568000-7f2d4c6db000 r-xp 00000000 08:02 61223                      /usr/lib/x86_64-linux-gnu/libstdc++.so.6.0.21
7f2d4c6db000-7f2d4c8da000 ---p 00173000 08:02 61223                      /usr/lib/x86_64-linux-gnu/libstdc++.so.6.0.21
7f2d4c8da000-7f2d4c8e4000 r--p 00172000 08:02 61223                      /usr/lib/x86_64-linux-gnu/libstdc++.so.6.0.21
7f2d4c8e4000-7f2d4c8e6000 rw-p 0017c000 08:02 61223                      /usr/lib/x86_64-linux-gnu/libstdc++.so.6.0.21
7f2d4c8e6000-7f2d4c8ea000 rw-p 00000000 00:00 0 
7f2d4c8ea000-7f2d4c8ee000 r-xp 00000000 08:02 3391672                    /home/ankit/.gradle/native/19/linux-amd64/libnative-platform.so
7f2d4c8ee000-7f2d4caed000 ---p 00004000 08:02 3391672                    /home/ankit/.gradle/native/19/linux-amd64/libnative-platform.so
7f2d4caed000-7f2d4caee000 rw-p 00003000 08:02 3391672                    /home/ankit/.gradle/native/19/linux-amd64/libnative-platform.so
7f2d4caee000-7f2d4caff000 r-xp 00000000 08:02 199999                     /usr/lib/jvm/java-8-oracle/jre/lib/amd64/libnio.so
7f2d4caff000-7f2d4ccfe000 ---p 00011000 08:02 199999                     /usr/lib/jvm/java-8-oracle/jre/lib/amd64/libnio.so
7f2d4ccfe000-7f2d4ccff000 rw-p 00010000 08:02 199999                     /usr/lib/jvm/java-8-oracle/jre/lib/amd64/libnio.so
7f2d4ccff000-7f2d50000000 rw-p 00000000 00:00 0 
7f2d50000000-7f2d50028000 rw-p 00000000 00:00 0 
7f2d50028000-7f2d54000000 ---p 00000000 00:00 0 
7f2d54000000-7f2d54002000 r--s 0000c000 08:02 3402317                    /home/ankit/Downloads/android-studio/gradle/gradle-2.14.1/lib/plugins/gradle-jacoco-2.14.1.jar
7f2d54002000-7f2d54005000 r--s 0000e000 08:02 3402316                    /home/ankit/Downloads/android-studio/gradle/gradle-2.14.1/lib/plugins/gradle-ivy-2.14.1.jar
7f2d54005000-7f2d54006000 r--s 00002000 08:02 3402313                    /home/ankit/Downloads/android-studio/gradle/gradle-2.14.1/lib/plugins/gradle-ide-play-2.14.1.jar
7f2d54006000-7f2d5400b000 r--s 0002b000 08:02 3402310                    /home/ankit/Downloads/android-studio/gradle/gradle-2.14.1/lib/plugins/gradle-ide-native-2.14.1.jar
7f2d5400b000-7f2d54016000 r--s 00066000 08:02 3402089                    /home/ankit/Downloads/android-studio/gradle/gradle-2.14.1/lib/plugins/gradle-ide-2.14.1.jar
7f2d54016000-7f2d54017000 r--s 00008000 08:02 3402087                    /home/ankit/Downloads/android-studio/gradle/gradle-2.14.1/lib/plugins/gradle-ear-2.14.1.jar
7f2d54017000-7f2d5401d000 r--s 00032000 08:02 3402094                    /home/ankit/Downloads/android-studio/gradle/gradle-2.14.1/lib/plugins/gradle-diagnostics-2.14.1.jar
7f2d5401d000-7f2d54021000 r--s 00021000 08:02 3402312                    /home/ankit/Downloads/android-studio/gradle/gradle-2.14.1/lib/plugins/gradle-code-quality-2.14.1.jar
7f2d54021000-7f2d54025000 r--s 0001f000 08:02 3402093                    /home/ankit/Downloads/android-studio/gradle/gradle-2.14.1/lib/plugins/gradle-build-init-2.14.1.jar
7f2d54025000-7f2d5402c000 r--s 0008e000 08:02 3402314                    /home/ankit/Downloads/android-studio/gradle/gradle-2.14.1/lib/plugins/gradle-build-comparison-2.14.1.jar
7f2d5402c000-7f2d5402e000 r--s 00008000 08:02 3402302                    /home/ankit/Downloads/android-studio/gradle/gradle-2.14.1/lib/plugins/gradle-antlr-2.14.1.jar
7f2d5402e000-7f2d54030000 r--s 00004000 08:02 3402315                    /home/ankit/Downloads/android-studio/gradle/gradle-2.14.1/lib/plugins/gradle-announce-2.14.1.jar
7f2d54030000-7f2d54048000 r--s 00115000 08:02 3402347                    /home/ankit/Downloads/android-studio/gradle/gradle-2.14.1/lib/plugins/xercesImpl-2.9.1.jar
7f2d54048000-7f2d54050000 r--s 00028000 08:02 3402366                    /home/ankit/Downloads/android-studio/gradle/gradle-2.14.1/lib/plugins/xml-apis-1.3.04.jar
7f2d54050000-7f2d54056000 r--s 0005b000 08:02 3402359                    /home/ankit/Downloads/android-studio/gradle/gradle-2.14.1/lib/plugins/jcifs-1.3.17.jar
7f2d54056000-7f2d5405d000 r--s 00049000 08:02 3402296                    /home/ankit/Downloads/android-studio/gradle/gradle-2.14.1/lib/plugins/httpcore-4.4.4.jar
7f2d5405d000-7f2d54063000 r--s 00033000 08:02 3402328                    /home/ankit/Downloads/android-studio/gradle/gradle-2.14.1/lib/plugins/commons-codec-1.6.jar
7f2d54063000-7f2d54066000 r--s 0001c000 08:02 3402326                    /home/ankit/Downloads/android-studio/gradle/gradle-2.14.1/lib/plugins/nekohtml-1.9.14.jar
7f2d54066000-7f2d54073000 r--s 000a4000 08:02 3402307                    /home/ankit/Downloads/android-studio/gradle/gradle-2.14.1/lib/plugins/httpclient-4.4.1.jar
7f2d54073000-7f2d54075000 r--s 0000a000 08:02 3402082                    /home/ankit/Downloads/android-studio/gradle/gradle-2.14.1/lib/plugins/gradle-resources-http-2.14.1.jar
7f2d54075000-7f2d54079000 r--s 00014000 08:02 3402294                    /home/ankit/Downloads/android-studio/gradle/gradle-2.14.1/lib/plugins/gradle-plugin-use-2.14.1.jar
7f2d54079000-7f2d5407a000 r--s 00000000 08:02 3394352                    /home/ankit/Downloads/android-studio/gradle/gradle-2.14.1/lib/gradle-installation-beacon-2.14.1.jar
7f2d5407a000-7f2d5407b000 r--s 00007000 08:02 3402335                    /home/ankit/Downloads/android-studio/gradle/gradle-2.14.1/lib/plugins/wagon-http-shared4-2.4.jar
7f2d5407b000-7f2d5407f000 r--s 00033000 08:02 3402372                    /home/ankit/Downloads/android-studio/gradle/gradle-2.14.1/lib/plugins/plexus-utils-2.0.6.jar
7f2d5407f000-7f2d54083000 r--s 00021000 08:02 3402361                    /home/ankit/Downloads/android-studio/gradle/gradle-2.14.1/lib/plugins/maven-model-builder-3.0.4.jar
7f2d54083000-7f2d54084000 r--s 00002000 08:02 3402327                    /home/ankit/Downloads/android-studio/gradle/gradle-2.14.1/lib/plugins/wagon-file-2.4.jar
7f2d54084000-7f2d54086000 r--s 00002000 08:02 3402368                    /home/ankit/Downloads/android-studio/gradle/gradle-2.14.1/lib/plugins/plexus-cipher-1.7.jar
7f2d54086000-7f2d54089000 r--s 00013000 08:02 3402384                    /home/ankit/Downloads/android-studio/gradle/gradle-2.14.1/lib/plugins/aether-api-1.13.1.jar
7f2d54089000-7f2d5408b000 r--s 0000a000 08:02 3402338                    /home/ankit/Downloads/android-studio/gradle/gradle-2.14.1/lib/plugins/maven-settings-3.0.4.jar
7f2d5408b000-7f2d5408d000 r--s 0000d000 08:02 3402362                    /home/ankit/Downloads/android-studio/gradle/gradle-2.14.1/lib/plugins/plexus-interpolation-1.14.jar
7f2d5408d000-7f2d5408f000 r--s 0000b000 08:02 3402377                    /home/ankit/Downloads/android-studio/gradle/gradle-2.14.1/lib/plugins/maven-artifact-3.0.4.jar
7f2d5408f000-7f2d54096000 r--s 0002e000 08:02 3402332                    /home/ankit/Downloads/android-studio/gradle/gradle-2.14.1/lib/plugins/plexus-container-default-1.5.5.jar
7f2d54096000-7f2d54098000 r--s 0000b000 08:02 3402355                    /home/ankit/Downloads/android-studio/gradle/gradle-2.14.1/lib/plugins/maven-plugin-api-3.0.4.jar
7f2d54098000-7f2d5409a000 r--s 00000000 08:02 3402357                    /home/ankit/Downloads/android-studio/gradle/gradle-2.14.1/lib/plugins/plexus-component-annotations-1.5.5.jar
7f2d5409a000-7f2d540a0000 r--s 0003f000 08:02 3402363                    /home/ankit/Downloads/android-studio/gradle/gradle-2.14.1/lib/plugins/maven-compat-3.0.4.jar
7f2d540a0000-7f2d540a3000 r--s 00008000 08:02 3402345                    /home/ankit/Downloads/android-studio/gradle/gradle-2.14.1/lib/plugins/maven-settings-builder-3.0.4.jar
7f2d540a3000-7f2d540a4000 r--s 00002000 08:02 3402318                    /home/ankit/Downloads/android-studio/gradle/gradle-2.14.1/lib/plugins/wagon-http-2.4.jar
7f2d540a4000-7f2d540a6000 r--s 00026000 08:02 3402383                    /home/ankit/Downloads/android-studio/gradle/gradle-2.14.1/lib/plugins/maven-model-3.0.4.jar
7f2d540a6000-7f2d540a8000 r--s 00006000 08:02 3402374                    /home/ankit/Downloads/android-studio/gradle/gradle-2.14.1/lib/plugins/aether-connector-wagon-1.13.1.jar
7f2d540a8000-7f2d540aa000 r--s 0000a000 08:02 3402333                    /home/ankit/Downloads/android-studio/gradle/gradle-2.14.1/lib/plugins/plexus-classworlds-2.4.jar
7f2d540aa000-7f2d540ac000 r--s 00006000 08:02 3402364                    /home/ankit/Downloads/android-studio/gradle/gradle-2.14.1/lib/plugins/maven-repository-metadata-3.0.4.jar
7f2d540ac000-7f2d540ae000 r--s 0000c000 08:02 3402348                    /home/ankit/Downloads/android-studio/gradle/gradle-2.14.1/lib/plugins/maven-aether-provider-3.0.4.jar
7f2d540ae000-7f2d540b0000 r--s 0000b000 08:02 3402340                    /home/ankit/Downloads/android-studio/gradle/gradle-2.14.1/lib/plugins/wagon-provider-api-2.4.jar
7f2d540b0000-7f2d540b1000 r--s 00003000 08:02 3402320                    /home/ankit/Downloads/android-studio/gradle/gradle-2.14.1/lib/plugins/aether-spi-1.13.1.jar
7f2d540b1000-7f2d540b5000 r--s 0001c000 08:02 3402380                    /home/ankit/Downloads/android-studio/gradle/gradle-2.14.1/lib/plugins/aether-util-1.13.1.jar
7f2d540b5000-7f2d540b8000 r--s 0001d000 08:02 3402360                    /home/ankit/Downloads/android-studio/gradle/gradle-2.14.1/lib/plugins/aether-impl-1.13.1.jar
7f2d540b8000-7f2d540b9000 r--s 00006000 08:02 3402365                    /home/ankit/Downloads/android-studio/gradle/gradle-2.14.1/lib/plugins/plexus-sec-dispatcher-1.3.jar
7f2d540b9000-7f2d540be000 r--s 00040000 08:02 3402321                    /home/ankit/Downloads/android-studio/gradle/gradle-2.14.1/lib/plugins/jsch-0.1.53.jar
7f2d540be000-7f2d540fe000 r--s 00277000 08:02 3402323                    /home/ankit/Downloads/android-studio/gradle/gradle-2.14.1/lib/plugins/bcprov-jdk15on-1.51.jar
7f2d540fe000-7f2d54102000 r--s 0001d000 08:02 3402350                    /home/ankit/Downloads/android-studio/gradle/gradle-2.14.1/lib/plugins/xbean-reflect-3.4.jar
7f2d54102000-7f2d5410e000 r--s 0007d000 08:02 3402367                    /home/ankit/Downloads/android-studio/gradle/gradle-2.14.1/lib/plugins/maven-core-3.0.4.jar
7f2d5410e000-7f2d54113000 r--s 0002a000 08:02 3402346                    /home/ankit/Downloads/android-studio/gradle/gradle-2.14.1/lib/plugins/gson-2.2.4.jar
7f2d54113000-7f2d54122000 r--s 000d9000 08:02 3402331                    /home/ankit/Downloads/android-studio/gradle/gradle-2.14.1/lib/plugins/ivy-2.2.0.jar
7f2d54122000-7f2d5413e000 r--s 000d3000 08:02 3402161                    /home/ankit/Downloads/android-studio/gradle/gradle-2.14.1/lib/plugins/gradle-dependency-management-2.14.1.jar
7f2d5413e000-7f2d54154000 r-xp 00000000 08:02 199974                     /usr/lib/jvm/java-8-oracle/jre/lib/amd64/libnet.so
7f2d54154000-7f2d54354000 ---p 00016000 08:02 199974                     /usr/lib/jvm/java-8-oracle/jre/lib/amd64/libnet.so
7f2d54354000-7f2d54355000 rw-p 00016000 08:02 199974                     /usr/lib/jvm/java-8-oracle/jre/lib/amd64/libnet.so
7f2d54355000-7f2d54357000 r--s 00005000 08:02 3394358                    /home/ankit/Downloads/android-studio/gradle/gradle-2.14.1/lib/gradle-wrapper-2.14.1.jar
7f2d54357000-7f2d54365000 r--s 0004f000 08:02 3394344                    /home/ankit/Downloads/android-studio/gradle/gradle-2.14.1/lib/gradle-tooling-api-2.14.1.jar
7f2d54365000-7f2d54367000 r--s 00002000 08:02 3394350                    /home/ankit/Downloads/android-studio/gradle/gradle-2.14.1/lib/gradle-open-api-2.14.1.jar
7f2d54367000-7f2d5436d000 r--s 00032000 08:02 3394400                    /home/ankit/Downloads/android-studio/gradle/gradle-2.14.1/lib/jaxen-1.1.jar
7f2d5436d000-7f2d54372000 r--s 00048000 08:02 3394380                    /home/ankit/Downloads/android-studio/gradle/gradle-2.14.1/lib/dom4j-1.6.1.jar
7f2d54372000-7f2d5437d000 r--s 00059000 08:02 3394373                    /home/ankit/Downloads/android-studio/gradle/gradle-2.14.1/lib/gradle-ui-2.14.1.jar
7f2d5437d000-7f2d54380000 r--s 0000b000 08:02 3394378                    /home/ankit/Downloads/android-studio/gradle/gradle-2.14.1/lib/gradle-resources-2.14.1.jar
7f2d54380000-7f2d54382000 r--s 00003000 08:02 3394402                    /home/ankit/Downloads/android-studio/gradle/gradle-2.14.1/lib/jcl-over-slf4j-1.7.10.jar
7f2d54382000-7f2d54383000 r--s 00005000 08:02 3394397                    /home/ankit/Downloads/android-studio/gradle/gradle-2.14.1/lib/log4j-over-slf4j-1.7.10.jar
7f2d54383000-7f2d54385000 r--s 00000000 08:02 3394404                    /home/ankit/Downloads/android-studio/gradle/gradle-2.14.1/lib/jul-to-slf4j-1.7.10.jar
7f2d54385000-7f2d5438a000 r--s 0001c000 08:02 3394356                    /home/ankit/Downloads/android-studio/gradle/gradle-2.14.1/lib/gradle-logging-2.14.1.jar
7f2d5438a000-7f2d5438c000 r--s 00007000 08:02 3394403                    /home/ankit/Downloads/android-studio/gradle/gradle-2.14.1/lib/objenesis-1.2.jar
7f2d5438c000-7f2d5438e000 r--s 00000000 08:02 3394383                    /home/ankit/Downloads/android-studio/gradle/gradle-2.14.1/lib/minlog-1.2.jar
7f2d5438e000-7f2d54390000 r--s 0000f000 08:02 3394389                    /home/ankit/Downloads/android-studio/gradle/gradle-2.14.1/lib/reflectasm-1.07-shaded.jar
7f2d54390000-7f2d54394000 r--s 00026000 08:02 3394395                    /home/ankit/Downloads/android-studio/gradle/gradle-2.14.1/lib/kryo-2.20.jar
7f2d54394000-7f2d5439a000 r--s 00025000 08:02 3394347                    /home/ankit/Downloads/android-studio/gradle/gradle-2.14.1/lib/gradle-messaging-2.14.1.jar
7f2d5439a000-7f2d5439b000 r--s 00003000 08:02 3394401                    /home/ankit/Downloads/android-studio/gradle/gradle-2.14.1/lib/native-platform-freebsd-amd64-0.10.jar
7f2d5439b000-7f2d5439c000 r--s 00003000 08:02 3394390                    /home/ankit/Downloads/android-studio/gradle/gradle-2.14.1/lib/native-platform-freebsd-i386-0.10.jar
7f2d5439c000-7f2d5439d000 r--s 00005000 08:02 3394385                    /home/ankit/Downloads/android-studio/gradle/gradle-2.14.1/lib/native-platform-windows-i386-0.10.jar
7f2d5439d000-7f2d5439e000 r--s 00005000 08:02 3394384                    /home/ankit/Downloads/android-studio/gradle/gradle-2.14.1/lib/native-platform-windows-amd64-0.10.jar
7f2d5439e000-7f2d5439f000 r--s 00003000 08:02 3394391                    /home/ankit/Downloads/android-studio/gradle/gradle-2.14.1/lib/native-platform-linux-i386-0.10.jar
7f2d5439f000-7f2d543a0000 r--s 00003000 08:02 3394382                    /home/ankit/Downloads/android-studio/gradle/gradle-2.14.1/lib/native-platform-linux-amd64-0.10.jar
7f2d543a0000-7f2d543a1000 r--s 00002000 08:02 3394381                    /home/ankit/Downloads/android-studio/gradle/gradle-2.14.1/lib/native-platform-osx-amd64-0.10.jar
7f2d543a1000-7f2d543a3000 r--s 00008000 08:02 3394399                    /home/ankit/Downloads/android-studio/gradle/gradle-2.14.1/lib/jansi-1.2.1.jar
7f2d543a3000-7f2d543a6000 r--s 0000d000 08:02 3394394                    /home/ankit/Downloads/android-studio/gradle/gradle-2.14.1/lib/native-platform-0.10.jar
7f2d543a6000-7f2d543aa000 r--s 000e4000 08:02 3394393                    /home/ankit/Downloads/android-studio/gradle/gradle-2.14.1/lib/jna-3.2.7.jar
7f2d543aa000-7f2d54419000 r--s 0063e000 08:02 3394407                    /home/ankit/Downloads/android-studio/gradle/gradle-2.14.1/lib/groovy-all-2.4.4.jar
7f2d54419000-7f2d5441a000 ---p 00000000 00:00 0 
7f2d5441a000-7f2d5451a000 rw-p 00000000 00:00 0 
7f2d5451a000-7f2d5451d000 ---p 00000000 00:00 0 
7f2d5451d000-7f2d5461b000 rw-p 00000000 00:00 0 
7f2d5461b000-7f2d5461e000 ---p 00000000 00:00 0 
7f2d5461e000-7f2d5471c000 rw-p 00000000 00:00 0 
7f2d5471c000-7f2d5471f000 ---p 00000000 00:00 0 
7f2d5471f000-7f2d5481d000 rw-p 00000000 00:00 0 
7f2d5481d000-7f2d54820000 ---p 00000000 00:00 0 
7f2d54820000-7f2d5491e000 rw-p 00000000 00:00 0 
7f2d5491e000-7f2d55000000 r--p 00000000 08:02 59247                      /usr/lib/locale/locale-archive
7f2d55000000-7f2d56d40000 rwxp 00000000 00:00 0 
7f2d56d40000-7f2d64000000 ---p 00000000 00:00 0 
7f2d64000000-7f2d64b91000 rw-p 00000000 00:00 0 
7f2d64b91000-7f2d68000000 ---p 00000000 00:00 0 
7f2d68000000-7f2d68002000 r--s 00009000 08:02 3394375                    /home/ankit/Downloads/android-studio/gradle/gradle-2.14.1/lib/gradle-native-2.14.1.jar
7f2d68002000-7f2d68004000 r--s 00005000 08:02 3394376                    /home/ankit/Downloads/android-studio/gradle/gradle-2.14.1/lib/gradle-cli-2.14.1.jar
7f2d68004000-7f2d68013000 r--s 00080000 08:02 3394371                    /home/ankit/Downloads/android-studio/gradle/gradle-2.14.1/lib/gradle-model-core-2.14.1.jar
7f2d68013000-7f2d68020000 r--s 00083000 08:02 3394379                    /home/ankit/Downloads/android-studio/gradle/gradle-2.14.1/lib/commons-collections-3.2.2.jar
7f2d68020000-7f2d68048000 r--s 001cf000 08:02 3394387                    /home/ankit/Downloads/android-studio/gradle/gradle-2.14.1/lib/guava-jdk5-17.0.jar
7f2d68048000-7f2d68067000 r--s 001d1000 08:02 3394357                    /home/ankit/Downloads/android-studio/gradle/gradle-2.14.1/lib/ant-1.9.6.jar
7f2d68067000-7f2d6809e000 r--s 001bd000 08:02 3394359                    /home/ankit/Downloads/android-studio/gradle/gradle-2.14.1/lib/gradle-core-2.14.1.jar
7f2d6809e000-7f2d680a1000 ---p 00000000 00:00 0 
7f2d680a1000-7f2d6819f000 rw-p 00000000 00:00 0 
7f2d6819f000-7f2d681a2000 ---p 00000000 00:00 0 
7f2d681a2000-7f2d682a0000 rw-p 00000000 00:00 0 
7f2d682a0000-7f2d682a3000 ---p 00000000 00:00 0 
7f2d682a3000-7f2d683a1000 rw-p 00000000 00:00 0 
7f2d683a1000-7f2d683a2000 ---p 00000000 00:00 0 
7f2d683a2000-7f2d69484000 rw-p 00000000 00:00 0 
7f2d69484000-7f2d6965c000 r--s 03d2a000 08:02 182584                     /usr/lib/jvm/java-8-oracle/jre/lib/rt.jar
7f2d6965c000-7f2d6a1d2000 rw-p 00000000 00:00 0 
7f2d6a1d2000-7f2d6a1d3000 ---p 00000000 00:00 0 
7f2d6a1d3000-7f2d6a2d3000 rw-p 00000000 00:00 0 
7f2d6a2d3000-7f2d6a2d4000 ---p 00000000 00:00 0 
7f2d6a2d4000-7f2d6a3d4000 rw-p 00000000 00:00 0 
7f2d6a3d4000-7f2d6a3d5000 ---p 00000000 00:00 0 
7f2d6a3d5000-7f2d6a4d5000 rw-p 00000000 00:00 0 
7f2d6a4d5000-7f2d6a4d6000 ---p 00000000 00:00 0 
7f2d6a4d6000-7f2d6a746000 rw-p 00000000 00:00 0 
7f2d6a746000-7f2d6a7d6000 ---p 00000000 00:00 0 
7f2d6a7d6000-7f2d6a946000 rw-p 00000000 00:00 0 
7f2d6a946000-7f2d6a9d6000 ---p 00000000 00:00 0 
7f2d6a9d6000-7f2d6aad6000 rw-p 00000000 00:00 0 
7f2d6aad6000-7f2d6ab4c000 rw-p 00000000 00:00 0 
7f2d6ab4c000-7f2d6ae97000 ---p 00000000 00:00 0 
7f2d6ae97000-7f2d6aeb1000 r-xp 00000000 08:02 199997                     /usr/lib/jvm/java-8-oracle/jre/lib/amd64/libzip.so
7f2d6aeb1000-7f2d6b0b1000 ---p 0001a000 08:02 199997                     /usr/lib/jvm/java-8-oracle/jre/lib/amd64/libzip.so
7f2d6b0b1000-7f2d6b0b2000 rw-p 0001a000 08:02 199997                     /usr/lib/jvm/java-8-oracle/jre/lib/amd64/libzip.so
7f2d6b0b2000-7f2d6b0bc000 r-xp 00000000 08:02 2621662                    /lib/x86_64-linux-gnu/libnss_files-2.21.so
7f2d6b0bc000-7f2d6b2bc000 ---p 0000a000 08:02 2621662                    /lib/x86_64-linux-gnu/libnss_files-2.21.so
7f2d6b2bc000-7f2d6b2bd000 r--p 0000a000 08:02 2621662                    /lib/x86_64-linux-gnu/libnss_files-2.21.so
7f2d6b2bd000-7f2d6b2be000 rw-p 0000b000 08:02 2621662                    /lib/x86_64-linux-gnu/libnss_files-2.21.so
7f2d6b2be000-7f2d6b2c9000 r-xp 00000000 08:02 2623427                    /lib/x86_64-linux-gnu/libnss_nis-2.21.so
7f2d6b2c9000-7f2d6b4c8000 ---p 0000b000 08:02 2623427                    /lib/x86_64-linux-gnu/libnss_nis-2.21.so
7f2d6b4c8000-7f2d6b4c9000 r--p 0000a000 08:02 2623427                    /lib/x86_64-linux-gnu/libnss_nis-2.21.so
7f2d6b4c9000-7f2d6b4ca000 rw-p 0000b000 08:02 2623427                    /lib/x86_64-linux-gnu/libnss_nis-2.21.so
7f2d6b4ca000-7f2d6b4e1000 r-xp 00000000 08:02 2623430                    /lib/x86_64-linux-gnu/libnsl-2.21.so
7f2d6b4e1000-7f2d6b6e0000 ---p 00017000 08:02 2623430                    /lib/x86_64-linux-gnu/libnsl-2.21.so
7f2d6b6e0000-7f2d6b6e1000 r--p 00016000 08:02 2623430                    /lib/x86_64-linux-gnu/libnsl-2.21.so
7f2d6b6e1000-7f2d6b6e2000 rw-p 00017000 08:02 2623430                    /lib/x86_64-linux-gnu/libnsl-2.21.so
7f2d6b6e2000-7f2d6b6e4000 rw-p 00000000 00:00 0 
7f2d6b6e4000-7f2d6b6ec000 r-xp 00000000 08:02 2622662                    /lib/x86_64-linux-gnu/libnss_compat-2.21.so
7f2d6b6ec000-7f2d6b8eb000 ---p 00008000 08:02 2622662                    /lib/x86_64-linux-gnu/libnss_compat-2.21.so
7f2d6b8eb000-7f2d6b8ec000 r--p 00007000 08:02 2622662                    /lib/x86_64-linux-gnu/libnss_compat-2.21.so
7f2d6b8ec000-7f2d6b8ed000 rw-p 00008000 08:02 2622662                    /lib/x86_64-linux-gnu/libnss_compat-2.21.so
7f2d6b8ed000-7f2d6b918000 r-xp 00000000 08:02 200024                     /usr/lib/jvm/java-8-oracle/jre/lib/amd64/libjava.so
7f2d6b918000-7f2d6bb17000 ---p 0002b000 08:02 200024                     /usr/lib/jvm/java-8-oracle/jre/lib/amd64/libjava.so
7f2d6bb17000-7f2d6bb19000 rw-p 0002a000 08:02 200024                     /usr/lib/jvm/java-8-oracle/jre/lib/amd64/libjava.so
7f2d6bb19000-7f2d6bb26000 r-xp 00000000 08:02 199975                     /usr/lib/jvm/java-8-oracle/jre/lib/amd64/libverify.so
7f2d6bb26000-7f2d6bd25000 ---p 0000d000 08:02 199975                     /usr/lib/jvm/java-8-oracle/jre/lib/amd64/libverify.so
7f2d6bd25000-7f2d6bd27000 rw-p 0000c000 08:02 199975                     /usr/lib/jvm/java-8-oracle/jre/lib/amd64/libverify.so
7f2d6bd27000-7f2d6bd2e000 r-xp 00000000 08:02 2621663                    /lib/x86_64-linux-gnu/librt-2.21.so
7f2d6bd2e000-7f2d6bf2d000 ---p 00007000 08:02 2621663                    /lib/x86_64-linux-gnu/librt-2.21.so
7f2d6bf2d000-7f2d6bf2e000 r--p 00006000 08:02 2621663                    /lib/x86_64-linux-gnu/librt-2.21.so
7f2d6bf2e000-7f2d6bf2f000 rw-p 00007000 08:02 2621663                    /lib/x86_64-linux-gnu/librt-2.21.so
7f2d6bf2f000-7f2d6c036000 r-xp 00000000 08:02 2623271                    /lib/x86_64-linux-gnu/libm-2.21.so
7f2d6c036000-7f2d6c235000 ---p 00107000 08:02 2623271                    /lib/x86_64-linux-gnu/libm-2.21.so
7f2d6c235000-7f2d6c236000 r--p 00106000 08:02 2623271                    /lib/x86_64-linux-gnu/libm-2.21.so
7f2d6c236000-7f2d6c237000 rw-p 00107000 08:02 2623271                    /lib/x86_64-linux-gnu/libm-2.21.so
7f2d6c237000-7f2d6cf04000 r-xp 00000000 08:02 200028                     /usr/lib/jvm/java-8-oracle/jre/lib/amd64/server/libjvm.so
7f2d6cf04000-7f2d6d103000 ---p 00ccd000 08:02 200028                     /usr/lib/jvm/java-8-oracle/jre/lib/amd64/server/libjvm.so
7f2d6d103000-7f2d6d1dc000 rw-p 00ccc000 08:02 200028                     /usr/lib/jvm/java-8-oracle/jre/lib/amd64/server/libjvm.so
7f2d6d1dc000-7f2d6d227000 rw-p 00000000 00:00 0 
7f2d6d227000-7f2d6d3e7000 r-xp 00000000 08:02 2623433                    /lib/x86_64-linux-gnu/libc-2.21.so
7f2d6d3e7000-7f2d6d5e7000 ---p 001c0000 08:02 2623433                    /lib/x86_64-linux-gnu/libc-2.21.so
7f2d6d5e7000-7f2d6d5eb000 r--p 001c0000 08:02 2623433                    /lib/x86_64-linux-gnu/libc-2.21.so
7f2d6d5eb000-7f2d6d5ed000 rw-p 001c4000 08:02 2623433                    /lib/x86_64-linux-gnu/libc-2.21.so
7f2d6d5ed000-7f2d6d5f1000 rw-p 00000000 00:00 0 
7f2d6d5f1000-7f2d6d5f4000 r-xp 00000000 08:02 2623420                    /lib/x86_64-linux-gnu/libdl-2.21.so
7f2d6d5f4000-7f2d6d7f3000 ---p 00003000 08:02 2623420                    /lib/x86_64-linux-gnu/libdl-2.21.so
7f2d6d7f3000-7f2d6d7f4000 r--p 00002000 08:02 2623420                    /lib/x86_64-linux-gnu/libdl-2.21.so
7f2d6d7f4000-7f2d6d7f5000 rw-p 00003000 08:02 2623420                    /lib/x86_64-linux-gnu/libdl-2.21.so
7f2d6d7f5000-7f2d6d80a000 r-xp 00000000 08:02 158504                     /usr/lib/jvm/java-8-oracle/lib/amd64/jli/libjli.so
7f2d6d80a000-7f2d6da0a000 ---p 00015000 08:02 158504                     /usr/lib/jvm/java-8-oracle/lib/amd64/jli/libjli.so
7f2d6da0a000-7f2d6da0b000 rw-p 00015000 08:02 158504                     /usr/lib/jvm/java-8-oracle/lib/amd64/jli/libjli.so
7f2d6da0b000-7f2d6da23000 r-xp 00000000 08:02 2623413                    /lib/x86_64-linux-gnu/libpthread-2.21.so
7f2d6da23000-7f2d6dc23000 ---p 00018000 08:02 2623413                    /lib/x86_64-linux-gnu/libpthread-2.21.so
7f2d6dc23000-7f2d6dc24000 r--p 00018000 08:02 2623413                    /lib/x86_64-linux-gnu/libpthread-2.21.so
7f2d6dc24000-7f2d6dc25000 rw-p 00019000 08:02 2623413                    /lib/x86_64-linux-gnu/libpthread-2.21.so
7f2d6dc25000-7f2d6dc29000 rw-p 00000000 00:00 0 
7f2d6dc29000-7f2d6dc4d000 r-xp 00000000 08:02 2623431                    /lib/x86_64-linux-gnu/ld-2.21.so
7f2d6dc4d000-7f2d6dc4e000 r--s 00002000 08:02 3394398                    /home/ankit/Downloads/android-studio/gradle/gradle-2.14.1/lib/native-platform-osx-i386-0.10.jar
7f2d6dc4e000-7f2d6dc50000 r--s 00007000 08:02 3394353                    /home/ankit/Downloads/android-studio/gradle/gradle-2.14.1/lib/gradle-model-groovy-2.14.1.jar
7f2d6dc50000-7f2d6dc51000 r--s 00006000 08:02 3394370                    /home/ankit/Downloads/android-studio/gradle/gradle-2.14.1/lib/gradle-base-services-groovy-2.14.1.jar
7f2d6dc51000-7f2d6dc52000 r--s 00002000 08:02 3394360                    /home/ankit/Downloads/android-studio/gradle/gradle-2.14.1/lib/gradle-docs-2.14.1.jar
7f2d6dc52000-7f2d6dc53000 r--s 00000000 08:02 3394406                    /home/ankit/Downloads/android-studio/gradle/gradle-2.14.1/lib/javax.inject-1.jar
7f2d6dc53000-7f2d6dc54000 r--s 00000000 08:02 3394388                    /home/ankit/Downloads/android-studio/gradle/gradle-2.14.1/lib/jcip-annotations-1.0.jar
7f2d6dc54000-7f2d6dc58000 r--s 00027000 08:02 3394396                    /home/ankit/Downloads/android-studio/gradle/gradle-2.14.1/lib/commons-io-2.2.jar
7f2d6dc58000-7f2d6dc5d000 r--s 00038000 08:02 3394363                    /home/ankit/Downloads/android-studio/gradle/gradle-2.14.1/lib/asm-all-5.1.jar
7f2d6dc5d000-7f2d6dc5e000 r--s 00001000 08:02 3394374                    /home/ankit/Downloads/android-studio/gradle/gradle-2.14.1/lib/gradle-process-services-2.14.1.jar
7f2d6dc5e000-7f2d6dc5f000 r--s 00000000 08:02 3394345                    /home/ankit/Downloads/android-studio/gradle/gradle-2.14.1/lib/gradle-jvm-services-2.14.1.jar
7f2d6dc5f000-7f2d6dc64000 r--s 00041000 08:02 3394392                    /home/ankit/Downloads/android-studio/gradle/gradle-2.14.1/lib/commons-lang-2.6.jar
7f2d6dc64000-7f2d6dd26000 rw-p 00000000 00:00 0 
7f2d6dd26000-7f2d6dd29000 ---p 00000000 00:00 0 
7f2d6dd29000-7f2d6de2b000 rw-p 00000000 00:00 0 
7f2d6de2b000-7f2d6de2c000 r--s 00007000 08:02 3394386                    /home/ankit/Downloads/android-studio/gradle/gradle-2.14.1/lib/slf4j-api-1.7.10.jar
7f2d6de2c000-7f2d6de2d000 r--s 00004000 08:02 3394372                    /home/ankit/Downloads/android-studio/gradle/gradle-2.14.1/lib/ant-launcher-1.9.6.jar
7f2d6de2d000-7f2d6de35000 r--s 0003a000 08:02 3394364                    /home/ankit/Downloads/android-studio/gradle/gradle-2.14.1/lib/gradle-base-services-2.14.1.jar
7f2d6de35000-7f2d6de40000 r--s 00051000 08:02 3394361                    /home/ankit/Downloads/android-studio/gradle/gradle-2.14.1/lib/gradle-launcher-2.14.1.jar
7f2d6de40000-7f2d6de48000 rw-s 00000000 08:02 5033435                    /tmp/hsperfdata_ankit/25223
7f2d6de48000-7f2d6de49000 rw-p 00000000 00:00 0 
7f2d6de49000-7f2d6de4a000 ---p 00000000 00:00 0 
7f2d6de4a000-7f2d6de4c000 rw-p 00000000 00:00 0 
7f2d6de4c000-7f2d6de4d000 r--p 00023000 08:02 2623431                    /lib/x86_64-linux-gnu/ld-2.21.so
7f2d6de4d000-7f2d6de4e000 rw-p 00024000 08:02 2623431                    /lib/x86_64-linux-gnu/ld-2.21.so
7f2d6de4e000-7f2d6de4f000 rw-p 00000000 00:00 0 
7ffc3a884000-7ffc3a8a5000 rw-p 00000000 00:00 0                          [stack]
7ffc3a9a1000-7ffc3a9a3000 r--p 00000000 00:00 0                          [vvar]
7ffc3a9a3000-7ffc3a9a5000 r-xp 00000000 00:00 0                          [vdso]
ffffffffff600000-ffffffffff601000 r-xp 00000000 00:00 0                  [vsyscall]

VM Arguments:
jvm_args: -Xmx1536m -Dfile.encoding=UTF-8 -Duser.country=IN -Duser.language=en -Duser.variant 
java_command: org.gradle.launcher.daemon.bootstrap.GradleDaemon 2.14.1
java_class_path (initial): /home/ankit/Downloads/android-studio/gradle/gradle-2.14.1/lib/gradle-launcher-2.14.1.jar
Launcher Type: SUN_STANDARD

Environment Variables:
JAVA_HOME=/usr/lib/jvm/java-8-oracle
PATH=/usr/local/sbin:/usr/local/bin:/usr/sbin:/usr/bin:/sbin:/bin:/usr/games:/usr/local/games:/usr/lib/jvm/java-8-oracle/bin:/usr/lib/jvm/java-8-oracle/db/bin:/usr/lib/jvm/java-8-oracle/jre/bin
LD_LIBRARY_PATH=Downloads/android-studio/bin:
SHELL=/bin/bash
DISPLAY=:0

Signal Handlers:
SIGSEGV: [libjvm.so+0xac64b0], sa_mask[0]=11111111011111111101111111111110, sa_flags=SA_RESTART|SA_SIGINFO
SIGBUS: [libjvm.so+0xac64b0], sa_mask[0]=11111111011111111101111111111110, sa_flags=SA_RESTART|SA_SIGINFO
SIGFPE: [libjvm.so+0x91f950], sa_mask[0]=11111111011111111101111111111110, sa_flags=SA_RESTART|SA_SIGINFO
SIGPIPE: [libjvm.so+0x91f950], sa_mask[0]=11111111011111111101111111111110, sa_flags=SA_RESTART|SA_SIGINFO
SIGXFSZ: [libjvm.so+0x91f950], sa_mask[0]=11111111011111111101111111111110, sa_flags=SA_RESTART|SA_SIGINFO
SIGILL: [libjvm.so+0x91f950], sa_mask[0]=11111111011111111101111111111110, sa_flags=SA_RESTART|SA_SIGINFO
SIGUSR1: SIG_DFL, sa_mask[0]=00000000000000000000000000000000, sa_flags=none
SIGUSR2: [libjvm.so+0x920f80], sa_mask[0]=00100000000000000000000000000000, sa_flags=SA_RESTART|SA_SIGINFO
SIGHUP: [libjvm.so+0x922380], sa_mask[0]=11111111011111111101111111111110, sa_flags=SA_RESTART|SA_SIGINFO
SIGINT: [libjvm.so+0x922380], sa_mask[0]=11111111011111111101111111111110, sa_flags=SA_RESTART|SA_SIGINFO
SIGTERM: [libjvm.so+0x922380], sa_mask[0]=11111111011111111101111111111110, sa_flags=SA_RESTART|SA_SIGINFO
SIGQUIT: [libjvm.so+0x922380], sa_mask[0]=11111111011111111101111111111110, sa_flags=SA_RESTART|SA_SIGINFO


---------------  S Y S T E M  ---------------

OS:DISTRIB_ID=Ubuntu
DISTRIB_RELEASE=15.10
DISTRIB_CODENAME=wily
DISTRIB_DESCRIPTION="Ubuntu 15.10"

uname:Linux 4.2.0-42-generic #49-Ubuntu SMP Tue Jun 28 21:26:26 UTC 2016 x86_64
libc:glibc 2.21 NPTL 2.21 
rlimit: STACK 8192k, CORE 0k, NPROC 31537, NOFILE 65536, AS infinity
load average:3.41 2.09 1.64

/proc/meminfo:
MemTotal:        8110256 kB
MemFree:          128316 kB
MemAvailable:     106312 kB
Buffers:            1856 kB
Cached:           839680 kB
SwapCached:            0 kB
Active:          6976260 kB
Inactive:         765424 kB
Active(anon):    6945732 kB
Inactive(anon):   724356 kB
Active(file):      30528 kB
Inactive(file):    41068 kB
Unevictable:         128 kB
Mlocked:             128 kB
SwapTotal:             0 kB
SwapFree:              0 kB
Dirty:               164 kB
Writeback:             0 kB
AnonPages:       6900444 kB
Mapped:           572804 kB
Shmem:            769836 kB
Slab:             104176 kB
SReclaimable:      53336 kB
SUnreclaim:        50840 kB
KernelStack:       13184 kB
PageTables:        71268 kB
NFS_Unstable:          0 kB
Bounce:                0 kB
WritebackTmp:          0 kB
CommitLimit:     4055128 kB
Committed_AS:   15325992 kB
VmallocTotal:   34359738367 kB
VmallocUsed:      551900 kB
VmallocChunk:   34358423548 kB
HardwareCorrupted:     0 kB
AnonHugePages:   3958784 kB
CmaTotal:              0 kB
CmaFree:               0 kB
HugePages_Total:       0
HugePages_Free:        0
HugePages_Rsvd:        0
HugePages_Surp:        0
Hugepagesize:       2048 kB
DirectMap4k:      244416 kB
DirectMap2M:     7030784 kB
DirectMap1G:     2097152 kB


CPU:total 4 (2 cores per cpu, 2 threads per core) family 6 model 69 stepping 1, cmov, cx8, fxsr, mmx, sse, sse2, sse3, ssse3, sse4.1, sse4.2, popcnt, avx, avx2, aes, clmul, erms, lzcnt, ht, tsc, tscinvbit, bmi1, bmi2

/proc/cpuinfo:
processor	: 0
vendor_id	: GenuineIntel
cpu family	: 6
model		: 69
model name	: Intel(R) Core(TM) i3-4005U CPU @ 1.70GHz
stepping	: 1
microcode	: 0x1c
cpu MHz		: 1694.488
cache size	: 3072 KB
physical id	: 0
siblings	: 4
core id		: 0
cpu cores	: 2
apicid		: 0
initial apicid	: 0
fpu		: yes
fpu_exception	: yes
cpuid level	: 13
wp		: yes
flags		: fpu vme de pse tsc msr pae mce cx8 apic sep mtrr pge mca cmov pat pse36 clflush dts acpi mmx fxsr sse sse2 ss ht tm pbe syscall nx pdpe1gb rdtscp lm constant_tsc arch_perfmon pebs bts rep_good nopl xtopology nonstop_tsc aperfmperf eagerfpu pni pclmulqdq dtes64 monitor ds_cpl vmx est tm2 ssse3 fma cx16 xtpr pdcm pcid sse4_1 sse4_2 movbe popcnt tsc_deadline_timer aes xsave avx f16c rdrand lahf_lm abm ida arat epb pln pts dtherm tpr_shadow vnmi flexpriority ept vpid fsgsbase tsc_adjust bmi1 avx2 smep bmi2 erms invpcid xsaveopt
bugs		:
bogomips	: 3392.32
clflush size	: 64
cache_alignment	: 64
address sizes	: 39 bits physical, 48 bits virtual
power management:

processor	: 1
vendor_id	: GenuineIntel
cpu family	: 6
model		: 69
model name	: Intel(R) Core(TM) i3-4005U CPU @ 1.70GHz
stepping	: 1
microcode	: 0x1c
cpu MHz		: 994.898
cache size	: 3072 KB
physical id	: 0
siblings	: 4
core id		: 0
cpu cores	: 2
apicid		: 1
initial apicid	: 1
fpu		: yes
fpu_exception	: yes
cpuid level	: 13
wp		: yes
flags		: fpu vme de pse tsc msr pae mce cx8 apic sep mtrr pge mca cmov pat pse36 clflush dts acpi mmx fxsr sse sse2 ss ht tm pbe syscall nx pdpe1gb rdtscp lm constant_tsc arch_perfmon pebs bts rep_good nopl xtopology nonstop_tsc aperfmperf eagerfpu pni pclmulqdq dtes64 monitor ds_cpl vmx est tm2 ssse3 fma cx16 xtpr pdcm pcid sse4_1 sse4_2 movbe popcnt tsc_deadline_timer aes xsave avx f16c rdrand lahf_lm abm ida arat epb pln pts dtherm tpr_shadow vnmi flexpriority ept vpid fsgsbase tsc_adjust bmi1 avx2 smep bmi2 erms invpcid xsaveopt
bugs		:
bogomips	: 3392.32
clflush size	: 64
cache_alignment	: 64
address sizes	: 39 bits physical, 48 bits virtual
power management:

processor	: 2
vendor_id	: GenuineIntel
cpu family	: 6
model		: 69
model name	: Intel(R) Core(TM) i3-4005U CPU @ 1.70GHz
stepping	: 1
microcode	: 0x1c
cpu MHz		: 1694.687
cache size	: 3072 KB
physical id	: 0
siblings	: 4
core id		: 1
cpu cores	: 2
apicid		: 2
initial apicid	: 2
fpu		: yes
fpu_exception	: yes
cpuid level	: 13
wp		: yes
flags		: fpu vme de pse tsc msr pae mce cx8 apic sep mtrr pge mca cmov pat pse36 clflush dts acpi mmx fxsr sse sse2 ss ht tm pbe syscall nx pdpe1gb rdtscp lm constant_tsc arch_perfmon pebs bts rep_good nopl xtopology nonstop_tsc aperfmperf eagerfpu pni pclmulqdq dtes64 monitor ds_cpl vmx est tm2 ssse3 fma cx16 xtpr pdcm pcid sse4_1 sse4_2 movbe popcnt tsc_deadline_timer aes xsave avx f16c rdrand lahf_lm abm ida arat epb pln pts dtherm tpr_shadow vnmi flexpriority ept vpid fsgsbase tsc_adjust bmi1 avx2 smep bmi2 erms invpcid xsaveopt
bugs		:
bogomips	: 3392.32
clflush size	: 64
cache_alignment	: 64
address sizes	: 39 bits physical, 48 bits virtual
power management:

processor	: 3
vendor_id	: GenuineIntel
cpu family	: 6
model		: 69
model name	: Intel(R) Core(TM) i3-4005U CPU @ 1.70GHz
stepping	: 1
microcode	: 0x1c
cpu MHz		: 1700.199
cache size	: 3072 KB
physical id	: 0
siblings	: 4
core id		: 1
cpu cores	: 2
apicid		: 3
initial apicid	: 3
fpu		: yes
fpu_exception	: yes
cpuid level	: 13
wp		: yes
flags		: fpu vme de pse tsc msr pae mce cx8 apic sep mtrr pge mca cmov pat pse36 clflush dts acpi mmx fxsr sse sse2 ss ht tm pbe syscall nx pdpe1gb rdtscp lm constant_tsc arch_perfmon pebs bts rep_good nopl xtopology nonstop_tsc aperfmperf eagerfpu pni pclmulqdq dtes64 monitor ds_cpl vmx est tm2 ssse3 fma cx16 xtpr pdcm pcid sse4_1 sse4_2 movbe popcnt tsc_deadline_timer aes xsave avx f16c rdrand lahf_lm abm ida arat epb pln pts dtherm tpr_shadow vnmi flexpriority ept vpid fsgsbase tsc_adjust bmi1 avx2 smep bmi2 erms invpcid xsaveopt
bugs		:
bogomips	: 3392.32
clflush size	: 64
cache_alignment	: 64
address sizes	: 39 bits physical, 48 bits virtual
power management:



Memory: 4k page, physical 8110256k(128332k free), swap 0k(0k free)

vm_info: Java HotSpot(TM) 64-Bit Server VM (25.111-b14) for linux-amd64 JRE (1.8.0_111-b14), built on Sep 22 2016 16:14:03 by "java_re" with gcc 4.3.0 20080428 (Red Hat 4.3.0-8)

time: Tue Dec 20 20:56:03 2016
elapsed time: 72 seconds (0d 0h 1m 12s)

