#
# There is insufficient memory for the Java Runtime Environment to continue.
# Native memory allocation (mmap) failed to map 328204288 bytes for committing reserved memory.
# Possible reasons:
#   The system is out of physical RAM or swap space
#   In 32 bit mode, the process size limit was hit
# Possible solutions:
#   Reduce memory load on the system
#   Increase physical memory or swap space
#   Check if swap backing store is full
#   Use 64 bit Java on a 64 bit OS
#   Decrease Java heap size (-Xmx/-Xms)
#   Decrease number of Java threads
#   Decrease Java thread stack sizes (-Xss)
#   Set larger code cache with -XX:ReservedCodeCacheSize=
# This output file may be truncated or incomplete.
#
#  Out of Memory Error (os_linux.cpp:2627), pid=19375, tid=0x00007f7b6305f700
#
# JRE version: Java(TM) SE Runtime Environment (8.0_111-b14) (build 1.8.0_111-b14)
# Java VM: Java HotSpot(TM) 64-Bit Server VM (25.111-b14 mixed mode linux-amd64 compressed oops)
# Failed to write core dump. Core dumps have been disabled. To enable core dumping, try "ulimit -c unlimited" before starting Java again
#

---------------  T H R E A D  ---------------

Current thread (0x00007f7b84078000):  VMThread [stack: 0x00007f7b62f5f000,0x00007f7b63060000] [id=19383]

Stack: [0x00007f7b62f5f000,0x00007f7b63060000],  sp=0x00007f7b6305e220,  free space=1020k
Native frames: (J=compiled Java code, j=interpreted, Vv=VM code, C=native code)
V  [libjvm.so+0xac5c2a]  VMError::report_and_die()+0x2ba
V  [libjvm.so+0x4fc50b]  report_vm_out_of_memory(char const*, int, unsigned long, VMErrorType, char const*)+0x8b
V  [libjvm.so+0x922ae3]  os::Linux::commit_memory_impl(char*, unsigned long, bool)+0x103
V  [libjvm.so+0x923039]  os::pd_commit_memory(char*, unsigned long, unsigned long, bool)+0x29
V  [libjvm.so+0x91d33a]  os::commit_memory(char*, unsigned long, unsigned long, bool)+0x2a
V  [libjvm.so+0x991ac3]  PSVirtualSpace::expand_by(unsigned long)+0x53
V  [libjvm.so+0x982380]  PSOldGen::expand(unsigned long)+0x170
V  [libjvm.so+0x98258b]  PSOldGen::resize(unsigned long)+0x1cb
V  [libjvm.so+0x98a291]  PSParallelCompact::invoke_no_policy(bool)+0x991
V  [libjvm.so+0x98fbed]  PSScavenge::invoke()+0x1ad
V  [libjvm.so+0x9467d0]  ParallelScavengeHeap::failed_mem_allocate(unsigned long)+0x70
V  [libjvm.so+0xac7647]  VM_ParallelGCFailedAllocation::doit()+0x97
V  [libjvm.so+0xacf125]  VM_Operation::evaluate()+0x55
V  [libjvm.so+0xacd4fa]  VMThread::evaluate_operation(VM_Operation*)+0xba
V  [libjvm.so+0xacd87e]  VMThread::loop()+0x1ce
V  [libjvm.so+0xacdcf0]  VMThread::run()+0x70
V  [libjvm.so+0x924ea8]  java_start(Thread*)+0x108

VM_Operation (0x00007f7af4b3dd00): ParallelGCFailedAllocation, mode: safepoint, requested by thread 0x00007f7af80d6800


---------------  P R O C E S S  ---------------

Java Threads: ( => current thread )
  0x00007f7af80d9000 JavaThread "pool-9-thread-4" [_thread_blocked, id=21850, stack(0x00007f7af4f44000,0x00007f7af5045000)]
  0x00007f7af80d8000 JavaThread "pool-9-thread-3" [_thread_blocked, id=21849, stack(0x00007f7af64e7000,0x00007f7af65e8000)]
  0x00007f7af80d6800 JavaThread "pool-9-thread-2" [_thread_blocked, id=21848, stack(0x00007f7af4a3f000,0x00007f7af4b40000)]
  0x00007f7af80d5800 JavaThread "pool-10-thread-1" [_thread_blocked, id=21847, stack(0x00007f7af4254000,0x00007f7af4355000)]
  0x00007f7af8074000 JavaThread "pool-9-thread-1" [_thread_blocked, id=21846, stack(0x00007f7af517f000,0x00007f7af5280000)]
  0x00007f7b2c090000 JavaThread "pool-7-thread-1" [_thread_blocked, id=21845, stack(0x00007f7af78fb000,0x00007f7af79fc000)]
  0x0000000001cc9000 JavaThread "process reaper" daemon [_thread_blocked, id=21233, stack(0x00007f7af411a000,0x00007f7af4153000)]
  0x0000000001cc2800 JavaThread "process reaper" daemon [_thread_blocked, id=21230, stack(0x00007f7af4355000,0x00007f7af438e000)]
  0x0000000001cbc800 JavaThread "process reaper" daemon [_thread_blocked, id=21225, stack(0x00007f7af4590000,0x00007f7af45c9000)]
  0x00007f7ae8020800 JavaThread "process reaper" daemon [_thread_blocked, id=21222, stack(0x00007f7af47cb000,0x00007f7af4804000)]
  0x00007f7ae801b000 JavaThread "process reaper" daemon [_thread_blocked, id=21219, stack(0x00007f7af4a06000,0x00007f7af4a3f000)]
  0x0000000001cb6000 JavaThread "process reaper" daemon [_thread_blocked, id=21208, stack(0x00007f7af5146000,0x00007f7af517f000)]
  0x00007f7ae8013800 JavaThread "process reaper" daemon [_thread_blocked, id=21205, stack(0x00007f7af5381000,0x00007f7af53ba000)]
  0x0000000001caf000 JavaThread "process reaper" daemon [_thread_blocked, id=21202, stack(0x00007f7af55bc000,0x00007f7af55f5000)]
  0x0000000001ca5000 JavaThread "process reaper" daemon [_thread_blocked, id=21195, stack(0x00007f7af5bfb000,0x00007f7af5c34000)]
  0x00007f7ae800b800 JavaThread "process reaper" daemon [_thread_blocked, id=21193, stack(0x00007f7af5c34000,0x00007f7af5c6d000)]
  0x00007f7b440ac800 JavaThread "process reaper" daemon [_thread_blocked, id=21143, stack(0x00007f7af6172000,0x00007f7af61ab000)]
  0x00007f7b3c001800 JavaThread "process reaper" daemon [_thread_blocked, id=21140, stack(0x00007f7af63ad000,0x00007f7af63e6000)]
  0x00007f7b404a2800 JavaThread "process reaper" daemon [_thread_blocked, id=21137, stack(0x00007f7b14011000,0x00007f7b1404a000)]
  0x00007f7b4cb65000 JavaThread "process reaper" daemon [_thread_blocked, id=21134, stack(0x00007f7b1404a000,0x00007f7b14083000)]
  0x00007f7b38001800 JavaThread "process reaper" daemon [_thread_blocked, id=21130, stack(0x00007f7b14083000,0x00007f7b140bc000)]
  0x00007f7ae8001000 JavaThread "process reaper" daemon [_thread_blocked, id=21110, stack(0x00007f7b140bc000,0x00007f7b140f5000)]
  0x0000000001c9e800 JavaThread "process reaper" daemon [_thread_blocked, id=21109, stack(0x00007f7b15821000,0x00007f7b1585a000)]
  0x00007f7af0001000 JavaThread "process reaper" daemon [_thread_blocked, id=21108, stack(0x00007f7b1585a000,0x00007f7b15893000)]
  0x00007f7b04001800 JavaThread "process reaper" daemon [_thread_blocked, id=21106, stack(0x00007f7b15893000,0x00007f7b158cc000)]
  0x00007f7af8001000 JavaThread "process reaper" daemon [_thread_blocked, id=21104, stack(0x00007f7b177c7000,0x00007f7b17800000)]
  0x00007f7b2c064800 JavaThread "pool-5-thread-4" [_thread_blocked, id=21094, stack(0x00007f7b142f7000,0x00007f7b143f8000)]
  0x00007f7b2c063000 JavaThread "pool-5-thread-3" [_thread_blocked, id=21093, stack(0x00007f7b140f5000,0x00007f7b141f6000)]
  0x00007f7b2c062000 JavaThread "pool-5-thread-2" [_thread_blocked, id=21092, stack(0x00007f7b143f8000,0x00007f7b144f9000)]
  0x00007f7b2c061800 JavaThread "pool-5-thread-1" [_thread_blocked, id=21091, stack(0x00007f7b144f9000,0x00007f7b145fa000)]
  0x00007f7b2c018800 JavaThread "Asynchronous log dispatcher for org.gradle.launcher.daemon.server.DefaultDaemonConnection@4bc4473e" [_thread_blocked, id=21083, stack(0x00007f7b602b0000,0x00007f7b603b1000)]
  0x00007f7b28003800 JavaThread "Daemon worker Thread 2" [_thread_blocked, id=21082, stack(0x00007f7b604b2000,0x00007f7b605b3000)]
  0x00007f7b28007000 JavaThread "Cancel handler" [_thread_blocked, id=21081, stack(0x00007f7b605b3000,0x00007f7b606b4000)]
  0x00007f7b2800a800 JavaThread "Handler for socket connection from /127.0.0.1:38754 to /127.0.0.1:44932" [_thread_in_native, id=21080, stack(0x00007f7b603b1000,0x00007f7b604b2000)]
  0x00007f7b34010000 JavaThread "Daemon Thread 2" [_thread_blocked, id=21079, stack(0x00007f7b606b4000,0x00007f7b607b5000)]
  0x00007f7b24445000 JavaThread "File lock request listener" [_thread_in_native, id=19408, stack(0x00007f7b60036000,0x00007f7b60137000)]
  0x00007f7b84bbc000 JavaThread "Incoming local TCP Connector on port 38754" [_thread_in_native, id=19399, stack(0x00007f7b609bc000,0x00007f7b60abd000)]
  0x00007f7b84bd5000 JavaThread "pool-1-thread-1" [_thread_blocked, id=19398, stack(0x00007f7b60abd000,0x00007f7b60bbe000)]
  0x00007f7b840d3000 JavaThread "Service Thread" daemon [_thread_blocked, id=19390, stack(0x00007f7b62176000,0x00007f7b62277000)]
  0x00007f7b840bd800 JavaThread "C1 CompilerThread2" daemon [_thread_blocked, id=19389, stack(0x00007f7b62277000,0x00007f7b62378000)]
  0x00007f7b840bb800 JavaThread "C2 CompilerThread1" daemon [_thread_blocked, id=19388, stack(0x00007f7b62378000,0x00007f7b62479000)]
  0x00007f7b840b9000 JavaThread "C2 CompilerThread0" daemon [_thread_blocked, id=19387, stack(0x00007f7b62479000,0x00007f7b6257a000)]
  0x00007f7b840b7800 JavaThread "Signal Dispatcher" daemon [_thread_blocked, id=19386, stack(0x00007f7b6257a000,0x00007f7b6267b000)]
  0x00007f7b84084800 JavaThread "Finalizer" daemon [_thread_blocked, id=19385, stack(0x00007f7b62d5d000,0x00007f7b62e5e000)]
  0x00007f7b8407f800 JavaThread "Reference Handler" daemon [_thread_blocked, id=19384, stack(0x00007f7b62e5e000,0x00007f7b62f5f000)]
  0x00007f7b8400a000 JavaThread "main" [_thread_blocked, id=19378, stack(0x00007f7b8a8f4000,0x00007f7b8a9f5000)]

Other Threads:
=>0x00007f7b84078000 VMThread [stack: 0x00007f7b62f5f000,0x00007f7b63060000] [id=19383]
  0x00007f7b840de000 WatcherThread [stack: 0x00007f7b62075000,0x00007f7b62176000] [id=19391]

VM state:at safepoint (normal execution)

VM Mutex/Monitor currently owned by a thread:  ([mutex/lock_event])
[0x00007f7b84005bb0] ExpandHeap_lock - owner thread: 0x00007f7b84078000
[0x00007f7b84006230] Threads_lock - owner thread: 0x00007f7b84078000
[0x00007f7b84006730] Heap_lock - owner thread: 0x00007f7af80d6800

Heap:
 PSYoungGen      total 412160K, used 85380K [0x00000000e0000000, 0x0000000100000000, 0x0000000100000000)
  eden space 309760K, 0% used [0x00000000e0000000,0x00000000e0000000,0x00000000f2e80000)
  from space 102400K, 83% used [0x00000000f2e80000,0x00000000f81e1250,0x00000000f9280000)
  to   space 112128K, 0% used [0x00000000f9280000,0x00000000f9280000,0x0000000100000000)
 ParOldGen       total 653312K, used 652901K [0x00000000a0000000, 0x00000000c7e00000, 0x00000000e0000000)
  object space 653312K, 99% used [0x00000000a0000000,0x00000000c7d99738,0x00000000c7e00000)
 Metaspace       used 73763K, capacity 75394K, committed 77312K, reserved 1116160K
  class space    used 9480K, capacity 9808K, committed 10240K, reserved 1048576K

Card table byte_map: [0x00007f7b7430c000,0x00007f7b7460d000] byte_map_base: 0x00007f7b73e0c000

Marking Bits: (ParMarkBitMap*) 0x00007f7b89dc8220
 Begin Bits: [0x00007f7b70d08000, 0x00007f7b72508000)
 End Bits:   [0x00007f7b72508000, 0x00007f7b73d08000)

Polling page: 0x00007f7b8aa17000

CodeCache: size=245760Kb used=48415Kb max_used=48415Kb free=197344Kb
 bounds [0x00007f7b749cd000, 0x00007f7b779dd000, 0x00007f7b839cd000]
 total_blobs=14396 nmethods=13593 adapters=714
 compilation: enabled

Compilation events (10 events):
Event: 2488.970 Thread 0x00007f7b840bd800 18086       3       com.android.dx.ssa.LocalVariableExtractor::processBlock (383 bytes)
Event: 2488.977 Thread 0x00007f7b840bd800 nmethod 18086 0x00007f7b779bc610 code [0x00007f7b779bcb00, 0x00007f7b779c0778]
Event: 2489.390 Thread 0x00007f7b840bd800 18087       3       com.android.dx.ssa.DomFront::run (60 bytes)
Event: 2489.392 Thread 0x00007f7b840bd800 nmethod 18087 0x00007f7b77216a10 code [0x00007f7b77216c40, 0x00007f7b772176b8]
Event: 2489.392 Thread 0x00007f7b840bd800 18088 %     3       com.android.dx.ssa.DomFront::run @ 27 (60 bytes)
Event: 2489.394 Thread 0x00007f7b840bd800 nmethod 18088% 0x00007f7b774fad50 code [0x00007f7b774faf80, 0x00007f7b774fba98]
Event: 2489.401 Thread 0x00007f7b840bd800 18089 %     3       com.android.dx.ssa.SsaConverter::placePhiFunctions @ 103 (394 bytes)
Event: 2489.409 Thread 0x00007f7b840bd800 nmethod 18089% 0x00007f7b779c3350 code [0x00007f7b779c38e0, 0x00007f7b779c73f8]
Event: 2489.417 Thread 0x00007f7b840bd800 18090       3       com.android.dx.ssa.SsaConverter::placePhiFunctions (394 bytes)
Event: 2489.424 Thread 0x00007f7b840bd800 nmethod 18090 0x00007f7b779caa90 code [0x00007f7b779cb000, 0x00007f7b779ce898]

GC Heap History (10 events):
Event: 2484.659 GC heap after
Heap after GC invocations=38 (full 7):
 PSYoungGen      total 400384K, used 52850K [0x00000000e0000000, 0x0000000100000000, 0x0000000100000000)
  eden space 347136K, 0% used [0x00000000e0000000,0x00000000e0000000,0x00000000f5300000)
  from space 53248K, 99% used [0x00000000f5300000,0x00000000f869c918,0x00000000f8700000)
  to   space 89088K, 0% used [0x00000000fa900000,0x00000000fa900000,0x0000000100000000)
 ParOldGen       total 653312K, used 394107K [0x00000000a0000000, 0x00000000c7e00000, 0x00000000e0000000)
  object space 653312K, 60% used [0x00000000a0000000,0x00000000b80dee70,0x00000000c7e00000)
 Metaspace       used 73751K, capacity 75394K, committed 77312K, reserved 1116160K
  class space    used 9479K, capacity 9808K, committed 10240K, reserved 1048576K
}
Event: 2485.677 GC heap before
{Heap before GC invocations=39 (full 7):
 PSYoungGen      total 400384K, used 399986K [0x00000000e0000000, 0x0000000100000000, 0x0000000100000000)
  eden space 347136K, 100% used [0x00000000e0000000,0x00000000f5300000,0x00000000f5300000)
  from space 53248K, 99% used [0x00000000f5300000,0x00000000f869c918,0x00000000f8700000)
  to   space 89088K, 0% used [0x00000000fa900000,0x00000000fa900000,0x0000000100000000)
 ParOldGen       total 653312K, used 394107K [0x00000000a0000000, 0x00000000c7e00000, 0x00000000e0000000)
  object space 653312K, 60% used [0x00000000a0000000,0x00000000b80dee70,0x00000000c7e00000)
 Metaspace       used 73761K, capacity 75394K, committed 77312K, reserved 1116160K
  class space    used 9480K, capacity 9808K, committed 10240K, reserved 1048576K
Event: 2485.871 GC heap after
Heap after GC invocations=39 (full 7):
 PSYoungGen      total 393216K, used 89079K [0x00000000e0000000, 0x0000000100000000, 0x0000000100000000)
  eden space 304128K, 0% used [0x00000000e0000000,0x00000000e0000000,0x00000000f2900000)
  from space 89088K, 99% used [0x00000000fa900000,0x00000000ffffdd48,0x0000000100000000)
  to   space 110080K, 0% used [0x00000000f2900000,0x00000000f2900000,0x00000000f9480000)
 ParOldGen       total 653312K, used 413447K [0x00000000a0000000, 0x00000000c7e00000, 0x00000000e0000000)
  object space 653312K, 63% used [0x00000000a0000000,0x00000000b93c1dd8,0x00000000c7e00000)
 Metaspace       used 73761K, capacity 75394K, committed 77312K, reserved 1116160K
  class space    used 9480K, capacity 9808K, committed 10240K, reserved 1048576K
}
Event: 2486.797 GC heap before
{Heap before GC invocations=40 (full 7):
 PSYoungGen      total 393216K, used 393207K [0x00000000e0000000, 0x0000000100000000, 0x0000000100000000)
  eden space 304128K, 100% used [0x00000000e0000000,0x00000000f2900000,0x00000000f2900000)
  from space 89088K, 99% used [0x00000000fa900000,0x00000000ffffdd48,0x0000000100000000)
  to   space 110080K, 0% used [0x00000000f2900000,0x00000000f2900000,0x00000000f9480000)
 ParOldGen       total 653312K, used 413447K [0x00000000a0000000, 0x00000000c7e00000, 0x00000000e0000000)
  object space 653312K, 63% used [0x00000000a0000000,0x00000000b93c1dd8,0x00000000c7e00000)
 Metaspace       used 73763K, capacity 75394K, committed 77312K, reserved 1116160K
  class space    used 9480K, capacity 9808K, committed 10240K, reserved 1048576K
Event: 2487.106 GC heap after
Heap after GC invocations=40 (full 7):
 PSYoungGen      total 414208K, used 47575K [0x00000000e0000000, 0x0000000100000000, 0x0000000100000000)
  eden space 304128K, 0% used [0x00000000e0000000,0x00000000e0000000,0x00000000f2900000)
  from space 110080K, 43% used [0x00000000f2900000,0x00000000f5775c68,0x00000000f9480000)
  to   space 104448K, 0% used [0x00000000f9a00000,0x00000000f9a00000,0x0000000100000000)
 ParOldGen       total 653312K, used 495793K [0x00000000a0000000, 0x00000000c7e00000, 0x00000000e0000000)
  object space 653312K, 75% used [0x00000000a0000000,0x00000000be42c618,0x00000000c7e00000)
 Metaspace       used 73763K, capacity 75394K, committed 77312K, reserved 1116160K
  class space    used 9480K, capacity 9808K, committed 10240K, reserved 1048576K
}
Event: 2488.301 GC heap before
{Heap before GC invocations=41 (full 7):
 PSYoungGen      total 414208K, used 351703K [0x00000000e0000000, 0x0000000100000000, 0x0000000100000000)
  eden space 304128K, 100% used [0x00000000e0000000,0x00000000f2900000,0x00000000f2900000)
  from space 110080K, 43% used [0x00000000f2900000,0x00000000f5775c68,0x00000000f9480000)
  to   space 104448K, 0% used [0x00000000f9a00000,0x00000000f9a00000,0x0000000100000000)
 ParOldGen       total 653312K, used 495793K [0x00000000a0000000, 0x00000000c7e00000, 0x00000000e0000000)
  object space 653312K, 75% used [0x00000000a0000000,0x00000000be42c618,0x00000000c7e00000)
 Metaspace       used 73763K, capacity 75394K, committed 77312K, reserved 1116160K
  class space    used 9480K, capacity 9808K, committed 10240K, reserved 1048576K
Event: 2488.514 GC heap after
Heap after GC invocations=41 (full 7):
 PSYoungGen      total 404480K, used 55369K [0x00000000e0000000, 0x00000000ff680000, 0x0000000100000000)
  eden space 309760K, 0% used [0x00000000e0000000,0x00000000e0000000,0x00000000f2e80000)
  from space 94720K, 58% used [0x00000000f9a00000,0x00000000fd012570,0x00000000ff680000)
  to   space 102400K, 0% used [0x00000000f2e80000,0x00000000f2e80000,0x00000000f9280000)
 ParOldGen       total 653312K, used 540202K [0x00000000a0000000, 0x00000000c7e00000, 0x00000000e0000000)
  object space 653312K, 82% used [0x00000000a0000000,0x00000000c0f8a858,0x00000000c7e00000)
 Metaspace       used 73763K, capacity 75394K, committed 77312K, reserved 1116160K
  class space    used 9480K, capacity 9808K, committed 10240K, reserved 1048576K
}
Event: 2489.541 GC heap before
{Heap before GC invocations=42 (full 7):
 PSYoungGen      total 404480K, used 365129K [0x00000000e0000000, 0x00000000ff680000, 0x0000000100000000)
  eden space 309760K, 100% used [0x00000000e0000000,0x00000000f2e80000,0x00000000f2e80000)
  from space 94720K, 58% used [0x00000000f9a00000,0x00000000fd012570,0x00000000ff680000)
  to   space 102400K, 0% used [0x00000000f2e80000,0x00000000f2e80000,0x00000000f9280000)
 ParOldGen       total 653312K, used 540202K [0x00000000a0000000, 0x00000000c7e00000, 0x00000000e0000000)
  object space 653312K, 82% used [0x00000000a0000000,0x00000000c0f8a858,0x00000000c7e00000)
 Metaspace       used 73763K, capacity 75394K, committed 77312K, reserved 1116160K
  class space    used 9480K, capacity 9808K, committed 10240K, reserved 1048576K
Event: 2489.896 GC heap after
Heap after GC invocations=42 (full 7):
 PSYoungGen      total 412160K, used 102378K [0x00000000e0000000, 0x0000000100000000, 0x0000000100000000)
  eden space 309760K, 0% used [0x00000000e0000000,0x00000000e0000000,0x00000000f2e80000)
  from space 102400K, 99% used [0x00000000f2e80000,0x00000000f927a870,0x00000000f9280000)
  to   space 112128K, 0% used [0x00000000f9280000,0x00000000f9280000,0x0000000100000000)
 ParOldGen       total 653312K, used 643768K [0x00000000a0000000, 0x00000000c7e00000, 0x00000000e0000000)
  object space 653312K, 98% used [0x00000000a0000000,0x00000000c74ae2c0,0x00000000c7e00000)
 Metaspace       used 73763K, capacity 75394K, committed 77312K, reserved 1116160K
  class space    used 9480K, capacity 9808K, committed 10240K, reserved 1048576K
}
Event: 2489.896 GC heap before
{Heap before GC invocations=43 (full 8):
 PSYoungGen      total 412160K, used 102378K [0x00000000e0000000, 0x0000000100000000, 0x0000000100000000)
  eden space 309760K, 0% used [0x00000000e0000000,0x00000000e0000000,0x00000000f2e80000)
  from space 102400K, 99% used [0x00000000f2e80000,0x00000000f927a870,0x00000000f9280000)
  to   space 112128K, 0% used [0x00000000f9280000,0x00000000f9280000,0x0000000100000000)
 ParOldGen       total 653312K, used 643768K [0x00000000a0000000, 0x00000000c7e00000, 0x00000000e0000000)
  object space 653312K, 98% used [0x00000000a0000000,0x00000000c74ae2c0,0x00000000c7e00000)
 Metaspace       used 73763K, capacity 75394K, committed 77312K, reserved 1116160K
  class space    used 9480K, capacity 9808K, committed 10240K, reserved 1048576K

Deoptimization events (10 events):
Event: 2485.625 Thread 0x00007f7af80d8000 Uncommon trap: reason=predicate action=maybe_recompile pc=0x00007f7b7714f8b8 method=com.android.dx.ssa.DomFront.run()[Lcom/android/dx/ssa/DomFront$DomInfo; @ 32
Event: 2485.663 Thread 0x00007f7af80d8000 Uncommon trap: reason=class_check action=maybe_recompile pc=0x00007f7b777992f0 method=com.android.dx.ssa.SsaConverter.placePhiFunctions(Lcom/android/dx/ssa/SsaMethod;Lcom/android/dx/ssa/LocalVariableInfo;I)V @ 257
Event: 2485.665 Thread 0x00007f7af80d8000 Uncommon trap: reason=class_check action=maybe_recompile pc=0x00007f7b777992f0 method=com.android.dx.ssa.SsaConverter.placePhiFunctions(Lcom/android/dx/ssa/SsaMethod;Lcom/android/dx/ssa/LocalVariableInfo;I)V @ 257
Event: 2486.347 Thread 0x00007f7b2c090000 Uncommon trap: reason=class_check action=maybe_recompile pc=0x00007f7b770d7c80 method=com.android.dx.ssa.SCCP.simulateBranch(Lcom/android/dx/ssa/SsaInsn;)V @ 339
Event: 2486.353 Thread 0x00007f7b2c090000 Uncommon trap: reason=class_check action=maybe_recompile pc=0x00007f7b770d7c80 method=com.android.dx.ssa.SCCP.simulateBranch(Lcom/android/dx/ssa/SsaInsn;)V @ 339
Event: 2486.591 Thread 0x00007f7af8074000 Uncommon trap: reason=unstable_if action=reinterpret pc=0x00007f7b77472238 method=com.android.dx.cf.code.Merger.isPossiblyAssignableFrom(Lcom/android/dx/rop/type/TypeBearer;Lcom/android/dx/rop/type/TypeBearer;)Z @ 131
Event: 2487.652 Thread 0x00007f7b2c090000 Uncommon trap: reason=unstable_if action=reinterpret pc=0x00007f7b77289b0c method=com.android.dx.ssa.DeadCodeRemover.pruneDeadInstructions()V @ 49
Event: 2488.266 Thread 0x00007f7b2c090000 Uncommon trap: reason=unstable_if action=reinterpret pc=0x00007f7b779a2c1c method=com.android.dx.ssa.LocalVariableExtractor.processBlock(I)V @ 77
Event: 2489.390 Thread 0x00007f7af8074000 Uncommon trap: reason=unstable_if action=reinterpret pc=0x00007f7b7798a4dc method=com.android.dx.ssa.SetFactory.makeDomFrontSet(I)Lcom/android/dx/util/IntSet; @ 4
Event: 2489.392 Thread 0x00007f7af8074000 Uncommon trap: reason=unstable_if action=reinterpret pc=0x00007f7b77907da4 method=com.android.dx.ssa.SetFactory.makeDomFrontSet(I)Lcom/android/dx/util/IntSet; @ 4

Internal exceptions (10 events):
Event: 2461.398 Thread 0x00007f7b84bd5000 Exception <a 'java/lang/NoSuchMethodError': <clinit>> (0x00000000ed3cf040) thrown at [/HUDSON3/workspace/8-2-build-linux-amd64/jdk8u111/7883/hotspot/src/share/vm/prims/jni.cpp, line 1613]
Event: 2461.400 Thread 0x00007f7b84bd5000 Exception <a 'java/lang/NoSuchMethodError': <clinit>> (0x00000000ed3e0de8) thrown at [/HUDSON3/workspace/8-2-build-linux-amd64/jdk8u111/7883/hotspot/src/share/vm/prims/jni.cpp, line 1613]
Event: 2461.403 Thread 0x00007f7b84bd5000 Exception <a 'java/lang/NoSuchMethodError': <clinit>> (0x00000000ed407f50) thrown at [/HUDSON3/workspace/8-2-build-linux-amd64/jdk8u111/7883/hotspot/src/share/vm/prims/jni.cpp, line 1613]
Event: 2461.404 Thread 0x00007f7b84bd5000 Exception <a 'java/lang/NoSuchMethodError': <clinit>> (0x00000000ed417f68) thrown at [/HUDSON3/workspace/8-2-build-linux-amd64/jdk8u111/7883/hotspot/src/share/vm/prims/jni.cpp, line 1613]
Event: 2461.405 Thread 0x00007f7b84bd5000 Implicit null exception at 0x00007f7b7581abdb to 0x00007f7b7581b189
Event: 2461.406 Thread 0x00007f7b84bd5000 Exception <a 'java/lang/NoSuchMethodError': <clinit>> (0x00000000ed42ca10) thrown at [/HUDSON3/workspace/8-2-build-linux-amd64/jdk8u111/7883/hotspot/src/share/vm/prims/jni.cpp, line 1613]
Event: 2462.114 Thread 0x00007f7b28003800 Implicit null exception at 0x00007f7b772080cc to 0x00007f7b772082cd
Event: 2462.630 Thread 0x00007f7b28003800 Implicit null exception at 0x00007f7b74bf5723 to 0x00007f7b74bf5cbd
Event: 2468.306 Thread 0x00007f7af80d6800 Implicit null exception at 0x00007f7b772d5f22 to 0x00007f7b772d601b
Event: 2468.369 Thread 0x00007f7af80d8000 Implicit null exception at 0x00007f7b772b2a25 to 0x00007f7b772b3601

Events (10 events):
Event: 2489.413 Thread 0x00007f7af8074000 DEOPT UNPACKING pc=0x00007f7b74a14633 sp=0x00007f7af527de70 mode 0
Event: 2489.484 Thread 0x00007f7af80d8000 DEOPT PACKING pc=0x00007f7b779ce1b1 sp=0x00007f7af65e5da0
Event: 2489.484 Thread 0x00007f7af80d8000 DEOPT UNPACKING pc=0x00007f7b74a14633 sp=0x00007f7af65e5bf0 mode 0
Event: 2489.486 Thread 0x00007f7af80d8000 DEOPT PACKING pc=0x00007f7b779c6cab sp=0x00007f7af65e5d40
Event: 2489.486 Thread 0x00007f7af80d8000 DEOPT UNPACKING pc=0x00007f7b74a14633 sp=0x00007f7af65e5bf0 mode 0
Event: 2489.493 Thread 0x00007f7af8074000 DEOPT PACKING pc=0x00007f7b7799eb19 sp=0x00007f7af527dfc0
Event: 2489.493 Thread 0x00007f7af8074000 DEOPT UNPACKING pc=0x00007f7b74a14633 sp=0x00007f7af527dd70 mode 0
Event: 2489.524 Thread 0x00007f7af8074000 DEOPT PACKING pc=0x00007f7b7799eb19 sp=0x00007f7af527dfc0
Event: 2489.524 Thread 0x00007f7af8074000 DEOPT UNPACKING pc=0x00007f7b74a14633 sp=0x00007f7af527dd70 mode 0
Event: 2489.536 Executing VM operation: ParallelGCFailedAllocation


Dynamic libraries:
00400000-00401000 r-xp 00000000 08:02 182546                             /usr/lib/jvm/java-8-oracle/bin/java
00600000-00601000 rw-p 00000000 08:02 182546                             /usr/lib/jvm/java-8-oracle/bin/java
01c9c000-01ddc000 rw-p 00000000 00:00 0                                  [heap]
a0000000-c7e00000 rw-p 00000000 00:00 0 
db700000-e0000000 ---p 00000000 00:00 0 
e0000000-100000000 rw-p 00000000 00:00 0 
100000000-100a00000 rw-p 00000000 00:00 0 
100a00000-140000000 ---p 00000000 00:00 0 
7f7ae8000000-7f7ae802b000 rw-p 00000000 00:00 0 
7f7ae802b000-7f7aec000000 ---p 00000000 00:00 0 
7f7aefeff000-7f7aeff02000 ---p 00000000 00:00 0 
7f7aeff02000-7f7af0000000 rw-p 00000000 00:00 0 
7f7af0000000-7f7af0021000 rw-p 00000000 00:00 0 
7f7af0021000-7f7af4000000 ---p 00000000 00:00 0 
7f7af4019000-7f7af401c000 ---p 00000000 00:00 0 
7f7af401c000-7f7af411a000 rw-p 00000000 00:00 0 
7f7af411a000-7f7af411d000 ---p 00000000 00:00 0 
7f7af411d000-7f7af4153000 rw-p 00000000 00:00 0 
7f7af4153000-7f7af4156000 ---p 00000000 00:00 0 
7f7af4156000-7f7af4254000 rw-p 00000000 00:00 0 
7f7af4254000-7f7af4257000 ---p 00000000 00:00 0 
7f7af4257000-7f7af4355000 rw-p 00000000 00:00 0 
7f7af4355000-7f7af4358000 ---p 00000000 00:00 0 
7f7af4358000-7f7af438e000 rw-p 00000000 00:00 0 
7f7af438e000-7f7af4391000 ---p 00000000 00:00 0 
7f7af4391000-7f7af448f000 rw-p 00000000 00:00 0 
7f7af448f000-7f7af4492000 ---p 00000000 00:00 0 
7f7af4492000-7f7af4590000 rw-p 00000000 00:00 0 
7f7af4590000-7f7af4593000 ---p 00000000 00:00 0 
7f7af4593000-7f7af45c9000 rw-p 00000000 00:00 0 
7f7af45c9000-7f7af45cc000 ---p 00000000 00:00 0 
7f7af45cc000-7f7af46ca000 rw-p 00000000 00:00 0 
7f7af47cb000-7f7af47ce000 ---p 00000000 00:00 0 
7f7af47ce000-7f7af4804000 rw-p 00000000 00:00 0 
7f7af4a06000-7f7af4a09000 ---p 00000000 00:00 0 
7f7af4a09000-7f7af4a3f000 rw-p 00000000 00:00 0 
7f7af4a3f000-7f7af4a42000 ---p 00000000 00:00 0 
7f7af4a42000-7f7af4b40000 rw-p 00000000 00:00 0 
7f7af4d42000-7f7af4d45000 ---p 00000000 00:00 0 
7f7af4d45000-7f7af4e43000 rw-p 00000000 00:00 0 
7f7af4e43000-7f7af4e46000 ---p 00000000 00:00 0 
7f7af4e46000-7f7af4f44000 rw-p 00000000 00:00 0 
7f7af4f44000-7f7af4f47000 ---p 00000000 00:00 0 
7f7af4f47000-7f7af5045000 rw-p 00000000 00:00 0 
7f7af5146000-7f7af5149000 ---p 00000000 00:00 0 
7f7af5149000-7f7af517f000 rw-p 00000000 00:00 0 
7f7af517f000-7f7af5182000 ---p 00000000 00:00 0 
7f7af5182000-7f7af5280000 rw-p 00000000 00:00 0 
7f7af5381000-7f7af5384000 ---p 00000000 00:00 0 
7f7af5384000-7f7af53ba000 rw-p 00000000 00:00 0 
7f7af53ba000-7f7af53bd000 ---p 00000000 00:00 0 
7f7af53bd000-7f7af54bb000 rw-p 00000000 00:00 0 
7f7af54bb000-7f7af54be000 ---p 00000000 00:00 0 
7f7af54be000-7f7af55bc000 rw-p 00000000 00:00 0 
7f7af55bc000-7f7af55bf000 ---p 00000000 00:00 0 
7f7af55bf000-7f7af55f5000 rw-p 00000000 00:00 0 
7f7af55f5000-7f7af55f8000 ---p 00000000 00:00 0 
7f7af55f8000-7f7af56f6000 rw-p 00000000 00:00 0 
7f7af56f6000-7f7af56f9000 ---p 00000000 00:00 0 
7f7af56f9000-7f7af57f7000 rw-p 00000000 00:00 0 
7f7af59f9000-7f7af59fc000 ---p 00000000 00:00 0 
7f7af59fc000-7f7af5afa000 rw-p 00000000 00:00 0 
7f7af5afa000-7f7af5afd000 ---p 00000000 00:00 0 
7f7af5afd000-7f7af5bfb000 rw-p 00000000 00:00 0 
7f7af5bfb000-7f7af5bfe000 ---p 00000000 00:00 0 
7f7af5bfe000-7f7af5c34000 rw-p 00000000 00:00 0 
7f7af5c34000-7f7af5c37000 ---p 00000000 00:00 0 
7f7af5c37000-7f7af5c6d000 rw-p 00000000 00:00 0 
7f7af5c6f000-7f7af5def000 rw-p 00000000 00:00 0 
7f7af5def000-7f7af5e72000 ---p 00000000 00:00 0 
7f7af5e72000-7f7af5f70000 rw-p 00000000 00:00 0 
7f7af5f72000-7f7af6172000 rw-p 00000000 00:00 0 
7f7af6172000-7f7af6175000 ---p 00000000 00:00 0 
7f7af6175000-7f7af61ab000 rw-p 00000000 00:00 0 
7f7af62ac000-7f7af62af000 ---p 00000000 00:00 0 
7f7af62af000-7f7af63ad000 rw-p 00000000 00:00 0 
7f7af63ad000-7f7af63b0000 ---p 00000000 00:00 0 
7f7af63b0000-7f7af63e6000 rw-p 00000000 00:00 0 
7f7af63e6000-7f7af63e9000 ---p 00000000 00:00 0 
7f7af63e9000-7f7af64e7000 rw-p 00000000 00:00 0 
7f7af64e7000-7f7af64ea000 ---p 00000000 00:00 0 
7f7af64ea000-7f7af65e8000 rw-p 00000000 00:00 0 
7f7af66e9000-7f7af66ec000 ---p 00000000 00:00 0 
7f7af66ec000-7f7af67ea000 rw-p 00000000 00:00 0 
7f7af67ea000-7f7af67ed000 ---p 00000000 00:00 0 
7f7af67ed000-7f7af68eb000 rw-p 00000000 00:00 0 
7f7af68eb000-7f7af68ee000 ---p 00000000 00:00 0 
7f7af68ee000-7f7af69ec000 rw-p 00000000 00:00 0 
7f7af69ec000-7f7af69ef000 ---p 00000000 00:00 0 
7f7af69ef000-7f7af6aed000 rw-p 00000000 00:00 0 
7f7af6aed000-7f7af6af0000 ---p 00000000 00:00 0 
7f7af6af0000-7f7af6bee000 rw-p 00000000 00:00 0 
7f7af6cef000-7f7af6cf2000 ---p 00000000 00:00 0 
7f7af6cf2000-7f7af6df0000 rw-p 00000000 00:00 0 
7f7af6df0000-7f7af6df3000 ---p 00000000 00:00 0 
7f7af6df3000-7f7af6ef1000 rw-p 00000000 00:00 0 
7f7af6ef1000-7f7af6ef4000 ---p 00000000 00:00 0 
7f7af6ef4000-7f7af6ff2000 rw-p 00000000 00:00 0 
7f7af6ff2000-7f7af6ff5000 ---p 00000000 00:00 0 
7f7af6ff5000-7f7af70f3000 rw-p 00000000 00:00 0 
7f7af70f3000-7f7af70f6000 ---p 00000000 00:00 0 
7f7af70f6000-7f7af71f4000 rw-p 00000000 00:00 0 
7f7af72f7000-7f7af74f7000 rw-p 00000000 00:00 0 
7f7af74f7000-7f7af74fa000 ---p 00000000 00:00 0 
7f7af74fa000-7f7af75f8000 rw-p 00000000 00:00 0 
7f7af75f8000-7f7af75fb000 ---p 00000000 00:00 0 
7f7af75fb000-7f7af76f9000 rw-p 00000000 00:00 0 
7f7af76fb000-7f7af78fb000 rw-p 00000000 00:00 0 
7f7af78fb000-7f7af78fe000 ---p 00000000 00:00 0 
7f7af78fe000-7f7af79fc000 rw-p 00000000 00:00 0 
7f7af79fc000-7f7af79ff000 ---p 00000000 00:00 0 
7f7af79ff000-7f7af7afd000 rw-p 00000000 00:00 0 
7f7af7b06000-7f7af7bfe000 r--s 009c6000 08:02 4310333                    /home/ankit/Desktop/Evento/app/build/intermediates/transforms/jarMerging/debug/jars/1/1f/combined.jar
7f7af7bfe000-7f7af7c01000 ---p 00000000 00:00 0 
7f7af7c01000-7f7af7cff000 rw-p 00000000 00:00 0 
7f7af7cff000-7f7af7d02000 ---p 00000000 00:00 0 
7f7af7d02000-7f7af8000000 rw-p 00000000 00:00 0 
7f7af8000000-7f7af8219000 rw-p 00000000 00:00 0 
7f7af8219000-7f7afc000000 ---p 00000000 00:00 0 
7f7afc000000-7f7afc021000 rw-p 00000000 00:00 0 
7f7afc021000-7f7b00000000 ---p 00000000 00:00 0 
7f7b00000000-7f7b00021000 rw-p 00000000 00:00 0 
7f7b00021000-7f7b04000000 ---p 00000000 00:00 0 
7f7b04000000-7f7b04021000 rw-p 00000000 00:00 0 
7f7b04021000-7f7b08000000 ---p 00000000 00:00 0 
7f7b08000000-7f7b08021000 rw-p 00000000 00:00 0 
7f7b08021000-7f7b0c000000 ---p 00000000 00:00 0 
7f7b0c000000-7f7b0c023000 rw-p 00000000 00:00 0 
7f7b0c023000-7f7b10000000 ---p 00000000 00:00 0 
7f7b10000000-7f7b10021000 rw-p 00000000 00:00 0 
7f7b10021000-7f7b14000000 ---p 00000000 00:00 0 
7f7b14011000-7f7b14014000 ---p 00000000 00:00 0 
7f7b14014000-7f7b1404a000 rw-p 00000000 00:00 0 
7f7b1404a000-7f7b1404d000 ---p 00000000 00:00 0 
7f7b1404d000-7f7b14083000 rw-p 00000000 00:00 0 
7f7b14083000-7f7b14086000 ---p 00000000 00:00 0 
7f7b14086000-7f7b140bc000 rw-p 00000000 00:00 0 
7f7b140bc000-7f7b140bf000 ---p 00000000 00:00 0 
7f7b140bf000-7f7b140f5000 rw-p 00000000 00:00 0 
7f7b140f5000-7f7b140f8000 ---p 00000000 00:00 0 
7f7b140f8000-7f7b141f6000 rw-p 00000000 00:00 0 
7f7b141f6000-7f7b141f9000 ---p 00000000 00:00 0 
7f7b141f9000-7f7b142f7000 rw-p 00000000 00:00 0 
7f7b142f7000-7f7b142fa000 ---p 00000000 00:00 0 
7f7b142fa000-7f7b143f8000 rw-p 00000000 00:00 0 
7f7b143f8000-7f7b143fb000 ---p 00000000 00:00 0 
7f7b143fb000-7f7b144f9000 rw-p 00000000 00:00 0 
7f7b144f9000-7f7b144fc000 ---p 00000000 00:00 0 
7f7b144fc000-7f7b147fa000 rw-p 00000000 00:00 0 
7f7b147fa000-7f7b149fa000 rw-p 00000000 00:00 0 
7f7b149fa000-7f7b14bfa000 rw-p 00000000 00:00 0 
7f7b14bfa000-7f7b14dfa000 rw-p 00000000 00:00 0 
7f7b14dfa000-7f7b14e11000 r-xp 00000000 08:02 2623425                    /lib/x86_64-linux-gnu/libresolv-2.21.so
7f7b14e11000-7f7b15011000 ---p 00017000 08:02 2623425                    /lib/x86_64-linux-gnu/libresolv-2.21.so
7f7b15011000-7f7b15012000 r--p 00017000 08:02 2623425                    /lib/x86_64-linux-gnu/libresolv-2.21.so
7f7b15012000-7f7b15013000 rw-p 00018000 08:02 2623425                    /lib/x86_64-linux-gnu/libresolv-2.21.so
7f7b15013000-7f7b15015000 rw-p 00000000 00:00 0 
7f7b15015000-7f7b1501a000 r-xp 00000000 08:02 2623424                    /lib/x86_64-linux-gnu/libnss_dns-2.21.so
7f7b1501a000-7f7b15219000 ---p 00005000 08:02 2623424                    /lib/x86_64-linux-gnu/libnss_dns-2.21.so
7f7b15219000-7f7b1521a000 r--p 00004000 08:02 2623424                    /lib/x86_64-linux-gnu/libnss_dns-2.21.so
7f7b1521a000-7f7b1521b000 rw-p 00005000 08:02 2623424                    /lib/x86_64-linux-gnu/libnss_dns-2.21.so
7f7b1521b000-7f7b1521d000 r-xp 00000000 08:02 2624376                    /lib/x86_64-linux-gnu/libnss_mdns4_minimal.so.2
7f7b1521d000-7f7b1541c000 ---p 00002000 08:02 2624376                    /lib/x86_64-linux-gnu/libnss_mdns4_minimal.so.2
7f7b1541c000-7f7b1541d000 r--p 00001000 08:02 2624376                    /lib/x86_64-linux-gnu/libnss_mdns4_minimal.so.2
7f7b1541d000-7f7b1541e000 rw-p 00002000 08:02 2624376                    /lib/x86_64-linux-gnu/libnss_mdns4_minimal.so.2
7f7b1541e000-7f7b1561e000 rw-p 00000000 00:00 0 
7f7b1561e000-7f7b1581e000 rw-p 00000000 00:00 0 
7f7b15821000-7f7b15824000 ---p 00000000 00:00 0 
7f7b15824000-7f7b1585a000 rw-p 00000000 00:00 0 
7f7b1585a000-7f7b1585d000 ---p 00000000 00:00 0 
7f7b1585d000-7f7b15893000 rw-p 00000000 00:00 0 
7f7b15893000-7f7b15896000 ---p 00000000 00:00 0 
7f7b15896000-7f7b158cc000 rw-p 00000000 00:00 0 
7f7b158cc000-7f7b158d2000 r--s 0003f000 08:02 200046                     /usr/lib/jvm/java-8-oracle/jre/lib/ext/sunjce_provider.jar
7f7b158d2000-7f7b15904000 r-xp 00000000 08:02 199982                     /usr/lib/jvm/java-8-oracle/jre/lib/amd64/libsunec.so
7f7b15904000-7f7b15b03000 ---p 00032000 08:02 199982                     /usr/lib/jvm/java-8-oracle/jre/lib/amd64/libsunec.so
7f7b15b03000-7f7b15b09000 rw-p 00031000 08:02 199982                     /usr/lib/jvm/java-8-oracle/jre/lib/amd64/libsunec.so
7f7b15b09000-7f7b15b19000 rw-p 00000000 00:00 0 
7f7b15b19000-7f7b15b1b000 r--s 00009000 08:02 200045                     /usr/lib/jvm/java-8-oracle/jre/lib/ext/sunec.jar
7f7b15b1b000-7f7b15b1f000 r--s 0003a000 08:02 200043                     /usr/lib/jvm/java-8-oracle/jre/lib/ext/sunpkcs11.jar
7f7b15b1f000-7f7b15b22000 r--s 0001a000 08:02 182685                     /usr/lib/jvm/java-8-oracle/jre/lib/jce.jar
7f7b15b22000-7f7b15d22000 rw-p 00000000 00:00 0 
7f7b15d22000-7f7b15f22000 rw-p 00000000 00:00 0 
7f7b15f22000-7f7b16122000 rw-p 00000000 00:00 0 
7f7b16122000-7f7b16322000 rw-p 00000000 00:00 0 
7f7b16322000-7f7b16335000 r--s 00345000 08:02 182681                     /usr/lib/jvm/java-8-oracle/jre/lib/resources.jar
7f7b16335000-7f7b16535000 rw-p 00000000 00:00 0 
7f7b16535000-7f7b16735000 rw-p 00000000 00:00 0 
7f7b16735000-7f7b16935000 rw-p 00000000 00:00 0 
7f7b16935000-7f7b16b35000 rw-p 00000000 00:00 0 
7f7b16b35000-7f7b16d35000 rw-p 00000000 00:00 0 
7f7b16d35000-7f7b16d60000 r--s 001fc000 08:02 3802331                    /home/ankit/Downloads/android-studio/gradle/m2repository/com/google/guava/guava/18.0/guava-18.0.jar
7f7b16d60000-7f7b16d61000 r--s 00001000 08:02 3877617                    /home/ankit/Downloads/android-studio/gradle/m2repository/com/android/tools/annotations/25.2.0/annotations-25.2.0.jar
7f7b16d61000-7f7b16d73000 r--s 000b3000 08:02 3989804                    /home/ankit/Downloads/android-studio/gradle/m2repository/com/android/tools/external/com-intellij/uast/145.597.3/uast-145.597.3.jar
7f7b16d73000-7f7b16d7b000 r--s 000a8000 08:02 3753715                    /home/ankit/Downloads/android-studio/gradle/m2repository/com/android/tools/external/lombok/lombok-ast/0.2.3/lombok-ast-0.2.3.jar
7f7b16d7b000-7f7b16d7d000 r--s 0000d000 08:02 3760231                    /home/ankit/Downloads/android-studio/gradle/m2repository/commons-codec/commons-codec/1.4/commons-codec-1.4.jar
7f7b16d7d000-7f7b16d7f000 r--s 0000d000 08:02 3540543                    /home/ankit/Downloads/android-studio/gradle/m2repository/commons-logging/commons-logging/1.1.1/commons-logging-1.1.1.jar
7f7b16d7f000-7f7b16d84000 r--s 00028000 08:02 3753367                    /home/ankit/Downloads/android-studio/gradle/m2repository/org/apache/httpcomponents/httpcore/4.1/httpcore-4.1.jar
7f7b16d84000-7f7b16d88000 r--s 0002f000 08:02 3845228                    /home/ankit/Downloads/android-studio/gradle/m2repository/com/google/jimfs/jimfs/1.1/jimfs-1.1.jar
7f7b16d88000-7f7b16d89000 r--s 00004000 08:02 3753443                    /home/ankit/Downloads/android-studio/gradle/m2repository/com/intellij/annotations/12.0/annotations-12.0.jar
7f7b16d89000-7f7b16d8a000 r--s 00004000 08:02 3713300                    /home/ankit/Downloads/android-studio/gradle/m2repository/org/ow2/asm/asm-analysis/5.0.4/asm-analysis-5.0.4.jar
7f7b16d8a000-7f7b16d8e000 r--s 0003b000 08:02 4017281                    /home/ankit/Downloads/android-studio/gradle/m2repository/com/android/tools/lint/lint-api/25.2.0/lint-api-25.2.0.jar
7f7b16d8e000-7f7b16d8f000 r--s 0000a000 08:02 3760193                    /home/ankit/Downloads/android-studio/gradle/m2repository/net/sf/kxml/kxml2/2.3.0/kxml2-2.3.0.jar
7f7b16d8f000-7f7b16d91000 r--s 00005000 08:02 3753358                    /home/ankit/Downloads/android-studio/gradle/m2repository/org/apache/httpcomponents/httpmime/4.1/httpmime-4.1.jar
7f7b16d91000-7f7b16d99000 r--s 0004e000 08:02 3753378                    /home/ankit/Downloads/android-studio/gradle/m2repository/org/apache/httpcomponents/httpclient/4.1.1/httpclient-4.1.1.jar
7f7b16d99000-7f7b16da0000 r--s 00053000 08:02 3753390                    /home/ankit/Downloads/android-studio/gradle/m2repository/org/apache/commons/commons-compress/1.8.1/commons-compress-1.8.1.jar
7f7b16da0000-7f7b16da5000 r--s 0002a000 08:02 3753476                    /home/ankit/Downloads/android-studio/gradle/m2repository/com/google/code/gson/gson/2.2.4/gson-2.2.4.jar
7f7b16da5000-7f7b16daa000 r--s 0002d000 08:02 4000509                    /home/ankit/Downloads/android-studio/gradle/m2repository/com/android/tools/repository/25.2.0/repository-25.2.0.jar
7f7b16daa000-7f7b16dab000 r--s 00005000 08:02 3941528                    /home/ankit/Downloads/android-studio/gradle/m2repository/com/android/tools/dvlib/25.2.0/dvlib-25.2.0.jar
7f7b16dab000-7f7b16dae000 r--s 00014000 08:02 3835823                    /home/ankit/Downloads/android-studio/gradle/m2repository/com/android/tools/layoutlib/layoutlib-api/25.2.0/layoutlib-api-25.2.0.jar
7f7b16dae000-7f7b16db3000 r--s 00058000 08:02 3631976                    /home/ankit/Downloads/android-studio/gradle/m2repository/org/ow2/asm/asm-debug-all/5.0.1/asm-debug-all-5.0.1.jar
7f7b16db3000-7f7b16dc3000 r--s 000d6000 08:02 3760205                    /home/ankit/Downloads/android-studio/gradle/m2repository/net/sf/proguard/proguard-base/5.2.1/proguard-base-5.2.1.jar
7f7b16dc3000-7f7b16dc6000 r--s 00033000 08:02 3753450                    /home/ankit/Downloads/android-studio/gradle/m2repository/com/googlecode/juniversalchardet/juniversalchardet/1.0.3/juniversalchardet-1.0.3.jar
7f7b16dc6000-7f7b16dca000 r--s 0002a000 08:02 3506651                    /home/ankit/Downloads/android-studio/gradle/m2repository/commons-io/commons-io/2.4/commons-io-2.4.jar
7f7b16dca000-7f7b16de1000 r--s 00154000 08:02 3787896                    /home/ankit/Downloads/android-studio/gradle/m2repository/org/antlr/antlr4/4.5.3/antlr4-4.5.3.jar
7f7b16de1000-7f7b16de2000 r--s 00002000 08:02 3845251                    /home/ankit/Downloads/android-studio/gradle/m2repository/com/android/databinding/baseLibrary/2.2.0/baseLibrary-2.2.0.jar
7f7b16de2000-7f7b16df5000 r--s 00236000 08:02 3779712                    /home/ankit/Downloads/android-studio/gradle/m2repository/org/eclipse/jdt/core/compiler/ecj/4.5.1/ecj-4.5.1.jar
7f7b16df5000-7f7b16dfc000 r--s 000c3000 08:02 3927174                    /home/ankit/Downloads/android-studio/gradle/m2repository/com/android/tools/lint/lint-checks/25.2.0/lint-checks-25.2.0.jar
7f7b16dfc000-7f7b16dfe000 r--s 00006000 08:02 3754422                    /home/ankit/Downloads/android-studio/gradle/m2repository/org/ow2/asm/asm-tree/5.0.4/asm-tree-5.0.4.jar
7f7b16dfe000-7f7b16e31000 r--s 00203000 08:02 3753331                    /home/ankit/Downloads/android-studio/gradle/m2repository/org/bouncycastle/bcprov-jdk15on/1.48/bcprov-jdk15on-1.48.jar
7f7b16e31000-7f7b16e3f000 r--s 00081000 08:02 3753336                    /home/ankit/Downloads/android-studio/gradle/m2repository/org/bouncycastle/bcpkix-jdk15on/1.48/bcpkix-jdk15on-1.48.jar
7f7b16e3f000-7f7b16e41000 r--s 00002000 08:02 3753458                    /home/ankit/Downloads/android-studio/gradle/m2repository/com/squareup/javawriter/2.5.0/javawriter-2.5.0.jar
7f7b16e41000-7f7b16e42000 r--s 00002000 08:02 4009078                    /home/ankit/Downloads/android-studio/gradle/m2repository/com/android/tools/analytics-library/tracker/25.2.0/tracker-25.2.0.jar
7f7b16e42000-7f7b16e44000 r--s 00003000 08:02 4009086                    /home/ankit/Downloads/android-studio/gradle/m2repository/com/android/tools/analytics-library/shared/25.2.0/shared-25.2.0.jar
7f7b16e44000-7f7b16e51000 r--s 000ed000 08:02 4009082                    /home/ankit/Downloads/android-studio/gradle/m2repository/com/android/tools/analytics-library/protos/25.2.0/protos-25.2.0.jar
7f7b16e51000-7f7b16e52000 r--s 00001000 08:02 3753578                    /home/ankit/Downloads/android-studio/gradle/m2repository/com/android/tools/jill/jill-api/0.10.0/jill-api-0.10.0.jar
7f7b16e52000-7f7b16e54000 r--s 00003000 08:02 4024806                    /home/ankit/Downloads/android-studio/gradle/m2repository/com/android/tools/jack/jack-api/0.11.0/jack-api-0.11.0.jar
7f7b16e54000-7f7b16e59000 r--s 0004a000 08:02 3918754                    /home/ankit/Downloads/android-studio/gradle/m2repository/com/android/tools/ddms/ddmlib/25.2.0/ddmlib-25.2.0.jar
7f7b16e59000-7f7b16e5c000 r--s 00021000 08:02 3910779                    /home/ankit/Downloads/android-studio/gradle/m2repository/com/android/tools/build/manifest-merger/25.2.0/manifest-merger-25.2.0.jar
7f7b16e5c000-7f7b16e5e000 r--s 0001c000 08:02 4031682                    /home/ankit/Downloads/android-studio/gradle/m2repository/com/android/tools/common/25.2.0/common-25.2.0.jar
7f7b16e5e000-7f7b16e67000 r--s 00083000 08:02 3885105                    /home/ankit/Downloads/android-studio/gradle/m2repository/com/android/tools/sdk-common/25.2.0/sdk-common-25.2.0.jar
7f7b16e67000-7f7b16e72000 r--s 0008e000 08:02 4024802                    /home/ankit/Downloads/android-studio/gradle/m2repository/com/android/tools/sdklib/25.2.0/sdklib-25.2.0.jar
7f7b16e72000-7f7b16e73000 r--s 00002000 08:02 3894391                    /home/ankit/Downloads/android-studio/gradle/m2repository/com/android/tools/build/builder-test-api/2.2.0/builder-test-api-2.2.0.jar
7f7b16e73000-7f7b16e76000 r--s 00005000 08:02 3754438                    /home/ankit/Downloads/android-studio/gradle/m2repository/com/android/tools/build/builder-model/2.2.0/builder-model-2.2.0.jar
7f7b16e76000-7f7b16e7e000 r--s 0007b000 08:02 3819714                    /home/ankit/Downloads/android-studio/gradle/m2repository/com/google/protobuf/protobuf-java/2.5.0/protobuf-java-2.5.0.jar
7f7b16e7e000-7f7b16e80000 r--s 0000f000 08:02 4041488                    /home/ankit/Downloads/android-studio/gradle/m2repository/net/sf/jopt-simple/jopt-simple/4.9/jopt-simple-4.9.jar
7f7b16e80000-7f7b16e84000 r--s 0001f000 08:02 3795671                    /home/ankit/Downloads/android-studio/gradle/m2repository/org/jacoco/org.jacoco.report/0.7.5.201505241946/org.jacoco.report-0.7.5.201505241946.jar
7f7b16e84000-7f7b16e88000 r--s 0001d000 08:02 3787900                    /home/ankit/Downloads/android-studio/gradle/m2repository/org/jacoco/org.jacoco.core/0.7.5.201505241946/org.jacoco.core-0.7.5.201505241946.jar
7f7b16e88000-7f7b16e89000 r--s 00002000 08:02 3760221                    /home/ankit/Downloads/android-studio/gradle/m2repository/net/sf/proguard/proguard-gradle/5.2.1/proguard-gradle-5.2.1.jar
7f7b16e89000-7f7b16e8b000 r--s 00009000 08:02 3779703                    /home/ankit/Downloads/android-studio/gradle/m2repository/org/ow2/asm/asm-commons/5.0.4/asm-commons-5.0.4.jar
7f7b16e8b000-7f7b16e8d000 r--s 0000c000 08:02 3779709                    /home/ankit/Downloads/android-studio/gradle/m2repository/org/ow2/asm/asm/5.0.4/asm-5.0.4.jar
7f7b16e8d000-7f7b16e91000 r--s 0002b000 08:02 3853442                    /home/ankit/Downloads/android-studio/gradle/m2repository/com/android/databinding/compilerCommon/2.2.0/compilerCommon-2.2.0.jar
7f7b16e91000-7f7b16e92000 r--s 00002000 08:02 3894401                    /home/ankit/Downloads/android-studio/gradle/m2repository/com/android/tools/build/gradle-api/2.2.0/gradle-api-2.2.0.jar
7f7b16e92000-7f7b16e93000 r--s 00000000 08:02 3753573                    /home/ankit/Downloads/android-studio/gradle/m2repository/com/android/tools/build/transform-api/2.0.0-deprecated-use-gradle-api/transform-api-2.0.0-deprecated-use-gradle-api.jar
7f7b16e93000-7f7b16e98000 r--s 00053000 08:02 4017271                    /home/ankit/Downloads/android-studio/gradle/m2repository/com/android/tools/lint/lint/25.2.0/lint-25.2.0.jar
7f7b16e98000-7f7b16eaf000 r--s 0015d000 08:02 3885097                    /home/ankit/Downloads/android-studio/gradle/m2repository/com/android/tools/build/builder/2.2.0/builder-2.2.0.jar
7f7b16eaf000-7f7b16ecc000 r--s 0019c000 08:02 3910782                    /home/ankit/Downloads/android-studio/gradle/m2repository/com/android/tools/build/gradle-core/2.2.0/gradle-core-2.2.0.jar
7f7b16ecc000-7f7b16ece000 r--s 0000d000 08:02 3802336                    /home/ankit/Downloads/android-studio/gradle/m2repository/com/android/tools/build/gradle/2.2.0/gradle-2.2.0.jar
7f7b16ece000-7f7b170ce000 rw-p 00000000 00:00 0 
7f7b170ce000-7f7b172ce000 rw-p 00000000 00:00 0 
7f7b17366000-7f7b17566000 rw-p 00000000 00:00 0 
7f7b17566000-7f7b17766000 rw-p 00000000 00:00 0 
7f7b177c7000-7f7b177ca000 ---p 00000000 00:00 0 
7f7b177ca000-7f7b17a00000 rw-p 00000000 00:00 0 
7f7b17a00000-7f7b17c00000 rw-p 00000000 00:00 0 
7f7b17c00000-7f7b17e00000 rw-p 00000000 00:00 0 
7f7b17e00000-7f7b18000000 rw-p 00000000 00:00 0 
7f7b18000000-7f7b18021000 rw-p 00000000 00:00 0 
7f7b18021000-7f7b1c000000 ---p 00000000 00:00 0 
7f7b1c000000-7f7b1c021000 rw-p 00000000 00:00 0 
7f7b1c021000-7f7b20000000 ---p 00000000 00:00 0 
7f7b20000000-7f7b20021000 rw-p 00000000 00:00 0 
7f7b20021000-7f7b24000000 ---p 00000000 00:00 0 
7f7b24000000-7f7b2581d000 rw-p 00000000 00:00 0 
7f7b2581d000-7f7b28000000 ---p 00000000 00:00 0 
7f7b28000000-7f7b28028000 rw-p 00000000 00:00 0 
7f7b28028000-7f7b2c000000 ---p 00000000 00:00 0 
7f7b2c000000-7f7b2c757000 rw-p 00000000 00:00 0 
7f7b2c757000-7f7b30000000 ---p 00000000 00:00 0 
7f7b30000000-7f7b30021000 rw-p 00000000 00:00 0 
7f7b30021000-7f7b34000000 ---p 00000000 00:00 0 
7f7b34000000-7f7b34071000 rw-p 00000000 00:00 0 
7f7b34071000-7f7b38000000 ---p 00000000 00:00 0 
7f7b38000000-7f7b38021000 rw-p 00000000 00:00 0 
7f7b38021000-7f7b3c000000 ---p 00000000 00:00 0 
7f7b3c000000-7f7b3c021000 rw-p 00000000 00:00 0 
7f7b3c021000-7f7b40000000 ---p 00000000 00:00 0 
7f7b40000000-7f7b41e2a000 rw-p 00000000 00:00 0 
7f7b41e2a000-7f7b44000000 ---p 00000000 00:00 0 
7f7b44000000-7f7b4506a000 rw-p 00000000 00:00 0 
7f7b4506a000-7f7b48000000 ---p 00000000 00:00 0 
7f7b48000000-7f7b48021000 rw-p 00000000 00:00 0 
7f7b48021000-7f7b4c000000 ---p 00000000 00:00 0 
7f7b4c000000-7f7b4dfef000 rw-p 00000000 00:00 0 
7f7b4dfef000-7f7b50000000 ---p 00000000 00:00 0 
7f7b50000000-7f7b50021000 rw-p 00000000 00:00 0 
7f7b50021000-7f7b54000000 ---p 00000000 00:00 0 
7f7b54000000-7f7b54021000 rw-p 00000000 00:00 0 
7f7b54021000-7f7b58000000 ---p 00000000 00:00 0 
7f7b58000000-7f7b58299000 rw-p 00000000 00:00 0 
7f7b58299000-7f7b5c000000 ---p 00000000 00:00 0 
7f7b5c000000-7f7b5c026000 rw-p 00000000 00:00 0 
7f7b5c026000-7f7b60000000 ---p 00000000 00:00 0 
7f7b60006000-7f7b60007000 r--p 00000000 00:00 0 
7f7b60007000-7f7b6000c000 r--s 00076000 08:02 3393461                    /home/ankit/Downloads/android-studio/plugins/gradle/lib/gradle-tooling-extension-impl.jar
7f7b60035000-7f7b60036000 rw-p 00000000 00:00 0 
7f7b60036000-7f7b60039000 ---p 00000000 00:00 0 
7f7b60039000-7f7b60137000 rw-p 00000000 00:00 0 
7f7b60137000-7f7b601af000 r--s 010e6000 08:02 158507                     /usr/lib/jvm/java-8-oracle/lib/tools.jar
7f7b601af000-7f7b601b2000 ---p 00000000 00:00 0 
7f7b601b2000-7f7b602b0000 rw-p 00000000 00:00 0 
7f7b602b0000-7f7b602b3000 ---p 00000000 00:00 0 
7f7b602b3000-7f7b603b1000 rw-p 00000000 00:00 0 
7f7b603b1000-7f7b603b4000 ---p 00000000 00:00 0 
7f7b603b4000-7f7b604b2000 rw-p 00000000 00:00 0 
7f7b604b2000-7f7b604b5000 ---p 00000000 00:00 0 
7f7b604b5000-7f7b605b3000 rw-p 00000000 00:00 0 
7f7b605b3000-7f7b605b6000 ---p 00000000 00:00 0 
7f7b605b6000-7f7b606b4000 rw-p 00000000 00:00 0 
7f7b606b4000-7f7b606b7000 ---p 00000000 00:00 0 
7f7b606b7000-7f7b607b5000 rw-p 00000000 00:00 0 
7f7b607b5000-7f7b607bc000 r--s 00000000 08:02 109538                     /usr/lib/x86_64-linux-gnu/gconv/gconv-modules.cache
7f7b607bc000-7f7b609bc000 rw-p 00000000 00:00 0 
7f7b609bc000-7f7b609bf000 ---p 00000000 00:00 0 
7f7b609bf000-7f7b60abd000 rw-p 00000000 00:00 0 
7f7b60abd000-7f7b60ac0000 ---p 00000000 00:00 0 
7f7b60ac0000-7f7b60bbe000 rw-p 00000000 00:00 0 
7f7b60bbe000-7f7b60bc7000 r-xp 00000000 08:02 200010                     /usr/lib/jvm/java-8-oracle/jre/lib/amd64/libmanagement.so
7f7b60bc7000-7f7b60dc6000 ---p 00009000 08:02 200010                     /usr/lib/jvm/java-8-oracle/jre/lib/amd64/libmanagement.so
7f7b60dc6000-7f7b60dc7000 rw-p 00008000 08:02 200010                     /usr/lib/jvm/java-8-oracle/jre/lib/amd64/libmanagement.so
7f7b60dc7000-7f7b60dcb000 r--s 00097000 08:02 182569                     /usr/lib/jvm/java-8-oracle/jre/lib/jsse.jar
7f7b60dcb000-7f7b60dcd000 r--s 00007000 08:02 3402085                    /home/ankit/Downloads/android-studio/gradle/gradle-2.14.1/lib/plugins/gradle-tooling-api-builders-2.14.1.jar
7f7b60dcd000-7f7b60dd0000 r--s 00008000 08:02 3402081                    /home/ankit/Downloads/android-studio/gradle/gradle-2.14.1/lib/plugins/gradle-testing-native-2.14.1.jar
7f7b60dd0000-7f7b60dd2000 r--s 00009000 08:02 3402371                    /home/ankit/Downloads/android-studio/gradle/gradle-2.14.1/lib/plugins/hamcrest-core-1.3.jar
7f7b60dd2000-7f7b60dd8000 r--s 00033000 08:02 3402325                    /home/ankit/Downloads/android-studio/gradle/gradle-2.14.1/lib/plugins/snakeyaml-1.6.jar
7f7b60dd8000-7f7b60dda000 r--s 00006000 08:02 3402336                    /home/ankit/Downloads/android-studio/gradle/gradle-2.14.1/lib/plugins/jcommander-1.12.jar
7f7b60dda000-7f7b60ddf000 r--s 00040000 08:02 3402324                    /home/ankit/Downloads/android-studio/gradle/gradle-2.14.1/lib/plugins/bsh-2.0b4.jar
7f7b60ddf000-7f7b60de8000 r--s 00089000 08:02 3402339                    /home/ankit/Downloads/android-studio/gradle/gradle-2.14.1/lib/plugins/testng-6.3.1.jar
7f7b60de8000-7f7b60df0000 r--s 00045000 08:02 3402343                    /home/ankit/Downloads/android-studio/gradle/gradle-2.14.1/lib/plugins/junit-4.12.jar
7f7b60df0000-7f7b60df6000 r--s 0002e000 08:02 3402091                    /home/ankit/Downloads/android-studio/gradle/gradle-2.14.1/lib/plugins/gradle-testing-jvm-2.14.1.jar
7f7b60df6000-7f7b60dfb000 r--s 00015000 08:02 3402095                    /home/ankit/Downloads/android-studio/gradle/gradle-2.14.1/lib/plugins/gradle-testing-base-2.14.1.jar
7f7b60dfb000-7f7b60dfc000 r--s 00002000 08:02 3402342                    /home/ankit/Downloads/android-studio/gradle/gradle-2.14.1/lib/plugins/sonar-batch-bootstrapper-2.9.jar
7f7b60dfc000-7f7b60dff000 r--s 00015000 08:02 3402090                    /home/ankit/Downloads/android-studio/gradle/gradle-2.14.1/lib/plugins/gradle-sonar-2.14.1.jar
7f7b60dff000-7f7b60e06000 r--s 00038000 08:02 3402356                    /home/ankit/Downloads/android-studio/gradle/gradle-2.14.1/lib/plugins/bcpg-jdk15on-1.51.jar
7f7b60e06000-7f7b60e08000 r--s 0000d000 08:02 3402293                    /home/ankit/Downloads/android-studio/gradle/gradle-2.14.1/lib/plugins/gradle-signing-2.14.1.jar
7f7b60e08000-7f7b60e0b000 r--s 00009000 08:02 3402099                    /home/ankit/Downloads/android-studio/gradle/gradle-2.14.1/lib/plugins/gradle-scala-2.14.1.jar
7f7b60e0b000-7f7b60e0c000 r--s 00004000 08:02 3402295                    /home/ankit/Downloads/android-studio/gradle/gradle-2.14.1/lib/plugins/gradle-resources-sftp-2.14.1.jar
7f7b60e0c000-7f7b60e1c000 r--s 00088000 08:02 3402329                    /home/ankit/Downloads/android-studio/gradle/gradle-2.14.1/lib/plugins/joda-time-2.8.2.jar
7f7b60e1c000-7f7b60e2d000 r--s 000cf000 08:02 3402375                    /home/ankit/Downloads/android-studio/gradle/gradle-2.14.1/lib/plugins/jackson-databind-2.3.2.jar
7f7b60e2d000-7f7b60e2f000 r--s 00007000 08:02 3402352                    /home/ankit/Downloads/android-studio/gradle/gradle-2.14.1/lib/plugins/jackson-annotations-2.3.2.jar
7f7b60e2f000-7f7b60e32000 r--s 0002e000 08:02 3402358                    /home/ankit/Downloads/android-studio/gradle/gradle-2.14.1/lib/plugins/jackson-core-2.3.2.jar
7f7b60e32000-7f7b60e3d000 r--s 0006b000 08:02 3402381                    /home/ankit/Downloads/android-studio/gradle/gradle-2.14.1/lib/plugins/aws-java-sdk-core-1.9.19.jar
7f7b60e3d000-7f7b60e43000 r--s 00036000 08:02 3402351                    /home/ankit/Downloads/android-studio/gradle/gradle-2.14.1/lib/plugins/aws-java-sdk-kms-1.9.19.jar
7f7b60e43000-7f7b60e4e000 r--s 00079000 08:02 3402341                    /home/ankit/Downloads/android-studio/gradle/gradle-2.14.1/lib/plugins/aws-java-sdk-s3-1.9.19.jar
7f7b60e4e000-7f7b60e4f000 r--s 00003000 08:02 3402305                    /home/ankit/Downloads/android-studio/gradle/gradle-2.14.1/lib/plugins/gradle-resources-s3-2.14.1.jar
7f7b60e4f000-7f7b60e51000 r--s 00005000 08:02 3402370                    /home/ankit/Downloads/android-studio/gradle/gradle-2.14.1/lib/plugins/jatl-0.2.2.jar
7f7b60e51000-7f7b60e53000 r--s 0000f000 08:02 3402311                    /home/ankit/Downloads/android-studio/gradle/gradle-2.14.1/lib/plugins/gradle-reporting-2.14.1.jar
7f7b60e53000-7f7b60e55000 r--s 00002000 08:02 3402252                    /home/ankit/Downloads/android-studio/gradle/gradle-2.14.1/lib/plugins/gradle-publish-2.14.1.jar
7f7b60e55000-7f7b60e57000 r--s 00009000 08:02 3402334                    /home/ankit/Downloads/android-studio/gradle/gradle-2.14.1/lib/plugins/commons-cli-1.2.jar
7f7b60e57000-7f7b60e5d000 r--s 00033000 08:02 3402098                    /home/ankit/Downloads/android-studio/gradle/gradle-2.14.1/lib/plugins/gradle-plugins-2.14.1.jar
7f7b60e5d000-7f7b60e5f000 r--s 00007000 08:02 3402083                    /home/ankit/Downloads/android-studio/gradle/gradle-2.14.1/lib/plugins/gradle-plugin-development-2.14.1.jar
7f7b60e5f000-7f7b60e65000 r--s 0002a000 08:02 3402292                    /home/ankit/Downloads/android-studio/gradle/gradle-2.14.1/lib/plugins/gradle-platform-play-2.14.1.jar
7f7b60e65000-7f7b60e72000 r--s 0004d000 08:02 3402291                    /home/ankit/Downloads/android-studio/gradle/gradle-2.14.1/lib/plugins/gradle-platform-native-2.14.1.jar
7f7b60e72000-7f7b60e76000 r--s 0001a000 08:02 3402304                    /home/ankit/Downloads/android-studio/gradle/gradle-2.14.1/lib/plugins/gradle-platform-jvm-2.14.1.jar
7f7b60e76000-7f7b60e7d000 r--s 00029000 08:02 3402097                    /home/ankit/Downloads/android-studio/gradle/gradle-2.14.1/lib/plugins/gradle-platform-base-2.14.1.jar
7f7b60e7d000-7f7b60e9e000 r--s 001c3000 08:02 3402322                    /home/ankit/Downloads/android-studio/gradle/gradle-2.14.1/lib/plugins/bndlib-2.4.0.jar
7f7b60e9e000-7f7b60ea0000 r--s 00003000 08:02 3402306                    /home/ankit/Downloads/android-studio/gradle/gradle-2.14.1/lib/plugins/gradle-osgi-2.14.1.jar
7f7b60ea0000-7f7b60ea3000 r--s 0000c000 08:02 3402378                    /home/ankit/Downloads/android-studio/gradle/gradle-2.14.1/lib/plugins/pmaven-groovy-0.8-20100325.jar
7f7b60ea3000-7f7b60ea4000 r--s 00004000 08:02 3402369                    /home/ankit/Downloads/android-studio/gradle/gradle-2.14.1/lib/plugins/pmaven-common-0.8-20100325.jar
7f7b60ea4000-7f7b60eaa000 r--s 00022000 08:02 3402096                    /home/ankit/Downloads/android-studio/gradle/gradle-2.14.1/lib/plugins/gradle-maven-2.14.1.jar
7f7b60eaa000-7f7b60eac000 r--s 0000a000 08:02 3402088                    /home/ankit/Downloads/android-studio/gradle/gradle-2.14.1/lib/plugins/gradle-language-scala-2.14.1.jar
7f7b60eac000-7f7b60eb2000 r--s 0001a000 08:02 3402092                    /home/ankit/Downloads/android-studio/gradle/gradle-2.14.1/lib/plugins/gradle-language-native-2.14.1.jar
7f7b60eb2000-7f7b60eb4000 r--s 00008000 08:02 3402084                    /home/ankit/Downloads/android-studio/gradle/gradle-2.14.1/lib/plugins/gradle-language-jvm-2.14.1.jar
7f7b60eb4000-7f7b60eba000 r--s 00024000 08:02 3402300                    /home/ankit/Downloads/android-studio/gradle/gradle-2.14.1/lib/plugins/gradle-language-java-2.14.1.jar
7f7b60eba000-7f7b60ebc000 r--s 0000a000 08:02 3402290                    /home/ankit/Downloads/android-studio/gradle/gradle-2.14.1/lib/plugins/gradle-language-groovy-2.14.1.jar
7f7b60ebc000-7f7b60ebf000 r--s 0001e000 08:02 3402319                    /home/ankit/Downloads/android-studio/gradle/gradle-2.14.1/lib/plugins/jsp-api-2.1-6.1.14.jar
7f7b60ebf000-7f7b60ee2000 r--s 00344000 08:02 3402353                    /home/ankit/Downloads/android-studio/gradle/gradle-2.14.1/lib/plugins/core-3.1.1.jar
7f7b60ee2000-7f7b60ee3000 r--s 00006000 08:02 3402376                    /home/ankit/Downloads/android-studio/gradle/gradle-2.14.1/lib/plugins/jetty-naming-6.1.25.jar
7f7b60ee3000-7f7b60ee4000 r--s 00002000 08:02 3402349                    /home/ankit/Downloads/android-studio/gradle/gradle-2.14.1/lib/plugins/geronimo-annotation_1.0_spec-1.0.jar
7f7b60ee4000-7f7b60ee6000 r--s 00002000 08:02 3402373                    /home/ankit/Downloads/android-studio/gradle/gradle-2.14.1/lib/plugins/jetty-annotations-6.1.25.jar
7f7b60ee6000-7f7b60ef7000 r--s 000ea000 08:02 3402379                    /home/ankit/Downloads/android-studio/gradle/gradle-2.14.1/lib/plugins/jsp-2.1-6.1.14.jar
7f7b60ef7000-7f7b60ef9000 r--s 0000d000 08:02 3402354                    /home/ankit/Downloads/android-studio/gradle/gradle-2.14.1/lib/plugins/jetty-plus-6.1.25.jar
7f7b60ef9000-7f7b60efb000 r--s 0001f000 08:02 3402385                    /home/ankit/Downloads/android-studio/gradle/gradle-2.14.1/lib/plugins/servlet-api-2.5-20081211.jar
7f7b60efb000-7f7b60eff000 r--s 00028000 08:02 3402337                    /home/ankit/Downloads/android-studio/gradle/gradle-2.14.1/lib/plugins/jetty-util-6.1.25.jar
7f7b60eff000-7f7b60f06000 r--s 0007d000 08:02 3402344                    /home/ankit/Downloads/android-studio/gradle/gradle-2.14.1/lib/plugins/jetty-6.1.25.jar
7f7b60f06000-7f7b60f08000 r--s 00009000 08:02 3402309                    /home/ankit/Downloads/android-studio/gradle/gradle-2.14.1/lib/plugins/gradle-jetty-2.14.1.jar
7f7b60f08000-7f7b60f0f000 r--s 00035000 08:02 3402382                    /home/ankit/Downloads/android-studio/gradle/gradle-2.14.1/lib/plugins/simple-4.1.21.jar
7f7b60f0f000-7f7b60f1b000 r--s 00100000 08:02 3402330                    /home/ankit/Downloads/android-studio/gradle/gradle-2.14.1/lib/plugins/rhino-1.7R3.jar
7f7b60f1b000-7f7b60f1f000 r--s 00011000 08:02 3402297                    /home/ankit/Downloads/android-studio/gradle/gradle-2.14.1/lib/plugins/gradle-javascript-2.14.1.jar
7f7b60f1f000-7f7b60f21000 r--s 0000c000 08:02 3402317                    /home/ankit/Downloads/android-studio/gradle/gradle-2.14.1/lib/plugins/gradle-jacoco-2.14.1.jar
7f7b60f21000-7f7b60f24000 r--s 0000e000 08:02 3402316                    /home/ankit/Downloads/android-studio/gradle/gradle-2.14.1/lib/plugins/gradle-ivy-2.14.1.jar
7f7b60f24000-7f7b60f25000 r--s 00002000 08:02 3402313                    /home/ankit/Downloads/android-studio/gradle/gradle-2.14.1/lib/plugins/gradle-ide-play-2.14.1.jar
7f7b60f25000-7f7b60f2a000 r--s 0002b000 08:02 3402310                    /home/ankit/Downloads/android-studio/gradle/gradle-2.14.1/lib/plugins/gradle-ide-native-2.14.1.jar
7f7b60f2a000-7f7b60f35000 r--s 00066000 08:02 3402089                    /home/ankit/Downloads/android-studio/gradle/gradle-2.14.1/lib/plugins/gradle-ide-2.14.1.jar
7f7b60f35000-7f7b60f36000 r--s 00008000 08:02 3402087                    /home/ankit/Downloads/android-studio/gradle/gradle-2.14.1/lib/plugins/gradle-ear-2.14.1.jar
7f7b60f36000-7f7b60f3c000 r--s 00032000 08:02 3402094                    /home/ankit/Downloads/android-studio/gradle/gradle-2.14.1/lib/plugins/gradle-diagnostics-2.14.1.jar
7f7b60f3c000-7f7b60f40000 r--s 00021000 08:02 3402312                    /home/ankit/Downloads/android-studio/gradle/gradle-2.14.1/lib/plugins/gradle-code-quality-2.14.1.jar
7f7b60f40000-7f7b60f44000 r--s 0001f000 08:02 3402093                    /home/ankit/Downloads/android-studio/gradle/gradle-2.14.1/lib/plugins/gradle-build-init-2.14.1.jar
7f7b60f44000-7f7b60f4b000 r--s 0008e000 08:02 3402314                    /home/ankit/Downloads/android-studio/gradle/gradle-2.14.1/lib/plugins/gradle-build-comparison-2.14.1.jar
7f7b60f4b000-7f7b60f4d000 r--s 00008000 08:02 3402302                    /home/ankit/Downloads/android-studio/gradle/gradle-2.14.1/lib/plugins/gradle-antlr-2.14.1.jar
7f7b60f4d000-7f7b60f4f000 r--s 00004000 08:02 3402315                    /home/ankit/Downloads/android-studio/gradle/gradle-2.14.1/lib/plugins/gradle-announce-2.14.1.jar
7f7b60f4f000-7f7b60f67000 r--s 00115000 08:02 3402347                    /home/ankit/Downloads/android-studio/gradle/gradle-2.14.1/lib/plugins/xercesImpl-2.9.1.jar
7f7b60f67000-7f7b60f6f000 r--s 00028000 08:02 3402366                    /home/ankit/Downloads/android-studio/gradle/gradle-2.14.1/lib/plugins/xml-apis-1.3.04.jar
7f7b60f6f000-7f7b60f75000 r--s 0005b000 08:02 3402359                    /home/ankit/Downloads/android-studio/gradle/gradle-2.14.1/lib/plugins/jcifs-1.3.17.jar
7f7b60f75000-7f7b60f7c000 r--s 00049000 08:02 3402296                    /home/ankit/Downloads/android-studio/gradle/gradle-2.14.1/lib/plugins/httpcore-4.4.4.jar
7f7b60f7c000-7f7b60f82000 r--s 00033000 08:02 3402328                    /home/ankit/Downloads/android-studio/gradle/gradle-2.14.1/lib/plugins/commons-codec-1.6.jar
7f7b60f82000-7f7b60f85000 r--s 0001c000 08:02 3402326                    /home/ankit/Downloads/android-studio/gradle/gradle-2.14.1/lib/plugins/nekohtml-1.9.14.jar
7f7b60f85000-7f7b60f92000 r--s 000a4000 08:02 3402307                    /home/ankit/Downloads/android-studio/gradle/gradle-2.14.1/lib/plugins/httpclient-4.4.1.jar
7f7b60f92000-7f7b60f94000 r--s 0000a000 08:02 3402082                    /home/ankit/Downloads/android-studio/gradle/gradle-2.14.1/lib/plugins/gradle-resources-http-2.14.1.jar
7f7b60f94000-7f7b60f98000 r--s 00014000 08:02 3402294                    /home/ankit/Downloads/android-studio/gradle/gradle-2.14.1/lib/plugins/gradle-plugin-use-2.14.1.jar
7f7b60f98000-7f7b60f99000 r--s 00000000 08:02 3394352                    /home/ankit/Downloads/android-studio/gradle/gradle-2.14.1/lib/gradle-installation-beacon-2.14.1.jar
7f7b60f99000-7f7b60f9a000 r--s 00007000 08:02 3402335                    /home/ankit/Downloads/android-studio/gradle/gradle-2.14.1/lib/plugins/wagon-http-shared4-2.4.jar
7f7b60f9a000-7f7b60f9e000 r--s 00033000 08:02 3402372                    /home/ankit/Downloads/android-studio/gradle/gradle-2.14.1/lib/plugins/plexus-utils-2.0.6.jar
7f7b60f9e000-7f7b60fa2000 r--s 00021000 08:02 3402361                    /home/ankit/Downloads/android-studio/gradle/gradle-2.14.1/lib/plugins/maven-model-builder-3.0.4.jar
7f7b60fa2000-7f7b60fa3000 r--s 00002000 08:02 3402327                    /home/ankit/Downloads/android-studio/gradle/gradle-2.14.1/lib/plugins/wagon-file-2.4.jar
7f7b60fa3000-7f7b60fa5000 r--s 00002000 08:02 3402368                    /home/ankit/Downloads/android-studio/gradle/gradle-2.14.1/lib/plugins/plexus-cipher-1.7.jar
7f7b60fa5000-7f7b60fa8000 r--s 00013000 08:02 3402384                    /home/ankit/Downloads/android-studio/gradle/gradle-2.14.1/lib/plugins/aether-api-1.13.1.jar
7f7b60fa8000-7f7b60faa000 r--s 0000a000 08:02 3402338                    /home/ankit/Downloads/android-studio/gradle/gradle-2.14.1/lib/plugins/maven-settings-3.0.4.jar
7f7b60faa000-7f7b60fac000 r--s 0000d000 08:02 3402362                    /home/ankit/Downloads/android-studio/gradle/gradle-2.14.1/lib/plugins/plexus-interpolation-1.14.jar
7f7b60fac000-7f7b60fae000 r--s 0000b000 08:02 3402377                    /home/ankit/Downloads/android-studio/gradle/gradle-2.14.1/lib/plugins/maven-artifact-3.0.4.jar
7f7b60fae000-7f7b60fb5000 r--s 0002e000 08:02 3402332                    /home/ankit/Downloads/android-studio/gradle/gradle-2.14.1/lib/plugins/plexus-container-default-1.5.5.jar
7f7b60fb5000-7f7b60fb7000 r--s 0000b000 08:02 3402355                    /home/ankit/Downloads/android-studio/gradle/gradle-2.14.1/lib/plugins/maven-plugin-api-3.0.4.jar
7f7b60fb7000-7f7b60fb9000 r--s 00000000 08:02 3402357                    /home/ankit/Downloads/android-studio/gradle/gradle-2.14.1/lib/plugins/plexus-component-annotations-1.5.5.jar
7f7b60fb9000-7f7b60fbf000 r--s 0003f000 08:02 3402363                    /home/ankit/Downloads/android-studio/gradle/gradle-2.14.1/lib/plugins/maven-compat-3.0.4.jar
7f7b60fbf000-7f7b60fc2000 r--s 00008000 08:02 3402345                    /home/ankit/Downloads/android-studio/gradle/gradle-2.14.1/lib/plugins/maven-settings-builder-3.0.4.jar
7f7b60fc2000-7f7b60fc4000 r--s 00026000 08:02 3402383                    /home/ankit/Downloads/android-studio/gradle/gradle-2.14.1/lib/plugins/maven-model-3.0.4.jar
7f7b60fc4000-7f7b60fc6000 r--s 00006000 08:02 3402374                    /home/ankit/Downloads/android-studio/gradle/gradle-2.14.1/lib/plugins/aether-connector-wagon-1.13.1.jar
7f7b60fc6000-7f7b60fc8000 r--s 0000a000 08:02 3402333                    /home/ankit/Downloads/android-studio/gradle/gradle-2.14.1/lib/plugins/plexus-classworlds-2.4.jar
7f7b60fc8000-7f7b60fca000 r--s 00006000 08:02 3402364                    /home/ankit/Downloads/android-studio/gradle/gradle-2.14.1/lib/plugins/maven-repository-metadata-3.0.4.jar
7f7b60fca000-7f7b60fcc000 r--s 0000c000 08:02 3402348                    /home/ankit/Downloads/android-studio/gradle/gradle-2.14.1/lib/plugins/maven-aether-provider-3.0.4.jar
7f7b60fcc000-7f7b60fce000 r--s 0000b000 08:02 3402340                    /home/ankit/Downloads/android-studio/gradle/gradle-2.14.1/lib/plugins/wagon-provider-api-2.4.jar
7f7b60fce000-7f7b60fd2000 r--s 0001c000 08:02 3402380                    /home/ankit/Downloads/android-studio/gradle/gradle-2.14.1/lib/plugins/aether-util-1.13.1.jar
7f7b60fd2000-7f7b60fd5000 r--s 0001d000 08:02 3402360                    /home/ankit/Downloads/android-studio/gradle/gradle-2.14.1/lib/plugins/aether-impl-1.13.1.jar
7f7b60fd5000-7f7b60fda000 r--s 00040000 08:02 3402321                    /home/ankit/Downloads/android-studio/gradle/gradle-2.14.1/lib/plugins/jsch-0.1.53.jar
7f7b60fda000-7f7b6101a000 r--s 00277000 08:02 3402323                    /home/ankit/Downloads/android-studio/gradle/gradle-2.14.1/lib/plugins/bcprov-jdk15on-1.51.jar
7f7b6101a000-7f7b6101e000 r--s 0001d000 08:02 3402350                    /home/ankit/Downloads/android-studio/gradle/gradle-2.14.1/lib/plugins/xbean-reflect-3.4.jar
7f7b6101e000-7f7b6102a000 r--s 0007d000 08:02 3402367                    /home/ankit/Downloads/android-studio/gradle/gradle-2.14.1/lib/plugins/maven-core-3.0.4.jar
7f7b6102a000-7f7b6102f000 r--s 0002a000 08:02 3402346                    /home/ankit/Downloads/android-studio/gradle/gradle-2.14.1/lib/plugins/gson-2.2.4.jar
7f7b6102f000-7f7b6103e000 r--s 000d9000 08:02 3402331                    /home/ankit/Downloads/android-studio/gradle/gradle-2.14.1/lib/plugins/ivy-2.2.0.jar
7f7b6103e000-7f7b61054000 r-xp 00000000 08:02 2624314                    /lib/x86_64-linux-gnu/libgcc_s.so.1
7f7b61054000-7f7b61253000 ---p 00016000 08:02 2624314                    /lib/x86_64-linux-gnu/libgcc_s.so.1
7f7b61253000-7f7b61254000 r--p 00015000 08:02 2624314                    /lib/x86_64-linux-gnu/libgcc_s.so.1
7f7b61254000-7f7b61255000 rw-p 00016000 08:02 2624314                    /lib/x86_64-linux-gnu/libgcc_s.so.1
7f7b61255000-7f7b613c8000 r-xp 00000000 08:02 61223                      /usr/lib/x86_64-linux-gnu/libstdc++.so.6.0.21
7f7b613c8000-7f7b615c7000 ---p 00173000 08:02 61223                      /usr/lib/x86_64-linux-gnu/libstdc++.so.6.0.21
7f7b615c7000-7f7b615d1000 r--p 00172000 08:02 61223                      /usr/lib/x86_64-linux-gnu/libstdc++.so.6.0.21
7f7b615d1000-7f7b615d3000 rw-p 0017c000 08:02 61223                      /usr/lib/x86_64-linux-gnu/libstdc++.so.6.0.21
7f7b615d3000-7f7b615d7000 rw-p 00000000 00:00 0 
7f7b615d7000-7f7b615d8000 r--s 00002000 08:02 3402318                    /home/ankit/Downloads/android-studio/gradle/gradle-2.14.1/lib/plugins/wagon-http-2.4.jar
7f7b615d8000-7f7b615d9000 r--s 00003000 08:02 3402320                    /home/ankit/Downloads/android-studio/gradle/gradle-2.14.1/lib/plugins/aether-spi-1.13.1.jar
7f7b615d9000-7f7b615da000 r--s 00006000 08:02 3402365                    /home/ankit/Downloads/android-studio/gradle/gradle-2.14.1/lib/plugins/plexus-sec-dispatcher-1.3.jar
7f7b615da000-7f7b615f6000 r--s 000d3000 08:02 3402161                    /home/ankit/Downloads/android-studio/gradle/gradle-2.14.1/lib/plugins/gradle-dependency-management-2.14.1.jar
7f7b615f6000-7f7b615fa000 r-xp 00000000 08:02 3391672                    /home/ankit/.gradle/native/19/linux-amd64/libnative-platform.so
7f7b615fa000-7f7b617f9000 ---p 00004000 08:02 3391672                    /home/ankit/.gradle/native/19/linux-amd64/libnative-platform.so
7f7b617f9000-7f7b617fa000 rw-p 00003000 08:02 3391672                    /home/ankit/.gradle/native/19/linux-amd64/libnative-platform.so
7f7b617fa000-7f7b6180b000 r-xp 00000000 08:02 199999                     /usr/lib/jvm/java-8-oracle/jre/lib/amd64/libnio.so
7f7b6180b000-7f7b61a0a000 ---p 00011000 08:02 199999                     /usr/lib/jvm/java-8-oracle/jre/lib/amd64/libnio.so
7f7b61a0a000-7f7b61a0b000 rw-p 00010000 08:02 199999                     /usr/lib/jvm/java-8-oracle/jre/lib/amd64/libnio.so
7f7b61a0b000-7f7b61d0c000 rw-p 00000000 00:00 0 
7f7b61d0c000-7f7b61d22000 r-xp 00000000 08:02 199974                     /usr/lib/jvm/java-8-oracle/jre/lib/amd64/libnet.so
7f7b61d22000-7f7b61f22000 ---p 00016000 08:02 199974                     /usr/lib/jvm/java-8-oracle/jre/lib/amd64/libnet.so
7f7b61f22000-7f7b61f23000 rw-p 00016000 08:02 199974                     /usr/lib/jvm/java-8-oracle/jre/lib/amd64/libnet.so
7f7b61f23000-7f7b61f25000 r--s 00005000 08:02 3394358                    /home/ankit/Downloads/android-studio/gradle/gradle-2.14.1/lib/gradle-wrapper-2.14.1.jar
7f7b61f25000-7f7b61f33000 r--s 0004f000 08:02 3394344                    /home/ankit/Downloads/android-studio/gradle/gradle-2.14.1/lib/gradle-tooling-api-2.14.1.jar
7f7b61f33000-7f7b61f35000 r--s 00002000 08:02 3394350                    /home/ankit/Downloads/android-studio/gradle/gradle-2.14.1/lib/gradle-open-api-2.14.1.jar
7f7b61f35000-7f7b61f3b000 r--s 00032000 08:02 3394400                    /home/ankit/Downloads/android-studio/gradle/gradle-2.14.1/lib/jaxen-1.1.jar
7f7b61f3b000-7f7b61f40000 r--s 00048000 08:02 3394380                    /home/ankit/Downloads/android-studio/gradle/gradle-2.14.1/lib/dom4j-1.6.1.jar
7f7b61f40000-7f7b61f4b000 r--s 00059000 08:02 3394373                    /home/ankit/Downloads/android-studio/gradle/gradle-2.14.1/lib/gradle-ui-2.14.1.jar
7f7b61f4b000-7f7b61f4e000 r--s 0000b000 08:02 3394378                    /home/ankit/Downloads/android-studio/gradle/gradle-2.14.1/lib/gradle-resources-2.14.1.jar
7f7b61f4e000-7f7b61f50000 r--s 00003000 08:02 3394402                    /home/ankit/Downloads/android-studio/gradle/gradle-2.14.1/lib/jcl-over-slf4j-1.7.10.jar
7f7b61f50000-7f7b61f51000 r--s 00005000 08:02 3394397                    /home/ankit/Downloads/android-studio/gradle/gradle-2.14.1/lib/log4j-over-slf4j-1.7.10.jar
7f7b61f51000-7f7b61f53000 r--s 00000000 08:02 3394404                    /home/ankit/Downloads/android-studio/gradle/gradle-2.14.1/lib/jul-to-slf4j-1.7.10.jar
7f7b61f53000-7f7b61f58000 r--s 0001c000 08:02 3394356                    /home/ankit/Downloads/android-studio/gradle/gradle-2.14.1/lib/gradle-logging-2.14.1.jar
7f7b61f58000-7f7b61f5a000 r--s 00007000 08:02 3394403                    /home/ankit/Downloads/android-studio/gradle/gradle-2.14.1/lib/objenesis-1.2.jar
7f7b61f5a000-7f7b61f5c000 r--s 00000000 08:02 3394383                    /home/ankit/Downloads/android-studio/gradle/gradle-2.14.1/lib/minlog-1.2.jar
7f7b61f5c000-7f7b61f5e000 r--s 0000f000 08:02 3394389                    /home/ankit/Downloads/android-studio/gradle/gradle-2.14.1/lib/reflectasm-1.07-shaded.jar
7f7b61f5e000-7f7b61f62000 r--s 00026000 08:02 3394395                    /home/ankit/Downloads/android-studio/gradle/gradle-2.14.1/lib/kryo-2.20.jar
7f7b61f62000-7f7b61f68000 r--s 00025000 08:02 3394347                    /home/ankit/Downloads/android-studio/gradle/gradle-2.14.1/lib/gradle-messaging-2.14.1.jar
7f7b61f68000-7f7b61f69000 r--s 00003000 08:02 3394401                    /home/ankit/Downloads/android-studio/gradle/gradle-2.14.1/lib/native-platform-freebsd-amd64-0.10.jar
7f7b61f69000-7f7b61f6a000 r--s 00003000 08:02 3394390                    /home/ankit/Downloads/android-studio/gradle/gradle-2.14.1/lib/native-platform-freebsd-i386-0.10.jar
7f7b61f6a000-7f7b61f6b000 r--s 00005000 08:02 3394385                    /home/ankit/Downloads/android-studio/gradle/gradle-2.14.1/lib/native-platform-windows-i386-0.10.jar
7f7b61f6b000-7f7b61f6c000 r--s 00005000 08:02 3394384                    /home/ankit/Downloads/android-studio/gradle/gradle-2.14.1/lib/native-platform-windows-amd64-0.10.jar
7f7b61f6c000-7f7b61f6d000 r--s 00003000 08:02 3394391                    /home/ankit/Downloads/android-studio/gradle/gradle-2.14.1/lib/native-platform-linux-i386-0.10.jar
7f7b61f6d000-7f7b61f6e000 r--s 00003000 08:02 3394382                    /home/ankit/Downloads/android-studio/gradle/gradle-2.14.1/lib/native-platform-linux-amd64-0.10.jar
7f7b61f6e000-7f7b61f70000 r--s 00008000 08:02 3394399                    /home/ankit/Downloads/android-studio/gradle/gradle-2.14.1/lib/jansi-1.2.1.jar
7f7b61f70000-7f7b61f73000 r--s 0000d000 08:02 3394394                    /home/ankit/Downloads/android-studio/gradle/gradle-2.14.1/lib/native-platform-0.10.jar
7f7b61f73000-7f7b61f77000 r--s 000e4000 08:02 3394393                    /home/ankit/Downloads/android-studio/gradle/gradle-2.14.1/lib/jna-3.2.7.jar
7f7b61f77000-7f7b61f79000 r--s 00009000 08:02 3394375                    /home/ankit/Downloads/android-studio/gradle/gradle-2.14.1/lib/gradle-native-2.14.1.jar
7f7b61f79000-7f7b61f88000 r--s 00080000 08:02 3394371                    /home/ankit/Downloads/android-studio/gradle/gradle-2.14.1/lib/gradle-model-core-2.14.1.jar
7f7b61f88000-7f7b61ff7000 r--s 0063e000 08:02 3394407                    /home/ankit/Downloads/android-studio/gradle/gradle-2.14.1/lib/groovy-all-2.4.4.jar
7f7b61ff7000-7f7b6201f000 r--s 001cf000 08:02 3394387                    /home/ankit/Downloads/android-studio/gradle/gradle-2.14.1/lib/guava-jdk5-17.0.jar
7f7b6201f000-7f7b6203e000 r--s 001d1000 08:02 3394357                    /home/ankit/Downloads/android-studio/gradle/gradle-2.14.1/lib/ant-1.9.6.jar
7f7b6203e000-7f7b62075000 r--s 001bd000 08:02 3394359                    /home/ankit/Downloads/android-studio/gradle/gradle-2.14.1/lib/gradle-core-2.14.1.jar
7f7b62075000-7f7b62076000 ---p 00000000 00:00 0 
7f7b62076000-7f7b62176000 rw-p 00000000 00:00 0 
7f7b62176000-7f7b62179000 ---p 00000000 00:00 0 
7f7b62179000-7f7b62277000 rw-p 00000000 00:00 0 
7f7b62277000-7f7b6227a000 ---p 00000000 00:00 0 
7f7b6227a000-7f7b62378000 rw-p 00000000 00:00 0 
7f7b62378000-7f7b6237b000 ---p 00000000 00:00 0 
7f7b6237b000-7f7b62479000 rw-p 00000000 00:00 0 
7f7b62479000-7f7b6247c000 ---p 00000000 00:00 0 
7f7b6247c000-7f7b6257a000 rw-p 00000000 00:00 0 
7f7b6257a000-7f7b6257d000 ---p 00000000 00:00 0 
7f7b6257d000-7f7b6267b000 rw-p 00000000 00:00 0 
7f7b6267b000-7f7b62d5d000 r--p 00000000 08:02 59247                      /usr/lib/locale/locale-archive
7f7b62d5d000-7f7b62d60000 ---p 00000000 00:00 0 
7f7b62d60000-7f7b62e5e000 rw-p 00000000 00:00 0 
7f7b62e5e000-7f7b62e61000 ---p 00000000 00:00 0 
7f7b62e61000-7f7b62f5f000 rw-p 00000000 00:00 0 
7f7b62f5f000-7f7b62f60000 ---p 00000000 00:00 0 
7f7b62f60000-7f7b64000000 rw-p 00000000 00:00 0 
7f7b64000000-7f7b64047000 rw-p 00000000 00:00 0 
7f7b64047000-7f7b68000000 ---p 00000000 00:00 0 
7f7b68000000-7f7b68130000 rw-p 00000000 00:00 0 
7f7b68130000-7f7b6c000000 ---p 00000000 00:00 0 
7f7b6c000000-7f7b6c026000 rw-p 00000000 00:00 0 
7f7b6c026000-7f7b70000000 ---p 00000000 00:00 0 
7f7b70000000-7f7b70002000 r--s 00005000 08:02 3394376                    /home/ankit/Downloads/android-studio/gradle/gradle-2.14.1/lib/gradle-cli-2.14.1.jar
7f7b70002000-7f7b7000f000 r--s 00083000 08:02 3394379                    /home/ankit/Downloads/android-studio/gradle/gradle-2.14.1/lib/commons-collections-3.2.2.jar
7f7b7000f000-7f7b70030000 rw-p 00000000 00:00 0 
7f7b70030000-7f7b70208000 r--s 03d2a000 08:02 182584                     /usr/lib/jvm/java-8-oracle/jre/lib/rt.jar
7f7b70208000-7f7b73d08000 rw-p 00000000 00:00 0 
7f7b73d08000-7f7b73d09000 ---p 00000000 00:00 0 
7f7b73d09000-7f7b73e09000 rw-p 00000000 00:00 0 
7f7b73e09000-7f7b73e0a000 ---p 00000000 00:00 0 
7f7b73e0a000-7f7b73f0a000 rw-p 00000000 00:00 0 
7f7b73f0a000-7f7b73f0b000 ---p 00000000 00:00 0 
7f7b73f0b000-7f7b7400b000 rw-p 00000000 00:00 0 
7f7b7400b000-7f7b7400c000 ---p 00000000 00:00 0 
7f7b7400c000-7f7b7424b000 rw-p 00000000 00:00 0 
7f7b7424b000-7f7b7430c000 ---p 00000000 00:00 0 
7f7b7430c000-7f7b7444b000 rw-p 00000000 00:00 0 
7f7b7444b000-7f7b7450c000 ---p 00000000 00:00 0 
7f7b7450c000-7f7b7460c000 rw-p 00000000 00:00 0 
7f7b7460c000-7f7b746ce000 rw-p 00000000 00:00 0 
7f7b746ce000-7f7b749cd000 ---p 00000000 00:00 0 
7f7b749cd000-7f7b779dd000 rwxp 00000000 00:00 0 
7f7b779dd000-7f7b839cd000 ---p 00000000 00:00 0 
7f7b839cd000-7f7b839e7000 r-xp 00000000 08:02 199997                     /usr/lib/jvm/java-8-oracle/jre/lib/amd64/libzip.so
7f7b839e7000-7f7b83be7000 ---p 0001a000 08:02 199997                     /usr/lib/jvm/java-8-oracle/jre/lib/amd64/libzip.so
7f7b83be7000-7f7b83be8000 rw-p 0001a000 08:02 199997                     /usr/lib/jvm/java-8-oracle/jre/lib/amd64/libzip.so
7f7b83be8000-7f7b83bf2000 r-xp 00000000 08:02 2621662                    /lib/x86_64-linux-gnu/libnss_files-2.21.so
7f7b83bf2000-7f7b83df2000 ---p 0000a000 08:02 2621662                    /lib/x86_64-linux-gnu/libnss_files-2.21.so
7f7b83df2000-7f7b83df3000 r--p 0000a000 08:02 2621662                    /lib/x86_64-linux-gnu/libnss_files-2.21.so
7f7b83df3000-7f7b83df4000 rw-p 0000b000 08:02 2621662                    /lib/x86_64-linux-gnu/libnss_files-2.21.so
7f7b83df4000-7f7b83dff000 r-xp 00000000 08:02 2623427                    /lib/x86_64-linux-gnu/libnss_nis-2.21.so
7f7b83dff000-7f7b83ffe000 ---p 0000b000 08:02 2623427                    /lib/x86_64-linux-gnu/libnss_nis-2.21.so
7f7b83ffe000-7f7b83fff000 r--p 0000a000 08:02 2623427                    /lib/x86_64-linux-gnu/libnss_nis-2.21.so
7f7b83fff000-7f7b84000000 rw-p 0000b000 08:02 2623427                    /lib/x86_64-linux-gnu/libnss_nis-2.21.so
7f7b84000000-7f7b84c2b000 rw-p 00000000 00:00 0 
7f7b84c2b000-7f7b88000000 ---p 00000000 00:00 0 
7f7b88000000-7f7b88001000 r--s 00002000 08:02 3394381                    /home/ankit/Downloads/android-studio/gradle/gradle-2.14.1/lib/native-platform-osx-amd64-0.10.jar
7f7b88001000-7f7b88098000 rw-p 00000000 00:00 0 
7f7b88098000-7f7b880af000 r-xp 00000000 08:02 2623430                    /lib/x86_64-linux-gnu/libnsl-2.21.so
7f7b880af000-7f7b882ae000 ---p 00017000 08:02 2623430                    /lib/x86_64-linux-gnu/libnsl-2.21.so
7f7b882ae000-7f7b882af000 r--p 00016000 08:02 2623430                    /lib/x86_64-linux-gnu/libnsl-2.21.so
7f7b882af000-7f7b882b0000 rw-p 00017000 08:02 2623430                    /lib/x86_64-linux-gnu/libnsl-2.21.so
7f7b882b0000-7f7b882b2000 rw-p 00000000 00:00 0 
7f7b882b2000-7f7b882ba000 r-xp 00000000 08:02 2622662                    /lib/x86_64-linux-gnu/libnss_compat-2.21.so
7f7b882ba000-7f7b884b9000 ---p 00008000 08:02 2622662                    /lib/x86_64-linux-gnu/libnss_compat-2.21.so
7f7b884b9000-7f7b884ba000 r--p 00007000 08:02 2622662                    /lib/x86_64-linux-gnu/libnss_compat-2.21.so
7f7b884ba000-7f7b884bb000 rw-p 00008000 08:02 2622662                    /lib/x86_64-linux-gnu/libnss_compat-2.21.so
7f7b884bb000-7f7b884e6000 r-xp 00000000 08:02 200024                     /usr/lib/jvm/java-8-oracle/jre/lib/amd64/libjava.so
7f7b884e6000-7f7b886e5000 ---p 0002b000 08:02 200024                     /usr/lib/jvm/java-8-oracle/jre/lib/amd64/libjava.so
7f7b886e5000-7f7b886e7000 rw-p 0002a000 08:02 200024                     /usr/lib/jvm/java-8-oracle/jre/lib/amd64/libjava.so
7f7b886e7000-7f7b886f4000 r-xp 00000000 08:02 199975                     /usr/lib/jvm/java-8-oracle/jre/lib/amd64/libverify.so
7f7b886f4000-7f7b888f3000 ---p 0000d000 08:02 199975                     /usr/lib/jvm/java-8-oracle/jre/lib/amd64/libverify.so
7f7b888f3000-7f7b888f5000 rw-p 0000c000 08:02 199975                     /usr/lib/jvm/java-8-oracle/jre/lib/amd64/libverify.so
7f7b888f5000-7f7b888fc000 r-xp 00000000 08:02 2621663                    /lib/x86_64-linux-gnu/librt-2.21.so
7f7b888fc000-7f7b88afb000 ---p 00007000 08:02 2621663                    /lib/x86_64-linux-gnu/librt-2.21.so
7f7b88afb000-7f7b88afc000 r--p 00006000 08:02 2621663                    /lib/x86_64-linux-gnu/librt-2.21.so
7f7b88afc000-7f7b88afd000 rw-p 00007000 08:02 2621663                    /lib/x86_64-linux-gnu/librt-2.21.so
7f7b88afd000-7f7b88c04000 r-xp 00000000 08:02 2623271                    /lib/x86_64-linux-gnu/libm-2.21.so
7f7b88c04000-7f7b88e03000 ---p 00107000 08:02 2623271                    /lib/x86_64-linux-gnu/libm-2.21.so
7f7b88e03000-7f7b88e04000 r--p 00106000 08:02 2623271                    /lib/x86_64-linux-gnu/libm-2.21.so
7f7b88e04000-7f7b88e05000 rw-p 00107000 08:02 2623271                    /lib/x86_64-linux-gnu/libm-2.21.so
7f7b88e05000-7f7b89ad2000 r-xp 00000000 08:02 200028                     /usr/lib/jvm/java-8-oracle/jre/lib/amd64/server/libjvm.so
7f7b89ad2000-7f7b89cd1000 ---p 00ccd000 08:02 200028                     /usr/lib/jvm/java-8-oracle/jre/lib/amd64/server/libjvm.so
7f7b89cd1000-7f7b89daa000 rw-p 00ccc000 08:02 200028                     /usr/lib/jvm/java-8-oracle/jre/lib/amd64/server/libjvm.so
7f7b89daa000-7f7b89df5000 rw-p 00000000 00:00 0 
7f7b89df5000-7f7b89fb5000 r-xp 00000000 08:02 2623433                    /lib/x86_64-linux-gnu/libc-2.21.so
7f7b89fb5000-7f7b8a1b5000 ---p 001c0000 08:02 2623433                    /lib/x86_64-linux-gnu/libc-2.21.so
7f7b8a1b5000-7f7b8a1b9000 r--p 001c0000 08:02 2623433                    /lib/x86_64-linux-gnu/libc-2.21.so
7f7b8a1b9000-7f7b8a1bb000 rw-p 001c4000 08:02 2623433                    /lib/x86_64-linux-gnu/libc-2.21.so
7f7b8a1bb000-7f7b8a1bf000 rw-p 00000000 00:00 0 
7f7b8a1bf000-7f7b8a1c2000 r-xp 00000000 08:02 2623420                    /lib/x86_64-linux-gnu/libdl-2.21.so
7f7b8a1c2000-7f7b8a3c1000 ---p 00003000 08:02 2623420                    /lib/x86_64-linux-gnu/libdl-2.21.so
7f7b8a3c1000-7f7b8a3c2000 r--p 00002000 08:02 2623420                    /lib/x86_64-linux-gnu/libdl-2.21.so
7f7b8a3c2000-7f7b8a3c3000 rw-p 00003000 08:02 2623420                    /lib/x86_64-linux-gnu/libdl-2.21.so
7f7b8a3c3000-7f7b8a3d8000 r-xp 00000000 08:02 158504                     /usr/lib/jvm/java-8-oracle/lib/amd64/jli/libjli.so
7f7b8a3d8000-7f7b8a5d8000 ---p 00015000 08:02 158504                     /usr/lib/jvm/java-8-oracle/lib/amd64/jli/libjli.so
7f7b8a5d8000-7f7b8a5d9000 rw-p 00015000 08:02 158504                     /usr/lib/jvm/java-8-oracle/lib/amd64/jli/libjli.so
7f7b8a5d9000-7f7b8a5f1000 r-xp 00000000 08:02 2623413                    /lib/x86_64-linux-gnu/libpthread-2.21.so
7f7b8a5f1000-7f7b8a7f1000 ---p 00018000 08:02 2623413                    /lib/x86_64-linux-gnu/libpthread-2.21.so
7f7b8a7f1000-7f7b8a7f2000 r--p 00018000 08:02 2623413                    /lib/x86_64-linux-gnu/libpthread-2.21.so
7f7b8a7f2000-7f7b8a7f3000 rw-p 00019000 08:02 2623413                    /lib/x86_64-linux-gnu/libpthread-2.21.so
7f7b8a7f3000-7f7b8a7f7000 rw-p 00000000 00:00 0 
7f7b8a7f7000-7f7b8a81b000 r-xp 00000000 08:02 2623431                    /lib/x86_64-linux-gnu/ld-2.21.so
7f7b8a81b000-7f7b8a81c000 r--s 00002000 08:02 3394398                    /home/ankit/Downloads/android-studio/gradle/gradle-2.14.1/lib/native-platform-osx-i386-0.10.jar
7f7b8a81c000-7f7b8a81e000 r--s 00007000 08:02 3394353                    /home/ankit/Downloads/android-studio/gradle/gradle-2.14.1/lib/gradle-model-groovy-2.14.1.jar
7f7b8a81e000-7f7b8a81f000 r--s 00006000 08:02 3394370                    /home/ankit/Downloads/android-studio/gradle/gradle-2.14.1/lib/gradle-base-services-groovy-2.14.1.jar
7f7b8a81f000-7f7b8a820000 r--s 00002000 08:02 3394360                    /home/ankit/Downloads/android-studio/gradle/gradle-2.14.1/lib/gradle-docs-2.14.1.jar
7f7b8a820000-7f7b8a821000 r--s 00000000 08:02 3394406                    /home/ankit/Downloads/android-studio/gradle/gradle-2.14.1/lib/javax.inject-1.jar
7f7b8a821000-7f7b8a822000 r--s 00000000 08:02 3394388                    /home/ankit/Downloads/android-studio/gradle/gradle-2.14.1/lib/jcip-annotations-1.0.jar
7f7b8a822000-7f7b8a826000 r--s 00027000 08:02 3394396                    /home/ankit/Downloads/android-studio/gradle/gradle-2.14.1/lib/commons-io-2.2.jar
7f7b8a826000-7f7b8a82b000 r--s 00038000 08:02 3394363                    /home/ankit/Downloads/android-studio/gradle/gradle-2.14.1/lib/asm-all-5.1.jar
7f7b8a82b000-7f7b8a82c000 r--s 00001000 08:02 3394374                    /home/ankit/Downloads/android-studio/gradle/gradle-2.14.1/lib/gradle-process-services-2.14.1.jar
7f7b8a82c000-7f7b8a82d000 r--s 00000000 08:02 3394345                    /home/ankit/Downloads/android-studio/gradle/gradle-2.14.1/lib/gradle-jvm-services-2.14.1.jar
7f7b8a82d000-7f7b8a832000 r--s 00041000 08:02 3394392                    /home/ankit/Downloads/android-studio/gradle/gradle-2.14.1/lib/commons-lang-2.6.jar
7f7b8a832000-7f7b8a8f4000 rw-p 00000000 00:00 0 
7f7b8a8f4000-7f7b8a8f7000 ---p 00000000 00:00 0 
7f7b8a8f7000-7f7b8a9f9000 rw-p 00000000 00:00 0 
7f7b8a9f9000-7f7b8a9fa000 r--s 00007000 08:02 3394386                    /home/ankit/Downloads/android-studio/gradle/gradle-2.14.1/lib/slf4j-api-1.7.10.jar
7f7b8a9fa000-7f7b8a9fb000 r--s 00004000 08:02 3394372                    /home/ankit/Downloads/android-studio/gradle/gradle-2.14.1/lib/ant-launcher-1.9.6.jar
7f7b8a9fb000-7f7b8aa03000 r--s 0003a000 08:02 3394364                    /home/ankit/Downloads/android-studio/gradle/gradle-2.14.1/lib/gradle-base-services-2.14.1.jar
7f7b8aa03000-7f7b8aa0e000 r--s 00051000 08:02 3394361                    /home/ankit/Downloads/android-studio/gradle/gradle-2.14.1/lib/gradle-launcher-2.14.1.jar
7f7b8aa0e000-7f7b8aa16000 rw-s 00000000 08:02 5033307                    /tmp/hsperfdata_ankit/19375
7f7b8aa16000-7f7b8aa17000 rw-p 00000000 00:00 0 
7f7b8aa17000-7f7b8aa18000 ---p 00000000 00:00 0 
7f7b8aa18000-7f7b8aa1a000 rw-p 00000000 00:00 0 
7f7b8aa1a000-7f7b8aa1b000 r--p 00023000 08:02 2623431                    /lib/x86_64-linux-gnu/ld-2.21.so
7f7b8aa1b000-7f7b8aa1c000 rw-p 00024000 08:02 2623431                    /lib/x86_64-linux-gnu/ld-2.21.so
7f7b8aa1c000-7f7b8aa1d000 rw-p 00000000 00:00 0 
7ffe4c1dd000-7ffe4c1fe000 rw-p 00000000 00:00 0                          [stack]
7ffe4c3a5000-7ffe4c3a7000 r--p 00000000 00:00 0                          [vvar]
7ffe4c3a7000-7ffe4c3a9000 r-xp 00000000 00:00 0                          [vdso]
ffffffffff600000-ffffffffff601000 r-xp 00000000 00:00 0                  [vsyscall]

VM Arguments:
jvm_args: -Xmx1536m -Dfile.encoding=UTF-8 -Duser.country=IN -Duser.language=en -Duser.variant 
java_command: org.gradle.launcher.daemon.bootstrap.GradleDaemon 2.14.1
java_class_path (initial): /home/ankit/Downloads/android-studio/gradle/gradle-2.14.1/lib/gradle-launcher-2.14.1.jar
Launcher Type: SUN_STANDARD

Environment Variables:
JAVA_HOME=/usr/lib/jvm/java-8-oracle
PATH=/usr/local/sbin:/usr/local/bin:/usr/sbin:/usr/bin:/sbin:/bin:/usr/games:/usr/local/games:/usr/lib/jvm/java-8-oracle/bin:/usr/lib/jvm/java-8-oracle/db/bin:/usr/lib/jvm/java-8-oracle/jre/bin
LD_LIBRARY_PATH=Downloads/android-studio/bin:
SHELL=/bin/bash
DISPLAY=:0

Signal Handlers:
SIGSEGV: [libjvm.so+0xac64b0], sa_mask[0]=11111111011111111101111111111110, sa_flags=SA_RESTART|SA_SIGINFO
SIGBUS: [libjvm.so+0xac64b0], sa_mask[0]=11111111011111111101111111111110, sa_flags=SA_RESTART|SA_SIGINFO
SIGFPE: [libjvm.so+0x91f950], sa_mask[0]=11111111011111111101111111111110, sa_flags=SA_RESTART|SA_SIGINFO
SIGPIPE: [libjvm.so+0x91f950], sa_mask[0]=11111111011111111101111111111110, sa_flags=SA_RESTART|SA_SIGINFO
SIGXFSZ: [libjvm.so+0x91f950], sa_mask[0]=11111111011111111101111111111110, sa_flags=SA_RESTART|SA_SIGINFO
SIGILL: [libjvm.so+0x91f950], sa_mask[0]=11111111011111111101111111111110, sa_flags=SA_RESTART|SA_SIGINFO
SIGUSR1: SIG_DFL, sa_mask[0]=00000000000000000000000000000000, sa_flags=none
SIGUSR2: [libjvm.so+0x920f80], sa_mask[0]=00100000000000000000000000000000, sa_flags=SA_RESTART|SA_SIGINFO
SIGHUP: [libjvm.so+0x922380], sa_mask[0]=11111111011111111101111111111110, sa_flags=SA_RESTART|SA_SIGINFO
SIGINT: [libjvm.so+0x922380], sa_mask[0]=11111111011111111101111111111110, sa_flags=SA_RESTART|SA_SIGINFO
SIGTERM: [libjvm.so+0x922380], sa_mask[0]=11111111011111111101111111111110, sa_flags=SA_RESTART|SA_SIGINFO
SIGQUIT: [libjvm.so+0x922380], sa_mask[0]=11111111011111111101111111111110, sa_flags=SA_RESTART|SA_SIGINFO


---------------  S Y S T E M  ---------------

OS:DISTRIB_ID=Ubuntu
DISTRIB_RELEASE=15.10
DISTRIB_CODENAME=wily
DISTRIB_DESCRIPTION="Ubuntu 15.10"

uname:Linux 4.2.0-42-generic #49-Ubuntu SMP Tue Jun 28 21:26:26 UTC 2016 x86_64
libc:glibc 2.21 NPTL 2.21 
rlimit: STACK 8192k, CORE 0k, NPROC 31537, NOFILE 65536, AS infinity
load average:4.15 1.73 1.07

/proc/meminfo:
MemTotal:        8110256 kB
MemFree:          159376 kB
MemAvailable:     166960 kB
Buffers:           21436 kB
Cached:           919052 kB
SwapCached:            0 kB
Active:          6864132 kB
Inactive:         839592 kB
Active(anon):    6800408 kB
Inactive(anon):   777564 kB
Active(file):      63724 kB
Inactive(file):    62028 kB
Unevictable:         128 kB
Mlocked:             128 kB
SwapTotal:             0 kB
SwapFree:              0 kB
Dirty:               220 kB
Writeback:             0 kB
AnonPages:       6763404 kB
Mapped:           618832 kB
Shmem:            814696 kB
Slab:             109456 kB
SReclaimable:      58360 kB
SUnreclaim:        51096 kB
KernelStack:       13312 kB
PageTables:        72348 kB
NFS_Unstable:          0 kB
Bounce:                0 kB
WritebackTmp:          0 kB
CommitLimit:     4055128 kB
Committed_AS:   15405944 kB
VmallocTotal:   34359738367 kB
VmallocUsed:      551896 kB
VmallocChunk:   34358423548 kB
HardwareCorrupted:     0 kB
AnonHugePages:   3026944 kB
CmaTotal:              0 kB
CmaFree:               0 kB
HugePages_Total:       0
HugePages_Free:        0
HugePages_Rsvd:        0
HugePages_Surp:        0
Hugepagesize:       2048 kB
DirectMap4k:      242368 kB
DirectMap2M:     7032832 kB
DirectMap1G:     2097152 kB


CPU:total 4 (2 cores per cpu, 2 threads per core) family 6 model 69 stepping 1, cmov, cx8, fxsr, mmx, sse, sse2, sse3, ssse3, sse4.1, sse4.2, popcnt, avx, avx2, aes, clmul, erms, lzcnt, ht, tsc, tscinvbit, bmi1, bmi2

/proc/cpuinfo:
processor	: 0
vendor_id	: GenuineIntel
cpu family	: 6
model		: 69
model name	: Intel(R) Core(TM) i3-4005U CPU @ 1.70GHz
stepping	: 1
microcode	: 0x1c
cpu MHz		: 800.593
cache size	: 3072 KB
physical id	: 0
siblings	: 4
core id		: 0
cpu cores	: 2
apicid		: 0
initial apicid	: 0
fpu		: yes
fpu_exception	: yes
cpuid level	: 13
wp		: yes
flags		: fpu vme de pse tsc msr pae mce cx8 apic sep mtrr pge mca cmov pat pse36 clflush dts acpi mmx fxsr sse sse2 ss ht tm pbe syscall nx pdpe1gb rdtscp lm constant_tsc arch_perfmon pebs bts rep_good nopl xtopology nonstop_tsc aperfmperf eagerfpu pni pclmulqdq dtes64 monitor ds_cpl vmx est tm2 ssse3 fma cx16 xtpr pdcm pcid sse4_1 sse4_2 movbe popcnt tsc_deadline_timer aes xsave avx f16c rdrand lahf_lm abm ida arat epb pln pts dtherm tpr_shadow vnmi flexpriority ept vpid fsgsbase tsc_adjust bmi1 avx2 smep bmi2 erms invpcid xsaveopt
bugs		:
bogomips	: 3392.32
clflush size	: 64
cache_alignment	: 64
address sizes	: 39 bits physical, 48 bits virtual
power management:

processor	: 1
vendor_id	: GenuineIntel
cpu family	: 6
model		: 69
model name	: Intel(R) Core(TM) i3-4005U CPU @ 1.70GHz
stepping	: 1
microcode	: 0x1c
cpu MHz		: 900.003
cache size	: 3072 KB
physical id	: 0
siblings	: 4
core id		: 0
cpu cores	: 2
apicid		: 1
initial apicid	: 1
fpu		: yes
fpu_exception	: yes
cpuid level	: 13
wp		: yes
flags		: fpu vme de pse tsc msr pae mce cx8 apic sep mtrr pge mca cmov pat pse36 clflush dts acpi mmx fxsr sse sse2 ss ht tm pbe syscall nx pdpe1gb rdtscp lm constant_tsc arch_perfmon pebs bts rep_good nopl xtopology nonstop_tsc aperfmperf eagerfpu pni pclmulqdq dtes64 monitor ds_cpl vmx est tm2 ssse3 fma cx16 xtpr pdcm pcid sse4_1 sse4_2 movbe popcnt tsc_deadline_timer aes xsave avx f16c rdrand lahf_lm abm ida arat epb pln pts dtherm tpr_shadow vnmi flexpriority ept vpid fsgsbase tsc_adjust bmi1 avx2 smep bmi2 erms invpcid xsaveopt
bugs		:
bogomips	: 3392.32
clflush size	: 64
cache_alignment	: 64
address sizes	: 39 bits physical, 48 bits virtual
power management:

processor	: 2
vendor_id	: GenuineIntel
cpu family	: 6
model		: 69
model name	: Intel(R) Core(TM) i3-4005U CPU @ 1.70GHz
stepping	: 1
microcode	: 0x1c
cpu MHz		: 1110.511
cache size	: 3072 KB
physical id	: 0
siblings	: 4
core id		: 1
cpu cores	: 2
apicid		: 2
initial apicid	: 2
fpu		: yes
fpu_exception	: yes
cpuid level	: 13
wp		: yes
flags		: fpu vme de pse tsc msr pae mce cx8 apic sep mtrr pge mca cmov pat pse36 clflush dts acpi mmx fxsr sse sse2 ss ht tm pbe syscall nx pdpe1gb rdtscp lm constant_tsc arch_perfmon pebs bts rep_good nopl xtopology nonstop_tsc aperfmperf eagerfpu pni pclmulqdq dtes64 monitor ds_cpl vmx est tm2 ssse3 fma cx16 xtpr pdcm pcid sse4_1 sse4_2 movbe popcnt tsc_deadline_timer aes xsave avx f16c rdrand lahf_lm abm ida arat epb pln pts dtherm tpr_shadow vnmi flexpriority ept vpid fsgsbase tsc_adjust bmi1 avx2 smep bmi2 erms invpcid xsaveopt
bugs		:
bogomips	: 3392.32
clflush size	: 64
cache_alignment	: 64
address sizes	: 39 bits physical, 48 bits virtual
power management:

processor	: 3
vendor_id	: GenuineIntel
cpu family	: 6
model		: 69
model name	: Intel(R) Core(TM) i3-4005U CPU @ 1.70GHz
stepping	: 1
microcode	: 0x1c
cpu MHz		: 1388.554
cache size	: 3072 KB
physical id	: 0
siblings	: 4
core id		: 1
cpu cores	: 2
apicid		: 3
initial apicid	: 3
fpu		: yes
fpu_exception	: yes
cpuid level	: 13
wp		: yes
flags		: fpu vme de pse tsc msr pae mce cx8 apic sep mtrr pge mca cmov pat pse36 clflush dts acpi mmx fxsr sse sse2 ss ht tm pbe syscall nx pdpe1gb rdtscp lm constant_tsc arch_perfmon pebs bts rep_good nopl xtopology nonstop_tsc aperfmperf eagerfpu pni pclmulqdq dtes64 monitor ds_cpl vmx est tm2 ssse3 fma cx16 xtpr pdcm pcid sse4_1 sse4_2 movbe popcnt tsc_deadline_timer aes xsave avx f16c rdrand lahf_lm abm ida arat epb pln pts dtherm tpr_shadow vnmi flexpriority ept vpid fsgsbase tsc_adjust bmi1 avx2 smep bmi2 erms invpcid xsaveopt
bugs		:
bogomips	: 3392.32
clflush size	: 64
cache_alignment	: 64
address sizes	: 39 bits physical, 48 bits virtual
power management:



Memory: 4k page, physical 8110256k(159360k free), swap 0k(0k free)

vm_info: Java HotSpot(TM) 64-Bit Server VM (25.111-b14) for linux-amd64 JRE (1.8.0_111-b14), built on Sep 22 2016 16:14:03 by "java_re" with gcc 4.3.0 20080428 (Red Hat 4.3.0-8)

time: Tue Dec 20 19:37:37 2016
elapsed time: 2497 seconds (0d 0h 41m 37s)

