#
# There is insufficient memory for the Java Runtime Environment to continue.
# Native memory allocation (mmap) failed to map 157810688 bytes for committing reserved memory.
# Possible reasons:
#   The system is out of physical RAM or swap space
#   In 32 bit mode, the process size limit was hit
# Possible solutions:
#   Reduce memory load on the system
#   Increase physical memory or swap space
#   Check if swap backing store is full
#   Use 64 bit Java on a 64 bit OS
#   Decrease Java heap size (-Xmx/-Xms)
#   Decrease number of Java threads
#   Decrease Java thread stack sizes (-Xss)
#   Set larger code cache with -XX:ReservedCodeCacheSize=
# This output file may be truncated or incomplete.
#
#  Out of Memory Error (os_linux.cpp:2627), pid=24976, tid=0x00007f5b268f0700
#
# JRE version: Java(TM) SE Runtime Environment (8.0_111-b14) (build 1.8.0_111-b14)
# Java VM: Java HotSpot(TM) 64-Bit Server VM (25.111-b14 mixed mode linux-amd64 compressed oops)
# Failed to write core dump. Core dumps have been disabled. To enable core dumping, try "ulimit -c unlimited" before starting Java again
#

---------------  T H R E A D  ---------------

Current thread (0x00007f5b40078000):  VMThread [stack: 0x00007f5b267f0000,0x00007f5b268f1000] [id=24986]

Stack: [0x00007f5b267f0000,0x00007f5b268f1000],  sp=0x00007f5b268ef1a0,  free space=1020k
Native frames: (J=compiled Java code, j=interpreted, Vv=VM code, C=native code)
V  [libjvm.so+0xac5c2a]  VMError::report_and_die()+0x2ba
V  [libjvm.so+0x4fc50b]  report_vm_out_of_memory(char const*, int, unsigned long, VMErrorType, char const*)+0x8b
V  [libjvm.so+0x922ae3]  os::Linux::commit_memory_impl(char*, unsigned long, bool)+0x103
V  [libjvm.so+0x923039]  os::pd_commit_memory(char*, unsigned long, unsigned long, bool)+0x29
V  [libjvm.so+0x91d33a]  os::commit_memory(char*, unsigned long, unsigned long, bool)+0x2a
V  [libjvm.so+0x991ac3]  PSVirtualSpace::expand_by(unsigned long)+0x53
V  [libjvm.so+0x982380]  PSOldGen::expand(unsigned long)+0x170
V  [libjvm.so+0x98258b]  PSOldGen::resize(unsigned long)+0x1cb
V  [libjvm.so+0x98a291]  PSParallelCompact::invoke_no_policy(bool)+0x991
V  [libjvm.so+0x98fbed]  PSScavenge::invoke()+0x1ad
V  [libjvm.so+0x9467d0]  ParallelScavengeHeap::failed_mem_allocate(unsigned long)+0x70
V  [libjvm.so+0xac7647]  VM_ParallelGCFailedAllocation::doit()+0x97
V  [libjvm.so+0xacf125]  VM_Operation::evaluate()+0x55
V  [libjvm.so+0xacd4fa]  VMThread::evaluate_operation(VM_Operation*)+0xba
V  [libjvm.so+0xacd87e]  VMThread::loop()+0x1ce
V  [libjvm.so+0xacdcf0]  VMThread::run()+0x70
V  [libjvm.so+0x924ea8]  java_start(Thread*)+0x108

VM_Operation (0x00007f5b15229fb0): ParallelGCFailedAllocation, mode: safepoint, requested by thread 0x00007f5adc9b2800


---------------  P R O C E S S  ---------------

Java Threads: ( => current thread )
  0x00007f5aa80a7000 JavaThread "pool-11-thread-1" [_thread_blocked, id=26141, stack(0x00007f5b1502b000,0x00007f5b1512c000)]
  0x00007f5aa805c000 JavaThread "pool-12-thread-4" [_thread_blocked, id=26133, stack(0x00007f5aae8ea000,0x00007f5aae9eb000)]
  0x00007f5aa805b000 JavaThread "pool-12-thread-3" [_thread_blocked, id=26132, stack(0x00007f5aafbfc000,0x00007f5aafcfd000)]
  0x00007f5aa805a000 JavaThread "pool-12-thread-2" [_thread_blocked, id=26131, stack(0x00007f5b148b2000,0x00007f5b149b3000)]
  0x00007f5aa8059000 JavaThread "pool-13-thread-1" [_thread_blocked, id=26130, stack(0x00007f5b14576000,0x00007f5b14677000)]
  0x00007f5aa8055000 JavaThread "pool-12-thread-1" [_thread_blocked, id=26129, stack(0x00007f5aaf6f7000,0x00007f5aaf7f8000)]
  0x00007f5adc9b2800 JavaThread "pool-10-thread-1" [_thread_blocked, id=26128, stack(0x00007f5b1512c000,0x00007f5b1522d000)]
  0x00007f5adccb6000 JavaThread "pool-9-thread-4" [_thread_blocked, id=26108, stack(0x00007f5aafeff000,0x00007f5ab0000000)]
  0x00007f5adccb5000 JavaThread "pool-9-thread-3" [_thread_blocked, id=26107, stack(0x00007f5b149ec000,0x00007f5b14aed000)]
  0x00007f5adccb4000 JavaThread "pool-9-thread-2" [_thread_blocked, id=26106, stack(0x00007f5b1563d000,0x00007f5b1573e000)]
  0x00007f5adccb3000 JavaThread "pool-9-thread-1" [_thread_blocked, id=26105, stack(0x00007f5b179fa000,0x00007f5b17afb000)]
  0x00007f5abc002000 JavaThread "process reaper" daemon [_thread_blocked, id=26101, stack(0x00007f5aad930000,0x00007f5aad969000)]
  0x00007f5adc2f7800 JavaThread "Asynchronous log dispatcher for org.gradle.launcher.daemon.server.DefaultDaemonConnection@167e4ed0" [_thread_blocked, id=26091, stack(0x00007f5b17afb000,0x00007f5b17bfc000)]
  0x00007f5ae0005800 JavaThread "Cancel handler" [_thread_blocked, id=26090, stack(0x00007f5b17cfd000,0x00007f5b17dfe000)]
  0x00007f5ae000d800 JavaThread "Handler for socket connection from /127.0.0.1:34852 to /127.0.0.1:54870" [_thread_in_native, id=26089, stack(0x00007f5b17dfe000,0x00007f5b17eff000)]
  0x00007f5adc459000 JavaThread "File lock request listener" [_thread_in_native, id=25035, stack(0x00007f5b16cc0000,0x00007f5b16dc1000)]
  0x00007f5ae0008000 JavaThread "Daemon worker" [_thread_blocked, id=25020, stack(0x00007f5b17bfc000,0x00007f5b17cfd000)]
  0x00007f5aec015800 JavaThread "Daemon" [_thread_blocked, id=25017, stack(0x00007f5b17eff000,0x00007f5b18000000)]
  0x00007f5b40ae1800 JavaThread "Incoming local TCP Connector on port 34852" [_thread_in_native, id=25015, stack(0x00007f5b242aa000,0x00007f5b243ab000)]
  0x00007f5b40acf800 JavaThread "pool-1-thread-1" [_thread_blocked, id=25014, stack(0x00007f5b243ab000,0x00007f5b244ac000)]
  0x00007f5b400d3000 JavaThread "Service Thread" daemon [_thread_blocked, id=25004, stack(0x00007f5b25a07000,0x00007f5b25b08000)]
  0x00007f5b400bd800 JavaThread "C1 CompilerThread2" daemon [_thread_blocked, id=24999, stack(0x00007f5b25b08000,0x00007f5b25c09000)]
  0x00007f5b400bb800 JavaThread "C2 CompilerThread1" daemon [_thread_blocked, id=24998, stack(0x00007f5b25c09000,0x00007f5b25d0a000)]
  0x00007f5b400b9000 JavaThread "C2 CompilerThread0" daemon [_thread_blocked, id=24997, stack(0x00007f5b25d0a000,0x00007f5b25e0b000)]
  0x00007f5b400b7800 JavaThread "Signal Dispatcher" daemon [_thread_blocked, id=24996, stack(0x00007f5b25e0b000,0x00007f5b25f0c000)]
  0x00007f5b40084800 JavaThread "Finalizer" daemon [_thread_blocked, id=24988, stack(0x00007f5b265ee000,0x00007f5b266ef000)]
  0x00007f5b4007f800 JavaThread "Reference Handler" daemon [_thread_blocked, id=24987, stack(0x00007f5b266ef000,0x00007f5b267f0000)]
  0x00007f5b4000a000 JavaThread "main" [_thread_blocked, id=24981, stack(0x00007f5b461e2000,0x00007f5b462e3000)]

Other Threads:
=>0x00007f5b40078000 VMThread [stack: 0x00007f5b267f0000,0x00007f5b268f1000] [id=24986]
  0x00007f5b400d5800 WatcherThread [stack: 0x00007f5b25906000,0x00007f5b25a07000] [id=25005]

VM state:at safepoint (normal execution)

VM Mutex/Monitor currently owned by a thread:  ([mutex/lock_event])
[0x00007f5b40005bb0] ExpandHeap_lock - owner thread: 0x00007f5b40078000
[0x00007f5b40006230] Threads_lock - owner thread: 0x00007f5b40078000
[0x00007f5b40006730] Heap_lock - owner thread: 0x00007f5adc9b2800

Heap:
 PSYoungGen      total 349696K, used 0K [0x00000000e0000000, 0x0000000100000000, 0x0000000100000000)
  eden space 175104K, 0% used [0x00000000e0000000,0x00000000e0000000,0x00000000eab00000)
  from space 174592K, 0% used [0x00000000f5580000,0x00000000f5580000,0x0000000100000000)
  to   space 174592K, 0% used [0x00000000eab00000,0x00000000eab00000,0x00000000f5580000)
 ParOldGen       total 894464K, used 826438K [0x00000000a0000000, 0x00000000d6980000, 0x00000000e0000000)
  object space 894464K, 92% used [0x00000000a0000000,0x00000000d2711970,0x00000000d6980000)
 Metaspace       used 66852K, capacity 68566K, committed 68608K, reserved 1110016K
  class space    used 8545K, capacity 8923K, committed 8960K, reserved 1048576K

Card table byte_map: [0x00007f5b2faaf000,0x00007f5b2fdb0000] byte_map_base: 0x00007f5b2f5af000

Marking Bits: (ParMarkBitMap*) 0x00007f5b456b6220
 Begin Bits: [0x00007f5b2c5ac000, 0x00007f5b2ddac000)
 End Bits:   [0x00007f5b2ddac000, 0x00007f5b2f5ac000)

Polling page: 0x00007f5b46305000

CodeCache: size=245760Kb used=47553Kb max_used=47553Kb free=198206Kb
 bounds [0x00007f5b30170000, 0x00007f5b33080000, 0x00007f5b3f170000]
 total_blobs=13909 nmethods=13163 adapters=657
 compilation: enabled

Compilation events (10 events):
Event: 231.304 Thread 0x00007f5b400bd800 17334       2       com.android.dx.dex.file.ClassDataItem::isEmpty (46 bytes)
Event: 231.305 Thread 0x00007f5b400bd800 nmethod 17334 0x00007f5b30bc9090 code [0x00007f5b30bc9200, 0x00007f5b30bc9410]
Event: 231.305 Thread 0x00007f5b400bd800 17335       2       com.android.dx.dex.file.AnnotationsDirectoryItem::isEmpty (34 bytes)
Event: 231.306 Thread 0x00007f5b400bd800 nmethod 17335 0x00007f5b30bc8d10 code [0x00007f5b30bc8e60, 0x00007f5b30bc8ff0]
Event: 231.306 Thread 0x00007f5b400bd800 17337       2       com.android.dx.dex.file.ClassDataItem::getStaticValuesConstant (30 bytes)
Event: 231.306 Thread 0x00007f5b400bd800 nmethod 17337 0x00007f5b3277c850 code [0x00007f5b3277c9c0, 0x00007f5b3277cb88]
Event: 231.306 Thread 0x00007f5b400bd800 17333       2       com.android.dx.dex.file.ClassDefItem::addContents (201 bytes)
Event: 231.311 Thread 0x00007f5b400bd800 nmethod 17333 0x00007f5b32f71850 code [0x00007f5b32f71a80, 0x00007f5b32f72328]
Event: 231.311 Thread 0x00007f5b400bd800 17336       2       com.android.dx.dex.file.AnnotationsDirectoryItem::isInternable (34 bytes)
Event: 231.311 Thread 0x00007f5b400bd800 nmethod 17336 0x00007f5b3277c4d0 code [0x00007f5b3277c620, 0x00007f5b3277c7b0]

GC Heap History (10 events):
Event: 227.375 GC heap after
Heap after GC invocations=68 (full 10):
 PSYoungGen      total 336896K, used 78998K [0x00000000e0000000, 0x00000000fea80000, 0x0000000100000000)
  eden space 190976K, 0% used [0x00000000e0000000,0x00000000e0000000,0x00000000eba80000)
  from space 145920K, 54% used [0x00000000f5c00000,0x00000000fa925a80,0x00000000fea80000)
  to   space 155648K, 0% used [0x00000000eba80000,0x00000000eba80000,0x00000000f5280000)
 ParOldGen       total 894464K, used 777226K [0x00000000a0000000, 0x00000000d6980000, 0x00000000e0000000)
  object space 894464K, 86% used [0x00000000a0000000,0x00000000cf702938,0x00000000d6980000)
 Metaspace       used 66831K, capacity 68566K, committed 68608K, reserved 1110016K
  class space    used 8543K, capacity 8923K, committed 8960K, reserved 1048576K
}
Event: 228.162 GC heap before
{Heap before GC invocations=69 (full 10):
 PSYoungGen      total 336896K, used 269974K [0x00000000e0000000, 0x00000000fea80000, 0x0000000100000000)
  eden space 190976K, 100% used [0x00000000e0000000,0x00000000eba80000,0x00000000eba80000)
  from space 145920K, 54% used [0x00000000f5c00000,0x00000000fa925a80,0x00000000fea80000)
  to   space 155648K, 0% used [0x00000000eba80000,0x00000000eba80000,0x00000000f5280000)
 ParOldGen       total 894464K, used 777226K [0x00000000a0000000, 0x00000000d6980000, 0x00000000e0000000)
  object space 894464K, 86% used [0x00000000a0000000,0x00000000cf702938,0x00000000d6980000)
 Metaspace       used 66832K, capacity 68566K, committed 68608K, reserved 1110016K
  class space    used 8544K, capacity 8923K, committed 8960K, reserved 1048576K
Event: 228.411 GC heap after
Heap after GC invocations=69 (full 10):
 PSYoungGen      total 346624K, used 106736K [0x00000000e0000000, 0x0000000100000000, 0x0000000100000000)
  eden space 190976K, 0% used [0x00000000e0000000,0x00000000e0000000,0x00000000eba80000)
  from space 155648K, 68% used [0x00000000eba80000,0x00000000f22bc0d0,0x00000000f5280000)
  to   space 158720K, 0% used [0x00000000f6500000,0x00000000f6500000,0x0000000100000000)
 ParOldGen       total 894464K, used 777226K [0x00000000a0000000, 0x00000000d6980000, 0x00000000e0000000)
  object space 894464K, 86% used [0x00000000a0000000,0x00000000cf702938,0x00000000d6980000)
 Metaspace       used 66832K, capacity 68566K, committed 68608K, reserved 1110016K
  class space    used 8544K, capacity 8923K, committed 8960K, reserved 1048576K
}
Event: 229.159 GC heap before
{Heap before GC invocations=70 (full 10):
 PSYoungGen      total 346624K, used 297712K [0x00000000e0000000, 0x0000000100000000, 0x0000000100000000)
  eden space 190976K, 100% used [0x00000000e0000000,0x00000000eba80000,0x00000000eba80000)
  from space 155648K, 68% used [0x00000000eba80000,0x00000000f22bc0d0,0x00000000f5280000)
  to   space 158720K, 0% used [0x00000000f6500000,0x00000000f6500000,0x0000000100000000)
 ParOldGen       total 894464K, used 777226K [0x00000000a0000000, 0x00000000d6980000, 0x00000000e0000000)
  object space 894464K, 86% used [0x00000000a0000000,0x00000000cf702938,0x00000000d6980000)
 Metaspace       used 66832K, capacity 68566K, committed 68608K, reserved 1110016K
  class space    used 8544K, capacity 8923K, committed 8960K, reserved 1048576K
Event: 229.419 GC heap after
Heap after GC invocations=70 (full 10):
 PSYoungGen      total 340992K, used 135110K [0x00000000e0000000, 0x0000000100000000, 0x0000000100000000)
  eden space 182272K, 0% used [0x00000000e0000000,0x00000000e0000000,0x00000000eb200000)
  from space 158720K, 85% used [0x00000000f6500000,0x00000000fe8f1910,0x0000000100000000)
  to   space 171008K, 0% used [0x00000000eb200000,0x00000000eb200000,0x00000000f5900000)
 ParOldGen       total 894464K, used 777226K [0x00000000a0000000, 0x00000000d6980000, 0x00000000e0000000)
  object space 894464K, 86% used [0x00000000a0000000,0x00000000cf702938,0x00000000d6980000)
 Metaspace       used 66832K, capacity 68566K, committed 68608K, reserved 1110016K
  class space    used 8544K, capacity 8923K, committed 8960K, reserved 1048576K
}
Event: 230.154 GC heap before
{Heap before GC invocations=71 (full 10):
 PSYoungGen      total 340992K, used 317382K [0x00000000e0000000, 0x0000000100000000, 0x0000000100000000)
  eden space 182272K, 100% used [0x00000000e0000000,0x00000000eb200000,0x00000000eb200000)
  from space 158720K, 85% used [0x00000000f6500000,0x00000000fe8f1910,0x0000000100000000)
  to   space 171008K, 0% used [0x00000000eb200000,0x00000000eb200000,0x00000000f5900000)
 ParOldGen       total 894464K, used 777226K [0x00000000a0000000, 0x00000000d6980000, 0x00000000e0000000)
  object space 894464K, 86% used [0x00000000a0000000,0x00000000cf702938,0x00000000d6980000)
 Metaspace       used 66832K, capacity 68566K, committed 68608K, reserved 1110016K
  class space    used 8544K, capacity 8923K, committed 8960K, reserved 1048576K
Event: 230.498 GC heap after
Heap after GC invocations=71 (full 10):
 PSYoungGen      total 343040K, used 160749K [0x00000000e0000000, 0x0000000100000000, 0x0000000100000000)
  eden space 182272K, 0% used [0x00000000e0000000,0x00000000e0000000,0x00000000eb200000)
  from space 160768K, 99% used [0x00000000eb200000,0x00000000f4efb7d8,0x00000000f4f00000)
  to   space 174592K, 0% used [0x00000000f5580000,0x00000000f5580000,0x0000000100000000)
 ParOldGen       total 894464K, used 777226K [0x00000000a0000000, 0x00000000d6980000, 0x00000000e0000000)
  object space 894464K, 86% used [0x00000000a0000000,0x00000000cf702938,0x00000000d6980000)
 Metaspace       used 66832K, capacity 68566K, committed 68608K, reserved 1110016K
  class space    used 8544K, capacity 8923K, committed 8960K, reserved 1048576K
}
Event: 231.327 GC heap before
{Heap before GC invocations=72 (full 10):
 PSYoungGen      total 343040K, used 343021K [0x00000000e0000000, 0x0000000100000000, 0x0000000100000000)
  eden space 182272K, 100% used [0x00000000e0000000,0x00000000eb200000,0x00000000eb200000)
  from space 160768K, 99% used [0x00000000eb200000,0x00000000f4efb7d8,0x00000000f4f00000)
  to   space 174592K, 0% used [0x00000000f5580000,0x00000000f5580000,0x0000000100000000)
 ParOldGen       total 894464K, used 777226K [0x00000000a0000000, 0x00000000d6980000, 0x00000000e0000000)
  object space 894464K, 86% used [0x00000000a0000000,0x00000000cf702938,0x00000000d6980000)
 Metaspace       used 66852K, capacity 68566K, committed 68608K, reserved 1110016K
  class space    used 8545K, capacity 8923K, committed 8960K, reserved 1048576K
Event: 231.651 GC heap after
Heap after GC invocations=72 (full 10):
 PSYoungGen      total 349696K, used 131397K [0x00000000e0000000, 0x0000000100000000, 0x0000000100000000)
  eden space 175104K, 0% used [0x00000000e0000000,0x00000000e0000000,0x00000000eab00000)
  from space 174592K, 75% used [0x00000000f5580000,0x00000000fd5d14f0,0x0000000100000000)
  to   space 174592K, 0% used [0x00000000eab00000,0x00000000eab00000,0x00000000f5580000)
 ParOldGen       total 894464K, used 832970K [0x00000000a0000000, 0x00000000d6980000, 0x00000000e0000000)
  object space 894464K, 93% used [0x00000000a0000000,0x00000000d2d72b78,0x00000000d6980000)
 Metaspace       used 66852K, capacity 68566K, committed 68608K, reserved 1110016K
  class space    used 8545K, capacity 8923K, committed 8960K, reserved 1048576K
}
Event: 231.651 GC heap before
{Heap before GC invocations=73 (full 11):
 PSYoungGen      total 349696K, used 131397K [0x00000000e0000000, 0x0000000100000000, 0x0000000100000000)
  eden space 175104K, 0% used [0x00000000e0000000,0x00000000e0000000,0x00000000eab00000)
  from space 174592K, 75% used [0x00000000f5580000,0x00000000fd5d14f0,0x0000000100000000)
  to   space 174592K, 0% used [0x00000000eab00000,0x00000000eab00000,0x00000000f5580000)
 ParOldGen       total 894464K, used 832970K [0x00000000a0000000, 0x00000000d6980000, 0x00000000e0000000)
  object space 894464K, 93% used [0x00000000a0000000,0x00000000d2d72b78,0x00000000d6980000)
 Metaspace       used 66852K, capacity 68566K, committed 68608K, reserved 1110016K
  class space    used 8545K, capacity 8923K, committed 8960K, reserved 1048576K

Deoptimization events (10 events):
Event: 225.782 Thread 0x00007f5aa805c000 Uncommon trap: reason=unstable_if action=reinterpret pc=0x00007f5b318ca7e4 method=com.android.dx.ssa.SetFactory.makeInterferenceSet(I)Lcom/android/dx/util/IntSet; @ 4
Event: 227.262 Thread 0x00007f5aa805b000 Uncommon trap: reason=unstable_if action=reinterpret pc=0x00007f5b32fcb720 method=com.android.dx.ssa.SsaMethod.blockIndexToRopLabel(I)I @ 1
Event: 229.729 Thread 0x00007f5aa805a000 Uncommon trap: reason=unstable_if action=reinterpret pc=0x00007f5b320a6248 method=com.android.dx.ssa.SCCP.replaceBranches()V @ 14
Event: 230.551 Thread 0x00007f5adc9b2800 Uncommon trap: reason=unstable_if action=reinterpret pc=0x00007f5b32f1c7b8 method=java.util.concurrent.ConcurrentHashMap.get(Ljava/lang/Object;)Ljava/lang/Object; @ 152
Event: 230.552 Thread 0x00007f5adc9b2800 Uncommon trap: reason=unstable_if action=reinterpret pc=0x00007f5b31ce2cac method=java.util.concurrent.ConcurrentHashMap.get(Ljava/lang/Object;)Ljava/lang/Object; @ 152
Event: 231.247 Thread 0x00007f5aa80a7000 Uncommon trap: reason=class_check action=maybe_recompile pc=0x00007f5b3138e918 method=java.util.AbstractMap.hashCode()I @ 3
Event: 231.247 Thread 0x00007f5aa80a7000 Uncommon trap: reason=class_check action=maybe_recompile pc=0x00007f5b3138e918 method=java.util.AbstractMap.hashCode()I @ 3
Event: 231.248 Thread 0x00007f5aa80a7000 Uncommon trap: reason=class_check action=maybe_recompile pc=0x00007f5b3138e918 method=java.util.AbstractMap.hashCode()I @ 3
Event: 231.248 Thread 0x00007f5aa80a7000 Uncommon trap: reason=class_check action=maybe_recompile pc=0x00007f5b3138e918 method=java.util.AbstractMap.hashCode()I @ 3
Event: 231.280 Thread 0x00007f5aa805c000 Uncommon trap: reason=unstable_if action=reinterpret pc=0x00007f5b31fdbd60 method=com.android.dx.ssa.SsaBasicBlock.scheduleMovesFromPhis()V @ 63

Internal exceptions (10 events):
Event: 172.059 Thread 0x00007f5adccb6000 Exception <a 'sun/nio/fs/UnixException'> (0x00000000e8d7d370) thrown at [/HUDSON3/workspace/8-2-build-linux-amd64/jdk8u111/7883/hotspot/src/share/vm/prims/jni.cpp, line 709]
Event: 172.059 Thread 0x00007f5adccb6000 Exception <a 'sun/nio/fs/UnixException'> (0x00000000e8d7daf8) thrown at [/HUDSON3/workspace/8-2-build-linux-amd64/jdk8u111/7883/hotspot/src/share/vm/prims/jni.cpp, line 709]
Event: 172.076 Thread 0x00007f5adccb6000 Exception <a 'sun/nio/fs/UnixException'> (0x00000000e8d7e3a0) thrown at [/HUDSON3/workspace/8-2-build-linux-amd64/jdk8u111/7883/hotspot/src/share/vm/prims/jni.cpp, line 709]
Event: 172.076 Thread 0x00007f5adccb6000 Exception <a 'sun/nio/fs/UnixException'> (0x00000000e8d7eb18) thrown at [/HUDSON3/workspace/8-2-build-linux-amd64/jdk8u111/7883/hotspot/src/share/vm/prims/jni.cpp, line 709]
Event: 172.108 Thread 0x00007f5adccb3000 Exception <a 'sun/nio/fs/UnixException'> (0x00000000e8c88c38) thrown at [/HUDSON3/workspace/8-2-build-linux-amd64/jdk8u111/7883/hotspot/src/share/vm/prims/jni.cpp, line 709]
Event: 172.108 Thread 0x00007f5adccb3000 Exception <a 'sun/nio/fs/UnixException'> (0x00000000e8c893b8) thrown at [/HUDSON3/workspace/8-2-build-linux-amd64/jdk8u111/7883/hotspot/src/share/vm/prims/jni.cpp, line 709]
Event: 186.321 Thread 0x00007f5aa805c000 Implicit null exception at 0x00007f5b30f451fe to 0x00007f5b30f46129
Event: 186.890 Thread 0x00007f5adc9b2800 Implicit null exception at 0x00007f5b31e73ba5 to 0x00007f5b31e74781
Event: 187.143 Thread 0x00007f5aa805b000 Implicit null exception at 0x00007f5b3117fdcd to 0x00007f5b3117ffa9
Event: 190.270 Thread 0x00007f5aa805a000 Implicit null exception at 0x00007f5b32cf7800 to 0x00007f5b32cf8299

Events (10 events):
Event: 231.280 Thread 0x00007f5aa805c000 Uncommon trap: trap_request=0xffffff65 fr.pc=0x00007f5b31fdbd60
Event: 231.280 Thread 0x00007f5aa805c000 DEOPT PACKING pc=0x00007f5b31fdbd60 sp=0x00007f5aae9e9000
Event: 231.281 Thread 0x00007f5aa805c000 DEOPT UNPACKING pc=0x00007f5b30175229 sp=0x00007f5aae9e8f98 mode 2
Event: 231.284 Thread 0x00007f5aa805b000 DEOPT PACKING pc=0x00007f5b32059547 sp=0x00007f5aafcfaf10
Event: 231.284 Thread 0x00007f5aa805b000 DEOPT UNPACKING pc=0x00007f5b301b7633 sp=0x00007f5aafcfacf8 mode 0
Event: 231.292 Thread 0x00007f5aa805b000 DEOPT PACKING pc=0x00007f5b32aa7b9d sp=0x00007f5aafcfaf70
Event: 231.292 Thread 0x00007f5aa805b000 DEOPT UNPACKING pc=0x00007f5b301b7633 sp=0x00007f5aafcfad00 mode 0
Event: 231.317 Thread 0x00007f5aa805a000 DEOPT PACKING pc=0x00007f5b32ac4798 sp=0x00007f5b149b11d0
Event: 231.317 Thread 0x00007f5aa805a000 DEOPT UNPACKING pc=0x00007f5b301b7633 sp=0x00007f5b149b0f48 mode 0
Event: 231.319 Executing VM operation: ParallelGCFailedAllocation


Dynamic libraries:
00400000-00401000 r-xp 00000000 08:02 182546                             /usr/lib/jvm/java-8-oracle/bin/java
00600000-00601000 rw-p 00000000 08:02 182546                             /usr/lib/jvm/java-8-oracle/bin/java
01b2a000-01b4b000 rw-p 00000000 00:00 0                                  [heap]
a0000000-d6980000 rw-p 00000000 00:00 0 
e0000000-100000000 rw-p 00000000 00:00 0 
100000000-1008c0000 rw-p 00000000 00:00 0 
1008c0000-140000000 ---p 00000000 00:00 0 
7f5aa8000000-7f5aa83b5000 rw-p 00000000 00:00 0 
7f5aa83b5000-7f5aac000000 ---p 00000000 00:00 0 
7f5aad07d000-7f5aad080000 ---p 00000000 00:00 0 
7f5aad080000-7f5aad0b6000 rw-p 00000000 00:00 0 
7f5aad1b7000-7f5aad1ba000 ---p 00000000 00:00 0 
7f5aad1ba000-7f5aad2b8000 rw-p 00000000 00:00 0 
7f5aad2ba000-7f5aad4ba000 rw-p 00000000 00:00 0 
7f5aad4ba000-7f5aad4bd000 ---p 00000000 00:00 0 
7f5aad4bd000-7f5aad4f3000 rw-p 00000000 00:00 0 
7f5aad4f5000-7f5aad6f5000 rw-p 00000000 00:00 0 
7f5aad6f5000-7f5aad6f8000 ---p 00000000 00:00 0 
7f5aad6f8000-7f5aad7f6000 rw-p 00000000 00:00 0 
7f5aad8f7000-7f5aad8fa000 ---p 00000000 00:00 0 
7f5aad8fa000-7f5aad930000 rw-p 00000000 00:00 0 
7f5aad930000-7f5aad933000 ---p 00000000 00:00 0 
7f5aad933000-7f5aad969000 rw-p 00000000 00:00 0 
7f5aad969000-7f5aad96c000 ---p 00000000 00:00 0 
7f5aad96c000-7f5aada6a000 rw-p 00000000 00:00 0 
7f5aada6a000-7f5aada6d000 ---p 00000000 00:00 0 
7f5aada6d000-7f5aadb6b000 rw-p 00000000 00:00 0 
7f5aadb6b000-7f5aadb6e000 ---p 00000000 00:00 0 
7f5aadb6e000-7f5aadba4000 rw-p 00000000 00:00 0 
7f5aadda6000-7f5aadda9000 ---p 00000000 00:00 0 
7f5aadda9000-7f5aadea7000 rw-p 00000000 00:00 0 
7f5aadea7000-7f5aadeaa000 ---p 00000000 00:00 0 
7f5aadeaa000-7f5aadfa8000 rw-p 00000000 00:00 0 
7f5aadfa8000-7f5aadfab000 ---p 00000000 00:00 0 
7f5aadfab000-7f5aae0a9000 rw-p 00000000 00:00 0 
7f5aae0a9000-7f5aae0ac000 ---p 00000000 00:00 0 
7f5aae0ac000-7f5aae1aa000 rw-p 00000000 00:00 0 
7f5aae1ac000-7f5aae3ac000 rw-p 00000000 00:00 0 
7f5aae3ac000-7f5aae3af000 ---p 00000000 00:00 0 
7f5aae3af000-7f5aae3e5000 rw-p 00000000 00:00 0 
7f5aae4e6000-7f5aae4e9000 ---p 00000000 00:00 0 
7f5aae4e9000-7f5aae5e7000 rw-p 00000000 00:00 0 
7f5aae5e7000-7f5aae5ea000 ---p 00000000 00:00 0 
7f5aae5ea000-7f5aae6e8000 rw-p 00000000 00:00 0 
7f5aae8ea000-7f5aae8ed000 ---p 00000000 00:00 0 
7f5aae8ed000-7f5aae9eb000 rw-p 00000000 00:00 0 
7f5aae9eb000-7f5aae9ee000 ---p 00000000 00:00 0 
7f5aae9ee000-7f5aaea24000 rw-p 00000000 00:00 0 
7f5aaea26000-7f5aaec26000 rw-p 00000000 00:00 0 
7f5aaec26000-7f5aaec29000 ---p 00000000 00:00 0 
7f5aaec29000-7f5aaec5f000 rw-p 00000000 00:00 0 
7f5aaec5f000-7f5aaec62000 ---p 00000000 00:00 0 
7f5aaec62000-7f5aaec98000 rw-p 00000000 00:00 0 
7f5aaec98000-7f5aaec9b000 ---p 00000000 00:00 0 
7f5aaec9b000-7f5aaed99000 rw-p 00000000 00:00 0 
7f5aaee9a000-7f5aaee9d000 ---p 00000000 00:00 0 
7f5aaee9d000-7f5aaeed3000 rw-p 00000000 00:00 0 
7f5aaeed3000-7f5aaeed6000 ---p 00000000 00:00 0 
7f5aaeed6000-7f5aaef0c000 rw-p 00000000 00:00 0 
7f5aaef0c000-7f5aaef0f000 ---p 00000000 00:00 0 
7f5aaef0f000-7f5aaef45000 rw-p 00000000 00:00 0 
7f5aaef45000-7f5aaef48000 ---p 00000000 00:00 0 
7f5aaef48000-7f5aaef7e000 rw-p 00000000 00:00 0 
7f5aaef7e000-7f5aaef81000 ---p 00000000 00:00 0 
7f5aaef81000-7f5aaf07f000 rw-p 00000000 00:00 0 
7f5aaf281000-7f5aaf284000 ---p 00000000 00:00 0 
7f5aaf284000-7f5aaf2ba000 rw-p 00000000 00:00 0 
7f5aaf3bb000-7f5aaf3be000 ---p 00000000 00:00 0 
7f5aaf3be000-7f5aaf3f4000 rw-p 00000000 00:00 0 
7f5aaf4f5000-7f5aaf4f8000 ---p 00000000 00:00 0 
7f5aaf4f8000-7f5aaf5f6000 rw-p 00000000 00:00 0 
7f5aaf5f6000-7f5aaf5f9000 ---p 00000000 00:00 0 
7f5aaf5f9000-7f5aaf6f7000 rw-p 00000000 00:00 0 
7f5aaf6f7000-7f5aaf6fa000 ---p 00000000 00:00 0 
7f5aaf6fa000-7f5aaf7f8000 rw-p 00000000 00:00 0 
7f5aaf8fb000-7f5aaf93b000 rw-p 00000000 00:00 0 
7f5aaf93b000-7f5aafafe000 ---p 00000000 00:00 0 
7f5aafafe000-7f5aafbfc000 rw-p 00000000 00:00 0 
7f5aafbfc000-7f5aafbff000 ---p 00000000 00:00 0 
7f5aafbff000-7f5aafcfd000 rw-p 00000000 00:00 0 
7f5aafcff000-7f5aafeff000 rw-p 00000000 00:00 0 
7f5aafeff000-7f5aaff02000 ---p 00000000 00:00 0 
7f5aaff02000-7f5ab0000000 rw-p 00000000 00:00 0 
7f5ab0000000-7f5ab0021000 rw-p 00000000 00:00 0 
7f5ab0021000-7f5ab4000000 ---p 00000000 00:00 0 
7f5ab4000000-7f5ab4021000 rw-p 00000000 00:00 0 
7f5ab4021000-7f5ab8000000 ---p 00000000 00:00 0 
7f5ab8000000-7f5ab8021000 rw-p 00000000 00:00 0 
7f5ab8021000-7f5abc000000 ---p 00000000 00:00 0 
7f5abc000000-7f5abc021000 rw-p 00000000 00:00 0 
7f5abc021000-7f5ac0000000 ---p 00000000 00:00 0 
7f5ac0000000-7f5ac00ab000 rw-p 00000000 00:00 0 
7f5ac00ab000-7f5ac4000000 ---p 00000000 00:00 0 
7f5ac4000000-7f5ac4076000 rw-p 00000000 00:00 0 
7f5ac4076000-7f5ac8000000 ---p 00000000 00:00 0 
7f5ac8000000-7f5ac815b000 rw-p 00000000 00:00 0 
7f5ac815b000-7f5acc000000 ---p 00000000 00:00 0 
7f5acc000000-7f5acc021000 rw-p 00000000 00:00 0 
7f5acc021000-7f5ad0000000 ---p 00000000 00:00 0 
7f5ad0000000-7f5ad0021000 rw-p 00000000 00:00 0 
7f5ad0021000-7f5ad4000000 ---p 00000000 00:00 0 
7f5ad4000000-7f5ad4021000 rw-p 00000000 00:00 0 
7f5ad4021000-7f5ad8000000 ---p 00000000 00:00 0 
7f5ad8000000-7f5ad8021000 rw-p 00000000 00:00 0 
7f5ad8021000-7f5adc000000 ---p 00000000 00:00 0 
7f5adc000000-7f5add785000 rw-p 00000000 00:00 0 
7f5add785000-7f5ae0000000 ---p 00000000 00:00 0 
7f5ae0000000-7f5ae0021000 rw-p 00000000 00:00 0 
7f5ae0021000-7f5ae4000000 ---p 00000000 00:00 0 
7f5ae4000000-7f5ae4021000 rw-p 00000000 00:00 0 
7f5ae4021000-7f5ae8000000 ---p 00000000 00:00 0 
7f5ae8000000-7f5ae8021000 rw-p 00000000 00:00 0 
7f5ae8021000-7f5aec000000 ---p 00000000 00:00 0 
7f5aec000000-7f5aec071000 rw-p 00000000 00:00 0 
7f5aec071000-7f5af0000000 ---p 00000000 00:00 0 
7f5af0000000-7f5af0021000 rw-p 00000000 00:00 0 
7f5af0021000-7f5af4000000 ---p 00000000 00:00 0 
7f5af4000000-7f5af4021000 rw-p 00000000 00:00 0 
7f5af4021000-7f5af8000000 ---p 00000000 00:00 0 
7f5af8000000-7f5afa720000 rw-p 00000000 00:00 0 
7f5afa720000-7f5afc000000 ---p 00000000 00:00 0 
7f5afc000000-7f5afd2b1000 rw-p 00000000 00:00 0 
7f5afd2b1000-7f5b00000000 ---p 00000000 00:00 0 
7f5b00000000-7f5b00021000 rw-p 00000000 00:00 0 
7f5b00021000-7f5b04000000 ---p 00000000 00:00 0 
7f5b04000000-7f5b05fa7000 rw-p 00000000 00:00 0 
7f5b05fa7000-7f5b08000000 ---p 00000000 00:00 0 
7f5b08000000-7f5b08021000 rw-p 00000000 00:00 0 
7f5b08021000-7f5b0c000000 ---p 00000000 00:00 0 
7f5b0c000000-7f5b0c021000 rw-p 00000000 00:00 0 
7f5b0c021000-7f5b10000000 ---p 00000000 00:00 0 
7f5b10000000-7f5b10137000 rw-p 00000000 00:00 0 
7f5b10137000-7f5b14000000 ---p 00000000 00:00 0 
7f5b14131000-7f5b1423a000 r--s 00aa3000 08:02 4646495                    /home/ankit/Desktop/Evento/app/build/intermediates/transforms/jarMerging/debug/jars/1/1f/combined.jar
7f5b1423a000-7f5b1423d000 ---p 00000000 00:00 0 
7f5b1423d000-7f5b1433b000 rw-p 00000000 00:00 0 
7f5b1433b000-7f5b1433e000 ---p 00000000 00:00 0 
7f5b1433e000-7f5b1443c000 rw-p 00000000 00:00 0 
7f5b1453d000-7f5b14540000 ---p 00000000 00:00 0 
7f5b14540000-7f5b14576000 rw-p 00000000 00:00 0 
7f5b14576000-7f5b14579000 ---p 00000000 00:00 0 
7f5b14579000-7f5b14677000 rw-p 00000000 00:00 0 
7f5b14677000-7f5b1467a000 ---p 00000000 00:00 0 
7f5b1467a000-7f5b14778000 rw-p 00000000 00:00 0 
7f5b14879000-7f5b1487c000 ---p 00000000 00:00 0 
7f5b1487c000-7f5b148b2000 rw-p 00000000 00:00 0 
7f5b148b2000-7f5b148b5000 ---p 00000000 00:00 0 
7f5b148b5000-7f5b149b3000 rw-p 00000000 00:00 0 
7f5b149b3000-7f5b149b6000 ---p 00000000 00:00 0 
7f5b149b6000-7f5b149ec000 rw-p 00000000 00:00 0 
7f5b149ec000-7f5b149ef000 ---p 00000000 00:00 0 
7f5b149ef000-7f5b14aed000 rw-p 00000000 00:00 0 
7f5b14aed000-7f5b14af0000 ---p 00000000 00:00 0 
7f5b14af0000-7f5b14b26000 rw-p 00000000 00:00 0 
7f5b14b28000-7f5b14d28000 rw-p 00000000 00:00 0 
7f5b14d28000-7f5b14d2b000 ---p 00000000 00:00 0 
7f5b14d2b000-7f5b14e29000 rw-p 00000000 00:00 0 
7f5b14e29000-7f5b14e2c000 ---p 00000000 00:00 0 
7f5b14e2c000-7f5b14f2a000 rw-p 00000000 00:00 0 
7f5b14f2a000-7f5b14f2d000 ---p 00000000 00:00 0 
7f5b14f2d000-7f5b1502b000 rw-p 00000000 00:00 0 
7f5b1502b000-7f5b1502e000 ---p 00000000 00:00 0 
7f5b1502e000-7f5b1512c000 rw-p 00000000 00:00 0 
7f5b1512c000-7f5b1512f000 ---p 00000000 00:00 0 
7f5b1512f000-7f5b1542d000 rw-p 00000000 00:00 0 
7f5b1542d000-7f5b1562d000 rw-p 00000000 00:00 0 
7f5b1563c000-7f5b1563d000 rw-p 00000000 00:00 0 
7f5b1563d000-7f5b15640000 ---p 00000000 00:00 0 
7f5b15640000-7f5b1593e000 rw-p 00000000 00:00 0 
7f5b1593e000-7f5b15b3e000 rw-p 00000000 00:00 0 
7f5b15b3e000-7f5b15d3e000 rw-p 00000000 00:00 0 
7f5b15d3e000-7f5b15f3e000 rw-p 00000000 00:00 0 
7f5b15f3e000-7f5b15f51000 r--s 00345000 08:02 182681                     /usr/lib/jvm/java-8-oracle/jre/lib/resources.jar
7f5b15f51000-7f5b16151000 rw-p 00000000 00:00 0 
7f5b16151000-7f5b16351000 rw-p 00000000 00:00 0 
7f5b16351000-7f5b16551000 rw-p 00000000 00:00 0 
7f5b16551000-7f5b16751000 rw-p 00000000 00:00 0 
7f5b16751000-7f5b16951000 rw-p 00000000 00:00 0 
7f5b16951000-7f5b1697c000 r--s 001fc000 08:02 3802331                    /home/ankit/Downloads/android-studio/gradle/m2repository/com/google/guava/guava/18.0/guava-18.0.jar
7f5b1697c000-7f5b1697d000 r--s 00001000 08:02 3877617                    /home/ankit/Downloads/android-studio/gradle/m2repository/com/android/tools/annotations/25.2.0/annotations-25.2.0.jar
7f5b1697d000-7f5b1698f000 r--s 000b3000 08:02 3989804                    /home/ankit/Downloads/android-studio/gradle/m2repository/com/android/tools/external/com-intellij/uast/145.597.3/uast-145.597.3.jar
7f5b1698f000-7f5b16997000 r--s 000a8000 08:02 3753715                    /home/ankit/Downloads/android-studio/gradle/m2repository/com/android/tools/external/lombok/lombok-ast/0.2.3/lombok-ast-0.2.3.jar
7f5b16997000-7f5b16999000 r--s 0000d000 08:02 3760231                    /home/ankit/Downloads/android-studio/gradle/m2repository/commons-codec/commons-codec/1.4/commons-codec-1.4.jar
7f5b16999000-7f5b1699b000 r--s 0000d000 08:02 3540543                    /home/ankit/Downloads/android-studio/gradle/m2repository/commons-logging/commons-logging/1.1.1/commons-logging-1.1.1.jar
7f5b1699b000-7f5b169a0000 r--s 00028000 08:02 3753367                    /home/ankit/Downloads/android-studio/gradle/m2repository/org/apache/httpcomponents/httpcore/4.1/httpcore-4.1.jar
7f5b169a0000-7f5b169a4000 r--s 0002f000 08:02 3845228                    /home/ankit/Downloads/android-studio/gradle/m2repository/com/google/jimfs/jimfs/1.1/jimfs-1.1.jar
7f5b169a4000-7f5b169a5000 r--s 00004000 08:02 3753443                    /home/ankit/Downloads/android-studio/gradle/m2repository/com/intellij/annotations/12.0/annotations-12.0.jar
7f5b169a5000-7f5b169a6000 r--s 00004000 08:02 3713300                    /home/ankit/Downloads/android-studio/gradle/m2repository/org/ow2/asm/asm-analysis/5.0.4/asm-analysis-5.0.4.jar
7f5b169a6000-7f5b169aa000 r--s 0003b000 08:02 4017281                    /home/ankit/Downloads/android-studio/gradle/m2repository/com/android/tools/lint/lint-api/25.2.0/lint-api-25.2.0.jar
7f5b169aa000-7f5b169ab000 r--s 0000a000 08:02 3760193                    /home/ankit/Downloads/android-studio/gradle/m2repository/net/sf/kxml/kxml2/2.3.0/kxml2-2.3.0.jar
7f5b169ab000-7f5b169ad000 r--s 00005000 08:02 3753358                    /home/ankit/Downloads/android-studio/gradle/m2repository/org/apache/httpcomponents/httpmime/4.1/httpmime-4.1.jar
7f5b169ad000-7f5b169b5000 r--s 0004e000 08:02 3753378                    /home/ankit/Downloads/android-studio/gradle/m2repository/org/apache/httpcomponents/httpclient/4.1.1/httpclient-4.1.1.jar
7f5b169b5000-7f5b169bc000 r--s 00053000 08:02 3753390                    /home/ankit/Downloads/android-studio/gradle/m2repository/org/apache/commons/commons-compress/1.8.1/commons-compress-1.8.1.jar
7f5b169bc000-7f5b169c1000 r--s 0002a000 08:02 3753476                    /home/ankit/Downloads/android-studio/gradle/m2repository/com/google/code/gson/gson/2.2.4/gson-2.2.4.jar
7f5b169c1000-7f5b169c6000 r--s 0002d000 08:02 4000509                    /home/ankit/Downloads/android-studio/gradle/m2repository/com/android/tools/repository/25.2.0/repository-25.2.0.jar
7f5b169c6000-7f5b169c7000 r--s 00005000 08:02 3941528                    /home/ankit/Downloads/android-studio/gradle/m2repository/com/android/tools/dvlib/25.2.0/dvlib-25.2.0.jar
7f5b169c7000-7f5b169ca000 r--s 00014000 08:02 3835823                    /home/ankit/Downloads/android-studio/gradle/m2repository/com/android/tools/layoutlib/layoutlib-api/25.2.0/layoutlib-api-25.2.0.jar
7f5b169ca000-7f5b169cf000 r--s 00058000 08:02 3631976                    /home/ankit/Downloads/android-studio/gradle/m2repository/org/ow2/asm/asm-debug-all/5.0.1/asm-debug-all-5.0.1.jar
7f5b169cf000-7f5b169df000 r--s 000d6000 08:02 3760205                    /home/ankit/Downloads/android-studio/gradle/m2repository/net/sf/proguard/proguard-base/5.2.1/proguard-base-5.2.1.jar
7f5b169df000-7f5b169e2000 r--s 00033000 08:02 3753450                    /home/ankit/Downloads/android-studio/gradle/m2repository/com/googlecode/juniversalchardet/juniversalchardet/1.0.3/juniversalchardet-1.0.3.jar
7f5b169e2000-7f5b169e6000 r--s 0002a000 08:02 3506651                    /home/ankit/Downloads/android-studio/gradle/m2repository/commons-io/commons-io/2.4/commons-io-2.4.jar
7f5b169e6000-7f5b169fd000 r--s 00154000 08:02 3787896                    /home/ankit/Downloads/android-studio/gradle/m2repository/org/antlr/antlr4/4.5.3/antlr4-4.5.3.jar
7f5b169fd000-7f5b169fe000 r--s 00002000 08:02 3845251                    /home/ankit/Downloads/android-studio/gradle/m2repository/com/android/databinding/baseLibrary/2.2.0/baseLibrary-2.2.0.jar
7f5b169fe000-7f5b16a11000 r--s 00236000 08:02 3779712                    /home/ankit/Downloads/android-studio/gradle/m2repository/org/eclipse/jdt/core/compiler/ecj/4.5.1/ecj-4.5.1.jar
7f5b16a11000-7f5b16a18000 r--s 000c3000 08:02 3927174                    /home/ankit/Downloads/android-studio/gradle/m2repository/com/android/tools/lint/lint-checks/25.2.0/lint-checks-25.2.0.jar
7f5b16a18000-7f5b16a1a000 r--s 00006000 08:02 3754422                    /home/ankit/Downloads/android-studio/gradle/m2repository/org/ow2/asm/asm-tree/5.0.4/asm-tree-5.0.4.jar
7f5b16a1a000-7f5b16a4d000 r--s 00203000 08:02 3753331                    /home/ankit/Downloads/android-studio/gradle/m2repository/org/bouncycastle/bcprov-jdk15on/1.48/bcprov-jdk15on-1.48.jar
7f5b16a4d000-7f5b16a5b000 r--s 00081000 08:02 3753336                    /home/ankit/Downloads/android-studio/gradle/m2repository/org/bouncycastle/bcpkix-jdk15on/1.48/bcpkix-jdk15on-1.48.jar
7f5b16a5b000-7f5b16a5d000 r--s 00002000 08:02 3753458                    /home/ankit/Downloads/android-studio/gradle/m2repository/com/squareup/javawriter/2.5.0/javawriter-2.5.0.jar
7f5b16a5d000-7f5b16a5e000 r--s 00002000 08:02 4009078                    /home/ankit/Downloads/android-studio/gradle/m2repository/com/android/tools/analytics-library/tracker/25.2.0/tracker-25.2.0.jar
7f5b16a5e000-7f5b16a60000 r--s 00003000 08:02 4009086                    /home/ankit/Downloads/android-studio/gradle/m2repository/com/android/tools/analytics-library/shared/25.2.0/shared-25.2.0.jar
7f5b16a60000-7f5b16a6d000 r--s 000ed000 08:02 4009082                    /home/ankit/Downloads/android-studio/gradle/m2repository/com/android/tools/analytics-library/protos/25.2.0/protos-25.2.0.jar
7f5b16a6d000-7f5b16a6e000 r--s 00001000 08:02 3753578                    /home/ankit/Downloads/android-studio/gradle/m2repository/com/android/tools/jill/jill-api/0.10.0/jill-api-0.10.0.jar
7f5b16a6e000-7f5b16a70000 r--s 00003000 08:02 4024806                    /home/ankit/Downloads/android-studio/gradle/m2repository/com/android/tools/jack/jack-api/0.11.0/jack-api-0.11.0.jar
7f5b16a70000-7f5b16a75000 r--s 0004a000 08:02 3918754                    /home/ankit/Downloads/android-studio/gradle/m2repository/com/android/tools/ddms/ddmlib/25.2.0/ddmlib-25.2.0.jar
7f5b16a75000-7f5b16a78000 r--s 00021000 08:02 3910779                    /home/ankit/Downloads/android-studio/gradle/m2repository/com/android/tools/build/manifest-merger/25.2.0/manifest-merger-25.2.0.jar
7f5b16a78000-7f5b16a7a000 r--s 0001c000 08:02 4031682                    /home/ankit/Downloads/android-studio/gradle/m2repository/com/android/tools/common/25.2.0/common-25.2.0.jar
7f5b16a7a000-7f5b16a83000 r--s 00083000 08:02 3885105                    /home/ankit/Downloads/android-studio/gradle/m2repository/com/android/tools/sdk-common/25.2.0/sdk-common-25.2.0.jar
7f5b16a83000-7f5b16a8e000 r--s 0008e000 08:02 4024802                    /home/ankit/Downloads/android-studio/gradle/m2repository/com/android/tools/sdklib/25.2.0/sdklib-25.2.0.jar
7f5b16a8e000-7f5b16a8f000 r--s 00002000 08:02 3894391                    /home/ankit/Downloads/android-studio/gradle/m2repository/com/android/tools/build/builder-test-api/2.2.0/builder-test-api-2.2.0.jar
7f5b16a8f000-7f5b16a92000 r--s 00005000 08:02 3754438                    /home/ankit/Downloads/android-studio/gradle/m2repository/com/android/tools/build/builder-model/2.2.0/builder-model-2.2.0.jar
7f5b16a92000-7f5b16a9a000 r--s 0007b000 08:02 3819714                    /home/ankit/Downloads/android-studio/gradle/m2repository/com/google/protobuf/protobuf-java/2.5.0/protobuf-java-2.5.0.jar
7f5b16a9a000-7f5b16a9c000 r--s 0000f000 08:02 4041488                    /home/ankit/Downloads/android-studio/gradle/m2repository/net/sf/jopt-simple/jopt-simple/4.9/jopt-simple-4.9.jar
7f5b16a9c000-7f5b16aa0000 r--s 0001f000 08:02 3795671                    /home/ankit/Downloads/android-studio/gradle/m2repository/org/jacoco/org.jacoco.report/0.7.5.201505241946/org.jacoco.report-0.7.5.201505241946.jar
7f5b16aa0000-7f5b16aa4000 r--s 0001d000 08:02 3787900                    /home/ankit/Downloads/android-studio/gradle/m2repository/org/jacoco/org.jacoco.core/0.7.5.201505241946/org.jacoco.core-0.7.5.201505241946.jar
7f5b16aa4000-7f5b16aa5000 r--s 00002000 08:02 3760221                    /home/ankit/Downloads/android-studio/gradle/m2repository/net/sf/proguard/proguard-gradle/5.2.1/proguard-gradle-5.2.1.jar
7f5b16aa5000-7f5b16aa7000 r--s 00009000 08:02 3779703                    /home/ankit/Downloads/android-studio/gradle/m2repository/org/ow2/asm/asm-commons/5.0.4/asm-commons-5.0.4.jar
7f5b16aa7000-7f5b16aa9000 r--s 0000c000 08:02 3779709                    /home/ankit/Downloads/android-studio/gradle/m2repository/org/ow2/asm/asm/5.0.4/asm-5.0.4.jar
7f5b16aa9000-7f5b16ac0000 r--s 0015d000 08:02 3885097                    /home/ankit/Downloads/android-studio/gradle/m2repository/com/android/tools/build/builder/2.2.0/builder-2.2.0.jar
7f5b16ac0000-7f5b16cc0000 rw-p 00000000 00:00 0 
7f5b16cc0000-7f5b16cc3000 ---p 00000000 00:00 0 
7f5b16cc3000-7f5b16fc1000 rw-p 00000000 00:00 0 
7f5b16fc1000-7f5b16fc4000 ---p 00000000 00:00 0 
7f5b16fc4000-7f5b171fa000 rw-p 00000000 00:00 0 
7f5b171fa000-7f5b173fa000 rw-p 00000000 00:00 0 
7f5b173fa000-7f5b175fa000 rw-p 00000000 00:00 0 
7f5b175fa000-7f5b177fa000 rw-p 00000000 00:00 0 
7f5b177fa000-7f5b179fa000 rw-p 00000000 00:00 0 
7f5b179fa000-7f5b179fd000 ---p 00000000 00:00 0 
7f5b179fd000-7f5b17afb000 rw-p 00000000 00:00 0 
7f5b17afb000-7f5b17afe000 ---p 00000000 00:00 0 
7f5b17afe000-7f5b17bfc000 rw-p 00000000 00:00 0 
7f5b17bfc000-7f5b17bff000 ---p 00000000 00:00 0 
7f5b17bff000-7f5b17cfd000 rw-p 00000000 00:00 0 
7f5b17cfd000-7f5b17d00000 ---p 00000000 00:00 0 
7f5b17d00000-7f5b17dfe000 rw-p 00000000 00:00 0 
7f5b17dfe000-7f5b17e01000 ---p 00000000 00:00 0 
7f5b17e01000-7f5b17eff000 rw-p 00000000 00:00 0 
7f5b17eff000-7f5b17f02000 ---p 00000000 00:00 0 
7f5b17f02000-7f5b18000000 rw-p 00000000 00:00 0 
7f5b18000000-7f5b18037000 rw-p 00000000 00:00 0 
7f5b18037000-7f5b1c000000 ---p 00000000 00:00 0 
7f5b1c000000-7f5b1c45d000 rw-p 00000000 00:00 0 
7f5b1c45d000-7f5b20000000 ---p 00000000 00:00 0 
7f5b20000000-7f5b20038000 rw-p 00000000 00:00 0 
7f5b20038000-7f5b24000000 ---p 00000000 00:00 0 
7f5b24000000-7f5b24004000 r--s 0002b000 08:02 3853442                    /home/ankit/Downloads/android-studio/gradle/m2repository/com/android/databinding/compilerCommon/2.2.0/compilerCommon-2.2.0.jar
7f5b24004000-7f5b24005000 r--s 00002000 08:02 3894401                    /home/ankit/Downloads/android-studio/gradle/m2repository/com/android/tools/build/gradle-api/2.2.0/gradle-api-2.2.0.jar
7f5b24005000-7f5b24006000 r--s 00000000 08:02 3753573                    /home/ankit/Downloads/android-studio/gradle/m2repository/com/android/tools/build/transform-api/2.0.0-deprecated-use-gradle-api/transform-api-2.0.0-deprecated-use-gradle-api.jar
7f5b24006000-7f5b2400b000 r--s 00053000 08:02 4017271                    /home/ankit/Downloads/android-studio/gradle/m2repository/com/android/tools/lint/lint/25.2.0/lint-25.2.0.jar
7f5b2400b000-7f5b24028000 r--s 0019c000 08:02 3910782                    /home/ankit/Downloads/android-studio/gradle/m2repository/com/android/tools/build/gradle-core/2.2.0/gradle-core-2.2.0.jar
7f5b24028000-7f5b2402a000 r--s 0000d000 08:02 3802336                    /home/ankit/Downloads/android-studio/gradle/m2repository/com/android/tools/build/gradle/2.2.0/gradle-2.2.0.jar
7f5b2402a000-7f5b2402b000 r--p 00000000 00:00 0 
7f5b2402b000-7f5b240a3000 r--s 010e6000 08:02 158507                     /usr/lib/jvm/java-8-oracle/lib/tools.jar
7f5b240a3000-7f5b240aa000 r--s 00000000 08:02 109538                     /usr/lib/x86_64-linux-gnu/gconv/gconv-modules.cache
7f5b240aa000-7f5b242aa000 rw-p 00000000 00:00 0 
7f5b242aa000-7f5b242ad000 ---p 00000000 00:00 0 
7f5b242ad000-7f5b243ab000 rw-p 00000000 00:00 0 
7f5b243ab000-7f5b243ae000 ---p 00000000 00:00 0 
7f5b243ae000-7f5b244ac000 rw-p 00000000 00:00 0 
7f5b244ac000-7f5b244b5000 r-xp 00000000 08:02 200010                     /usr/lib/jvm/java-8-oracle/jre/lib/amd64/libmanagement.so
7f5b244b5000-7f5b246b4000 ---p 00009000 08:02 200010                     /usr/lib/jvm/java-8-oracle/jre/lib/amd64/libmanagement.so
7f5b246b4000-7f5b246b5000 rw-p 00008000 08:02 200010                     /usr/lib/jvm/java-8-oracle/jre/lib/amd64/libmanagement.so
7f5b246b5000-7f5b246b9000 r--s 00097000 08:02 182569                     /usr/lib/jvm/java-8-oracle/jre/lib/jsse.jar
7f5b246b9000-7f5b246bb000 r--s 00007000 08:02 3402085                    /home/ankit/Downloads/android-studio/gradle/gradle-2.14.1/lib/plugins/gradle-tooling-api-builders-2.14.1.jar
7f5b246bb000-7f5b246be000 r--s 00008000 08:02 3402081                    /home/ankit/Downloads/android-studio/gradle/gradle-2.14.1/lib/plugins/gradle-testing-native-2.14.1.jar
7f5b246be000-7f5b246c0000 r--s 00009000 08:02 3402371                    /home/ankit/Downloads/android-studio/gradle/gradle-2.14.1/lib/plugins/hamcrest-core-1.3.jar
7f5b246c0000-7f5b246c6000 r--s 00033000 08:02 3402325                    /home/ankit/Downloads/android-studio/gradle/gradle-2.14.1/lib/plugins/snakeyaml-1.6.jar
7f5b246c6000-7f5b246c8000 r--s 00006000 08:02 3402336                    /home/ankit/Downloads/android-studio/gradle/gradle-2.14.1/lib/plugins/jcommander-1.12.jar
7f5b246c8000-7f5b246cd000 r--s 00040000 08:02 3402324                    /home/ankit/Downloads/android-studio/gradle/gradle-2.14.1/lib/plugins/bsh-2.0b4.jar
7f5b246cd000-7f5b246d6000 r--s 00089000 08:02 3402339                    /home/ankit/Downloads/android-studio/gradle/gradle-2.14.1/lib/plugins/testng-6.3.1.jar
7f5b246d6000-7f5b246de000 r--s 00045000 08:02 3402343                    /home/ankit/Downloads/android-studio/gradle/gradle-2.14.1/lib/plugins/junit-4.12.jar
7f5b246de000-7f5b246e4000 r--s 0002e000 08:02 3402091                    /home/ankit/Downloads/android-studio/gradle/gradle-2.14.1/lib/plugins/gradle-testing-jvm-2.14.1.jar
7f5b246e4000-7f5b246e9000 r--s 00015000 08:02 3402095                    /home/ankit/Downloads/android-studio/gradle/gradle-2.14.1/lib/plugins/gradle-testing-base-2.14.1.jar
7f5b246e9000-7f5b246ea000 r--s 00002000 08:02 3402342                    /home/ankit/Downloads/android-studio/gradle/gradle-2.14.1/lib/plugins/sonar-batch-bootstrapper-2.9.jar
7f5b246ea000-7f5b246ed000 r--s 00015000 08:02 3402090                    /home/ankit/Downloads/android-studio/gradle/gradle-2.14.1/lib/plugins/gradle-sonar-2.14.1.jar
7f5b246ed000-7f5b246f4000 r--s 00038000 08:02 3402356                    /home/ankit/Downloads/android-studio/gradle/gradle-2.14.1/lib/plugins/bcpg-jdk15on-1.51.jar
7f5b246f4000-7f5b246f6000 r--s 0000d000 08:02 3402293                    /home/ankit/Downloads/android-studio/gradle/gradle-2.14.1/lib/plugins/gradle-signing-2.14.1.jar
7f5b246f6000-7f5b246f9000 r--s 00009000 08:02 3402099                    /home/ankit/Downloads/android-studio/gradle/gradle-2.14.1/lib/plugins/gradle-scala-2.14.1.jar
7f5b246f9000-7f5b246fa000 r--s 00004000 08:02 3402295                    /home/ankit/Downloads/android-studio/gradle/gradle-2.14.1/lib/plugins/gradle-resources-sftp-2.14.1.jar
7f5b246fa000-7f5b2470a000 r--s 00088000 08:02 3402329                    /home/ankit/Downloads/android-studio/gradle/gradle-2.14.1/lib/plugins/joda-time-2.8.2.jar
7f5b2470a000-7f5b2471b000 r--s 000cf000 08:02 3402375                    /home/ankit/Downloads/android-studio/gradle/gradle-2.14.1/lib/plugins/jackson-databind-2.3.2.jar
7f5b2471b000-7f5b2471d000 r--s 00007000 08:02 3402352                    /home/ankit/Downloads/android-studio/gradle/gradle-2.14.1/lib/plugins/jackson-annotations-2.3.2.jar
7f5b2471d000-7f5b24720000 r--s 0002e000 08:02 3402358                    /home/ankit/Downloads/android-studio/gradle/gradle-2.14.1/lib/plugins/jackson-core-2.3.2.jar
7f5b24720000-7f5b2472b000 r--s 0006b000 08:02 3402381                    /home/ankit/Downloads/android-studio/gradle/gradle-2.14.1/lib/plugins/aws-java-sdk-core-1.9.19.jar
7f5b2472b000-7f5b24731000 r--s 00036000 08:02 3402351                    /home/ankit/Downloads/android-studio/gradle/gradle-2.14.1/lib/plugins/aws-java-sdk-kms-1.9.19.jar
7f5b24731000-7f5b2473c000 r--s 00079000 08:02 3402341                    /home/ankit/Downloads/android-studio/gradle/gradle-2.14.1/lib/plugins/aws-java-sdk-s3-1.9.19.jar
7f5b2473c000-7f5b2473d000 r--s 00003000 08:02 3402305                    /home/ankit/Downloads/android-studio/gradle/gradle-2.14.1/lib/plugins/gradle-resources-s3-2.14.1.jar
7f5b2473d000-7f5b2473f000 r--s 00005000 08:02 3402370                    /home/ankit/Downloads/android-studio/gradle/gradle-2.14.1/lib/plugins/jatl-0.2.2.jar
7f5b2473f000-7f5b24741000 r--s 0000f000 08:02 3402311                    /home/ankit/Downloads/android-studio/gradle/gradle-2.14.1/lib/plugins/gradle-reporting-2.14.1.jar
7f5b24741000-7f5b24743000 r--s 00002000 08:02 3402252                    /home/ankit/Downloads/android-studio/gradle/gradle-2.14.1/lib/plugins/gradle-publish-2.14.1.jar
7f5b24743000-7f5b24745000 r--s 00009000 08:02 3402334                    /home/ankit/Downloads/android-studio/gradle/gradle-2.14.1/lib/plugins/commons-cli-1.2.jar
7f5b24745000-7f5b2474b000 r--s 00033000 08:02 3402098                    /home/ankit/Downloads/android-studio/gradle/gradle-2.14.1/lib/plugins/gradle-plugins-2.14.1.jar
7f5b2474b000-7f5b2474d000 r--s 00007000 08:02 3402083                    /home/ankit/Downloads/android-studio/gradle/gradle-2.14.1/lib/plugins/gradle-plugin-development-2.14.1.jar
7f5b2474d000-7f5b24753000 r--s 0002a000 08:02 3402292                    /home/ankit/Downloads/android-studio/gradle/gradle-2.14.1/lib/plugins/gradle-platform-play-2.14.1.jar
7f5b24753000-7f5b24760000 r--s 0004d000 08:02 3402291                    /home/ankit/Downloads/android-studio/gradle/gradle-2.14.1/lib/plugins/gradle-platform-native-2.14.1.jar
7f5b24760000-7f5b24764000 r--s 0001a000 08:02 3402304                    /home/ankit/Downloads/android-studio/gradle/gradle-2.14.1/lib/plugins/gradle-platform-jvm-2.14.1.jar
7f5b24764000-7f5b2476b000 r--s 00029000 08:02 3402097                    /home/ankit/Downloads/android-studio/gradle/gradle-2.14.1/lib/plugins/gradle-platform-base-2.14.1.jar
7f5b2476b000-7f5b2478c000 r--s 001c3000 08:02 3402322                    /home/ankit/Downloads/android-studio/gradle/gradle-2.14.1/lib/plugins/bndlib-2.4.0.jar
7f5b2478c000-7f5b2478e000 r--s 00003000 08:02 3402306                    /home/ankit/Downloads/android-studio/gradle/gradle-2.14.1/lib/plugins/gradle-osgi-2.14.1.jar
7f5b2478e000-7f5b24791000 r--s 0000c000 08:02 3402378                    /home/ankit/Downloads/android-studio/gradle/gradle-2.14.1/lib/plugins/pmaven-groovy-0.8-20100325.jar
7f5b24791000-7f5b24792000 r--s 00004000 08:02 3402369                    /home/ankit/Downloads/android-studio/gradle/gradle-2.14.1/lib/plugins/pmaven-common-0.8-20100325.jar
7f5b24792000-7f5b24798000 r--s 00022000 08:02 3402096                    /home/ankit/Downloads/android-studio/gradle/gradle-2.14.1/lib/plugins/gradle-maven-2.14.1.jar
7f5b24798000-7f5b2479a000 r--s 0000a000 08:02 3402088                    /home/ankit/Downloads/android-studio/gradle/gradle-2.14.1/lib/plugins/gradle-language-scala-2.14.1.jar
7f5b2479a000-7f5b247a0000 r--s 0001a000 08:02 3402092                    /home/ankit/Downloads/android-studio/gradle/gradle-2.14.1/lib/plugins/gradle-language-native-2.14.1.jar
7f5b247a0000-7f5b247a2000 r--s 00008000 08:02 3402084                    /home/ankit/Downloads/android-studio/gradle/gradle-2.14.1/lib/plugins/gradle-language-jvm-2.14.1.jar
7f5b247a2000-7f5b247a8000 r--s 00024000 08:02 3402300                    /home/ankit/Downloads/android-studio/gradle/gradle-2.14.1/lib/plugins/gradle-language-java-2.14.1.jar
7f5b247a8000-7f5b247aa000 r--s 0000a000 08:02 3402290                    /home/ankit/Downloads/android-studio/gradle/gradle-2.14.1/lib/plugins/gradle-language-groovy-2.14.1.jar
7f5b247aa000-7f5b247ad000 r--s 0001e000 08:02 3402319                    /home/ankit/Downloads/android-studio/gradle/gradle-2.14.1/lib/plugins/jsp-api-2.1-6.1.14.jar
7f5b247ad000-7f5b247d0000 r--s 00344000 08:02 3402353                    /home/ankit/Downloads/android-studio/gradle/gradle-2.14.1/lib/plugins/core-3.1.1.jar
7f5b247d0000-7f5b247d1000 r--s 00006000 08:02 3402376                    /home/ankit/Downloads/android-studio/gradle/gradle-2.14.1/lib/plugins/jetty-naming-6.1.25.jar
7f5b247d1000-7f5b247d2000 r--s 00002000 08:02 3402349                    /home/ankit/Downloads/android-studio/gradle/gradle-2.14.1/lib/plugins/geronimo-annotation_1.0_spec-1.0.jar
7f5b247d2000-7f5b247d4000 r--s 00002000 08:02 3402373                    /home/ankit/Downloads/android-studio/gradle/gradle-2.14.1/lib/plugins/jetty-annotations-6.1.25.jar
7f5b247d4000-7f5b247e5000 r--s 000ea000 08:02 3402379                    /home/ankit/Downloads/android-studio/gradle/gradle-2.14.1/lib/plugins/jsp-2.1-6.1.14.jar
7f5b247e5000-7f5b247e7000 r--s 0000d000 08:02 3402354                    /home/ankit/Downloads/android-studio/gradle/gradle-2.14.1/lib/plugins/jetty-plus-6.1.25.jar
7f5b247e7000-7f5b247e9000 r--s 0001f000 08:02 3402385                    /home/ankit/Downloads/android-studio/gradle/gradle-2.14.1/lib/plugins/servlet-api-2.5-20081211.jar
7f5b247e9000-7f5b247ed000 r--s 00028000 08:02 3402337                    /home/ankit/Downloads/android-studio/gradle/gradle-2.14.1/lib/plugins/jetty-util-6.1.25.jar
7f5b247ed000-7f5b247f4000 r--s 0007d000 08:02 3402344                    /home/ankit/Downloads/android-studio/gradle/gradle-2.14.1/lib/plugins/jetty-6.1.25.jar
7f5b247f4000-7f5b247f6000 r--s 00009000 08:02 3402309                    /home/ankit/Downloads/android-studio/gradle/gradle-2.14.1/lib/plugins/gradle-jetty-2.14.1.jar
7f5b247f6000-7f5b247fd000 r--s 00035000 08:02 3402382                    /home/ankit/Downloads/android-studio/gradle/gradle-2.14.1/lib/plugins/simple-4.1.21.jar
7f5b247fd000-7f5b24809000 r--s 00100000 08:02 3402330                    /home/ankit/Downloads/android-studio/gradle/gradle-2.14.1/lib/plugins/rhino-1.7R3.jar
7f5b24809000-7f5b2480d000 r--s 00011000 08:02 3402297                    /home/ankit/Downloads/android-studio/gradle/gradle-2.14.1/lib/plugins/gradle-javascript-2.14.1.jar
7f5b2480d000-7f5b2480f000 r--s 0000c000 08:02 3402317                    /home/ankit/Downloads/android-studio/gradle/gradle-2.14.1/lib/plugins/gradle-jacoco-2.14.1.jar
7f5b2480f000-7f5b24812000 r--s 0000e000 08:02 3402316                    /home/ankit/Downloads/android-studio/gradle/gradle-2.14.1/lib/plugins/gradle-ivy-2.14.1.jar
7f5b24812000-7f5b24813000 r--s 00002000 08:02 3402313                    /home/ankit/Downloads/android-studio/gradle/gradle-2.14.1/lib/plugins/gradle-ide-play-2.14.1.jar
7f5b24813000-7f5b24818000 r--s 0002b000 08:02 3402310                    /home/ankit/Downloads/android-studio/gradle/gradle-2.14.1/lib/plugins/gradle-ide-native-2.14.1.jar
7f5b24818000-7f5b24823000 r--s 00066000 08:02 3402089                    /home/ankit/Downloads/android-studio/gradle/gradle-2.14.1/lib/plugins/gradle-ide-2.14.1.jar
7f5b24823000-7f5b24824000 r--s 00008000 08:02 3402087                    /home/ankit/Downloads/android-studio/gradle/gradle-2.14.1/lib/plugins/gradle-ear-2.14.1.jar
7f5b24824000-7f5b2482a000 r--s 00032000 08:02 3402094                    /home/ankit/Downloads/android-studio/gradle/gradle-2.14.1/lib/plugins/gradle-diagnostics-2.14.1.jar
7f5b2482a000-7f5b2482e000 r--s 00021000 08:02 3402312                    /home/ankit/Downloads/android-studio/gradle/gradle-2.14.1/lib/plugins/gradle-code-quality-2.14.1.jar
7f5b2482e000-7f5b24832000 r--s 0001f000 08:02 3402093                    /home/ankit/Downloads/android-studio/gradle/gradle-2.14.1/lib/plugins/gradle-build-init-2.14.1.jar
7f5b24832000-7f5b24839000 r--s 0008e000 08:02 3402314                    /home/ankit/Downloads/android-studio/gradle/gradle-2.14.1/lib/plugins/gradle-build-comparison-2.14.1.jar
7f5b24839000-7f5b2483b000 r--s 00008000 08:02 3402302                    /home/ankit/Downloads/android-studio/gradle/gradle-2.14.1/lib/plugins/gradle-antlr-2.14.1.jar
7f5b2483b000-7f5b2483d000 r--s 00004000 08:02 3402315                    /home/ankit/Downloads/android-studio/gradle/gradle-2.14.1/lib/plugins/gradle-announce-2.14.1.jar
7f5b2483d000-7f5b24855000 r--s 00115000 08:02 3402347                    /home/ankit/Downloads/android-studio/gradle/gradle-2.14.1/lib/plugins/xercesImpl-2.9.1.jar
7f5b24855000-7f5b2485d000 r--s 00028000 08:02 3402366                    /home/ankit/Downloads/android-studio/gradle/gradle-2.14.1/lib/plugins/xml-apis-1.3.04.jar
7f5b2485d000-7f5b24863000 r--s 0005b000 08:02 3402359                    /home/ankit/Downloads/android-studio/gradle/gradle-2.14.1/lib/plugins/jcifs-1.3.17.jar
7f5b24863000-7f5b2486a000 r--s 00049000 08:02 3402296                    /home/ankit/Downloads/android-studio/gradle/gradle-2.14.1/lib/plugins/httpcore-4.4.4.jar
7f5b2486a000-7f5b24870000 r--s 00033000 08:02 3402328                    /home/ankit/Downloads/android-studio/gradle/gradle-2.14.1/lib/plugins/commons-codec-1.6.jar
7f5b24870000-7f5b24873000 r--s 0001c000 08:02 3402326                    /home/ankit/Downloads/android-studio/gradle/gradle-2.14.1/lib/plugins/nekohtml-1.9.14.jar
7f5b24873000-7f5b24880000 r--s 000a4000 08:02 3402307                    /home/ankit/Downloads/android-studio/gradle/gradle-2.14.1/lib/plugins/httpclient-4.4.1.jar
7f5b24880000-7f5b24882000 r--s 0000a000 08:02 3402082                    /home/ankit/Downloads/android-studio/gradle/gradle-2.14.1/lib/plugins/gradle-resources-http-2.14.1.jar
7f5b24882000-7f5b24886000 r--s 00014000 08:02 3402294                    /home/ankit/Downloads/android-studio/gradle/gradle-2.14.1/lib/plugins/gradle-plugin-use-2.14.1.jar
7f5b24886000-7f5b24887000 r--s 00000000 08:02 3394352                    /home/ankit/Downloads/android-studio/gradle/gradle-2.14.1/lib/gradle-installation-beacon-2.14.1.jar
7f5b24887000-7f5b24888000 r--s 00007000 08:02 3402335                    /home/ankit/Downloads/android-studio/gradle/gradle-2.14.1/lib/plugins/wagon-http-shared4-2.4.jar
7f5b24888000-7f5b2488c000 r--s 00033000 08:02 3402372                    /home/ankit/Downloads/android-studio/gradle/gradle-2.14.1/lib/plugins/plexus-utils-2.0.6.jar
7f5b2488c000-7f5b24890000 r--s 00021000 08:02 3402361                    /home/ankit/Downloads/android-studio/gradle/gradle-2.14.1/lib/plugins/maven-model-builder-3.0.4.jar
7f5b24890000-7f5b24891000 r--s 00002000 08:02 3402327                    /home/ankit/Downloads/android-studio/gradle/gradle-2.14.1/lib/plugins/wagon-file-2.4.jar
7f5b24891000-7f5b24893000 r--s 00002000 08:02 3402368                    /home/ankit/Downloads/android-studio/gradle/gradle-2.14.1/lib/plugins/plexus-cipher-1.7.jar
7f5b24893000-7f5b24896000 r--s 00013000 08:02 3402384                    /home/ankit/Downloads/android-studio/gradle/gradle-2.14.1/lib/plugins/aether-api-1.13.1.jar
7f5b24896000-7f5b24898000 r--s 0000a000 08:02 3402338                    /home/ankit/Downloads/android-studio/gradle/gradle-2.14.1/lib/plugins/maven-settings-3.0.4.jar
7f5b24898000-7f5b2489a000 r--s 0000d000 08:02 3402362                    /home/ankit/Downloads/android-studio/gradle/gradle-2.14.1/lib/plugins/plexus-interpolation-1.14.jar
7f5b2489a000-7f5b2489c000 r--s 0000b000 08:02 3402377                    /home/ankit/Downloads/android-studio/gradle/gradle-2.14.1/lib/plugins/maven-artifact-3.0.4.jar
7f5b2489c000-7f5b248a3000 r--s 0002e000 08:02 3402332                    /home/ankit/Downloads/android-studio/gradle/gradle-2.14.1/lib/plugins/plexus-container-default-1.5.5.jar
7f5b248a3000-7f5b248a5000 r--s 0000b000 08:02 3402355                    /home/ankit/Downloads/android-studio/gradle/gradle-2.14.1/lib/plugins/maven-plugin-api-3.0.4.jar
7f5b248a5000-7f5b248a7000 r--s 00000000 08:02 3402357                    /home/ankit/Downloads/android-studio/gradle/gradle-2.14.1/lib/plugins/plexus-component-annotations-1.5.5.jar
7f5b248a7000-7f5b248ad000 r--s 0003f000 08:02 3402363                    /home/ankit/Downloads/android-studio/gradle/gradle-2.14.1/lib/plugins/maven-compat-3.0.4.jar
7f5b248ad000-7f5b248b0000 r--s 00008000 08:02 3402345                    /home/ankit/Downloads/android-studio/gradle/gradle-2.14.1/lib/plugins/maven-settings-builder-3.0.4.jar
7f5b248b0000-7f5b248b2000 r--s 00026000 08:02 3402383                    /home/ankit/Downloads/android-studio/gradle/gradle-2.14.1/lib/plugins/maven-model-3.0.4.jar
7f5b248b2000-7f5b248b4000 r--s 00006000 08:02 3402374                    /home/ankit/Downloads/android-studio/gradle/gradle-2.14.1/lib/plugins/aether-connector-wagon-1.13.1.jar
7f5b248b4000-7f5b248b6000 r--s 0000a000 08:02 3402333                    /home/ankit/Downloads/android-studio/gradle/gradle-2.14.1/lib/plugins/plexus-classworlds-2.4.jar
7f5b248b6000-7f5b248b8000 r--s 00006000 08:02 3402364                    /home/ankit/Downloads/android-studio/gradle/gradle-2.14.1/lib/plugins/maven-repository-metadata-3.0.4.jar
7f5b248b8000-7f5b248ba000 r--s 0000c000 08:02 3402348                    /home/ankit/Downloads/android-studio/gradle/gradle-2.14.1/lib/plugins/maven-aether-provider-3.0.4.jar
7f5b248ba000-7f5b248bc000 r--s 0000b000 08:02 3402340                    /home/ankit/Downloads/android-studio/gradle/gradle-2.14.1/lib/plugins/wagon-provider-api-2.4.jar
7f5b248bc000-7f5b248c0000 r--s 0001c000 08:02 3402380                    /home/ankit/Downloads/android-studio/gradle/gradle-2.14.1/lib/plugins/aether-util-1.13.1.jar
7f5b248c0000-7f5b248c3000 r--s 0001d000 08:02 3402360                    /home/ankit/Downloads/android-studio/gradle/gradle-2.14.1/lib/plugins/aether-impl-1.13.1.jar
7f5b248c3000-7f5b248c8000 r--s 00040000 08:02 3402321                    /home/ankit/Downloads/android-studio/gradle/gradle-2.14.1/lib/plugins/jsch-0.1.53.jar
7f5b248c8000-7f5b24908000 r--s 00277000 08:02 3402323                    /home/ankit/Downloads/android-studio/gradle/gradle-2.14.1/lib/plugins/bcprov-jdk15on-1.51.jar
7f5b24908000-7f5b2490c000 r--s 0001d000 08:02 3402350                    /home/ankit/Downloads/android-studio/gradle/gradle-2.14.1/lib/plugins/xbean-reflect-3.4.jar
7f5b2490c000-7f5b24918000 r--s 0007d000 08:02 3402367                    /home/ankit/Downloads/android-studio/gradle/gradle-2.14.1/lib/plugins/maven-core-3.0.4.jar
7f5b24918000-7f5b2491d000 r--s 0002a000 08:02 3402346                    /home/ankit/Downloads/android-studio/gradle/gradle-2.14.1/lib/plugins/gson-2.2.4.jar
7f5b2491d000-7f5b2492c000 r--s 000d9000 08:02 3402331                    /home/ankit/Downloads/android-studio/gradle/gradle-2.14.1/lib/plugins/ivy-2.2.0.jar
7f5b2492c000-7f5b24942000 r-xp 00000000 08:02 2624314                    /lib/x86_64-linux-gnu/libgcc_s.so.1
7f5b24942000-7f5b24b41000 ---p 00016000 08:02 2624314                    /lib/x86_64-linux-gnu/libgcc_s.so.1
7f5b24b41000-7f5b24b42000 r--p 00015000 08:02 2624314                    /lib/x86_64-linux-gnu/libgcc_s.so.1
7f5b24b42000-7f5b24b43000 rw-p 00016000 08:02 2624314                    /lib/x86_64-linux-gnu/libgcc_s.so.1
7f5b24b43000-7f5b24cb6000 r-xp 00000000 08:02 61223                      /usr/lib/x86_64-linux-gnu/libstdc++.so.6.0.21
7f5b24cb6000-7f5b24eb5000 ---p 00173000 08:02 61223                      /usr/lib/x86_64-linux-gnu/libstdc++.so.6.0.21
7f5b24eb5000-7f5b24ebf000 r--p 00172000 08:02 61223                      /usr/lib/x86_64-linux-gnu/libstdc++.so.6.0.21
7f5b24ebf000-7f5b24ec1000 rw-p 0017c000 08:02 61223                      /usr/lib/x86_64-linux-gnu/libstdc++.so.6.0.21
7f5b24ec1000-7f5b24ec5000 rw-p 00000000 00:00 0 
7f5b24ec5000-7f5b24ec6000 r--s 00002000 08:02 3402318                    /home/ankit/Downloads/android-studio/gradle/gradle-2.14.1/lib/plugins/wagon-http-2.4.jar
7f5b24ec6000-7f5b24ec7000 r--s 00003000 08:02 3402320                    /home/ankit/Downloads/android-studio/gradle/gradle-2.14.1/lib/plugins/aether-spi-1.13.1.jar
7f5b24ec7000-7f5b24ec8000 r--s 00006000 08:02 3402365                    /home/ankit/Downloads/android-studio/gradle/gradle-2.14.1/lib/plugins/plexus-sec-dispatcher-1.3.jar
7f5b24ec8000-7f5b24ee4000 r--s 000d3000 08:02 3402161                    /home/ankit/Downloads/android-studio/gradle/gradle-2.14.1/lib/plugins/gradle-dependency-management-2.14.1.jar
7f5b24ee4000-7f5b24ee8000 r-xp 00000000 08:02 3391672                    /home/ankit/.gradle/native/19/linux-amd64/libnative-platform.so
7f5b24ee8000-7f5b250e7000 ---p 00004000 08:02 3391672                    /home/ankit/.gradle/native/19/linux-amd64/libnative-platform.so
7f5b250e7000-7f5b250e8000 rw-p 00003000 08:02 3391672                    /home/ankit/.gradle/native/19/linux-amd64/libnative-platform.so
7f5b250e8000-7f5b250f9000 r-xp 00000000 08:02 199999                     /usr/lib/jvm/java-8-oracle/jre/lib/amd64/libnio.so
7f5b250f9000-7f5b252f8000 ---p 00011000 08:02 199999                     /usr/lib/jvm/java-8-oracle/jre/lib/amd64/libnio.so
7f5b252f8000-7f5b252f9000 rw-p 00010000 08:02 199999                     /usr/lib/jvm/java-8-oracle/jre/lib/amd64/libnio.so
7f5b252f9000-7f5b255fa000 rw-p 00000000 00:00 0 
7f5b255fa000-7f5b25610000 r-xp 00000000 08:02 199974                     /usr/lib/jvm/java-8-oracle/jre/lib/amd64/libnet.so
7f5b25610000-7f5b25810000 ---p 00016000 08:02 199974                     /usr/lib/jvm/java-8-oracle/jre/lib/amd64/libnet.so
7f5b25810000-7f5b25811000 rw-p 00016000 08:02 199974                     /usr/lib/jvm/java-8-oracle/jre/lib/amd64/libnet.so
7f5b25811000-7f5b25813000 r--s 00005000 08:02 3394358                    /home/ankit/Downloads/android-studio/gradle/gradle-2.14.1/lib/gradle-wrapper-2.14.1.jar
7f5b25813000-7f5b25821000 r--s 0004f000 08:02 3394344                    /home/ankit/Downloads/android-studio/gradle/gradle-2.14.1/lib/gradle-tooling-api-2.14.1.jar
7f5b25821000-7f5b25823000 r--s 00002000 08:02 3394350                    /home/ankit/Downloads/android-studio/gradle/gradle-2.14.1/lib/gradle-open-api-2.14.1.jar
7f5b25823000-7f5b25829000 r--s 00032000 08:02 3394400                    /home/ankit/Downloads/android-studio/gradle/gradle-2.14.1/lib/jaxen-1.1.jar
7f5b25829000-7f5b2582e000 r--s 00048000 08:02 3394380                    /home/ankit/Downloads/android-studio/gradle/gradle-2.14.1/lib/dom4j-1.6.1.jar
7f5b2582e000-7f5b25839000 r--s 00059000 08:02 3394373                    /home/ankit/Downloads/android-studio/gradle/gradle-2.14.1/lib/gradle-ui-2.14.1.jar
7f5b25839000-7f5b2583c000 r--s 0000b000 08:02 3394378                    /home/ankit/Downloads/android-studio/gradle/gradle-2.14.1/lib/gradle-resources-2.14.1.jar
7f5b2583c000-7f5b2583e000 r--s 00003000 08:02 3394402                    /home/ankit/Downloads/android-studio/gradle/gradle-2.14.1/lib/jcl-over-slf4j-1.7.10.jar
7f5b2583e000-7f5b2583f000 r--s 00005000 08:02 3394397                    /home/ankit/Downloads/android-studio/gradle/gradle-2.14.1/lib/log4j-over-slf4j-1.7.10.jar
7f5b2583f000-7f5b25841000 r--s 00000000 08:02 3394404                    /home/ankit/Downloads/android-studio/gradle/gradle-2.14.1/lib/jul-to-slf4j-1.7.10.jar
7f5b25841000-7f5b25846000 r--s 0001c000 08:02 3394356                    /home/ankit/Downloads/android-studio/gradle/gradle-2.14.1/lib/gradle-logging-2.14.1.jar
7f5b25846000-7f5b25848000 r--s 00007000 08:02 3394403                    /home/ankit/Downloads/android-studio/gradle/gradle-2.14.1/lib/objenesis-1.2.jar
7f5b25848000-7f5b2584a000 r--s 00000000 08:02 3394383                    /home/ankit/Downloads/android-studio/gradle/gradle-2.14.1/lib/minlog-1.2.jar
7f5b2584a000-7f5b2584c000 r--s 0000f000 08:02 3394389                    /home/ankit/Downloads/android-studio/gradle/gradle-2.14.1/lib/reflectasm-1.07-shaded.jar
7f5b2584c000-7f5b25850000 r--s 00026000 08:02 3394395                    /home/ankit/Downloads/android-studio/gradle/gradle-2.14.1/lib/kryo-2.20.jar
7f5b25850000-7f5b258bf000 r--s 0063e000 08:02 3394407                    /home/ankit/Downloads/android-studio/gradle/gradle-2.14.1/lib/groovy-all-2.4.4.jar
7f5b258bf000-7f5b258e7000 r--s 001cf000 08:02 3394387                    /home/ankit/Downloads/android-studio/gradle/gradle-2.14.1/lib/guava-jdk5-17.0.jar
7f5b258e7000-7f5b25906000 r--s 001d1000 08:02 3394357                    /home/ankit/Downloads/android-studio/gradle/gradle-2.14.1/lib/ant-1.9.6.jar
7f5b25906000-7f5b25907000 ---p 00000000 00:00 0 
7f5b25907000-7f5b25a07000 rw-p 00000000 00:00 0 
7f5b25a07000-7f5b25a0a000 ---p 00000000 00:00 0 
7f5b25a0a000-7f5b25b08000 rw-p 00000000 00:00 0 
7f5b25b08000-7f5b25b0b000 ---p 00000000 00:00 0 
7f5b25b0b000-7f5b25c09000 rw-p 00000000 00:00 0 
7f5b25c09000-7f5b25c0c000 ---p 00000000 00:00 0 
7f5b25c0c000-7f5b25d0a000 rw-p 00000000 00:00 0 
7f5b25d0a000-7f5b25d0d000 ---p 00000000 00:00 0 
7f5b25d0d000-7f5b25e0b000 rw-p 00000000 00:00 0 
7f5b25e0b000-7f5b25e0e000 ---p 00000000 00:00 0 
7f5b25e0e000-7f5b25f0c000 rw-p 00000000 00:00 0 
7f5b25f0c000-7f5b265ee000 r--p 00000000 08:02 59247                      /usr/lib/locale/locale-archive
7f5b265ee000-7f5b265f1000 ---p 00000000 00:00 0 
7f5b265f1000-7f5b266ef000 rw-p 00000000 00:00 0 
7f5b266ef000-7f5b266f2000 ---p 00000000 00:00 0 
7f5b266f2000-7f5b267f0000 rw-p 00000000 00:00 0 
7f5b267f0000-7f5b267f1000 ---p 00000000 00:00 0 
7f5b267f1000-7f5b28000000 rw-p 00000000 00:00 0 
7f5b28000000-7f5b2804e000 rw-p 00000000 00:00 0 
7f5b2804e000-7f5b2c000000 ---p 00000000 00:00 0 
7f5b2c000000-7f5b2c006000 r--s 00025000 08:02 3394347                    /home/ankit/Downloads/android-studio/gradle/gradle-2.14.1/lib/gradle-messaging-2.14.1.jar
7f5b2c006000-7f5b2c007000 r--s 00003000 08:02 3394401                    /home/ankit/Downloads/android-studio/gradle/gradle-2.14.1/lib/native-platform-freebsd-amd64-0.10.jar
7f5b2c007000-7f5b2c008000 r--s 00003000 08:02 3394390                    /home/ankit/Downloads/android-studio/gradle/gradle-2.14.1/lib/native-platform-freebsd-i386-0.10.jar
7f5b2c008000-7f5b2c009000 r--s 00005000 08:02 3394385                    /home/ankit/Downloads/android-studio/gradle/gradle-2.14.1/lib/native-platform-windows-i386-0.10.jar
7f5b2c009000-7f5b2c00a000 r--s 00005000 08:02 3394384                    /home/ankit/Downloads/android-studio/gradle/gradle-2.14.1/lib/native-platform-windows-amd64-0.10.jar
7f5b2c00a000-7f5b2c00b000 r--s 00003000 08:02 3394391                    /home/ankit/Downloads/android-studio/gradle/gradle-2.14.1/lib/native-platform-linux-i386-0.10.jar
7f5b2c00b000-7f5b2c00c000 r--s 00003000 08:02 3394382                    /home/ankit/Downloads/android-studio/gradle/gradle-2.14.1/lib/native-platform-linux-amd64-0.10.jar
7f5b2c00c000-7f5b2c00e000 r--s 00008000 08:02 3394399                    /home/ankit/Downloads/android-studio/gradle/gradle-2.14.1/lib/jansi-1.2.1.jar
7f5b2c00e000-7f5b2c011000 r--s 0000d000 08:02 3394394                    /home/ankit/Downloads/android-studio/gradle/gradle-2.14.1/lib/native-platform-0.10.jar
7f5b2c011000-7f5b2c015000 r--s 000e4000 08:02 3394393                    /home/ankit/Downloads/android-studio/gradle/gradle-2.14.1/lib/jna-3.2.7.jar
7f5b2c015000-7f5b2c017000 r--s 00009000 08:02 3394375                    /home/ankit/Downloads/android-studio/gradle/gradle-2.14.1/lib/gradle-native-2.14.1.jar
7f5b2c017000-7f5b2c019000 r--s 00005000 08:02 3394376                    /home/ankit/Downloads/android-studio/gradle/gradle-2.14.1/lib/gradle-cli-2.14.1.jar
7f5b2c019000-7f5b2c050000 r--s 001bd000 08:02 3394359                    /home/ankit/Downloads/android-studio/gradle/gradle-2.14.1/lib/gradle-core-2.14.1.jar
7f5b2c050000-7f5b2c0d4000 rw-p 00000000 00:00 0 
7f5b2c0d4000-7f5b2c2ac000 r--s 03d2a000 08:02 182584                     /usr/lib/jvm/java-8-oracle/jre/lib/rt.jar
7f5b2c2ac000-7f5b2f5ac000 rw-p 00000000 00:00 0 
7f5b2f5ac000-7f5b2f5ad000 ---p 00000000 00:00 0 
7f5b2f5ad000-7f5b2f6ad000 rw-p 00000000 00:00 0 
7f5b2f6ad000-7f5b2f6ae000 ---p 00000000 00:00 0 
7f5b2f6ae000-7f5b2f7ae000 rw-p 00000000 00:00 0 
7f5b2f7ae000-7f5b2f7af000 ---p 00000000 00:00 0 
7f5b2f7af000-7f5b2fa64000 rw-p 00000000 00:00 0 
7f5b2fa64000-7f5b2faaf000 ---p 00000000 00:00 0 
7f5b2faaf000-7f5b2fc64000 rw-p 00000000 00:00 0 
7f5b2fc64000-7f5b2fcaf000 ---p 00000000 00:00 0 
7f5b2fcaf000-7f5b2fdaf000 rw-p 00000000 00:00 0 
7f5b2fdaf000-7f5b2fe6d000 rw-p 00000000 00:00 0 
7f5b2fe6d000-7f5b30170000 ---p 00000000 00:00 0 
7f5b30170000-7f5b33080000 rwxp 00000000 00:00 0 
7f5b33080000-7f5b3f170000 ---p 00000000 00:00 0 
7f5b3f170000-7f5b3f18a000 r-xp 00000000 08:02 199997                     /usr/lib/jvm/java-8-oracle/jre/lib/amd64/libzip.so
7f5b3f18a000-7f5b3f38a000 ---p 0001a000 08:02 199997                     /usr/lib/jvm/java-8-oracle/jre/lib/amd64/libzip.so
7f5b3f38a000-7f5b3f38b000 rw-p 0001a000 08:02 199997                     /usr/lib/jvm/java-8-oracle/jre/lib/amd64/libzip.so
7f5b3f38b000-7f5b3f395000 r-xp 00000000 08:02 2621662                    /lib/x86_64-linux-gnu/libnss_files-2.21.so
7f5b3f395000-7f5b3f595000 ---p 0000a000 08:02 2621662                    /lib/x86_64-linux-gnu/libnss_files-2.21.so
7f5b3f595000-7f5b3f596000 r--p 0000a000 08:02 2621662                    /lib/x86_64-linux-gnu/libnss_files-2.21.so
7f5b3f596000-7f5b3f597000 rw-p 0000b000 08:02 2621662                    /lib/x86_64-linux-gnu/libnss_files-2.21.so
7f5b3f597000-7f5b3f5a2000 r-xp 00000000 08:02 2623427                    /lib/x86_64-linux-gnu/libnss_nis-2.21.so
7f5b3f5a2000-7f5b3f7a1000 ---p 0000b000 08:02 2623427                    /lib/x86_64-linux-gnu/libnss_nis-2.21.so
7f5b3f7a1000-7f5b3f7a2000 r--p 0000a000 08:02 2623427                    /lib/x86_64-linux-gnu/libnss_nis-2.21.so
7f5b3f7a2000-7f5b3f7a3000 rw-p 0000b000 08:02 2623427                    /lib/x86_64-linux-gnu/libnss_nis-2.21.so
7f5b3f7a3000-7f5b3f7ba000 r-xp 00000000 08:02 2623430                    /lib/x86_64-linux-gnu/libnsl-2.21.so
7f5b3f7ba000-7f5b3f9b9000 ---p 00017000 08:02 2623430                    /lib/x86_64-linux-gnu/libnsl-2.21.so
7f5b3f9b9000-7f5b3f9ba000 r--p 00016000 08:02 2623430                    /lib/x86_64-linux-gnu/libnsl-2.21.so
7f5b3f9ba000-7f5b3f9bb000 rw-p 00017000 08:02 2623430                    /lib/x86_64-linux-gnu/libnsl-2.21.so
7f5b3f9bb000-7f5b3f9bd000 rw-p 00000000 00:00 0 
7f5b3f9bd000-7f5b3f9c5000 r-xp 00000000 08:02 2622662                    /lib/x86_64-linux-gnu/libnss_compat-2.21.so
7f5b3f9c5000-7f5b3fbc4000 ---p 00008000 08:02 2622662                    /lib/x86_64-linux-gnu/libnss_compat-2.21.so
7f5b3fbc4000-7f5b3fbc5000 r--p 00007000 08:02 2622662                    /lib/x86_64-linux-gnu/libnss_compat-2.21.so
7f5b3fbc5000-7f5b3fbc6000 rw-p 00008000 08:02 2622662                    /lib/x86_64-linux-gnu/libnss_compat-2.21.so
7f5b3fbc6000-7f5b3fbf1000 r-xp 00000000 08:02 200024                     /usr/lib/jvm/java-8-oracle/jre/lib/amd64/libjava.so
7f5b3fbf1000-7f5b3fdf0000 ---p 0002b000 08:02 200024                     /usr/lib/jvm/java-8-oracle/jre/lib/amd64/libjava.so
7f5b3fdf0000-7f5b3fdf2000 rw-p 0002a000 08:02 200024                     /usr/lib/jvm/java-8-oracle/jre/lib/amd64/libjava.so
7f5b3fdf2000-7f5b3fdff000 r-xp 00000000 08:02 199975                     /usr/lib/jvm/java-8-oracle/jre/lib/amd64/libverify.so
7f5b3fdff000-7f5b3fffe000 ---p 0000d000 08:02 199975                     /usr/lib/jvm/java-8-oracle/jre/lib/amd64/libverify.so
7f5b3fffe000-7f5b40000000 rw-p 0000c000 08:02 199975                     /usr/lib/jvm/java-8-oracle/jre/lib/amd64/libverify.so
7f5b40000000-7f5b40b77000 rw-p 00000000 00:00 0 
7f5b40b77000-7f5b44000000 ---p 00000000 00:00 0 
7f5b44000000-7f5b44001000 r--s 00002000 08:02 3394381                    /home/ankit/Downloads/android-studio/gradle/gradle-2.14.1/lib/native-platform-osx-amd64-0.10.jar
7f5b44001000-7f5b44010000 r--s 00080000 08:02 3394371                    /home/ankit/Downloads/android-studio/gradle/gradle-2.14.1/lib/gradle-model-core-2.14.1.jar
7f5b44010000-7f5b4401d000 r--s 00083000 08:02 3394379                    /home/ankit/Downloads/android-studio/gradle/gradle-2.14.1/lib/commons-collections-3.2.2.jar
7f5b4401d000-7f5b440e2000 rw-p 00000000 00:00 0 
7f5b440e2000-7f5b440e3000 ---p 00000000 00:00 0 
7f5b440e3000-7f5b441e3000 rw-p 00000000 00:00 0 
7f5b441e3000-7f5b441ea000 r-xp 00000000 08:02 2621663                    /lib/x86_64-linux-gnu/librt-2.21.so
7f5b441ea000-7f5b443e9000 ---p 00007000 08:02 2621663                    /lib/x86_64-linux-gnu/librt-2.21.so
7f5b443e9000-7f5b443ea000 r--p 00006000 08:02 2621663                    /lib/x86_64-linux-gnu/librt-2.21.so
7f5b443ea000-7f5b443eb000 rw-p 00007000 08:02 2621663                    /lib/x86_64-linux-gnu/librt-2.21.so
7f5b443eb000-7f5b444f2000 r-xp 00000000 08:02 2623271                    /lib/x86_64-linux-gnu/libm-2.21.so
7f5b444f2000-7f5b446f1000 ---p 00107000 08:02 2623271                    /lib/x86_64-linux-gnu/libm-2.21.so
7f5b446f1000-7f5b446f2000 r--p 00106000 08:02 2623271                    /lib/x86_64-linux-gnu/libm-2.21.so
7f5b446f2000-7f5b446f3000 rw-p 00107000 08:02 2623271                    /lib/x86_64-linux-gnu/libm-2.21.so
7f5b446f3000-7f5b453c0000 r-xp 00000000 08:02 200028                     /usr/lib/jvm/java-8-oracle/jre/lib/amd64/server/libjvm.so
7f5b453c0000-7f5b455bf000 ---p 00ccd000 08:02 200028                     /usr/lib/jvm/java-8-oracle/jre/lib/amd64/server/libjvm.so
7f5b455bf000-7f5b45698000 rw-p 00ccc000 08:02 200028                     /usr/lib/jvm/java-8-oracle/jre/lib/amd64/server/libjvm.so
7f5b45698000-7f5b456e3000 rw-p 00000000 00:00 0 
7f5b456e3000-7f5b458a3000 r-xp 00000000 08:02 2623433                    /lib/x86_64-linux-gnu/libc-2.21.so
7f5b458a3000-7f5b45aa3000 ---p 001c0000 08:02 2623433                    /lib/x86_64-linux-gnu/libc-2.21.so
7f5b45aa3000-7f5b45aa7000 r--p 001c0000 08:02 2623433                    /lib/x86_64-linux-gnu/libc-2.21.so
7f5b45aa7000-7f5b45aa9000 rw-p 001c4000 08:02 2623433                    /lib/x86_64-linux-gnu/libc-2.21.so
7f5b45aa9000-7f5b45aad000 rw-p 00000000 00:00 0 
7f5b45aad000-7f5b45ab0000 r-xp 00000000 08:02 2623420                    /lib/x86_64-linux-gnu/libdl-2.21.so
7f5b45ab0000-7f5b45caf000 ---p 00003000 08:02 2623420                    /lib/x86_64-linux-gnu/libdl-2.21.so
7f5b45caf000-7f5b45cb0000 r--p 00002000 08:02 2623420                    /lib/x86_64-linux-gnu/libdl-2.21.so
7f5b45cb0000-7f5b45cb1000 rw-p 00003000 08:02 2623420                    /lib/x86_64-linux-gnu/libdl-2.21.so
7f5b45cb1000-7f5b45cc6000 r-xp 00000000 08:02 158504                     /usr/lib/jvm/java-8-oracle/lib/amd64/jli/libjli.so
7f5b45cc6000-7f5b45ec6000 ---p 00015000 08:02 158504                     /usr/lib/jvm/java-8-oracle/lib/amd64/jli/libjli.so
7f5b45ec6000-7f5b45ec7000 rw-p 00015000 08:02 158504                     /usr/lib/jvm/java-8-oracle/lib/amd64/jli/libjli.so
7f5b45ec7000-7f5b45edf000 r-xp 00000000 08:02 2623413                    /lib/x86_64-linux-gnu/libpthread-2.21.so
7f5b45edf000-7f5b460df000 ---p 00018000 08:02 2623413                    /lib/x86_64-linux-gnu/libpthread-2.21.so
7f5b460df000-7f5b460e0000 r--p 00018000 08:02 2623413                    /lib/x86_64-linux-gnu/libpthread-2.21.so
7f5b460e0000-7f5b460e1000 rw-p 00019000 08:02 2623413                    /lib/x86_64-linux-gnu/libpthread-2.21.so
7f5b460e1000-7f5b460e5000 rw-p 00000000 00:00 0 
7f5b460e5000-7f5b46109000 r-xp 00000000 08:02 2623431                    /lib/x86_64-linux-gnu/ld-2.21.so
7f5b46109000-7f5b4610a000 r--s 00002000 08:02 3394398                    /home/ankit/Downloads/android-studio/gradle/gradle-2.14.1/lib/native-platform-osx-i386-0.10.jar
7f5b4610a000-7f5b4610c000 r--s 00007000 08:02 3394353                    /home/ankit/Downloads/android-studio/gradle/gradle-2.14.1/lib/gradle-model-groovy-2.14.1.jar
7f5b4610c000-7f5b4610d000 r--s 00006000 08:02 3394370                    /home/ankit/Downloads/android-studio/gradle/gradle-2.14.1/lib/gradle-base-services-groovy-2.14.1.jar
7f5b4610d000-7f5b4610e000 r--s 00002000 08:02 3394360                    /home/ankit/Downloads/android-studio/gradle/gradle-2.14.1/lib/gradle-docs-2.14.1.jar
7f5b4610e000-7f5b4610f000 r--s 00000000 08:02 3394406                    /home/ankit/Downloads/android-studio/gradle/gradle-2.14.1/lib/javax.inject-1.jar
7f5b4610f000-7f5b46110000 r--s 00000000 08:02 3394388                    /home/ankit/Downloads/android-studio/gradle/gradle-2.14.1/lib/jcip-annotations-1.0.jar
7f5b46110000-7f5b46114000 r--s 00027000 08:02 3394396                    /home/ankit/Downloads/android-studio/gradle/gradle-2.14.1/lib/commons-io-2.2.jar
7f5b46114000-7f5b46119000 r--s 00038000 08:02 3394363                    /home/ankit/Downloads/android-studio/gradle/gradle-2.14.1/lib/asm-all-5.1.jar
7f5b46119000-7f5b4611a000 r--s 00001000 08:02 3394374                    /home/ankit/Downloads/android-studio/gradle/gradle-2.14.1/lib/gradle-process-services-2.14.1.jar
7f5b4611a000-7f5b4611b000 r--s 00000000 08:02 3394345                    /home/ankit/Downloads/android-studio/gradle/gradle-2.14.1/lib/gradle-jvm-services-2.14.1.jar
7f5b4611b000-7f5b46120000 r--s 00041000 08:02 3394392                    /home/ankit/Downloads/android-studio/gradle/gradle-2.14.1/lib/commons-lang-2.6.jar
7f5b46120000-7f5b461e2000 rw-p 00000000 00:00 0 
7f5b461e2000-7f5b461e5000 ---p 00000000 00:00 0 
7f5b461e5000-7f5b462e7000 rw-p 00000000 00:00 0 
7f5b462e7000-7f5b462e8000 r--s 00007000 08:02 3394386                    /home/ankit/Downloads/android-studio/gradle/gradle-2.14.1/lib/slf4j-api-1.7.10.jar
7f5b462e8000-7f5b462e9000 r--s 00004000 08:02 3394372                    /home/ankit/Downloads/android-studio/gradle/gradle-2.14.1/lib/ant-launcher-1.9.6.jar
7f5b462e9000-7f5b462f1000 r--s 0003a000 08:02 3394364                    /home/ankit/Downloads/android-studio/gradle/gradle-2.14.1/lib/gradle-base-services-2.14.1.jar
7f5b462f1000-7f5b462fc000 r--s 00051000 08:02 3394361                    /home/ankit/Downloads/android-studio/gradle/gradle-2.14.1/lib/gradle-launcher-2.14.1.jar
7f5b462fc000-7f5b46304000 rw-s 00000000 08:02 5033428                    /tmp/hsperfdata_ankit/24976
7f5b46304000-7f5b46305000 rw-p 00000000 00:00 0 
7f5b46305000-7f5b46306000 ---p 00000000 00:00 0 
7f5b46306000-7f5b46308000 rw-p 00000000 00:00 0 
7f5b46308000-7f5b46309000 r--p 00023000 08:02 2623431                    /lib/x86_64-linux-gnu/ld-2.21.so
7f5b46309000-7f5b4630a000 rw-p 00024000 08:02 2623431                    /lib/x86_64-linux-gnu/ld-2.21.so
7f5b4630a000-7f5b4630b000 rw-p 00000000 00:00 0 
7ffc6b23d000-7ffc6b25e000 rw-p 00000000 00:00 0                          [stack]
7ffc6b362000-7ffc6b364000 r--p 00000000 00:00 0                          [vvar]
7ffc6b364000-7ffc6b366000 r-xp 00000000 00:00 0                          [vdso]
ffffffffff600000-ffffffffff601000 r-xp 00000000 00:00 0                  [vsyscall]

VM Arguments:
jvm_args: -Xmx1536m -Dfile.encoding=UTF-8 -Duser.country=IN -Duser.language=en -Duser.variant 
java_command: org.gradle.launcher.daemon.bootstrap.GradleDaemon 2.14.1
java_class_path (initial): /home/ankit/Downloads/android-studio/gradle/gradle-2.14.1/lib/gradle-launcher-2.14.1.jar
Launcher Type: SUN_STANDARD

Environment Variables:
JAVA_HOME=/usr/lib/jvm/java-8-oracle
PATH=/usr/local/sbin:/usr/local/bin:/usr/sbin:/usr/bin:/sbin:/bin:/usr/games:/usr/local/games:/usr/lib/jvm/java-8-oracle/bin:/usr/lib/jvm/java-8-oracle/db/bin:/usr/lib/jvm/java-8-oracle/jre/bin
LD_LIBRARY_PATH=Downloads/android-studio/bin:
SHELL=/bin/bash
DISPLAY=:0

Signal Handlers:
SIGSEGV: [libjvm.so+0xac64b0], sa_mask[0]=11111111011111111101111111111110, sa_flags=SA_RESTART|SA_SIGINFO
SIGBUS: [libjvm.so+0xac64b0], sa_mask[0]=11111111011111111101111111111110, sa_flags=SA_RESTART|SA_SIGINFO
SIGFPE: [libjvm.so+0x91f950], sa_mask[0]=11111111011111111101111111111110, sa_flags=SA_RESTART|SA_SIGINFO
SIGPIPE: [libjvm.so+0x91f950], sa_mask[0]=11111111011111111101111111111110, sa_flags=SA_RESTART|SA_SIGINFO
SIGXFSZ: [libjvm.so+0x91f950], sa_mask[0]=11111111011111111101111111111110, sa_flags=SA_RESTART|SA_SIGINFO
SIGILL: [libjvm.so+0x91f950], sa_mask[0]=11111111011111111101111111111110, sa_flags=SA_RESTART|SA_SIGINFO
SIGUSR1: SIG_DFL, sa_mask[0]=00000000000000000000000000000000, sa_flags=none
SIGUSR2: [libjvm.so+0x920f80], sa_mask[0]=00100000000000000000000000000000, sa_flags=SA_RESTART|SA_SIGINFO
SIGHUP: [libjvm.so+0x922380], sa_mask[0]=11111111011111111101111111111110, sa_flags=SA_RESTART|SA_SIGINFO
SIGINT: [libjvm.so+0x922380], sa_mask[0]=11111111011111111101111111111110, sa_flags=SA_RESTART|SA_SIGINFO
SIGTERM: [libjvm.so+0x922380], sa_mask[0]=11111111011111111101111111111110, sa_flags=SA_RESTART|SA_SIGINFO
SIGQUIT: [libjvm.so+0x922380], sa_mask[0]=11111111011111111101111111111110, sa_flags=SA_RESTART|SA_SIGINFO


---------------  S Y S T E M  ---------------

OS:DISTRIB_ID=Ubuntu
DISTRIB_RELEASE=15.10
DISTRIB_CODENAME=wily
DISTRIB_DESCRIPTION="Ubuntu 15.10"

uname:Linux 4.2.0-42-generic #49-Ubuntu SMP Tue Jun 28 21:26:26 UTC 2016 x86_64
libc:glibc 2.21 NPTL 2.21 
rlimit: STACK 8192k, CORE 0k, NPROC 31537, NOFILE 65536, AS infinity
load average:5.11 7.77 6.68

/proc/meminfo:
MemTotal:        8110256 kB
MemFree:          127752 kB
MemAvailable:      86444 kB
Buffers:             844 kB
Cached:           524544 kB
SwapCached:            0 kB
Active:          7252692 kB
Inactive:         472260 kB
Active(anon):    7238240 kB
Inactive(anon):   451972 kB
Active(file):      14452 kB
Inactive(file):    20288 kB
Unevictable:          96 kB
Mlocked:              96 kB
SwapTotal:             0 kB
SwapFree:              0 kB
Dirty:               120 kB
Writeback:             0 kB
AnonPages:       7199688 kB
Mapped:           256236 kB
Shmem:            490624 kB
Slab:             104580 kB
SReclaimable:      51584 kB
SUnreclaim:        52996 kB
KernelStack:       14768 kB
PageTables:        82096 kB
NFS_Unstable:          0 kB
Bounce:                0 kB
WritebackTmp:          0 kB
CommitLimit:     4055128 kB
Committed_AS:   16977960 kB
VmallocTotal:   34359738367 kB
VmallocUsed:      552020 kB
VmallocChunk:   34358423548 kB
HardwareCorrupted:     0 kB
AnonHugePages:   3479552 kB
CmaTotal:              0 kB
CmaFree:               0 kB
HugePages_Total:       0
HugePages_Free:        0
HugePages_Rsvd:        0
HugePages_Surp:        0
Hugepagesize:       2048 kB
DirectMap4k:      246464 kB
DirectMap2M:     8077312 kB
DirectMap1G:     1048576 kB


CPU:total 4 (2 cores per cpu, 2 threads per core) family 6 model 69 stepping 1, cmov, cx8, fxsr, mmx, sse, sse2, sse3, ssse3, sse4.1, sse4.2, popcnt, avx, avx2, aes, clmul, erms, lzcnt, ht, tsc, tscinvbit, bmi1, bmi2

/proc/cpuinfo:
processor	: 0
vendor_id	: GenuineIntel
cpu family	: 6
model		: 69
model name	: Intel(R) Core(TM) i3-4005U CPU @ 1.70GHz
stepping	: 1
microcode	: 0x1c
cpu MHz		: 1591.425
cache size	: 3072 KB
physical id	: 0
siblings	: 4
core id		: 0
cpu cores	: 2
apicid		: 0
initial apicid	: 0
fpu		: yes
fpu_exception	: yes
cpuid level	: 13
wp		: yes
flags		: fpu vme de pse tsc msr pae mce cx8 apic sep mtrr pge mca cmov pat pse36 clflush dts acpi mmx fxsr sse sse2 ss ht tm pbe syscall nx pdpe1gb rdtscp lm constant_tsc arch_perfmon pebs bts rep_good nopl xtopology nonstop_tsc aperfmperf eagerfpu pni pclmulqdq dtes64 monitor ds_cpl vmx est tm2 ssse3 fma cx16 xtpr pdcm pcid sse4_1 sse4_2 movbe popcnt tsc_deadline_timer aes xsave avx f16c rdrand lahf_lm abm ida arat epb pln pts dtherm tpr_shadow vnmi flexpriority ept vpid fsgsbase tsc_adjust bmi1 avx2 smep bmi2 erms invpcid xsaveopt
bugs		:
bogomips	: 3392.03
clflush size	: 64
cache_alignment	: 64
address sizes	: 39 bits physical, 48 bits virtual
power management:

processor	: 1
vendor_id	: GenuineIntel
cpu family	: 6
model		: 69
model name	: Intel(R) Core(TM) i3-4005U CPU @ 1.70GHz
stepping	: 1
microcode	: 0x1c
cpu MHz		: 1353.957
cache size	: 3072 KB
physical id	: 0
siblings	: 4
core id		: 0
cpu cores	: 2
apicid		: 1
initial apicid	: 1
fpu		: yes
fpu_exception	: yes
cpuid level	: 13
wp		: yes
flags		: fpu vme de pse tsc msr pae mce cx8 apic sep mtrr pge mca cmov pat pse36 clflush dts acpi mmx fxsr sse sse2 ss ht tm pbe syscall nx pdpe1gb rdtscp lm constant_tsc arch_perfmon pebs bts rep_good nopl xtopology nonstop_tsc aperfmperf eagerfpu pni pclmulqdq dtes64 monitor ds_cpl vmx est tm2 ssse3 fma cx16 xtpr pdcm pcid sse4_1 sse4_2 movbe popcnt tsc_deadline_timer aes xsave avx f16c rdrand lahf_lm abm ida arat epb pln pts dtherm tpr_shadow vnmi flexpriority ept vpid fsgsbase tsc_adjust bmi1 avx2 smep bmi2 erms invpcid xsaveopt
bugs		:
bogomips	: 3392.03
clflush size	: 64
cache_alignment	: 64
address sizes	: 39 bits physical, 48 bits virtual
power management:

processor	: 2
vendor_id	: GenuineIntel
cpu family	: 6
model		: 69
model name	: Intel(R) Core(TM) i3-4005U CPU @ 1.70GHz
stepping	: 1
microcode	: 0x1c
cpu MHz		: 1699.800
cache size	: 3072 KB
physical id	: 0
siblings	: 4
core id		: 1
cpu cores	: 2
apicid		: 2
initial apicid	: 2
fpu		: yes
fpu_exception	: yes
cpuid level	: 13
wp		: yes
flags		: fpu vme de pse tsc msr pae mce cx8 apic sep mtrr pge mca cmov pat pse36 clflush dts acpi mmx fxsr sse sse2 ss ht tm pbe syscall nx pdpe1gb rdtscp lm constant_tsc arch_perfmon pebs bts rep_good nopl xtopology nonstop_tsc aperfmperf eagerfpu pni pclmulqdq dtes64 monitor ds_cpl vmx est tm2 ssse3 fma cx16 xtpr pdcm pcid sse4_1 sse4_2 movbe popcnt tsc_deadline_timer aes xsave avx f16c rdrand lahf_lm abm ida arat epb pln pts dtherm tpr_shadow vnmi flexpriority ept vpid fsgsbase tsc_adjust bmi1 avx2 smep bmi2 erms invpcid xsaveopt
bugs		:
bogomips	: 3392.03
clflush size	: 64
cache_alignment	: 64
address sizes	: 39 bits physical, 48 bits virtual
power management:

processor	: 3
vendor_id	: GenuineIntel
cpu family	: 6
model		: 69
model name	: Intel(R) Core(TM) i3-4005U CPU @ 1.70GHz
stepping	: 1
microcode	: 0x1c
cpu MHz		: 1099.156
cache size	: 3072 KB
physical id	: 0
siblings	: 4
core id		: 1
cpu cores	: 2
apicid		: 3
initial apicid	: 3
fpu		: yes
fpu_exception	: yes
cpuid level	: 13
wp		: yes
flags		: fpu vme de pse tsc msr pae mce cx8 apic sep mtrr pge mca cmov pat pse36 clflush dts acpi mmx fxsr sse sse2 ss ht tm pbe syscall nx pdpe1gb rdtscp lm constant_tsc arch_perfmon pebs bts rep_good nopl xtopology nonstop_tsc aperfmperf eagerfpu pni pclmulqdq dtes64 monitor ds_cpl vmx est tm2 ssse3 fma cx16 xtpr pdcm pcid sse4_1 sse4_2 movbe popcnt tsc_deadline_timer aes xsave avx f16c rdrand lahf_lm abm ida arat epb pln pts dtherm tpr_shadow vnmi flexpriority ept vpid fsgsbase tsc_adjust bmi1 avx2 smep bmi2 erms invpcid xsaveopt
bugs		:
bogomips	: 3392.03
clflush size	: 64
cache_alignment	: 64
address sizes	: 39 bits physical, 48 bits virtual
power management:



Memory: 4k page, physical 8110256k(127752k free), swap 0k(0k free)

vm_info: Java HotSpot(TM) 64-Bit Server VM (25.111-b14) for linux-amd64 JRE (1.8.0_111-b14), built on Sep 22 2016 16:14:03 by "java_re" with gcc 4.3.0 20080428 (Red Hat 4.3.0-8)

time: Thu Dec 29 21:57:00 2016
elapsed time: 236 seconds (0d 0h 3m 56s)

