#
# There is insufficient memory for the Java Runtime Environment to continue.
# Native memory allocation (mmap) failed to map 184549376 bytes for committing reserved memory.
# Possible reasons:
#   The system is out of physical RAM or swap space
#   In 32 bit mode, the process size limit was hit
# Possible solutions:
#   Reduce memory load on the system
#   Increase physical memory or swap space
#   Check if swap backing store is full
#   Use 64 bit Java on a 64 bit OS
#   Decrease Java heap size (-Xmx/-Xms)
#   Decrease number of Java threads
#   Decrease Java thread stack sizes (-Xss)
#   Set larger code cache with -XX:ReservedCodeCacheSize=
# This output file may be truncated or incomplete.
#
#  Out of Memory Error (os_linux.cpp:2627), pid=24233, tid=0x00007f682c175700
#
# JRE version: Java(TM) SE Runtime Environment (8.0_111-b14) (build 1.8.0_111-b14)
# Java VM: Java HotSpot(TM) 64-Bit Server VM (25.111-b14 mixed mode linux-amd64 compressed oops)
# Failed to write core dump. Core dumps have been disabled. To enable core dumping, try "ulimit -c unlimited" before starting Java again
#

---------------  T H R E A D  ---------------

Current thread (0x00007f6828078000):  VMThread [stack: 0x00007f682c075000,0x00007f682c176000] [id=24241]

Stack: [0x00007f682c075000,0x00007f682c176000],  sp=0x00007f682c174120,  free space=1020k
Native frames: (J=compiled Java code, j=interpreted, Vv=VM code, C=native code)
V  [libjvm.so+0xac5c2a]  VMError::report_and_die()+0x2ba
V  [libjvm.so+0x4fc50b]  report_vm_out_of_memory(char const*, int, unsigned long, VMErrorType, char const*)+0x8b
V  [libjvm.so+0x922ae3]  os::Linux::commit_memory_impl(char*, unsigned long, bool)+0x103
V  [libjvm.so+0x923039]  os::pd_commit_memory(char*, unsigned long, unsigned long, bool)+0x29
V  [libjvm.so+0x91d33a]  os::commit_memory(char*, unsigned long, unsigned long, bool)+0x2a
V  [libjvm.so+0x991ac3]  PSVirtualSpace::expand_by(unsigned long)+0x53
V  [libjvm.so+0x982380]  PSOldGen::expand(unsigned long)+0x170
V  [libjvm.so+0x98258b]  PSOldGen::resize(unsigned long)+0x1cb
V  [libjvm.so+0x98a291]  PSParallelCompact::invoke_no_policy(bool)+0x991
V  [libjvm.so+0x98fbed]  PSScavenge::invoke()+0x1ad
V  [libjvm.so+0x9467d0]  ParallelScavengeHeap::failed_mem_allocate(unsigned long)+0x70
V  [libjvm.so+0xac7647]  VM_ParallelGCFailedAllocation::doit()+0x97
V  [libjvm.so+0xacf125]  VM_Operation::evaluate()+0x55
V  [libjvm.so+0xacd4fa]  VMThread::evaluate_operation(VM_Operation*)+0xba
V  [libjvm.so+0xacd87e]  VMThread::loop()+0x1ce
V  [libjvm.so+0xacdcf0]  VMThread::run()+0x70
V  [libjvm.so+0x924ea8]  java_start(Thread*)+0x108

VM_Operation (0x00007f6808472e70): ParallelGCFailedAllocation, mode: safepoint, requested by thread 0x00007f67c0063800


---------------  P R O C E S S  ---------------

Java Threads: ( => current thread )
  0x00007f67c0063800 JavaThread "pool-8-thread-4" [_thread_blocked, id=24432, stack(0x00007f6808374000,0x00007f6808475000)]
  0x00007f67c0062800 JavaThread "pool-8-thread-3" [_thread_blocked, id=24431, stack(0x00007f6808273000,0x00007f6808374000)]
  0x00007f67c0061800 JavaThread "pool-8-thread-2" [_thread_blocked, id=24430, stack(0x00007f6808475000,0x00007f6808576000)]
  0x00007f67c0060000 JavaThread "pool-9-thread-1" [_thread_blocked, id=24429, stack(0x00007f6808576000,0x00007f6808677000)]
  0x00007f67c005f800 JavaThread "pool-8-thread-1" [_thread_blocked, id=24428, stack(0x00007f6808172000,0x00007f6808273000)]
  0x00007f67c9170000 JavaThread "pool-6-thread-1" [_thread_blocked, id=24427, stack(0x00007f680b2b5000,0x00007f680b3b6000)]
  0x00007f67c835c800 JavaThread "pool-4-thread-4" [_thread_blocked, id=24313, stack(0x00007f6808877000,0x00007f6808978000)]
  0x00007f67c835a800 JavaThread "pool-4-thread-3" [_thread_blocked, id=24312, stack(0x00007f6808978000,0x00007f6808a79000)]
  0x00007f67c8bef800 JavaThread "pool-4-thread-2" [_thread_blocked, id=24311, stack(0x00007f6808a79000,0x00007f6808b7a000)]
  0x00007f67c8bea800 JavaThread "pool-4-thread-1" [_thread_blocked, id=24310, stack(0x00007f6808b7a000,0x00007f6808c7b000)]
  0x00007f67c8a58000 JavaThread "File lock request listener" [_thread_in_native, id=24281, stack(0x00007f680a43a000,0x00007f680a53b000)]
  0x00007f67c876d000 JavaThread "process reaper" daemon [_thread_blocked, id=24280, stack(0x00007f680a803000,0x00007f680a83c000)]
  0x00007f67c8010800 JavaThread "Asynchronous log dispatcher for org.gradle.launcher.daemon.server.DefaultDaemonConnection@487df10c" [_thread_blocked, id=24266, stack(0x00007f680b3b6000,0x00007f680b4b7000)]
  0x00007f67cc007000 JavaThread "Daemon worker" [_thread_blocked, id=24263, stack(0x00007f680b4b7000,0x00007f680b5b8000)]
  0x00007f67cc00a800 JavaThread "Cancel handler" [_thread_blocked, id=24262, stack(0x00007f680b5b8000,0x00007f680b6b9000)]
  0x00007f67cc003800 JavaThread "Handler for socket connection from /127.0.0.1:34976 to /127.0.0.1:52892" [_thread_in_native, id=24261, stack(0x00007f680b6b9000,0x00007f680b7ba000)]
  0x00007f67d8014800 JavaThread "Daemon" [_thread_blocked, id=24260, stack(0x00007f680b7ba000,0x00007f680b8bb000)]
  0x00007f6828afe800 JavaThread "Incoming local TCP Connector on port 34976" [_thread_in_native, id=24257, stack(0x00007f680bac2000,0x00007f680bbc3000)]
  0x00007f6828ac3000 JavaThread "pool-1-thread-1" [_thread_blocked, id=24256, stack(0x00007f680bbc3000,0x00007f680bcc4000)]
  0x00007f68280c1000 JavaThread "Service Thread" daemon [_thread_blocked, id=24248, stack(0x00007f6818217000,0x00007f6818318000)]
  0x00007f68280bd800 JavaThread "C1 CompilerThread2" daemon [_thread_blocked, id=24247, stack(0x00007f6818318000,0x00007f6818419000)]
  0x00007f68280bb800 JavaThread "C2 CompilerThread1" daemon [_thread_blocked, id=24246, stack(0x00007f6818419000,0x00007f681851a000)]
  0x00007f68280b9000 JavaThread "C2 CompilerThread0" daemon [_thread_blocked, id=24245, stack(0x00007f681851a000,0x00007f681861b000)]
  0x00007f68280b7800 JavaThread "Signal Dispatcher" daemon [_thread_blocked, id=24244, stack(0x00007f681861b000,0x00007f681871c000)]
  0x00007f6828084800 JavaThread "Finalizer" daemon [_thread_blocked, id=24243, stack(0x00007f6818dfe000,0x00007f6818eff000)]
  0x00007f682807f800 JavaThread "Reference Handler" daemon [_thread_blocked, id=24242, stack(0x00007f6818eff000,0x00007f6819000000)]
  0x00007f682800a000 JavaThread "main" [_thread_blocked, id=24236, stack(0x00007f68319fa000,0x00007f6831afb000)]

Other Threads:
=>0x00007f6828078000 VMThread [stack: 0x00007f682c075000,0x00007f682c176000] [id=24241]
  0x00007f68280c3800 WatcherThread [stack: 0x00007f6818116000,0x00007f6818217000] [id=24249]

VM state:at safepoint (normal execution)

VM Mutex/Monitor currently owned by a thread:  ([mutex/lock_event])
[0x00007f6828005bb0] ExpandHeap_lock - owner thread: 0x00007f6828078000
[0x00007f6828006230] Threads_lock - owner thread: 0x00007f6828078000
[0x00007f6828006730] Heap_lock - owner thread: 0x00007f67c0063800

Heap:
 PSYoungGen      total 414208K, used 0K [0x00000000e0000000, 0x0000000100000000, 0x0000000100000000)
  eden space 304128K, 0% used [0x00000000e0000000,0x00000000e0000000,0x00000000f2900000)
  from space 110080K, 0% used [0x00000000f2900000,0x00000000f2900000,0x00000000f9480000)
  to   space 103936K, 0% used [0x00000000f9a80000,0x00000000f9a80000,0x0000000100000000)
 ParOldGen       total 477184K, used 450321K [0x00000000a0000000, 0x00000000bd200000, 0x00000000e0000000)
  object space 477184K, 94% used [0x00000000a0000000,0x00000000bb7c46d0,0x00000000bd200000)
 Metaspace       used 63159K, capacity 64568K, committed 64896K, reserved 1105920K
  class space    used 8244K, capacity 8542K, committed 8576K, reserved 1048576K

Card table byte_map: [0x00007f682e4aa000,0x00007f682e7ab000] byte_map_base: 0x00007f682dfaa000

Marking Bits: (ParMarkBitMap*) 0x00007f6830ece220
 Begin Bits: [0x00007f6811000000, 0x00007f6812800000)
 End Bits:   [0x00007f6812800000, 0x00007f6814000000)

Polling page: 0x00007f6831b1d000

CodeCache: size=245760Kb used=39709Kb max_used=39999Kb free=206050Kb
 bounds [0x00007f6819000000, 0x00007f681b770000, 0x00007f6828000000]
 total_blobs=11835 nmethods=11090 adapters=655
 compilation: enabled

Compilation events (10 events):
Event: 125.880 Thread 0x00007f68280bd800 14840       3       com.android.dx.ssa.SsaMethod::deleteInsns (239 bytes)
Event: 125.896 Thread 0x00007f68280bd800 nmethod 14840 0x00007f681b758750 code [0x00007f681b758b60, 0x00007f681b75b5f8]
Event: 125.896 Thread 0x00007f68280bd800 14842       3       com.android.dx.ssa.PhiInsn::getSources (95 bytes)
Event: 125.900 Thread 0x00007f68280bd800 nmethod 14842 0x00007f681b1b0890 code [0x00007f681b1b0b00, 0x00007f681b1b1cb8]
Event: 125.900 Thread 0x00007f68280bd800 14841 %     3       com.android.dx.ssa.DeadCodeRemover::run @ 109 (194 bytes)
Event: 125.907 Thread 0x00007f68280bd800 nmethod 14841% 0x00007f681b2cd390 code [0x00007f681b2cd700, 0x00007f681b2cf5b8]
Event: 125.907 Thread 0x00007f68280bd800 14844       2       com.android.dx.ssa.DeadCodeRemover$NoSideEffectVisitor::<init> (10 bytes)
Event: 125.907 Thread 0x00007f68280bd800 nmethod 14844 0x00007f681b34c350 code [0x00007f681b34c4a0, 0x00007f681b34c610]
Event: 125.921 Thread 0x00007f68280bd800 14845       3       com.android.dx.ssa.DeadCodeRemover::run (194 bytes)
Event: 125.930 Thread 0x00007f68280bd800 nmethod 14845 0x00007f681b40a450 code [0x00007f681b40a7a0, 0x00007f681b40c498]

GC Heap History (10 events):
Event: 117.810 GC heap after
Heap after GC invocations=33 (full 5):
 PSYoungGen      total 435200K, used 57009K [0x00000000e0000000, 0x0000000100000000, 0x0000000100000000)
  eden space 356352K, 0% used [0x00000000e0000000,0x00000000e0000000,0x00000000f5c00000)
  from space 78848K, 72% used [0x00000000fb300000,0x00000000feaac6a0,0x0000000100000000)
  to   space 83968K, 0% used [0x00000000f5c00000,0x00000000f5c00000,0x00000000fae00000)
 ParOldGen       total 307200K, used 257315K [0x00000000a0000000, 0x00000000b2c00000, 0x00000000e0000000)
  object space 307200K, 83% used [0x00000000a0000000,0x00000000afb48f40,0x00000000b2c00000)
 Metaspace       used 63152K, capacity 64568K, committed 64896K, reserved 1105920K
  class space    used 8244K, capacity 8542K, committed 8576K, reserved 1048576K
}
Event: 117.810 GC heap before
{Heap before GC invocations=34 (full 6):
 PSYoungGen      total 435200K, used 57009K [0x00000000e0000000, 0x0000000100000000, 0x0000000100000000)
  eden space 356352K, 0% used [0x00000000e0000000,0x00000000e0000000,0x00000000f5c00000)
  from space 78848K, 72% used [0x00000000fb300000,0x00000000feaac6a0,0x0000000100000000)
  to   space 83968K, 0% used [0x00000000f5c00000,0x00000000f5c00000,0x00000000fae00000)
 ParOldGen       total 307200K, used 257315K [0x00000000a0000000, 0x00000000b2c00000, 0x00000000e0000000)
  object space 307200K, 83% used [0x00000000a0000000,0x00000000afb48f40,0x00000000b2c00000)
 Metaspace       used 63152K, capacity 64568K, committed 64896K, reserved 1105920K
  class space    used 8244K, capacity 8542K, committed 8576K, reserved 1048576K
Event: 120.117 GC heap after
Heap after GC invocations=34 (full 6):
 PSYoungGen      total 435200K, used 0K [0x00000000e0000000, 0x0000000100000000, 0x0000000100000000)
  eden space 356352K, 0% used [0x00000000e0000000,0x00000000e0000000,0x00000000f5c00000)
  from space 78848K, 0% used [0x00000000fb300000,0x00000000fb300000,0x0000000100000000)
  to   space 83968K, 0% used [0x00000000f5c00000,0x00000000f5c00000,0x00000000fae00000)
 ParOldGen       total 477184K, used 306770K [0x00000000a0000000, 0x00000000bd200000, 0x00000000e0000000)
  object space 477184K, 64% used [0x00000000a0000000,0x00000000b2b94b28,0x00000000bd200000)
 Metaspace       used 63152K, capacity 64568K, committed 64896K, reserved 1105920K
  class space    used 8244K, capacity 8542K, committed 8576K, reserved 1048576K
}
Event: 122.102 GC heap before
{Heap before GC invocations=35 (full 6):
 PSYoungGen      total 435200K, used 356352K [0x00000000e0000000, 0x0000000100000000, 0x0000000100000000)
  eden space 356352K, 100% used [0x00000000e0000000,0x00000000f5c00000,0x00000000f5c00000)
  from space 78848K, 0% used [0x00000000fb300000,0x00000000fb300000,0x0000000100000000)
  to   space 83968K, 0% used [0x00000000f5c00000,0x00000000f5c00000,0x00000000fae00000)
 ParOldGen       total 477184K, used 306770K [0x00000000a0000000, 0x00000000bd200000, 0x00000000e0000000)
  object space 477184K, 64% used [0x00000000a0000000,0x00000000b2b94b28,0x00000000bd200000)
 Metaspace       used 63158K, capacity 64568K, committed 64896K, reserved 1105920K
  class space    used 8244K, capacity 8542K, committed 8576K, reserved 1048576K
Event: 122.275 GC heap after
Heap after GC invocations=35 (full 6):
 PSYoungGen      total 413696K, used 56936K [0x00000000e0000000, 0x0000000100000000, 0x0000000100000000)
  eden space 356352K, 0% used [0x00000000e0000000,0x00000000e0000000,0x00000000f5c00000)
  from space 57344K, 99% used [0x00000000f5c00000,0x00000000f939a358,0x00000000f9400000)
  to   space 87552K, 0% used [0x00000000faa80000,0x00000000faa80000,0x0000000100000000)
 ParOldGen       total 477184K, used 306778K [0x00000000a0000000, 0x00000000bd200000, 0x00000000e0000000)
  object space 477184K, 64% used [0x00000000a0000000,0x00000000b2b96b28,0x00000000bd200000)
 Metaspace       used 63158K, capacity 64568K, committed 64896K, reserved 1105920K
  class space    used 8244K, capacity 8542K, committed 8576K, reserved 1048576K
}
Event: 124.291 GC heap before
{Heap before GC invocations=36 (full 6):
 PSYoungGen      total 413696K, used 413288K [0x00000000e0000000, 0x0000000100000000, 0x0000000100000000)
  eden space 356352K, 100% used [0x00000000e0000000,0x00000000f5c00000,0x00000000f5c00000)
  from space 57344K, 99% used [0x00000000f5c00000,0x00000000f939a358,0x00000000f9400000)
  to   space 87552K, 0% used [0x00000000faa80000,0x00000000faa80000,0x0000000100000000)
 ParOldGen       total 477184K, used 306778K [0x00000000a0000000, 0x00000000bd200000, 0x00000000e0000000)
  object space 477184K, 64% used [0x00000000a0000000,0x00000000b2b96b28,0x00000000bd200000)
 Metaspace       used 63158K, capacity 64568K, committed 64896K, reserved 1105920K
  class space    used 8244K, capacity 8542K, committed 8576K, reserved 1048576K
Event: 124.576 GC heap after
Heap after GC invocations=36 (full 6):
 PSYoungGen      total 391680K, used 87538K [0x00000000e0000000, 0x0000000100000000, 0x0000000100000000)
  eden space 304128K, 0% used [0x00000000e0000000,0x00000000e0000000,0x00000000f2900000)
  from space 87552K, 99% used [0x00000000faa80000,0x00000000ffffca50,0x0000000100000000)
  to   space 110080K, 0% used [0x00000000f2900000,0x00000000f2900000,0x00000000f9480000)
 ParOldGen       total 477184K, used 328083K [0x00000000a0000000, 0x00000000bd200000, 0x00000000e0000000)
  object space 477184K, 68% used [0x00000000a0000000,0x00000000b4064f28,0x00000000bd200000)
 Metaspace       used 63158K, capacity 64568K, committed 64896K, reserved 1105920K
  class space    used 8244K, capacity 8542K, committed 8576K, reserved 1048576K
}
Event: 126.137 GC heap before
{Heap before GC invocations=37 (full 6):
 PSYoungGen      total 391680K, used 391666K [0x00000000e0000000, 0x0000000100000000, 0x0000000100000000)
  eden space 304128K, 100% used [0x00000000e0000000,0x00000000f2900000,0x00000000f2900000)
  from space 87552K, 99% used [0x00000000faa80000,0x00000000ffffca50,0x0000000100000000)
  to   space 110080K, 0% used [0x00000000f2900000,0x00000000f2900000,0x00000000f9480000)
 ParOldGen       total 477184K, used 328083K [0x00000000a0000000, 0x00000000bd200000, 0x00000000e0000000)
  object space 477184K, 68% used [0x00000000a0000000,0x00000000b4064f28,0x00000000bd200000)
 Metaspace       used 63159K, capacity 64568K, committed 64896K, reserved 1105920K
  class space    used 8244K, capacity 8542K, committed 8576K, reserved 1048576K
Event: 126.593 GC heap after
Heap after GC invocations=37 (full 6):
 PSYoungGen      total 414208K, used 44116K [0x00000000e0000000, 0x0000000100000000, 0x0000000100000000)
  eden space 304128K, 0% used [0x00000000e0000000,0x00000000e0000000,0x00000000f2900000)
  from space 110080K, 40% used [0x00000000f2900000,0x00000000f5415290,0x00000000f9480000)
  to   space 103936K, 0% used [0x00000000f9a80000,0x00000000f9a80000,0x0000000100000000)
 ParOldGen       total 477184K, used 415792K [0x00000000a0000000, 0x00000000bd200000, 0x00000000e0000000)
  object space 477184K, 87% used [0x00000000a0000000,0x00000000b960c150,0x00000000bd200000)
 Metaspace       used 63159K, capacity 64568K, committed 64896K, reserved 1105920K
  class space    used 8244K, capacity 8542K, committed 8576K, reserved 1048576K
}
Event: 126.594 GC heap before
{Heap before GC invocations=38 (full 7):
 PSYoungGen      total 414208K, used 44116K [0x00000000e0000000, 0x0000000100000000, 0x0000000100000000)
  eden space 304128K, 0% used [0x00000000e0000000,0x00000000e0000000,0x00000000f2900000)
  from space 110080K, 40% used [0x00000000f2900000,0x00000000f5415290,0x00000000f9480000)
  to   space 103936K, 0% used [0x00000000f9a80000,0x00000000f9a80000,0x0000000100000000)
 ParOldGen       total 477184K, used 415792K [0x00000000a0000000, 0x00000000bd200000, 0x00000000e0000000)
  object space 477184K, 87% used [0x00000000a0000000,0x00000000b960c150,0x00000000bd200000)
 Metaspace       used 63159K, capacity 64568K, committed 64896K, reserved 1105920K
  class space    used 8244K, capacity 8542K, committed 8576K, reserved 1048576K

Deoptimization events (10 events):
Event: 122.492 Thread 0x00007f67c005f800 Uncommon trap: reason=unstable_if action=reinterpret pc=0x00007f681b705e0c method=com.android.dx.rop.type.Type.isReference()Z @ 6
Event: 122.616 Thread 0x00007f67c9170000 Uncommon trap: reason=unstable_if action=reinterpret pc=0x00007f681b71f498 method=com.android.dx.cf.code.RopperMachine.updateReturnOp(Lcom/android/dx/rop/code/Rop;Lcom/android/dx/rop/code/SourcePosition;)V @ 106
Event: 123.968 Thread 0x00007f67c9170000 Uncommon trap: reason=unstable_if action=reinterpret pc=0x00007f681b236bd4 method=com.android.dx.dex.code.RopTranslator.outputBlock(Lcom/android/dx/rop/code/BasicBlock;I)V @ 140
Event: 124.616 Thread 0x00007f67c0061800 Uncommon trap: reason=unstable_if action=reinterpret pc=0x00007f681afbd744 method=com.android.dx.ssa.SCCP.replaceBranches()V @ 14
Event: 124.855 Thread 0x00007f67c9170000 Uncommon trap: reason=bimorphic action=maybe_recompile pc=0x00007f681b64086c method=com.android.dx.cf.code.BytecodeArray.parseInstruction(ILcom/android/dx/cf/code/BytecodeArray$Visitor;)I @ 1067
Event: 124.855 Thread 0x00007f67c9170000 Uncommon trap: reason=bimorphic action=maybe_recompile pc=0x00007f681b64086c method=com.android.dx.cf.code.BytecodeArray.parseInstruction(ILcom/android/dx/cf/code/BytecodeArray$Visitor;)I @ 1067
Event: 125.505 Thread 0x00007f67c0061800 Uncommon trap: reason=unstable_if action=reinterpret pc=0x00007f681b2be558 method=com.android.dx.util.LabeledList.set(ILcom/android/dx/util/LabeledItem;)V @ 16
Event: 125.880 Thread 0x00007f67c9170000 Uncommon trap: reason=unstable_if action=reinterpret pc=0x00007f681b66926c method=com.android.dx.ssa.SsaMethod.onInsnRemoved(Lcom/android/dx/ssa/SsaInsn;)V @ 29
Event: 125.880 Thread 0x00007f67c9170000 Uncommon trap: reason=unstable_if action=reinterpret pc=0x00007f681b5de6e8 method=com.android.dx.ssa.PhiInsn.getSources()Lcom/android/dx/rop/code/RegisterSpecList; @ 19
Event: 125.880 Thread 0x00007f67c9170000 Uncommon trap: reason=unstable_if action=reinterpret pc=0x00007f681afd09cc method=com.android.dx.ssa.PhiInsn.getSources()Lcom/android/dx/rop/code/RegisterSpecList; @ 19

Internal exceptions (10 events):
Event: 40.671 Thread 0x00007f67cc007000 Exception <a 'java/lang/NoSuchMethodError': <clinit>> (0x00000000e6c16890) thrown at [/HUDSON3/workspace/8-2-build-linux-amd64/jdk8u111/7883/hotspot/src/share/vm/prims/jni.cpp, line 1613]
Event: 45.795 Thread 0x00007f67cc007000 Implicit null exception at 0x00007f681a04efd7 to 0x00007f681a05261d
Event: 54.457 Thread 0x00007f67cc007000 Implicit null exception at 0x00007f681a70ec99 to 0x00007f681a71082a
Event: 63.009 Thread 0x00007f67cc007000 Implicit null exception at 0x00007f681aa582e3 to 0x00007f681aa589ad
Event: 72.786 Thread 0x00007f67cc007000 Exception <a 'java/lang/NoSuchMethodError': <clinit>> (0x00000000e34a47e0) thrown at [/HUDSON3/workspace/8-2-build-linux-amd64/jdk8u111/7883/hotspot/src/share/vm/prims/jni.cpp, line 1613]
Event: 83.402 Thread 0x00007f67cc007000 Implicit null exception at 0x00007f681a34c60f to 0x00007f681a34cde5
Event: 101.681 Thread 0x00007f67c0062800 Implicit null exception at 0x00007f681afcbea8 to 0x00007f681afccdb1
Event: 102.201 Thread 0x00007f67c0063800 Implicit null exception at 0x00007f681b09cf21 to 0x00007f681b09dbf1
Event: 107.489 Thread 0x00007f67c005f800 Implicit null exception at 0x00007f681b2d5c0c to 0x00007f681b2d62b1
Event: 125.880 Thread 0x00007f67c9170000 Implicit null exception at 0x00007f681b66751c to 0x00007f681b6691ed

Events (10 events):
Event: 126.056 Thread 0x00007f67c0063800 DEOPT UNPACKING pc=0x00007f6819047633 sp=0x00007f6808472c80 mode 0
Event: 126.061 Thread 0x00007f67c0063800 DEOPT PACKING pc=0x00007f6819e14ba1 sp=0x00007f6808472fe0
Event: 126.061 Thread 0x00007f67c0063800 DEOPT UNPACKING pc=0x00007f6819047633 sp=0x00007f6808472d90 mode 0
Event: 126.073 Thread 0x00007f67c0063800 DEOPT PACKING pc=0x00007f681b75b18d sp=0x00007f6808472e80
Event: 126.073 Thread 0x00007f67c0063800 DEOPT UNPACKING pc=0x00007f6819047633 sp=0x00007f6808472c80 mode 0
Event: 126.081 Thread 0x00007f67c005f800 DEOPT PACKING pc=0x00007f681b24b379 sp=0x00007f6808270af0
Event: 126.081 Thread 0x00007f67c005f800 DEOPT UNPACKING pc=0x00007f6819047633 sp=0x00007f6808270950 mode 0
Event: 126.081 Thread 0x00007f67c005f800 DEOPT PACKING pc=0x00007f6819f228c1 sp=0x00007f6808270d20
Event: 126.081 Thread 0x00007f67c005f800 DEOPT UNPACKING pc=0x00007f6819047633 sp=0x00007f6808270b70 mode 0
Event: 126.137 Executing VM operation: ParallelGCFailedAllocation


Dynamic libraries:
00400000-00401000 r-xp 00000000 08:02 182546                             /usr/lib/jvm/java-8-oracle/bin/java
00600000-00601000 rw-p 00000000 08:02 182546                             /usr/lib/jvm/java-8-oracle/bin/java
00d38000-00d81000 rw-p 00000000 00:00 0                                  [heap]
a0000000-bd200000 rw-p 00000000 00:00 0 
c8200000-e0000000 ---p 00000000 00:00 0 
e0000000-100000000 rw-p 00000000 00:00 0 
100000000-100860000 rw-p 00000000 00:00 0 
100860000-140000000 ---p 00000000 00:00 0 
7f6797600000-7f6797700000 rw-p 00000000 00:00 0 
7f6797700000-7f6797800000 ---p 00000000 00:00 0 
7f6797800000-7f6797a00000 rw-p 00000000 00:00 0 
7f6797a00000-7f6797c00000 rw-p 00000000 00:00 0 
7f6797c00000-7f6797e00000 rw-p 00000000 00:00 0 
7f6797e00000-7f6798000000 rw-p 00000000 00:00 0 
7f6798000000-7f6798021000 rw-p 00000000 00:00 0 
7f6798021000-7f679c000000 ---p 00000000 00:00 0 
7f679c000000-7f679c081000 rw-p 00000000 00:00 0 
7f679c081000-7f67a0000000 ---p 00000000 00:00 0 
7f67a0000000-7f67a0021000 rw-p 00000000 00:00 0 
7f67a0021000-7f67a4000000 ---p 00000000 00:00 0 
7f67a4000000-7f67a4054000 rw-p 00000000 00:00 0 
7f67a4054000-7f67a8000000 ---p 00000000 00:00 0 
7f67a8000000-7f67a8021000 rw-p 00000000 00:00 0 
7f67a8021000-7f67ac000000 ---p 00000000 00:00 0 
7f67ac000000-7f67ac021000 rw-p 00000000 00:00 0 
7f67ac021000-7f67b0000000 ---p 00000000 00:00 0 
7f67b0000000-7f67b0021000 rw-p 00000000 00:00 0 
7f67b0021000-7f67b4000000 ---p 00000000 00:00 0 
7f67b4000000-7f67b4021000 rw-p 00000000 00:00 0 
7f67b4021000-7f67b8000000 ---p 00000000 00:00 0 
7f67b8000000-7f67b8021000 rw-p 00000000 00:00 0 
7f67b8021000-7f67bc000000 ---p 00000000 00:00 0 
7f67bc000000-7f67bc021000 rw-p 00000000 00:00 0 
7f67bc021000-7f67c0000000 ---p 00000000 00:00 0 
7f67c0000000-7f67c01aa000 rw-p 00000000 00:00 0 
7f67c01aa000-7f67c4000000 ---p 00000000 00:00 0 
7f67c4000000-7f67c4021000 rw-p 00000000 00:00 0 
7f67c4021000-7f67c8000000 ---p 00000000 00:00 0 
7f67c8000000-7f67c9377000 rw-p 00000000 00:00 0 
7f67c9377000-7f67cc000000 ---p 00000000 00:00 0 
7f67cc000000-7f67cc021000 rw-p 00000000 00:00 0 
7f67cc021000-7f67d0000000 ---p 00000000 00:00 0 
7f67d0000000-7f67d0021000 rw-p 00000000 00:00 0 
7f67d0021000-7f67d4000000 ---p 00000000 00:00 0 
7f67d4000000-7f67d4021000 rw-p 00000000 00:00 0 
7f67d4021000-7f67d8000000 ---p 00000000 00:00 0 
7f67d8000000-7f67d8073000 rw-p 00000000 00:00 0 
7f67d8073000-7f67dc000000 ---p 00000000 00:00 0 
7f67dc000000-7f67dc021000 rw-p 00000000 00:00 0 
7f67dc021000-7f67e0000000 ---p 00000000 00:00 0 
7f67e0000000-7f67e0021000 rw-p 00000000 00:00 0 
7f67e0021000-7f67e4000000 ---p 00000000 00:00 0 
7f67e4000000-7f67e6025000 rw-p 00000000 00:00 0 
7f67e6025000-7f67e8000000 ---p 00000000 00:00 0 
7f67e8000000-7f67e9182000 rw-p 00000000 00:00 0 
7f67e9182000-7f67ec000000 ---p 00000000 00:00 0 
7f67ec000000-7f67ec021000 rw-p 00000000 00:00 0 
7f67ec021000-7f67f0000000 ---p 00000000 00:00 0 
7f67f0000000-7f67f28d6000 rw-p 00000000 00:00 0 
7f67f28d6000-7f67f4000000 ---p 00000000 00:00 0 
7f67f4000000-7f67f4021000 rw-p 00000000 00:00 0 
7f67f4021000-7f67f8000000 ---p 00000000 00:00 0 
7f67f8000000-7f67f8021000 rw-p 00000000 00:00 0 
7f67f8021000-7f67fc000000 ---p 00000000 00:00 0 
7f67fc000000-7f67fc037000 rw-p 00000000 00:00 0 
7f67fc037000-7f6800000000 ---p 00000000 00:00 0 
7f6800000000-7f68002bf000 rw-p 00000000 00:00 0 
7f68002bf000-7f6804000000 ---p 00000000 00:00 0 
7f6804000000-7f680411e000 rw-p 00000000 00:00 0 
7f680411e000-7f6808000000 ---p 00000000 00:00 0 
7f6808069000-7f6808172000 r--s 00aa3000 08:02 4525009                    /home/ankit/Desktop/Evento/app/build/intermediates/transforms/jarMerging/debug/jars/1/1f/combined.jar
7f6808172000-7f6808175000 ---p 00000000 00:00 0 
7f6808175000-7f6808273000 rw-p 00000000 00:00 0 
7f6808273000-7f6808276000 ---p 00000000 00:00 0 
7f6808276000-7f6808374000 rw-p 00000000 00:00 0 
7f6808374000-7f6808377000 ---p 00000000 00:00 0 
7f6808377000-7f6808475000 rw-p 00000000 00:00 0 
7f6808475000-7f6808478000 ---p 00000000 00:00 0 
7f6808478000-7f6808576000 rw-p 00000000 00:00 0 
7f6808576000-7f6808579000 ---p 00000000 00:00 0 
7f6808579000-7f6808877000 rw-p 00000000 00:00 0 
7f6808877000-7f680887a000 ---p 00000000 00:00 0 
7f680887a000-7f6808978000 rw-p 00000000 00:00 0 
7f6808978000-7f680897b000 ---p 00000000 00:00 0 
7f680897b000-7f6808a79000 rw-p 00000000 00:00 0 
7f6808a79000-7f6808a7c000 ---p 00000000 00:00 0 
7f6808a7c000-7f6808b7a000 rw-p 00000000 00:00 0 
7f6808b7a000-7f6808b7d000 ---p 00000000 00:00 0 
7f6808b7d000-7f6808e7b000 rw-p 00000000 00:00 0 
7f6808e7b000-7f680907b000 rw-p 00000000 00:00 0 
7f680907b000-7f680927b000 rw-p 00000000 00:00 0 
7f680927b000-7f680947b000 rw-p 00000000 00:00 0 
7f680947b000-7f680967b000 rw-p 00000000 00:00 0 
7f680967b000-7f680987b000 rw-p 00000000 00:00 0 
7f680987b000-7f6809a7b000 rw-p 00000000 00:00 0 
7f6809a7b000-7f6809c7b000 rw-p 00000000 00:00 0 
7f6809c7b000-7f6809e7b000 rw-p 00000000 00:00 0 
7f6809e7b000-7f680a07b000 rw-p 00000000 00:00 0 
7f680a07b000-7f680a27b000 rw-p 00000000 00:00 0 
7f680a355000-7f680a356000 rw-p 00000000 00:00 0 
7f680a356000-7f680a369000 r--s 00345000 08:02 182681                     /usr/lib/jvm/java-8-oracle/jre/lib/resources.jar
7f680a369000-7f680a394000 r--s 001fc000 08:02 3802331                    /home/ankit/Downloads/android-studio/gradle/m2repository/com/google/guava/guava/18.0/guava-18.0.jar
7f680a394000-7f680a395000 r--s 00001000 08:02 3877617                    /home/ankit/Downloads/android-studio/gradle/m2repository/com/android/tools/annotations/25.2.0/annotations-25.2.0.jar
7f680a395000-7f680a3a7000 r--s 000b3000 08:02 3989804                    /home/ankit/Downloads/android-studio/gradle/m2repository/com/android/tools/external/com-intellij/uast/145.597.3/uast-145.597.3.jar
7f680a3a7000-7f680a3af000 r--s 000a8000 08:02 3753715                    /home/ankit/Downloads/android-studio/gradle/m2repository/com/android/tools/external/lombok/lombok-ast/0.2.3/lombok-ast-0.2.3.jar
7f680a3af000-7f680a3b1000 r--s 0000d000 08:02 3760231                    /home/ankit/Downloads/android-studio/gradle/m2repository/commons-codec/commons-codec/1.4/commons-codec-1.4.jar
7f680a3b1000-7f680a3b3000 r--s 0000d000 08:02 3540543                    /home/ankit/Downloads/android-studio/gradle/m2repository/commons-logging/commons-logging/1.1.1/commons-logging-1.1.1.jar
7f680a3b3000-7f680a3b8000 r--s 00028000 08:02 3753367                    /home/ankit/Downloads/android-studio/gradle/m2repository/org/apache/httpcomponents/httpcore/4.1/httpcore-4.1.jar
7f680a3b8000-7f680a3bc000 r--s 0002f000 08:02 3845228                    /home/ankit/Downloads/android-studio/gradle/m2repository/com/google/jimfs/jimfs/1.1/jimfs-1.1.jar
7f680a3bc000-7f680a3bd000 r--s 00004000 08:02 3753443                    /home/ankit/Downloads/android-studio/gradle/m2repository/com/intellij/annotations/12.0/annotations-12.0.jar
7f680a3bd000-7f680a3be000 r--s 00004000 08:02 3713300                    /home/ankit/Downloads/android-studio/gradle/m2repository/org/ow2/asm/asm-analysis/5.0.4/asm-analysis-5.0.4.jar
7f680a3be000-7f680a3c2000 r--s 0003b000 08:02 4017281                    /home/ankit/Downloads/android-studio/gradle/m2repository/com/android/tools/lint/lint-api/25.2.0/lint-api-25.2.0.jar
7f680a3c2000-7f680a3c4000 r--s 00005000 08:02 3753358                    /home/ankit/Downloads/android-studio/gradle/m2repository/org/apache/httpcomponents/httpmime/4.1/httpmime-4.1.jar
7f680a3c4000-7f680a3cc000 r--s 0004e000 08:02 3753378                    /home/ankit/Downloads/android-studio/gradle/m2repository/org/apache/httpcomponents/httpclient/4.1.1/httpclient-4.1.1.jar
7f680a3cc000-7f680a3d3000 r--s 00053000 08:02 3753390                    /home/ankit/Downloads/android-studio/gradle/m2repository/org/apache/commons/commons-compress/1.8.1/commons-compress-1.8.1.jar
7f680a3d3000-7f680a3d8000 r--s 0002a000 08:02 3753476                    /home/ankit/Downloads/android-studio/gradle/m2repository/com/google/code/gson/gson/2.2.4/gson-2.2.4.jar
7f680a3d8000-7f680a3dd000 r--s 0002d000 08:02 4000509                    /home/ankit/Downloads/android-studio/gradle/m2repository/com/android/tools/repository/25.2.0/repository-25.2.0.jar
7f680a3dd000-7f680a3e0000 r--s 00014000 08:02 3835823                    /home/ankit/Downloads/android-studio/gradle/m2repository/com/android/tools/layoutlib/layoutlib-api/25.2.0/layoutlib-api-25.2.0.jar
7f680a3e0000-7f680a3f0000 r--s 000d6000 08:02 3760205                    /home/ankit/Downloads/android-studio/gradle/m2repository/net/sf/proguard/proguard-base/5.2.1/proguard-base-5.2.1.jar
7f680a3f0000-7f680a407000 r--s 00154000 08:02 3787896                    /home/ankit/Downloads/android-studio/gradle/m2repository/org/antlr/antlr4/4.5.3/antlr4-4.5.3.jar
7f680a407000-7f680a43a000 r--s 00203000 08:02 3753331                    /home/ankit/Downloads/android-studio/gradle/m2repository/org/bouncycastle/bcprov-jdk15on/1.48/bcprov-jdk15on-1.48.jar
7f680a43a000-7f680a43d000 ---p 00000000 00:00 0 
7f680a43d000-7f680a53b000 rw-p 00000000 00:00 0 
7f680a53b000-7f680a53c000 r--s 0000a000 08:02 3760193                    /home/ankit/Downloads/android-studio/gradle/m2repository/net/sf/kxml/kxml2/2.3.0/kxml2-2.3.0.jar
7f680a53c000-7f680a53d000 r--s 00005000 08:02 3941528                    /home/ankit/Downloads/android-studio/gradle/m2repository/com/android/tools/dvlib/25.2.0/dvlib-25.2.0.jar
7f680a53d000-7f680a542000 r--s 00058000 08:02 3631976                    /home/ankit/Downloads/android-studio/gradle/m2repository/org/ow2/asm/asm-debug-all/5.0.1/asm-debug-all-5.0.1.jar
7f680a542000-7f680a545000 r--s 00033000 08:02 3753450                    /home/ankit/Downloads/android-studio/gradle/m2repository/com/googlecode/juniversalchardet/juniversalchardet/1.0.3/juniversalchardet-1.0.3.jar
7f680a545000-7f680a549000 r--s 0002a000 08:02 3506651                    /home/ankit/Downloads/android-studio/gradle/m2repository/commons-io/commons-io/2.4/commons-io-2.4.jar
7f680a549000-7f680a54a000 r--s 00002000 08:02 3845251                    /home/ankit/Downloads/android-studio/gradle/m2repository/com/android/databinding/baseLibrary/2.2.0/baseLibrary-2.2.0.jar
7f680a54a000-7f680a55d000 r--s 00236000 08:02 3779712                    /home/ankit/Downloads/android-studio/gradle/m2repository/org/eclipse/jdt/core/compiler/ecj/4.5.1/ecj-4.5.1.jar
7f680a55d000-7f680a564000 r--s 000c3000 08:02 3927174                    /home/ankit/Downloads/android-studio/gradle/m2repository/com/android/tools/lint/lint-checks/25.2.0/lint-checks-25.2.0.jar
7f680a564000-7f680a566000 r--s 00006000 08:02 3754422                    /home/ankit/Downloads/android-studio/gradle/m2repository/org/ow2/asm/asm-tree/5.0.4/asm-tree-5.0.4.jar
7f680a566000-7f680a574000 r--s 00081000 08:02 3753336                    /home/ankit/Downloads/android-studio/gradle/m2repository/org/bouncycastle/bcpkix-jdk15on/1.48/bcpkix-jdk15on-1.48.jar
7f680a574000-7f680a576000 r--s 00002000 08:02 3753458                    /home/ankit/Downloads/android-studio/gradle/m2repository/com/squareup/javawriter/2.5.0/javawriter-2.5.0.jar
7f680a576000-7f680a577000 r--s 00002000 08:02 4009078                    /home/ankit/Downloads/android-studio/gradle/m2repository/com/android/tools/analytics-library/tracker/25.2.0/tracker-25.2.0.jar
7f680a577000-7f680a579000 r--s 00003000 08:02 4009086                    /home/ankit/Downloads/android-studio/gradle/m2repository/com/android/tools/analytics-library/shared/25.2.0/shared-25.2.0.jar
7f680a579000-7f680a586000 r--s 000ed000 08:02 4009082                    /home/ankit/Downloads/android-studio/gradle/m2repository/com/android/tools/analytics-library/protos/25.2.0/protos-25.2.0.jar
7f680a586000-7f680a587000 r--s 00001000 08:02 3753578                    /home/ankit/Downloads/android-studio/gradle/m2repository/com/android/tools/jill/jill-api/0.10.0/jill-api-0.10.0.jar
7f680a587000-7f680a589000 r--s 00003000 08:02 4024806                    /home/ankit/Downloads/android-studio/gradle/m2repository/com/android/tools/jack/jack-api/0.11.0/jack-api-0.11.0.jar
7f680a589000-7f680a58e000 r--s 0004a000 08:02 3918754                    /home/ankit/Downloads/android-studio/gradle/m2repository/com/android/tools/ddms/ddmlib/25.2.0/ddmlib-25.2.0.jar
7f680a58e000-7f680a591000 r--s 00021000 08:02 3910779                    /home/ankit/Downloads/android-studio/gradle/m2repository/com/android/tools/build/manifest-merger/25.2.0/manifest-merger-25.2.0.jar
7f680a591000-7f680a593000 r--s 0001c000 08:02 4031682                    /home/ankit/Downloads/android-studio/gradle/m2repository/com/android/tools/common/25.2.0/common-25.2.0.jar
7f680a593000-7f680a59c000 r--s 00083000 08:02 3885105                    /home/ankit/Downloads/android-studio/gradle/m2repository/com/android/tools/sdk-common/25.2.0/sdk-common-25.2.0.jar
7f680a59c000-7f680a5a7000 r--s 0008e000 08:02 4024802                    /home/ankit/Downloads/android-studio/gradle/m2repository/com/android/tools/sdklib/25.2.0/sdklib-25.2.0.jar
7f680a5a7000-7f680a5a8000 r--s 00002000 08:02 3894391                    /home/ankit/Downloads/android-studio/gradle/m2repository/com/android/tools/build/builder-test-api/2.2.0/builder-test-api-2.2.0.jar
7f680a5a8000-7f680a5ab000 r--s 00005000 08:02 3754438                    /home/ankit/Downloads/android-studio/gradle/m2repository/com/android/tools/build/builder-model/2.2.0/builder-model-2.2.0.jar
7f680a5ab000-7f680a5b3000 r--s 0007b000 08:02 3819714                    /home/ankit/Downloads/android-studio/gradle/m2repository/com/google/protobuf/protobuf-java/2.5.0/protobuf-java-2.5.0.jar
7f680a5b3000-7f680a5b5000 r--s 0000f000 08:02 4041488                    /home/ankit/Downloads/android-studio/gradle/m2repository/net/sf/jopt-simple/jopt-simple/4.9/jopt-simple-4.9.jar
7f680a5b5000-7f680a5b9000 r--s 0001f000 08:02 3795671                    /home/ankit/Downloads/android-studio/gradle/m2repository/org/jacoco/org.jacoco.report/0.7.5.201505241946/org.jacoco.report-0.7.5.201505241946.jar
7f680a5b9000-7f680a5bd000 r--s 0001d000 08:02 3787900                    /home/ankit/Downloads/android-studio/gradle/m2repository/org/jacoco/org.jacoco.core/0.7.5.201505241946/org.jacoco.core-0.7.5.201505241946.jar
7f680a5bd000-7f680a5be000 r--s 00002000 08:02 3760221                    /home/ankit/Downloads/android-studio/gradle/m2repository/net/sf/proguard/proguard-gradle/5.2.1/proguard-gradle-5.2.1.jar
7f680a5be000-7f680a5c0000 r--s 00009000 08:02 3779703                    /home/ankit/Downloads/android-studio/gradle/m2repository/org/ow2/asm/asm-commons/5.0.4/asm-commons-5.0.4.jar
7f680a5c0000-7f680a5c2000 r--s 0000c000 08:02 3779709                    /home/ankit/Downloads/android-studio/gradle/m2repository/org/ow2/asm/asm/5.0.4/asm-5.0.4.jar
7f680a5c2000-7f680a5c6000 r--s 0002b000 08:02 3853442                    /home/ankit/Downloads/android-studio/gradle/m2repository/com/android/databinding/compilerCommon/2.2.0/compilerCommon-2.2.0.jar
7f680a5c6000-7f680a5c7000 r--s 00002000 08:02 3894401                    /home/ankit/Downloads/android-studio/gradle/m2repository/com/android/tools/build/gradle-api/2.2.0/gradle-api-2.2.0.jar
7f680a5c7000-7f680a5c8000 r--s 00000000 08:02 3753573                    /home/ankit/Downloads/android-studio/gradle/m2repository/com/android/tools/build/transform-api/2.0.0-deprecated-use-gradle-api/transform-api-2.0.0-deprecated-use-gradle-api.jar
7f680a5c8000-7f680a5cd000 r--s 00053000 08:02 4017271                    /home/ankit/Downloads/android-studio/gradle/m2repository/com/android/tools/lint/lint/25.2.0/lint-25.2.0.jar
7f680a5cd000-7f680a5e4000 r--s 0015d000 08:02 3885097                    /home/ankit/Downloads/android-studio/gradle/m2repository/com/android/tools/build/builder/2.2.0/builder-2.2.0.jar
7f680a5e4000-7f680a601000 r--s 0019c000 08:02 3910782                    /home/ankit/Downloads/android-studio/gradle/m2repository/com/android/tools/build/gradle-core/2.2.0/gradle-core-2.2.0.jar
7f680a601000-7f680a603000 r--s 0000d000 08:02 3802336                    /home/ankit/Downloads/android-studio/gradle/m2repository/com/android/tools/build/gradle/2.2.0/gradle-2.2.0.jar
7f680a603000-7f680a803000 rw-p 00000000 00:00 0 
7f680a803000-7f680a806000 ---p 00000000 00:00 0 
7f680a806000-7f680a83c000 rw-p 00000000 00:00 0 
7f680a83c000-7f680a83d000 r--p 00000000 00:00 0 
7f680a83d000-7f680aa3d000 rw-p 00000000 00:00 0 
7f680aa3d000-7f680ac3d000 rw-p 00000000 00:00 0 
7f680ac3d000-7f680ae3d000 rw-p 00000000 00:00 0 
7f680ae3d000-7f680b03d000 rw-p 00000000 00:00 0 
7f680b03d000-7f680b0b5000 r--s 010e6000 08:02 158507                     /usr/lib/jvm/java-8-oracle/lib/tools.jar
7f680b0b5000-7f680b2b5000 rw-p 00000000 00:00 0 
7f680b2b5000-7f680b2b8000 ---p 00000000 00:00 0 
7f680b2b8000-7f680b3b6000 rw-p 00000000 00:00 0 
7f680b3b6000-7f680b3b9000 ---p 00000000 00:00 0 
7f680b3b9000-7f680b4b7000 rw-p 00000000 00:00 0 
7f680b4b7000-7f680b4ba000 ---p 00000000 00:00 0 
7f680b4ba000-7f680b5b8000 rw-p 00000000 00:00 0 
7f680b5b8000-7f680b5bb000 ---p 00000000 00:00 0 
7f680b5bb000-7f680b6b9000 rw-p 00000000 00:00 0 
7f680b6b9000-7f680b6bc000 ---p 00000000 00:00 0 
7f680b6bc000-7f680b7ba000 rw-p 00000000 00:00 0 
7f680b7ba000-7f680b7bd000 ---p 00000000 00:00 0 
7f680b7bd000-7f680b8bb000 rw-p 00000000 00:00 0 
7f680b8bb000-7f680b8c2000 r--s 00000000 08:02 109538                     /usr/lib/x86_64-linux-gnu/gconv/gconv-modules.cache
7f680b8c2000-7f680bac2000 rw-p 00000000 00:00 0 
7f680bac2000-7f680bac5000 ---p 00000000 00:00 0 
7f680bac5000-7f680bbc3000 rw-p 00000000 00:00 0 
7f680bbc3000-7f680bbc6000 ---p 00000000 00:00 0 
7f680bbc6000-7f680bcc4000 rw-p 00000000 00:00 0 
7f680bcc4000-7f680bccd000 r-xp 00000000 08:02 200010                     /usr/lib/jvm/java-8-oracle/jre/lib/amd64/libmanagement.so
7f680bccd000-7f680becc000 ---p 00009000 08:02 200010                     /usr/lib/jvm/java-8-oracle/jre/lib/amd64/libmanagement.so
7f680becc000-7f680becd000 rw-p 00008000 08:02 200010                     /usr/lib/jvm/java-8-oracle/jre/lib/amd64/libmanagement.so
7f680becd000-7f680bed1000 r--s 00097000 08:02 182569                     /usr/lib/jvm/java-8-oracle/jre/lib/jsse.jar
7f680bed1000-7f680bed3000 r--s 00007000 08:02 3402085                    /home/ankit/Downloads/android-studio/gradle/gradle-2.14.1/lib/plugins/gradle-tooling-api-builders-2.14.1.jar
7f680bed3000-7f680bed6000 r--s 00008000 08:02 3402081                    /home/ankit/Downloads/android-studio/gradle/gradle-2.14.1/lib/plugins/gradle-testing-native-2.14.1.jar
7f680bed6000-7f680bed8000 r--s 00009000 08:02 3402371                    /home/ankit/Downloads/android-studio/gradle/gradle-2.14.1/lib/plugins/hamcrest-core-1.3.jar
7f680bed8000-7f680bede000 r--s 00033000 08:02 3402325                    /home/ankit/Downloads/android-studio/gradle/gradle-2.14.1/lib/plugins/snakeyaml-1.6.jar
7f680bede000-7f680bee0000 r--s 00006000 08:02 3402336                    /home/ankit/Downloads/android-studio/gradle/gradle-2.14.1/lib/plugins/jcommander-1.12.jar
7f680bee0000-7f680bee5000 r--s 00040000 08:02 3402324                    /home/ankit/Downloads/android-studio/gradle/gradle-2.14.1/lib/plugins/bsh-2.0b4.jar
7f680bee5000-7f680beee000 r--s 00089000 08:02 3402339                    /home/ankit/Downloads/android-studio/gradle/gradle-2.14.1/lib/plugins/testng-6.3.1.jar
7f680beee000-7f680bef6000 r--s 00045000 08:02 3402343                    /home/ankit/Downloads/android-studio/gradle/gradle-2.14.1/lib/plugins/junit-4.12.jar
7f680bef6000-7f680befc000 r--s 0002e000 08:02 3402091                    /home/ankit/Downloads/android-studio/gradle/gradle-2.14.1/lib/plugins/gradle-testing-jvm-2.14.1.jar
7f680befc000-7f680bf01000 r--s 00015000 08:02 3402095                    /home/ankit/Downloads/android-studio/gradle/gradle-2.14.1/lib/plugins/gradle-testing-base-2.14.1.jar
7f680bf01000-7f680bf02000 r--s 00002000 08:02 3402342                    /home/ankit/Downloads/android-studio/gradle/gradle-2.14.1/lib/plugins/sonar-batch-bootstrapper-2.9.jar
7f680bf02000-7f680bf05000 r--s 00015000 08:02 3402090                    /home/ankit/Downloads/android-studio/gradle/gradle-2.14.1/lib/plugins/gradle-sonar-2.14.1.jar
7f680bf05000-7f680bf0c000 r--s 00038000 08:02 3402356                    /home/ankit/Downloads/android-studio/gradle/gradle-2.14.1/lib/plugins/bcpg-jdk15on-1.51.jar
7f680bf0c000-7f680bf0e000 r--s 0000d000 08:02 3402293                    /home/ankit/Downloads/android-studio/gradle/gradle-2.14.1/lib/plugins/gradle-signing-2.14.1.jar
7f680bf0e000-7f680bf11000 r--s 00009000 08:02 3402099                    /home/ankit/Downloads/android-studio/gradle/gradle-2.14.1/lib/plugins/gradle-scala-2.14.1.jar
7f680bf11000-7f680bf12000 r--s 00004000 08:02 3402295                    /home/ankit/Downloads/android-studio/gradle/gradle-2.14.1/lib/plugins/gradle-resources-sftp-2.14.1.jar
7f680bf12000-7f680bf22000 r--s 00088000 08:02 3402329                    /home/ankit/Downloads/android-studio/gradle/gradle-2.14.1/lib/plugins/joda-time-2.8.2.jar
7f680bf22000-7f680bf33000 r--s 000cf000 08:02 3402375                    /home/ankit/Downloads/android-studio/gradle/gradle-2.14.1/lib/plugins/jackson-databind-2.3.2.jar
7f680bf33000-7f680bf35000 r--s 00007000 08:02 3402352                    /home/ankit/Downloads/android-studio/gradle/gradle-2.14.1/lib/plugins/jackson-annotations-2.3.2.jar
7f680bf35000-7f680bf38000 r--s 0002e000 08:02 3402358                    /home/ankit/Downloads/android-studio/gradle/gradle-2.14.1/lib/plugins/jackson-core-2.3.2.jar
7f680bf38000-7f680bf43000 r--s 0006b000 08:02 3402381                    /home/ankit/Downloads/android-studio/gradle/gradle-2.14.1/lib/plugins/aws-java-sdk-core-1.9.19.jar
7f680bf43000-7f680bf49000 r--s 00036000 08:02 3402351                    /home/ankit/Downloads/android-studio/gradle/gradle-2.14.1/lib/plugins/aws-java-sdk-kms-1.9.19.jar
7f680bf49000-7f680bf54000 r--s 00079000 08:02 3402341                    /home/ankit/Downloads/android-studio/gradle/gradle-2.14.1/lib/plugins/aws-java-sdk-s3-1.9.19.jar
7f680bf54000-7f680bf55000 r--s 00003000 08:02 3402305                    /home/ankit/Downloads/android-studio/gradle/gradle-2.14.1/lib/plugins/gradle-resources-s3-2.14.1.jar
7f680bf55000-7f680bf57000 r--s 00005000 08:02 3402370                    /home/ankit/Downloads/android-studio/gradle/gradle-2.14.1/lib/plugins/jatl-0.2.2.jar
7f680bf57000-7f680bf59000 r--s 0000f000 08:02 3402311                    /home/ankit/Downloads/android-studio/gradle/gradle-2.14.1/lib/plugins/gradle-reporting-2.14.1.jar
7f680bf59000-7f680bf5b000 r--s 00002000 08:02 3402252                    /home/ankit/Downloads/android-studio/gradle/gradle-2.14.1/lib/plugins/gradle-publish-2.14.1.jar
7f680bf5b000-7f680bf5d000 r--s 00009000 08:02 3402334                    /home/ankit/Downloads/android-studio/gradle/gradle-2.14.1/lib/plugins/commons-cli-1.2.jar
7f680bf5d000-7f680bf63000 r--s 00033000 08:02 3402098                    /home/ankit/Downloads/android-studio/gradle/gradle-2.14.1/lib/plugins/gradle-plugins-2.14.1.jar
7f680bf63000-7f680bf65000 r--s 00007000 08:02 3402083                    /home/ankit/Downloads/android-studio/gradle/gradle-2.14.1/lib/plugins/gradle-plugin-development-2.14.1.jar
7f680bf65000-7f680bf6b000 r--s 0002a000 08:02 3402292                    /home/ankit/Downloads/android-studio/gradle/gradle-2.14.1/lib/plugins/gradle-platform-play-2.14.1.jar
7f680bf6b000-7f680bf78000 r--s 0004d000 08:02 3402291                    /home/ankit/Downloads/android-studio/gradle/gradle-2.14.1/lib/plugins/gradle-platform-native-2.14.1.jar
7f680bf78000-7f680bf7c000 r--s 0001a000 08:02 3402304                    /home/ankit/Downloads/android-studio/gradle/gradle-2.14.1/lib/plugins/gradle-platform-jvm-2.14.1.jar
7f680bf7c000-7f680bf83000 r--s 00029000 08:02 3402097                    /home/ankit/Downloads/android-studio/gradle/gradle-2.14.1/lib/plugins/gradle-platform-base-2.14.1.jar
7f680bf83000-7f680bfa4000 r--s 001c3000 08:02 3402322                    /home/ankit/Downloads/android-studio/gradle/gradle-2.14.1/lib/plugins/bndlib-2.4.0.jar
7f680bfa4000-7f680bfa6000 r--s 00003000 08:02 3402306                    /home/ankit/Downloads/android-studio/gradle/gradle-2.14.1/lib/plugins/gradle-osgi-2.14.1.jar
7f680bfa6000-7f680bfa9000 r--s 0000c000 08:02 3402378                    /home/ankit/Downloads/android-studio/gradle/gradle-2.14.1/lib/plugins/pmaven-groovy-0.8-20100325.jar
7f680bfa9000-7f680bfaa000 r--s 00004000 08:02 3402369                    /home/ankit/Downloads/android-studio/gradle/gradle-2.14.1/lib/plugins/pmaven-common-0.8-20100325.jar
7f680bfaa000-7f680bfb0000 r--s 00022000 08:02 3402096                    /home/ankit/Downloads/android-studio/gradle/gradle-2.14.1/lib/plugins/gradle-maven-2.14.1.jar
7f680bfb0000-7f680bfb2000 r--s 0000a000 08:02 3402088                    /home/ankit/Downloads/android-studio/gradle/gradle-2.14.1/lib/plugins/gradle-language-scala-2.14.1.jar
7f680bfb2000-7f680bfb8000 r--s 0001a000 08:02 3402092                    /home/ankit/Downloads/android-studio/gradle/gradle-2.14.1/lib/plugins/gradle-language-native-2.14.1.jar
7f680bfb8000-7f680bfba000 r--s 00008000 08:02 3402084                    /home/ankit/Downloads/android-studio/gradle/gradle-2.14.1/lib/plugins/gradle-language-jvm-2.14.1.jar
7f680bfba000-7f680bfc0000 r--s 00024000 08:02 3402300                    /home/ankit/Downloads/android-studio/gradle/gradle-2.14.1/lib/plugins/gradle-language-java-2.14.1.jar
7f680bfc0000-7f680bfc2000 r--s 0000a000 08:02 3402290                    /home/ankit/Downloads/android-studio/gradle/gradle-2.14.1/lib/plugins/gradle-language-groovy-2.14.1.jar
7f680bfc2000-7f680bfc5000 r--s 0001e000 08:02 3402319                    /home/ankit/Downloads/android-studio/gradle/gradle-2.14.1/lib/plugins/jsp-api-2.1-6.1.14.jar
7f680bfc5000-7f680bfe8000 r--s 00344000 08:02 3402353                    /home/ankit/Downloads/android-studio/gradle/gradle-2.14.1/lib/plugins/core-3.1.1.jar
7f680bfe8000-7f680bfe9000 r--s 00006000 08:02 3402376                    /home/ankit/Downloads/android-studio/gradle/gradle-2.14.1/lib/plugins/jetty-naming-6.1.25.jar
7f680bfe9000-7f680bfeb000 r--s 00002000 08:02 3402373                    /home/ankit/Downloads/android-studio/gradle/gradle-2.14.1/lib/plugins/jetty-annotations-6.1.25.jar
7f680bfeb000-7f680bffc000 r--s 000ea000 08:02 3402379                    /home/ankit/Downloads/android-studio/gradle/gradle-2.14.1/lib/plugins/jsp-2.1-6.1.14.jar
7f680bffc000-7f680bffe000 r--s 0000d000 08:02 3402354                    /home/ankit/Downloads/android-studio/gradle/gradle-2.14.1/lib/plugins/jetty-plus-6.1.25.jar
7f680bffe000-7f680c000000 r--s 0001f000 08:02 3402385                    /home/ankit/Downloads/android-studio/gradle/gradle-2.14.1/lib/plugins/servlet-api-2.5-20081211.jar
7f680c000000-7f680c03f000 rw-p 00000000 00:00 0 
7f680c03f000-7f6810000000 ---p 00000000 00:00 0 
7f6810000000-7f6810001000 r--s 00002000 08:02 3402349                    /home/ankit/Downloads/android-studio/gradle/gradle-2.14.1/lib/plugins/geronimo-annotation_1.0_spec-1.0.jar
7f6810001000-7f6810005000 r--s 00028000 08:02 3402337                    /home/ankit/Downloads/android-studio/gradle/gradle-2.14.1/lib/plugins/jetty-util-6.1.25.jar
7f6810005000-7f681000c000 r--s 0007d000 08:02 3402344                    /home/ankit/Downloads/android-studio/gradle/gradle-2.14.1/lib/plugins/jetty-6.1.25.jar
7f681000c000-7f681000e000 r--s 00009000 08:02 3402309                    /home/ankit/Downloads/android-studio/gradle/gradle-2.14.1/lib/plugins/gradle-jetty-2.14.1.jar
7f681000e000-7f6810015000 r--s 00035000 08:02 3402382                    /home/ankit/Downloads/android-studio/gradle/gradle-2.14.1/lib/plugins/simple-4.1.21.jar
7f6810015000-7f6810021000 r--s 00100000 08:02 3402330                    /home/ankit/Downloads/android-studio/gradle/gradle-2.14.1/lib/plugins/rhino-1.7R3.jar
7f6810021000-7f6810025000 r--s 00011000 08:02 3402297                    /home/ankit/Downloads/android-studio/gradle/gradle-2.14.1/lib/plugins/gradle-javascript-2.14.1.jar
7f6810025000-7f6810027000 r--s 0000c000 08:02 3402317                    /home/ankit/Downloads/android-studio/gradle/gradle-2.14.1/lib/plugins/gradle-jacoco-2.14.1.jar
7f6810027000-7f681002a000 r--s 0000e000 08:02 3402316                    /home/ankit/Downloads/android-studio/gradle/gradle-2.14.1/lib/plugins/gradle-ivy-2.14.1.jar
7f681002a000-7f681002b000 r--s 00002000 08:02 3402313                    /home/ankit/Downloads/android-studio/gradle/gradle-2.14.1/lib/plugins/gradle-ide-play-2.14.1.jar
7f681002b000-7f6810030000 r--s 0002b000 08:02 3402310                    /home/ankit/Downloads/android-studio/gradle/gradle-2.14.1/lib/plugins/gradle-ide-native-2.14.1.jar
7f6810030000-7f681003b000 r--s 00066000 08:02 3402089                    /home/ankit/Downloads/android-studio/gradle/gradle-2.14.1/lib/plugins/gradle-ide-2.14.1.jar
7f681003b000-7f681003c000 r--s 00008000 08:02 3402087                    /home/ankit/Downloads/android-studio/gradle/gradle-2.14.1/lib/plugins/gradle-ear-2.14.1.jar
7f681003c000-7f6810042000 r--s 00032000 08:02 3402094                    /home/ankit/Downloads/android-studio/gradle/gradle-2.14.1/lib/plugins/gradle-diagnostics-2.14.1.jar
7f6810042000-7f6810046000 r--s 00021000 08:02 3402312                    /home/ankit/Downloads/android-studio/gradle/gradle-2.14.1/lib/plugins/gradle-code-quality-2.14.1.jar
7f6810046000-7f681004a000 r--s 0001f000 08:02 3402093                    /home/ankit/Downloads/android-studio/gradle/gradle-2.14.1/lib/plugins/gradle-build-init-2.14.1.jar
7f681004a000-7f6810051000 r--s 0008e000 08:02 3402314                    /home/ankit/Downloads/android-studio/gradle/gradle-2.14.1/lib/plugins/gradle-build-comparison-2.14.1.jar
7f6810051000-7f6810053000 r--s 00008000 08:02 3402302                    /home/ankit/Downloads/android-studio/gradle/gradle-2.14.1/lib/plugins/gradle-antlr-2.14.1.jar
7f6810053000-7f6810055000 r--s 00004000 08:02 3402315                    /home/ankit/Downloads/android-studio/gradle/gradle-2.14.1/lib/plugins/gradle-announce-2.14.1.jar
7f6810055000-7f681006d000 r--s 00115000 08:02 3402347                    /home/ankit/Downloads/android-studio/gradle/gradle-2.14.1/lib/plugins/xercesImpl-2.9.1.jar
7f681006d000-7f6810075000 r--s 00028000 08:02 3402366                    /home/ankit/Downloads/android-studio/gradle/gradle-2.14.1/lib/plugins/xml-apis-1.3.04.jar
7f6810075000-7f681007b000 r--s 0005b000 08:02 3402359                    /home/ankit/Downloads/android-studio/gradle/gradle-2.14.1/lib/plugins/jcifs-1.3.17.jar
7f681007b000-7f6810082000 r--s 00049000 08:02 3402296                    /home/ankit/Downloads/android-studio/gradle/gradle-2.14.1/lib/plugins/httpcore-4.4.4.jar
7f6810082000-7f6810088000 r--s 00033000 08:02 3402328                    /home/ankit/Downloads/android-studio/gradle/gradle-2.14.1/lib/plugins/commons-codec-1.6.jar
7f6810088000-7f681008b000 r--s 0001c000 08:02 3402326                    /home/ankit/Downloads/android-studio/gradle/gradle-2.14.1/lib/plugins/nekohtml-1.9.14.jar
7f681008b000-7f6810098000 r--s 000a4000 08:02 3402307                    /home/ankit/Downloads/android-studio/gradle/gradle-2.14.1/lib/plugins/httpclient-4.4.1.jar
7f6810098000-7f681009a000 r--s 0000a000 08:02 3402082                    /home/ankit/Downloads/android-studio/gradle/gradle-2.14.1/lib/plugins/gradle-resources-http-2.14.1.jar
7f681009a000-7f681009e000 r--s 00014000 08:02 3402294                    /home/ankit/Downloads/android-studio/gradle/gradle-2.14.1/lib/plugins/gradle-plugin-use-2.14.1.jar
7f681009e000-7f681009f000 r--s 00000000 08:02 3394352                    /home/ankit/Downloads/android-studio/gradle/gradle-2.14.1/lib/gradle-installation-beacon-2.14.1.jar
7f681009f000-7f68100a0000 r--s 00007000 08:02 3402335                    /home/ankit/Downloads/android-studio/gradle/gradle-2.14.1/lib/plugins/wagon-http-shared4-2.4.jar
7f68100a0000-7f68100a4000 r--s 00033000 08:02 3402372                    /home/ankit/Downloads/android-studio/gradle/gradle-2.14.1/lib/plugins/plexus-utils-2.0.6.jar
7f68100a4000-7f68100a8000 r--s 00021000 08:02 3402361                    /home/ankit/Downloads/android-studio/gradle/gradle-2.14.1/lib/plugins/maven-model-builder-3.0.4.jar
7f68100a8000-7f68100a9000 r--s 00002000 08:02 3402327                    /home/ankit/Downloads/android-studio/gradle/gradle-2.14.1/lib/plugins/wagon-file-2.4.jar
7f68100a9000-7f68100ab000 r--s 00002000 08:02 3402368                    /home/ankit/Downloads/android-studio/gradle/gradle-2.14.1/lib/plugins/plexus-cipher-1.7.jar
7f68100ab000-7f68100ae000 r--s 00013000 08:02 3402384                    /home/ankit/Downloads/android-studio/gradle/gradle-2.14.1/lib/plugins/aether-api-1.13.1.jar
7f68100ae000-7f68100b0000 r--s 0000a000 08:02 3402338                    /home/ankit/Downloads/android-studio/gradle/gradle-2.14.1/lib/plugins/maven-settings-3.0.4.jar
7f68100b0000-7f68100b2000 r--s 0000d000 08:02 3402362                    /home/ankit/Downloads/android-studio/gradle/gradle-2.14.1/lib/plugins/plexus-interpolation-1.14.jar
7f68100b2000-7f68100b4000 r--s 0000b000 08:02 3402377                    /home/ankit/Downloads/android-studio/gradle/gradle-2.14.1/lib/plugins/maven-artifact-3.0.4.jar
7f68100b4000-7f68100bb000 r--s 0002e000 08:02 3402332                    /home/ankit/Downloads/android-studio/gradle/gradle-2.14.1/lib/plugins/plexus-container-default-1.5.5.jar
7f68100bb000-7f68100bd000 r--s 0000b000 08:02 3402355                    /home/ankit/Downloads/android-studio/gradle/gradle-2.14.1/lib/plugins/maven-plugin-api-3.0.4.jar
7f68100bd000-7f68100bf000 r--s 00000000 08:02 3402357                    /home/ankit/Downloads/android-studio/gradle/gradle-2.14.1/lib/plugins/plexus-component-annotations-1.5.5.jar
7f68100bf000-7f68100c5000 r--s 0003f000 08:02 3402363                    /home/ankit/Downloads/android-studio/gradle/gradle-2.14.1/lib/plugins/maven-compat-3.0.4.jar
7f68100c5000-7f68100c8000 r--s 00008000 08:02 3402345                    /home/ankit/Downloads/android-studio/gradle/gradle-2.14.1/lib/plugins/maven-settings-builder-3.0.4.jar
7f68100c8000-7f68100c9000 r--s 00002000 08:02 3402318                    /home/ankit/Downloads/android-studio/gradle/gradle-2.14.1/lib/plugins/wagon-http-2.4.jar
7f68100c9000-7f68100cb000 r--s 00026000 08:02 3402383                    /home/ankit/Downloads/android-studio/gradle/gradle-2.14.1/lib/plugins/maven-model-3.0.4.jar
7f68100cb000-7f68100cd000 r--s 00006000 08:02 3402374                    /home/ankit/Downloads/android-studio/gradle/gradle-2.14.1/lib/plugins/aether-connector-wagon-1.13.1.jar
7f68100cd000-7f68100cf000 r--s 0000a000 08:02 3402333                    /home/ankit/Downloads/android-studio/gradle/gradle-2.14.1/lib/plugins/plexus-classworlds-2.4.jar
7f68100cf000-7f68100d1000 r--s 00006000 08:02 3402364                    /home/ankit/Downloads/android-studio/gradle/gradle-2.14.1/lib/plugins/maven-repository-metadata-3.0.4.jar
7f68100d1000-7f68100d3000 r--s 0000c000 08:02 3402348                    /home/ankit/Downloads/android-studio/gradle/gradle-2.14.1/lib/plugins/maven-aether-provider-3.0.4.jar
7f68100d3000-7f68100d5000 r--s 0000b000 08:02 3402340                    /home/ankit/Downloads/android-studio/gradle/gradle-2.14.1/lib/plugins/wagon-provider-api-2.4.jar
7f68100d5000-7f68100d6000 r--s 00003000 08:02 3402320                    /home/ankit/Downloads/android-studio/gradle/gradle-2.14.1/lib/plugins/aether-spi-1.13.1.jar
7f68100d6000-7f68100da000 r--s 0001c000 08:02 3402380                    /home/ankit/Downloads/android-studio/gradle/gradle-2.14.1/lib/plugins/aether-util-1.13.1.jar
7f68100da000-7f68100df000 r--s 00040000 08:02 3402321                    /home/ankit/Downloads/android-studio/gradle/gradle-2.14.1/lib/plugins/jsch-0.1.53.jar
7f68100df000-7f681011f000 r--s 00277000 08:02 3402323                    /home/ankit/Downloads/android-studio/gradle/gradle-2.14.1/lib/plugins/bcprov-jdk15on-1.51.jar
7f681011f000-7f681012b000 r--s 0007d000 08:02 3402367                    /home/ankit/Downloads/android-studio/gradle/gradle-2.14.1/lib/plugins/maven-core-3.0.4.jar
7f681012b000-7f681013a000 r--s 000d9000 08:02 3402331                    /home/ankit/Downloads/android-studio/gradle/gradle-2.14.1/lib/plugins/ivy-2.2.0.jar
7f681013a000-7f6810150000 r-xp 00000000 08:02 2624314                    /lib/x86_64-linux-gnu/libgcc_s.so.1
7f6810150000-7f681034f000 ---p 00016000 08:02 2624314                    /lib/x86_64-linux-gnu/libgcc_s.so.1
7f681034f000-7f6810350000 r--p 00015000 08:02 2624314                    /lib/x86_64-linux-gnu/libgcc_s.so.1
7f6810350000-7f6810351000 rw-p 00016000 08:02 2624314                    /lib/x86_64-linux-gnu/libgcc_s.so.1
7f6810351000-7f68104c4000 r-xp 00000000 08:02 61223                      /usr/lib/x86_64-linux-gnu/libstdc++.so.6.0.21
7f68104c4000-7f68106c3000 ---p 00173000 08:02 61223                      /usr/lib/x86_64-linux-gnu/libstdc++.so.6.0.21
7f68106c3000-7f68106cd000 r--p 00172000 08:02 61223                      /usr/lib/x86_64-linux-gnu/libstdc++.so.6.0.21
7f68106cd000-7f68106cf000 rw-p 0017c000 08:02 61223                      /usr/lib/x86_64-linux-gnu/libstdc++.so.6.0.21
7f68106cf000-7f68106d3000 rw-p 00000000 00:00 0 
7f68106d3000-7f68106d7000 r-xp 00000000 08:02 3391672                    /home/ankit/.gradle/native/19/linux-amd64/libnative-platform.so
7f68106d7000-7f68108d6000 ---p 00004000 08:02 3391672                    /home/ankit/.gradle/native/19/linux-amd64/libnative-platform.so
7f68108d6000-7f68108d7000 rw-p 00003000 08:02 3391672                    /home/ankit/.gradle/native/19/linux-amd64/libnative-platform.so
7f68108d7000-7f68108e8000 r-xp 00000000 08:02 199999                     /usr/lib/jvm/java-8-oracle/jre/lib/amd64/libnio.so
7f68108e8000-7f6810ae7000 ---p 00011000 08:02 199999                     /usr/lib/jvm/java-8-oracle/jre/lib/amd64/libnio.so
7f6810ae7000-7f6810ae8000 rw-p 00010000 08:02 199999                     /usr/lib/jvm/java-8-oracle/jre/lib/amd64/libnio.so
7f6810ae8000-7f6810de9000 rw-p 00000000 00:00 0 
7f6810de9000-7f6810dff000 r-xp 00000000 08:02 199974                     /usr/lib/jvm/java-8-oracle/jre/lib/amd64/libnet.so
7f6810dff000-7f6810fff000 ---p 00016000 08:02 199974                     /usr/lib/jvm/java-8-oracle/jre/lib/amd64/libnet.so
7f6810fff000-7f6811000000 rw-p 00016000 08:02 199974                     /usr/lib/jvm/java-8-oracle/jre/lib/amd64/libnet.so
7f6811000000-7f6814000000 rw-p 00000000 00:00 0 
7f6814000000-7f6814149000 rw-p 00000000 00:00 0 
7f6814149000-7f6818000000 ---p 00000000 00:00 0 
7f6818000000-7f6818003000 r--s 0001d000 08:02 3402360                    /home/ankit/Downloads/android-studio/gradle/gradle-2.14.1/lib/plugins/aether-impl-1.13.1.jar
7f6818003000-7f6818004000 r--s 00006000 08:02 3402365                    /home/ankit/Downloads/android-studio/gradle/gradle-2.14.1/lib/plugins/plexus-sec-dispatcher-1.3.jar
7f6818004000-7f6818008000 r--s 0001d000 08:02 3402350                    /home/ankit/Downloads/android-studio/gradle/gradle-2.14.1/lib/plugins/xbean-reflect-3.4.jar
7f6818008000-7f681800d000 r--s 0002a000 08:02 3402346                    /home/ankit/Downloads/android-studio/gradle/gradle-2.14.1/lib/plugins/gson-2.2.4.jar
7f681800d000-7f6818029000 r--s 000d3000 08:02 3402161                    /home/ankit/Downloads/android-studio/gradle/gradle-2.14.1/lib/plugins/gradle-dependency-management-2.14.1.jar
7f6818029000-7f681802b000 r--s 00005000 08:02 3394358                    /home/ankit/Downloads/android-studio/gradle/gradle-2.14.1/lib/gradle-wrapper-2.14.1.jar
7f681802b000-7f6818039000 r--s 0004f000 08:02 3394344                    /home/ankit/Downloads/android-studio/gradle/gradle-2.14.1/lib/gradle-tooling-api-2.14.1.jar
7f6818039000-7f681803b000 r--s 00002000 08:02 3394350                    /home/ankit/Downloads/android-studio/gradle/gradle-2.14.1/lib/gradle-open-api-2.14.1.jar
7f681803b000-7f6818041000 r--s 00032000 08:02 3394400                    /home/ankit/Downloads/android-studio/gradle/gradle-2.14.1/lib/jaxen-1.1.jar
7f6818041000-7f6818046000 r--s 00048000 08:02 3394380                    /home/ankit/Downloads/android-studio/gradle/gradle-2.14.1/lib/dom4j-1.6.1.jar
7f6818046000-7f6818051000 r--s 00059000 08:02 3394373                    /home/ankit/Downloads/android-studio/gradle/gradle-2.14.1/lib/gradle-ui-2.14.1.jar
7f6818051000-7f6818054000 r--s 0000b000 08:02 3394378                    /home/ankit/Downloads/android-studio/gradle/gradle-2.14.1/lib/gradle-resources-2.14.1.jar
7f6818054000-7f6818056000 r--s 00003000 08:02 3394402                    /home/ankit/Downloads/android-studio/gradle/gradle-2.14.1/lib/jcl-over-slf4j-1.7.10.jar
7f6818056000-7f6818057000 r--s 00005000 08:02 3394397                    /home/ankit/Downloads/android-studio/gradle/gradle-2.14.1/lib/log4j-over-slf4j-1.7.10.jar
7f6818057000-7f6818059000 r--s 00000000 08:02 3394404                    /home/ankit/Downloads/android-studio/gradle/gradle-2.14.1/lib/jul-to-slf4j-1.7.10.jar
7f6818059000-7f681805e000 r--s 0001c000 08:02 3394356                    /home/ankit/Downloads/android-studio/gradle/gradle-2.14.1/lib/gradle-logging-2.14.1.jar
7f681805e000-7f6818060000 r--s 00007000 08:02 3394403                    /home/ankit/Downloads/android-studio/gradle/gradle-2.14.1/lib/objenesis-1.2.jar
7f6818060000-7f6818062000 r--s 00000000 08:02 3394383                    /home/ankit/Downloads/android-studio/gradle/gradle-2.14.1/lib/minlog-1.2.jar
7f6818062000-7f6818064000 r--s 0000f000 08:02 3394389                    /home/ankit/Downloads/android-studio/gradle/gradle-2.14.1/lib/reflectasm-1.07-shaded.jar
7f6818064000-7f6818068000 r--s 00026000 08:02 3394395                    /home/ankit/Downloads/android-studio/gradle/gradle-2.14.1/lib/kryo-2.20.jar
7f6818068000-7f681806e000 r--s 00025000 08:02 3394347                    /home/ankit/Downloads/android-studio/gradle/gradle-2.14.1/lib/gradle-messaging-2.14.1.jar
7f681806e000-7f681806f000 r--s 00003000 08:02 3394401                    /home/ankit/Downloads/android-studio/gradle/gradle-2.14.1/lib/native-platform-freebsd-amd64-0.10.jar
7f681806f000-7f6818070000 r--s 00003000 08:02 3394390                    /home/ankit/Downloads/android-studio/gradle/gradle-2.14.1/lib/native-platform-freebsd-i386-0.10.jar
7f6818070000-7f6818071000 r--s 00005000 08:02 3394385                    /home/ankit/Downloads/android-studio/gradle/gradle-2.14.1/lib/native-platform-windows-i386-0.10.jar
7f6818071000-7f6818072000 r--s 00005000 08:02 3394384                    /home/ankit/Downloads/android-studio/gradle/gradle-2.14.1/lib/native-platform-windows-amd64-0.10.jar
7f6818072000-7f6818073000 r--s 00003000 08:02 3394391                    /home/ankit/Downloads/android-studio/gradle/gradle-2.14.1/lib/native-platform-linux-i386-0.10.jar
7f6818073000-7f6818074000 r--s 00003000 08:02 3394382                    /home/ankit/Downloads/android-studio/gradle/gradle-2.14.1/lib/native-platform-linux-amd64-0.10.jar
7f6818074000-7f6818076000 r--s 00008000 08:02 3394399                    /home/ankit/Downloads/android-studio/gradle/gradle-2.14.1/lib/jansi-1.2.1.jar
7f6818076000-7f6818079000 r--s 0000d000 08:02 3394394                    /home/ankit/Downloads/android-studio/gradle/gradle-2.14.1/lib/native-platform-0.10.jar
7f6818079000-7f681807d000 r--s 000e4000 08:02 3394393                    /home/ankit/Downloads/android-studio/gradle/gradle-2.14.1/lib/jna-3.2.7.jar
7f681807d000-7f681807f000 r--s 00009000 08:02 3394375                    /home/ankit/Downloads/android-studio/gradle/gradle-2.14.1/lib/gradle-native-2.14.1.jar
7f681807f000-7f68180ee000 r--s 0063e000 08:02 3394407                    /home/ankit/Downloads/android-studio/gradle/gradle-2.14.1/lib/groovy-all-2.4.4.jar
7f68180ee000-7f6818116000 r--s 001cf000 08:02 3394387                    /home/ankit/Downloads/android-studio/gradle/gradle-2.14.1/lib/guava-jdk5-17.0.jar
7f6818116000-7f6818117000 ---p 00000000 00:00 0 
7f6818117000-7f6818217000 rw-p 00000000 00:00 0 
7f6818217000-7f681821a000 ---p 00000000 00:00 0 
7f681821a000-7f6818318000 rw-p 00000000 00:00 0 
7f6818318000-7f681831b000 ---p 00000000 00:00 0 
7f681831b000-7f6818419000 rw-p 00000000 00:00 0 
7f6818419000-7f681841c000 ---p 00000000 00:00 0 
7f681841c000-7f681851a000 rw-p 00000000 00:00 0 
7f681851a000-7f681851d000 ---p 00000000 00:00 0 
7f681851d000-7f681861b000 rw-p 00000000 00:00 0 
7f681861b000-7f681861e000 ---p 00000000 00:00 0 
7f681861e000-7f681871c000 rw-p 00000000 00:00 0 
7f681871c000-7f6818dfe000 r--p 00000000 08:02 59247                      /usr/lib/locale/locale-archive
7f6818dfe000-7f6818e01000 ---p 00000000 00:00 0 
7f6818e01000-7f6818eff000 rw-p 00000000 00:00 0 
7f6818eff000-7f6818f02000 ---p 00000000 00:00 0 
7f6818f02000-7f6819000000 rw-p 00000000 00:00 0 
7f6819000000-7f681b770000 rwxp 00000000 00:00 0 
7f681b770000-7f6828000000 ---p 00000000 00:00 0 
7f6828000000-7f6828b81000 rw-p 00000000 00:00 0 
7f6828b81000-7f682c000000 ---p 00000000 00:00 0 
7f682c000000-7f682c001000 r--s 00002000 08:02 3394381                    /home/ankit/Downloads/android-studio/gradle/gradle-2.14.1/lib/native-platform-osx-amd64-0.10.jar
7f682c001000-7f682c003000 r--s 00005000 08:02 3394376                    /home/ankit/Downloads/android-studio/gradle/gradle-2.14.1/lib/gradle-cli-2.14.1.jar
7f682c003000-7f682c012000 r--s 00080000 08:02 3394371                    /home/ankit/Downloads/android-studio/gradle/gradle-2.14.1/lib/gradle-model-core-2.14.1.jar
7f682c012000-7f682c01f000 r--s 00083000 08:02 3394379                    /home/ankit/Downloads/android-studio/gradle/gradle-2.14.1/lib/commons-collections-3.2.2.jar
7f682c01f000-7f682c03e000 r--s 001d1000 08:02 3394357                    /home/ankit/Downloads/android-studio/gradle/gradle-2.14.1/lib/ant-1.9.6.jar
7f682c03e000-7f682c075000 r--s 001bd000 08:02 3394359                    /home/ankit/Downloads/android-studio/gradle/gradle-2.14.1/lib/gradle-core-2.14.1.jar
7f682c075000-7f682c076000 ---p 00000000 00:00 0 
7f682c076000-7f682d158000 rw-p 00000000 00:00 0 
7f682d158000-7f682d330000 r--s 03d2a000 08:02 182584                     /usr/lib/jvm/java-8-oracle/jre/lib/rt.jar
7f682d330000-7f682dea6000 rw-p 00000000 00:00 0 
7f682dea6000-7f682dea7000 ---p 00000000 00:00 0 
7f682dea7000-7f682dfa7000 rw-p 00000000 00:00 0 
7f682dfa7000-7f682dfa8000 ---p 00000000 00:00 0 
7f682dfa8000-7f682e0a8000 rw-p 00000000 00:00 0 
7f682e0a8000-7f682e0a9000 ---p 00000000 00:00 0 
7f682e0a9000-7f682e1a9000 rw-p 00000000 00:00 0 
7f682e1a9000-7f682e1aa000 ---p 00000000 00:00 0 
7f682e1aa000-7f682e393000 rw-p 00000000 00:00 0 
7f682e393000-7f682e4aa000 ---p 00000000 00:00 0 
7f682e4aa000-7f682e593000 rw-p 00000000 00:00 0 
7f682e593000-7f682e6aa000 ---p 00000000 00:00 0 
7f682e6aa000-7f682e7aa000 rw-p 00000000 00:00 0 
7f682e7aa000-7f682e849000 rw-p 00000000 00:00 0 
7f682e849000-7f682eb6b000 ---p 00000000 00:00 0 
7f682eb6b000-7f682eb85000 r-xp 00000000 08:02 199997                     /usr/lib/jvm/java-8-oracle/jre/lib/amd64/libzip.so
7f682eb85000-7f682ed85000 ---p 0001a000 08:02 199997                     /usr/lib/jvm/java-8-oracle/jre/lib/amd64/libzip.so
7f682ed85000-7f682ed86000 rw-p 0001a000 08:02 199997                     /usr/lib/jvm/java-8-oracle/jre/lib/amd64/libzip.so
7f682ed86000-7f682ed90000 r-xp 00000000 08:02 2621662                    /lib/x86_64-linux-gnu/libnss_files-2.21.so
7f682ed90000-7f682ef90000 ---p 0000a000 08:02 2621662                    /lib/x86_64-linux-gnu/libnss_files-2.21.so
7f682ef90000-7f682ef91000 r--p 0000a000 08:02 2621662                    /lib/x86_64-linux-gnu/libnss_files-2.21.so
7f682ef91000-7f682ef92000 rw-p 0000b000 08:02 2621662                    /lib/x86_64-linux-gnu/libnss_files-2.21.so
7f682ef92000-7f682ef9d000 r-xp 00000000 08:02 2623427                    /lib/x86_64-linux-gnu/libnss_nis-2.21.so
7f682ef9d000-7f682f19c000 ---p 0000b000 08:02 2623427                    /lib/x86_64-linux-gnu/libnss_nis-2.21.so
7f682f19c000-7f682f19d000 r--p 0000a000 08:02 2623427                    /lib/x86_64-linux-gnu/libnss_nis-2.21.so
7f682f19d000-7f682f19e000 rw-p 0000b000 08:02 2623427                    /lib/x86_64-linux-gnu/libnss_nis-2.21.so
7f682f19e000-7f682f1b5000 r-xp 00000000 08:02 2623430                    /lib/x86_64-linux-gnu/libnsl-2.21.so
7f682f1b5000-7f682f3b4000 ---p 00017000 08:02 2623430                    /lib/x86_64-linux-gnu/libnsl-2.21.so
7f682f3b4000-7f682f3b5000 r--p 00016000 08:02 2623430                    /lib/x86_64-linux-gnu/libnsl-2.21.so
7f682f3b5000-7f682f3b6000 rw-p 00017000 08:02 2623430                    /lib/x86_64-linux-gnu/libnsl-2.21.so
7f682f3b6000-7f682f3b8000 rw-p 00000000 00:00 0 
7f682f3b8000-7f682f3c0000 r-xp 00000000 08:02 2622662                    /lib/x86_64-linux-gnu/libnss_compat-2.21.so
7f682f3c0000-7f682f5bf000 ---p 00008000 08:02 2622662                    /lib/x86_64-linux-gnu/libnss_compat-2.21.so
7f682f5bf000-7f682f5c0000 r--p 00007000 08:02 2622662                    /lib/x86_64-linux-gnu/libnss_compat-2.21.so
7f682f5c0000-7f682f5c1000 rw-p 00008000 08:02 2622662                    /lib/x86_64-linux-gnu/libnss_compat-2.21.so
7f682f5c1000-7f682f5ec000 r-xp 00000000 08:02 200024                     /usr/lib/jvm/java-8-oracle/jre/lib/amd64/libjava.so
7f682f5ec000-7f682f7eb000 ---p 0002b000 08:02 200024                     /usr/lib/jvm/java-8-oracle/jre/lib/amd64/libjava.so
7f682f7eb000-7f682f7ed000 rw-p 0002a000 08:02 200024                     /usr/lib/jvm/java-8-oracle/jre/lib/amd64/libjava.so
7f682f7ed000-7f682f7fa000 r-xp 00000000 08:02 199975                     /usr/lib/jvm/java-8-oracle/jre/lib/amd64/libverify.so
7f682f7fa000-7f682f9f9000 ---p 0000d000 08:02 199975                     /usr/lib/jvm/java-8-oracle/jre/lib/amd64/libverify.so
7f682f9f9000-7f682f9fb000 rw-p 0000c000 08:02 199975                     /usr/lib/jvm/java-8-oracle/jre/lib/amd64/libverify.so
7f682f9fb000-7f682fa02000 r-xp 00000000 08:02 2621663                    /lib/x86_64-linux-gnu/librt-2.21.so
7f682fa02000-7f682fc01000 ---p 00007000 08:02 2621663                    /lib/x86_64-linux-gnu/librt-2.21.so
7f682fc01000-7f682fc02000 r--p 00006000 08:02 2621663                    /lib/x86_64-linux-gnu/librt-2.21.so
7f682fc02000-7f682fc03000 rw-p 00007000 08:02 2621663                    /lib/x86_64-linux-gnu/librt-2.21.so
7f682fc03000-7f682fd0a000 r-xp 00000000 08:02 2623271                    /lib/x86_64-linux-gnu/libm-2.21.so
7f682fd0a000-7f682ff09000 ---p 00107000 08:02 2623271                    /lib/x86_64-linux-gnu/libm-2.21.so
7f682ff09000-7f682ff0a000 r--p 00106000 08:02 2623271                    /lib/x86_64-linux-gnu/libm-2.21.so
7f682ff0a000-7f682ff0b000 rw-p 00107000 08:02 2623271                    /lib/x86_64-linux-gnu/libm-2.21.so
7f682ff0b000-7f6830bd8000 r-xp 00000000 08:02 200028                     /usr/lib/jvm/java-8-oracle/jre/lib/amd64/server/libjvm.so
7f6830bd8000-7f6830dd7000 ---p 00ccd000 08:02 200028                     /usr/lib/jvm/java-8-oracle/jre/lib/amd64/server/libjvm.so
7f6830dd7000-7f6830eb0000 rw-p 00ccc000 08:02 200028                     /usr/lib/jvm/java-8-oracle/jre/lib/amd64/server/libjvm.so
7f6830eb0000-7f6830efb000 rw-p 00000000 00:00 0 
7f6830efb000-7f68310bb000 r-xp 00000000 08:02 2623433                    /lib/x86_64-linux-gnu/libc-2.21.so
7f68310bb000-7f68312bb000 ---p 001c0000 08:02 2623433                    /lib/x86_64-linux-gnu/libc-2.21.so
7f68312bb000-7f68312bf000 r--p 001c0000 08:02 2623433                    /lib/x86_64-linux-gnu/libc-2.21.so
7f68312bf000-7f68312c1000 rw-p 001c4000 08:02 2623433                    /lib/x86_64-linux-gnu/libc-2.21.so
7f68312c1000-7f68312c5000 rw-p 00000000 00:00 0 
7f68312c5000-7f68312c8000 r-xp 00000000 08:02 2623420                    /lib/x86_64-linux-gnu/libdl-2.21.so
7f68312c8000-7f68314c7000 ---p 00003000 08:02 2623420                    /lib/x86_64-linux-gnu/libdl-2.21.so
7f68314c7000-7f68314c8000 r--p 00002000 08:02 2623420                    /lib/x86_64-linux-gnu/libdl-2.21.so
7f68314c8000-7f68314c9000 rw-p 00003000 08:02 2623420                    /lib/x86_64-linux-gnu/libdl-2.21.so
7f68314c9000-7f68314de000 r-xp 00000000 08:02 158504                     /usr/lib/jvm/java-8-oracle/lib/amd64/jli/libjli.so
7f68314de000-7f68316de000 ---p 00015000 08:02 158504                     /usr/lib/jvm/java-8-oracle/lib/amd64/jli/libjli.so
7f68316de000-7f68316df000 rw-p 00015000 08:02 158504                     /usr/lib/jvm/java-8-oracle/lib/amd64/jli/libjli.so
7f68316df000-7f68316f7000 r-xp 00000000 08:02 2623413                    /lib/x86_64-linux-gnu/libpthread-2.21.so
7f68316f7000-7f68318f7000 ---p 00018000 08:02 2623413                    /lib/x86_64-linux-gnu/libpthread-2.21.so
7f68318f7000-7f68318f8000 r--p 00018000 08:02 2623413                    /lib/x86_64-linux-gnu/libpthread-2.21.so
7f68318f8000-7f68318f9000 rw-p 00019000 08:02 2623413                    /lib/x86_64-linux-gnu/libpthread-2.21.so
7f68318f9000-7f68318fd000 rw-p 00000000 00:00 0 
7f68318fd000-7f6831921000 r-xp 00000000 08:02 2623431                    /lib/x86_64-linux-gnu/ld-2.21.so
7f6831921000-7f6831922000 r--s 00002000 08:02 3394398                    /home/ankit/Downloads/android-studio/gradle/gradle-2.14.1/lib/native-platform-osx-i386-0.10.jar
7f6831922000-7f6831924000 r--s 00007000 08:02 3394353                    /home/ankit/Downloads/android-studio/gradle/gradle-2.14.1/lib/gradle-model-groovy-2.14.1.jar
7f6831924000-7f6831925000 r--s 00006000 08:02 3394370                    /home/ankit/Downloads/android-studio/gradle/gradle-2.14.1/lib/gradle-base-services-groovy-2.14.1.jar
7f6831925000-7f6831926000 r--s 00002000 08:02 3394360                    /home/ankit/Downloads/android-studio/gradle/gradle-2.14.1/lib/gradle-docs-2.14.1.jar
7f6831926000-7f6831927000 r--s 00000000 08:02 3394406                    /home/ankit/Downloads/android-studio/gradle/gradle-2.14.1/lib/javax.inject-1.jar
7f6831927000-7f6831928000 r--s 00000000 08:02 3394388                    /home/ankit/Downloads/android-studio/gradle/gradle-2.14.1/lib/jcip-annotations-1.0.jar
7f6831928000-7f683192c000 r--s 00027000 08:02 3394396                    /home/ankit/Downloads/android-studio/gradle/gradle-2.14.1/lib/commons-io-2.2.jar
7f683192c000-7f6831931000 r--s 00038000 08:02 3394363                    /home/ankit/Downloads/android-studio/gradle/gradle-2.14.1/lib/asm-all-5.1.jar
7f6831931000-7f6831932000 r--s 00001000 08:02 3394374                    /home/ankit/Downloads/android-studio/gradle/gradle-2.14.1/lib/gradle-process-services-2.14.1.jar
7f6831932000-7f6831933000 r--s 00000000 08:02 3394345                    /home/ankit/Downloads/android-studio/gradle/gradle-2.14.1/lib/gradle-jvm-services-2.14.1.jar
7f6831933000-7f6831938000 r--s 00041000 08:02 3394392                    /home/ankit/Downloads/android-studio/gradle/gradle-2.14.1/lib/commons-lang-2.6.jar
7f6831938000-7f68319fa000 rw-p 00000000 00:00 0 
7f68319fa000-7f68319fd000 ---p 00000000 00:00 0 
7f68319fd000-7f6831aff000 rw-p 00000000 00:00 0 
7f6831aff000-7f6831b00000 r--s 00007000 08:02 3394386                    /home/ankit/Downloads/android-studio/gradle/gradle-2.14.1/lib/slf4j-api-1.7.10.jar
7f6831b00000-7f6831b01000 r--s 00004000 08:02 3394372                    /home/ankit/Downloads/android-studio/gradle/gradle-2.14.1/lib/ant-launcher-1.9.6.jar
7f6831b01000-7f6831b09000 r--s 0003a000 08:02 3394364                    /home/ankit/Downloads/android-studio/gradle/gradle-2.14.1/lib/gradle-base-services-2.14.1.jar
7f6831b09000-7f6831b14000 r--s 00051000 08:02 3394361                    /home/ankit/Downloads/android-studio/gradle/gradle-2.14.1/lib/gradle-launcher-2.14.1.jar
7f6831b14000-7f6831b1c000 rw-s 00000000 08:02 5033363                    /tmp/hsperfdata_ankit/24233
7f6831b1c000-7f6831b1d000 rw-p 00000000 00:00 0 
7f6831b1d000-7f6831b1e000 ---p 00000000 00:00 0 
7f6831b1e000-7f6831b20000 rw-p 00000000 00:00 0 
7f6831b20000-7f6831b21000 r--p 00023000 08:02 2623431                    /lib/x86_64-linux-gnu/ld-2.21.so
7f6831b21000-7f6831b22000 rw-p 00024000 08:02 2623431                    /lib/x86_64-linux-gnu/ld-2.21.so
7f6831b22000-7f6831b23000 rw-p 00000000 00:00 0 
7ffdeb641000-7ffdeb662000 rw-p 00000000 00:00 0                          [stack]
7ffdeb6cd000-7ffdeb6cf000 r--p 00000000 00:00 0                          [vvar]
7ffdeb6cf000-7ffdeb6d1000 r-xp 00000000 00:00 0                          [vdso]
ffffffffff600000-ffffffffff601000 r-xp 00000000 00:00 0                  [vsyscall]

VM Arguments:
jvm_args: -Xmx1536m -Dfile.encoding=UTF-8 -Duser.country=IN -Duser.language=en -Duser.variant 
java_command: org.gradle.launcher.daemon.bootstrap.GradleDaemon 2.14.1
java_class_path (initial): /home/ankit/Downloads/android-studio/gradle/gradle-2.14.1/lib/gradle-launcher-2.14.1.jar
Launcher Type: SUN_STANDARD

Environment Variables:
JAVA_HOME=/usr/lib/jvm/java-8-oracle
PATH=/usr/local/sbin:/usr/local/bin:/usr/sbin:/usr/bin:/sbin:/bin:/usr/games:/usr/local/games:/usr/lib/jvm/java-8-oracle/bin:/usr/lib/jvm/java-8-oracle/db/bin:/usr/lib/jvm/java-8-oracle/jre/bin
LD_LIBRARY_PATH=Downloads/android-studio/bin:
SHELL=/bin/bash
DISPLAY=:0

Signal Handlers:
SIGSEGV: [libjvm.so+0xac64b0], sa_mask[0]=11111111011111111101111111111110, sa_flags=SA_RESTART|SA_SIGINFO
SIGBUS: [libjvm.so+0xac64b0], sa_mask[0]=11111111011111111101111111111110, sa_flags=SA_RESTART|SA_SIGINFO
SIGFPE: [libjvm.so+0x91f950], sa_mask[0]=11111111011111111101111111111110, sa_flags=SA_RESTART|SA_SIGINFO
SIGPIPE: [libjvm.so+0x91f950], sa_mask[0]=11111111011111111101111111111110, sa_flags=SA_RESTART|SA_SIGINFO
SIGXFSZ: [libjvm.so+0x91f950], sa_mask[0]=11111111011111111101111111111110, sa_flags=SA_RESTART|SA_SIGINFO
SIGILL: [libjvm.so+0x91f950], sa_mask[0]=11111111011111111101111111111110, sa_flags=SA_RESTART|SA_SIGINFO
SIGUSR1: SIG_DFL, sa_mask[0]=00000000000000000000000000000000, sa_flags=none
SIGUSR2: [libjvm.so+0x920f80], sa_mask[0]=00100000000000000000000000000000, sa_flags=SA_RESTART|SA_SIGINFO
SIGHUP: [libjvm.so+0x922380], sa_mask[0]=11111111011111111101111111111110, sa_flags=SA_RESTART|SA_SIGINFO
SIGINT: [libjvm.so+0x922380], sa_mask[0]=11111111011111111101111111111110, sa_flags=SA_RESTART|SA_SIGINFO
SIGTERM: [libjvm.so+0x922380], sa_mask[0]=11111111011111111101111111111110, sa_flags=SA_RESTART|SA_SIGINFO
SIGQUIT: [libjvm.so+0x922380], sa_mask[0]=11111111011111111101111111111110, sa_flags=SA_RESTART|SA_SIGINFO


---------------  S Y S T E M  ---------------

OS:DISTRIB_ID=Ubuntu
DISTRIB_RELEASE=15.10
DISTRIB_CODENAME=wily
DISTRIB_DESCRIPTION="Ubuntu 15.10"

uname:Linux 4.2.0-42-generic #49-Ubuntu SMP Tue Jun 28 21:26:26 UTC 2016 x86_64
libc:glibc 2.21 NPTL 2.21 
rlimit: STACK 8192k, CORE 0k, NPROC 31537, NOFILE 65536, AS infinity
load average:5.87 3.60 2.43

/proc/meminfo:
MemTotal:        8110256 kB
MemFree:          147060 kB
MemAvailable:     112356 kB
Buffers:            2112 kB
Cached:           622100 kB
SwapCached:            0 kB
Active:          7140576 kB
Inactive:         559592 kB
Active(anon):    7116672 kB
Inactive(anon):   538428 kB
Active(file):      23904 kB
Inactive(file):    21164 kB
Unevictable:          96 kB
Mlocked:              96 kB
SwapTotal:             0 kB
SwapFree:              0 kB
Dirty:                96 kB
Writeback:             0 kB
AnonPages:       7076112 kB
Mapped:           349344 kB
Shmem:            579108 kB
Slab:             106848 kB
SReclaimable:      54464 kB
SUnreclaim:        52384 kB
KernelStack:       15680 kB
PageTables:        82416 kB
NFS_Unstable:          0 kB
Bounce:                0 kB
WritebackTmp:          0 kB
CommitLimit:     4055128 kB
Committed_AS:   17159816 kB
VmallocTotal:   34359738367 kB
VmallocUsed:      552020 kB
VmallocChunk:   34358423548 kB
HardwareCorrupted:     0 kB
AnonHugePages:   3014656 kB
CmaTotal:              0 kB
CmaFree:               0 kB
HugePages_Total:       0
HugePages_Free:        0
HugePages_Rsvd:        0
HugePages_Surp:        0
Hugepagesize:       2048 kB
DirectMap4k:      246464 kB
DirectMap2M:     8077312 kB
DirectMap1G:     1048576 kB


CPU:total 4 (2 cores per cpu, 2 threads per core) family 6 model 69 stepping 1, cmov, cx8, fxsr, mmx, sse, sse2, sse3, ssse3, sse4.1, sse4.2, popcnt, avx, avx2, aes, clmul, erms, lzcnt, ht, tsc, tscinvbit, bmi1, bmi2

/proc/cpuinfo:
processor	: 0
vendor_id	: GenuineIntel
cpu family	: 6
model		: 69
model name	: Intel(R) Core(TM) i3-4005U CPU @ 1.70GHz
stepping	: 1
microcode	: 0x1c
cpu MHz		: 1692.894
cache size	: 3072 KB
physical id	: 0
siblings	: 4
core id		: 0
cpu cores	: 2
apicid		: 0
initial apicid	: 0
fpu		: yes
fpu_exception	: yes
cpuid level	: 13
wp		: yes
flags		: fpu vme de pse tsc msr pae mce cx8 apic sep mtrr pge mca cmov pat pse36 clflush dts acpi mmx fxsr sse sse2 ss ht tm pbe syscall nx pdpe1gb rdtscp lm constant_tsc arch_perfmon pebs bts rep_good nopl xtopology nonstop_tsc aperfmperf eagerfpu pni pclmulqdq dtes64 monitor ds_cpl vmx est tm2 ssse3 fma cx16 xtpr pdcm pcid sse4_1 sse4_2 movbe popcnt tsc_deadline_timer aes xsave avx f16c rdrand lahf_lm abm ida arat epb pln pts dtherm tpr_shadow vnmi flexpriority ept vpid fsgsbase tsc_adjust bmi1 avx2 smep bmi2 erms invpcid xsaveopt
bugs		:
bogomips	: 3392.03
clflush size	: 64
cache_alignment	: 64
address sizes	: 39 bits physical, 48 bits virtual
power management:

processor	: 1
vendor_id	: GenuineIntel
cpu family	: 6
model		: 69
model name	: Intel(R) Core(TM) i3-4005U CPU @ 1.70GHz
stepping	: 1
microcode	: 0x1c
cpu MHz		: 1697.542
cache size	: 3072 KB
physical id	: 0
siblings	: 4
core id		: 0
cpu cores	: 2
apicid		: 1
initial apicid	: 1
fpu		: yes
fpu_exception	: yes
cpuid level	: 13
wp		: yes
flags		: fpu vme de pse tsc msr pae mce cx8 apic sep mtrr pge mca cmov pat pse36 clflush dts acpi mmx fxsr sse sse2 ss ht tm pbe syscall nx pdpe1gb rdtscp lm constant_tsc arch_perfmon pebs bts rep_good nopl xtopology nonstop_tsc aperfmperf eagerfpu pni pclmulqdq dtes64 monitor ds_cpl vmx est tm2 ssse3 fma cx16 xtpr pdcm pcid sse4_1 sse4_2 movbe popcnt tsc_deadline_timer aes xsave avx f16c rdrand lahf_lm abm ida arat epb pln pts dtherm tpr_shadow vnmi flexpriority ept vpid fsgsbase tsc_adjust bmi1 avx2 smep bmi2 erms invpcid xsaveopt
bugs		:
bogomips	: 3392.03
clflush size	: 64
cache_alignment	: 64
address sizes	: 39 bits physical, 48 bits virtual
power management:

processor	: 2
vendor_id	: GenuineIntel
cpu family	: 6
model		: 69
model name	: Intel(R) Core(TM) i3-4005U CPU @ 1.70GHz
stepping	: 1
microcode	: 0x1c
cpu MHz		: 1692.828
cache size	: 3072 KB
physical id	: 0
siblings	: 4
core id		: 1
cpu cores	: 2
apicid		: 2
initial apicid	: 2
fpu		: yes
fpu_exception	: yes
cpuid level	: 13
wp		: yes
flags		: fpu vme de pse tsc msr pae mce cx8 apic sep mtrr pge mca cmov pat pse36 clflush dts acpi mmx fxsr sse sse2 ss ht tm pbe syscall nx pdpe1gb rdtscp lm constant_tsc arch_perfmon pebs bts rep_good nopl xtopology nonstop_tsc aperfmperf eagerfpu pni pclmulqdq dtes64 monitor ds_cpl vmx est tm2 ssse3 fma cx16 xtpr pdcm pcid sse4_1 sse4_2 movbe popcnt tsc_deadline_timer aes xsave avx f16c rdrand lahf_lm abm ida arat epb pln pts dtherm tpr_shadow vnmi flexpriority ept vpid fsgsbase tsc_adjust bmi1 avx2 smep bmi2 erms invpcid xsaveopt
bugs		:
bogomips	: 3392.03
clflush size	: 64
cache_alignment	: 64
address sizes	: 39 bits physical, 48 bits virtual
power management:

processor	: 3
vendor_id	: GenuineIntel
cpu family	: 6
model		: 69
model name	: Intel(R) Core(TM) i3-4005U CPU @ 1.70GHz
stepping	: 1
microcode	: 0x1c
cpu MHz		: 1698.871
cache size	: 3072 KB
physical id	: 0
siblings	: 4
core id		: 1
cpu cores	: 2
apicid		: 3
initial apicid	: 3
fpu		: yes
fpu_exception	: yes
cpuid level	: 13
wp		: yes
flags		: fpu vme de pse tsc msr pae mce cx8 apic sep mtrr pge mca cmov pat pse36 clflush dts acpi mmx fxsr sse sse2 ss ht tm pbe syscall nx pdpe1gb rdtscp lm constant_tsc arch_perfmon pebs bts rep_good nopl xtopology nonstop_tsc aperfmperf eagerfpu pni pclmulqdq dtes64 monitor ds_cpl vmx est tm2 ssse3 fma cx16 xtpr pdcm pcid sse4_1 sse4_2 movbe popcnt tsc_deadline_timer aes xsave avx f16c rdrand lahf_lm abm ida arat epb pln pts dtherm tpr_shadow vnmi flexpriority ept vpid fsgsbase tsc_adjust bmi1 avx2 smep bmi2 erms invpcid xsaveopt
bugs		:
bogomips	: 3392.03
clflush size	: 64
cache_alignment	: 64
address sizes	: 39 bits physical, 48 bits virtual
power management:



Memory: 4k page, physical 8110256k(147060k free), swap 0k(0k free)

vm_info: Java HotSpot(TM) 64-Bit Server VM (25.111-b14) for linux-amd64 JRE (1.8.0_111-b14), built on Sep 22 2016 16:14:03 by "java_re" with gcc 4.3.0 20080428 (Red Hat 4.3.0-8)

time: Thu Dec 29 21:43:52 2016
elapsed time: 131 seconds (0d 0h 2m 11s)

