#
# There is insufficient memory for the Java Runtime Environment to continue.
# Native memory allocation (mmap) failed to map 176685056 bytes for committing reserved memory.
# Possible reasons:
#   The system is out of physical RAM or swap space
#   In 32 bit mode, the process size limit was hit
# Possible solutions:
#   Reduce memory load on the system
#   Increase physical memory or swap space
#   Check if swap backing store is full
#   Use 64 bit Java on a 64 bit OS
#   Decrease Java heap size (-Xmx/-Xms)
#   Decrease number of Java threads
#   Decrease Java thread stack sizes (-Xss)
#   Set larger code cache with -XX:ReservedCodeCacheSize=
# This output file may be truncated or incomplete.
#
#  Out of Memory Error (os_linux.cpp:2627), pid=323, tid=0x00007f649c3f3700
#
# JRE version: Java(TM) SE Runtime Environment (8.0_111-b14) (build 1.8.0_111-b14)
# Java VM: Java HotSpot(TM) 64-Bit Server VM (25.111-b14 mixed mode linux-amd64 compressed oops)
# Failed to write core dump. Core dumps have been disabled. To enable core dumping, try "ulimit -c unlimited" before starting Java again
#

---------------  T H R E A D  ---------------

Current thread (0x00007f64bc078000):  VMThread [stack: 0x00007f649c2f3000,0x00007f649c3f4000] [id=332]

Stack: [0x00007f649c2f3000,0x00007f649c3f4000],  sp=0x00007f649c3f2020,  free space=1020k
Native frames: (J=compiled Java code, j=interpreted, Vv=VM code, C=native code)
V  [libjvm.so+0xac5c2a]  VMError::report_and_die()+0x2ba
V  [libjvm.so+0x4fc50b]  report_vm_out_of_memory(char const*, int, unsigned long, VMErrorType, char const*)+0x8b
V  [libjvm.so+0x922ae3]  os::Linux::commit_memory_impl(char*, unsigned long, bool)+0x103
V  [libjvm.so+0x923039]  os::pd_commit_memory(char*, unsigned long, unsigned long, bool)+0x29
V  [libjvm.so+0x91d33a]  os::commit_memory(char*, unsigned long, unsigned long, bool)+0x2a
V  [libjvm.so+0x991ac3]  PSVirtualSpace::expand_by(unsigned long)+0x53
V  [libjvm.so+0x982380]  PSOldGen::expand(unsigned long)+0x170
V  [libjvm.so+0x98258b]  PSOldGen::resize(unsigned long)+0x1cb
V  [libjvm.so+0x98a291]  PSParallelCompact::invoke_no_policy(bool)+0x991
V  [libjvm.so+0x98fbed]  PSScavenge::invoke()+0x1ad
V  [libjvm.so+0x9467d0]  ParallelScavengeHeap::failed_mem_allocate(unsigned long)+0x70
V  [libjvm.so+0xac7647]  VM_ParallelGCFailedAllocation::doit()+0x97
V  [libjvm.so+0xacf125]  VM_Operation::evaluate()+0x55
V  [libjvm.so+0xacd4fa]  VMThread::evaluate_operation(VM_Operation*)+0xba
V  [libjvm.so+0xacd87e]  VMThread::loop()+0x1ce
V  [libjvm.so+0xacdcf0]  VMThread::run()+0x70
V  [libjvm.so+0x924ea8]  java_start(Thread*)+0x108

VM_Operation (0x00007f644a6fab70): ParallelGCFailedAllocation, mode: safepoint, requested by thread 0x00007f649405a800


---------------  P R O C E S S  ---------------

Java Threads: ( => current thread )
  0x00007f649405c000 JavaThread "pool-12-thread-4" [_thread_blocked, id=2053, stack(0x00007f64493ea000,0x00007f64494eb000)]
  0x00007f649405a800 JavaThread "pool-12-thread-3" [_thread_blocked, id=2052, stack(0x00007f644a5fc000,0x00007f644a6fd000)]
  0x00007f649405a000 JavaThread "pool-12-thread-2" [_thread_blocked, id=2051, stack(0x00007f64880b8000,0x00007f64881b9000)]
  0x00007f6494059000 JavaThread "pool-13-thread-1" [_thread_blocked, id=2050, stack(0x00007f644a7fe000,0x00007f644a8ff000)]
  0x00007f649400c800 JavaThread "pool-12-thread-1" [_thread_blocked, id=2049, stack(0x00007f64485c0000,0x00007f64486c1000)]
  0x00007f642c060000 JavaThread "pool-10-thread-1" [_thread_blocked, id=2048, stack(0x00007f64895a8000,0x00007f64896a9000)]
  0x00007f6494001800 JavaThread "process reaper" daemon [_thread_blocked, id=2017, stack(0x00007f64487c2000,0x00007f64487fb000)]
  0x00007f642c432800 JavaThread "pool-9-thread-4" [_thread_blocked, id=1863, stack(0x00007f64486c1000,0x00007f64487c2000)]
  0x00007f642c431800 JavaThread "pool-9-thread-3" [_thread_blocked, id=1862, stack(0x00007f644a8ff000,0x00007f644aa00000)]
  0x00007f642c431000 JavaThread "pool-9-thread-2" [_thread_blocked, id=1860, stack(0x00007f644a0f7000,0x00007f644a1f8000)]
  0x00007f642c1bc800 JavaThread "pool-9-thread-1" [_thread_blocked, id=1859, stack(0x00007f644a6fd000,0x00007f644a7fe000)]
  0x00007f642c001800 JavaThread "Asynchronous log dispatcher for org.gradle.launcher.daemon.server.DefaultDaemonConnection@75eecd6b" [_thread_blocked, id=1827, stack(0x00007f64896a9000,0x00007f64897aa000)]
  0x00007f6468003800 JavaThread "Daemon worker Thread 4" [_thread_blocked, id=1826, stack(0x00007f64897aa000,0x00007f64898ab000)]
  0x00007f6468007000 JavaThread "Cancel handler" [_thread_blocked, id=1824, stack(0x00007f64898ab000,0x00007f64899ac000)]
  0x00007f646800a800 JavaThread "Handler for socket connection from /127.0.0.1:43121 to /127.0.0.1:38586" [_thread_in_native, id=1823, stack(0x00007f64899ac000,0x00007f6489aad000)]
  0x00007f6464014000 JavaThread "Daemon Thread 4" [_thread_blocked, id=1822, stack(0x00007f6489aad000,0x00007f6489bae000)]
  0x00007f6454e44800 JavaThread "File lock request listener" [_thread_in_native, id=354, stack(0x00007f6488982000,0x00007f6488a83000)]
  0x00007f64bcb1b800 JavaThread "Incoming local TCP Connector on port 43121" [_thread_in_native, id=343, stack(0x00007f6489db5000,0x00007f6489eb6000)]
  0x00007f64bcb16000 JavaThread "pool-1-thread-1" [_thread_blocked, id=342, stack(0x00007f6489eb6000,0x00007f6489fb7000)]
  0x00007f64bc0c9000 JavaThread "Service Thread" daemon [_thread_blocked, id=339, stack(0x00007f648b419000,0x00007f648b51a000)]
  0x00007f64bc0bd800 JavaThread "C1 CompilerThread2" daemon [_thread_blocked, id=338, stack(0x00007f648b51a000,0x00007f648b61b000)]
  0x00007f64bc0bb800 JavaThread "C2 CompilerThread1" daemon [_thread_blocked, id=337, stack(0x00007f648b61b000,0x00007f648b71c000)]
  0x00007f64bc0b9000 JavaThread "C2 CompilerThread0" daemon [_thread_blocked, id=336, stack(0x00007f648b71c000,0x00007f648b81d000)]
  0x00007f64bc0b7800 JavaThread "Signal Dispatcher" daemon [_thread_blocked, id=335, stack(0x00007f648b81d000,0x00007f648b91e000)]
  0x00007f64bc084800 JavaThread "Finalizer" daemon [_thread_blocked, id=334, stack(0x00007f649c0f1000,0x00007f649c1f2000)]
  0x00007f64bc07f800 JavaThread "Reference Handler" daemon [_thread_blocked, id=333, stack(0x00007f649c1f2000,0x00007f649c2f3000)]
  0x00007f64bc00a000 JavaThread "main" [_thread_blocked, id=326, stack(0x00007f64c3ced000,0x00007f64c3dee000)]

Other Threads:
=>0x00007f64bc078000 VMThread [stack: 0x00007f649c2f3000,0x00007f649c3f4000] [id=332]
  0x00007f64bc0cb800 WatcherThread [stack: 0x00007f648b318000,0x00007f648b419000] [id=340]

VM state:at safepoint (normal execution)

VM Mutex/Monitor currently owned by a thread:  ([mutex/lock_event])
[0x00007f64bc005bb0] ExpandHeap_lock - owner thread: 0x00007f64bc078000
[0x00007f64bc006230] Threads_lock - owner thread: 0x00007f64bc078000
[0x00007f64bc006730] Heap_lock - owner thread: 0x00007f649405a800

Heap:
 PSYoungGen      total 434688K, used 27766K [0x00000000e0000000, 0x0000000100000000, 0x0000000100000000)
  eden space 352256K, 0% used [0x00000000e0000000,0x00000000e0000000,0x00000000f5800000)
  from space 82432K, 33% used [0x00000000faf80000,0x00000000fca9daa0,0x0000000100000000)
  to   space 86016K, 0% used [0x00000000f5800000,0x00000000f5800000,0x00000000fac00000)
 ParOldGen       total 319488K, used 319167K [0x00000000a0000000, 0x00000000b3800000, 0x00000000e0000000)
  object space 319488K, 99% used [0x00000000a0000000,0x00000000b37aff18,0x00000000b3800000)
 Metaspace       used 67153K, capacity 69120K, committed 69464K, reserved 1110016K
  class space    used 8557K, capacity 8982K, committed 9088K, reserved 1048576K

Card table byte_map: [0x00007f64c079d000,0x00007f64c0a9e000] byte_map_base: 0x00007f64c029d000

Marking Bits: (ParMarkBitMap*) 0x00007f64c31c1220
 Begin Bits: [0x00007f649d000000, 0x00007f649e800000)
 End Bits:   [0x00007f649e800000, 0x00007f64a0000000)

Polling page: 0x00007f64c3e10000

CodeCache: size=245760Kb used=48806Kb max_used=48822Kb free=196953Kb
 bounds [0x00007f64ad000000, 0x00007f64b0050000, 0x00007f64bc000000]
 total_blobs=14423 nmethods=13677 adapters=656
 compilation: enabled

Compilation events (10 events):
Event: 809.989 Thread 0x00007f64bc0bd800 nmethod 17735 0x00007f64b003ecd0 code [0x00007f64b003f060, 0x00007f64b0041038]
Event: 810.171 Thread 0x00007f64bc0bd800 17736 %     3       com.android.dx.ssa.SsaBasicBlock::forEachPhiInsn @ 10 (54 bytes)
Event: 810.172 Thread 0x00007f64bc0bd800 nmethod 17736% 0x00007f64af4d29d0 code [0x00007f64af4d2bc0, 0x00007f64af4d3648]
Event: 810.179 Thread 0x00007f64bc0bd800 17737       3       com.android.dx.ssa.SsaBasicBlock::forEachPhiInsn (54 bytes)
Event: 810.181 Thread 0x00007f64bc0bd800 nmethod 17737 0x00007f64ad1a5fd0 code [0x00007f64ad1a61c0, 0x00007f64ad1a6bc8]
Event: 810.233 Thread 0x00007f64bc0bd800 17738       2       java.util.concurrent.ConcurrentHashMap$TreeBin::<init> (259 bytes)
Event: 810.235 Thread 0x00007f64bc0bd800 nmethod 17738 0x00007f64affc2d90 code [0x00007f64affc2f40, 0x00007f64affc3538]
Event: 810.237 Thread 0x00007f64bc0bd800 17739 % !   3       java.util.concurrent.ConcurrentHashMap::transfer @ 99 (832 bytes)
Event: 810.244 Thread 0x00007f64bc0bd800 nmethod 17739% 0x00007f64b0042250 code [0x00007f64b00425c0, 0x00007f64b0044d08]
Event: 810.246 Thread 0x00007f64bc0bd800 17741   !   3       java.util.concurrent.ConcurrentHashMap::transfer (832 bytes)

GC Heap History (10 events):
Event: 803.186 GC heap after
Heap after GC invocations=33 (full 5):
 PSYoungGen      total 462336K, used 462159K [0x00000000e0000000, 0x0000000100000000, 0x0000000100000000)
  eden space 405504K, 100% used [0x00000000e0000000,0x00000000f8c00000,0x00000000f8c00000)
  from space 56832K, 99% used [0x00000000f8c00000,0x00000000fc353c70,0x00000000fc380000)
  to   space 61952K, 64% used [0x00000000fc380000,0x00000000fea43e50,0x0000000100000000)
 ParOldGen       total 250368K, used 249990K [0x00000000a0000000, 0x00000000af480000, 0x00000000e0000000)
  object space 250368K, 99% used [0x00000000a0000000,0x00000000af421a60,0x00000000af480000)
 Metaspace       used 67126K, capacity 69120K, committed 69464K, reserved 1110016K
  class space    used 8556K, capacity 8982K, committed 9088K, reserved 1048576K
}
Event: 803.186 GC heap before
{Heap before GC invocations=34 (full 6):
 PSYoungGen      total 462336K, used 462159K [0x00000000e0000000, 0x0000000100000000, 0x0000000100000000)
  eden space 405504K, 100% used [0x00000000e0000000,0x00000000f8c00000,0x00000000f8c00000)
  from space 56832K, 99% used [0x00000000f8c00000,0x00000000fc353c70,0x00000000fc380000)
  to   space 61952K, 64% used [0x00000000fc380000,0x00000000fea43e50,0x0000000100000000)
 ParOldGen       total 250368K, used 249990K [0x00000000a0000000, 0x00000000af480000, 0x00000000e0000000)
  object space 250368K, 99% used [0x00000000a0000000,0x00000000af421a60,0x00000000af480000)
 Metaspace       used 67126K, capacity 69120K, committed 69464K, reserved 1110016K
  class space    used 8556K, capacity 8982K, committed 9088K, reserved 1048576K
Event: 804.654 GC heap after
Heap after GC invocations=34 (full 6):
 PSYoungGen      total 462336K, used 0K [0x00000000e0000000, 0x0000000100000000, 0x0000000100000000)
  eden space 405504K, 0% used [0x00000000e0000000,0x00000000e0000000,0x00000000f8c00000)
  from space 56832K, 0% used [0x00000000f8c00000,0x00000000f8c00000,0x00000000fc380000)
  to   space 61952K, 0% used [0x00000000fc380000,0x00000000fc380000,0x0000000100000000)
 ParOldGen       total 319488K, used 186907K [0x00000000a0000000, 0x00000000b3800000, 0x00000000e0000000)
  object space 319488K, 58% used [0x00000000a0000000,0x00000000ab686e60,0x00000000b3800000)
 Metaspace       used 67126K, capacity 69120K, committed 69464K, reserved 1110016K
  class space    used 8556K, capacity 8982K, committed 9088K, reserved 1048576K
}
Event: 806.445 GC heap before
{Heap before GC invocations=35 (full 6):
 PSYoungGen      total 462336K, used 405504K [0x00000000e0000000, 0x0000000100000000, 0x0000000100000000)
  eden space 405504K, 100% used [0x00000000e0000000,0x00000000f8c00000,0x00000000f8c00000)
  from space 56832K, 0% used [0x00000000f8c00000,0x00000000f8c00000,0x00000000fc380000)
  to   space 61952K, 0% used [0x00000000fc380000,0x00000000fc380000,0x0000000100000000)
 ParOldGen       total 319488K, used 186907K [0x00000000a0000000, 0x00000000b3800000, 0x00000000e0000000)
  object space 319488K, 58% used [0x00000000a0000000,0x00000000ab686e60,0x00000000b3800000)
 Metaspace       used 67137K, capacity 69120K, committed 69464K, reserved 1110016K
  class space    used 8556K, capacity 8982K, committed 9088K, reserved 1048576K
Event: 806.544 GC heap after
Heap after GC invocations=35 (full 6):
 PSYoungGen      total 432640K, used 57824K [0x00000000e0000000, 0x0000000100000000, 0x0000000100000000)
  eden space 370688K, 0% used [0x00000000e0000000,0x00000000e0000000,0x00000000f6a00000)
  from space 61952K, 93% used [0x00000000fc380000,0x00000000ffbf8318,0x0000000100000000)
  to   space 76800K, 0% used [0x00000000f6a00000,0x00000000f6a00000,0x00000000fb500000)
 ParOldGen       total 319488K, used 186915K [0x00000000a0000000, 0x00000000b3800000, 0x00000000e0000000)
  object space 319488K, 58% used [0x00000000a0000000,0x00000000ab688e60,0x00000000b3800000)
 Metaspace       used 67137K, capacity 69120K, committed 69464K, reserved 1110016K
  class space    used 8556K, capacity 8982K, committed 9088K, reserved 1048576K
}
Event: 808.252 GC heap before
{Heap before GC invocations=36 (full 6):
 PSYoungGen      total 432640K, used 428512K [0x00000000e0000000, 0x0000000100000000, 0x0000000100000000)
  eden space 370688K, 100% used [0x00000000e0000000,0x00000000f6a00000,0x00000000f6a00000)
  from space 61952K, 93% used [0x00000000fc380000,0x00000000ffbf8318,0x0000000100000000)
  to   space 76800K, 0% used [0x00000000f6a00000,0x00000000f6a00000,0x00000000fb500000)
 ParOldGen       total 319488K, used 186915K [0x00000000a0000000, 0x00000000b3800000, 0x00000000e0000000)
  object space 319488K, 58% used [0x00000000a0000000,0x00000000ab688e60,0x00000000b3800000)
 Metaspace       used 67147K, capacity 69120K, committed 69464K, reserved 1110016K
  class space    used 8556K, capacity 8982K, committed 9088K, reserved 1048576K
Event: 808.601 GC heap after
Heap after GC invocations=36 (full 6):
 PSYoungGen      total 426496K, used 55791K [0x00000000e0000000, 0x0000000100000000, 0x0000000100000000)
  eden space 370688K, 0% used [0x00000000e0000000,0x00000000e0000000,0x00000000f6a00000)
  from space 55808K, 99% used [0x00000000f6a00000,0x00000000fa07beb8,0x00000000fa080000)
  to   space 82432K, 0% used [0x00000000faf80000,0x00000000faf80000,0x0000000100000000)
 ParOldGen       total 319488K, used 242310K [0x00000000a0000000, 0x00000000b3800000, 0x00000000e0000000)
  object space 319488K, 75% used [0x00000000a0000000,0x00000000aeca1be8,0x00000000b3800000)
 Metaspace       used 67147K, capacity 69120K, committed 69464K, reserved 1110016K
  class space    used 8556K, capacity 8982K, committed 9088K, reserved 1048576K
}
Event: 810.277 GC heap before
{Heap before GC invocations=37 (full 6):
 PSYoungGen      total 426496K, used 426479K [0x00000000e0000000, 0x0000000100000000, 0x0000000100000000)
  eden space 370688K, 100% used [0x00000000e0000000,0x00000000f6a00000,0x00000000f6a00000)
  from space 55808K, 99% used [0x00000000f6a00000,0x00000000fa07beb8,0x00000000fa080000)
  to   space 82432K, 0% used [0x00000000faf80000,0x00000000faf80000,0x0000000100000000)
 ParOldGen       total 319488K, used 242310K [0x00000000a0000000, 0x00000000b3800000, 0x00000000e0000000)
  object space 319488K, 75% used [0x00000000a0000000,0x00000000aeca1be8,0x00000000b3800000)
 Metaspace       used 67153K, capacity 69120K, committed 69464K, reserved 1110016K
  class space    used 8557K, capacity 8982K, committed 9088K, reserved 1048576K
Event: 810.641 GC heap after
Heap after GC invocations=37 (full 6):
 PSYoungGen      total 434688K, used 54595K [0x00000000e0000000, 0x0000000100000000, 0x0000000100000000)
  eden space 352256K, 0% used [0x00000000e0000000,0x00000000e0000000,0x00000000f5800000)
  from space 82432K, 66% used [0x00000000faf80000,0x00000000fe4d0fe8,0x0000000100000000)
  to   space 86016K, 0% used [0x00000000f5800000,0x00000000f5800000,0x00000000fac00000)
 ParOldGen       total 319488K, used 295452K [0x00000000a0000000, 0x00000000b3800000, 0x00000000e0000000)
  object space 319488K, 92% used [0x00000000a0000000,0x00000000b20872b8,0x00000000b3800000)
 Metaspace       used 67153K, capacity 69120K, committed 69464K, reserved 1110016K
  class space    used 8557K, capacity 8982K, committed 9088K, reserved 1048576K
}
Event: 810.641 GC heap before
{Heap before GC invocations=38 (full 7):
 PSYoungGen      total 434688K, used 54595K [0x00000000e0000000, 0x0000000100000000, 0x0000000100000000)
  eden space 352256K, 0% used [0x00000000e0000000,0x00000000e0000000,0x00000000f5800000)
  from space 82432K, 66% used [0x00000000faf80000,0x00000000fe4d0fe8,0x0000000100000000)
  to   space 86016K, 0% used [0x00000000f5800000,0x00000000f5800000,0x00000000fac00000)
 ParOldGen       total 319488K, used 295452K [0x00000000a0000000, 0x00000000b3800000, 0x00000000e0000000)
  object space 319488K, 92% used [0x00000000a0000000,0x00000000b20872b8,0x00000000b3800000)
 Metaspace       used 67153K, capacity 69120K, committed 69464K, reserved 1110016K
  class space    used 8557K, capacity 8982K, committed 9088K, reserved 1048576K

Deoptimization events (10 events):
Event: 808.777 Thread 0x00007f649405c000 Uncommon trap: reason=unstable_if action=reinterpret pc=0x00007f64ae643d68 method=java.util.concurrent.ConcurrentHashMap.get(Ljava/lang/Object;)Ljava/lang/Object; @ 86
Event: 808.777 Thread 0x00007f649405c000 Uncommon trap: reason=unstable_if action=reinterpret pc=0x00007f64afdbe29c method=java.util.concurrent.ConcurrentHashMap.putVal(Ljava/lang/Object;Ljava/lang/Object;Z)Ljava/lang/Object; @ 113
Event: 808.777 Thread 0x00007f649405c000 Uncommon trap: reason=unstable_if action=reinterpret pc=0x00007f64ade80984 method=java.util.concurrent.ConcurrentHashMap.transfer([Ljava/util/concurrent/ConcurrentHashMap$Node;[Ljava/util/concurrent/ConcurrentHashMap$Node;)V @ 34
Event: 808.778 Thread 0x00007f649405c000 Uncommon trap: reason=unstable_if action=reinterpret pc=0x00007f64ade2fb84 method=java.util.concurrent.ConcurrentHashMap.transfer([Ljava/util/concurrent/ConcurrentHashMap$Node;[Ljava/util/concurrent/ConcurrentHashMap$Node;)V @ 277
Event: 809.008 Thread 0x00007f649400c800 Uncommon trap: reason=speculate_class_check action=maybe_recompile pc=0x00007f64adf67f88 method=java.util.concurrent.locks.AbstractQueuedSynchronizer.release(I)Z @ 2
Event: 809.008 Thread 0x00007f649405c000 Uncommon trap: reason=speculate_class_check action=maybe_recompile pc=0x00007f64adf67f88 method=java.util.concurrent.locks.AbstractQueuedSynchronizer.release(I)Z @ 2
Event: 809.008 Thread 0x00007f649405a800 Uncommon trap: reason=speculate_class_check action=maybe_recompile pc=0x00007f64adf67f88 method=java.util.concurrent.locks.AbstractQueuedSynchronizer.release(I)Z @ 2
Event: 809.026 Thread 0x00007f649400c800 Uncommon trap: reason=speculate_class_check action=maybe_recompile pc=0x00007f64adf67f88 method=java.util.concurrent.locks.AbstractQueuedSynchronizer.release(I)Z @ 2
Event: 809.173 Thread 0x00007f642c060000 Uncommon trap: reason=unstable_if action=reinterpret pc=0x00007f64afa3ea40 method=com.android.dx.rop.code.RegisterSpec.equals(ILcom/android/dx/rop/type/TypeBearer;Lcom/android/dx/rop/code/LocalItem;)Z @ 42
Event: 810.243 Thread 0x00007f649405c000 Uncommon trap: reason=unstable_if action=reinterpret pc=0x00007f64afb5259c method=java.util.concurrent.ConcurrentHashMap.get(Ljava/lang/Object;)Ljava/lang/Object; @ 86

Internal exceptions (10 events):
Event: 689.048 Thread 0x00007f642c431000 Exception <a 'sun/nio/fs/UnixException'> (0x00000000f7606438) thrown at [/HUDSON3/workspace/8-2-build-linux-amd64/jdk8u111/7883/hotspot/src/share/vm/prims/jni.cpp, line 709]
Event: 689.081 Thread 0x00007f642c432800 Exception <a 'sun/nio/fs/UnixException'> (0x00000000f7762328) thrown at [/HUDSON3/workspace/8-2-build-linux-amd64/jdk8u111/7883/hotspot/src/share/vm/prims/jni.cpp, line 709]
Event: 689.081 Thread 0x00007f642c432800 Exception <a 'sun/nio/fs/UnixException'> (0x00000000f7762ab0) thrown at [/HUDSON3/workspace/8-2-build-linux-amd64/jdk8u111/7883/hotspot/src/share/vm/prims/jni.cpp, line 709]
Event: 689.088 Thread 0x00007f642c1bc800 Exception <a 'sun/nio/fs/UnixException'> (0x00000000f7556410) thrown at [/HUDSON3/workspace/8-2-build-linux-amd64/jdk8u111/7883/hotspot/src/share/vm/prims/jni.cpp, line 709]
Event: 689.088 Thread 0x00007f642c1bc800 Exception <a 'sun/nio/fs/UnixException'> (0x00000000f7556b88) thrown at [/HUDSON3/workspace/8-2-build-linux-amd64/jdk8u111/7883/hotspot/src/share/vm/prims/jni.cpp, line 709]
Event: 689.100 Thread 0x00007f642c432800 Exception <a 'sun/nio/fs/UnixException'> (0x00000000f77633a0) thrown at [/HUDSON3/workspace/8-2-build-linux-amd64/jdk8u111/7883/hotspot/src/share/vm/prims/jni.cpp, line 709]
Event: 689.100 Thread 0x00007f642c432800 Exception <a 'sun/nio/fs/UnixException'> (0x00000000f7763b20) thrown at [/HUDSON3/workspace/8-2-build-linux-amd64/jdk8u111/7883/hotspot/src/share/vm/prims/jni.cpp, line 709]
Event: 778.103 Thread 0x00007f6468003800 Implicit null exception at 0x00007f64af939ecf to 0x00007f64af93a69d
Event: 796.960 Thread 0x00007f649405a000 Implicit null exception at 0x00007f64afa2b825 to 0x00007f64afa2c401
Event: 797.710 Thread 0x00007f649405a800 Implicit null exception at 0x00007f64af897ecd to 0x00007f64af8980a9

Events (10 events):
Event: 810.243 Thread 0x00007f649405c000 Uncommon trap: trap_request=0xffffff65 fr.pc=0x00007f64afb5259c
Event: 810.243 Thread 0x00007f649405c000 DEOPT PACKING pc=0x00007f64afb5259c sp=0x00007f64494e8b80
Event: 810.243 Thread 0x00007f649405c000 DEOPT UNPACKING pc=0x00007f64ad005229 sp=0x00007f64494e8a88 mode 2
Event: 810.245 Thread 0x00007f64bc0bd800 flushing nmethod 0x00007f64adf23390
Event: 810.245 Thread 0x00007f64bc0bd800 flushing nmethod 0x00007f64adf6bd90
Event: 810.245 Thread 0x00007f64bc0bd800 flushing nmethod 0x00007f64adf6cc50
Event: 810.246 Thread 0x00007f64bc0bd800 flushing nmethod 0x00007f64ae070690
Event: 810.258 Thread 0x00007f649405c000 DEOPT PACKING pc=0x00007f64afbf9061 sp=0x00007f64494e8f60
Event: 810.258 Thread 0x00007f649405c000 DEOPT UNPACKING pc=0x00007f64ad047633 sp=0x00007f64494e8d10 mode 0
Event: 810.276 Executing VM operation: ParallelGCFailedAllocation


Dynamic libraries:
00400000-00401000 r-xp 00000000 08:02 182546                             /usr/lib/jvm/java-8-oracle/bin/java
00600000-00601000 rw-p 00000000 08:02 182546                             /usr/lib/jvm/java-8-oracle/bin/java
01d40000-01d61000 rw-p 00000000 00:00 0                                  [heap]
a0000000-b3800000 rw-p 00000000 00:00 0 
be080000-e0000000 ---p 00000000 00:00 0 
e0000000-100000000 rw-p 00000000 00:00 0 
100000000-1008e0000 rw-p 00000000 00:00 0 
1008e0000-140000000 ---p 00000000 00:00 0 
7f6426692000-7f6426695000 ---p 00000000 00:00 0 
7f6426695000-7f6426793000 rw-p 00000000 00:00 0 
7f6426793000-7f6426796000 ---p 00000000 00:00 0 
7f6426796000-7f6426894000 rw-p 00000000 00:00 0 
7f6426894000-7f6426897000 ---p 00000000 00:00 0 
7f6426897000-7f64268cd000 rw-p 00000000 00:00 0 
7f6426cd1000-7f6426cd4000 ---p 00000000 00:00 0 
7f6426cd4000-7f6426dd2000 rw-p 00000000 00:00 0 
7f6426dd2000-7f6426dd5000 ---p 00000000 00:00 0 
7f6426dd5000-7f6426ed3000 rw-p 00000000 00:00 0 
7f6426ed3000-7f6426ed6000 ---p 00000000 00:00 0 
7f6426ed6000-7f6426fd4000 rw-p 00000000 00:00 0 
7f6426fd4000-7f6426fd7000 ---p 00000000 00:00 0 
7f6426fd7000-7f64270d5000 rw-p 00000000 00:00 0 
7f64270d5000-7f64270d8000 ---p 00000000 00:00 0 
7f64270d8000-7f642710e000 rw-p 00000000 00:00 0 
7f642710e000-7f6427111000 ---p 00000000 00:00 0 
7f6427111000-7f6427147000 rw-p 00000000 00:00 0 
7f6427349000-7f642734c000 ---p 00000000 00:00 0 
7f642734c000-7f6427382000 rw-p 00000000 00:00 0 
7f6427382000-7f6427385000 ---p 00000000 00:00 0 
7f6427385000-7f6427483000 rw-p 00000000 00:00 0 
7f6427584000-7f6427587000 ---p 00000000 00:00 0 
7f6427587000-7f64275bd000 rw-p 00000000 00:00 0 
7f64275bd000-7f64275c0000 ---p 00000000 00:00 0 
7f64275c0000-7f64276be000 rw-p 00000000 00:00 0 
7f64276be000-7f64276c1000 ---p 00000000 00:00 0 
7f64276c1000-7f64277bf000 rw-p 00000000 00:00 0 
7f64277bf000-7f64277c2000 ---p 00000000 00:00 0 
7f64277c2000-7f64277f8000 rw-p 00000000 00:00 0 
7f6428000000-7f6428021000 rw-p 00000000 00:00 0 
7f6428021000-7f642c000000 ---p 00000000 00:00 0 
7f642c000000-7f642c52f000 rw-p 00000000 00:00 0 
7f642c52f000-7f6430000000 ---p 00000000 00:00 0 
7f6430000000-7f6430021000 rw-p 00000000 00:00 0 
7f6430021000-7f6434000000 ---p 00000000 00:00 0 
7f6434000000-7f6434021000 rw-p 00000000 00:00 0 
7f6434021000-7f6438000000 ---p 00000000 00:00 0 
7f6438000000-7f6438021000 rw-p 00000000 00:00 0 
7f6438021000-7f643c000000 ---p 00000000 00:00 0 
7f643c000000-7f643c021000 rw-p 00000000 00:00 0 
7f643c021000-7f6440000000 ---p 00000000 00:00 0 
7f6440000000-7f6440033000 rw-p 00000000 00:00 0 
7f6440033000-7f6444000000 ---p 00000000 00:00 0 
7f6444000000-7f6444021000 rw-p 00000000 00:00 0 
7f6444021000-7f6448000000 ---p 00000000 00:00 0 
7f6448111000-7f6448114000 ---p 00000000 00:00 0 
7f6448114000-7f644814a000 rw-p 00000000 00:00 0 
7f644834c000-7f644834f000 ---p 00000000 00:00 0 
7f644834f000-7f6448385000 rw-p 00000000 00:00 0 
7f6448385000-7f6448388000 ---p 00000000 00:00 0 
7f6448388000-7f6448486000 rw-p 00000000 00:00 0 
7f6448486000-7f6448489000 ---p 00000000 00:00 0 
7f6448489000-7f6448587000 rw-p 00000000 00:00 0 
7f6448587000-7f644858a000 ---p 00000000 00:00 0 
7f644858a000-7f64485c0000 rw-p 00000000 00:00 0 
7f64485c0000-7f64485c3000 ---p 00000000 00:00 0 
7f64485c3000-7f64486c1000 rw-p 00000000 00:00 0 
7f64486c1000-7f64486c4000 ---p 00000000 00:00 0 
7f64486c4000-7f64487c2000 rw-p 00000000 00:00 0 
7f64487c2000-7f64487c5000 ---p 00000000 00:00 0 
7f64487c5000-7f64487fb000 rw-p 00000000 00:00 0 
7f64487fb000-7f64487fe000 ---p 00000000 00:00 0 
7f64487fe000-7f6448834000 rw-p 00000000 00:00 0 
7f6448834000-7f6448837000 ---p 00000000 00:00 0 
7f6448837000-7f644886d000 rw-p 00000000 00:00 0 
7f644886d000-7f6448870000 ---p 00000000 00:00 0 
7f6448870000-7f644896e000 rw-p 00000000 00:00 0 
7f644896e000-7f6448971000 ---p 00000000 00:00 0 
7f6448971000-7f6448a6f000 rw-p 00000000 00:00 0 
7f6448a6f000-7f6448a72000 ---p 00000000 00:00 0 
7f6448a72000-7f6448aa8000 rw-p 00000000 00:00 0 
7f6448caa000-7f6448cad000 ---p 00000000 00:00 0 
7f6448cad000-7f6448ce3000 rw-p 00000000 00:00 0 
7f6448de4000-7f6448de7000 ---p 00000000 00:00 0 
7f6448de7000-7f6448ee5000 rw-p 00000000 00:00 0 
7f6448ee5000-7f6448ee8000 ---p 00000000 00:00 0 
7f6448ee8000-7f6448fe6000 rw-p 00000000 00:00 0 
7f6448fe8000-7f64490e8000 rw-p 00000000 00:00 0 
7f64490e8000-7f64491eb000 ---p 00000000 00:00 0 
7f64491eb000-7f64492e9000 rw-p 00000000 00:00 0 
7f64493ea000-7f64493ed000 ---p 00000000 00:00 0 
7f64493ed000-7f64494eb000 rw-p 00000000 00:00 0 
7f64495e0000-7f64497e0000 rw-p 00000000 00:00 0 
7f64497e0000-7f64499e0000 rw-p 00000000 00:00 0 
7f64499f4000-7f6449bf4000 rw-p 00000000 00:00 0 
7f6449bf4000-7f6449df4000 rw-p 00000000 00:00 0 
7f6449df4000-7f6449df7000 ---p 00000000 00:00 0 
7f6449df7000-7f6449ef5000 rw-p 00000000 00:00 0 
7f6449ef5000-7f6449ef8000 ---p 00000000 00:00 0 
7f6449ef8000-7f6449ff6000 rw-p 00000000 00:00 0 
7f6449ff6000-7f6449ff9000 ---p 00000000 00:00 0 
7f6449ff9000-7f644a0f7000 rw-p 00000000 00:00 0 
7f644a0f7000-7f644a0fa000 ---p 00000000 00:00 0 
7f644a0fa000-7f644a1f8000 rw-p 00000000 00:00 0 
7f644a1f8000-7f644a1fb000 ---p 00000000 00:00 0 
7f644a1fb000-7f644a2f9000 rw-p 00000000 00:00 0 
7f644a305000-7f644a3fc000 r--s 009c1000 08:02 4311603                    /home/ankit/Desktop/Evento/app/build/intermediates/transforms/jarMerging/debug/jars/1/1f/combined.jar
7f644a3fc000-7f644a5fc000 rw-p 00000000 00:00 0 
7f644a5fc000-7f644a5ff000 ---p 00000000 00:00 0 
7f644a5ff000-7f644a6fd000 rw-p 00000000 00:00 0 
7f644a6fd000-7f644a700000 ---p 00000000 00:00 0 
7f644a700000-7f644a7fe000 rw-p 00000000 00:00 0 
7f644a7fe000-7f644a801000 ---p 00000000 00:00 0 
7f644a801000-7f644a8ff000 rw-p 00000000 00:00 0 
7f644a8ff000-7f644a902000 ---p 00000000 00:00 0 
7f644a902000-7f644ac00000 rw-p 00000000 00:00 0 
7f644ac00000-7f644ae00000 rw-p 00000000 00:00 0 
7f644ae00000-7f644b000000 rw-p 00000000 00:00 0 
7f644b000000-7f644b200000 rw-p 00000000 00:00 0 
7f644b200000-7f644b400000 rw-p 00000000 00:00 0 
7f644b400000-7f644b600000 rw-p 00000000 00:00 0 
7f644b600000-7f644b800000 rw-p 00000000 00:00 0 
7f644b800000-7f644ba00000 rw-p 00000000 00:00 0 
7f644ba00000-7f644bc00000 rw-p 00000000 00:00 0 
7f644bc00000-7f644bdf6000 rw-p 00000000 00:00 0 
7f644bdf6000-7f644be00000 ---p 00000000 00:00 0 
7f644be00000-7f644c000000 rw-p 00000000 00:00 0 
7f644c000000-7f644c055000 rw-p 00000000 00:00 0 
7f644c055000-7f6450000000 ---p 00000000 00:00 0 
7f6450000000-7f645027d000 rw-p 00000000 00:00 0 
7f645027d000-7f6454000000 ---p 00000000 00:00 0 
7f6454000000-7f6455538000 rw-p 00000000 00:00 0 
7f6455538000-7f6458000000 ---p 00000000 00:00 0 
7f6458000000-7f6458021000 rw-p 00000000 00:00 0 
7f6458021000-7f645c000000 ---p 00000000 00:00 0 
7f645c000000-7f645c073000 rw-p 00000000 00:00 0 
7f645c073000-7f6460000000 ---p 00000000 00:00 0 
7f6460000000-7f6460021000 rw-p 00000000 00:00 0 
7f6460021000-7f6464000000 ---p 00000000 00:00 0 
7f6464000000-7f6464073000 rw-p 00000000 00:00 0 
7f6464073000-7f6468000000 ---p 00000000 00:00 0 
7f6468000000-7f6468021000 rw-p 00000000 00:00 0 
7f6468021000-7f646c000000 ---p 00000000 00:00 0 
7f646c000000-7f646c021000 rw-p 00000000 00:00 0 
7f646c021000-7f6470000000 ---p 00000000 00:00 0 
7f6470000000-7f6470021000 rw-p 00000000 00:00 0 
7f6470021000-7f6474000000 ---p 00000000 00:00 0 
7f6474000000-7f6475026000 rw-p 00000000 00:00 0 
7f6475026000-7f6478000000 ---p 00000000 00:00 0 
7f6478000000-7f6478021000 rw-p 00000000 00:00 0 
7f6478021000-7f647c000000 ---p 00000000 00:00 0 
7f647c000000-7f647e80b000 rw-p 00000000 00:00 0 
7f647e80b000-7f6480000000 ---p 00000000 00:00 0 
7f6480000000-7f6481dba000 rw-p 00000000 00:00 0 
7f6481dba000-7f6484000000 ---p 00000000 00:00 0 
7f6484000000-7f6484021000 rw-p 00000000 00:00 0 
7f6484021000-7f6488000000 ---p 00000000 00:00 0 
7f648800d000-7f6488010000 ---p 00000000 00:00 0 
7f6488010000-7f6488046000 rw-p 00000000 00:00 0 
7f6488046000-7f6488049000 ---p 00000000 00:00 0 
7f6488049000-7f648807f000 rw-p 00000000 00:00 0 
7f648807f000-7f6488082000 ---p 00000000 00:00 0 
7f6488082000-7f64880b8000 rw-p 00000000 00:00 0 
7f64880b8000-7f64880bb000 ---p 00000000 00:00 0 
7f64880bb000-7f64883b9000 rw-p 00000000 00:00 0 
7f64883b9000-7f64885b9000 rw-p 00000000 00:00 0 
7f64885b9000-7f64887b9000 rw-p 00000000 00:00 0 
7f64887d6000-7f64887d7000 rw-p 00000000 00:00 0 
7f64887d7000-7f64887da000 ---p 00000000 00:00 0 
7f64887da000-7f6488810000 rw-p 00000000 00:00 0 
7f6488810000-7f6488813000 ---p 00000000 00:00 0 
7f6488813000-7f6488849000 rw-p 00000000 00:00 0 
7f6488849000-7f648885c000 r--s 00345000 08:02 182681                     /usr/lib/jvm/java-8-oracle/jre/lib/resources.jar
7f648885c000-7f6488887000 r--s 001fc000 08:02 3802331                    /home/ankit/Downloads/android-studio/gradle/m2repository/com/google/guava/guava/18.0/guava-18.0.jar
7f6488887000-7f6488888000 r--s 00001000 08:02 3877617                    /home/ankit/Downloads/android-studio/gradle/m2repository/com/android/tools/annotations/25.2.0/annotations-25.2.0.jar
7f6488888000-7f648889a000 r--s 000b3000 08:02 3989804                    /home/ankit/Downloads/android-studio/gradle/m2repository/com/android/tools/external/com-intellij/uast/145.597.3/uast-145.597.3.jar
7f648889a000-7f64888a2000 r--s 000a8000 08:02 3753715                    /home/ankit/Downloads/android-studio/gradle/m2repository/com/android/tools/external/lombok/lombok-ast/0.2.3/lombok-ast-0.2.3.jar
7f64888a2000-7f64888a4000 r--s 0000d000 08:02 3760231                    /home/ankit/Downloads/android-studio/gradle/m2repository/commons-codec/commons-codec/1.4/commons-codec-1.4.jar
7f64888a4000-7f64888a6000 r--s 0000d000 08:02 3540543                    /home/ankit/Downloads/android-studio/gradle/m2repository/commons-logging/commons-logging/1.1.1/commons-logging-1.1.1.jar
7f64888a6000-7f64888ab000 r--s 00028000 08:02 3753367                    /home/ankit/Downloads/android-studio/gradle/m2repository/org/apache/httpcomponents/httpcore/4.1/httpcore-4.1.jar
7f64888ab000-7f64888af000 r--s 0002f000 08:02 3845228                    /home/ankit/Downloads/android-studio/gradle/m2repository/com/google/jimfs/jimfs/1.1/jimfs-1.1.jar
7f64888af000-7f64888b0000 r--s 00004000 08:02 3753443                    /home/ankit/Downloads/android-studio/gradle/m2repository/com/intellij/annotations/12.0/annotations-12.0.jar
7f64888b0000-7f64888b1000 r--s 00004000 08:02 3713300                    /home/ankit/Downloads/android-studio/gradle/m2repository/org/ow2/asm/asm-analysis/5.0.4/asm-analysis-5.0.4.jar
7f64888b1000-7f64888b5000 r--s 0003b000 08:02 4017281                    /home/ankit/Downloads/android-studio/gradle/m2repository/com/android/tools/lint/lint-api/25.2.0/lint-api-25.2.0.jar
7f64888b5000-7f64888b6000 r--s 0000a000 08:02 3760193                    /home/ankit/Downloads/android-studio/gradle/m2repository/net/sf/kxml/kxml2/2.3.0/kxml2-2.3.0.jar
7f64888b6000-7f64888b8000 r--s 00005000 08:02 3753358                    /home/ankit/Downloads/android-studio/gradle/m2repository/org/apache/httpcomponents/httpmime/4.1/httpmime-4.1.jar
7f64888b8000-7f64888c0000 r--s 0004e000 08:02 3753378                    /home/ankit/Downloads/android-studio/gradle/m2repository/org/apache/httpcomponents/httpclient/4.1.1/httpclient-4.1.1.jar
7f64888c0000-7f64888c7000 r--s 00053000 08:02 3753390                    /home/ankit/Downloads/android-studio/gradle/m2repository/org/apache/commons/commons-compress/1.8.1/commons-compress-1.8.1.jar
7f64888c7000-7f64888cc000 r--s 0002a000 08:02 3753476                    /home/ankit/Downloads/android-studio/gradle/m2repository/com/google/code/gson/gson/2.2.4/gson-2.2.4.jar
7f64888cc000-7f64888d1000 r--s 0002d000 08:02 4000509                    /home/ankit/Downloads/android-studio/gradle/m2repository/com/android/tools/repository/25.2.0/repository-25.2.0.jar
7f64888d1000-7f64888d2000 r--s 00005000 08:02 3941528                    /home/ankit/Downloads/android-studio/gradle/m2repository/com/android/tools/dvlib/25.2.0/dvlib-25.2.0.jar
7f64888d2000-7f64888d5000 r--s 00014000 08:02 3835823                    /home/ankit/Downloads/android-studio/gradle/m2repository/com/android/tools/layoutlib/layoutlib-api/25.2.0/layoutlib-api-25.2.0.jar
7f64888d5000-7f64888da000 r--s 00058000 08:02 3631976                    /home/ankit/Downloads/android-studio/gradle/m2repository/org/ow2/asm/asm-debug-all/5.0.1/asm-debug-all-5.0.1.jar
7f64888da000-7f64888ea000 r--s 000d6000 08:02 3760205                    /home/ankit/Downloads/android-studio/gradle/m2repository/net/sf/proguard/proguard-base/5.2.1/proguard-base-5.2.1.jar
7f64888ea000-7f64888ed000 r--s 00033000 08:02 3753450                    /home/ankit/Downloads/android-studio/gradle/m2repository/com/googlecode/juniversalchardet/juniversalchardet/1.0.3/juniversalchardet-1.0.3.jar
7f64888ed000-7f64888f1000 r--s 0002a000 08:02 3506651                    /home/ankit/Downloads/android-studio/gradle/m2repository/commons-io/commons-io/2.4/commons-io-2.4.jar
7f64888f1000-7f6488908000 r--s 00154000 08:02 3787896                    /home/ankit/Downloads/android-studio/gradle/m2repository/org/antlr/antlr4/4.5.3/antlr4-4.5.3.jar
7f6488908000-7f6488909000 r--s 00002000 08:02 3845251                    /home/ankit/Downloads/android-studio/gradle/m2repository/com/android/databinding/baseLibrary/2.2.0/baseLibrary-2.2.0.jar
7f6488909000-7f648891c000 r--s 00236000 08:02 3779712                    /home/ankit/Downloads/android-studio/gradle/m2repository/org/eclipse/jdt/core/compiler/ecj/4.5.1/ecj-4.5.1.jar
7f648891c000-7f6488923000 r--s 000c3000 08:02 3927174                    /home/ankit/Downloads/android-studio/gradle/m2repository/com/android/tools/lint/lint-checks/25.2.0/lint-checks-25.2.0.jar
7f6488923000-7f6488925000 r--s 00006000 08:02 3754422                    /home/ankit/Downloads/android-studio/gradle/m2repository/org/ow2/asm/asm-tree/5.0.4/asm-tree-5.0.4.jar
7f6488925000-7f6488958000 r--s 00203000 08:02 3753331                    /home/ankit/Downloads/android-studio/gradle/m2repository/org/bouncycastle/bcprov-jdk15on/1.48/bcprov-jdk15on-1.48.jar
7f6488958000-7f6488966000 r--s 00081000 08:02 3753336                    /home/ankit/Downloads/android-studio/gradle/m2repository/org/bouncycastle/bcpkix-jdk15on/1.48/bcpkix-jdk15on-1.48.jar
7f6488966000-7f6488968000 r--s 00002000 08:02 3753458                    /home/ankit/Downloads/android-studio/gradle/m2repository/com/squareup/javawriter/2.5.0/javawriter-2.5.0.jar
7f6488968000-7f6488969000 r--s 00002000 08:02 4009078                    /home/ankit/Downloads/android-studio/gradle/m2repository/com/android/tools/analytics-library/tracker/25.2.0/tracker-25.2.0.jar
7f6488969000-7f648896b000 r--s 00003000 08:02 4009086                    /home/ankit/Downloads/android-studio/gradle/m2repository/com/android/tools/analytics-library/shared/25.2.0/shared-25.2.0.jar
7f648896b000-7f6488978000 r--s 000ed000 08:02 4009082                    /home/ankit/Downloads/android-studio/gradle/m2repository/com/android/tools/analytics-library/protos/25.2.0/protos-25.2.0.jar
7f6488978000-7f648897a000 r--s 00003000 08:02 4024806                    /home/ankit/Downloads/android-studio/gradle/m2repository/com/android/tools/jack/jack-api/0.11.0/jack-api-0.11.0.jar
7f648897a000-7f648897f000 r--s 0004a000 08:02 3918754                    /home/ankit/Downloads/android-studio/gradle/m2repository/com/android/tools/ddms/ddmlib/25.2.0/ddmlib-25.2.0.jar
7f648897f000-7f6488982000 r--s 00021000 08:02 3910779                    /home/ankit/Downloads/android-studio/gradle/m2repository/com/android/tools/build/manifest-merger/25.2.0/manifest-merger-25.2.0.jar
7f6488982000-7f6488985000 ---p 00000000 00:00 0 
7f6488985000-7f6488c83000 rw-p 00000000 00:00 0 
7f6488c83000-7f6488c84000 r--s 00001000 08:02 3753578                    /home/ankit/Downloads/android-studio/gradle/m2repository/com/android/tools/jill/jill-api/0.10.0/jill-api-0.10.0.jar
7f6488c84000-7f6488c86000 r--s 0001c000 08:02 4031682                    /home/ankit/Downloads/android-studio/gradle/m2repository/com/android/tools/common/25.2.0/common-25.2.0.jar
7f6488c86000-7f6488c8f000 r--s 00083000 08:02 3885105                    /home/ankit/Downloads/android-studio/gradle/m2repository/com/android/tools/sdk-common/25.2.0/sdk-common-25.2.0.jar
7f6488c8f000-7f6488c9a000 r--s 0008e000 08:02 4024802                    /home/ankit/Downloads/android-studio/gradle/m2repository/com/android/tools/sdklib/25.2.0/sdklib-25.2.0.jar
7f6488c9a000-7f6488c9b000 r--s 00002000 08:02 3894391                    /home/ankit/Downloads/android-studio/gradle/m2repository/com/android/tools/build/builder-test-api/2.2.0/builder-test-api-2.2.0.jar
7f6488c9b000-7f6488c9e000 r--s 00005000 08:02 3754438                    /home/ankit/Downloads/android-studio/gradle/m2repository/com/android/tools/build/builder-model/2.2.0/builder-model-2.2.0.jar
7f6488c9e000-7f6488ca6000 r--s 0007b000 08:02 3819714                    /home/ankit/Downloads/android-studio/gradle/m2repository/com/google/protobuf/protobuf-java/2.5.0/protobuf-java-2.5.0.jar
7f6488ca6000-7f6488ca8000 r--s 0000f000 08:02 4041488                    /home/ankit/Downloads/android-studio/gradle/m2repository/net/sf/jopt-simple/jopt-simple/4.9/jopt-simple-4.9.jar
7f6488ca8000-7f6488cac000 r--s 0001f000 08:02 3795671                    /home/ankit/Downloads/android-studio/gradle/m2repository/org/jacoco/org.jacoco.report/0.7.5.201505241946/org.jacoco.report-0.7.5.201505241946.jar
7f6488cac000-7f6488cb0000 r--s 0001d000 08:02 3787900                    /home/ankit/Downloads/android-studio/gradle/m2repository/org/jacoco/org.jacoco.core/0.7.5.201505241946/org.jacoco.core-0.7.5.201505241946.jar
7f6488cb0000-7f6488cb1000 r--s 00002000 08:02 3760221                    /home/ankit/Downloads/android-studio/gradle/m2repository/net/sf/proguard/proguard-gradle/5.2.1/proguard-gradle-5.2.1.jar
7f6488cb1000-7f6488cb3000 r--s 00009000 08:02 3779703                    /home/ankit/Downloads/android-studio/gradle/m2repository/org/ow2/asm/asm-commons/5.0.4/asm-commons-5.0.4.jar
7f6488cb3000-7f6488cb5000 r--s 0000c000 08:02 3779709                    /home/ankit/Downloads/android-studio/gradle/m2repository/org/ow2/asm/asm/5.0.4/asm-5.0.4.jar
7f6488cb5000-7f6488cb9000 r--s 0002b000 08:02 3853442                    /home/ankit/Downloads/android-studio/gradle/m2repository/com/android/databinding/compilerCommon/2.2.0/compilerCommon-2.2.0.jar
7f6488cb9000-7f6488cba000 r--s 00002000 08:02 3894401                    /home/ankit/Downloads/android-studio/gradle/m2repository/com/android/tools/build/gradle-api/2.2.0/gradle-api-2.2.0.jar
7f6488cba000-7f6488cbb000 r--s 00000000 08:02 3753573                    /home/ankit/Downloads/android-studio/gradle/m2repository/com/android/tools/build/transform-api/2.0.0-deprecated-use-gradle-api/transform-api-2.0.0-deprecated-use-gradle-api.jar
7f6488cbb000-7f6488cc0000 r--s 00053000 08:02 4017271                    /home/ankit/Downloads/android-studio/gradle/m2repository/com/android/tools/lint/lint/25.2.0/lint-25.2.0.jar
7f6488cc0000-7f6488cd7000 r--s 0015d000 08:02 3885097                    /home/ankit/Downloads/android-studio/gradle/m2repository/com/android/tools/build/builder/2.2.0/builder-2.2.0.jar
7f6488cd7000-7f6488cf4000 r--s 0019c000 08:02 3910782                    /home/ankit/Downloads/android-studio/gradle/m2repository/com/android/tools/build/gradle-core/2.2.0/gradle-core-2.2.0.jar
7f6488cf4000-7f6488cf6000 r--s 0000d000 08:02 3802336                    /home/ankit/Downloads/android-studio/gradle/m2repository/com/android/tools/build/gradle/2.2.0/gradle-2.2.0.jar
7f6488cf6000-7f6488cf9000 ---p 00000000 00:00 0 
7f6488cf9000-7f6488d2f000 rw-p 00000000 00:00 0 
7f6488d2f000-7f6488d30000 r--p 00000000 00:00 0 
7f6488d30000-7f6488f30000 rw-p 00000000 00:00 0 
7f6488f30000-7f6489130000 rw-p 00000000 00:00 0 
7f6489130000-7f6489330000 rw-p 00000000 00:00 0 
7f6489330000-7f64893a8000 r--s 010e6000 08:02 158507                     /usr/lib/jvm/java-8-oracle/lib/tools.jar
7f64893a8000-7f64895a8000 rw-p 00000000 00:00 0 
7f64895a8000-7f64895ab000 ---p 00000000 00:00 0 
7f64895ab000-7f64896a9000 rw-p 00000000 00:00 0 
7f64896a9000-7f64896ac000 ---p 00000000 00:00 0 
7f64896ac000-7f64897aa000 rw-p 00000000 00:00 0 
7f64897aa000-7f64897ad000 ---p 00000000 00:00 0 
7f64897ad000-7f64898ab000 rw-p 00000000 00:00 0 
7f64898ab000-7f64898ae000 ---p 00000000 00:00 0 
7f64898ae000-7f64899ac000 rw-p 00000000 00:00 0 
7f64899ac000-7f64899af000 ---p 00000000 00:00 0 
7f64899af000-7f6489aad000 rw-p 00000000 00:00 0 
7f6489aad000-7f6489ab0000 ---p 00000000 00:00 0 
7f6489ab0000-7f6489bae000 rw-p 00000000 00:00 0 
7f6489bae000-7f6489bb5000 r--s 00000000 08:02 109538                     /usr/lib/x86_64-linux-gnu/gconv/gconv-modules.cache
7f6489bb5000-7f6489db5000 rw-p 00000000 00:00 0 
7f6489db5000-7f6489db8000 ---p 00000000 00:00 0 
7f6489db8000-7f6489eb6000 rw-p 00000000 00:00 0 
7f6489eb6000-7f6489eb9000 ---p 00000000 00:00 0 
7f6489eb9000-7f6489fb7000 rw-p 00000000 00:00 0 
7f6489fb7000-7f6489fc0000 r-xp 00000000 08:02 200010                     /usr/lib/jvm/java-8-oracle/jre/lib/amd64/libmanagement.so
7f6489fc0000-7f648a1bf000 ---p 00009000 08:02 200010                     /usr/lib/jvm/java-8-oracle/jre/lib/amd64/libmanagement.so
7f648a1bf000-7f648a1c0000 rw-p 00008000 08:02 200010                     /usr/lib/jvm/java-8-oracle/jre/lib/amd64/libmanagement.so
7f648a1c0000-7f648a1c4000 r--s 00097000 08:02 182569                     /usr/lib/jvm/java-8-oracle/jre/lib/jsse.jar
7f648a1c4000-7f648a1c6000 r--s 00007000 08:02 3402085                    /home/ankit/Downloads/android-studio/gradle/gradle-2.14.1/lib/plugins/gradle-tooling-api-builders-2.14.1.jar
7f648a1c6000-7f648a1c9000 r--s 00008000 08:02 3402081                    /home/ankit/Downloads/android-studio/gradle/gradle-2.14.1/lib/plugins/gradle-testing-native-2.14.1.jar
7f648a1c9000-7f648a1cb000 r--s 00009000 08:02 3402371                    /home/ankit/Downloads/android-studio/gradle/gradle-2.14.1/lib/plugins/hamcrest-core-1.3.jar
7f648a1cb000-7f648a1d1000 r--s 00033000 08:02 3402325                    /home/ankit/Downloads/android-studio/gradle/gradle-2.14.1/lib/plugins/snakeyaml-1.6.jar
7f648a1d1000-7f648a1d3000 r--s 00006000 08:02 3402336                    /home/ankit/Downloads/android-studio/gradle/gradle-2.14.1/lib/plugins/jcommander-1.12.jar
7f648a1d3000-7f648a1d8000 r--s 00040000 08:02 3402324                    /home/ankit/Downloads/android-studio/gradle/gradle-2.14.1/lib/plugins/bsh-2.0b4.jar
7f648a1d8000-7f648a1e1000 r--s 00089000 08:02 3402339                    /home/ankit/Downloads/android-studio/gradle/gradle-2.14.1/lib/plugins/testng-6.3.1.jar
7f648a1e1000-7f648a1e9000 r--s 00045000 08:02 3402343                    /home/ankit/Downloads/android-studio/gradle/gradle-2.14.1/lib/plugins/junit-4.12.jar
7f648a1e9000-7f648a1ef000 r--s 0002e000 08:02 3402091                    /home/ankit/Downloads/android-studio/gradle/gradle-2.14.1/lib/plugins/gradle-testing-jvm-2.14.1.jar
7f648a1ef000-7f648a1f4000 r--s 00015000 08:02 3402095                    /home/ankit/Downloads/android-studio/gradle/gradle-2.14.1/lib/plugins/gradle-testing-base-2.14.1.jar
7f648a1f4000-7f648a1f5000 r--s 00002000 08:02 3402342                    /home/ankit/Downloads/android-studio/gradle/gradle-2.14.1/lib/plugins/sonar-batch-bootstrapper-2.9.jar
7f648a1f5000-7f648a1f8000 r--s 00015000 08:02 3402090                    /home/ankit/Downloads/android-studio/gradle/gradle-2.14.1/lib/plugins/gradle-sonar-2.14.1.jar
7f648a1f8000-7f648a1ff000 r--s 00038000 08:02 3402356                    /home/ankit/Downloads/android-studio/gradle/gradle-2.14.1/lib/plugins/bcpg-jdk15on-1.51.jar
7f648a1ff000-7f648a201000 r--s 0000d000 08:02 3402293                    /home/ankit/Downloads/android-studio/gradle/gradle-2.14.1/lib/plugins/gradle-signing-2.14.1.jar
7f648a201000-7f648a204000 r--s 00009000 08:02 3402099                    /home/ankit/Downloads/android-studio/gradle/gradle-2.14.1/lib/plugins/gradle-scala-2.14.1.jar
7f648a204000-7f648a205000 r--s 00004000 08:02 3402295                    /home/ankit/Downloads/android-studio/gradle/gradle-2.14.1/lib/plugins/gradle-resources-sftp-2.14.1.jar
7f648a205000-7f648a215000 r--s 00088000 08:02 3402329                    /home/ankit/Downloads/android-studio/gradle/gradle-2.14.1/lib/plugins/joda-time-2.8.2.jar
7f648a215000-7f648a226000 r--s 000cf000 08:02 3402375                    /home/ankit/Downloads/android-studio/gradle/gradle-2.14.1/lib/plugins/jackson-databind-2.3.2.jar
7f648a226000-7f648a228000 r--s 00007000 08:02 3402352                    /home/ankit/Downloads/android-studio/gradle/gradle-2.14.1/lib/plugins/jackson-annotations-2.3.2.jar
7f648a228000-7f648a22b000 r--s 0002e000 08:02 3402358                    /home/ankit/Downloads/android-studio/gradle/gradle-2.14.1/lib/plugins/jackson-core-2.3.2.jar
7f648a22b000-7f648a236000 r--s 0006b000 08:02 3402381                    /home/ankit/Downloads/android-studio/gradle/gradle-2.14.1/lib/plugins/aws-java-sdk-core-1.9.19.jar
7f648a236000-7f648a23c000 r--s 00036000 08:02 3402351                    /home/ankit/Downloads/android-studio/gradle/gradle-2.14.1/lib/plugins/aws-java-sdk-kms-1.9.19.jar
7f648a23c000-7f648a247000 r--s 00079000 08:02 3402341                    /home/ankit/Downloads/android-studio/gradle/gradle-2.14.1/lib/plugins/aws-java-sdk-s3-1.9.19.jar
7f648a247000-7f648a248000 r--s 00003000 08:02 3402305                    /home/ankit/Downloads/android-studio/gradle/gradle-2.14.1/lib/plugins/gradle-resources-s3-2.14.1.jar
7f648a248000-7f648a24a000 r--s 00005000 08:02 3402370                    /home/ankit/Downloads/android-studio/gradle/gradle-2.14.1/lib/plugins/jatl-0.2.2.jar
7f648a24a000-7f648a24c000 r--s 0000f000 08:02 3402311                    /home/ankit/Downloads/android-studio/gradle/gradle-2.14.1/lib/plugins/gradle-reporting-2.14.1.jar
7f648a24c000-7f648a24e000 r--s 00002000 08:02 3402252                    /home/ankit/Downloads/android-studio/gradle/gradle-2.14.1/lib/plugins/gradle-publish-2.14.1.jar
7f648a24e000-7f648a250000 r--s 00009000 08:02 3402334                    /home/ankit/Downloads/android-studio/gradle/gradle-2.14.1/lib/plugins/commons-cli-1.2.jar
7f648a250000-7f648a256000 r--s 00033000 08:02 3402098                    /home/ankit/Downloads/android-studio/gradle/gradle-2.14.1/lib/plugins/gradle-plugins-2.14.1.jar
7f648a256000-7f648a258000 r--s 00007000 08:02 3402083                    /home/ankit/Downloads/android-studio/gradle/gradle-2.14.1/lib/plugins/gradle-plugin-development-2.14.1.jar
7f648a258000-7f648a25e000 r--s 0002a000 08:02 3402292                    /home/ankit/Downloads/android-studio/gradle/gradle-2.14.1/lib/plugins/gradle-platform-play-2.14.1.jar
7f648a25e000-7f648a26b000 r--s 0004d000 08:02 3402291                    /home/ankit/Downloads/android-studio/gradle/gradle-2.14.1/lib/plugins/gradle-platform-native-2.14.1.jar
7f648a26b000-7f648a26f000 r--s 0001a000 08:02 3402304                    /home/ankit/Downloads/android-studio/gradle/gradle-2.14.1/lib/plugins/gradle-platform-jvm-2.14.1.jar
7f648a26f000-7f648a276000 r--s 00029000 08:02 3402097                    /home/ankit/Downloads/android-studio/gradle/gradle-2.14.1/lib/plugins/gradle-platform-base-2.14.1.jar
7f648a276000-7f648a297000 r--s 001c3000 08:02 3402322                    /home/ankit/Downloads/android-studio/gradle/gradle-2.14.1/lib/plugins/bndlib-2.4.0.jar
7f648a297000-7f648a299000 r--s 00003000 08:02 3402306                    /home/ankit/Downloads/android-studio/gradle/gradle-2.14.1/lib/plugins/gradle-osgi-2.14.1.jar
7f648a299000-7f648a29c000 r--s 0000c000 08:02 3402378                    /home/ankit/Downloads/android-studio/gradle/gradle-2.14.1/lib/plugins/pmaven-groovy-0.8-20100325.jar
7f648a29c000-7f648a29d000 r--s 00004000 08:02 3402369                    /home/ankit/Downloads/android-studio/gradle/gradle-2.14.1/lib/plugins/pmaven-common-0.8-20100325.jar
7f648a29d000-7f648a2a3000 r--s 00022000 08:02 3402096                    /home/ankit/Downloads/android-studio/gradle/gradle-2.14.1/lib/plugins/gradle-maven-2.14.1.jar
7f648a2a3000-7f648a2a5000 r--s 0000a000 08:02 3402088                    /home/ankit/Downloads/android-studio/gradle/gradle-2.14.1/lib/plugins/gradle-language-scala-2.14.1.jar
7f648a2a5000-7f648a2ab000 r--s 0001a000 08:02 3402092                    /home/ankit/Downloads/android-studio/gradle/gradle-2.14.1/lib/plugins/gradle-language-native-2.14.1.jar
7f648a2ab000-7f648a2ad000 r--s 00008000 08:02 3402084                    /home/ankit/Downloads/android-studio/gradle/gradle-2.14.1/lib/plugins/gradle-language-jvm-2.14.1.jar
7f648a2ad000-7f648a2b3000 r--s 00024000 08:02 3402300                    /home/ankit/Downloads/android-studio/gradle/gradle-2.14.1/lib/plugins/gradle-language-java-2.14.1.jar
7f648a2b3000-7f648a2b5000 r--s 0000a000 08:02 3402290                    /home/ankit/Downloads/android-studio/gradle/gradle-2.14.1/lib/plugins/gradle-language-groovy-2.14.1.jar
7f648a2b5000-7f648a2b8000 r--s 0001e000 08:02 3402319                    /home/ankit/Downloads/android-studio/gradle/gradle-2.14.1/lib/plugins/jsp-api-2.1-6.1.14.jar
7f648a2b8000-7f648a2db000 r--s 00344000 08:02 3402353                    /home/ankit/Downloads/android-studio/gradle/gradle-2.14.1/lib/plugins/core-3.1.1.jar
7f648a2db000-7f648a2dc000 r--s 00006000 08:02 3402376                    /home/ankit/Downloads/android-studio/gradle/gradle-2.14.1/lib/plugins/jetty-naming-6.1.25.jar
7f648a2dc000-7f648a2dd000 r--s 00002000 08:02 3402349                    /home/ankit/Downloads/android-studio/gradle/gradle-2.14.1/lib/plugins/geronimo-annotation_1.0_spec-1.0.jar
7f648a2dd000-7f648a2df000 r--s 00002000 08:02 3402373                    /home/ankit/Downloads/android-studio/gradle/gradle-2.14.1/lib/plugins/jetty-annotations-6.1.25.jar
7f648a2df000-7f648a2f0000 r--s 000ea000 08:02 3402379                    /home/ankit/Downloads/android-studio/gradle/gradle-2.14.1/lib/plugins/jsp-2.1-6.1.14.jar
7f648a2f0000-7f648a2f2000 r--s 0000d000 08:02 3402354                    /home/ankit/Downloads/android-studio/gradle/gradle-2.14.1/lib/plugins/jetty-plus-6.1.25.jar
7f648a2f2000-7f648a2f4000 r--s 0001f000 08:02 3402385                    /home/ankit/Downloads/android-studio/gradle/gradle-2.14.1/lib/plugins/servlet-api-2.5-20081211.jar
7f648a2f4000-7f648a2f8000 r--s 00028000 08:02 3402337                    /home/ankit/Downloads/android-studio/gradle/gradle-2.14.1/lib/plugins/jetty-util-6.1.25.jar
7f648a2f8000-7f648a2ff000 r--s 0007d000 08:02 3402344                    /home/ankit/Downloads/android-studio/gradle/gradle-2.14.1/lib/plugins/jetty-6.1.25.jar
7f648a2ff000-7f648a301000 r--s 00009000 08:02 3402309                    /home/ankit/Downloads/android-studio/gradle/gradle-2.14.1/lib/plugins/gradle-jetty-2.14.1.jar
7f648a301000-7f648a308000 r--s 00035000 08:02 3402382                    /home/ankit/Downloads/android-studio/gradle/gradle-2.14.1/lib/plugins/simple-4.1.21.jar
7f648a308000-7f648a314000 r--s 00100000 08:02 3402330                    /home/ankit/Downloads/android-studio/gradle/gradle-2.14.1/lib/plugins/rhino-1.7R3.jar
7f648a314000-7f648a318000 r--s 00011000 08:02 3402297                    /home/ankit/Downloads/android-studio/gradle/gradle-2.14.1/lib/plugins/gradle-javascript-2.14.1.jar
7f648a318000-7f648a31a000 r--s 0000c000 08:02 3402317                    /home/ankit/Downloads/android-studio/gradle/gradle-2.14.1/lib/plugins/gradle-jacoco-2.14.1.jar
7f648a31a000-7f648a31d000 r--s 0000e000 08:02 3402316                    /home/ankit/Downloads/android-studio/gradle/gradle-2.14.1/lib/plugins/gradle-ivy-2.14.1.jar
7f648a31d000-7f648a31e000 r--s 00002000 08:02 3402313                    /home/ankit/Downloads/android-studio/gradle/gradle-2.14.1/lib/plugins/gradle-ide-play-2.14.1.jar
7f648a31e000-7f648a323000 r--s 0002b000 08:02 3402310                    /home/ankit/Downloads/android-studio/gradle/gradle-2.14.1/lib/plugins/gradle-ide-native-2.14.1.jar
7f648a323000-7f648a32e000 r--s 00066000 08:02 3402089                    /home/ankit/Downloads/android-studio/gradle/gradle-2.14.1/lib/plugins/gradle-ide-2.14.1.jar
7f648a32e000-7f648a32f000 r--s 00008000 08:02 3402087                    /home/ankit/Downloads/android-studio/gradle/gradle-2.14.1/lib/plugins/gradle-ear-2.14.1.jar
7f648a32f000-7f648a335000 r--s 00032000 08:02 3402094                    /home/ankit/Downloads/android-studio/gradle/gradle-2.14.1/lib/plugins/gradle-diagnostics-2.14.1.jar
7f648a335000-7f648a339000 r--s 00021000 08:02 3402312                    /home/ankit/Downloads/android-studio/gradle/gradle-2.14.1/lib/plugins/gradle-code-quality-2.14.1.jar
7f648a339000-7f648a33d000 r--s 0001f000 08:02 3402093                    /home/ankit/Downloads/android-studio/gradle/gradle-2.14.1/lib/plugins/gradle-build-init-2.14.1.jar
7f648a33d000-7f648a344000 r--s 0008e000 08:02 3402314                    /home/ankit/Downloads/android-studio/gradle/gradle-2.14.1/lib/plugins/gradle-build-comparison-2.14.1.jar
7f648a344000-7f648a346000 r--s 00008000 08:02 3402302                    /home/ankit/Downloads/android-studio/gradle/gradle-2.14.1/lib/plugins/gradle-antlr-2.14.1.jar
7f648a346000-7f648a348000 r--s 00004000 08:02 3402315                    /home/ankit/Downloads/android-studio/gradle/gradle-2.14.1/lib/plugins/gradle-announce-2.14.1.jar
7f648a348000-7f648a360000 r--s 00115000 08:02 3402347                    /home/ankit/Downloads/android-studio/gradle/gradle-2.14.1/lib/plugins/xercesImpl-2.9.1.jar
7f648a360000-7f648a368000 r--s 00028000 08:02 3402366                    /home/ankit/Downloads/android-studio/gradle/gradle-2.14.1/lib/plugins/xml-apis-1.3.04.jar
7f648a368000-7f648a36e000 r--s 0005b000 08:02 3402359                    /home/ankit/Downloads/android-studio/gradle/gradle-2.14.1/lib/plugins/jcifs-1.3.17.jar
7f648a36e000-7f648a375000 r--s 00049000 08:02 3402296                    /home/ankit/Downloads/android-studio/gradle/gradle-2.14.1/lib/plugins/httpcore-4.4.4.jar
7f648a375000-7f648a37b000 r--s 00033000 08:02 3402328                    /home/ankit/Downloads/android-studio/gradle/gradle-2.14.1/lib/plugins/commons-codec-1.6.jar
7f648a37b000-7f648a37e000 r--s 0001c000 08:02 3402326                    /home/ankit/Downloads/android-studio/gradle/gradle-2.14.1/lib/plugins/nekohtml-1.9.14.jar
7f648a37e000-7f648a38b000 r--s 000a4000 08:02 3402307                    /home/ankit/Downloads/android-studio/gradle/gradle-2.14.1/lib/plugins/httpclient-4.4.1.jar
7f648a38b000-7f648a38d000 r--s 0000a000 08:02 3402082                    /home/ankit/Downloads/android-studio/gradle/gradle-2.14.1/lib/plugins/gradle-resources-http-2.14.1.jar
7f648a38d000-7f648a391000 r--s 00014000 08:02 3402294                    /home/ankit/Downloads/android-studio/gradle/gradle-2.14.1/lib/plugins/gradle-plugin-use-2.14.1.jar
7f648a391000-7f648a392000 r--s 00000000 08:02 3394352                    /home/ankit/Downloads/android-studio/gradle/gradle-2.14.1/lib/gradle-installation-beacon-2.14.1.jar
7f648a392000-7f648a393000 r--s 00007000 08:02 3402335                    /home/ankit/Downloads/android-studio/gradle/gradle-2.14.1/lib/plugins/wagon-http-shared4-2.4.jar
7f648a393000-7f648a397000 r--s 00033000 08:02 3402372                    /home/ankit/Downloads/android-studio/gradle/gradle-2.14.1/lib/plugins/plexus-utils-2.0.6.jar
7f648a397000-7f648a39b000 r--s 00021000 08:02 3402361                    /home/ankit/Downloads/android-studio/gradle/gradle-2.14.1/lib/plugins/maven-model-builder-3.0.4.jar
7f648a39b000-7f648a39c000 r--s 00002000 08:02 3402327                    /home/ankit/Downloads/android-studio/gradle/gradle-2.14.1/lib/plugins/wagon-file-2.4.jar
7f648a39c000-7f648a39e000 r--s 00002000 08:02 3402368                    /home/ankit/Downloads/android-studio/gradle/gradle-2.14.1/lib/plugins/plexus-cipher-1.7.jar
7f648a39e000-7f648a3a1000 r--s 00013000 08:02 3402384                    /home/ankit/Downloads/android-studio/gradle/gradle-2.14.1/lib/plugins/aether-api-1.13.1.jar
7f648a3a1000-7f648a3a3000 r--s 0000a000 08:02 3402338                    /home/ankit/Downloads/android-studio/gradle/gradle-2.14.1/lib/plugins/maven-settings-3.0.4.jar
7f648a3a3000-7f648a3a5000 r--s 0000d000 08:02 3402362                    /home/ankit/Downloads/android-studio/gradle/gradle-2.14.1/lib/plugins/plexus-interpolation-1.14.jar
7f648a3a5000-7f648a3a7000 r--s 0000b000 08:02 3402377                    /home/ankit/Downloads/android-studio/gradle/gradle-2.14.1/lib/plugins/maven-artifact-3.0.4.jar
7f648a3a7000-7f648a3ae000 r--s 0002e000 08:02 3402332                    /home/ankit/Downloads/android-studio/gradle/gradle-2.14.1/lib/plugins/plexus-container-default-1.5.5.jar
7f648a3ae000-7f648a3b0000 r--s 0000b000 08:02 3402355                    /home/ankit/Downloads/android-studio/gradle/gradle-2.14.1/lib/plugins/maven-plugin-api-3.0.4.jar
7f648a3b0000-7f648a3b2000 r--s 00000000 08:02 3402357                    /home/ankit/Downloads/android-studio/gradle/gradle-2.14.1/lib/plugins/plexus-component-annotations-1.5.5.jar
7f648a3b2000-7f648a3b8000 r--s 0003f000 08:02 3402363                    /home/ankit/Downloads/android-studio/gradle/gradle-2.14.1/lib/plugins/maven-compat-3.0.4.jar
7f648a3b8000-7f648a3bb000 r--s 00008000 08:02 3402345                    /home/ankit/Downloads/android-studio/gradle/gradle-2.14.1/lib/plugins/maven-settings-builder-3.0.4.jar
7f648a3bb000-7f648a3bd000 r--s 00026000 08:02 3402383                    /home/ankit/Downloads/android-studio/gradle/gradle-2.14.1/lib/plugins/maven-model-3.0.4.jar
7f648a3bd000-7f648a3bf000 r--s 00006000 08:02 3402374                    /home/ankit/Downloads/android-studio/gradle/gradle-2.14.1/lib/plugins/aether-connector-wagon-1.13.1.jar
7f648a3bf000-7f648a3c1000 r--s 0000a000 08:02 3402333                    /home/ankit/Downloads/android-studio/gradle/gradle-2.14.1/lib/plugins/plexus-classworlds-2.4.jar
7f648a3c1000-7f648a3c3000 r--s 00006000 08:02 3402364                    /home/ankit/Downloads/android-studio/gradle/gradle-2.14.1/lib/plugins/maven-repository-metadata-3.0.4.jar
7f648a3c3000-7f648a3c5000 r--s 0000c000 08:02 3402348                    /home/ankit/Downloads/android-studio/gradle/gradle-2.14.1/lib/plugins/maven-aether-provider-3.0.4.jar
7f648a3c5000-7f648a3c7000 r--s 0000b000 08:02 3402340                    /home/ankit/Downloads/android-studio/gradle/gradle-2.14.1/lib/plugins/wagon-provider-api-2.4.jar
7f648a3c7000-7f648a3cb000 r--s 0001c000 08:02 3402380                    /home/ankit/Downloads/android-studio/gradle/gradle-2.14.1/lib/plugins/aether-util-1.13.1.jar
7f648a3cb000-7f648a3ce000 r--s 0001d000 08:02 3402360                    /home/ankit/Downloads/android-studio/gradle/gradle-2.14.1/lib/plugins/aether-impl-1.13.1.jar
7f648a3ce000-7f648a3d3000 r--s 00040000 08:02 3402321                    /home/ankit/Downloads/android-studio/gradle/gradle-2.14.1/lib/plugins/jsch-0.1.53.jar
7f648a3d3000-7f648a413000 r--s 00277000 08:02 3402323                    /home/ankit/Downloads/android-studio/gradle/gradle-2.14.1/lib/plugins/bcprov-jdk15on-1.51.jar
7f648a413000-7f648a41f000 r--s 0007d000 08:02 3402367                    /home/ankit/Downloads/android-studio/gradle/gradle-2.14.1/lib/plugins/maven-core-3.0.4.jar
7f648a41f000-7f648a424000 r--s 0002a000 08:02 3402346                    /home/ankit/Downloads/android-studio/gradle/gradle-2.14.1/lib/plugins/gson-2.2.4.jar
7f648a424000-7f648a433000 r--s 000d9000 08:02 3402331                    /home/ankit/Downloads/android-studio/gradle/gradle-2.14.1/lib/plugins/ivy-2.2.0.jar
7f648a433000-7f648a449000 r-xp 00000000 08:02 2624314                    /lib/x86_64-linux-gnu/libgcc_s.so.1
7f648a449000-7f648a648000 ---p 00016000 08:02 2624314                    /lib/x86_64-linux-gnu/libgcc_s.so.1
7f648a648000-7f648a649000 r--p 00015000 08:02 2624314                    /lib/x86_64-linux-gnu/libgcc_s.so.1
7f648a649000-7f648a64a000 rw-p 00016000 08:02 2624314                    /lib/x86_64-linux-gnu/libgcc_s.so.1
7f648a64a000-7f648a7bd000 r-xp 00000000 08:02 61223                      /usr/lib/x86_64-linux-gnu/libstdc++.so.6.0.21
7f648a7bd000-7f648a9bc000 ---p 00173000 08:02 61223                      /usr/lib/x86_64-linux-gnu/libstdc++.so.6.0.21
7f648a9bc000-7f648a9c6000 r--p 00172000 08:02 61223                      /usr/lib/x86_64-linux-gnu/libstdc++.so.6.0.21
7f648a9c6000-7f648a9c8000 rw-p 0017c000 08:02 61223                      /usr/lib/x86_64-linux-gnu/libstdc++.so.6.0.21
7f648a9c8000-7f648a9cc000 rw-p 00000000 00:00 0 
7f648a9cc000-7f648a9cd000 r--s 00002000 08:02 3402318                    /home/ankit/Downloads/android-studio/gradle/gradle-2.14.1/lib/plugins/wagon-http-2.4.jar
7f648a9cd000-7f648a9ce000 r--s 00003000 08:02 3402320                    /home/ankit/Downloads/android-studio/gradle/gradle-2.14.1/lib/plugins/aether-spi-1.13.1.jar
7f648a9ce000-7f648a9cf000 r--s 00006000 08:02 3402365                    /home/ankit/Downloads/android-studio/gradle/gradle-2.14.1/lib/plugins/plexus-sec-dispatcher-1.3.jar
7f648a9cf000-7f648a9eb000 r--s 000d3000 08:02 3402161                    /home/ankit/Downloads/android-studio/gradle/gradle-2.14.1/lib/plugins/gradle-dependency-management-2.14.1.jar
7f648a9eb000-7f648a9ef000 r-xp 00000000 08:02 3391672                    /home/ankit/.gradle/native/19/linux-amd64/libnative-platform.so
7f648a9ef000-7f648abee000 ---p 00004000 08:02 3391672                    /home/ankit/.gradle/native/19/linux-amd64/libnative-platform.so
7f648abee000-7f648abef000 rw-p 00003000 08:02 3391672                    /home/ankit/.gradle/native/19/linux-amd64/libnative-platform.so
7f648abef000-7f648ac00000 r-xp 00000000 08:02 199999                     /usr/lib/jvm/java-8-oracle/jre/lib/amd64/libnio.so
7f648ac00000-7f648adff000 ---p 00011000 08:02 199999                     /usr/lib/jvm/java-8-oracle/jre/lib/amd64/libnio.so
7f648adff000-7f648ae00000 rw-p 00010000 08:02 199999                     /usr/lib/jvm/java-8-oracle/jre/lib/amd64/libnio.so
7f648ae00000-7f648b101000 rw-p 00000000 00:00 0 
7f648b101000-7f648b117000 r-xp 00000000 08:02 199974                     /usr/lib/jvm/java-8-oracle/jre/lib/amd64/libnet.so
7f648b117000-7f648b317000 ---p 00016000 08:02 199974                     /usr/lib/jvm/java-8-oracle/jre/lib/amd64/libnet.so
7f648b317000-7f648b318000 rw-p 00016000 08:02 199974                     /usr/lib/jvm/java-8-oracle/jre/lib/amd64/libnet.so
7f648b318000-7f648b319000 ---p 00000000 00:00 0 
7f648b319000-7f648b419000 rw-p 00000000 00:00 0 
7f648b419000-7f648b41c000 ---p 00000000 00:00 0 
7f648b41c000-7f648b51a000 rw-p 00000000 00:00 0 
7f648b51a000-7f648b51d000 ---p 00000000 00:00 0 
7f648b51d000-7f648b61b000 rw-p 00000000 00:00 0 
7f648b61b000-7f648b61e000 ---p 00000000 00:00 0 
7f648b61e000-7f648b71c000 rw-p 00000000 00:00 0 
7f648b71c000-7f648b71f000 ---p 00000000 00:00 0 
7f648b71f000-7f648b81d000 rw-p 00000000 00:00 0 
7f648b81d000-7f648b820000 ---p 00000000 00:00 0 
7f648b820000-7f648b91e000 rw-p 00000000 00:00 0 
7f648b91e000-7f648c000000 r--p 00000000 08:02 59247                      /usr/lib/locale/locale-archive
7f648c000000-7f648c021000 rw-p 00000000 00:00 0 
7f648c021000-7f6490000000 ---p 00000000 00:00 0 
7f6490000000-7f6490021000 rw-p 00000000 00:00 0 
7f6490021000-7f6494000000 ---p 00000000 00:00 0 
7f6494000000-7f64943f4000 rw-p 00000000 00:00 0 
7f64943f4000-7f6498000000 ---p 00000000 00:00 0 
7f6498000000-7f6498021000 rw-p 00000000 00:00 0 
7f6498021000-7f649c000000 ---p 00000000 00:00 0 
7f649c000000-7f649c004000 r--s 0001d000 08:02 3402350                    /home/ankit/Downloads/android-studio/gradle/gradle-2.14.1/lib/plugins/xbean-reflect-3.4.jar
7f649c004000-7f649c006000 r--s 00005000 08:02 3394358                    /home/ankit/Downloads/android-studio/gradle/gradle-2.14.1/lib/gradle-wrapper-2.14.1.jar
7f649c006000-7f649c014000 r--s 0004f000 08:02 3394344                    /home/ankit/Downloads/android-studio/gradle/gradle-2.14.1/lib/gradle-tooling-api-2.14.1.jar
7f649c014000-7f649c016000 r--s 00002000 08:02 3394350                    /home/ankit/Downloads/android-studio/gradle/gradle-2.14.1/lib/gradle-open-api-2.14.1.jar
7f649c016000-7f649c01c000 r--s 00032000 08:02 3394400                    /home/ankit/Downloads/android-studio/gradle/gradle-2.14.1/lib/jaxen-1.1.jar
7f649c01c000-7f649c021000 r--s 00048000 08:02 3394380                    /home/ankit/Downloads/android-studio/gradle/gradle-2.14.1/lib/dom4j-1.6.1.jar
7f649c021000-7f649c02c000 r--s 00059000 08:02 3394373                    /home/ankit/Downloads/android-studio/gradle/gradle-2.14.1/lib/gradle-ui-2.14.1.jar
7f649c02c000-7f649c02f000 r--s 0000b000 08:02 3394378                    /home/ankit/Downloads/android-studio/gradle/gradle-2.14.1/lib/gradle-resources-2.14.1.jar
7f649c02f000-7f649c031000 r--s 00003000 08:02 3394402                    /home/ankit/Downloads/android-studio/gradle/gradle-2.14.1/lib/jcl-over-slf4j-1.7.10.jar
7f649c031000-7f649c032000 r--s 00005000 08:02 3394397                    /home/ankit/Downloads/android-studio/gradle/gradle-2.14.1/lib/log4j-over-slf4j-1.7.10.jar
7f649c032000-7f649c034000 r--s 00000000 08:02 3394404                    /home/ankit/Downloads/android-studio/gradle/gradle-2.14.1/lib/jul-to-slf4j-1.7.10.jar
7f649c034000-7f649c039000 r--s 0001c000 08:02 3394356                    /home/ankit/Downloads/android-studio/gradle/gradle-2.14.1/lib/gradle-logging-2.14.1.jar
7f649c039000-7f649c03b000 r--s 00007000 08:02 3394403                    /home/ankit/Downloads/android-studio/gradle/gradle-2.14.1/lib/objenesis-1.2.jar
7f649c03b000-7f649c03d000 r--s 00000000 08:02 3394383                    /home/ankit/Downloads/android-studio/gradle/gradle-2.14.1/lib/minlog-1.2.jar
7f649c03d000-7f649c03f000 r--s 0000f000 08:02 3394389                    /home/ankit/Downloads/android-studio/gradle/gradle-2.14.1/lib/reflectasm-1.07-shaded.jar
7f649c03f000-7f649c043000 r--s 00026000 08:02 3394395                    /home/ankit/Downloads/android-studio/gradle/gradle-2.14.1/lib/kryo-2.20.jar
7f649c043000-7f649c049000 r--s 00025000 08:02 3394347                    /home/ankit/Downloads/android-studio/gradle/gradle-2.14.1/lib/gradle-messaging-2.14.1.jar
7f649c049000-7f649c04a000 r--s 00003000 08:02 3394401                    /home/ankit/Downloads/android-studio/gradle/gradle-2.14.1/lib/native-platform-freebsd-amd64-0.10.jar
7f649c04a000-7f649c04b000 r--s 00003000 08:02 3394390                    /home/ankit/Downloads/android-studio/gradle/gradle-2.14.1/lib/native-platform-freebsd-i386-0.10.jar
7f649c04b000-7f649c05a000 r--s 00080000 08:02 3394371                    /home/ankit/Downloads/android-studio/gradle/gradle-2.14.1/lib/gradle-model-core-2.14.1.jar
7f649c05a000-7f649c0c9000 r--s 0063e000 08:02 3394407                    /home/ankit/Downloads/android-studio/gradle/gradle-2.14.1/lib/groovy-all-2.4.4.jar
7f649c0c9000-7f649c0f1000 r--s 001cf000 08:02 3394387                    /home/ankit/Downloads/android-studio/gradle/gradle-2.14.1/lib/guava-jdk5-17.0.jar
7f649c0f1000-7f649c0f4000 ---p 00000000 00:00 0 
7f649c0f4000-7f649c1f2000 rw-p 00000000 00:00 0 
7f649c1f2000-7f649c1f5000 ---p 00000000 00:00 0 
7f649c1f5000-7f649c2f3000 rw-p 00000000 00:00 0 
7f649c2f3000-7f649c2f4000 ---p 00000000 00:00 0 
7f649c2f4000-7f64a0000000 rw-p 00000000 00:00 0 
7f64a0000000-7f64a005b000 rw-p 00000000 00:00 0 
7f64a005b000-7f64a4000000 ---p 00000000 00:00 0 
7f64a4000000-7f64a4050000 rw-p 00000000 00:00 0 
7f64a4050000-7f64a8000000 ---p 00000000 00:00 0 
7f64a8000000-7f64a80bb000 rw-p 00000000 00:00 0 
7f64a80bb000-7f64ac000000 ---p 00000000 00:00 0 
7f64ac000000-7f64ac001000 r--s 00005000 08:02 3394385                    /home/ankit/Downloads/android-studio/gradle/gradle-2.14.1/lib/native-platform-windows-i386-0.10.jar
7f64ac001000-7f64ac002000 r--s 00005000 08:02 3394384                    /home/ankit/Downloads/android-studio/gradle/gradle-2.14.1/lib/native-platform-windows-amd64-0.10.jar
7f64ac002000-7f64ac003000 r--s 00003000 08:02 3394391                    /home/ankit/Downloads/android-studio/gradle/gradle-2.14.1/lib/native-platform-linux-i386-0.10.jar
7f64ac003000-7f64ac004000 r--s 00003000 08:02 3394382                    /home/ankit/Downloads/android-studio/gradle/gradle-2.14.1/lib/native-platform-linux-amd64-0.10.jar
7f64ac004000-7f64ac006000 r--s 00008000 08:02 3394399                    /home/ankit/Downloads/android-studio/gradle/gradle-2.14.1/lib/jansi-1.2.1.jar
7f64ac006000-7f64ac025000 r--s 001d1000 08:02 3394357                    /home/ankit/Downloads/android-studio/gradle/gradle-2.14.1/lib/ant-1.9.6.jar
7f64ac025000-7f64ac328000 rw-p 00000000 00:00 0 
7f64ac328000-7f64ac500000 r--s 03d2a000 08:02 182584                     /usr/lib/jvm/java-8-oracle/jre/lib/rt.jar
7f64ac500000-7f64ad000000 rw-p 00000000 00:00 0 
7f64ad000000-7f64b0050000 rwxp 00000000 00:00 0 
7f64b0050000-7f64bc000000 ---p 00000000 00:00 0 
7f64bc000000-7f64bcb61000 rw-p 00000000 00:00 0 
7f64bcb61000-7f64c0000000 ---p 00000000 00:00 0 
7f64c0000000-7f64c0001000 r--s 00002000 08:02 3394381                    /home/ankit/Downloads/android-studio/gradle/gradle-2.14.1/lib/native-platform-osx-amd64-0.10.jar
7f64c0001000-7f64c0004000 r--s 0000d000 08:02 3394394                    /home/ankit/Downloads/android-studio/gradle/gradle-2.14.1/lib/native-platform-0.10.jar
7f64c0004000-7f64c0008000 r--s 000e4000 08:02 3394393                    /home/ankit/Downloads/android-studio/gradle/gradle-2.14.1/lib/jna-3.2.7.jar
7f64c0008000-7f64c000a000 r--s 00009000 08:02 3394375                    /home/ankit/Downloads/android-studio/gradle/gradle-2.14.1/lib/gradle-native-2.14.1.jar
7f64c000a000-7f64c000c000 r--s 00005000 08:02 3394376                    /home/ankit/Downloads/android-studio/gradle/gradle-2.14.1/lib/gradle-cli-2.14.1.jar
7f64c000c000-7f64c0019000 r--s 00083000 08:02 3394379                    /home/ankit/Downloads/android-studio/gradle/gradle-2.14.1/lib/commons-collections-3.2.2.jar
7f64c0019000-7f64c0050000 r--s 001bd000 08:02 3394359                    /home/ankit/Downloads/android-studio/gradle/gradle-2.14.1/lib/gradle-core-2.14.1.jar
7f64c0050000-7f64c0199000 rw-p 00000000 00:00 0 
7f64c0199000-7f64c019a000 ---p 00000000 00:00 0 
7f64c019a000-7f64c029a000 rw-p 00000000 00:00 0 
7f64c029a000-7f64c029b000 ---p 00000000 00:00 0 
7f64c029b000-7f64c039b000 rw-p 00000000 00:00 0 
7f64c039b000-7f64c039c000 ---p 00000000 00:00 0 
7f64c039c000-7f64c049c000 rw-p 00000000 00:00 0 
7f64c049c000-7f64c049d000 ---p 00000000 00:00 0 
7f64c049d000-7f64c0639000 rw-p 00000000 00:00 0 
7f64c0639000-7f64c079d000 ---p 00000000 00:00 0 
7f64c079d000-7f64c0839000 rw-p 00000000 00:00 0 
7f64c0839000-7f64c099d000 ---p 00000000 00:00 0 
7f64c099d000-7f64c0a9d000 rw-p 00000000 00:00 0 
7f64c0a9d000-7f64c0b60000 rw-p 00000000 00:00 0 
7f64c0b60000-7f64c0e5e000 ---p 00000000 00:00 0 
7f64c0e5e000-7f64c0e78000 r-xp 00000000 08:02 199997                     /usr/lib/jvm/java-8-oracle/jre/lib/amd64/libzip.so
7f64c0e78000-7f64c1078000 ---p 0001a000 08:02 199997                     /usr/lib/jvm/java-8-oracle/jre/lib/amd64/libzip.so
7f64c1078000-7f64c1079000 rw-p 0001a000 08:02 199997                     /usr/lib/jvm/java-8-oracle/jre/lib/amd64/libzip.so
7f64c1079000-7f64c1083000 r-xp 00000000 08:02 2621662                    /lib/x86_64-linux-gnu/libnss_files-2.21.so
7f64c1083000-7f64c1283000 ---p 0000a000 08:02 2621662                    /lib/x86_64-linux-gnu/libnss_files-2.21.so
7f64c1283000-7f64c1284000 r--p 0000a000 08:02 2621662                    /lib/x86_64-linux-gnu/libnss_files-2.21.so
7f64c1284000-7f64c1285000 rw-p 0000b000 08:02 2621662                    /lib/x86_64-linux-gnu/libnss_files-2.21.so
7f64c1285000-7f64c1290000 r-xp 00000000 08:02 2623427                    /lib/x86_64-linux-gnu/libnss_nis-2.21.so
7f64c1290000-7f64c148f000 ---p 0000b000 08:02 2623427                    /lib/x86_64-linux-gnu/libnss_nis-2.21.so
7f64c148f000-7f64c1490000 r--p 0000a000 08:02 2623427                    /lib/x86_64-linux-gnu/libnss_nis-2.21.so
7f64c1490000-7f64c1491000 rw-p 0000b000 08:02 2623427                    /lib/x86_64-linux-gnu/libnss_nis-2.21.so
7f64c1491000-7f64c14a8000 r-xp 00000000 08:02 2623430                    /lib/x86_64-linux-gnu/libnsl-2.21.so
7f64c14a8000-7f64c16a7000 ---p 00017000 08:02 2623430                    /lib/x86_64-linux-gnu/libnsl-2.21.so
7f64c16a7000-7f64c16a8000 r--p 00016000 08:02 2623430                    /lib/x86_64-linux-gnu/libnsl-2.21.so
7f64c16a8000-7f64c16a9000 rw-p 00017000 08:02 2623430                    /lib/x86_64-linux-gnu/libnsl-2.21.so
7f64c16a9000-7f64c16ab000 rw-p 00000000 00:00 0 
7f64c16ab000-7f64c16b3000 r-xp 00000000 08:02 2622662                    /lib/x86_64-linux-gnu/libnss_compat-2.21.so
7f64c16b3000-7f64c18b2000 ---p 00008000 08:02 2622662                    /lib/x86_64-linux-gnu/libnss_compat-2.21.so
7f64c18b2000-7f64c18b3000 r--p 00007000 08:02 2622662                    /lib/x86_64-linux-gnu/libnss_compat-2.21.so
7f64c18b3000-7f64c18b4000 rw-p 00008000 08:02 2622662                    /lib/x86_64-linux-gnu/libnss_compat-2.21.so
7f64c18b4000-7f64c18df000 r-xp 00000000 08:02 200024                     /usr/lib/jvm/java-8-oracle/jre/lib/amd64/libjava.so
7f64c18df000-7f64c1ade000 ---p 0002b000 08:02 200024                     /usr/lib/jvm/java-8-oracle/jre/lib/amd64/libjava.so
7f64c1ade000-7f64c1ae0000 rw-p 0002a000 08:02 200024                     /usr/lib/jvm/java-8-oracle/jre/lib/amd64/libjava.so
7f64c1ae0000-7f64c1aed000 r-xp 00000000 08:02 199975                     /usr/lib/jvm/java-8-oracle/jre/lib/amd64/libverify.so
7f64c1aed000-7f64c1cec000 ---p 0000d000 08:02 199975                     /usr/lib/jvm/java-8-oracle/jre/lib/amd64/libverify.so
7f64c1cec000-7f64c1cee000 rw-p 0000c000 08:02 199975                     /usr/lib/jvm/java-8-oracle/jre/lib/amd64/libverify.so
7f64c1cee000-7f64c1cf5000 r-xp 00000000 08:02 2621663                    /lib/x86_64-linux-gnu/librt-2.21.so
7f64c1cf5000-7f64c1ef4000 ---p 00007000 08:02 2621663                    /lib/x86_64-linux-gnu/librt-2.21.so
7f64c1ef4000-7f64c1ef5000 r--p 00006000 08:02 2621663                    /lib/x86_64-linux-gnu/librt-2.21.so
7f64c1ef5000-7f64c1ef6000 rw-p 00007000 08:02 2621663                    /lib/x86_64-linux-gnu/librt-2.21.so
7f64c1ef6000-7f64c1ffd000 r-xp 00000000 08:02 2623271                    /lib/x86_64-linux-gnu/libm-2.21.so
7f64c1ffd000-7f64c21fc000 ---p 00107000 08:02 2623271                    /lib/x86_64-linux-gnu/libm-2.21.so
7f64c21fc000-7f64c21fd000 r--p 00106000 08:02 2623271                    /lib/x86_64-linux-gnu/libm-2.21.so
7f64c21fd000-7f64c21fe000 rw-p 00107000 08:02 2623271                    /lib/x86_64-linux-gnu/libm-2.21.so
7f64c21fe000-7f64c2ecb000 r-xp 00000000 08:02 200028                     /usr/lib/jvm/java-8-oracle/jre/lib/amd64/server/libjvm.so
7f64c2ecb000-7f64c30ca000 ---p 00ccd000 08:02 200028                     /usr/lib/jvm/java-8-oracle/jre/lib/amd64/server/libjvm.so
7f64c30ca000-7f64c31a3000 rw-p 00ccc000 08:02 200028                     /usr/lib/jvm/java-8-oracle/jre/lib/amd64/server/libjvm.so
7f64c31a3000-7f64c31ee000 rw-p 00000000 00:00 0 
7f64c31ee000-7f64c33ae000 r-xp 00000000 08:02 2623433                    /lib/x86_64-linux-gnu/libc-2.21.so
7f64c33ae000-7f64c35ae000 ---p 001c0000 08:02 2623433                    /lib/x86_64-linux-gnu/libc-2.21.so
7f64c35ae000-7f64c35b2000 r--p 001c0000 08:02 2623433                    /lib/x86_64-linux-gnu/libc-2.21.so
7f64c35b2000-7f64c35b4000 rw-p 001c4000 08:02 2623433                    /lib/x86_64-linux-gnu/libc-2.21.so
7f64c35b4000-7f64c35b8000 rw-p 00000000 00:00 0 
7f64c35b8000-7f64c35bb000 r-xp 00000000 08:02 2623420                    /lib/x86_64-linux-gnu/libdl-2.21.so
7f64c35bb000-7f64c37ba000 ---p 00003000 08:02 2623420                    /lib/x86_64-linux-gnu/libdl-2.21.so
7f64c37ba000-7f64c37bb000 r--p 00002000 08:02 2623420                    /lib/x86_64-linux-gnu/libdl-2.21.so
7f64c37bb000-7f64c37bc000 rw-p 00003000 08:02 2623420                    /lib/x86_64-linux-gnu/libdl-2.21.so
7f64c37bc000-7f64c37d1000 r-xp 00000000 08:02 158504                     /usr/lib/jvm/java-8-oracle/lib/amd64/jli/libjli.so
7f64c37d1000-7f64c39d1000 ---p 00015000 08:02 158504                     /usr/lib/jvm/java-8-oracle/lib/amd64/jli/libjli.so
7f64c39d1000-7f64c39d2000 rw-p 00015000 08:02 158504                     /usr/lib/jvm/java-8-oracle/lib/amd64/jli/libjli.so
7f64c39d2000-7f64c39ea000 r-xp 00000000 08:02 2623413                    /lib/x86_64-linux-gnu/libpthread-2.21.so
7f64c39ea000-7f64c3bea000 ---p 00018000 08:02 2623413                    /lib/x86_64-linux-gnu/libpthread-2.21.so
7f64c3bea000-7f64c3beb000 r--p 00018000 08:02 2623413                    /lib/x86_64-linux-gnu/libpthread-2.21.so
7f64c3beb000-7f64c3bec000 rw-p 00019000 08:02 2623413                    /lib/x86_64-linux-gnu/libpthread-2.21.so
7f64c3bec000-7f64c3bf0000 rw-p 00000000 00:00 0 
7f64c3bf0000-7f64c3c14000 r-xp 00000000 08:02 2623431                    /lib/x86_64-linux-gnu/ld-2.21.so
7f64c3c14000-7f64c3c15000 r--s 00002000 08:02 3394398                    /home/ankit/Downloads/android-studio/gradle/gradle-2.14.1/lib/native-platform-osx-i386-0.10.jar
7f64c3c15000-7f64c3c17000 r--s 00007000 08:02 3394353                    /home/ankit/Downloads/android-studio/gradle/gradle-2.14.1/lib/gradle-model-groovy-2.14.1.jar
7f64c3c17000-7f64c3c18000 r--s 00006000 08:02 3394370                    /home/ankit/Downloads/android-studio/gradle/gradle-2.14.1/lib/gradle-base-services-groovy-2.14.1.jar
7f64c3c18000-7f64c3c19000 r--s 00002000 08:02 3394360                    /home/ankit/Downloads/android-studio/gradle/gradle-2.14.1/lib/gradle-docs-2.14.1.jar
7f64c3c19000-7f64c3c1a000 r--s 00000000 08:02 3394406                    /home/ankit/Downloads/android-studio/gradle/gradle-2.14.1/lib/javax.inject-1.jar
7f64c3c1a000-7f64c3c1b000 r--s 00000000 08:02 3394388                    /home/ankit/Downloads/android-studio/gradle/gradle-2.14.1/lib/jcip-annotations-1.0.jar
7f64c3c1b000-7f64c3c1f000 r--s 00027000 08:02 3394396                    /home/ankit/Downloads/android-studio/gradle/gradle-2.14.1/lib/commons-io-2.2.jar
7f64c3c1f000-7f64c3c24000 r--s 00038000 08:02 3394363                    /home/ankit/Downloads/android-studio/gradle/gradle-2.14.1/lib/asm-all-5.1.jar
7f64c3c24000-7f64c3c25000 r--s 00001000 08:02 3394374                    /home/ankit/Downloads/android-studio/gradle/gradle-2.14.1/lib/gradle-process-services-2.14.1.jar
7f64c3c25000-7f64c3c26000 r--s 00000000 08:02 3394345                    /home/ankit/Downloads/android-studio/gradle/gradle-2.14.1/lib/gradle-jvm-services-2.14.1.jar
7f64c3c26000-7f64c3c2b000 r--s 00041000 08:02 3394392                    /home/ankit/Downloads/android-studio/gradle/gradle-2.14.1/lib/commons-lang-2.6.jar
7f64c3c2b000-7f64c3ced000 rw-p 00000000 00:00 0 
7f64c3ced000-7f64c3cf0000 ---p 00000000 00:00 0 
7f64c3cf0000-7f64c3df2000 rw-p 00000000 00:00 0 
7f64c3df2000-7f64c3df3000 r--s 00007000 08:02 3394386                    /home/ankit/Downloads/android-studio/gradle/gradle-2.14.1/lib/slf4j-api-1.7.10.jar
7f64c3df3000-7f64c3df4000 r--s 00004000 08:02 3394372                    /home/ankit/Downloads/android-studio/gradle/gradle-2.14.1/lib/ant-launcher-1.9.6.jar
7f64c3df4000-7f64c3dfc000 r--s 0003a000 08:02 3394364                    /home/ankit/Downloads/android-studio/gradle/gradle-2.14.1/lib/gradle-base-services-2.14.1.jar
7f64c3dfc000-7f64c3e07000 r--s 00051000 08:02 3394361                    /home/ankit/Downloads/android-studio/gradle/gradle-2.14.1/lib/gradle-launcher-2.14.1.jar
7f64c3e07000-7f64c3e0f000 rw-s 00000000 08:02 5030155                    /tmp/hsperfdata_ankit/323
7f64c3e0f000-7f64c3e10000 rw-p 00000000 00:00 0 
7f64c3e10000-7f64c3e11000 ---p 00000000 00:00 0 
7f64c3e11000-7f64c3e13000 rw-p 00000000 00:00 0 
7f64c3e13000-7f64c3e14000 r--p 00023000 08:02 2623431                    /lib/x86_64-linux-gnu/ld-2.21.so
7f64c3e14000-7f64c3e15000 rw-p 00024000 08:02 2623431                    /lib/x86_64-linux-gnu/ld-2.21.so
7f64c3e15000-7f64c3e16000 rw-p 00000000 00:00 0 
7ffdbe021000-7ffdbe042000 rw-p 00000000 00:00 0                          [stack]
7ffdbe11e000-7ffdbe120000 r--p 00000000 00:00 0                          [vvar]
7ffdbe120000-7ffdbe122000 r-xp 00000000 00:00 0                          [vdso]
ffffffffff600000-ffffffffff601000 r-xp 00000000 00:00 0                  [vsyscall]

VM Arguments:
jvm_args: -Xmx1536m -Dfile.encoding=UTF-8 -Duser.country=IN -Duser.language=en -Duser.variant 
java_command: org.gradle.launcher.daemon.bootstrap.GradleDaemon 2.14.1
java_class_path (initial): /home/ankit/Downloads/android-studio/gradle/gradle-2.14.1/lib/gradle-launcher-2.14.1.jar
Launcher Type: SUN_STANDARD

Environment Variables:
PATH=/usr/local/sbin:/usr/local/bin:/usr/sbin:/usr/bin:/sbin:/bin:/usr/games:/usr/local/games
LD_LIBRARY_PATH=Downloads/android-studio/bin:
SHELL=/bin/bash
DISPLAY=:0

Signal Handlers:
SIGSEGV: [libjvm.so+0xac64b0], sa_mask[0]=11111111011111111101111111111110, sa_flags=SA_RESTART|SA_SIGINFO
SIGBUS: [libjvm.so+0xac64b0], sa_mask[0]=11111111011111111101111111111110, sa_flags=SA_RESTART|SA_SIGINFO
SIGFPE: [libjvm.so+0x91f950], sa_mask[0]=11111111011111111101111111111110, sa_flags=SA_RESTART|SA_SIGINFO
SIGPIPE: [libjvm.so+0x91f950], sa_mask[0]=11111111011111111101111111111110, sa_flags=SA_RESTART|SA_SIGINFO
SIGXFSZ: [libjvm.so+0x91f950], sa_mask[0]=11111111011111111101111111111110, sa_flags=SA_RESTART|SA_SIGINFO
SIGILL: [libjvm.so+0x91f950], sa_mask[0]=11111111011111111101111111111110, sa_flags=SA_RESTART|SA_SIGINFO
SIGUSR1: SIG_DFL, sa_mask[0]=00000000000000000000000000000000, sa_flags=none
SIGUSR2: [libjvm.so+0x920f80], sa_mask[0]=00100000000000000000000000000000, sa_flags=SA_RESTART|SA_SIGINFO
SIGHUP: [libjvm.so+0x922380], sa_mask[0]=11111111011111111101111111111110, sa_flags=SA_RESTART|SA_SIGINFO
SIGINT: [libjvm.so+0x922380], sa_mask[0]=11111111011111111101111111111110, sa_flags=SA_RESTART|SA_SIGINFO
SIGTERM: [libjvm.so+0x922380], sa_mask[0]=11111111011111111101111111111110, sa_flags=SA_RESTART|SA_SIGINFO
SIGQUIT: [libjvm.so+0x922380], sa_mask[0]=11111111011111111101111111111110, sa_flags=SA_RESTART|SA_SIGINFO


---------------  S Y S T E M  ---------------

OS:DISTRIB_ID=Ubuntu
DISTRIB_RELEASE=15.10
DISTRIB_CODENAME=wily
DISTRIB_DESCRIPTION="Ubuntu 15.10"

uname:Linux 4.2.0-42-generic #49-Ubuntu SMP Tue Jun 28 21:26:26 UTC 2016 x86_64
libc:glibc 2.21 NPTL 2.21 
rlimit: STACK 8192k, CORE 0k, NPROC 31537, NOFILE 65536, AS infinity
load average:17.43 9.46 4.41

/proc/meminfo:
MemTotal:        8110256 kB
MemFree:          142040 kB
MemAvailable:     133968 kB
Buffers:            1812 kB
Cached:           886268 kB
SwapCached:            0 kB
Active:          6923064 kB
Inactive:         782032 kB
Active(anon):    6871328 kB
Inactive(anon):   730164 kB
Active(file):      51736 kB
Inactive(file):    51868 kB
Unevictable:         128 kB
Mlocked:             128 kB
SwapTotal:             0 kB
SwapFree:              0 kB
Dirty:               140 kB
Writeback:             0 kB
AnonPages:       6817184 kB
Mapped:           573640 kB
Shmem:            784476 kB
Slab:             106080 kB
SReclaimable:      49192 kB
SUnreclaim:        56888 kB
KernelStack:       16000 kB
PageTables:        83148 kB
NFS_Unstable:          0 kB
Bounce:                0 kB
WritebackTmp:          0 kB
CommitLimit:     4055128 kB
Committed_AS:   17088592 kB
VmallocTotal:   34359738367 kB
VmallocUsed:      552052 kB
VmallocChunk:   34358423548 kB
HardwareCorrupted:     0 kB
AnonHugePages:   2457600 kB
CmaTotal:              0 kB
CmaFree:               0 kB
HugePages_Total:       0
HugePages_Free:        0
HugePages_Rsvd:        0
HugePages_Surp:        0
Hugepagesize:       2048 kB
DirectMap4k:      279232 kB
DirectMap2M:     8044544 kB
DirectMap1G:     1048576 kB


CPU:total 4 (2 cores per cpu, 2 threads per core) family 6 model 69 stepping 1, cmov, cx8, fxsr, mmx, sse, sse2, sse3, ssse3, sse4.1, sse4.2, popcnt, avx, avx2, aes, clmul, erms, lzcnt, ht, tsc, tscinvbit, bmi1, bmi2

/proc/cpuinfo:
processor	: 0
vendor_id	: GenuineIntel
cpu family	: 6
model		: 69
model name	: Intel(R) Core(TM) i3-4005U CPU @ 1.70GHz
stepping	: 1
microcode	: 0x1c
cpu MHz		: 1697.742
cache size	: 3072 KB
physical id	: 0
siblings	: 4
core id		: 0
cpu cores	: 2
apicid		: 0
initial apicid	: 0
fpu		: yes
fpu_exception	: yes
cpuid level	: 13
wp		: yes
flags		: fpu vme de pse tsc msr pae mce cx8 apic sep mtrr pge mca cmov pat pse36 clflush dts acpi mmx fxsr sse sse2 ss ht tm pbe syscall nx pdpe1gb rdtscp lm constant_tsc arch_perfmon pebs bts rep_good nopl xtopology nonstop_tsc aperfmperf eagerfpu pni pclmulqdq dtes64 monitor ds_cpl vmx est tm2 ssse3 fma cx16 xtpr pdcm pcid sse4_1 sse4_2 movbe popcnt tsc_deadline_timer aes xsave avx f16c rdrand lahf_lm abm ida arat epb pln pts dtherm tpr_shadow vnmi flexpriority ept vpid fsgsbase tsc_adjust bmi1 avx2 smep bmi2 erms invpcid xsaveopt
bugs		:
bogomips	: 3392.13
clflush size	: 64
cache_alignment	: 64
address sizes	: 39 bits physical, 48 bits virtual
power management:

processor	: 1
vendor_id	: GenuineIntel
cpu family	: 6
model		: 69
model name	: Intel(R) Core(TM) i3-4005U CPU @ 1.70GHz
stepping	: 1
microcode	: 0x1c
cpu MHz		: 1700.199
cache size	: 3072 KB
physical id	: 0
siblings	: 4
core id		: 0
cpu cores	: 2
apicid		: 1
initial apicid	: 1
fpu		: yes
fpu_exception	: yes
cpuid level	: 13
wp		: yes
flags		: fpu vme de pse tsc msr pae mce cx8 apic sep mtrr pge mca cmov pat pse36 clflush dts acpi mmx fxsr sse sse2 ss ht tm pbe syscall nx pdpe1gb rdtscp lm constant_tsc arch_perfmon pebs bts rep_good nopl xtopology nonstop_tsc aperfmperf eagerfpu pni pclmulqdq dtes64 monitor ds_cpl vmx est tm2 ssse3 fma cx16 xtpr pdcm pcid sse4_1 sse4_2 movbe popcnt tsc_deadline_timer aes xsave avx f16c rdrand lahf_lm abm ida arat epb pln pts dtherm tpr_shadow vnmi flexpriority ept vpid fsgsbase tsc_adjust bmi1 avx2 smep bmi2 erms invpcid xsaveopt
bugs		:
bogomips	: 3392.13
clflush size	: 64
cache_alignment	: 64
address sizes	: 39 bits physical, 48 bits virtual
power management:

processor	: 2
vendor_id	: GenuineIntel
cpu family	: 6
model		: 69
model name	: Intel(R) Core(TM) i3-4005U CPU @ 1.70GHz
stepping	: 1
microcode	: 0x1c
cpu MHz		: 1699.933
cache size	: 3072 KB
physical id	: 0
siblings	: 4
core id		: 1
cpu cores	: 2
apicid		: 2
initial apicid	: 2
fpu		: yes
fpu_exception	: yes
cpuid level	: 13
wp		: yes
flags		: fpu vme de pse tsc msr pae mce cx8 apic sep mtrr pge mca cmov pat pse36 clflush dts acpi mmx fxsr sse sse2 ss ht tm pbe syscall nx pdpe1gb rdtscp lm constant_tsc arch_perfmon pebs bts rep_good nopl xtopology nonstop_tsc aperfmperf eagerfpu pni pclmulqdq dtes64 monitor ds_cpl vmx est tm2 ssse3 fma cx16 xtpr pdcm pcid sse4_1 sse4_2 movbe popcnt tsc_deadline_timer aes xsave avx f16c rdrand lahf_lm abm ida arat epb pln pts dtherm tpr_shadow vnmi flexpriority ept vpid fsgsbase tsc_adjust bmi1 avx2 smep bmi2 erms invpcid xsaveopt
bugs		:
bogomips	: 3392.13
clflush size	: 64
cache_alignment	: 64
address sizes	: 39 bits physical, 48 bits virtual
power management:

processor	: 3
vendor_id	: GenuineIntel
cpu family	: 6
model		: 69
model name	: Intel(R) Core(TM) i3-4005U CPU @ 1.70GHz
stepping	: 1
microcode	: 0x1c
cpu MHz		: 1700.066
cache size	: 3072 KB
physical id	: 0
siblings	: 4
core id		: 1
cpu cores	: 2
apicid		: 3
initial apicid	: 3
fpu		: yes
fpu_exception	: yes
cpuid level	: 13
wp		: yes
flags		: fpu vme de pse tsc msr pae mce cx8 apic sep mtrr pge mca cmov pat pse36 clflush dts acpi mmx fxsr sse sse2 ss ht tm pbe syscall nx pdpe1gb rdtscp lm constant_tsc arch_perfmon pebs bts rep_good nopl xtopology nonstop_tsc aperfmperf eagerfpu pni pclmulqdq dtes64 monitor ds_cpl vmx est tm2 ssse3 fma cx16 xtpr pdcm pcid sse4_1 sse4_2 movbe popcnt tsc_deadline_timer aes xsave avx f16c rdrand lahf_lm abm ida arat epb pln pts dtherm tpr_shadow vnmi flexpriority ept vpid fsgsbase tsc_adjust bmi1 avx2 smep bmi2 erms invpcid xsaveopt
bugs		:
bogomips	: 3392.13
clflush size	: 64
cache_alignment	: 64
address sizes	: 39 bits physical, 48 bits virtual
power management:



Memory: 4k page, physical 8110256k(142040k free), swap 0k(0k free)

vm_info: Java HotSpot(TM) 64-Bit Server VM (25.111-b14) for linux-amd64 JRE (1.8.0_111-b14), built on Sep 22 2016 16:14:03 by "java_re" with gcc 4.3.0 20080428 (Red Hat 4.3.0-8)

time: Tue Dec 20 00:53:35 2016
elapsed time: 815 seconds (0d 0h 13m 35s)

