#
# There is insufficient memory for the Java Runtime Environment to continue.
# Native memory allocation (mmap) failed to map 204996608 bytes for committing reserved memory.
# Possible reasons:
#   The system is out of physical RAM or swap space
#   In 32 bit mode, the process size limit was hit
# Possible solutions:
#   Reduce memory load on the system
#   Increase physical memory or swap space
#   Check if swap backing store is full
#   Use 64 bit Java on a 64 bit OS
#   Decrease Java heap size (-Xmx/-Xms)
#   Decrease number of Java threads
#   Decrease Java thread stack sizes (-Xss)
#   Set larger code cache with -XX:ReservedCodeCacheSize=
# This output file may be truncated or incomplete.
#
#  Out of Memory Error (os_linux.cpp:2627), pid=24565, tid=0x00007f6d989f9700
#
# JRE version: Java(TM) SE Runtime Environment (8.0_111-b14) (build 1.8.0_111-b14)
# Java VM: Java HotSpot(TM) 64-Bit Server VM (25.111-b14 mixed mode linux-amd64 compressed oops)
# Failed to write core dump. Core dumps have been disabled. To enable core dumping, try "ulimit -c unlimited" before starting Java again
#

---------------  T H R E A D  ---------------

Current thread (0x00007f6da8078000):  VMThread [stack: 0x00007f6d988f9000,0x00007f6d989fa000] [id=24576]

Stack: [0x00007f6d988f9000,0x00007f6d989fa000],  sp=0x00007f6d989f8360,  free space=1020k
Native frames: (J=compiled Java code, j=interpreted, Vv=VM code, C=native code)
V  [libjvm.so+0xac5c2a]  VMError::report_and_die()+0x2ba
V  [libjvm.so+0x4fc50b]  report_vm_out_of_memory(char const*, int, unsigned long, VMErrorType, char const*)+0x8b
V  [libjvm.so+0x922ae3]  os::Linux::commit_memory_impl(char*, unsigned long, bool)+0x103
V  [libjvm.so+0x923039]  os::pd_commit_memory(char*, unsigned long, unsigned long, bool)+0x29
V  [libjvm.so+0x91d33a]  os::commit_memory(char*, unsigned long, unsigned long, bool)+0x2a
V  [libjvm.so+0x991ac3]  PSVirtualSpace::expand_by(unsigned long)+0x53
V  [libjvm.so+0x982380]  PSOldGen::expand(unsigned long)+0x170
V  [libjvm.so+0x98258b]  PSOldGen::resize(unsigned long)+0x1cb
V  [libjvm.so+0x98a291]  PSParallelCompact::invoke_no_policy(bool)+0x991
V  [libjvm.so+0x98fbed]  PSScavenge::invoke()+0x1ad
V  [libjvm.so+0xac77ed]  VM_ParallelGCSystemGC::doit()+0x10d
V  [libjvm.so+0xacf125]  VM_Operation::evaluate()+0x55
V  [libjvm.so+0xacd4fa]  VMThread::evaluate_operation(VM_Operation*)+0xba
V  [libjvm.so+0xacd87e]  VMThread::loop()+0x1ce
V  [libjvm.so+0xacdcf0]  VMThread::run()+0x70
V  [libjvm.so+0x924ea8]  java_start(Thread*)+0x108

VM_Operation (0x00007f6d607c7fa0): ParallelGCSystemGC, mode: safepoint, requested by thread 0x00007f6d4026a800


---------------  P R O C E S S  ---------------

Java Threads: ( => current thread )
  0x00007f6d3406c000 JavaThread "pool-5-thread-4" [_thread_blocked, id=24621, stack(0x00007f6d27dfe000,0x00007f6d27eff000)]
  0x00007f6d3406a000 JavaThread "pool-5-thread-3" [_thread_blocked, id=24620, stack(0x00007f6d27eff000,0x00007f6d28000000)]
  0x00007f6d34068800 JavaThread "pool-5-thread-2" [_thread_blocked, id=24619, stack(0x00007f6d600ae000,0x00007f6d601af000)]
  0x00007f6d34066800 JavaThread "pool-6-thread-1" [_thread_blocked, id=24618, stack(0x00007f6d601af000,0x00007f6d602b0000)]
  0x00007f6d34065800 JavaThread "pool-5-thread-1" [_thread_blocked, id=24617, stack(0x00007f6d602b0000,0x00007f6d603b1000)]
  0x00007f6d4026a800 JavaThread "pool-3-thread-1" [_thread_blocked, id=24616, stack(0x00007f6d606c9000,0x00007f6d607ca000)]
  0x00007f6d40da0000 JavaThread "File lock request listener" [_thread_in_native, id=24598, stack(0x00007f6d61f9c000,0x00007f6d6209d000)]
  0x00007f6d40ac4000 JavaThread "process reaper" daemon [_thread_blocked, id=24597, stack(0x00007f6d62310000,0x00007f6d62349000)]
  0x00007f6d40010800 JavaThread "Asynchronous log dispatcher for org.gradle.launcher.daemon.server.DefaultDaemonConnection@26e33031" [_thread_blocked, id=24593, stack(0x00007f6d62cc3000,0x00007f6d62dc4000)]
  0x00007f6d54007000 JavaThread "Daemon worker" [_thread_blocked, id=24590, stack(0x00007f6d62dc4000,0x00007f6d62ec5000)]
  0x00007f6d5400b000 JavaThread "Cancel handler" [_thread_blocked, id=24589, stack(0x00007f6d62ec5000,0x00007f6d62fc6000)]
  0x00007f6d54003800 JavaThread "Handler for socket connection from /127.0.0.1:34131 to /127.0.0.1:46986" [_thread_in_native, id=24588, stack(0x00007f6d62fc6000,0x00007f6d630c7000)]
  0x00007f6d50014000 JavaThread "Daemon" [_thread_blocked, id=24587, stack(0x00007f6d630c7000,0x00007f6d631c8000)]
  0x00007f6da8b0c800 JavaThread "Incoming local TCP Connector on port 34131" [_thread_in_native, id=24586, stack(0x00007f6d633cf000,0x00007f6d634d0000)]
  0x00007f6da8aeb800 JavaThread "pool-1-thread-1" [_thread_blocked, id=24585, stack(0x00007f6d634d0000,0x00007f6d635d1000)]
  0x00007f6da80c1000 JavaThread "Service Thread" daemon [_thread_blocked, id=24583, stack(0x00007f6d90afb000,0x00007f6d90bfc000)]
  0x00007f6da80bd800 JavaThread "C1 CompilerThread2" daemon [_thread_blocked, id=24582, stack(0x00007f6d90bfc000,0x00007f6d90cfd000)]
  0x00007f6da80bb800 JavaThread "C2 CompilerThread1" daemon [_thread_blocked, id=24581, stack(0x00007f6d90cfd000,0x00007f6d90dfe000)]
  0x00007f6da80b9000 JavaThread "C2 CompilerThread0" daemon [_thread_blocked, id=24580, stack(0x00007f6d90dfe000,0x00007f6d90eff000)]
  0x00007f6da80b7800 JavaThread "Signal Dispatcher" daemon [_thread_blocked, id=24579, stack(0x00007f6d90eff000,0x00007f6d91000000)]
  0x00007f6da8084800 JavaThread "Finalizer" daemon [_thread_blocked, id=24578, stack(0x00007f6d986f7000,0x00007f6d987f8000)]
  0x00007f6da807f800 JavaThread "Reference Handler" daemon [_thread_blocked, id=24577, stack(0x00007f6d987f8000,0x00007f6d988f9000)]
  0x00007f6da800a000 JavaThread "main" [_thread_blocked, id=24571, stack(0x00007f6db1307000,0x00007f6db1408000)]

Other Threads:
=>0x00007f6da8078000 VMThread [stack: 0x00007f6d988f9000,0x00007f6d989fa000] [id=24576]
  0x00007f6da80c4000 WatcherThread [stack: 0x00007f6d909fa000,0x00007f6d90afb000] [id=24584]

VM state:at safepoint (normal execution)

VM Mutex/Monitor currently owned by a thread:  ([mutex/lock_event])
[0x00007f6da8005bb0] ExpandHeap_lock - owner thread: 0x00007f6da8078000
[0x00007f6da8006230] Threads_lock - owner thread: 0x00007f6da8078000
[0x00007f6da8006730] Heap_lock - owner thread: 0x00007f6d4026a800

Heap:
 PSYoungGen      total 433664K, used 33171K [0x00000000e0000000, 0x0000000100000000, 0x0000000100000000)
  eden space 375808K, 0% used [0x00000000e0000000,0x00000000e0000000,0x00000000f6f00000)
  from space 57856K, 57% used [0x00000000f6f00000,0x00000000f8f64d70,0x00000000fa780000)
  to   space 79872K, 0% used [0x00000000fb200000,0x00000000fb200000,0x0000000100000000)
 ParOldGen       total 356352K, used 356262K [0x00000000a0000000, 0x00000000b5c00000, 0x00000000e0000000)
  object space 356352K, 99% used [0x00000000a0000000,0x00000000b5be99a0,0x00000000b5c00000)
 Metaspace       used 52775K, capacity 54110K, committed 54144K, reserved 1095680K
  class space    used 7007K, capacity 7293K, committed 7296K, reserved 1048576K

Card table byte_map: [0x00007f6daddb7000,0x00007f6dae0b8000] byte_map_base: 0x00007f6dad8b7000

Marking Bits: (ParMarkBitMap*) 0x00007f6db07db220
 Begin Bits: [0x00007f6d91000000, 0x00007f6d92800000)
 End Bits:   [0x00007f6d92800000, 0x00007f6d94000000)

Polling page: 0x00007f6db142a000

CodeCache: size=245760Kb used=30188Kb max_used=30218Kb free=215571Kb
 bounds [0x00007f6d99000000, 0x00007f6d9adb0000, 0x00007f6da8000000]
 total_blobs=8868 nmethods=8156 adapters=624
 compilation: enabled

Compilation events (10 events):
Event: 70.633 Thread 0x00007f6da80bb800 nmethod 10058 0x00007f6d9ad87350 code [0x00007f6d9ad874e0, 0x00007f6d9ad879b8]
Event: 70.634 Thread 0x00007f6da80bb800 10059       4       com.android.dx.cf.code.ValueAwareMachine::run (1142 bytes)
Event: 70.725 Thread 0x00007f6da80b9000 nmethod 9987 0x00007f6d9ad9b990 code [0x00007f6d9ad9c020, 0x00007f6d9ada1410]
Event: 70.725 Thread 0x00007f6da80b9000 9951       4       com.android.dx.ssa.SsaBasicBlock::getCountPhiInsns (45 bytes)
Event: 70.743 Thread 0x00007f6da80b9000 nmethod 9951 0x00007f6d9ad86d90 code [0x00007f6d9ad86f00, 0x00007f6d9ad87138]
Event: 70.743 Thread 0x00007f6da80b9000 9870 %     4       com.android.dx.ssa.SCCP::run @ 93 (298 bytes)
Event: 70.842 Thread 0x00007f6da80bd800 10062       1       sun.management.MemoryManagerImpl::getName (5 bytes)
Event: 70.842 Thread 0x00007f6da80bd800 nmethod 10062 0x00007f6d9acc2010 code [0x00007f6d9acc2160, 0x00007f6d9acc2270]
Event: 70.842 Thread 0x00007f6da80bd800 10063       2       java.util.concurrent.ScheduledThreadPoolExecutor$DelayedWorkQueue::setIndex (16 bytes)
Event: 70.842 Thread 0x00007f6da80bd800 nmethod 10063 0x00007f6d9947cbd0 code [0x00007f6d9947cd40, 0x00007f6d9947cf10]

GC Heap History (10 events):
Event: 60.143 GC heap after
Heap after GC invocations=25 (full 3):
 PSYoungGen      total 437248K, used 33598K [0x00000000e0000000, 0x00000000fe600000, 0x0000000100000000)
  eden space 391680K, 0% used [0x00000000e0000000,0x00000000e0000000,0x00000000f7e80000)
  from space 45568K, 73% used [0x00000000fad80000,0x00000000fce4f930,0x00000000fda00000)
  to   space 48128K, 0% used [0x00000000f7e80000,0x00000000f7e80000,0x00000000fad80000)
 ParOldGen       total 204288K, used 194010K [0x00000000a0000000, 0x00000000ac780000, 0x00000000e0000000)
  object space 204288K, 94% used [0x00000000a0000000,0x00000000abd76a60,0x00000000ac780000)
 Metaspace       used 52722K, capacity 53982K, committed 54144K, reserved 1095680K
  class space    used 7003K, capacity 7293K, committed 7296K, reserved 1048576K
}
Event: 60.143 GC heap before
{Heap before GC invocations=26 (full 4):
 PSYoungGen      total 437248K, used 33598K [0x00000000e0000000, 0x00000000fe600000, 0x0000000100000000)
  eden space 391680K, 0% used [0x00000000e0000000,0x00000000e0000000,0x00000000f7e80000)
  from space 45568K, 73% used [0x00000000fad80000,0x00000000fce4f930,0x00000000fda00000)
  to   space 48128K, 0% used [0x00000000f7e80000,0x00000000f7e80000,0x00000000fad80000)
 ParOldGen       total 204288K, used 194010K [0x00000000a0000000, 0x00000000ac780000, 0x00000000e0000000)
  object space 204288K, 94% used [0x00000000a0000000,0x00000000abd76a60,0x00000000ac780000)
 Metaspace       used 52722K, capacity 53982K, committed 54144K, reserved 1095680K
  class space    used 7003K, capacity 7293K, committed 7296K, reserved 1048576K
Event: 62.961 GC heap after
Heap after GC invocations=26 (full 4):
 PSYoungGen      total 437248K, used 18527K [0x00000000e0000000, 0x00000000fe600000, 0x0000000100000000)
  eden space 391680K, 0% used [0x00000000e0000000,0x00000000e0000000,0x00000000f7e80000)
  from space 45568K, 40% used [0x00000000fad80000,0x00000000fbf97ff0,0x00000000fda00000)
  to   space 48128K, 0% used [0x00000000f7e80000,0x00000000f7e80000,0x00000000fad80000)
 ParOldGen       total 356352K, used 204023K [0x00000000a0000000, 0x00000000b5c00000, 0x00000000e0000000)
  object space 356352K, 57% used [0x00000000a0000000,0x00000000ac73dcd0,0x00000000b5c00000)
 Metaspace       used 52722K, capacity 53982K, committed 54144K, reserved 1095680K
  class space    used 7003K, capacity 7293K, committed 7296K, reserved 1048576K
}
Event: 65.508 GC heap before
{Heap before GC invocations=27 (full 4):
 PSYoungGen      total 437248K, used 410207K [0x00000000e0000000, 0x00000000fe600000, 0x0000000100000000)
  eden space 391680K, 100% used [0x00000000e0000000,0x00000000f7e80000,0x00000000f7e80000)
  from space 45568K, 40% used [0x00000000fad80000,0x00000000fbf97ff0,0x00000000fda00000)
  to   space 48128K, 0% used [0x00000000f7e80000,0x00000000f7e80000,0x00000000fad80000)
 ParOldGen       total 356352K, used 204023K [0x00000000a0000000, 0x00000000b5c00000, 0x00000000e0000000)
  object space 356352K, 57% used [0x00000000a0000000,0x00000000ac73dcd0,0x00000000b5c00000)
 Metaspace       used 52733K, capacity 53982K, committed 54144K, reserved 1095680K
  class space    used 7003K, capacity 7293K, committed 7296K, reserved 1048576K
Event: 65.914 GC heap after
Heap after GC invocations=27 (full 4):
 PSYoungGen      total 439808K, used 48102K [0x00000000e0000000, 0x0000000100000000, 0x0000000100000000)
  eden space 391680K, 0% used [0x00000000e0000000,0x00000000e0000000,0x00000000f7e80000)
  from space 48128K, 99% used [0x00000000f7e80000,0x00000000fad79990,0x00000000fad80000)
  to   space 66048K, 0% used [0x00000000fbf80000,0x00000000fbf80000,0x0000000100000000)
 ParOldGen       total 356352K, used 231559K [0x00000000a0000000, 0x00000000b5c00000, 0x00000000e0000000)
  object space 356352K, 64% used [0x00000000a0000000,0x00000000ae221d30,0x00000000b5c00000)
 Metaspace       used 52733K, capacity 53982K, committed 54144K, reserved 1095680K
  class space    used 7003K, capacity 7293K, committed 7296K, reserved 1048576K
}
Event: 68.341 GC heap before
{Heap before GC invocations=28 (full 4):
 PSYoungGen      total 439808K, used 439782K [0x00000000e0000000, 0x0000000100000000, 0x0000000100000000)
  eden space 391680K, 100% used [0x00000000e0000000,0x00000000f7e80000,0x00000000f7e80000)
  from space 48128K, 99% used [0x00000000f7e80000,0x00000000fad79990,0x00000000fad80000)
  to   space 66048K, 0% used [0x00000000fbf80000,0x00000000fbf80000,0x0000000100000000)
 ParOldGen       total 356352K, used 231559K [0x00000000a0000000, 0x00000000b5c00000, 0x00000000e0000000)
  object space 356352K, 64% used [0x00000000a0000000,0x00000000ae221d30,0x00000000b5c00000)
 Metaspace       used 52738K, capacity 54046K, committed 54144K, reserved 1095680K
  class space    used 7003K, capacity 7293K, committed 7296K, reserved 1048576K
Event: 68.792 GC heap after
Heap after GC invocations=28 (full 4):
 PSYoungGen      total 441856K, used 59340K [0x00000000e0000000, 0x0000000100000000, 0x0000000100000000)
  eden space 375808K, 0% used [0x00000000e0000000,0x00000000e0000000,0x00000000f6f00000)
  from space 66048K, 89% used [0x00000000fbf80000,0x00000000ff9731d0,0x0000000100000000)
  to   space 74240K, 0% used [0x00000000f6f00000,0x00000000f6f00000,0x00000000fb780000)
 ParOldGen       total 356352K, used 279915K [0x00000000a0000000, 0x00000000b5c00000, 0x00000000e0000000)
  object space 356352K, 78% used [0x00000000a0000000,0x00000000b115ae38,0x00000000b5c00000)
 Metaspace       used 52738K, capacity 54046K, committed 54144K, reserved 1095680K
  class space    used 7003K, capacity 7293K, committed 7296K, reserved 1048576K
}
Event: 70.844 GC heap before
{Heap before GC invocations=29 (full 4):
 PSYoungGen      total 441856K, used 435148K [0x00000000e0000000, 0x0000000100000000, 0x0000000100000000)
  eden space 375808K, 100% used [0x00000000e0000000,0x00000000f6f00000,0x00000000f6f00000)
  from space 66048K, 89% used [0x00000000fbf80000,0x00000000ff9731d0,0x0000000100000000)
  to   space 74240K, 0% used [0x00000000f6f00000,0x00000000f6f00000,0x00000000fb780000)
 ParOldGen       total 356352K, used 279949K [0x00000000a0000000, 0x00000000b5c00000, 0x00000000e0000000)
  object space 356352K, 78% used [0x00000000a0000000,0x00000000b11637f0,0x00000000b5c00000)
 Metaspace       used 52775K, capacity 54110K, committed 54144K, reserved 1095680K
  class space    used 7007K, capacity 7293K, committed 7296K, reserved 1048576K
Event: 71.267 GC heap after
Heap after GC invocations=29 (full 4):
 PSYoungGen      total 433664K, used 57535K [0x00000000e0000000, 0x0000000100000000, 0x0000000100000000)
  eden space 375808K, 0% used [0x00000000e0000000,0x00000000e0000000,0x00000000f6f00000)
  from space 57856K, 99% used [0x00000000f6f00000,0x00000000fa72fd50,0x00000000fa780000)
  to   space 79872K, 0% used [0x00000000fb200000,0x00000000fb200000,0x0000000100000000)
 ParOldGen       total 356352K, used 336687K [0x00000000a0000000, 0x00000000b5c00000, 0x00000000e0000000)
  object space 356352K, 94% used [0x00000000a0000000,0x00000000b48cbc90,0x00000000b5c00000)
 Metaspace       used 52775K, capacity 54110K, committed 54144K, reserved 1095680K
  class space    used 7007K, capacity 7293K, committed 7296K, reserved 1048576K
}
Event: 71.267 GC heap before
{Heap before GC invocations=30 (full 5):
 PSYoungGen      total 433664K, used 57535K [0x00000000e0000000, 0x0000000100000000, 0x0000000100000000)
  eden space 375808K, 0% used [0x00000000e0000000,0x00000000e0000000,0x00000000f6f00000)
  from space 57856K, 99% used [0x00000000f6f00000,0x00000000fa72fd50,0x00000000fa780000)
  to   space 79872K, 0% used [0x00000000fb200000,0x00000000fb200000,0x0000000100000000)
 ParOldGen       total 356352K, used 336687K [0x00000000a0000000, 0x00000000b5c00000, 0x00000000e0000000)
  object space 356352K, 94% used [0x00000000a0000000,0x00000000b48cbc90,0x00000000b5c00000)
 Metaspace       used 52775K, capacity 54110K, committed 54144K, reserved 1095680K
  class space    used 7007K, capacity 7293K, committed 7296K, reserved 1048576K

Deoptimization events (10 events):
Event: 67.661 Thread 0x00007f6d34068800 Uncommon trap: reason=unstable_if action=reinterpret pc=0x00007f6d9a74cec4 method=com.android.dx.rop.code.RegisterSpec.equals(ILcom/android/dx/rop/type/TypeBearer;Lcom/android/dx/rop/code/LocalItem;)Z @ 42
Event: 68.836 Thread 0x00007f6d34068800 Uncommon trap: reason=unstable_if action=reinterpret pc=0x00007f6d9aceea1c method=com.android.dx.ssa.SsaMethod.blockIndexToRopLabel(I)I @ 1
Event: 68.955 Thread 0x00007f6da8aeb800 Uncommon trap: reason=class_check action=maybe_recompile pc=0x00007f6d99fa2e24 method=java.lang.reflect.Array.newInstance(Ljava/lang/Class;I)Ljava/lang/Object; @ 2
Event: 68.956 Thread 0x00007f6da8aeb800 Uncommon trap: reason=class_check action=maybe_recompile pc=0x00007f6d99fa2e24 method=java.lang.reflect.Array.newInstance(Ljava/lang/Class;I)Ljava/lang/Object; @ 2
Event: 68.956 Thread 0x00007f6da8aeb800 Uncommon trap: reason=class_check action=maybe_recompile pc=0x00007f6d99fa2e24 method=java.lang.reflect.Array.newInstance(Ljava/lang/Class;I)Ljava/lang/Object; @ 2
Event: 68.957 Thread 0x00007f6da8aeb800 Uncommon trap: reason=class_check action=maybe_recompile pc=0x00007f6d99fa2e24 method=java.lang.reflect.Array.newInstance(Ljava/lang/Class;I)Ljava/lang/Object; @ 2
Event: 68.997 Thread 0x00007f6da8aeb800 Uncommon trap: reason=speculate_class_check action=maybe_recompile pc=0x00007f6d9a3ebf98 method=java.util.AbstractList.listIterator()Ljava/util/ListIterator; @ 2
Event: 69.249 Thread 0x00007f6d4026a800 Uncommon trap: reason=unstable_if action=reinterpret pc=0x00007f6d9a6f6920 method=com.android.dx.ssa.SsaBasicBlock.scheduleMovesFromPhis()V @ 63
Event: 69.272 Thread 0x00007f6d3406a000 Uncommon trap: reason=unstable_if action=reinterpret pc=0x00007f6d9acd3b64 method=com.android.dx.cf.code.Ropper.processBlock(Lcom/android/dx/cf/code/ByteBlock;Lcom/android/dx/cf/code/Frame;[I)V @ 651
Event: 69.817 Thread 0x00007f6d3406a000 Uncommon trap: reason=unstable_if action=reinterpret pc=0x00007f6d9ad4c634 method=com.android.dx.cf.code.RopperMachine.updateReturnOp(Lcom/android/dx/rop/code/Rop;Lcom/android/dx/rop/code/SourcePosition;)V @ 106

Internal exceptions (10 events):
Event: 41.888 Thread 0x00007f6d54007000 Exception <a 'java/lang/NoSuchMethodError': <clinit>> (0x00000000e1abda80) thrown at [/HUDSON3/workspace/8-2-build-linux-amd64/jdk8u111/7883/hotspot/src/share/vm/prims/jni.cpp, line 1613]
Event: 41.899 Thread 0x00007f6d54007000 Exception <a 'java/lang/NoSuchMethodError': <clinit>> (0x00000000e1acaa68) thrown at [/HUDSON3/workspace/8-2-build-linux-amd64/jdk8u111/7883/hotspot/src/share/vm/prims/jni.cpp, line 1613]
Event: 41.941 Thread 0x00007f6d54007000 Exception <a 'java/lang/NoSuchMethodError': <clinit>> (0x00000000e1ca0710) thrown at [/HUDSON3/workspace/8-2-build-linux-amd64/jdk8u111/7883/hotspot/src/share/vm/prims/jni.cpp, line 1613]
Event: 41.944 Thread 0x00007f6d54007000 Exception <a 'java/lang/NoSuchMethodError': <clinit>> (0x00000000e1cb8f20) thrown at [/HUDSON3/workspace/8-2-build-linux-amd64/jdk8u111/7883/hotspot/src/share/vm/prims/jni.cpp, line 1613]
Event: 41.944 Thread 0x00007f6d54007000 Exception <a 'java/lang/NoSuchMethodError': <clinit>> (0x00000000e1cba438) thrown at [/HUDSON3/workspace/8-2-build-linux-amd64/jdk8u111/7883/hotspot/src/share/vm/prims/jni.cpp, line 1613]
Event: 48.954 Thread 0x00007f6d4026a800 Implicit null exception at 0x00007f6d9a7500be to 0x00007f6d9a750fe9
Event: 49.199 Thread 0x00007f6d34065800 Implicit null exception at 0x00007f6d9a748aa5 to 0x00007f6d9a749689
Event: 49.269 Thread 0x00007f6d3406c000 Implicit null exception at 0x00007f6d9963990d to 0x00007f6d99639ae9
Event: 54.437 Thread 0x00007f6d3406a000 Implicit null exception at 0x00007f6d9aa262b0 to 0x00007f6d9aa269b1
Event: 57.855 Thread 0x00007f6d4026a800 Implicit null exception at 0x00007f6d99957fc3 to 0x00007f6d99958635

Events (10 events):
Event: 70.462 Thread 0x00007f6d3406c000 DEOPT UNPACKING pc=0x00007f6d99047633 sp=0x00007f6d27efce88 mode 0
Event: 70.620 Thread 0x00007f6d34068800 DEOPT PACKING pc=0x00007f6d99f36d22 sp=0x00007f6d601acdf0
Event: 70.620 Thread 0x00007f6d34068800 DEOPT UNPACKING pc=0x00007f6d99047633 sp=0x00007f6d601acb88 mode 0
Event: 70.647 Thread 0x00007f6d4026a800 DEOPT PACKING pc=0x00007f6d9a8c8879 sp=0x00007f6d607c73a0
Event: 70.647 Thread 0x00007f6d4026a800 DEOPT UNPACKING pc=0x00007f6d99047633 sp=0x00007f6d607c7200 mode 0
Event: 70.678 Thread 0x00007f6d34065800 DEOPT PACKING pc=0x00007f6d99f36d22 sp=0x00007f6d603aeef0
Event: 70.678 Thread 0x00007f6d34065800 DEOPT UNPACKING pc=0x00007f6d99047633 sp=0x00007f6d603aec88 mode 0
Event: 70.829 Executing VM operation: ParallelGCFailedAllocation
Event: 70.842 Executing VM operation: ParallelGCFailedAllocation done
Event: 70.843 Executing VM operation: ParallelGCSystemGC


Dynamic libraries:
00400000-00401000 r-xp 00000000 08:02 182546                             /usr/lib/jvm/java-8-oracle/bin/java
00600000-00601000 rw-p 00000000 08:02 182546                             /usr/lib/jvm/java-8-oracle/bin/java
00de8000-00e09000 rw-p 00000000 00:00 0                                  [heap]
a0000000-b5c00000 rw-p 00000000 00:00 0 
c1f80000-e0000000 ---p 00000000 00:00 0 
e0000000-100000000 rw-p 00000000 00:00 0 
100000000-100720000 rw-p 00000000 00:00 0 
100720000-140000000 ---p 00000000 00:00 0 
7f6d14000000-7f6d14022000 rw-p 00000000 00:00 0 
7f6d14022000-7f6d18000000 ---p 00000000 00:00 0 
7f6d1c000000-7f6d1c027000 rw-p 00000000 00:00 0 
7f6d1c027000-7f6d20000000 ---p 00000000 00:00 0 
7f6d20000000-7f6d2002b000 rw-p 00000000 00:00 0 
7f6d2002b000-7f6d24000000 ---p 00000000 00:00 0 
7f6d27bfe000-7f6d27dbe000 rw-p 00000000 00:00 0 
7f6d27dbe000-7f6d27dfe000 ---p 00000000 00:00 0 
7f6d27dfe000-7f6d27e01000 ---p 00000000 00:00 0 
7f6d27e01000-7f6d27eff000 rw-p 00000000 00:00 0 
7f6d27eff000-7f6d27f02000 ---p 00000000 00:00 0 
7f6d27f02000-7f6d28000000 rw-p 00000000 00:00 0 
7f6d28000000-7f6d28032000 rw-p 00000000 00:00 0 
7f6d28032000-7f6d2c000000 ---p 00000000 00:00 0 
7f6d2c000000-7f6d2c021000 rw-p 00000000 00:00 0 
7f6d2c021000-7f6d30000000 ---p 00000000 00:00 0 
7f6d30000000-7f6d30021000 rw-p 00000000 00:00 0 
7f6d30021000-7f6d34000000 ---p 00000000 00:00 0 
7f6d34000000-7f6d3419d000 rw-p 00000000 00:00 0 
7f6d3419d000-7f6d38000000 ---p 00000000 00:00 0 
7f6d38000000-7f6d38021000 rw-p 00000000 00:00 0 
7f6d38021000-7f6d3c000000 ---p 00000000 00:00 0 
7f6d3c000000-7f6d3c021000 rw-p 00000000 00:00 0 
7f6d3c021000-7f6d40000000 ---p 00000000 00:00 0 
7f6d40000000-7f6d41225000 rw-p 00000000 00:00 0 
7f6d41225000-7f6d44000000 ---p 00000000 00:00 0 
7f6d44000000-7f6d44021000 rw-p 00000000 00:00 0 
7f6d44021000-7f6d48000000 ---p 00000000 00:00 0 
7f6d48000000-7f6d48021000 rw-p 00000000 00:00 0 
7f6d48021000-7f6d4c000000 ---p 00000000 00:00 0 
7f6d4c000000-7f6d4c021000 rw-p 00000000 00:00 0 
7f6d4c021000-7f6d50000000 ---p 00000000 00:00 0 
7f6d50000000-7f6d50073000 rw-p 00000000 00:00 0 
7f6d50073000-7f6d54000000 ---p 00000000 00:00 0 
7f6d54000000-7f6d54021000 rw-p 00000000 00:00 0 
7f6d54021000-7f6d58000000 ---p 00000000 00:00 0 
7f6d58000000-7f6d58021000 rw-p 00000000 00:00 0 
7f6d58021000-7f6d5c000000 ---p 00000000 00:00 0 
7f6d5c000000-7f6d5c021000 rw-p 00000000 00:00 0 
7f6d5c021000-7f6d60000000 ---p 00000000 00:00 0 
7f6d600ae000-7f6d600b1000 ---p 00000000 00:00 0 
7f6d600b1000-7f6d601af000 rw-p 00000000 00:00 0 
7f6d601af000-7f6d601b2000 ---p 00000000 00:00 0 
7f6d601b2000-7f6d602b0000 rw-p 00000000 00:00 0 
7f6d602b0000-7f6d602b3000 ---p 00000000 00:00 0 
7f6d602b3000-7f6d603b1000 rw-p 00000000 00:00 0 
7f6d603b1000-7f6d604ba000 r--s 00aa3000 08:02 4525009                    /home/ankit/Desktop/Evento/app/build/intermediates/transforms/jarMerging/debug/jars/1/1f/combined.jar
7f6d604ba000-7f6d606ba000 rw-p 00000000 00:00 0 
7f6d606c9000-7f6d606cc000 ---p 00000000 00:00 0 
7f6d606cc000-7f6d609ca000 rw-p 00000000 00:00 0 
7f6d609ca000-7f6d60bca000 rw-p 00000000 00:00 0 
7f6d60bca000-7f6d60dca000 rw-p 00000000 00:00 0 
7f6d60dca000-7f6d60fca000 rw-p 00000000 00:00 0 
7f6d60fca000-7f6d611ca000 rw-p 00000000 00:00 0 
7f6d611ca000-7f6d613ca000 rw-p 00000000 00:00 0 
7f6d613ca000-7f6d615ca000 rw-p 00000000 00:00 0 
7f6d615ca000-7f6d617ca000 rw-p 00000000 00:00 0 
7f6d617ca000-7f6d619ca000 rw-p 00000000 00:00 0 
7f6d619ca000-7f6d61bca000 rw-p 00000000 00:00 0 
7f6d61bca000-7f6d61dca000 rw-p 00000000 00:00 0 
7f6d61e62000-7f6d61e63000 rw-p 00000000 00:00 0 
7f6d61e63000-7f6d61e76000 r--s 00345000 08:02 182681                     /usr/lib/jvm/java-8-oracle/jre/lib/resources.jar
7f6d61e76000-7f6d61ea1000 r--s 001fc000 08:02 3802331                    /home/ankit/Downloads/android-studio/gradle/m2repository/com/google/guava/guava/18.0/guava-18.0.jar
7f6d61ea1000-7f6d61ea2000 r--s 00001000 08:02 3877617                    /home/ankit/Downloads/android-studio/gradle/m2repository/com/android/tools/annotations/25.2.0/annotations-25.2.0.jar
7f6d61ea2000-7f6d61eb4000 r--s 000b3000 08:02 3989804                    /home/ankit/Downloads/android-studio/gradle/m2repository/com/android/tools/external/com-intellij/uast/145.597.3/uast-145.597.3.jar
7f6d61eb4000-7f6d61ebc000 r--s 000a8000 08:02 3753715                    /home/ankit/Downloads/android-studio/gradle/m2repository/com/android/tools/external/lombok/lombok-ast/0.2.3/lombok-ast-0.2.3.jar
7f6d61ebc000-7f6d61ebe000 r--s 0000d000 08:02 3760231                    /home/ankit/Downloads/android-studio/gradle/m2repository/commons-codec/commons-codec/1.4/commons-codec-1.4.jar
7f6d61ebe000-7f6d61ec0000 r--s 0000d000 08:02 3540543                    /home/ankit/Downloads/android-studio/gradle/m2repository/commons-logging/commons-logging/1.1.1/commons-logging-1.1.1.jar
7f6d61ec0000-7f6d61ec5000 r--s 00028000 08:02 3753367                    /home/ankit/Downloads/android-studio/gradle/m2repository/org/apache/httpcomponents/httpcore/4.1/httpcore-4.1.jar
7f6d61ec5000-7f6d61ec9000 r--s 0002f000 08:02 3845228                    /home/ankit/Downloads/android-studio/gradle/m2repository/com/google/jimfs/jimfs/1.1/jimfs-1.1.jar
7f6d61ec9000-7f6d61eca000 r--s 00004000 08:02 3753443                    /home/ankit/Downloads/android-studio/gradle/m2repository/com/intellij/annotations/12.0/annotations-12.0.jar
7f6d61eca000-7f6d61ecb000 r--s 00004000 08:02 3713300                    /home/ankit/Downloads/android-studio/gradle/m2repository/org/ow2/asm/asm-analysis/5.0.4/asm-analysis-5.0.4.jar
7f6d61ecb000-7f6d61ecf000 r--s 0003b000 08:02 4017281                    /home/ankit/Downloads/android-studio/gradle/m2repository/com/android/tools/lint/lint-api/25.2.0/lint-api-25.2.0.jar
7f6d61ecf000-7f6d61ed0000 r--s 0000a000 08:02 3760193                    /home/ankit/Downloads/android-studio/gradle/m2repository/net/sf/kxml/kxml2/2.3.0/kxml2-2.3.0.jar
7f6d61ed0000-7f6d61ed2000 r--s 00005000 08:02 3753358                    /home/ankit/Downloads/android-studio/gradle/m2repository/org/apache/httpcomponents/httpmime/4.1/httpmime-4.1.jar
7f6d61ed2000-7f6d61eda000 r--s 0004e000 08:02 3753378                    /home/ankit/Downloads/android-studio/gradle/m2repository/org/apache/httpcomponents/httpclient/4.1.1/httpclient-4.1.1.jar
7f6d61eda000-7f6d61ee1000 r--s 00053000 08:02 3753390                    /home/ankit/Downloads/android-studio/gradle/m2repository/org/apache/commons/commons-compress/1.8.1/commons-compress-1.8.1.jar
7f6d61ee1000-7f6d61ee6000 r--s 0002a000 08:02 3753476                    /home/ankit/Downloads/android-studio/gradle/m2repository/com/google/code/gson/gson/2.2.4/gson-2.2.4.jar
7f6d61ee6000-7f6d61eeb000 r--s 0002d000 08:02 4000509                    /home/ankit/Downloads/android-studio/gradle/m2repository/com/android/tools/repository/25.2.0/repository-25.2.0.jar
7f6d61eeb000-7f6d61eec000 r--s 00005000 08:02 3941528                    /home/ankit/Downloads/android-studio/gradle/m2repository/com/android/tools/dvlib/25.2.0/dvlib-25.2.0.jar
7f6d61eec000-7f6d61eef000 r--s 00014000 08:02 3835823                    /home/ankit/Downloads/android-studio/gradle/m2repository/com/android/tools/layoutlib/layoutlib-api/25.2.0/layoutlib-api-25.2.0.jar
7f6d61eef000-7f6d61ef4000 r--s 00058000 08:02 3631976                    /home/ankit/Downloads/android-studio/gradle/m2repository/org/ow2/asm/asm-debug-all/5.0.1/asm-debug-all-5.0.1.jar
7f6d61ef4000-7f6d61f04000 r--s 000d6000 08:02 3760205                    /home/ankit/Downloads/android-studio/gradle/m2repository/net/sf/proguard/proguard-base/5.2.1/proguard-base-5.2.1.jar
7f6d61f04000-7f6d61f07000 r--s 00033000 08:02 3753450                    /home/ankit/Downloads/android-studio/gradle/m2repository/com/googlecode/juniversalchardet/juniversalchardet/1.0.3/juniversalchardet-1.0.3.jar
7f6d61f07000-7f6d61f0b000 r--s 0002a000 08:02 3506651                    /home/ankit/Downloads/android-studio/gradle/m2repository/commons-io/commons-io/2.4/commons-io-2.4.jar
7f6d61f0b000-7f6d61f22000 r--s 00154000 08:02 3787896                    /home/ankit/Downloads/android-studio/gradle/m2repository/org/antlr/antlr4/4.5.3/antlr4-4.5.3.jar
7f6d61f22000-7f6d61f23000 r--s 00002000 08:02 3845251                    /home/ankit/Downloads/android-studio/gradle/m2repository/com/android/databinding/baseLibrary/2.2.0/baseLibrary-2.2.0.jar
7f6d61f23000-7f6d61f36000 r--s 00236000 08:02 3779712                    /home/ankit/Downloads/android-studio/gradle/m2repository/org/eclipse/jdt/core/compiler/ecj/4.5.1/ecj-4.5.1.jar
7f6d61f36000-7f6d61f3d000 r--s 000c3000 08:02 3927174                    /home/ankit/Downloads/android-studio/gradle/m2repository/com/android/tools/lint/lint-checks/25.2.0/lint-checks-25.2.0.jar
7f6d61f3d000-7f6d61f3f000 r--s 00006000 08:02 3754422                    /home/ankit/Downloads/android-studio/gradle/m2repository/org/ow2/asm/asm-tree/5.0.4/asm-tree-5.0.4.jar
7f6d61f3f000-7f6d61f72000 r--s 00203000 08:02 3753331                    /home/ankit/Downloads/android-studio/gradle/m2repository/org/bouncycastle/bcprov-jdk15on/1.48/bcprov-jdk15on-1.48.jar
7f6d61f72000-7f6d61f80000 r--s 00081000 08:02 3753336                    /home/ankit/Downloads/android-studio/gradle/m2repository/org/bouncycastle/bcpkix-jdk15on/1.48/bcpkix-jdk15on-1.48.jar
7f6d61f80000-7f6d61f82000 r--s 00002000 08:02 3753458                    /home/ankit/Downloads/android-studio/gradle/m2repository/com/squareup/javawriter/2.5.0/javawriter-2.5.0.jar
7f6d61f82000-7f6d61f83000 r--s 00002000 08:02 4009078                    /home/ankit/Downloads/android-studio/gradle/m2repository/com/android/tools/analytics-library/tracker/25.2.0/tracker-25.2.0.jar
7f6d61f83000-7f6d61f85000 r--s 00003000 08:02 4009086                    /home/ankit/Downloads/android-studio/gradle/m2repository/com/android/tools/analytics-library/shared/25.2.0/shared-25.2.0.jar
7f6d61f85000-7f6d61f92000 r--s 000ed000 08:02 4009082                    /home/ankit/Downloads/android-studio/gradle/m2repository/com/android/tools/analytics-library/protos/25.2.0/protos-25.2.0.jar
7f6d61f92000-7f6d61f94000 r--s 00003000 08:02 4024806                    /home/ankit/Downloads/android-studio/gradle/m2repository/com/android/tools/jack/jack-api/0.11.0/jack-api-0.11.0.jar
7f6d61f94000-7f6d61f99000 r--s 0004a000 08:02 3918754                    /home/ankit/Downloads/android-studio/gradle/m2repository/com/android/tools/ddms/ddmlib/25.2.0/ddmlib-25.2.0.jar
7f6d61f99000-7f6d61f9c000 r--s 00021000 08:02 3910779                    /home/ankit/Downloads/android-studio/gradle/m2repository/com/android/tools/build/manifest-merger/25.2.0/manifest-merger-25.2.0.jar
7f6d61f9c000-7f6d61f9f000 ---p 00000000 00:00 0 
7f6d61f9f000-7f6d6229d000 rw-p 00000000 00:00 0 
7f6d6229d000-7f6d6229e000 r--s 00001000 08:02 3753578                    /home/ankit/Downloads/android-studio/gradle/m2repository/com/android/tools/jill/jill-api/0.10.0/jill-api-0.10.0.jar
7f6d6229e000-7f6d622a0000 r--s 0001c000 08:02 4031682                    /home/ankit/Downloads/android-studio/gradle/m2repository/com/android/tools/common/25.2.0/common-25.2.0.jar
7f6d622a0000-7f6d622a9000 r--s 00083000 08:02 3885105                    /home/ankit/Downloads/android-studio/gradle/m2repository/com/android/tools/sdk-common/25.2.0/sdk-common-25.2.0.jar
7f6d622a9000-7f6d622b4000 r--s 0008e000 08:02 4024802                    /home/ankit/Downloads/android-studio/gradle/m2repository/com/android/tools/sdklib/25.2.0/sdklib-25.2.0.jar
7f6d622b4000-7f6d622b5000 r--s 00002000 08:02 3894391                    /home/ankit/Downloads/android-studio/gradle/m2repository/com/android/tools/build/builder-test-api/2.2.0/builder-test-api-2.2.0.jar
7f6d622b5000-7f6d622b8000 r--s 00005000 08:02 3754438                    /home/ankit/Downloads/android-studio/gradle/m2repository/com/android/tools/build/builder-model/2.2.0/builder-model-2.2.0.jar
7f6d622b8000-7f6d622c0000 r--s 0007b000 08:02 3819714                    /home/ankit/Downloads/android-studio/gradle/m2repository/com/google/protobuf/protobuf-java/2.5.0/protobuf-java-2.5.0.jar
7f6d622c0000-7f6d622c2000 r--s 0000f000 08:02 4041488                    /home/ankit/Downloads/android-studio/gradle/m2repository/net/sf/jopt-simple/jopt-simple/4.9/jopt-simple-4.9.jar
7f6d622c2000-7f6d622c6000 r--s 0001f000 08:02 3795671                    /home/ankit/Downloads/android-studio/gradle/m2repository/org/jacoco/org.jacoco.report/0.7.5.201505241946/org.jacoco.report-0.7.5.201505241946.jar
7f6d622c6000-7f6d622ca000 r--s 0001d000 08:02 3787900                    /home/ankit/Downloads/android-studio/gradle/m2repository/org/jacoco/org.jacoco.core/0.7.5.201505241946/org.jacoco.core-0.7.5.201505241946.jar
7f6d622ca000-7f6d622cb000 r--s 00002000 08:02 3760221                    /home/ankit/Downloads/android-studio/gradle/m2repository/net/sf/proguard/proguard-gradle/5.2.1/proguard-gradle-5.2.1.jar
7f6d622cb000-7f6d622cd000 r--s 00009000 08:02 3779703                    /home/ankit/Downloads/android-studio/gradle/m2repository/org/ow2/asm/asm-commons/5.0.4/asm-commons-5.0.4.jar
7f6d622cd000-7f6d622cf000 r--s 0000c000 08:02 3779709                    /home/ankit/Downloads/android-studio/gradle/m2repository/org/ow2/asm/asm/5.0.4/asm-5.0.4.jar
7f6d622cf000-7f6d622d3000 r--s 0002b000 08:02 3853442                    /home/ankit/Downloads/android-studio/gradle/m2repository/com/android/databinding/compilerCommon/2.2.0/compilerCommon-2.2.0.jar
7f6d622d3000-7f6d622d4000 r--s 00002000 08:02 3894401                    /home/ankit/Downloads/android-studio/gradle/m2repository/com/android/tools/build/gradle-api/2.2.0/gradle-api-2.2.0.jar
7f6d622d4000-7f6d622d5000 r--s 00000000 08:02 3753573                    /home/ankit/Downloads/android-studio/gradle/m2repository/com/android/tools/build/transform-api/2.0.0-deprecated-use-gradle-api/transform-api-2.0.0-deprecated-use-gradle-api.jar
7f6d622d5000-7f6d622da000 r--s 00053000 08:02 4017271                    /home/ankit/Downloads/android-studio/gradle/m2repository/com/android/tools/lint/lint/25.2.0/lint-25.2.0.jar
7f6d622da000-7f6d622f1000 r--s 0015d000 08:02 3885097                    /home/ankit/Downloads/android-studio/gradle/m2repository/com/android/tools/build/builder/2.2.0/builder-2.2.0.jar
7f6d622f1000-7f6d6230e000 r--s 0019c000 08:02 3910782                    /home/ankit/Downloads/android-studio/gradle/m2repository/com/android/tools/build/gradle-core/2.2.0/gradle-core-2.2.0.jar
7f6d6230e000-7f6d62310000 r--s 0000d000 08:02 3802336                    /home/ankit/Downloads/android-studio/gradle/m2repository/com/android/tools/build/gradle/2.2.0/gradle-2.2.0.jar
7f6d62310000-7f6d62313000 ---p 00000000 00:00 0 
7f6d62313000-7f6d62349000 rw-p 00000000 00:00 0 
7f6d62349000-7f6d6234a000 r--p 00000000 00:00 0 
7f6d6234a000-7f6d6254a000 rw-p 00000000 00:00 0 
7f6d6254a000-7f6d6274a000 rw-p 00000000 00:00 0 
7f6d6274a000-7f6d6294a000 rw-p 00000000 00:00 0 
7f6d6294a000-7f6d629c2000 r--s 010e6000 08:02 158507                     /usr/lib/jvm/java-8-oracle/lib/tools.jar
7f6d629c2000-7f6d62bc2000 rw-p 00000000 00:00 0 
7f6d62bc2000-7f6d62bc5000 ---p 00000000 00:00 0 
7f6d62bc5000-7f6d62cc3000 rw-p 00000000 00:00 0 
7f6d62cc3000-7f6d62cc6000 ---p 00000000 00:00 0 
7f6d62cc6000-7f6d62dc4000 rw-p 00000000 00:00 0 
7f6d62dc4000-7f6d62dc7000 ---p 00000000 00:00 0 
7f6d62dc7000-7f6d62ec5000 rw-p 00000000 00:00 0 
7f6d62ec5000-7f6d62ec8000 ---p 00000000 00:00 0 
7f6d62ec8000-7f6d62fc6000 rw-p 00000000 00:00 0 
7f6d62fc6000-7f6d62fc9000 ---p 00000000 00:00 0 
7f6d62fc9000-7f6d630c7000 rw-p 00000000 00:00 0 
7f6d630c7000-7f6d630ca000 ---p 00000000 00:00 0 
7f6d630ca000-7f6d631c8000 rw-p 00000000 00:00 0 
7f6d631c8000-7f6d631cf000 r--s 00000000 08:02 109538                     /usr/lib/x86_64-linux-gnu/gconv/gconv-modules.cache
7f6d631cf000-7f6d633cf000 rw-p 00000000 00:00 0 
7f6d633cf000-7f6d633d2000 ---p 00000000 00:00 0 
7f6d633d2000-7f6d634d0000 rw-p 00000000 00:00 0 
7f6d634d0000-7f6d634d3000 ---p 00000000 00:00 0 
7f6d634d3000-7f6d635d1000 rw-p 00000000 00:00 0 
7f6d635d1000-7f6d635da000 r-xp 00000000 08:02 200010                     /usr/lib/jvm/java-8-oracle/jre/lib/amd64/libmanagement.so
7f6d635da000-7f6d637d9000 ---p 00009000 08:02 200010                     /usr/lib/jvm/java-8-oracle/jre/lib/amd64/libmanagement.so
7f6d637d9000-7f6d637da000 rw-p 00008000 08:02 200010                     /usr/lib/jvm/java-8-oracle/jre/lib/amd64/libmanagement.so
7f6d637da000-7f6d637de000 r--s 00097000 08:02 182569                     /usr/lib/jvm/java-8-oracle/jre/lib/jsse.jar
7f6d637de000-7f6d637e0000 r--s 00007000 08:02 3402085                    /home/ankit/Downloads/android-studio/gradle/gradle-2.14.1/lib/plugins/gradle-tooling-api-builders-2.14.1.jar
7f6d637e0000-7f6d637e3000 r--s 00008000 08:02 3402081                    /home/ankit/Downloads/android-studio/gradle/gradle-2.14.1/lib/plugins/gradle-testing-native-2.14.1.jar
7f6d637e3000-7f6d637e5000 r--s 00009000 08:02 3402371                    /home/ankit/Downloads/android-studio/gradle/gradle-2.14.1/lib/plugins/hamcrest-core-1.3.jar
7f6d637e5000-7f6d637eb000 r--s 00033000 08:02 3402325                    /home/ankit/Downloads/android-studio/gradle/gradle-2.14.1/lib/plugins/snakeyaml-1.6.jar
7f6d637eb000-7f6d637ed000 r--s 00006000 08:02 3402336                    /home/ankit/Downloads/android-studio/gradle/gradle-2.14.1/lib/plugins/jcommander-1.12.jar
7f6d637ed000-7f6d637f2000 r--s 00040000 08:02 3402324                    /home/ankit/Downloads/android-studio/gradle/gradle-2.14.1/lib/plugins/bsh-2.0b4.jar
7f6d637f2000-7f6d637fb000 r--s 00089000 08:02 3402339                    /home/ankit/Downloads/android-studio/gradle/gradle-2.14.1/lib/plugins/testng-6.3.1.jar
7f6d637fb000-7f6d63803000 r--s 00045000 08:02 3402343                    /home/ankit/Downloads/android-studio/gradle/gradle-2.14.1/lib/plugins/junit-4.12.jar
7f6d63803000-7f6d63809000 r--s 0002e000 08:02 3402091                    /home/ankit/Downloads/android-studio/gradle/gradle-2.14.1/lib/plugins/gradle-testing-jvm-2.14.1.jar
7f6d63809000-7f6d6380e000 r--s 00015000 08:02 3402095                    /home/ankit/Downloads/android-studio/gradle/gradle-2.14.1/lib/plugins/gradle-testing-base-2.14.1.jar
7f6d6380e000-7f6d6380f000 r--s 00002000 08:02 3402342                    /home/ankit/Downloads/android-studio/gradle/gradle-2.14.1/lib/plugins/sonar-batch-bootstrapper-2.9.jar
7f6d6380f000-7f6d63812000 r--s 00015000 08:02 3402090                    /home/ankit/Downloads/android-studio/gradle/gradle-2.14.1/lib/plugins/gradle-sonar-2.14.1.jar
7f6d63812000-7f6d63819000 r--s 00038000 08:02 3402356                    /home/ankit/Downloads/android-studio/gradle/gradle-2.14.1/lib/plugins/bcpg-jdk15on-1.51.jar
7f6d63819000-7f6d6381b000 r--s 0000d000 08:02 3402293                    /home/ankit/Downloads/android-studio/gradle/gradle-2.14.1/lib/plugins/gradle-signing-2.14.1.jar
7f6d6381b000-7f6d6381e000 r--s 00009000 08:02 3402099                    /home/ankit/Downloads/android-studio/gradle/gradle-2.14.1/lib/plugins/gradle-scala-2.14.1.jar
7f6d6381e000-7f6d6381f000 r--s 00004000 08:02 3402295                    /home/ankit/Downloads/android-studio/gradle/gradle-2.14.1/lib/plugins/gradle-resources-sftp-2.14.1.jar
7f6d6381f000-7f6d6382f000 r--s 00088000 08:02 3402329                    /home/ankit/Downloads/android-studio/gradle/gradle-2.14.1/lib/plugins/joda-time-2.8.2.jar
7f6d6382f000-7f6d63840000 r--s 000cf000 08:02 3402375                    /home/ankit/Downloads/android-studio/gradle/gradle-2.14.1/lib/plugins/jackson-databind-2.3.2.jar
7f6d63840000-7f6d63842000 r--s 00007000 08:02 3402352                    /home/ankit/Downloads/android-studio/gradle/gradle-2.14.1/lib/plugins/jackson-annotations-2.3.2.jar
7f6d63842000-7f6d63845000 r--s 0002e000 08:02 3402358                    /home/ankit/Downloads/android-studio/gradle/gradle-2.14.1/lib/plugins/jackson-core-2.3.2.jar
7f6d63845000-7f6d63850000 r--s 0006b000 08:02 3402381                    /home/ankit/Downloads/android-studio/gradle/gradle-2.14.1/lib/plugins/aws-java-sdk-core-1.9.19.jar
7f6d63850000-7f6d63856000 r--s 00036000 08:02 3402351                    /home/ankit/Downloads/android-studio/gradle/gradle-2.14.1/lib/plugins/aws-java-sdk-kms-1.9.19.jar
7f6d63856000-7f6d63861000 r--s 00079000 08:02 3402341                    /home/ankit/Downloads/android-studio/gradle/gradle-2.14.1/lib/plugins/aws-java-sdk-s3-1.9.19.jar
7f6d63861000-7f6d63862000 r--s 00003000 08:02 3402305                    /home/ankit/Downloads/android-studio/gradle/gradle-2.14.1/lib/plugins/gradle-resources-s3-2.14.1.jar
7f6d63862000-7f6d63864000 r--s 00005000 08:02 3402370                    /home/ankit/Downloads/android-studio/gradle/gradle-2.14.1/lib/plugins/jatl-0.2.2.jar
7f6d63864000-7f6d63866000 r--s 0000f000 08:02 3402311                    /home/ankit/Downloads/android-studio/gradle/gradle-2.14.1/lib/plugins/gradle-reporting-2.14.1.jar
7f6d63866000-7f6d63868000 r--s 00002000 08:02 3402252                    /home/ankit/Downloads/android-studio/gradle/gradle-2.14.1/lib/plugins/gradle-publish-2.14.1.jar
7f6d63868000-7f6d6386a000 r--s 00009000 08:02 3402334                    /home/ankit/Downloads/android-studio/gradle/gradle-2.14.1/lib/plugins/commons-cli-1.2.jar
7f6d6386a000-7f6d63870000 r--s 00033000 08:02 3402098                    /home/ankit/Downloads/android-studio/gradle/gradle-2.14.1/lib/plugins/gradle-plugins-2.14.1.jar
7f6d63870000-7f6d63872000 r--s 00007000 08:02 3402083                    /home/ankit/Downloads/android-studio/gradle/gradle-2.14.1/lib/plugins/gradle-plugin-development-2.14.1.jar
7f6d63872000-7f6d63878000 r--s 0002a000 08:02 3402292                    /home/ankit/Downloads/android-studio/gradle/gradle-2.14.1/lib/plugins/gradle-platform-play-2.14.1.jar
7f6d63878000-7f6d63885000 r--s 0004d000 08:02 3402291                    /home/ankit/Downloads/android-studio/gradle/gradle-2.14.1/lib/plugins/gradle-platform-native-2.14.1.jar
7f6d63885000-7f6d63889000 r--s 0001a000 08:02 3402304                    /home/ankit/Downloads/android-studio/gradle/gradle-2.14.1/lib/plugins/gradle-platform-jvm-2.14.1.jar
7f6d63889000-7f6d63890000 r--s 00029000 08:02 3402097                    /home/ankit/Downloads/android-studio/gradle/gradle-2.14.1/lib/plugins/gradle-platform-base-2.14.1.jar
7f6d63890000-7f6d638b1000 r--s 001c3000 08:02 3402322                    /home/ankit/Downloads/android-studio/gradle/gradle-2.14.1/lib/plugins/bndlib-2.4.0.jar
7f6d638b1000-7f6d638b3000 r--s 00003000 08:02 3402306                    /home/ankit/Downloads/android-studio/gradle/gradle-2.14.1/lib/plugins/gradle-osgi-2.14.1.jar
7f6d638b3000-7f6d638b6000 r--s 0000c000 08:02 3402378                    /home/ankit/Downloads/android-studio/gradle/gradle-2.14.1/lib/plugins/pmaven-groovy-0.8-20100325.jar
7f6d638b6000-7f6d638b7000 r--s 00004000 08:02 3402369                    /home/ankit/Downloads/android-studio/gradle/gradle-2.14.1/lib/plugins/pmaven-common-0.8-20100325.jar
7f6d638b7000-7f6d638bd000 r--s 00022000 08:02 3402096                    /home/ankit/Downloads/android-studio/gradle/gradle-2.14.1/lib/plugins/gradle-maven-2.14.1.jar
7f6d638bd000-7f6d638bf000 r--s 0000a000 08:02 3402088                    /home/ankit/Downloads/android-studio/gradle/gradle-2.14.1/lib/plugins/gradle-language-scala-2.14.1.jar
7f6d638bf000-7f6d638c5000 r--s 0001a000 08:02 3402092                    /home/ankit/Downloads/android-studio/gradle/gradle-2.14.1/lib/plugins/gradle-language-native-2.14.1.jar
7f6d638c5000-7f6d638c7000 r--s 00008000 08:02 3402084                    /home/ankit/Downloads/android-studio/gradle/gradle-2.14.1/lib/plugins/gradle-language-jvm-2.14.1.jar
7f6d638c7000-7f6d638cd000 r--s 00024000 08:02 3402300                    /home/ankit/Downloads/android-studio/gradle/gradle-2.14.1/lib/plugins/gradle-language-java-2.14.1.jar
7f6d638cd000-7f6d638cf000 r--s 0000a000 08:02 3402290                    /home/ankit/Downloads/android-studio/gradle/gradle-2.14.1/lib/plugins/gradle-language-groovy-2.14.1.jar
7f6d638cf000-7f6d638d2000 r--s 0001e000 08:02 3402319                    /home/ankit/Downloads/android-studio/gradle/gradle-2.14.1/lib/plugins/jsp-api-2.1-6.1.14.jar
7f6d638d2000-7f6d638f5000 r--s 00344000 08:02 3402353                    /home/ankit/Downloads/android-studio/gradle/gradle-2.14.1/lib/plugins/core-3.1.1.jar
7f6d638f5000-7f6d638f6000 r--s 00006000 08:02 3402376                    /home/ankit/Downloads/android-studio/gradle/gradle-2.14.1/lib/plugins/jetty-naming-6.1.25.jar
7f6d638f6000-7f6d638f7000 r--s 00002000 08:02 3402349                    /home/ankit/Downloads/android-studio/gradle/gradle-2.14.1/lib/plugins/geronimo-annotation_1.0_spec-1.0.jar
7f6d638f7000-7f6d638f9000 r--s 00002000 08:02 3402373                    /home/ankit/Downloads/android-studio/gradle/gradle-2.14.1/lib/plugins/jetty-annotations-6.1.25.jar
7f6d638f9000-7f6d6390a000 r--s 000ea000 08:02 3402379                    /home/ankit/Downloads/android-studio/gradle/gradle-2.14.1/lib/plugins/jsp-2.1-6.1.14.jar
7f6d6390a000-7f6d6390c000 r--s 0000d000 08:02 3402354                    /home/ankit/Downloads/android-studio/gradle/gradle-2.14.1/lib/plugins/jetty-plus-6.1.25.jar
7f6d6390c000-7f6d6390e000 r--s 0001f000 08:02 3402385                    /home/ankit/Downloads/android-studio/gradle/gradle-2.14.1/lib/plugins/servlet-api-2.5-20081211.jar
7f6d6390e000-7f6d63912000 r--s 00028000 08:02 3402337                    /home/ankit/Downloads/android-studio/gradle/gradle-2.14.1/lib/plugins/jetty-util-6.1.25.jar
7f6d63912000-7f6d63919000 r--s 0007d000 08:02 3402344                    /home/ankit/Downloads/android-studio/gradle/gradle-2.14.1/lib/plugins/jetty-6.1.25.jar
7f6d63919000-7f6d6391b000 r--s 00009000 08:02 3402309                    /home/ankit/Downloads/android-studio/gradle/gradle-2.14.1/lib/plugins/gradle-jetty-2.14.1.jar
7f6d6391b000-7f6d63922000 r--s 00035000 08:02 3402382                    /home/ankit/Downloads/android-studio/gradle/gradle-2.14.1/lib/plugins/simple-4.1.21.jar
7f6d63922000-7f6d6392e000 r--s 00100000 08:02 3402330                    /home/ankit/Downloads/android-studio/gradle/gradle-2.14.1/lib/plugins/rhino-1.7R3.jar
7f6d6392e000-7f6d63932000 r--s 00011000 08:02 3402297                    /home/ankit/Downloads/android-studio/gradle/gradle-2.14.1/lib/plugins/gradle-javascript-2.14.1.jar
7f6d63932000-7f6d63934000 r--s 0000c000 08:02 3402317                    /home/ankit/Downloads/android-studio/gradle/gradle-2.14.1/lib/plugins/gradle-jacoco-2.14.1.jar
7f6d63934000-7f6d63937000 r--s 0000e000 08:02 3402316                    /home/ankit/Downloads/android-studio/gradle/gradle-2.14.1/lib/plugins/gradle-ivy-2.14.1.jar
7f6d63937000-7f6d63938000 r--s 00002000 08:02 3402313                    /home/ankit/Downloads/android-studio/gradle/gradle-2.14.1/lib/plugins/gradle-ide-play-2.14.1.jar
7f6d63938000-7f6d6393d000 r--s 0002b000 08:02 3402310                    /home/ankit/Downloads/android-studio/gradle/gradle-2.14.1/lib/plugins/gradle-ide-native-2.14.1.jar
7f6d6393d000-7f6d63948000 r--s 00066000 08:02 3402089                    /home/ankit/Downloads/android-studio/gradle/gradle-2.14.1/lib/plugins/gradle-ide-2.14.1.jar
7f6d63948000-7f6d63949000 r--s 00008000 08:02 3402087                    /home/ankit/Downloads/android-studio/gradle/gradle-2.14.1/lib/plugins/gradle-ear-2.14.1.jar
7f6d63949000-7f6d6394f000 r--s 00032000 08:02 3402094                    /home/ankit/Downloads/android-studio/gradle/gradle-2.14.1/lib/plugins/gradle-diagnostics-2.14.1.jar
7f6d6394f000-7f6d63953000 r--s 00021000 08:02 3402312                    /home/ankit/Downloads/android-studio/gradle/gradle-2.14.1/lib/plugins/gradle-code-quality-2.14.1.jar
7f6d63953000-7f6d63957000 r--s 0001f000 08:02 3402093                    /home/ankit/Downloads/android-studio/gradle/gradle-2.14.1/lib/plugins/gradle-build-init-2.14.1.jar
7f6d63957000-7f6d6395e000 r--s 0008e000 08:02 3402314                    /home/ankit/Downloads/android-studio/gradle/gradle-2.14.1/lib/plugins/gradle-build-comparison-2.14.1.jar
7f6d6395e000-7f6d63960000 r--s 00008000 08:02 3402302                    /home/ankit/Downloads/android-studio/gradle/gradle-2.14.1/lib/plugins/gradle-antlr-2.14.1.jar
7f6d63960000-7f6d63962000 r--s 00004000 08:02 3402315                    /home/ankit/Downloads/android-studio/gradle/gradle-2.14.1/lib/plugins/gradle-announce-2.14.1.jar
7f6d63962000-7f6d6397a000 r--s 00115000 08:02 3402347                    /home/ankit/Downloads/android-studio/gradle/gradle-2.14.1/lib/plugins/xercesImpl-2.9.1.jar
7f6d6397a000-7f6d63982000 r--s 00028000 08:02 3402366                    /home/ankit/Downloads/android-studio/gradle/gradle-2.14.1/lib/plugins/xml-apis-1.3.04.jar
7f6d63982000-7f6d63988000 r--s 0005b000 08:02 3402359                    /home/ankit/Downloads/android-studio/gradle/gradle-2.14.1/lib/plugins/jcifs-1.3.17.jar
7f6d63988000-7f6d6398f000 r--s 00049000 08:02 3402296                    /home/ankit/Downloads/android-studio/gradle/gradle-2.14.1/lib/plugins/httpcore-4.4.4.jar
7f6d6398f000-7f6d63995000 r--s 00033000 08:02 3402328                    /home/ankit/Downloads/android-studio/gradle/gradle-2.14.1/lib/plugins/commons-codec-1.6.jar
7f6d63995000-7f6d63998000 r--s 0001c000 08:02 3402326                    /home/ankit/Downloads/android-studio/gradle/gradle-2.14.1/lib/plugins/nekohtml-1.9.14.jar
7f6d63998000-7f6d639a5000 r--s 000a4000 08:02 3402307                    /home/ankit/Downloads/android-studio/gradle/gradle-2.14.1/lib/plugins/httpclient-4.4.1.jar
7f6d639a5000-7f6d639a7000 r--s 0000a000 08:02 3402082                    /home/ankit/Downloads/android-studio/gradle/gradle-2.14.1/lib/plugins/gradle-resources-http-2.14.1.jar
7f6d639a7000-7f6d639ab000 r--s 00014000 08:02 3402294                    /home/ankit/Downloads/android-studio/gradle/gradle-2.14.1/lib/plugins/gradle-plugin-use-2.14.1.jar
7f6d639ab000-7f6d639ac000 r--s 00000000 08:02 3394352                    /home/ankit/Downloads/android-studio/gradle/gradle-2.14.1/lib/gradle-installation-beacon-2.14.1.jar
7f6d639ac000-7f6d639ad000 r--s 00007000 08:02 3402335                    /home/ankit/Downloads/android-studio/gradle/gradle-2.14.1/lib/plugins/wagon-http-shared4-2.4.jar
7f6d639ad000-7f6d639b1000 r--s 00033000 08:02 3402372                    /home/ankit/Downloads/android-studio/gradle/gradle-2.14.1/lib/plugins/plexus-utils-2.0.6.jar
7f6d639b1000-7f6d639b5000 r--s 00021000 08:02 3402361                    /home/ankit/Downloads/android-studio/gradle/gradle-2.14.1/lib/plugins/maven-model-builder-3.0.4.jar
7f6d639b5000-7f6d639b6000 r--s 00002000 08:02 3402327                    /home/ankit/Downloads/android-studio/gradle/gradle-2.14.1/lib/plugins/wagon-file-2.4.jar
7f6d639b6000-7f6d639b8000 r--s 00002000 08:02 3402368                    /home/ankit/Downloads/android-studio/gradle/gradle-2.14.1/lib/plugins/plexus-cipher-1.7.jar
7f6d639b8000-7f6d639bb000 r--s 00013000 08:02 3402384                    /home/ankit/Downloads/android-studio/gradle/gradle-2.14.1/lib/plugins/aether-api-1.13.1.jar
7f6d639bb000-7f6d639bd000 r--s 0000a000 08:02 3402338                    /home/ankit/Downloads/android-studio/gradle/gradle-2.14.1/lib/plugins/maven-settings-3.0.4.jar
7f6d639bd000-7f6d639bf000 r--s 0000d000 08:02 3402362                    /home/ankit/Downloads/android-studio/gradle/gradle-2.14.1/lib/plugins/plexus-interpolation-1.14.jar
7f6d639bf000-7f6d639c1000 r--s 0000b000 08:02 3402377                    /home/ankit/Downloads/android-studio/gradle/gradle-2.14.1/lib/plugins/maven-artifact-3.0.4.jar
7f6d639c1000-7f6d639c8000 r--s 0002e000 08:02 3402332                    /home/ankit/Downloads/android-studio/gradle/gradle-2.14.1/lib/plugins/plexus-container-default-1.5.5.jar
7f6d639c8000-7f6d639ca000 r--s 0000b000 08:02 3402355                    /home/ankit/Downloads/android-studio/gradle/gradle-2.14.1/lib/plugins/maven-plugin-api-3.0.4.jar
7f6d639ca000-7f6d639cc000 r--s 00000000 08:02 3402357                    /home/ankit/Downloads/android-studio/gradle/gradle-2.14.1/lib/plugins/plexus-component-annotations-1.5.5.jar
7f6d639cc000-7f6d639d2000 r--s 0003f000 08:02 3402363                    /home/ankit/Downloads/android-studio/gradle/gradle-2.14.1/lib/plugins/maven-compat-3.0.4.jar
7f6d639d2000-7f6d639d5000 r--s 00008000 08:02 3402345                    /home/ankit/Downloads/android-studio/gradle/gradle-2.14.1/lib/plugins/maven-settings-builder-3.0.4.jar
7f6d639d5000-7f6d639d7000 r--s 00026000 08:02 3402383                    /home/ankit/Downloads/android-studio/gradle/gradle-2.14.1/lib/plugins/maven-model-3.0.4.jar
7f6d639d7000-7f6d639d9000 r--s 00006000 08:02 3402374                    /home/ankit/Downloads/android-studio/gradle/gradle-2.14.1/lib/plugins/aether-connector-wagon-1.13.1.jar
7f6d639d9000-7f6d639db000 r--s 0000a000 08:02 3402333                    /home/ankit/Downloads/android-studio/gradle/gradle-2.14.1/lib/plugins/plexus-classworlds-2.4.jar
7f6d639db000-7f6d639dd000 r--s 00006000 08:02 3402364                    /home/ankit/Downloads/android-studio/gradle/gradle-2.14.1/lib/plugins/maven-repository-metadata-3.0.4.jar
7f6d639dd000-7f6d639df000 r--s 0000c000 08:02 3402348                    /home/ankit/Downloads/android-studio/gradle/gradle-2.14.1/lib/plugins/maven-aether-provider-3.0.4.jar
7f6d639df000-7f6d639e1000 r--s 0000b000 08:02 3402340                    /home/ankit/Downloads/android-studio/gradle/gradle-2.14.1/lib/plugins/wagon-provider-api-2.4.jar
7f6d639e1000-7f6d639e5000 r--s 0001c000 08:02 3402380                    /home/ankit/Downloads/android-studio/gradle/gradle-2.14.1/lib/plugins/aether-util-1.13.1.jar
7f6d639e5000-7f6d639e8000 r--s 0001d000 08:02 3402360                    /home/ankit/Downloads/android-studio/gradle/gradle-2.14.1/lib/plugins/aether-impl-1.13.1.jar
7f6d639e8000-7f6d639ed000 r--s 00040000 08:02 3402321                    /home/ankit/Downloads/android-studio/gradle/gradle-2.14.1/lib/plugins/jsch-0.1.53.jar
7f6d639ed000-7f6d63a2d000 r--s 00277000 08:02 3402323                    /home/ankit/Downloads/android-studio/gradle/gradle-2.14.1/lib/plugins/bcprov-jdk15on-1.51.jar
7f6d63a2d000-7f6d63a39000 r--s 0007d000 08:02 3402367                    /home/ankit/Downloads/android-studio/gradle/gradle-2.14.1/lib/plugins/maven-core-3.0.4.jar
7f6d63a39000-7f6d63a48000 r--s 000d9000 08:02 3402331                    /home/ankit/Downloads/android-studio/gradle/gradle-2.14.1/lib/plugins/ivy-2.2.0.jar
7f6d63a48000-7f6d63a5e000 r-xp 00000000 08:02 2624314                    /lib/x86_64-linux-gnu/libgcc_s.so.1
7f6d63a5e000-7f6d63c5d000 ---p 00016000 08:02 2624314                    /lib/x86_64-linux-gnu/libgcc_s.so.1
7f6d63c5d000-7f6d63c5e000 r--p 00015000 08:02 2624314                    /lib/x86_64-linux-gnu/libgcc_s.so.1
7f6d63c5e000-7f6d63c5f000 rw-p 00016000 08:02 2624314                    /lib/x86_64-linux-gnu/libgcc_s.so.1
7f6d63c5f000-7f6d63dd2000 r-xp 00000000 08:02 61223                      /usr/lib/x86_64-linux-gnu/libstdc++.so.6.0.21
7f6d63dd2000-7f6d63fd1000 ---p 00173000 08:02 61223                      /usr/lib/x86_64-linux-gnu/libstdc++.so.6.0.21
7f6d63fd1000-7f6d63fdb000 r--p 00172000 08:02 61223                      /usr/lib/x86_64-linux-gnu/libstdc++.so.6.0.21
7f6d63fdb000-7f6d63fdd000 rw-p 0017c000 08:02 61223                      /usr/lib/x86_64-linux-gnu/libstdc++.so.6.0.21
7f6d63fdd000-7f6d63fe1000 rw-p 00000000 00:00 0 
7f6d63fe1000-7f6d63fe2000 r--s 00002000 08:02 3402318                    /home/ankit/Downloads/android-studio/gradle/gradle-2.14.1/lib/plugins/wagon-http-2.4.jar
7f6d63fe2000-7f6d63fe3000 r--s 00003000 08:02 3402320                    /home/ankit/Downloads/android-studio/gradle/gradle-2.14.1/lib/plugins/aether-spi-1.13.1.jar
7f6d63fe3000-7f6d63fe4000 r--s 00006000 08:02 3402365                    /home/ankit/Downloads/android-studio/gradle/gradle-2.14.1/lib/plugins/plexus-sec-dispatcher-1.3.jar
7f6d63fe4000-7f6d64000000 r--s 000d3000 08:02 3402161                    /home/ankit/Downloads/android-studio/gradle/gradle-2.14.1/lib/plugins/gradle-dependency-management-2.14.1.jar
7f6d64000000-7f6d6515a000 rw-p 00000000 00:00 0 
7f6d6515a000-7f6d68000000 ---p 00000000 00:00 0 
7f6d68000000-7f6d68021000 rw-p 00000000 00:00 0 
7f6d68021000-7f6d6c000000 ---p 00000000 00:00 0 
7f6d6c000000-7f6d6e415000 rw-p 00000000 00:00 0 
7f6d6e415000-7f6d70000000 ---p 00000000 00:00 0 
7f6d70000000-7f6d71c38000 rw-p 00000000 00:00 0 
7f6d71c38000-7f6d74000000 ---p 00000000 00:00 0 
7f6d74000000-7f6d74021000 rw-p 00000000 00:00 0 
7f6d74021000-7f6d78000000 ---p 00000000 00:00 0 
7f6d78000000-7f6d78021000 rw-p 00000000 00:00 0 
7f6d78021000-7f6d7c000000 ---p 00000000 00:00 0 
7f6d7c000000-7f6d7c380000 rw-p 00000000 00:00 0 
7f6d7c380000-7f6d80000000 ---p 00000000 00:00 0 
7f6d80000000-7f6d80021000 rw-p 00000000 00:00 0 
7f6d80021000-7f6d84000000 ---p 00000000 00:00 0 
7f6d84000000-7f6d8402c000 rw-p 00000000 00:00 0 
7f6d8402c000-7f6d88000000 ---p 00000000 00:00 0 
7f6d88000000-7f6d8812b000 rw-p 00000000 00:00 0 
7f6d8812b000-7f6d8c000000 ---p 00000000 00:00 0 
7f6d8c000000-7f6d8c029000 rw-p 00000000 00:00 0 
7f6d8c029000-7f6d90000000 ---p 00000000 00:00 0 
7f6d90000000-7f6d90004000 r--s 0001d000 08:02 3402350                    /home/ankit/Downloads/android-studio/gradle/gradle-2.14.1/lib/plugins/xbean-reflect-3.4.jar
7f6d90004000-7f6d90009000 r--s 0002a000 08:02 3402346                    /home/ankit/Downloads/android-studio/gradle/gradle-2.14.1/lib/plugins/gson-2.2.4.jar
7f6d90009000-7f6d9000d000 r-xp 00000000 08:02 3391672                    /home/ankit/.gradle/native/19/linux-amd64/libnative-platform.so
7f6d9000d000-7f6d9020c000 ---p 00004000 08:02 3391672                    /home/ankit/.gradle/native/19/linux-amd64/libnative-platform.so
7f6d9020c000-7f6d9020d000 rw-p 00003000 08:02 3391672                    /home/ankit/.gradle/native/19/linux-amd64/libnative-platform.so
7f6d9020d000-7f6d9021e000 r-xp 00000000 08:02 199999                     /usr/lib/jvm/java-8-oracle/jre/lib/amd64/libnio.so
7f6d9021e000-7f6d9041d000 ---p 00011000 08:02 199999                     /usr/lib/jvm/java-8-oracle/jre/lib/amd64/libnio.so
7f6d9041d000-7f6d9041e000 rw-p 00010000 08:02 199999                     /usr/lib/jvm/java-8-oracle/jre/lib/amd64/libnio.so
7f6d9041e000-7f6d9071f000 rw-p 00000000 00:00 0 
7f6d9071f000-7f6d90735000 r-xp 00000000 08:02 199974                     /usr/lib/jvm/java-8-oracle/jre/lib/amd64/libnet.so
7f6d90735000-7f6d90935000 ---p 00016000 08:02 199974                     /usr/lib/jvm/java-8-oracle/jre/lib/amd64/libnet.so
7f6d90935000-7f6d90936000 rw-p 00016000 08:02 199974                     /usr/lib/jvm/java-8-oracle/jre/lib/amd64/libnet.so
7f6d90936000-7f6d90938000 r--s 00005000 08:02 3394358                    /home/ankit/Downloads/android-studio/gradle/gradle-2.14.1/lib/gradle-wrapper-2.14.1.jar
7f6d90938000-7f6d90946000 r--s 0004f000 08:02 3394344                    /home/ankit/Downloads/android-studio/gradle/gradle-2.14.1/lib/gradle-tooling-api-2.14.1.jar
7f6d90946000-7f6d90948000 r--s 00002000 08:02 3394350                    /home/ankit/Downloads/android-studio/gradle/gradle-2.14.1/lib/gradle-open-api-2.14.1.jar
7f6d90948000-7f6d9094e000 r--s 00032000 08:02 3394400                    /home/ankit/Downloads/android-studio/gradle/gradle-2.14.1/lib/jaxen-1.1.jar
7f6d9094e000-7f6d90953000 r--s 00048000 08:02 3394380                    /home/ankit/Downloads/android-studio/gradle/gradle-2.14.1/lib/dom4j-1.6.1.jar
7f6d90953000-7f6d9095e000 r--s 00059000 08:02 3394373                    /home/ankit/Downloads/android-studio/gradle/gradle-2.14.1/lib/gradle-ui-2.14.1.jar
7f6d9095e000-7f6d90961000 r--s 0000b000 08:02 3394378                    /home/ankit/Downloads/android-studio/gradle/gradle-2.14.1/lib/gradle-resources-2.14.1.jar
7f6d90961000-7f6d90963000 r--s 00003000 08:02 3394402                    /home/ankit/Downloads/android-studio/gradle/gradle-2.14.1/lib/jcl-over-slf4j-1.7.10.jar
7f6d90963000-7f6d90964000 r--s 00005000 08:02 3394397                    /home/ankit/Downloads/android-studio/gradle/gradle-2.14.1/lib/log4j-over-slf4j-1.7.10.jar
7f6d90964000-7f6d90966000 r--s 00000000 08:02 3394404                    /home/ankit/Downloads/android-studio/gradle/gradle-2.14.1/lib/jul-to-slf4j-1.7.10.jar
7f6d90966000-7f6d9096b000 r--s 0001c000 08:02 3394356                    /home/ankit/Downloads/android-studio/gradle/gradle-2.14.1/lib/gradle-logging-2.14.1.jar
7f6d9096b000-7f6d9096d000 r--s 00007000 08:02 3394403                    /home/ankit/Downloads/android-studio/gradle/gradle-2.14.1/lib/objenesis-1.2.jar
7f6d9096d000-7f6d9096f000 r--s 00000000 08:02 3394383                    /home/ankit/Downloads/android-studio/gradle/gradle-2.14.1/lib/minlog-1.2.jar
7f6d9096f000-7f6d90971000 r--s 0000f000 08:02 3394389                    /home/ankit/Downloads/android-studio/gradle/gradle-2.14.1/lib/reflectasm-1.07-shaded.jar
7f6d90971000-7f6d90975000 r--s 00026000 08:02 3394395                    /home/ankit/Downloads/android-studio/gradle/gradle-2.14.1/lib/kryo-2.20.jar
7f6d90975000-7f6d9097b000 r--s 00025000 08:02 3394347                    /home/ankit/Downloads/android-studio/gradle/gradle-2.14.1/lib/gradle-messaging-2.14.1.jar
7f6d9097b000-7f6d9097c000 r--s 00003000 08:02 3394401                    /home/ankit/Downloads/android-studio/gradle/gradle-2.14.1/lib/native-platform-freebsd-amd64-0.10.jar
7f6d9097c000-7f6d9098b000 r--s 00080000 08:02 3394371                    /home/ankit/Downloads/android-studio/gradle/gradle-2.14.1/lib/gradle-model-core-2.14.1.jar
7f6d9098b000-7f6d909fa000 r--s 0063e000 08:02 3394407                    /home/ankit/Downloads/android-studio/gradle/gradle-2.14.1/lib/groovy-all-2.4.4.jar
7f6d909fa000-7f6d909fb000 ---p 00000000 00:00 0 
7f6d909fb000-7f6d90afb000 rw-p 00000000 00:00 0 
7f6d90afb000-7f6d90afe000 ---p 00000000 00:00 0 
7f6d90afe000-7f6d90bfc000 rw-p 00000000 00:00 0 
7f6d90bfc000-7f6d90bff000 ---p 00000000 00:00 0 
7f6d90bff000-7f6d90cfd000 rw-p 00000000 00:00 0 
7f6d90cfd000-7f6d90d00000 ---p 00000000 00:00 0 
7f6d90d00000-7f6d90dfe000 rw-p 00000000 00:00 0 
7f6d90dfe000-7f6d90e01000 ---p 00000000 00:00 0 
7f6d90e01000-7f6d90eff000 rw-p 00000000 00:00 0 
7f6d90eff000-7f6d90f02000 ---p 00000000 00:00 0 
7f6d90f02000-7f6d94000000 rw-p 00000000 00:00 0 
7f6d94000000-7f6d9403b000 rw-p 00000000 00:00 0 
7f6d9403b000-7f6d98000000 ---p 00000000 00:00 0 
7f6d98000000-7f6d98001000 r--s 00003000 08:02 3394390                    /home/ankit/Downloads/android-studio/gradle/gradle-2.14.1/lib/native-platform-freebsd-i386-0.10.jar
7f6d98001000-7f6d98002000 r--s 00005000 08:02 3394385                    /home/ankit/Downloads/android-studio/gradle/gradle-2.14.1/lib/native-platform-windows-i386-0.10.jar
7f6d98002000-7f6d98003000 r--s 00005000 08:02 3394384                    /home/ankit/Downloads/android-studio/gradle/gradle-2.14.1/lib/native-platform-windows-amd64-0.10.jar
7f6d98003000-7f6d98004000 r--s 00003000 08:02 3394391                    /home/ankit/Downloads/android-studio/gradle/gradle-2.14.1/lib/native-platform-linux-i386-0.10.jar
7f6d98004000-7f6d98005000 r--s 00003000 08:02 3394382                    /home/ankit/Downloads/android-studio/gradle/gradle-2.14.1/lib/native-platform-linux-amd64-0.10.jar
7f6d98005000-7f6d98006000 r--s 00002000 08:02 3394381                    /home/ankit/Downloads/android-studio/gradle/gradle-2.14.1/lib/native-platform-osx-amd64-0.10.jar
7f6d98006000-7f6d98008000 r--s 00008000 08:02 3394399                    /home/ankit/Downloads/android-studio/gradle/gradle-2.14.1/lib/jansi-1.2.1.jar
7f6d98008000-7f6d98015000 r--s 00083000 08:02 3394379                    /home/ankit/Downloads/android-studio/gradle/gradle-2.14.1/lib/commons-collections-3.2.2.jar
7f6d98015000-7f6d986f7000 r--p 00000000 08:02 59247                      /usr/lib/locale/locale-archive
7f6d986f7000-7f6d986fa000 ---p 00000000 00:00 0 
7f6d986fa000-7f6d987f8000 rw-p 00000000 00:00 0 
7f6d987f8000-7f6d987fb000 ---p 00000000 00:00 0 
7f6d987fb000-7f6d988f9000 rw-p 00000000 00:00 0 
7f6d988f9000-7f6d988fa000 ---p 00000000 00:00 0 
7f6d988fa000-7f6d99000000 rw-p 00000000 00:00 0 
7f6d99000000-7f6d9adb0000 rwxp 00000000 00:00 0 
7f6d9adb0000-7f6da8000000 ---p 00000000 00:00 0 
7f6da8000000-7f6da8b57000 rw-p 00000000 00:00 0 
7f6da8b57000-7f6dac000000 ---p 00000000 00:00 0 
7f6dac000000-7f6dac003000 r--s 0000d000 08:02 3394394                    /home/ankit/Downloads/android-studio/gradle/gradle-2.14.1/lib/native-platform-0.10.jar
7f6dac003000-7f6dac007000 r--s 000e4000 08:02 3394393                    /home/ankit/Downloads/android-studio/gradle/gradle-2.14.1/lib/jna-3.2.7.jar
7f6dac007000-7f6dac009000 r--s 00009000 08:02 3394375                    /home/ankit/Downloads/android-studio/gradle/gradle-2.14.1/lib/gradle-native-2.14.1.jar
7f6dac009000-7f6dac00b000 r--s 00005000 08:02 3394376                    /home/ankit/Downloads/android-studio/gradle/gradle-2.14.1/lib/gradle-cli-2.14.1.jar
7f6dac00b000-7f6dac033000 r--s 001cf000 08:02 3394387                    /home/ankit/Downloads/android-studio/gradle/gradle-2.14.1/lib/guava-jdk5-17.0.jar
7f6dac033000-7f6dac052000 r--s 001d1000 08:02 3394357                    /home/ankit/Downloads/android-studio/gradle/gradle-2.14.1/lib/ant-1.9.6.jar
7f6dac052000-7f6dac089000 r--s 001bd000 08:02 3394359                    /home/ankit/Downloads/android-studio/gradle/gradle-2.14.1/lib/gradle-core-2.14.1.jar
7f6dac089000-7f6daca65000 rw-p 00000000 00:00 0 
7f6daca65000-7f6dacc3d000 r--s 03d2a000 08:02 182584                     /usr/lib/jvm/java-8-oracle/jre/lib/rt.jar
7f6dacc3d000-7f6dad7b3000 rw-p 00000000 00:00 0 
7f6dad7b3000-7f6dad7b4000 ---p 00000000 00:00 0 
7f6dad7b4000-7f6dad8b4000 rw-p 00000000 00:00 0 
7f6dad8b4000-7f6dad8b5000 ---p 00000000 00:00 0 
7f6dad8b5000-7f6dad9b5000 rw-p 00000000 00:00 0 
7f6dad9b5000-7f6dad9b6000 ---p 00000000 00:00 0 
7f6dad9b6000-7f6dadab6000 rw-p 00000000 00:00 0 
7f6dadab6000-7f6dadab7000 ---p 00000000 00:00 0 
7f6dadab7000-7f6dadc65000 rw-p 00000000 00:00 0 
7f6dadc65000-7f6daddb7000 ---p 00000000 00:00 0 
7f6daddb7000-7f6dade65000 rw-p 00000000 00:00 0 
7f6dade65000-7f6dadfb7000 ---p 00000000 00:00 0 
7f6dadfb7000-7f6dae0b7000 rw-p 00000000 00:00 0 
7f6dae0b7000-7f6dae12f000 rw-p 00000000 00:00 0 
7f6dae12f000-7f6dae478000 ---p 00000000 00:00 0 
7f6dae478000-7f6dae492000 r-xp 00000000 08:02 199997                     /usr/lib/jvm/java-8-oracle/jre/lib/amd64/libzip.so
7f6dae492000-7f6dae692000 ---p 0001a000 08:02 199997                     /usr/lib/jvm/java-8-oracle/jre/lib/amd64/libzip.so
7f6dae692000-7f6dae693000 rw-p 0001a000 08:02 199997                     /usr/lib/jvm/java-8-oracle/jre/lib/amd64/libzip.so
7f6dae693000-7f6dae69d000 r-xp 00000000 08:02 2621662                    /lib/x86_64-linux-gnu/libnss_files-2.21.so
7f6dae69d000-7f6dae89d000 ---p 0000a000 08:02 2621662                    /lib/x86_64-linux-gnu/libnss_files-2.21.so
7f6dae89d000-7f6dae89e000 r--p 0000a000 08:02 2621662                    /lib/x86_64-linux-gnu/libnss_files-2.21.so
7f6dae89e000-7f6dae89f000 rw-p 0000b000 08:02 2621662                    /lib/x86_64-linux-gnu/libnss_files-2.21.so
7f6dae89f000-7f6dae8aa000 r-xp 00000000 08:02 2623427                    /lib/x86_64-linux-gnu/libnss_nis-2.21.so
7f6dae8aa000-7f6daeaa9000 ---p 0000b000 08:02 2623427                    /lib/x86_64-linux-gnu/libnss_nis-2.21.so
7f6daeaa9000-7f6daeaaa000 r--p 0000a000 08:02 2623427                    /lib/x86_64-linux-gnu/libnss_nis-2.21.so
7f6daeaaa000-7f6daeaab000 rw-p 0000b000 08:02 2623427                    /lib/x86_64-linux-gnu/libnss_nis-2.21.so
7f6daeaab000-7f6daeac2000 r-xp 00000000 08:02 2623430                    /lib/x86_64-linux-gnu/libnsl-2.21.so
7f6daeac2000-7f6daecc1000 ---p 00017000 08:02 2623430                    /lib/x86_64-linux-gnu/libnsl-2.21.so
7f6daecc1000-7f6daecc2000 r--p 00016000 08:02 2623430                    /lib/x86_64-linux-gnu/libnsl-2.21.so
7f6daecc2000-7f6daecc3000 rw-p 00017000 08:02 2623430                    /lib/x86_64-linux-gnu/libnsl-2.21.so
7f6daecc3000-7f6daecc5000 rw-p 00000000 00:00 0 
7f6daecc5000-7f6daeccd000 r-xp 00000000 08:02 2622662                    /lib/x86_64-linux-gnu/libnss_compat-2.21.so
7f6daeccd000-7f6daeecc000 ---p 00008000 08:02 2622662                    /lib/x86_64-linux-gnu/libnss_compat-2.21.so
7f6daeecc000-7f6daeecd000 r--p 00007000 08:02 2622662                    /lib/x86_64-linux-gnu/libnss_compat-2.21.so
7f6daeecd000-7f6daeece000 rw-p 00008000 08:02 2622662                    /lib/x86_64-linux-gnu/libnss_compat-2.21.so
7f6daeece000-7f6daeef9000 r-xp 00000000 08:02 200024                     /usr/lib/jvm/java-8-oracle/jre/lib/amd64/libjava.so
7f6daeef9000-7f6daf0f8000 ---p 0002b000 08:02 200024                     /usr/lib/jvm/java-8-oracle/jre/lib/amd64/libjava.so
7f6daf0f8000-7f6daf0fa000 rw-p 0002a000 08:02 200024                     /usr/lib/jvm/java-8-oracle/jre/lib/amd64/libjava.so
7f6daf0fa000-7f6daf107000 r-xp 00000000 08:02 199975                     /usr/lib/jvm/java-8-oracle/jre/lib/amd64/libverify.so
7f6daf107000-7f6daf306000 ---p 0000d000 08:02 199975                     /usr/lib/jvm/java-8-oracle/jre/lib/amd64/libverify.so
7f6daf306000-7f6daf308000 rw-p 0000c000 08:02 199975                     /usr/lib/jvm/java-8-oracle/jre/lib/amd64/libverify.so
7f6daf308000-7f6daf30f000 r-xp 00000000 08:02 2621663                    /lib/x86_64-linux-gnu/librt-2.21.so
7f6daf30f000-7f6daf50e000 ---p 00007000 08:02 2621663                    /lib/x86_64-linux-gnu/librt-2.21.so
7f6daf50e000-7f6daf50f000 r--p 00006000 08:02 2621663                    /lib/x86_64-linux-gnu/librt-2.21.so
7f6daf50f000-7f6daf510000 rw-p 00007000 08:02 2621663                    /lib/x86_64-linux-gnu/librt-2.21.so
7f6daf510000-7f6daf617000 r-xp 00000000 08:02 2623271                    /lib/x86_64-linux-gnu/libm-2.21.so
7f6daf617000-7f6daf816000 ---p 00107000 08:02 2623271                    /lib/x86_64-linux-gnu/libm-2.21.so
7f6daf816000-7f6daf817000 r--p 00106000 08:02 2623271                    /lib/x86_64-linux-gnu/libm-2.21.so
7f6daf817000-7f6daf818000 rw-p 00107000 08:02 2623271                    /lib/x86_64-linux-gnu/libm-2.21.so
7f6daf818000-7f6db04e5000 r-xp 00000000 08:02 200028                     /usr/lib/jvm/java-8-oracle/jre/lib/amd64/server/libjvm.so
7f6db04e5000-7f6db06e4000 ---p 00ccd000 08:02 200028                     /usr/lib/jvm/java-8-oracle/jre/lib/amd64/server/libjvm.so
7f6db06e4000-7f6db07bd000 rw-p 00ccc000 08:02 200028                     /usr/lib/jvm/java-8-oracle/jre/lib/amd64/server/libjvm.so
7f6db07bd000-7f6db0808000 rw-p 00000000 00:00 0 
7f6db0808000-7f6db09c8000 r-xp 00000000 08:02 2623433                    /lib/x86_64-linux-gnu/libc-2.21.so
7f6db09c8000-7f6db0bc8000 ---p 001c0000 08:02 2623433                    /lib/x86_64-linux-gnu/libc-2.21.so
7f6db0bc8000-7f6db0bcc000 r--p 001c0000 08:02 2623433                    /lib/x86_64-linux-gnu/libc-2.21.so
7f6db0bcc000-7f6db0bce000 rw-p 001c4000 08:02 2623433                    /lib/x86_64-linux-gnu/libc-2.21.so
7f6db0bce000-7f6db0bd2000 rw-p 00000000 00:00 0 
7f6db0bd2000-7f6db0bd5000 r-xp 00000000 08:02 2623420                    /lib/x86_64-linux-gnu/libdl-2.21.so
7f6db0bd5000-7f6db0dd4000 ---p 00003000 08:02 2623420                    /lib/x86_64-linux-gnu/libdl-2.21.so
7f6db0dd4000-7f6db0dd5000 r--p 00002000 08:02 2623420                    /lib/x86_64-linux-gnu/libdl-2.21.so
7f6db0dd5000-7f6db0dd6000 rw-p 00003000 08:02 2623420                    /lib/x86_64-linux-gnu/libdl-2.21.so
7f6db0dd6000-7f6db0deb000 r-xp 00000000 08:02 158504                     /usr/lib/jvm/java-8-oracle/lib/amd64/jli/libjli.so
7f6db0deb000-7f6db0feb000 ---p 00015000 08:02 158504                     /usr/lib/jvm/java-8-oracle/lib/amd64/jli/libjli.so
7f6db0feb000-7f6db0fec000 rw-p 00015000 08:02 158504                     /usr/lib/jvm/java-8-oracle/lib/amd64/jli/libjli.so
7f6db0fec000-7f6db1004000 r-xp 00000000 08:02 2623413                    /lib/x86_64-linux-gnu/libpthread-2.21.so
7f6db1004000-7f6db1204000 ---p 00018000 08:02 2623413                    /lib/x86_64-linux-gnu/libpthread-2.21.so
7f6db1204000-7f6db1205000 r--p 00018000 08:02 2623413                    /lib/x86_64-linux-gnu/libpthread-2.21.so
7f6db1205000-7f6db1206000 rw-p 00019000 08:02 2623413                    /lib/x86_64-linux-gnu/libpthread-2.21.so
7f6db1206000-7f6db120a000 rw-p 00000000 00:00 0 
7f6db120a000-7f6db122e000 r-xp 00000000 08:02 2623431                    /lib/x86_64-linux-gnu/ld-2.21.so
7f6db122e000-7f6db122f000 r--s 00002000 08:02 3394398                    /home/ankit/Downloads/android-studio/gradle/gradle-2.14.1/lib/native-platform-osx-i386-0.10.jar
7f6db122f000-7f6db1231000 r--s 00007000 08:02 3394353                    /home/ankit/Downloads/android-studio/gradle/gradle-2.14.1/lib/gradle-model-groovy-2.14.1.jar
7f6db1231000-7f6db1232000 r--s 00006000 08:02 3394370                    /home/ankit/Downloads/android-studio/gradle/gradle-2.14.1/lib/gradle-base-services-groovy-2.14.1.jar
7f6db1232000-7f6db1233000 r--s 00002000 08:02 3394360                    /home/ankit/Downloads/android-studio/gradle/gradle-2.14.1/lib/gradle-docs-2.14.1.jar
7f6db1233000-7f6db1234000 r--s 00000000 08:02 3394406                    /home/ankit/Downloads/android-studio/gradle/gradle-2.14.1/lib/javax.inject-1.jar
7f6db1234000-7f6db1235000 r--s 00000000 08:02 3394388                    /home/ankit/Downloads/android-studio/gradle/gradle-2.14.1/lib/jcip-annotations-1.0.jar
7f6db1235000-7f6db1239000 r--s 00027000 08:02 3394396                    /home/ankit/Downloads/android-studio/gradle/gradle-2.14.1/lib/commons-io-2.2.jar
7f6db1239000-7f6db123e000 r--s 00038000 08:02 3394363                    /home/ankit/Downloads/android-studio/gradle/gradle-2.14.1/lib/asm-all-5.1.jar
7f6db123e000-7f6db123f000 r--s 00001000 08:02 3394374                    /home/ankit/Downloads/android-studio/gradle/gradle-2.14.1/lib/gradle-process-services-2.14.1.jar
7f6db123f000-7f6db1240000 r--s 00000000 08:02 3394345                    /home/ankit/Downloads/android-studio/gradle/gradle-2.14.1/lib/gradle-jvm-services-2.14.1.jar
7f6db1240000-7f6db1245000 r--s 00041000 08:02 3394392                    /home/ankit/Downloads/android-studio/gradle/gradle-2.14.1/lib/commons-lang-2.6.jar
7f6db1245000-7f6db1307000 rw-p 00000000 00:00 0 
7f6db1307000-7f6db130a000 ---p 00000000 00:00 0 
7f6db130a000-7f6db140c000 rw-p 00000000 00:00 0 
7f6db140c000-7f6db140d000 r--s 00007000 08:02 3394386                    /home/ankit/Downloads/android-studio/gradle/gradle-2.14.1/lib/slf4j-api-1.7.10.jar
7f6db140d000-7f6db140e000 r--s 00004000 08:02 3394372                    /home/ankit/Downloads/android-studio/gradle/gradle-2.14.1/lib/ant-launcher-1.9.6.jar
7f6db140e000-7f6db1416000 r--s 0003a000 08:02 3394364                    /home/ankit/Downloads/android-studio/gradle/gradle-2.14.1/lib/gradle-base-services-2.14.1.jar
7f6db1416000-7f6db1421000 r--s 00051000 08:02 3394361                    /home/ankit/Downloads/android-studio/gradle/gradle-2.14.1/lib/gradle-launcher-2.14.1.jar
7f6db1421000-7f6db1429000 rw-s 00000000 08:02 5033418                    /tmp/hsperfdata_ankit/24565
7f6db1429000-7f6db142a000 rw-p 00000000 00:00 0 
7f6db142a000-7f6db142b000 ---p 00000000 00:00 0 
7f6db142b000-7f6db142d000 rw-p 00000000 00:00 0 
7f6db142d000-7f6db142e000 r--p 00023000 08:02 2623431                    /lib/x86_64-linux-gnu/ld-2.21.so
7f6db142e000-7f6db142f000 rw-p 00024000 08:02 2623431                    /lib/x86_64-linux-gnu/ld-2.21.so
7f6db142f000-7f6db1430000 rw-p 00000000 00:00 0 
7ffffa84e000-7ffffa86f000 rw-p 00000000 00:00 0                          [stack]
7ffffa8a4000-7ffffa8a6000 r--p 00000000 00:00 0                          [vvar]
7ffffa8a6000-7ffffa8a8000 r-xp 00000000 00:00 0                          [vdso]
ffffffffff600000-ffffffffff601000 r-xp 00000000 00:00 0                  [vsyscall]

VM Arguments:
jvm_args: -Xmx1536m -Dfile.encoding=UTF-8 -Duser.country=IN -Duser.language=en -Duser.variant 
java_command: org.gradle.launcher.daemon.bootstrap.GradleDaemon 2.14.1
java_class_path (initial): /home/ankit/Downloads/android-studio/gradle/gradle-2.14.1/lib/gradle-launcher-2.14.1.jar
Launcher Type: SUN_STANDARD

Environment Variables:
JAVA_HOME=/usr/lib/jvm/java-8-oracle
PATH=/usr/local/sbin:/usr/local/bin:/usr/sbin:/usr/bin:/sbin:/bin:/usr/games:/usr/local/games:/usr/lib/jvm/java-8-oracle/bin:/usr/lib/jvm/java-8-oracle/db/bin:/usr/lib/jvm/java-8-oracle/jre/bin
LD_LIBRARY_PATH=Downloads/android-studio/bin:
SHELL=/bin/bash
DISPLAY=:0

Signal Handlers:
SIGSEGV: [libjvm.so+0xac64b0], sa_mask[0]=11111111011111111101111111111110, sa_flags=SA_RESTART|SA_SIGINFO
SIGBUS: [libjvm.so+0xac64b0], sa_mask[0]=11111111011111111101111111111110, sa_flags=SA_RESTART|SA_SIGINFO
SIGFPE: [libjvm.so+0x91f950], sa_mask[0]=11111111011111111101111111111110, sa_flags=SA_RESTART|SA_SIGINFO
SIGPIPE: [libjvm.so+0x91f950], sa_mask[0]=11111111011111111101111111111110, sa_flags=SA_RESTART|SA_SIGINFO
SIGXFSZ: [libjvm.so+0x91f950], sa_mask[0]=11111111011111111101111111111110, sa_flags=SA_RESTART|SA_SIGINFO
SIGILL: [libjvm.so+0x91f950], sa_mask[0]=11111111011111111101111111111110, sa_flags=SA_RESTART|SA_SIGINFO
SIGUSR1: SIG_DFL, sa_mask[0]=00000000000000000000000000000000, sa_flags=none
SIGUSR2: [libjvm.so+0x920f80], sa_mask[0]=00100000000000000000000000000000, sa_flags=SA_RESTART|SA_SIGINFO
SIGHUP: [libjvm.so+0x922380], sa_mask[0]=11111111011111111101111111111110, sa_flags=SA_RESTART|SA_SIGINFO
SIGINT: [libjvm.so+0x922380], sa_mask[0]=11111111011111111101111111111110, sa_flags=SA_RESTART|SA_SIGINFO
SIGTERM: [libjvm.so+0x922380], sa_mask[0]=11111111011111111101111111111110, sa_flags=SA_RESTART|SA_SIGINFO
SIGQUIT: [libjvm.so+0x922380], sa_mask[0]=11111111011111111101111111111110, sa_flags=SA_RESTART|SA_SIGINFO


---------------  S Y S T E M  ---------------

OS:DISTRIB_ID=Ubuntu
DISTRIB_RELEASE=15.10
DISTRIB_CODENAME=wily
DISTRIB_DESCRIPTION="Ubuntu 15.10"

uname:Linux 4.2.0-42-generic #49-Ubuntu SMP Tue Jun 28 21:26:26 UTC 2016 x86_64
libc:glibc 2.21 NPTL 2.21 
rlimit: STACK 8192k, CORE 0k, NPROC 31537, NOFILE 65536, AS infinity
load average:6.26 4.45 2.91

/proc/meminfo:
MemTotal:        8110256 kB
MemFree:          150696 kB
MemAvailable:     146496 kB
Buffers:            4016 kB
Cached:           684156 kB
SwapCached:            0 kB
Active:          7108796 kB
Inactive:         586940 kB
Active(anon):    7053336 kB
Inactive(anon):   536796 kB
Active(file):      55460 kB
Inactive(file):    50144 kB
Unevictable:          96 kB
Mlocked:              96 kB
SwapTotal:             0 kB
SwapFree:              0 kB
Dirty:               324 kB
Writeback:            12 kB
AnonPages:       7007668 kB
Mapped:           405132 kB
Shmem:            582568 kB
Slab:             107404 kB
SReclaimable:      54936 kB
SUnreclaim:        52468 kB
KernelStack:       15712 kB
PageTables:        82204 kB
NFS_Unstable:          0 kB
Bounce:                0 kB
WritebackTmp:          0 kB
CommitLimit:     4055128 kB
Committed_AS:   17049720 kB
VmallocTotal:   34359738367 kB
VmallocUsed:      552020 kB
VmallocChunk:   34358423548 kB
HardwareCorrupted:     0 kB
AnonHugePages:   3162112 kB
CmaTotal:              0 kB
CmaFree:               0 kB
HugePages_Total:       0
HugePages_Free:        0
HugePages_Rsvd:        0
HugePages_Surp:        0
Hugepagesize:       2048 kB
DirectMap4k:      246464 kB
DirectMap2M:     8077312 kB
DirectMap1G:     1048576 kB


CPU:total 4 (2 cores per cpu, 2 threads per core) family 6 model 69 stepping 1, cmov, cx8, fxsr, mmx, sse, sse2, sse3, ssse3, sse4.1, sse4.2, popcnt, avx, avx2, aes, clmul, erms, lzcnt, ht, tsc, tscinvbit, bmi1, bmi2

/proc/cpuinfo:
processor	: 0
vendor_id	: GenuineIntel
cpu family	: 6
model		: 69
model name	: Intel(R) Core(TM) i3-4005U CPU @ 1.70GHz
stepping	: 1
microcode	: 0x1c
cpu MHz		: 1692.562
cache size	: 3072 KB
physical id	: 0
siblings	: 4
core id		: 0
cpu cores	: 2
apicid		: 0
initial apicid	: 0
fpu		: yes
fpu_exception	: yes
cpuid level	: 13
wp		: yes
flags		: fpu vme de pse tsc msr pae mce cx8 apic sep mtrr pge mca cmov pat pse36 clflush dts acpi mmx fxsr sse sse2 ss ht tm pbe syscall nx pdpe1gb rdtscp lm constant_tsc arch_perfmon pebs bts rep_good nopl xtopology nonstop_tsc aperfmperf eagerfpu pni pclmulqdq dtes64 monitor ds_cpl vmx est tm2 ssse3 fma cx16 xtpr pdcm pcid sse4_1 sse4_2 movbe popcnt tsc_deadline_timer aes xsave avx f16c rdrand lahf_lm abm ida arat epb pln pts dtherm tpr_shadow vnmi flexpriority ept vpid fsgsbase tsc_adjust bmi1 avx2 smep bmi2 erms invpcid xsaveopt
bugs		:
bogomips	: 3392.03
clflush size	: 64
cache_alignment	: 64
address sizes	: 39 bits physical, 48 bits virtual
power management:

processor	: 1
vendor_id	: GenuineIntel
cpu family	: 6
model		: 69
model name	: Intel(R) Core(TM) i3-4005U CPU @ 1.70GHz
stepping	: 1
microcode	: 0x1c
cpu MHz		: 1699.335
cache size	: 3072 KB
physical id	: 0
siblings	: 4
core id		: 0
cpu cores	: 2
apicid		: 1
initial apicid	: 1
fpu		: yes
fpu_exception	: yes
cpuid level	: 13
wp		: yes
flags		: fpu vme de pse tsc msr pae mce cx8 apic sep mtrr pge mca cmov pat pse36 clflush dts acpi mmx fxsr sse sse2 ss ht tm pbe syscall nx pdpe1gb rdtscp lm constant_tsc arch_perfmon pebs bts rep_good nopl xtopology nonstop_tsc aperfmperf eagerfpu pni pclmulqdq dtes64 monitor ds_cpl vmx est tm2 ssse3 fma cx16 xtpr pdcm pcid sse4_1 sse4_2 movbe popcnt tsc_deadline_timer aes xsave avx f16c rdrand lahf_lm abm ida arat epb pln pts dtherm tpr_shadow vnmi flexpriority ept vpid fsgsbase tsc_adjust bmi1 avx2 smep bmi2 erms invpcid xsaveopt
bugs		:
bogomips	: 3392.03
clflush size	: 64
cache_alignment	: 64
address sizes	: 39 bits physical, 48 bits virtual
power management:

processor	: 2
vendor_id	: GenuineIntel
cpu family	: 6
model		: 69
model name	: Intel(R) Core(TM) i3-4005U CPU @ 1.70GHz
stepping	: 1
microcode	: 0x1c
cpu MHz		: 1697.144
cache size	: 3072 KB
physical id	: 0
siblings	: 4
core id		: 1
cpu cores	: 2
apicid		: 2
initial apicid	: 2
fpu		: yes
fpu_exception	: yes
cpuid level	: 13
wp		: yes
flags		: fpu vme de pse tsc msr pae mce cx8 apic sep mtrr pge mca cmov pat pse36 clflush dts acpi mmx fxsr sse sse2 ss ht tm pbe syscall nx pdpe1gb rdtscp lm constant_tsc arch_perfmon pebs bts rep_good nopl xtopology nonstop_tsc aperfmperf eagerfpu pni pclmulqdq dtes64 monitor ds_cpl vmx est tm2 ssse3 fma cx16 xtpr pdcm pcid sse4_1 sse4_2 movbe popcnt tsc_deadline_timer aes xsave avx f16c rdrand lahf_lm abm ida arat epb pln pts dtherm tpr_shadow vnmi flexpriority ept vpid fsgsbase tsc_adjust bmi1 avx2 smep bmi2 erms invpcid xsaveopt
bugs		:
bogomips	: 3392.03
clflush size	: 64
cache_alignment	: 64
address sizes	: 39 bits physical, 48 bits virtual
power management:

processor	: 3
vendor_id	: GenuineIntel
cpu family	: 6
model		: 69
model name	: Intel(R) Core(TM) i3-4005U CPU @ 1.70GHz
stepping	: 1
microcode	: 0x1c
cpu MHz		: 1699.933
cache size	: 3072 KB
physical id	: 0
siblings	: 4
core id		: 1
cpu cores	: 2
apicid		: 3
initial apicid	: 3
fpu		: yes
fpu_exception	: yes
cpuid level	: 13
wp		: yes
flags		: fpu vme de pse tsc msr pae mce cx8 apic sep mtrr pge mca cmov pat pse36 clflush dts acpi mmx fxsr sse sse2 ss ht tm pbe syscall nx pdpe1gb rdtscp lm constant_tsc arch_perfmon pebs bts rep_good nopl xtopology nonstop_tsc aperfmperf eagerfpu pni pclmulqdq dtes64 monitor ds_cpl vmx est tm2 ssse3 fma cx16 xtpr pdcm pcid sse4_1 sse4_2 movbe popcnt tsc_deadline_timer aes xsave avx f16c rdrand lahf_lm abm ida arat epb pln pts dtherm tpr_shadow vnmi flexpriority ept vpid fsgsbase tsc_adjust bmi1 avx2 smep bmi2 erms invpcid xsaveopt
bugs		:
bogomips	: 3392.03
clflush size	: 64
cache_alignment	: 64
address sizes	: 39 bits physical, 48 bits virtual
power management:



Memory: 4k page, physical 8110256k(150696k free), swap 0k(0k free)

vm_info: Java HotSpot(TM) 64-Bit Server VM (25.111-b14) for linux-amd64 JRE (1.8.0_111-b14), built on Sep 22 2016 16:14:03 by "java_re" with gcc 4.3.0 20080428 (Red Hat 4.3.0-8)

time: Thu Dec 29 21:46:14 2016
elapsed time: 75 seconds (0d 0h 1m 15s)

