#
# There is insufficient memory for the Java Runtime Environment to continue.
# Native memory allocation (mmap) failed to map 326107136 bytes for committing reserved memory.
# Possible reasons:
#   The system is out of physical RAM or swap space
#   In 32 bit mode, the process size limit was hit
# Possible solutions:
#   Reduce memory load on the system
#   Increase physical memory or swap space
#   Check if swap backing store is full
#   Use 64 bit Java on a 64 bit OS
#   Decrease Java heap size (-Xmx/-Xms)
#   Decrease number of Java threads
#   Decrease Java thread stack sizes (-Xss)
#   Set larger code cache with -XX:ReservedCodeCacheSize=
# This output file may be truncated or incomplete.
#
#  Out of Memory Error (os_linux.cpp:2627), pid=10515, tid=0x00007fb28f2b0700
#
# JRE version: Java(TM) SE Runtime Environment (8.0_101-b13) (build 1.8.0_101-b13)
# Java VM: Java HotSpot(TM) 64-Bit Server VM (25.101-b13 mixed mode linux-amd64 compressed oops)
# Failed to write core dump. Core dumps have been disabled. To enable core dumping, try "ulimit -c unlimited" before starting Java again
#

---------------  T H R E A D  ---------------

Current thread (0x00007fb2b4078000):  VMThread [stack: 0x00007fb28f1b0000,0x00007fb28f2b1000] [id=10523]

Stack: [0x00007fb28f1b0000,0x00007fb28f2b1000],  sp=0x00007fb28f2af020,  free space=1020k
Native frames: (J=compiled Java code, j=interpreted, Vv=VM code, C=native code)
V  [libjvm.so+0xac3f0a]  VMError::report_and_die()+0x2ba
V  [libjvm.so+0x4fbf9b]  report_vm_out_of_memory(char const*, int, unsigned long, VMErrorType, char const*)+0x8b
V  [libjvm.so+0x9222d3]  os::Linux::commit_memory_impl(char*, unsigned long, bool)+0x103
V  [libjvm.so+0x922829]  os::pd_commit_memory(char*, unsigned long, unsigned long, bool)+0x29
V  [libjvm.so+0x91cb2a]  os::commit_memory(char*, unsigned long, unsigned long, bool)+0x2a
V  [libjvm.so+0x991053]  PSVirtualSpace::expand_by(unsigned long)+0x53
V  [libjvm.so+0x981920]  PSOldGen::expand(unsigned long)+0x170
V  [libjvm.so+0x981b2b]  PSOldGen::resize(unsigned long)+0x1cb
V  [libjvm.so+0x989821]  PSParallelCompact::invoke_no_policy(bool)+0x991
V  [libjvm.so+0x98f17d]  PSScavenge::invoke()+0x1ad
V  [libjvm.so+0x945fc0]  ParallelScavengeHeap::failed_mem_allocate(unsigned long)+0x70
V  [libjvm.so+0xac5927]  VM_ParallelGCFailedAllocation::doit()+0x97
V  [libjvm.so+0xacd405]  VM_Operation::evaluate()+0x55
V  [libjvm.so+0xacb7da]  VMThread::evaluate_operation(VM_Operation*)+0xba
V  [libjvm.so+0xacbb5e]  VMThread::loop()+0x1ce
V  [libjvm.so+0xacbfd0]  VMThread::run()+0x70
V  [libjvm.so+0x924698]  java_start(Thread*)+0x108

VM_Operation (0x00007fb245ac0e80): ParallelGCFailedAllocation, mode: safepoint, requested by thread 0x00007fb22806a000


---------------  P R O C E S S  ---------------

Java Threads: ( => current thread )
  0x00007fb22806c000 JavaThread "pool-8-thread-4" [_thread_blocked, id=10589, stack(0x00007fb244c7c000,0x00007fb244d7d000)]
  0x00007fb22806b000 JavaThread "pool-8-thread-3" [_thread_blocked, id=10588, stack(0x00007fb2458c1000,0x00007fb2459c2000)]
  0x00007fb22806a000 JavaThread "pool-8-thread-2" [_thread_blocked, id=10587, stack(0x00007fb2459c2000,0x00007fb245ac3000)]
  0x00007fb228069000 JavaThread "pool-9-thread-1" [_thread_blocked, id=10586, stack(0x00007fb2457c0000,0x00007fb2458c1000)]
  0x00007fb228068800 JavaThread "pool-8-thread-1" [_thread_blocked, id=10585, stack(0x00007fb2456bf000,0x00007fb2457c0000)]
  0x00007fb254c9e000 JavaThread "pool-6-thread-1" [_thread_blocked, id=10584, stack(0x00007fb245ac3000,0x00007fb245bc4000)]
  0x00007fb255210800 JavaThread "pool-4-thread-3" [_thread_blocked, id=10551, stack(0x00007fb245bc4000,0x00007fb245cc5000)]
  0x00007fb25520c000 JavaThread "pool-4-thread-2" [_thread_blocked, id=10550, stack(0x00007fb245cc5000,0x00007fb245dc6000)]
  0x00007fb25520b000 JavaThread "pool-4-thread-1" [_thread_blocked, id=10549, stack(0x00007fb245dc6000,0x00007fb245ec7000)]
  0x00007fb254a5b000 JavaThread "File lock request listener" [_thread_in_native, id=10544, stack(0x00007fb28c073000,0x00007fb28c174000)]
  0x00007fb2546b3000 JavaThread "process reaper" daemon [_thread_blocked, id=10543, stack(0x00007fb28c174000,0x00007fb28c1ad000)]
  0x00007fb254006000 JavaThread "Asynchronous log dispatcher for org.gradle.launcher.daemon.server.DefaultDaemonConnection@1b93595b" [_thread_blocked, id=10540, stack(0x00007fb28c528000,0x00007fb28c629000)]
  0x00007fb258007000 JavaThread "Daemon worker" [_thread_blocked, id=10537, stack(0x00007fb28c629000,0x00007fb28c72a000)]
  0x00007fb25800a800 JavaThread "Cancel handler" [_thread_blocked, id=10536, stack(0x00007fb28c72a000,0x00007fb28c82b000)]
  0x00007fb258003800 JavaThread "Handler for socket connection from /127.0.0.1:42689 to /127.0.0.1:35170" [_thread_in_native, id=10535, stack(0x00007fb28c82b000,0x00007fb28c92c000)]
  0x00007fb26403e000 JavaThread "Daemon" [_thread_blocked, id=10534, stack(0x00007fb28c92c000,0x00007fb28ca2d000)]
  0x00007fb2b4b7b000 JavaThread "Incoming local TCP Connector on port 42689" [_thread_in_native, id=10533, stack(0x00007fb28cc34000,0x00007fb28cd35000)]
  0x00007fb2b4b28000 JavaThread "pool-1-thread-1" [_thread_blocked, id=10532, stack(0x00007fb28cd35000,0x00007fb28ce36000)]
  0x00007fb2b40c9000 JavaThread "Service Thread" daemon [_thread_blocked, id=10530, stack(0x00007fb28e3c7000,0x00007fb28e4c8000)]
  0x00007fb2b40bd800 JavaThread "C1 CompilerThread2" daemon [_thread_blocked, id=10529, stack(0x00007fb28e4c8000,0x00007fb28e5c9000)]
  0x00007fb2b40bb800 JavaThread "C2 CompilerThread1" daemon [_thread_blocked, id=10528, stack(0x00007fb28e5c9000,0x00007fb28e6ca000)]
  0x00007fb2b40b9000 JavaThread "C2 CompilerThread0" daemon [_thread_blocked, id=10527, stack(0x00007fb28e6ca000,0x00007fb28e7cb000)]
  0x00007fb2b40b7800 JavaThread "Signal Dispatcher" daemon [_thread_blocked, id=10526, stack(0x00007fb28e7cb000,0x00007fb28e8cc000)]
  0x00007fb2b4084800 JavaThread "Finalizer" daemon [_thread_blocked, id=10525, stack(0x00007fb28efae000,0x00007fb28f0af000)]
  0x00007fb2b407f800 JavaThread "Reference Handler" daemon [_thread_blocked, id=10524, stack(0x00007fb28f0af000,0x00007fb28f1b0000)]
  0x00007fb2b400a000 JavaThread "main" [_thread_blocked, id=10518, stack(0x00007fb2bab6c000,0x00007fb2bac6d000)]

Other Threads:
=>0x00007fb2b4078000 VMThread [stack: 0x00007fb28f1b0000,0x00007fb28f2b1000] [id=10523]
  0x00007fb2b40cb800 WatcherThread [stack: 0x00007fb28e2c6000,0x00007fb28e3c7000] [id=10531]

VM state:at safepoint (normal execution)

VM Mutex/Monitor currently owned by a thread:  ([mutex/lock_event])
[0x00007fb2b4005bb0] ExpandHeap_lock - owner thread: 0x00007fb2b4078000
[0x00007fb2b4006230] Threads_lock - owner thread: 0x00007fb2b4078000
[0x00007fb2b4006730] Heap_lock - owner thread: 0x00007fb22806a000

Heap:
 PSYoungGen      total 413696K, used 91257K [0x00000000e0000000, 0x0000000100000000, 0x0000000100000000)
  eden space 310272K, 0% used [0x00000000e0000000,0x00000000e0000000,0x00000000f2f00000)
  from space 103424K, 88% used [0x00000000f2f00000,0x00000000f881e4c0,0x00000000f9400000)
  to   space 110592K, 0% used [0x00000000f9400000,0x00000000f9400000,0x0000000100000000)
 ParOldGen       total 664576K, used 664478K [0x00000000a0000000, 0x00000000c8900000, 0x00000000e0000000)
  object space 664576K, 99% used [0x00000000a0000000,0x00000000c88e7b58,0x00000000c8900000)
 Metaspace       used 61897K, capacity 63412K, committed 63616K, reserved 1103872K
  class space    used 8133K, capacity 8480K, committed 8576K, reserved 1048576K

Card table byte_map: [0x00007fb2a4518000,0x00007fb2a4819000] byte_map_base: 0x00007fb2a4018000

Marking Bits: (ParMarkBitMap*) 0x00007fb2ba040120
 Begin Bits: [0x00007fb295000000, 0x00007fb296800000)
 End Bits:   [0x00007fb296800000, 0x00007fb298000000)

Polling page: 0x00007fb2bac8f000

CodeCache: size=245760Kb used=37614Kb max_used=37653Kb free=208145Kb
 bounds [0x00007fb2a4bd9000, 0x00007fb2a7139000, 0x00007fb2b3bd9000]
 total_blobs=11297 nmethods=10557 adapters=651
 compilation: enabled

Compilation events (10 events):
Event: 87.945 Thread 0x00007fb2b40bb800 nmethod 12046 0x00007fb2a60db950 code [0x00007fb2a60dbaa0, 0x00007fb2a60dbb38]
Event: 87.945 Thread 0x00007fb2b40bb800 12044   !   4       com.android.dx.cf.code.BaseMachine::result (36 bytes)
Event: 87.946 Thread 0x00007fb2b40bb800 nmethod 12044 0x00007fb2a6c154d0 code [0x00007fb2a6c15620, 0x00007fb2a6c156d8]
Event: 87.946 Thread 0x00007fb2b40bb800 12105       4       com.android.dx.cf.code.Ropper::addOrReplaceBlock (66 bytes)
Event: 88.025 Thread 0x00007fb2b40bb800 nmethod 12105 0x00007fb2a6877810 code [0x00007fb2a68779c0, 0x00007fb2a6878338]
Event: 88.025 Thread 0x00007fb2b40bb800 12113       4       com.android.dx.rop.cst.CstLiteral32::equals (35 bytes)
Event: 88.027 Thread 0x00007fb2b40bb800 nmethod 12113 0x00007fb2a6cbd9d0 code [0x00007fb2a6cbdb20, 0x00007fb2a6cbdbf8]
Event: 88.027 Thread 0x00007fb2b40bb800 12050       4       java.util.BitSet::set (124 bytes)
Event: 88.050 Thread 0x00007fb2b40bb800 nmethod 12050 0x00007fb2a6610fd0 code [0x00007fb2a6611140, 0x00007fb2a6611558]
Event: 88.050 Thread 0x00007fb2b40bb800 12144 %     4       com.android.dx.ssa.SsaMethod::forEachBlockDepthFirst @ 62 (194 bytes)

GC Heap History (10 events):
Event: 80.741 GC heap after
Heap after GC invocations=37 (full 6):
 PSYoungGen      total 401408K, used 51896K [0x00000000e0000000, 0x0000000100000000, 0x0000000100000000)
  eden space 349184K, 0% used [0x00000000e0000000,0x00000000e0000000,0x00000000f5500000)
  from space 52224K, 99% used [0x00000000f5500000,0x00000000f87ae328,0x00000000f8800000)
  to   space 88576K, 0% used [0x00000000fa980000,0x00000000fa980000,0x0000000100000000)
 ParOldGen       total 640000K, used 395425K [0x00000000a0000000, 0x00000000c7100000, 0x00000000e0000000)
  object space 640000K, 61% used [0x00000000a0000000,0x00000000b8228438,0x00000000c7100000)
 Metaspace       used 61886K, capacity 63412K, committed 63616K, reserved 1103872K
  class space    used 8132K, capacity 8480K, committed 8576K, reserved 1048576K
}
Event: 82.006 GC heap before
{Heap before GC invocations=38 (full 6):
 PSYoungGen      total 401408K, used 401080K [0x00000000e0000000, 0x0000000100000000, 0x0000000100000000)
  eden space 349184K, 100% used [0x00000000e0000000,0x00000000f5500000,0x00000000f5500000)
  from space 52224K, 99% used [0x00000000f5500000,0x00000000f87ae328,0x00000000f8800000)
  to   space 88576K, 0% used [0x00000000fa980000,0x00000000fa980000,0x0000000100000000)
 ParOldGen       total 640000K, used 395425K [0x00000000a0000000, 0x00000000c7100000, 0x00000000e0000000)
  object space 640000K, 61% used [0x00000000a0000000,0x00000000b8228438,0x00000000c7100000)
 Metaspace       used 61897K, capacity 63412K, committed 63616K, reserved 1103872K
  class space    used 8133K, capacity 8480K, committed 8576K, reserved 1048576K
Event: 82.273 GC heap after
Heap after GC invocations=38 (full 6):
 PSYoungGen      total 393728K, used 88555K [0x00000000e0000000, 0x0000000100000000, 0x0000000100000000)
  eden space 305152K, 0% used [0x00000000e0000000,0x00000000e0000000,0x00000000f2a00000)
  from space 88576K, 99% used [0x00000000fa980000,0x00000000ffffaec8,0x0000000100000000)
  to   space 109568K, 0% used [0x00000000f2a00000,0x00000000f2a00000,0x00000000f9500000)
 ParOldGen       total 640000K, used 414220K [0x00000000a0000000, 0x00000000c7100000, 0x00000000e0000000)
  object space 640000K, 64% used [0x00000000a0000000,0x00000000b94830d0,0x00000000c7100000)
 Metaspace       used 61897K, capacity 63412K, committed 63616K, reserved 1103872K
  class space    used 8133K, capacity 8480K, committed 8576K, reserved 1048576K
}
Event: 83.414 GC heap before
{Heap before GC invocations=39 (full 6):
 PSYoungGen      total 393728K, used 393707K [0x00000000e0000000, 0x0000000100000000, 0x0000000100000000)
  eden space 305152K, 100% used [0x00000000e0000000,0x00000000f2a00000,0x00000000f2a00000)
  from space 88576K, 99% used [0x00000000fa980000,0x00000000ffffaec8,0x0000000100000000)
  to   space 109568K, 0% used [0x00000000f2a00000,0x00000000f2a00000,0x00000000f9500000)
 ParOldGen       total 640000K, used 414220K [0x00000000a0000000, 0x00000000c7100000, 0x00000000e0000000)
  object space 640000K, 64% used [0x00000000a0000000,0x00000000b94830d0,0x00000000c7100000)
 Metaspace       used 61897K, capacity 63412K, committed 63616K, reserved 1103872K
  class space    used 8133K, capacity 8480K, committed 8576K, reserved 1048576K
Event: 83.725 GC heap after
Heap after GC invocations=39 (full 6):
 PSYoungGen      total 414720K, used 46711K [0x00000000e0000000, 0x0000000100000000, 0x0000000100000000)
  eden space 305152K, 0% used [0x00000000e0000000,0x00000000e0000000,0x00000000f2a00000)
  from space 109568K, 42% used [0x00000000f2a00000,0x00000000f579dc68,0x00000000f9500000)
  to   space 104448K, 0% used [0x00000000f9a00000,0x00000000f9a00000,0x0000000100000000)
 ParOldGen       total 640000K, used 495396K [0x00000000a0000000, 0x00000000c7100000, 0x00000000e0000000)
  object space 640000K, 77% used [0x00000000a0000000,0x00000000be3c9280,0x00000000c7100000)
 Metaspace       used 61897K, capacity 63412K, committed 63616K, reserved 1103872K
  class space    used 8133K, capacity 8480K, committed 8576K, reserved 1048576K
}
Event: 85.424 GC heap before
{Heap before GC invocations=40 (full 6):
 PSYoungGen      total 414720K, used 351863K [0x00000000e0000000, 0x0000000100000000, 0x0000000100000000)
  eden space 305152K, 100% used [0x00000000e0000000,0x00000000f2a00000,0x00000000f2a00000)
  from space 109568K, 42% used [0x00000000f2a00000,0x00000000f579dc68,0x00000000f9500000)
  to   space 104448K, 0% used [0x00000000f9a00000,0x00000000f9a00000,0x0000000100000000)
 ParOldGen       total 640000K, used 495396K [0x00000000a0000000, 0x00000000c7100000, 0x00000000e0000000)
  object space 640000K, 77% used [0x00000000a0000000,0x00000000be3c9280,0x00000000c7100000)
 Metaspace       used 61897K, capacity 63412K, committed 63616K, reserved 1103872K
  class space    used 8133K, capacity 8480K, committed 8576K, reserved 1048576K
Event: 85.667 GC heap after
Heap after GC invocations=40 (full 6):
 PSYoungGen      total 407552K, used 57688K [0x00000000e0000000, 0x00000000ff900000, 0x0000000100000000)
  eden space 310272K, 0% used [0x00000000e0000000,0x00000000e0000000,0x00000000f2f00000)
  from space 97280K, 59% used [0x00000000f9a00000,0x00000000fd2563e8,0x00000000ff900000)
  to   space 103424K, 0% used [0x00000000f2f00000,0x00000000f2f00000,0x00000000f9400000)
 ParOldGen       total 640000K, used 539069K [0x00000000a0000000, 0x00000000c7100000, 0x00000000e0000000)
  object space 640000K, 84% used [0x00000000a0000000,0x00000000c0e6f718,0x00000000c7100000)
 Metaspace       used 61897K, capacity 63412K, committed 63616K, reserved 1103872K
  class space    used 8133K, capacity 8480K, committed 8576K, reserved 1048576K
}
Event: 88.142 GC heap before
{Heap before GC invocations=41 (full 6):
 PSYoungGen      total 407552K, used 367960K [0x00000000e0000000, 0x00000000ff900000, 0x0000000100000000)
  eden space 310272K, 100% used [0x00000000e0000000,0x00000000f2f00000,0x00000000f2f00000)
  from space 97280K, 59% used [0x00000000f9a00000,0x00000000fd2563e8,0x00000000ff900000)
  to   space 103424K, 0% used [0x00000000f2f00000,0x00000000f2f00000,0x00000000f9400000)
 ParOldGen       total 640000K, used 539069K [0x00000000a0000000, 0x00000000c7100000, 0x00000000e0000000)
  object space 640000K, 84% used [0x00000000a0000000,0x00000000c0e6f718,0x00000000c7100000)
 Metaspace       used 61897K, capacity 63412K, committed 63616K, reserved 1103872K
  class space    used 8133K, capacity 8480K, committed 8576K, reserved 1048576K
Event: 88.409 GC heap after
Heap after GC invocations=41 (full 6):
 PSYoungGen      total 413696K, used 103409K [0x00000000e0000000, 0x0000000100000000, 0x0000000100000000)
  eden space 310272K, 0% used [0x00000000e0000000,0x00000000e0000000,0x00000000f2f00000)
  from space 103424K, 99% used [0x00000000f2f00000,0x00000000f93fc568,0x00000000f9400000)
  to   space 110592K, 0% used [0x00000000f9400000,0x00000000f9400000,0x0000000100000000)
 ParOldGen       total 664576K, used 663346K [0x00000000a0000000, 0x00000000c8900000, 0x00000000e0000000)
  object space 664576K, 99% used [0x00000000a0000000,0x00000000c87ccb20,0x00000000c8900000)
 Metaspace       used 61897K, capacity 63412K, committed 63616K, reserved 1103872K
  class space    used 8133K, capacity 8480K, committed 8576K, reserved 1048576K
}
Event: 88.409 GC heap before
{Heap before GC invocations=42 (full 7):
 PSYoungGen      total 413696K, used 103409K [0x00000000e0000000, 0x0000000100000000, 0x0000000100000000)
  eden space 310272K, 0% used [0x00000000e0000000,0x00000000e0000000,0x00000000f2f00000)
  from space 103424K, 99% used [0x00000000f2f00000,0x00000000f93fc568,0x00000000f9400000)
  to   space 110592K, 0% used [0x00000000f9400000,0x00000000f9400000,0x0000000100000000)
 ParOldGen       total 664576K, used 663346K [0x00000000a0000000, 0x00000000c8900000, 0x00000000e0000000)
  object space 664576K, 99% used [0x00000000a0000000,0x00000000c87ccb20,0x00000000c8900000)
 Metaspace       used 61897K, capacity 63412K, committed 63616K, reserved 1103872K
  class space    used 8133K, capacity 8480K, committed 8576K, reserved 1048576K

Deoptimization events (10 events):
Event: 81.956 Thread 0x00007fb228068800 Uncommon trap: reason=class_check action=maybe_recompile pc=0x00007fb2a70f30bc method=com.android.dx.ssa.SsaConverter.placePhiFunctions(Lcom/android/dx/ssa/SsaMethod;Lcom/android/dx/ssa/LocalVariableInfo;I)V @ 257
Event: 81.959 Thread 0x00007fb228068800 Uncommon trap: reason=class_check action=maybe_recompile pc=0x00007fb2a6ff8b44 method=com.android.dx.ssa.SsaConverter.placePhiFunctions(Lcom/android/dx/ssa/SsaMethod;Lcom/android/dx/ssa/LocalVariableInfo;I)V @ 257
Event: 81.960 Thread 0x00007fb228068800 Uncommon trap: reason=class_check action=maybe_recompile pc=0x00007fb2a6ff8b44 method=com.android.dx.ssa.SsaConverter.placePhiFunctions(Lcom/android/dx/ssa/SsaMethod;Lcom/android/dx/ssa/LocalVariableInfo;I)V @ 257
Event: 81.960 Thread 0x00007fb228068800 Uncommon trap: reason=class_check action=maybe_recompile pc=0x00007fb2a6ff8b44 method=com.android.dx.ssa.SsaConverter.placePhiFunctions(Lcom/android/dx/ssa/SsaMethod;Lcom/android/dx/ssa/LocalVariableInfo;I)V @ 257
Event: 81.961 Thread 0x00007fb228068800 Uncommon trap: reason=class_check action=maybe_recompile pc=0x00007fb2a702aa88 method=com.android.dx.ssa.SsaConverter.placePhiFunctions(Lcom/android/dx/ssa/SsaMethod;Lcom/android/dx/ssa/LocalVariableInfo;I)V @ 266
Event: 81.961 Thread 0x00007fb228068800 Uncommon trap: reason=class_check action=maybe_recompile pc=0x00007fb2a702aa88 method=com.android.dx.ssa.SsaConverter.placePhiFunctions(Lcom/android/dx/ssa/SsaMethod;Lcom/android/dx/ssa/LocalVariableInfo;I)V @ 266
Event: 82.940 Thread 0x00007fb22806b000 Uncommon trap: reason=class_check action=maybe_recompile pc=0x00007fb2a6e59890 method=com.android.dx.ssa.SCCP.simulateBranch(Lcom/android/dx/ssa/SsaInsn;)V @ 339
Event: 82.963 Thread 0x00007fb22806b000 Uncommon trap: reason=class_check action=maybe_recompile pc=0x00007fb2a6e59890 method=com.android.dx.ssa.SCCP.simulateBranch(Lcom/android/dx/ssa/SsaInsn;)V @ 339
Event: 84.541 Thread 0x00007fb22806b000 Uncommon trap: reason=unstable_if action=reinterpret pc=0x00007fb2a6a4401c method=com.android.dx.ssa.SCCP.replaceBranches()V @ 14
Event: 84.558 Thread 0x00007fb22806b000 Uncommon trap: reason=unstable_if action=reinterpret pc=0x00007fb2a5d06af8 method=com.android.dx.cf.code.Merger.isPossiblyAssignableFrom(Lcom/android/dx/rop/type/TypeBearer;Lcom/android/dx/rop/type/TypeBearer;)Z @ 131

Internal exceptions (10 events):
Event: 31.509 Thread 0x00007fb258007000 Exception <a 'java/lang/ClassNotFoundException': org/gradle/platform/base/BinaryContainer_ImplCustomizer> (0x00000000e460dcb8) thrown at [/HUDSON3/workspace/8-2-build-linux-amd64/jdk8u101/7261/hotspot/src/share/vm/classfile/systemDictionary.cpp, line 210]
Event: 31.729 Thread 0x00007fb258007000 Exception <a 'java/lang/NoSuchMethodError': <clinit>> (0x00000000e4c32e50) thrown at [/HUDSON3/workspace/8-2-build-linux-amd64/jdk8u101/7261/hotspot/src/share/vm/prims/jni.cpp, line 1613]
Event: 31.731 Thread 0x00007fb258007000 Exception <a 'java/lang/NoSuchMethodError': <clinit>> (0x00000000e4c3fe38) thrown at [/HUDSON3/workspace/8-2-build-linux-amd64/jdk8u101/7261/hotspot/src/share/vm/prims/jni.cpp, line 1613]
Event: 31.765 Thread 0x00007fb258007000 Exception <a 'java/lang/NoSuchMethodError': <clinit>> (0x00000000e4e14b20) thrown at [/HUDSON3/workspace/8-2-build-linux-amd64/jdk8u101/7261/hotspot/src/share/vm/prims/jni.cpp, line 1613]
Event: 31.767 Thread 0x00007fb258007000 Exception <a 'java/lang/NoSuchMethodError': <clinit>> (0x00000000e4e2d330) thrown at [/HUDSON3/workspace/8-2-build-linux-amd64/jdk8u101/7261/hotspot/src/share/vm/prims/jni.cpp, line 1613]
Event: 31.767 Thread 0x00007fb258007000 Exception <a 'java/lang/NoSuchMethodError': <clinit>> (0x00000000e4e2e848) thrown at [/HUDSON3/workspace/8-2-build-linux-amd64/jdk8u101/7261/hotspot/src/share/vm/prims/jni.cpp, line 1613]
Event: 43.257 Thread 0x00007fb258007000 Implicit null exception at 0x00007fb2a5d51685 to 0x00007fb2a5d51d65
Event: 50.873 Thread 0x00007fb258007000 Exception <a 'java/lang/NoSuchMethodError': <clinit>> (0x00000000e4eb0860) thrown at [/HUDSON3/workspace/8-2-build-linux-amd64/jdk8u101/7261/hotspot/src/share/vm/prims/jni.cpp, line 1613]
Event: 57.117 Thread 0x00007fb258007000 Implicit null exception at 0x00007fb2a69b618f to 0x00007fb2a69b6965
Event: 62.278 Thread 0x00007fb22806b000 Implicit null exception at 0x00007fb2a53d46e5 to 0x00007fb2a53d52c1

Events (10 events):
Event: 88.071 Thread 0x00007fb22806c000 DEOPT UNPACKING pc=0x00007fb2a4c20633 sp=0x00007fb244d7aca0 mode 0
Event: 88.077 Thread 0x00007fb254c9e000 DEOPT PACKING pc=0x00007fb2a679aa87 sp=0x00007fb245bc1260
Event: 88.077 Thread 0x00007fb254c9e000 DEOPT UNPACKING pc=0x00007fb2a4c20633 sp=0x00007fb245bc0fc8 mode 0
Event: 88.101 Thread 0x00007fb254c9e000 DEOPT PACKING pc=0x00007fb2a679aa87 sp=0x00007fb245bc1260
Event: 88.101 Thread 0x00007fb254c9e000 DEOPT UNPACKING pc=0x00007fb2a4c20633 sp=0x00007fb245bc0fc8 mode 0
Event: 88.111 Thread 0x00007fb228068800 DEOPT PACKING pc=0x00007fb2a6b3710a sp=0x00007fb2457bdc40
Event: 88.111 Thread 0x00007fb228068800 DEOPT UNPACKING pc=0x00007fb2a4c20633 sp=0x00007fb2457bdaa0 mode 0
Event: 88.112 Thread 0x00007fb254c9e000 DEOPT PACKING pc=0x00007fb2a674474a sp=0x00007fb245bc1250
Event: 88.112 Thread 0x00007fb254c9e000 DEOPT UNPACKING pc=0x00007fb2a4c20633 sp=0x00007fb245bc1050 mode 0
Event: 88.140 Executing VM operation: ParallelGCFailedAllocation


Dynamic libraries:
00400000-00401000 r-xp 00000000 08:02 239483                             /usr/lib/jvm/java-8-oracle/bin/java
00600000-00601000 rw-p 00000000 08:02 239483                             /usr/lib/jvm/java-8-oracle/bin/java
007d9000-00822000 rw-p 00000000 00:00 0                                  [heap]
a0000000-c8900000 rw-p 00000000 00:00 0 
dc000000-e0000000 ---p 00000000 00:00 0 
e0000000-100000000 rw-p 00000000 00:00 0 
100000000-100860000 rw-p 00000000 00:00 0 
100860000-140000000 ---p 00000000 00:00 0 
7fb220000000-7fb22002a000 rw-p 00000000 00:00 0 
7fb22002a000-7fb224000000 ---p 00000000 00:00 0 
7fb224000000-7fb224034000 rw-p 00000000 00:00 0 
7fb224034000-7fb228000000 ---p 00000000 00:00 0 
7fb228000000-7fb2281ed000 rw-p 00000000 00:00 0 
7fb2281ed000-7fb22c000000 ---p 00000000 00:00 0 
7fb22c000000-7fb22c035000 rw-p 00000000 00:00 0 
7fb22c035000-7fb230000000 ---p 00000000 00:00 0 
7fb230000000-7fb230021000 rw-p 00000000 00:00 0 
7fb230021000-7fb234000000 ---p 00000000 00:00 0 
7fb234000000-7fb234021000 rw-p 00000000 00:00 0 
7fb234021000-7fb238000000 ---p 00000000 00:00 0 
7fb238000000-7fb238021000 rw-p 00000000 00:00 0 
7fb238021000-7fb23c000000 ---p 00000000 00:00 0 
7fb23c000000-7fb23c021000 rw-p 00000000 00:00 0 
7fb23c021000-7fb240000000 ---p 00000000 00:00 0 
7fb240000000-7fb240021000 rw-p 00000000 00:00 0 
7fb240021000-7fb244000000 ---p 00000000 00:00 0 
7fb244a7c000-7fb244c3c000 rw-p 00000000 00:00 0 
7fb244c3c000-7fb244c7c000 ---p 00000000 00:00 0 
7fb244c7c000-7fb244c7f000 ---p 00000000 00:00 0 
7fb244c7f000-7fb244f7d000 rw-p 00000000 00:00 0 
7fb244f7d000-7fb24517d000 rw-p 00000000 00:00 0 
7fb2451c7000-7fb2451c8000 rw-p 00000000 00:00 0 
7fb2451c8000-7fb2452bf000 r--s 009bf000 08:02 4727546                    /home/ankit/Desktop/Evento/app/build/intermediates/transforms/jarMerging/debug/jars/1/1f/combined.jar
7fb2452bf000-7fb2454bf000 rw-p 00000000 00:00 0 
7fb2454bf000-7fb2456bf000 rw-p 00000000 00:00 0 
7fb2456bf000-7fb2456c2000 ---p 00000000 00:00 0 
7fb2456c2000-7fb2457c0000 rw-p 00000000 00:00 0 
7fb2457c0000-7fb2457c3000 ---p 00000000 00:00 0 
7fb2457c3000-7fb2458c1000 rw-p 00000000 00:00 0 
7fb2458c1000-7fb2458c4000 ---p 00000000 00:00 0 
7fb2458c4000-7fb2459c2000 rw-p 00000000 00:00 0 
7fb2459c2000-7fb2459c5000 ---p 00000000 00:00 0 
7fb2459c5000-7fb245ac3000 rw-p 00000000 00:00 0 
7fb245ac3000-7fb245ac6000 ---p 00000000 00:00 0 
7fb245ac6000-7fb245bc4000 rw-p 00000000 00:00 0 
7fb245bc4000-7fb245bc7000 ---p 00000000 00:00 0 
7fb245bc7000-7fb245cc5000 rw-p 00000000 00:00 0 
7fb245cc5000-7fb245cc8000 ---p 00000000 00:00 0 
7fb245cc8000-7fb245dc6000 rw-p 00000000 00:00 0 
7fb245dc6000-7fb245dc9000 ---p 00000000 00:00 0 
7fb245dc9000-7fb2460c7000 rw-p 00000000 00:00 0 
7fb2460c7000-7fb2462c7000 rw-p 00000000 00:00 0 
7fb2462c7000-7fb2464c7000 rw-p 00000000 00:00 0 
7fb2464c7000-7fb2466c7000 rw-p 00000000 00:00 0 
7fb2466c7000-7fb2468c7000 rw-p 00000000 00:00 0 
7fb2468c7000-7fb2468da000 r--s 00345000 08:02 239586                     /usr/lib/jvm/java-8-oracle/jre/lib/resources.jar
7fb2468da000-7fb246ada000 rw-p 00000000 00:00 0 
7fb246ada000-7fb246cda000 rw-p 00000000 00:00 0 
7fb246cda000-7fb246eda000 rw-p 00000000 00:00 0 
7fb246eda000-7fb2470da000 rw-p 00000000 00:00 0 
7fb2470da000-7fb2472da000 rw-p 00000000 00:00 0 
7fb2472da000-7fb247305000 r--s 001fc000 08:02 3802331                    /home/ankit/Downloads/android-studio/gradle/m2repository/com/google/guava/guava/18.0/guava-18.0.jar
7fb247305000-7fb247306000 r--s 00001000 08:02 3877617                    /home/ankit/Downloads/android-studio/gradle/m2repository/com/android/tools/annotations/25.2.0/annotations-25.2.0.jar
7fb247306000-7fb247318000 r--s 000b3000 08:02 3989804                    /home/ankit/Downloads/android-studio/gradle/m2repository/com/android/tools/external/com-intellij/uast/145.597.3/uast-145.597.3.jar
7fb247318000-7fb247320000 r--s 000a8000 08:02 3753715                    /home/ankit/Downloads/android-studio/gradle/m2repository/com/android/tools/external/lombok/lombok-ast/0.2.3/lombok-ast-0.2.3.jar
7fb247320000-7fb247325000 r--s 00028000 08:02 3753367                    /home/ankit/Downloads/android-studio/gradle/m2repository/org/apache/httpcomponents/httpcore/4.1/httpcore-4.1.jar
7fb247325000-7fb247525000 rw-p 00000000 00:00 0 
7fb247525000-7fb247527000 r--s 0000d000 08:02 3760231                    /home/ankit/Downloads/android-studio/gradle/m2repository/commons-codec/commons-codec/1.4/commons-codec-1.4.jar
7fb247527000-7fb247529000 r--s 0000d000 08:02 3540543                    /home/ankit/Downloads/android-studio/gradle/m2repository/commons-logging/commons-logging/1.1.1/commons-logging-1.1.1.jar
7fb247529000-7fb24752d000 r--s 0002f000 08:02 3845228                    /home/ankit/Downloads/android-studio/gradle/m2repository/com/google/jimfs/jimfs/1.1/jimfs-1.1.jar
7fb24752d000-7fb24752e000 r--s 00004000 08:02 3753443                    /home/ankit/Downloads/android-studio/gradle/m2repository/com/intellij/annotations/12.0/annotations-12.0.jar
7fb24752e000-7fb24752f000 r--s 00004000 08:02 3713300                    /home/ankit/Downloads/android-studio/gradle/m2repository/org/ow2/asm/asm-analysis/5.0.4/asm-analysis-5.0.4.jar
7fb24752f000-7fb247533000 r--s 0003b000 08:02 4017281                    /home/ankit/Downloads/android-studio/gradle/m2repository/com/android/tools/lint/lint-api/25.2.0/lint-api-25.2.0.jar
7fb247533000-7fb247534000 r--s 0000a000 08:02 3760193                    /home/ankit/Downloads/android-studio/gradle/m2repository/net/sf/kxml/kxml2/2.3.0/kxml2-2.3.0.jar
7fb247534000-7fb247536000 r--s 00005000 08:02 3753358                    /home/ankit/Downloads/android-studio/gradle/m2repository/org/apache/httpcomponents/httpmime/4.1/httpmime-4.1.jar
7fb247536000-7fb24753e000 r--s 0004e000 08:02 3753378                    /home/ankit/Downloads/android-studio/gradle/m2repository/org/apache/httpcomponents/httpclient/4.1.1/httpclient-4.1.1.jar
7fb24753e000-7fb247545000 r--s 00053000 08:02 3753390                    /home/ankit/Downloads/android-studio/gradle/m2repository/org/apache/commons/commons-compress/1.8.1/commons-compress-1.8.1.jar
7fb247545000-7fb24754a000 r--s 0002a000 08:02 3753476                    /home/ankit/Downloads/android-studio/gradle/m2repository/com/google/code/gson/gson/2.2.4/gson-2.2.4.jar
7fb24754a000-7fb24754f000 r--s 0002d000 08:02 4000509                    /home/ankit/Downloads/android-studio/gradle/m2repository/com/android/tools/repository/25.2.0/repository-25.2.0.jar
7fb24754f000-7fb247550000 r--s 00005000 08:02 3941528                    /home/ankit/Downloads/android-studio/gradle/m2repository/com/android/tools/dvlib/25.2.0/dvlib-25.2.0.jar
7fb247550000-7fb247553000 r--s 00014000 08:02 3835823                    /home/ankit/Downloads/android-studio/gradle/m2repository/com/android/tools/layoutlib/layoutlib-api/25.2.0/layoutlib-api-25.2.0.jar
7fb247553000-7fb247558000 r--s 00058000 08:02 3631976                    /home/ankit/Downloads/android-studio/gradle/m2repository/org/ow2/asm/asm-debug-all/5.0.1/asm-debug-all-5.0.1.jar
7fb247558000-7fb247568000 r--s 000d6000 08:02 3760205                    /home/ankit/Downloads/android-studio/gradle/m2repository/net/sf/proguard/proguard-base/5.2.1/proguard-base-5.2.1.jar
7fb247568000-7fb24756b000 r--s 00033000 08:02 3753450                    /home/ankit/Downloads/android-studio/gradle/m2repository/com/googlecode/juniversalchardet/juniversalchardet/1.0.3/juniversalchardet-1.0.3.jar
7fb24756b000-7fb24756f000 r--s 0002a000 08:02 3506651                    /home/ankit/Downloads/android-studio/gradle/m2repository/commons-io/commons-io/2.4/commons-io-2.4.jar
7fb24756f000-7fb247586000 r--s 00154000 08:02 3787896                    /home/ankit/Downloads/android-studio/gradle/m2repository/org/antlr/antlr4/4.5.3/antlr4-4.5.3.jar
7fb247586000-7fb247587000 r--s 00002000 08:02 3845251                    /home/ankit/Downloads/android-studio/gradle/m2repository/com/android/databinding/baseLibrary/2.2.0/baseLibrary-2.2.0.jar
7fb247587000-7fb24759a000 r--s 00236000 08:02 3779712                    /home/ankit/Downloads/android-studio/gradle/m2repository/org/eclipse/jdt/core/compiler/ecj/4.5.1/ecj-4.5.1.jar
7fb24759a000-7fb2475a1000 r--s 000c3000 08:02 3927174                    /home/ankit/Downloads/android-studio/gradle/m2repository/com/android/tools/lint/lint-checks/25.2.0/lint-checks-25.2.0.jar
7fb2475a1000-7fb2475a3000 r--s 00006000 08:02 3754422                    /home/ankit/Downloads/android-studio/gradle/m2repository/org/ow2/asm/asm-tree/5.0.4/asm-tree-5.0.4.jar
7fb2475a3000-7fb2475d6000 r--s 00203000 08:02 3753331                    /home/ankit/Downloads/android-studio/gradle/m2repository/org/bouncycastle/bcprov-jdk15on/1.48/bcprov-jdk15on-1.48.jar
7fb2475d6000-7fb2475e4000 r--s 00081000 08:02 3753336                    /home/ankit/Downloads/android-studio/gradle/m2repository/org/bouncycastle/bcpkix-jdk15on/1.48/bcpkix-jdk15on-1.48.jar
7fb2475e4000-7fb2475e6000 r--s 00002000 08:02 3753458                    /home/ankit/Downloads/android-studio/gradle/m2repository/com/squareup/javawriter/2.5.0/javawriter-2.5.0.jar
7fb2475e6000-7fb2475e7000 r--s 00002000 08:02 4009078                    /home/ankit/Downloads/android-studio/gradle/m2repository/com/android/tools/analytics-library/tracker/25.2.0/tracker-25.2.0.jar
7fb2475e7000-7fb2475e9000 r--s 00003000 08:02 4009086                    /home/ankit/Downloads/android-studio/gradle/m2repository/com/android/tools/analytics-library/shared/25.2.0/shared-25.2.0.jar
7fb2475e9000-7fb2475f6000 r--s 000ed000 08:02 4009082                    /home/ankit/Downloads/android-studio/gradle/m2repository/com/android/tools/analytics-library/protos/25.2.0/protos-25.2.0.jar
7fb2475f6000-7fb2475f8000 r--s 00003000 08:02 4024806                    /home/ankit/Downloads/android-studio/gradle/m2repository/com/android/tools/jack/jack-api/0.11.0/jack-api-0.11.0.jar
7fb2475f8000-7fb2475fd000 r--s 0004a000 08:02 3918754                    /home/ankit/Downloads/android-studio/gradle/m2repository/com/android/tools/ddms/ddmlib/25.2.0/ddmlib-25.2.0.jar
7fb2475fd000-7fb247600000 r--s 00021000 08:02 3910779                    /home/ankit/Downloads/android-studio/gradle/m2repository/com/android/tools/build/manifest-merger/25.2.0/manifest-merger-25.2.0.jar
7fb247600000-7fb247800000 rw-p 00000000 00:00 0 
7fb247800000-7fb247a00000 rw-p 00000000 00:00 0 
7fb247a00000-7fb247c00000 rw-p 00000000 00:00 0 
7fb247c00000-7fb247e00000 rw-p 00000000 00:00 0 
7fb247e00000-7fb248000000 rw-p 00000000 00:00 0 
7fb248000000-7fb248021000 rw-p 00000000 00:00 0 
7fb248021000-7fb24c000000 ---p 00000000 00:00 0 
7fb24c000000-7fb24c021000 rw-p 00000000 00:00 0 
7fb24c021000-7fb250000000 ---p 00000000 00:00 0 
7fb250000000-7fb250021000 rw-p 00000000 00:00 0 
7fb250021000-7fb254000000 ---p 00000000 00:00 0 
7fb254000000-7fb255357000 rw-p 00000000 00:00 0 
7fb255357000-7fb258000000 ---p 00000000 00:00 0 
7fb258000000-7fb258021000 rw-p 00000000 00:00 0 
7fb258021000-7fb25c000000 ---p 00000000 00:00 0 
7fb25c000000-7fb25c021000 rw-p 00000000 00:00 0 
7fb25c021000-7fb260000000 ---p 00000000 00:00 0 
7fb260000000-7fb260021000 rw-p 00000000 00:00 0 
7fb260021000-7fb264000000 ---p 00000000 00:00 0 
7fb264000000-7fb264071000 rw-p 00000000 00:00 0 
7fb264071000-7fb268000000 ---p 00000000 00:00 0 
7fb268000000-7fb268021000 rw-p 00000000 00:00 0 
7fb268021000-7fb26c000000 ---p 00000000 00:00 0 
7fb26c000000-7fb26c021000 rw-p 00000000 00:00 0 
7fb26c021000-7fb270000000 ---p 00000000 00:00 0 
7fb270000000-7fb272604000 rw-p 00000000 00:00 0 
7fb272604000-7fb274000000 ---p 00000000 00:00 0 
7fb274000000-7fb274e2a000 rw-p 00000000 00:00 0 
7fb274e2a000-7fb278000000 ---p 00000000 00:00 0 
7fb278000000-7fb278021000 rw-p 00000000 00:00 0 
7fb278021000-7fb27c000000 ---p 00000000 00:00 0 
7fb27c000000-7fb27e678000 rw-p 00000000 00:00 0 
7fb27e678000-7fb280000000 ---p 00000000 00:00 0 
7fb280000000-7fb280021000 rw-p 00000000 00:00 0 
7fb280021000-7fb284000000 ---p 00000000 00:00 0 
7fb284000000-7fb284021000 rw-p 00000000 00:00 0 
7fb284021000-7fb288000000 ---p 00000000 00:00 0 
7fb288000000-7fb288388000 rw-p 00000000 00:00 0 
7fb288388000-7fb28c000000 ---p 00000000 00:00 0 
7fb28c000000-7fb28c001000 r--s 00001000 08:02 3753578                    /home/ankit/Downloads/android-studio/gradle/m2repository/com/android/tools/jill/jill-api/0.10.0/jill-api-0.10.0.jar
7fb28c001000-7fb28c003000 r--s 0001c000 08:02 4031682                    /home/ankit/Downloads/android-studio/gradle/m2repository/com/android/tools/common/25.2.0/common-25.2.0.jar
7fb28c003000-7fb28c00c000 r--s 00083000 08:02 3885105                    /home/ankit/Downloads/android-studio/gradle/m2repository/com/android/tools/sdk-common/25.2.0/sdk-common-25.2.0.jar
7fb28c00c000-7fb28c017000 r--s 0008e000 08:02 4024802                    /home/ankit/Downloads/android-studio/gradle/m2repository/com/android/tools/sdklib/25.2.0/sdklib-25.2.0.jar
7fb28c017000-7fb28c018000 r--s 00002000 08:02 3894391                    /home/ankit/Downloads/android-studio/gradle/m2repository/com/android/tools/build/builder-test-api/2.2.0/builder-test-api-2.2.0.jar
7fb28c018000-7fb28c01b000 r--s 00005000 08:02 3754438                    /home/ankit/Downloads/android-studio/gradle/m2repository/com/android/tools/build/builder-model/2.2.0/builder-model-2.2.0.jar
7fb28c01b000-7fb28c023000 r--s 0007b000 08:02 3819714                    /home/ankit/Downloads/android-studio/gradle/m2repository/com/google/protobuf/protobuf-java/2.5.0/protobuf-java-2.5.0.jar
7fb28c023000-7fb28c025000 r--s 0000f000 08:02 4041488                    /home/ankit/Downloads/android-studio/gradle/m2repository/net/sf/jopt-simple/jopt-simple/4.9/jopt-simple-4.9.jar
7fb28c025000-7fb28c029000 r--s 0001f000 08:02 3795671                    /home/ankit/Downloads/android-studio/gradle/m2repository/org/jacoco/org.jacoco.report/0.7.5.201505241946/org.jacoco.report-0.7.5.201505241946.jar
7fb28c029000-7fb28c02d000 r--s 0001d000 08:02 3787900                    /home/ankit/Downloads/android-studio/gradle/m2repository/org/jacoco/org.jacoco.core/0.7.5.201505241946/org.jacoco.core-0.7.5.201505241946.jar
7fb28c02d000-7fb28c02e000 r--s 00002000 08:02 3760221                    /home/ankit/Downloads/android-studio/gradle/m2repository/net/sf/proguard/proguard-gradle/5.2.1/proguard-gradle-5.2.1.jar
7fb28c02e000-7fb28c030000 r--s 00009000 08:02 3779703                    /home/ankit/Downloads/android-studio/gradle/m2repository/org/ow2/asm/asm-commons/5.0.4/asm-commons-5.0.4.jar
7fb28c030000-7fb28c032000 r--s 0000c000 08:02 3779709                    /home/ankit/Downloads/android-studio/gradle/m2repository/org/ow2/asm/asm/5.0.4/asm-5.0.4.jar
7fb28c032000-7fb28c036000 r--s 0002b000 08:02 3853442                    /home/ankit/Downloads/android-studio/gradle/m2repository/com/android/databinding/compilerCommon/2.2.0/compilerCommon-2.2.0.jar
7fb28c036000-7fb28c037000 r--s 00002000 08:02 3894401                    /home/ankit/Downloads/android-studio/gradle/m2repository/com/android/tools/build/gradle-api/2.2.0/gradle-api-2.2.0.jar
7fb28c037000-7fb28c038000 r--s 00000000 08:02 3753573                    /home/ankit/Downloads/android-studio/gradle/m2repository/com/android/tools/build/transform-api/2.0.0-deprecated-use-gradle-api/transform-api-2.0.0-deprecated-use-gradle-api.jar
7fb28c038000-7fb28c03d000 r--s 00053000 08:02 4017271                    /home/ankit/Downloads/android-studio/gradle/m2repository/com/android/tools/lint/lint/25.2.0/lint-25.2.0.jar
7fb28c03d000-7fb28c054000 r--s 0015d000 08:02 3885097                    /home/ankit/Downloads/android-studio/gradle/m2repository/com/android/tools/build/builder/2.2.0/builder-2.2.0.jar
7fb28c054000-7fb28c071000 r--s 0019c000 08:02 3910782                    /home/ankit/Downloads/android-studio/gradle/m2repository/com/android/tools/build/gradle-core/2.2.0/gradle-core-2.2.0.jar
7fb28c071000-7fb28c073000 r--s 0000d000 08:02 3802336                    /home/ankit/Downloads/android-studio/gradle/m2repository/com/android/tools/build/gradle/2.2.0/gradle-2.2.0.jar
7fb28c073000-7fb28c076000 ---p 00000000 00:00 0 
7fb28c076000-7fb28c174000 rw-p 00000000 00:00 0 
7fb28c174000-7fb28c177000 ---p 00000000 00:00 0 
7fb28c177000-7fb28c1ad000 rw-p 00000000 00:00 0 
7fb28c1ad000-7fb28c1ae000 r--p 00000000 00:00 0 
7fb28c1ae000-7fb28c227000 r--s 010e5000 08:02 158647                     /usr/lib/jvm/java-8-oracle/lib/tools.jar
7fb28c227000-7fb28c427000 rw-p 00000000 00:00 0 
7fb28c427000-7fb28c42a000 ---p 00000000 00:00 0 
7fb28c42a000-7fb28c528000 rw-p 00000000 00:00 0 
7fb28c528000-7fb28c52b000 ---p 00000000 00:00 0 
7fb28c52b000-7fb28c629000 rw-p 00000000 00:00 0 
7fb28c629000-7fb28c62c000 ---p 00000000 00:00 0 
7fb28c62c000-7fb28c72a000 rw-p 00000000 00:00 0 
7fb28c72a000-7fb28c72d000 ---p 00000000 00:00 0 
7fb28c72d000-7fb28c82b000 rw-p 00000000 00:00 0 
7fb28c82b000-7fb28c82e000 ---p 00000000 00:00 0 
7fb28c82e000-7fb28c92c000 rw-p 00000000 00:00 0 
7fb28c92c000-7fb28c92f000 ---p 00000000 00:00 0 
7fb28c92f000-7fb28ca2d000 rw-p 00000000 00:00 0 
7fb28ca2d000-7fb28ca34000 r--s 00000000 08:02 109538                     /usr/lib/x86_64-linux-gnu/gconv/gconv-modules.cache
7fb28ca34000-7fb28cc34000 rw-p 00000000 00:00 0 
7fb28cc34000-7fb28cc37000 ---p 00000000 00:00 0 
7fb28cc37000-7fb28cd35000 rw-p 00000000 00:00 0 
7fb28cd35000-7fb28cd38000 ---p 00000000 00:00 0 
7fb28cd38000-7fb28ce36000 rw-p 00000000 00:00 0 
7fb28ce36000-7fb28ce3f000 r-xp 00000000 08:02 253999                     /usr/lib/jvm/java-8-oracle/jre/lib/amd64/libmanagement.so
7fb28ce3f000-7fb28d03e000 ---p 00009000 08:02 253999                     /usr/lib/jvm/java-8-oracle/jre/lib/amd64/libmanagement.so
7fb28d03e000-7fb28d03f000 rw-p 00008000 08:02 253999                     /usr/lib/jvm/java-8-oracle/jre/lib/amd64/libmanagement.so
7fb28d03f000-7fb28d043000 r--s 00097000 08:02 239557                     /usr/lib/jvm/java-8-oracle/jre/lib/jsse.jar
7fb28d043000-7fb28d045000 r--s 00007000 08:02 3402085                    /home/ankit/Downloads/android-studio/gradle/gradle-2.14.1/lib/plugins/gradle-tooling-api-builders-2.14.1.jar
7fb28d045000-7fb28d048000 r--s 00008000 08:02 3402081                    /home/ankit/Downloads/android-studio/gradle/gradle-2.14.1/lib/plugins/gradle-testing-native-2.14.1.jar
7fb28d048000-7fb28d04a000 r--s 00009000 08:02 3402371                    /home/ankit/Downloads/android-studio/gradle/gradle-2.14.1/lib/plugins/hamcrest-core-1.3.jar
7fb28d04a000-7fb28d050000 r--s 00033000 08:02 3402325                    /home/ankit/Downloads/android-studio/gradle/gradle-2.14.1/lib/plugins/snakeyaml-1.6.jar
7fb28d050000-7fb28d052000 r--s 00006000 08:02 3402336                    /home/ankit/Downloads/android-studio/gradle/gradle-2.14.1/lib/plugins/jcommander-1.12.jar
7fb28d052000-7fb28d057000 r--s 00040000 08:02 3402324                    /home/ankit/Downloads/android-studio/gradle/gradle-2.14.1/lib/plugins/bsh-2.0b4.jar
7fb28d057000-7fb28d060000 r--s 00089000 08:02 3402339                    /home/ankit/Downloads/android-studio/gradle/gradle-2.14.1/lib/plugins/testng-6.3.1.jar
7fb28d060000-7fb28d068000 r--s 00045000 08:02 3402343                    /home/ankit/Downloads/android-studio/gradle/gradle-2.14.1/lib/plugins/junit-4.12.jar
7fb28d068000-7fb28d06e000 r--s 0002e000 08:02 3402091                    /home/ankit/Downloads/android-studio/gradle/gradle-2.14.1/lib/plugins/gradle-testing-jvm-2.14.1.jar
7fb28d06e000-7fb28d073000 r--s 00015000 08:02 3402095                    /home/ankit/Downloads/android-studio/gradle/gradle-2.14.1/lib/plugins/gradle-testing-base-2.14.1.jar
7fb28d073000-7fb28d074000 r--s 00002000 08:02 3402342                    /home/ankit/Downloads/android-studio/gradle/gradle-2.14.1/lib/plugins/sonar-batch-bootstrapper-2.9.jar
7fb28d074000-7fb28d077000 r--s 00015000 08:02 3402090                    /home/ankit/Downloads/android-studio/gradle/gradle-2.14.1/lib/plugins/gradle-sonar-2.14.1.jar
7fb28d077000-7fb28d07e000 r--s 00038000 08:02 3402356                    /home/ankit/Downloads/android-studio/gradle/gradle-2.14.1/lib/plugins/bcpg-jdk15on-1.51.jar
7fb28d07e000-7fb28d080000 r--s 0000d000 08:02 3402293                    /home/ankit/Downloads/android-studio/gradle/gradle-2.14.1/lib/plugins/gradle-signing-2.14.1.jar
7fb28d080000-7fb28d083000 r--s 00009000 08:02 3402099                    /home/ankit/Downloads/android-studio/gradle/gradle-2.14.1/lib/plugins/gradle-scala-2.14.1.jar
7fb28d083000-7fb28d084000 r--s 00004000 08:02 3402295                    /home/ankit/Downloads/android-studio/gradle/gradle-2.14.1/lib/plugins/gradle-resources-sftp-2.14.1.jar
7fb28d084000-7fb28d094000 r--s 00088000 08:02 3402329                    /home/ankit/Downloads/android-studio/gradle/gradle-2.14.1/lib/plugins/joda-time-2.8.2.jar
7fb28d094000-7fb28d0a5000 r--s 000cf000 08:02 3402375                    /home/ankit/Downloads/android-studio/gradle/gradle-2.14.1/lib/plugins/jackson-databind-2.3.2.jar
7fb28d0a5000-7fb28d0a7000 r--s 00007000 08:02 3402352                    /home/ankit/Downloads/android-studio/gradle/gradle-2.14.1/lib/plugins/jackson-annotations-2.3.2.jar
7fb28d0a7000-7fb28d0aa000 r--s 0002e000 08:02 3402358                    /home/ankit/Downloads/android-studio/gradle/gradle-2.14.1/lib/plugins/jackson-core-2.3.2.jar
7fb28d0aa000-7fb28d0b5000 r--s 0006b000 08:02 3402381                    /home/ankit/Downloads/android-studio/gradle/gradle-2.14.1/lib/plugins/aws-java-sdk-core-1.9.19.jar
7fb28d0b5000-7fb28d0bb000 r--s 00036000 08:02 3402351                    /home/ankit/Downloads/android-studio/gradle/gradle-2.14.1/lib/plugins/aws-java-sdk-kms-1.9.19.jar
7fb28d0bb000-7fb28d0c6000 r--s 00079000 08:02 3402341                    /home/ankit/Downloads/android-studio/gradle/gradle-2.14.1/lib/plugins/aws-java-sdk-s3-1.9.19.jar
7fb28d0c6000-7fb28d0c7000 r--s 00003000 08:02 3402305                    /home/ankit/Downloads/android-studio/gradle/gradle-2.14.1/lib/plugins/gradle-resources-s3-2.14.1.jar
7fb28d0c7000-7fb28d0c9000 r--s 00005000 08:02 3402370                    /home/ankit/Downloads/android-studio/gradle/gradle-2.14.1/lib/plugins/jatl-0.2.2.jar
7fb28d0c9000-7fb28d0cb000 r--s 0000f000 08:02 3402311                    /home/ankit/Downloads/android-studio/gradle/gradle-2.14.1/lib/plugins/gradle-reporting-2.14.1.jar
7fb28d0cb000-7fb28d0cd000 r--s 00002000 08:02 3402252                    /home/ankit/Downloads/android-studio/gradle/gradle-2.14.1/lib/plugins/gradle-publish-2.14.1.jar
7fb28d0cd000-7fb28d0cf000 r--s 00009000 08:02 3402334                    /home/ankit/Downloads/android-studio/gradle/gradle-2.14.1/lib/plugins/commons-cli-1.2.jar
7fb28d0cf000-7fb28d0d5000 r--s 00033000 08:02 3402098                    /home/ankit/Downloads/android-studio/gradle/gradle-2.14.1/lib/plugins/gradle-plugins-2.14.1.jar
7fb28d0d5000-7fb28d0d7000 r--s 00007000 08:02 3402083                    /home/ankit/Downloads/android-studio/gradle/gradle-2.14.1/lib/plugins/gradle-plugin-development-2.14.1.jar
7fb28d0d7000-7fb28d0dd000 r--s 0002a000 08:02 3402292                    /home/ankit/Downloads/android-studio/gradle/gradle-2.14.1/lib/plugins/gradle-platform-play-2.14.1.jar
7fb28d0dd000-7fb28d0ea000 r--s 0004d000 08:02 3402291                    /home/ankit/Downloads/android-studio/gradle/gradle-2.14.1/lib/plugins/gradle-platform-native-2.14.1.jar
7fb28d0ea000-7fb28d0ee000 r--s 0001a000 08:02 3402304                    /home/ankit/Downloads/android-studio/gradle/gradle-2.14.1/lib/plugins/gradle-platform-jvm-2.14.1.jar
7fb28d0ee000-7fb28d0f5000 r--s 00029000 08:02 3402097                    /home/ankit/Downloads/android-studio/gradle/gradle-2.14.1/lib/plugins/gradle-platform-base-2.14.1.jar
7fb28d0f5000-7fb28d116000 r--s 001c3000 08:02 3402322                    /home/ankit/Downloads/android-studio/gradle/gradle-2.14.1/lib/plugins/bndlib-2.4.0.jar
7fb28d116000-7fb28d118000 r--s 00003000 08:02 3402306                    /home/ankit/Downloads/android-studio/gradle/gradle-2.14.1/lib/plugins/gradle-osgi-2.14.1.jar
7fb28d118000-7fb28d11b000 r--s 0000c000 08:02 3402378                    /home/ankit/Downloads/android-studio/gradle/gradle-2.14.1/lib/plugins/pmaven-groovy-0.8-20100325.jar
7fb28d11b000-7fb28d11c000 r--s 00004000 08:02 3402369                    /home/ankit/Downloads/android-studio/gradle/gradle-2.14.1/lib/plugins/pmaven-common-0.8-20100325.jar
7fb28d11c000-7fb28d122000 r--s 00022000 08:02 3402096                    /home/ankit/Downloads/android-studio/gradle/gradle-2.14.1/lib/plugins/gradle-maven-2.14.1.jar
7fb28d122000-7fb28d124000 r--s 0000a000 08:02 3402088                    /home/ankit/Downloads/android-studio/gradle/gradle-2.14.1/lib/plugins/gradle-language-scala-2.14.1.jar
7fb28d124000-7fb28d12a000 r--s 0001a000 08:02 3402092                    /home/ankit/Downloads/android-studio/gradle/gradle-2.14.1/lib/plugins/gradle-language-native-2.14.1.jar
7fb28d12a000-7fb28d12c000 r--s 00008000 08:02 3402084                    /home/ankit/Downloads/android-studio/gradle/gradle-2.14.1/lib/plugins/gradle-language-jvm-2.14.1.jar
7fb28d12c000-7fb28d132000 r--s 00024000 08:02 3402300                    /home/ankit/Downloads/android-studio/gradle/gradle-2.14.1/lib/plugins/gradle-language-java-2.14.1.jar
7fb28d132000-7fb28d134000 r--s 0000a000 08:02 3402290                    /home/ankit/Downloads/android-studio/gradle/gradle-2.14.1/lib/plugins/gradle-language-groovy-2.14.1.jar
7fb28d134000-7fb28d137000 r--s 0001e000 08:02 3402319                    /home/ankit/Downloads/android-studio/gradle/gradle-2.14.1/lib/plugins/jsp-api-2.1-6.1.14.jar
7fb28d137000-7fb28d15a000 r--s 00344000 08:02 3402353                    /home/ankit/Downloads/android-studio/gradle/gradle-2.14.1/lib/plugins/core-3.1.1.jar
7fb28d15a000-7fb28d15b000 r--s 00006000 08:02 3402376                    /home/ankit/Downloads/android-studio/gradle/gradle-2.14.1/lib/plugins/jetty-naming-6.1.25.jar
7fb28d15b000-7fb28d15c000 r--s 00002000 08:02 3402349                    /home/ankit/Downloads/android-studio/gradle/gradle-2.14.1/lib/plugins/geronimo-annotation_1.0_spec-1.0.jar
7fb28d15c000-7fb28d15e000 r--s 00002000 08:02 3402373                    /home/ankit/Downloads/android-studio/gradle/gradle-2.14.1/lib/plugins/jetty-annotations-6.1.25.jar
7fb28d15e000-7fb28d16f000 r--s 000ea000 08:02 3402379                    /home/ankit/Downloads/android-studio/gradle/gradle-2.14.1/lib/plugins/jsp-2.1-6.1.14.jar
7fb28d16f000-7fb28d171000 r--s 0000d000 08:02 3402354                    /home/ankit/Downloads/android-studio/gradle/gradle-2.14.1/lib/plugins/jetty-plus-6.1.25.jar
7fb28d171000-7fb28d173000 r--s 0001f000 08:02 3402385                    /home/ankit/Downloads/android-studio/gradle/gradle-2.14.1/lib/plugins/servlet-api-2.5-20081211.jar
7fb28d173000-7fb28d177000 r--s 00028000 08:02 3402337                    /home/ankit/Downloads/android-studio/gradle/gradle-2.14.1/lib/plugins/jetty-util-6.1.25.jar
7fb28d177000-7fb28d17e000 r--s 0007d000 08:02 3402344                    /home/ankit/Downloads/android-studio/gradle/gradle-2.14.1/lib/plugins/jetty-6.1.25.jar
7fb28d17e000-7fb28d180000 r--s 00009000 08:02 3402309                    /home/ankit/Downloads/android-studio/gradle/gradle-2.14.1/lib/plugins/gradle-jetty-2.14.1.jar
7fb28d180000-7fb28d187000 r--s 00035000 08:02 3402382                    /home/ankit/Downloads/android-studio/gradle/gradle-2.14.1/lib/plugins/simple-4.1.21.jar
7fb28d187000-7fb28d193000 r--s 00100000 08:02 3402330                    /home/ankit/Downloads/android-studio/gradle/gradle-2.14.1/lib/plugins/rhino-1.7R3.jar
7fb28d193000-7fb28d197000 r--s 00011000 08:02 3402297                    /home/ankit/Downloads/android-studio/gradle/gradle-2.14.1/lib/plugins/gradle-javascript-2.14.1.jar
7fb28d197000-7fb28d199000 r--s 0000c000 08:02 3402317                    /home/ankit/Downloads/android-studio/gradle/gradle-2.14.1/lib/plugins/gradle-jacoco-2.14.1.jar
7fb28d199000-7fb28d19c000 r--s 0000e000 08:02 3402316                    /home/ankit/Downloads/android-studio/gradle/gradle-2.14.1/lib/plugins/gradle-ivy-2.14.1.jar
7fb28d19c000-7fb28d19d000 r--s 00002000 08:02 3402313                    /home/ankit/Downloads/android-studio/gradle/gradle-2.14.1/lib/plugins/gradle-ide-play-2.14.1.jar
7fb28d19d000-7fb28d1a2000 r--s 0002b000 08:02 3402310                    /home/ankit/Downloads/android-studio/gradle/gradle-2.14.1/lib/plugins/gradle-ide-native-2.14.1.jar
7fb28d1a2000-7fb28d1ad000 r--s 00066000 08:02 3402089                    /home/ankit/Downloads/android-studio/gradle/gradle-2.14.1/lib/plugins/gradle-ide-2.14.1.jar
7fb28d1ad000-7fb28d1ae000 r--s 00008000 08:02 3402087                    /home/ankit/Downloads/android-studio/gradle/gradle-2.14.1/lib/plugins/gradle-ear-2.14.1.jar
7fb28d1ae000-7fb28d1b4000 r--s 00032000 08:02 3402094                    /home/ankit/Downloads/android-studio/gradle/gradle-2.14.1/lib/plugins/gradle-diagnostics-2.14.1.jar
7fb28d1b4000-7fb28d1b8000 r--s 00021000 08:02 3402312                    /home/ankit/Downloads/android-studio/gradle/gradle-2.14.1/lib/plugins/gradle-code-quality-2.14.1.jar
7fb28d1b8000-7fb28d1bc000 r--s 0001f000 08:02 3402093                    /home/ankit/Downloads/android-studio/gradle/gradle-2.14.1/lib/plugins/gradle-build-init-2.14.1.jar
7fb28d1bc000-7fb28d1c3000 r--s 0008e000 08:02 3402314                    /home/ankit/Downloads/android-studio/gradle/gradle-2.14.1/lib/plugins/gradle-build-comparison-2.14.1.jar
7fb28d1c3000-7fb28d1c5000 r--s 00008000 08:02 3402302                    /home/ankit/Downloads/android-studio/gradle/gradle-2.14.1/lib/plugins/gradle-antlr-2.14.1.jar
7fb28d1c5000-7fb28d1c7000 r--s 00004000 08:02 3402315                    /home/ankit/Downloads/android-studio/gradle/gradle-2.14.1/lib/plugins/gradle-announce-2.14.1.jar
7fb28d1c7000-7fb28d1df000 r--s 00115000 08:02 3402347                    /home/ankit/Downloads/android-studio/gradle/gradle-2.14.1/lib/plugins/xercesImpl-2.9.1.jar
7fb28d1df000-7fb28d1e7000 r--s 00028000 08:02 3402366                    /home/ankit/Downloads/android-studio/gradle/gradle-2.14.1/lib/plugins/xml-apis-1.3.04.jar
7fb28d1e7000-7fb28d1ed000 r--s 0005b000 08:02 3402359                    /home/ankit/Downloads/android-studio/gradle/gradle-2.14.1/lib/plugins/jcifs-1.3.17.jar
7fb28d1ed000-7fb28d1f4000 r--s 00049000 08:02 3402296                    /home/ankit/Downloads/android-studio/gradle/gradle-2.14.1/lib/plugins/httpcore-4.4.4.jar
7fb28d1f4000-7fb28d1fa000 r--s 00033000 08:02 3402328                    /home/ankit/Downloads/android-studio/gradle/gradle-2.14.1/lib/plugins/commons-codec-1.6.jar
7fb28d1fa000-7fb28d1fd000 r--s 0001c000 08:02 3402326                    /home/ankit/Downloads/android-studio/gradle/gradle-2.14.1/lib/plugins/nekohtml-1.9.14.jar
7fb28d1fd000-7fb28d20a000 r--s 000a4000 08:02 3402307                    /home/ankit/Downloads/android-studio/gradle/gradle-2.14.1/lib/plugins/httpclient-4.4.1.jar
7fb28d20a000-7fb28d20c000 r--s 0000a000 08:02 3402082                    /home/ankit/Downloads/android-studio/gradle/gradle-2.14.1/lib/plugins/gradle-resources-http-2.14.1.jar
7fb28d20c000-7fb28d210000 r--s 00014000 08:02 3402294                    /home/ankit/Downloads/android-studio/gradle/gradle-2.14.1/lib/plugins/gradle-plugin-use-2.14.1.jar
7fb28d210000-7fb28d211000 r--s 00000000 08:02 3394352                    /home/ankit/Downloads/android-studio/gradle/gradle-2.14.1/lib/gradle-installation-beacon-2.14.1.jar
7fb28d211000-7fb28d212000 r--s 00007000 08:02 3402335                    /home/ankit/Downloads/android-studio/gradle/gradle-2.14.1/lib/plugins/wagon-http-shared4-2.4.jar
7fb28d212000-7fb28d216000 r--s 00033000 08:02 3402372                    /home/ankit/Downloads/android-studio/gradle/gradle-2.14.1/lib/plugins/plexus-utils-2.0.6.jar
7fb28d216000-7fb28d21a000 r--s 00021000 08:02 3402361                    /home/ankit/Downloads/android-studio/gradle/gradle-2.14.1/lib/plugins/maven-model-builder-3.0.4.jar
7fb28d21a000-7fb28d21b000 r--s 00002000 08:02 3402327                    /home/ankit/Downloads/android-studio/gradle/gradle-2.14.1/lib/plugins/wagon-file-2.4.jar
7fb28d21b000-7fb28d21d000 r--s 00002000 08:02 3402368                    /home/ankit/Downloads/android-studio/gradle/gradle-2.14.1/lib/plugins/plexus-cipher-1.7.jar
7fb28d21d000-7fb28d220000 r--s 00013000 08:02 3402384                    /home/ankit/Downloads/android-studio/gradle/gradle-2.14.1/lib/plugins/aether-api-1.13.1.jar
7fb28d220000-7fb28d222000 r--s 0000a000 08:02 3402338                    /home/ankit/Downloads/android-studio/gradle/gradle-2.14.1/lib/plugins/maven-settings-3.0.4.jar
7fb28d222000-7fb28d224000 r--s 0000d000 08:02 3402362                    /home/ankit/Downloads/android-studio/gradle/gradle-2.14.1/lib/plugins/plexus-interpolation-1.14.jar
7fb28d224000-7fb28d226000 r--s 0000b000 08:02 3402377                    /home/ankit/Downloads/android-studio/gradle/gradle-2.14.1/lib/plugins/maven-artifact-3.0.4.jar
7fb28d226000-7fb28d22d000 r--s 0002e000 08:02 3402332                    /home/ankit/Downloads/android-studio/gradle/gradle-2.14.1/lib/plugins/plexus-container-default-1.5.5.jar
7fb28d22d000-7fb28d22f000 r--s 0000b000 08:02 3402355                    /home/ankit/Downloads/android-studio/gradle/gradle-2.14.1/lib/plugins/maven-plugin-api-3.0.4.jar
7fb28d22f000-7fb28d231000 r--s 00000000 08:02 3402357                    /home/ankit/Downloads/android-studio/gradle/gradle-2.14.1/lib/plugins/plexus-component-annotations-1.5.5.jar
7fb28d231000-7fb28d237000 r--s 0003f000 08:02 3402363                    /home/ankit/Downloads/android-studio/gradle/gradle-2.14.1/lib/plugins/maven-compat-3.0.4.jar
7fb28d237000-7fb28d23a000 r--s 00008000 08:02 3402345                    /home/ankit/Downloads/android-studio/gradle/gradle-2.14.1/lib/plugins/maven-settings-builder-3.0.4.jar
7fb28d23a000-7fb28d23c000 r--s 00026000 08:02 3402383                    /home/ankit/Downloads/android-studio/gradle/gradle-2.14.1/lib/plugins/maven-model-3.0.4.jar
7fb28d23c000-7fb28d23e000 r--s 00006000 08:02 3402374                    /home/ankit/Downloads/android-studio/gradle/gradle-2.14.1/lib/plugins/aether-connector-wagon-1.13.1.jar
7fb28d23e000-7fb28d240000 r--s 0000a000 08:02 3402333                    /home/ankit/Downloads/android-studio/gradle/gradle-2.14.1/lib/plugins/plexus-classworlds-2.4.jar
7fb28d240000-7fb28d242000 r--s 00006000 08:02 3402364                    /home/ankit/Downloads/android-studio/gradle/gradle-2.14.1/lib/plugins/maven-repository-metadata-3.0.4.jar
7fb28d242000-7fb28d244000 r--s 0000c000 08:02 3402348                    /home/ankit/Downloads/android-studio/gradle/gradle-2.14.1/lib/plugins/maven-aether-provider-3.0.4.jar
7fb28d244000-7fb28d246000 r--s 0000b000 08:02 3402340                    /home/ankit/Downloads/android-studio/gradle/gradle-2.14.1/lib/plugins/wagon-provider-api-2.4.jar
7fb28d246000-7fb28d24a000 r--s 0001c000 08:02 3402380                    /home/ankit/Downloads/android-studio/gradle/gradle-2.14.1/lib/plugins/aether-util-1.13.1.jar
7fb28d24a000-7fb28d24d000 r--s 0001d000 08:02 3402360                    /home/ankit/Downloads/android-studio/gradle/gradle-2.14.1/lib/plugins/aether-impl-1.13.1.jar
7fb28d24d000-7fb28d252000 r--s 00040000 08:02 3402321                    /home/ankit/Downloads/android-studio/gradle/gradle-2.14.1/lib/plugins/jsch-0.1.53.jar
7fb28d252000-7fb28d292000 r--s 00277000 08:02 3402323                    /home/ankit/Downloads/android-studio/gradle/gradle-2.14.1/lib/plugins/bcprov-jdk15on-1.51.jar
7fb28d292000-7fb28d296000 r--s 0001d000 08:02 3402350                    /home/ankit/Downloads/android-studio/gradle/gradle-2.14.1/lib/plugins/xbean-reflect-3.4.jar
7fb28d296000-7fb28d2a2000 r--s 0007d000 08:02 3402367                    /home/ankit/Downloads/android-studio/gradle/gradle-2.14.1/lib/plugins/maven-core-3.0.4.jar
7fb28d2a2000-7fb28d2a7000 r--s 0002a000 08:02 3402346                    /home/ankit/Downloads/android-studio/gradle/gradle-2.14.1/lib/plugins/gson-2.2.4.jar
7fb28d2a7000-7fb28d2b6000 r--s 000d9000 08:02 3402331                    /home/ankit/Downloads/android-studio/gradle/gradle-2.14.1/lib/plugins/ivy-2.2.0.jar
7fb28d2b6000-7fb28d2cc000 r-xp 00000000 08:02 2624314                    /lib/x86_64-linux-gnu/libgcc_s.so.1
7fb28d2cc000-7fb28d4cb000 ---p 00016000 08:02 2624314                    /lib/x86_64-linux-gnu/libgcc_s.so.1
7fb28d4cb000-7fb28d4cc000 r--p 00015000 08:02 2624314                    /lib/x86_64-linux-gnu/libgcc_s.so.1
7fb28d4cc000-7fb28d4cd000 rw-p 00016000 08:02 2624314                    /lib/x86_64-linux-gnu/libgcc_s.so.1
7fb28d4cd000-7fb28d640000 r-xp 00000000 08:02 61223                      /usr/lib/x86_64-linux-gnu/libstdc++.so.6.0.21
7fb28d640000-7fb28d83f000 ---p 00173000 08:02 61223                      /usr/lib/x86_64-linux-gnu/libstdc++.so.6.0.21
7fb28d83f000-7fb28d849000 r--p 00172000 08:02 61223                      /usr/lib/x86_64-linux-gnu/libstdc++.so.6.0.21
7fb28d849000-7fb28d84b000 rw-p 0017c000 08:02 61223                      /usr/lib/x86_64-linux-gnu/libstdc++.so.6.0.21
7fb28d84b000-7fb28d84f000 rw-p 00000000 00:00 0 
7fb28d84f000-7fb28d850000 r--s 00002000 08:02 3402318                    /home/ankit/Downloads/android-studio/gradle/gradle-2.14.1/lib/plugins/wagon-http-2.4.jar
7fb28d850000-7fb28d851000 r--s 00003000 08:02 3402320                    /home/ankit/Downloads/android-studio/gradle/gradle-2.14.1/lib/plugins/aether-spi-1.13.1.jar
7fb28d851000-7fb28d852000 r--s 00006000 08:02 3402365                    /home/ankit/Downloads/android-studio/gradle/gradle-2.14.1/lib/plugins/plexus-sec-dispatcher-1.3.jar
7fb28d852000-7fb28d86e000 r--s 000d3000 08:02 3402161                    /home/ankit/Downloads/android-studio/gradle/gradle-2.14.1/lib/plugins/gradle-dependency-management-2.14.1.jar
7fb28d86e000-7fb28d872000 r-xp 00000000 08:02 3391672                    /home/ankit/.gradle/native/19/linux-amd64/libnative-platform.so
7fb28d872000-7fb28da71000 ---p 00004000 08:02 3391672                    /home/ankit/.gradle/native/19/linux-amd64/libnative-platform.so
7fb28da71000-7fb28da72000 rw-p 00003000 08:02 3391672                    /home/ankit/.gradle/native/19/linux-amd64/libnative-platform.so
7fb28da72000-7fb28da83000 r-xp 00000000 08:02 253988                     /usr/lib/jvm/java-8-oracle/jre/lib/amd64/libnio.so
7fb28da83000-7fb28dc82000 ---p 00011000 08:02 253988                     /usr/lib/jvm/java-8-oracle/jre/lib/amd64/libnio.so
7fb28dc82000-7fb28dc83000 rw-p 00010000 08:02 253988                     /usr/lib/jvm/java-8-oracle/jre/lib/amd64/libnio.so
7fb28dc83000-7fb28df84000 rw-p 00000000 00:00 0 
7fb28df84000-7fb28df9a000 r-xp 00000000 08:02 253965                     /usr/lib/jvm/java-8-oracle/jre/lib/amd64/libnet.so
7fb28df9a000-7fb28e19a000 ---p 00016000 08:02 253965                     /usr/lib/jvm/java-8-oracle/jre/lib/amd64/libnet.so
7fb28e19a000-7fb28e19b000 rw-p 00016000 08:02 253965                     /usr/lib/jvm/java-8-oracle/jre/lib/amd64/libnet.so
7fb28e19b000-7fb28e19d000 r--s 00005000 08:02 3394358                    /home/ankit/Downloads/android-studio/gradle/gradle-2.14.1/lib/gradle-wrapper-2.14.1.jar
7fb28e19d000-7fb28e1ab000 r--s 0004f000 08:02 3394344                    /home/ankit/Downloads/android-studio/gradle/gradle-2.14.1/lib/gradle-tooling-api-2.14.1.jar
7fb28e1ab000-7fb28e1ad000 r--s 00002000 08:02 3394350                    /home/ankit/Downloads/android-studio/gradle/gradle-2.14.1/lib/gradle-open-api-2.14.1.jar
7fb28e1ad000-7fb28e1b3000 r--s 00032000 08:02 3394400                    /home/ankit/Downloads/android-studio/gradle/gradle-2.14.1/lib/jaxen-1.1.jar
7fb28e1b3000-7fb28e1b8000 r--s 00048000 08:02 3394380                    /home/ankit/Downloads/android-studio/gradle/gradle-2.14.1/lib/dom4j-1.6.1.jar
7fb28e1b8000-7fb28e1c3000 r--s 00059000 08:02 3394373                    /home/ankit/Downloads/android-studio/gradle/gradle-2.14.1/lib/gradle-ui-2.14.1.jar
7fb28e1c3000-7fb28e1c6000 r--s 0000b000 08:02 3394378                    /home/ankit/Downloads/android-studio/gradle/gradle-2.14.1/lib/gradle-resources-2.14.1.jar
7fb28e1c6000-7fb28e1c8000 r--s 00003000 08:02 3394402                    /home/ankit/Downloads/android-studio/gradle/gradle-2.14.1/lib/jcl-over-slf4j-1.7.10.jar
7fb28e1c8000-7fb28e1ca000 r--s 00000000 08:02 3394404                    /home/ankit/Downloads/android-studio/gradle/gradle-2.14.1/lib/jul-to-slf4j-1.7.10.jar
7fb28e1ca000-7fb28e1cf000 r--s 0001c000 08:02 3394356                    /home/ankit/Downloads/android-studio/gradle/gradle-2.14.1/lib/gradle-logging-2.14.1.jar
7fb28e1cf000-7fb28e1d1000 r--s 00007000 08:02 3394403                    /home/ankit/Downloads/android-studio/gradle/gradle-2.14.1/lib/objenesis-1.2.jar
7fb28e1d1000-7fb28e1d3000 r--s 00000000 08:02 3394383                    /home/ankit/Downloads/android-studio/gradle/gradle-2.14.1/lib/minlog-1.2.jar
7fb28e1d3000-7fb28e1d5000 r--s 0000f000 08:02 3394389                    /home/ankit/Downloads/android-studio/gradle/gradle-2.14.1/lib/reflectasm-1.07-shaded.jar
7fb28e1d5000-7fb28e1d9000 r--s 00026000 08:02 3394395                    /home/ankit/Downloads/android-studio/gradle/gradle-2.14.1/lib/kryo-2.20.jar
7fb28e1d9000-7fb28e248000 r--s 0063e000 08:02 3394407                    /home/ankit/Downloads/android-studio/gradle/gradle-2.14.1/lib/groovy-all-2.4.4.jar
7fb28e248000-7fb28e270000 r--s 001cf000 08:02 3394387                    /home/ankit/Downloads/android-studio/gradle/gradle-2.14.1/lib/guava-jdk5-17.0.jar
7fb28e270000-7fb28e28f000 r--s 001d1000 08:02 3394357                    /home/ankit/Downloads/android-studio/gradle/gradle-2.14.1/lib/ant-1.9.6.jar
7fb28e28f000-7fb28e2c6000 r--s 001bd000 08:02 3394359                    /home/ankit/Downloads/android-studio/gradle/gradle-2.14.1/lib/gradle-core-2.14.1.jar
7fb28e2c6000-7fb28e2c7000 ---p 00000000 00:00 0 
7fb28e2c7000-7fb28e3c7000 rw-p 00000000 00:00 0 
7fb28e3c7000-7fb28e3ca000 ---p 00000000 00:00 0 
7fb28e3ca000-7fb28e4c8000 rw-p 00000000 00:00 0 
7fb28e4c8000-7fb28e4cb000 ---p 00000000 00:00 0 
7fb28e4cb000-7fb28e5c9000 rw-p 00000000 00:00 0 
7fb28e5c9000-7fb28e5cc000 ---p 00000000 00:00 0 
7fb28e5cc000-7fb28e6ca000 rw-p 00000000 00:00 0 
7fb28e6ca000-7fb28e6cd000 ---p 00000000 00:00 0 
7fb28e6cd000-7fb28e7cb000 rw-p 00000000 00:00 0 
7fb28e7cb000-7fb28e7ce000 ---p 00000000 00:00 0 
7fb28e7ce000-7fb28e8cc000 rw-p 00000000 00:00 0 
7fb28e8cc000-7fb28efae000 r--p 00000000 08:02 59247                      /usr/lib/locale/locale-archive
7fb28efae000-7fb28efb1000 ---p 00000000 00:00 0 
7fb28efb1000-7fb28f0af000 rw-p 00000000 00:00 0 
7fb28f0af000-7fb28f0b2000 ---p 00000000 00:00 0 
7fb28f0b2000-7fb28f1b0000 rw-p 00000000 00:00 0 
7fb28f1b0000-7fb28f1b1000 ---p 00000000 00:00 0 
7fb28f1b1000-7fb290000000 rw-p 00000000 00:00 0 
7fb290000000-7fb290021000 rw-p 00000000 00:00 0 
7fb290021000-7fb294000000 ---p 00000000 00:00 0 
7fb294000000-7fb294001000 r--s 00005000 08:02 3394397                    /home/ankit/Downloads/android-studio/gradle/gradle-2.14.1/lib/log4j-over-slf4j-1.7.10.jar
7fb294001000-7fb294007000 r--s 00025000 08:02 3394347                    /home/ankit/Downloads/android-studio/gradle/gradle-2.14.1/lib/gradle-messaging-2.14.1.jar
7fb294007000-7fb294008000 r--s 00003000 08:02 3394401                    /home/ankit/Downloads/android-studio/gradle/gradle-2.14.1/lib/native-platform-freebsd-amd64-0.10.jar
7fb294008000-7fb294009000 r--s 00003000 08:02 3394390                    /home/ankit/Downloads/android-studio/gradle/gradle-2.14.1/lib/native-platform-freebsd-i386-0.10.jar
7fb294009000-7fb29400a000 r--s 00005000 08:02 3394385                    /home/ankit/Downloads/android-studio/gradle/gradle-2.14.1/lib/native-platform-windows-i386-0.10.jar
7fb29400a000-7fb29400b000 r--s 00005000 08:02 3394384                    /home/ankit/Downloads/android-studio/gradle/gradle-2.14.1/lib/native-platform-windows-amd64-0.10.jar
7fb29400b000-7fb29400c000 r--s 00003000 08:02 3394391                    /home/ankit/Downloads/android-studio/gradle/gradle-2.14.1/lib/native-platform-linux-i386-0.10.jar
7fb29400c000-7fb29400d000 r--s 00003000 08:02 3394382                    /home/ankit/Downloads/android-studio/gradle/gradle-2.14.1/lib/native-platform-linux-amd64-0.10.jar
7fb29400d000-7fb29400f000 r--s 00008000 08:02 3394399                    /home/ankit/Downloads/android-studio/gradle/gradle-2.14.1/lib/jansi-1.2.1.jar
7fb29400f000-7fb29401e000 r--s 00080000 08:02 3394371                    /home/ankit/Downloads/android-studio/gradle/gradle-2.14.1/lib/gradle-model-core-2.14.1.jar
7fb29401e000-7fb2942b1000 rw-p 00000000 00:00 0 
7fb2942b1000-7fb29448a000 r--s 03d29000 08:02 239567                     /usr/lib/jvm/java-8-oracle/jre/lib/rt.jar
7fb29448a000-7fb298000000 rw-p 00000000 00:00 0 
7fb298000000-7fb298041000 rw-p 00000000 00:00 0 
7fb298041000-7fb29c000000 ---p 00000000 00:00 0 
7fb29c000000-7fb29c033000 rw-p 00000000 00:00 0 
7fb29c033000-7fb2a0000000 ---p 00000000 00:00 0 
7fb2a0000000-7fb2a0144000 rw-p 00000000 00:00 0 
7fb2a0144000-7fb2a4000000 ---p 00000000 00:00 0 
7fb2a4000000-7fb2a4001000 r--s 00002000 08:02 3394381                    /home/ankit/Downloads/android-studio/gradle/gradle-2.14.1/lib/native-platform-osx-amd64-0.10.jar
7fb2a4001000-7fb2a4004000 r--s 0000d000 08:02 3394394                    /home/ankit/Downloads/android-studio/gradle/gradle-2.14.1/lib/native-platform-0.10.jar
7fb2a4004000-7fb2a4008000 r--s 000e4000 08:02 3394393                    /home/ankit/Downloads/android-studio/gradle/gradle-2.14.1/lib/jna-3.2.7.jar
7fb2a4008000-7fb2a4015000 r--s 00083000 08:02 3394379                    /home/ankit/Downloads/android-studio/gradle/gradle-2.14.1/lib/commons-collections-3.2.2.jar
7fb2a4015000-7fb2a4016000 ---p 00000000 00:00 0 
7fb2a4016000-7fb2a4116000 rw-p 00000000 00:00 0 
7fb2a4116000-7fb2a4117000 ---p 00000000 00:00 0 
7fb2a4117000-7fb2a4217000 rw-p 00000000 00:00 0 
7fb2a4217000-7fb2a4218000 ---p 00000000 00:00 0 
7fb2a4218000-7fb2a445d000 rw-p 00000000 00:00 0 
7fb2a445d000-7fb2a4518000 ---p 00000000 00:00 0 
7fb2a4518000-7fb2a465d000 rw-p 00000000 00:00 0 
7fb2a465d000-7fb2a4718000 ---p 00000000 00:00 0 
7fb2a4718000-7fb2a4818000 rw-p 00000000 00:00 0 
7fb2a4818000-7fb2a48af000 rw-p 00000000 00:00 0 
7fb2a48af000-7fb2a4bd9000 ---p 00000000 00:00 0 
7fb2a4bd9000-7fb2a7139000 rwxp 00000000 00:00 0 
7fb2a7139000-7fb2b3bd9000 ---p 00000000 00:00 0 
7fb2b3bd9000-7fb2b3bf3000 r-xp 00000000 08:02 253986                     /usr/lib/jvm/java-8-oracle/jre/lib/amd64/libzip.so
7fb2b3bf3000-7fb2b3df3000 ---p 0001a000 08:02 253986                     /usr/lib/jvm/java-8-oracle/jre/lib/amd64/libzip.so
7fb2b3df3000-7fb2b3df4000 rw-p 0001a000 08:02 253986                     /usr/lib/jvm/java-8-oracle/jre/lib/amd64/libzip.so
7fb2b3df4000-7fb2b3dfe000 r-xp 00000000 08:02 2621662                    /lib/x86_64-linux-gnu/libnss_files-2.21.so
7fb2b3dfe000-7fb2b3ffe000 ---p 0000a000 08:02 2621662                    /lib/x86_64-linux-gnu/libnss_files-2.21.so
7fb2b3ffe000-7fb2b3fff000 r--p 0000a000 08:02 2621662                    /lib/x86_64-linux-gnu/libnss_files-2.21.so
7fb2b3fff000-7fb2b4000000 rw-p 0000b000 08:02 2621662                    /lib/x86_64-linux-gnu/libnss_files-2.21.so
7fb2b4000000-7fb2b4bd1000 rw-p 00000000 00:00 0 
7fb2b4bd1000-7fb2b8000000 ---p 00000000 00:00 0 
7fb2b8000000-7fb2b8002000 r--s 00009000 08:02 3394375                    /home/ankit/Downloads/android-studio/gradle/gradle-2.14.1/lib/gradle-native-2.14.1.jar
7fb2b8002000-7fb2b8004000 r--s 00005000 08:02 3394376                    /home/ankit/Downloads/android-studio/gradle/gradle-2.14.1/lib/gradle-cli-2.14.1.jar
7fb2b8004000-7fb2b8005000 ---p 00000000 00:00 0 
7fb2b8005000-7fb2b8105000 rw-p 00000000 00:00 0 
7fb2b8105000-7fb2b8110000 r-xp 00000000 08:02 2623427                    /lib/x86_64-linux-gnu/libnss_nis-2.21.so
7fb2b8110000-7fb2b830f000 ---p 0000b000 08:02 2623427                    /lib/x86_64-linux-gnu/libnss_nis-2.21.so
7fb2b830f000-7fb2b8310000 r--p 0000a000 08:02 2623427                    /lib/x86_64-linux-gnu/libnss_nis-2.21.so
7fb2b8310000-7fb2b8311000 rw-p 0000b000 08:02 2623427                    /lib/x86_64-linux-gnu/libnss_nis-2.21.so
7fb2b8311000-7fb2b8328000 r-xp 00000000 08:02 2623430                    /lib/x86_64-linux-gnu/libnsl-2.21.so
7fb2b8328000-7fb2b8527000 ---p 00017000 08:02 2623430                    /lib/x86_64-linux-gnu/libnsl-2.21.so
7fb2b8527000-7fb2b8528000 r--p 00016000 08:02 2623430                    /lib/x86_64-linux-gnu/libnsl-2.21.so
7fb2b8528000-7fb2b8529000 rw-p 00017000 08:02 2623430                    /lib/x86_64-linux-gnu/libnsl-2.21.so
7fb2b8529000-7fb2b852b000 rw-p 00000000 00:00 0 
7fb2b852b000-7fb2b8533000 r-xp 00000000 08:02 2622662                    /lib/x86_64-linux-gnu/libnss_compat-2.21.so
7fb2b8533000-7fb2b8732000 ---p 00008000 08:02 2622662                    /lib/x86_64-linux-gnu/libnss_compat-2.21.so
7fb2b8732000-7fb2b8733000 r--p 00007000 08:02 2622662                    /lib/x86_64-linux-gnu/libnss_compat-2.21.so
7fb2b8733000-7fb2b8734000 rw-p 00008000 08:02 2622662                    /lib/x86_64-linux-gnu/libnss_compat-2.21.so
7fb2b8734000-7fb2b875e000 r-xp 00000000 08:02 254012                     /usr/lib/jvm/java-8-oracle/jre/lib/amd64/libjava.so
7fb2b875e000-7fb2b895e000 ---p 0002a000 08:02 254012                     /usr/lib/jvm/java-8-oracle/jre/lib/amd64/libjava.so
7fb2b895e000-7fb2b8960000 rw-p 0002a000 08:02 254012                     /usr/lib/jvm/java-8-oracle/jre/lib/amd64/libjava.so
7fb2b8960000-7fb2b896d000 r-xp 00000000 08:02 253966                     /usr/lib/jvm/java-8-oracle/jre/lib/amd64/libverify.so
7fb2b896d000-7fb2b8b6d000 ---p 0000d000 08:02 253966                     /usr/lib/jvm/java-8-oracle/jre/lib/amd64/libverify.so
7fb2b8b6d000-7fb2b8b6f000 rw-p 0000d000 08:02 253966                     /usr/lib/jvm/java-8-oracle/jre/lib/amd64/libverify.so
7fb2b8b6f000-7fb2b8b76000 r-xp 00000000 08:02 2621663                    /lib/x86_64-linux-gnu/librt-2.21.so
7fb2b8b76000-7fb2b8d75000 ---p 00007000 08:02 2621663                    /lib/x86_64-linux-gnu/librt-2.21.so
7fb2b8d75000-7fb2b8d76000 r--p 00006000 08:02 2621663                    /lib/x86_64-linux-gnu/librt-2.21.so
7fb2b8d76000-7fb2b8d77000 rw-p 00007000 08:02 2621663                    /lib/x86_64-linux-gnu/librt-2.21.so
7fb2b8d77000-7fb2b8e7e000 r-xp 00000000 08:02 2623271                    /lib/x86_64-linux-gnu/libm-2.21.so
7fb2b8e7e000-7fb2b907d000 ---p 00107000 08:02 2623271                    /lib/x86_64-linux-gnu/libm-2.21.so
7fb2b907d000-7fb2b907e000 r--p 00106000 08:02 2623271                    /lib/x86_64-linux-gnu/libm-2.21.so
7fb2b907e000-7fb2b907f000 rw-p 00107000 08:02 2623271                    /lib/x86_64-linux-gnu/libm-2.21.so
7fb2b907f000-7fb2b9d4a000 r-xp 00000000 08:02 254016                     /usr/lib/jvm/java-8-oracle/jre/lib/amd64/server/libjvm.so
7fb2b9d4a000-7fb2b9f49000 ---p 00ccb000 08:02 254016                     /usr/lib/jvm/java-8-oracle/jre/lib/amd64/server/libjvm.so
7fb2b9f49000-7fb2ba022000 rw-p 00cca000 08:02 254016                     /usr/lib/jvm/java-8-oracle/jre/lib/amd64/server/libjvm.so
7fb2ba022000-7fb2ba06d000 rw-p 00000000 00:00 0 
7fb2ba06d000-7fb2ba22d000 r-xp 00000000 08:02 2623433                    /lib/x86_64-linux-gnu/libc-2.21.so
7fb2ba22d000-7fb2ba42d000 ---p 001c0000 08:02 2623433                    /lib/x86_64-linux-gnu/libc-2.21.so
7fb2ba42d000-7fb2ba431000 r--p 001c0000 08:02 2623433                    /lib/x86_64-linux-gnu/libc-2.21.so
7fb2ba431000-7fb2ba433000 rw-p 001c4000 08:02 2623433                    /lib/x86_64-linux-gnu/libc-2.21.so
7fb2ba433000-7fb2ba437000 rw-p 00000000 00:00 0 
7fb2ba437000-7fb2ba43a000 r-xp 00000000 08:02 2623420                    /lib/x86_64-linux-gnu/libdl-2.21.so
7fb2ba43a000-7fb2ba639000 ---p 00003000 08:02 2623420                    /lib/x86_64-linux-gnu/libdl-2.21.so
7fb2ba639000-7fb2ba63a000 r--p 00002000 08:02 2623420                    /lib/x86_64-linux-gnu/libdl-2.21.so
7fb2ba63a000-7fb2ba63b000 rw-p 00003000 08:02 2623420                    /lib/x86_64-linux-gnu/libdl-2.21.so
7fb2ba63b000-7fb2ba650000 r-xp 00000000 08:02 223773                     /usr/lib/jvm/java-8-oracle/lib/amd64/jli/libjli.so
7fb2ba650000-7fb2ba850000 ---p 00015000 08:02 223773                     /usr/lib/jvm/java-8-oracle/lib/amd64/jli/libjli.so
7fb2ba850000-7fb2ba851000 rw-p 00015000 08:02 223773                     /usr/lib/jvm/java-8-oracle/lib/amd64/jli/libjli.so
7fb2ba851000-7fb2ba869000 r-xp 00000000 08:02 2623413                    /lib/x86_64-linux-gnu/libpthread-2.21.so
7fb2ba869000-7fb2baa69000 ---p 00018000 08:02 2623413                    /lib/x86_64-linux-gnu/libpthread-2.21.so
7fb2baa69000-7fb2baa6a000 r--p 00018000 08:02 2623413                    /lib/x86_64-linux-gnu/libpthread-2.21.so
7fb2baa6a000-7fb2baa6b000 rw-p 00019000 08:02 2623413                    /lib/x86_64-linux-gnu/libpthread-2.21.so
7fb2baa6b000-7fb2baa6f000 rw-p 00000000 00:00 0 
7fb2baa6f000-7fb2baa93000 r-xp 00000000 08:02 2623431                    /lib/x86_64-linux-gnu/ld-2.21.so
7fb2baa93000-7fb2baa94000 r--s 00002000 08:02 3394398                    /home/ankit/Downloads/android-studio/gradle/gradle-2.14.1/lib/native-platform-osx-i386-0.10.jar
7fb2baa94000-7fb2baa96000 r--s 00007000 08:02 3394353                    /home/ankit/Downloads/android-studio/gradle/gradle-2.14.1/lib/gradle-model-groovy-2.14.1.jar
7fb2baa96000-7fb2baa97000 r--s 00006000 08:02 3394370                    /home/ankit/Downloads/android-studio/gradle/gradle-2.14.1/lib/gradle-base-services-groovy-2.14.1.jar
7fb2baa97000-7fb2baa98000 r--s 00002000 08:02 3394360                    /home/ankit/Downloads/android-studio/gradle/gradle-2.14.1/lib/gradle-docs-2.14.1.jar
7fb2baa98000-7fb2baa99000 r--s 00000000 08:02 3394406                    /home/ankit/Downloads/android-studio/gradle/gradle-2.14.1/lib/javax.inject-1.jar
7fb2baa99000-7fb2baa9a000 r--s 00000000 08:02 3394388                    /home/ankit/Downloads/android-studio/gradle/gradle-2.14.1/lib/jcip-annotations-1.0.jar
7fb2baa9a000-7fb2baa9e000 r--s 00027000 08:02 3394396                    /home/ankit/Downloads/android-studio/gradle/gradle-2.14.1/lib/commons-io-2.2.jar
7fb2baa9e000-7fb2baaa3000 r--s 00038000 08:02 3394363                    /home/ankit/Downloads/android-studio/gradle/gradle-2.14.1/lib/asm-all-5.1.jar
7fb2baaa3000-7fb2baaa4000 r--s 00001000 08:02 3394374                    /home/ankit/Downloads/android-studio/gradle/gradle-2.14.1/lib/gradle-process-services-2.14.1.jar
7fb2baaa4000-7fb2baaa5000 r--s 00000000 08:02 3394345                    /home/ankit/Downloads/android-studio/gradle/gradle-2.14.1/lib/gradle-jvm-services-2.14.1.jar
7fb2baaa5000-7fb2baaaa000 r--s 00041000 08:02 3394392                    /home/ankit/Downloads/android-studio/gradle/gradle-2.14.1/lib/commons-lang-2.6.jar
7fb2baaaa000-7fb2bab6c000 rw-p 00000000 00:00 0 
7fb2bab6c000-7fb2bab6f000 ---p 00000000 00:00 0 
7fb2bab6f000-7fb2bac71000 rw-p 00000000 00:00 0 
7fb2bac71000-7fb2bac72000 r--s 00007000 08:02 3394386                    /home/ankit/Downloads/android-studio/gradle/gradle-2.14.1/lib/slf4j-api-1.7.10.jar
7fb2bac72000-7fb2bac73000 r--s 00004000 08:02 3394372                    /home/ankit/Downloads/android-studio/gradle/gradle-2.14.1/lib/ant-launcher-1.9.6.jar
7fb2bac73000-7fb2bac7b000 r--s 0003a000 08:02 3394364                    /home/ankit/Downloads/android-studio/gradle/gradle-2.14.1/lib/gradle-base-services-2.14.1.jar
7fb2bac7b000-7fb2bac86000 r--s 00051000 08:02 3394361                    /home/ankit/Downloads/android-studio/gradle/gradle-2.14.1/lib/gradle-launcher-2.14.1.jar
7fb2bac86000-7fb2bac8e000 rw-s 00000000 08:02 5030360                    /tmp/hsperfdata_ankit/10515
7fb2bac8e000-7fb2bac8f000 rw-p 00000000 00:00 0 
7fb2bac8f000-7fb2bac90000 ---p 00000000 00:00 0 
7fb2bac90000-7fb2bac92000 rw-p 00000000 00:00 0 
7fb2bac92000-7fb2bac93000 r--p 00023000 08:02 2623431                    /lib/x86_64-linux-gnu/ld-2.21.so
7fb2bac93000-7fb2bac94000 rw-p 00024000 08:02 2623431                    /lib/x86_64-linux-gnu/ld-2.21.so
7fb2bac94000-7fb2bac95000 rw-p 00000000 00:00 0 
7ffd3cdd7000-7ffd3cdf8000 rw-p 00000000 00:00 0                          [stack]
7ffd3cdf8000-7ffd3cdfa000 r--p 00000000 00:00 0                          [vvar]
7ffd3cdfa000-7ffd3cdfc000 r-xp 00000000 00:00 0                          [vdso]
ffffffffff600000-ffffffffff601000 r-xp 00000000 00:00 0                  [vsyscall]

VM Arguments:
jvm_args: -Xmx1536m -Dfile.encoding=UTF-8 -Duser.country=IN -Duser.language=en -Duser.variant 
java_command: org.gradle.launcher.daemon.bootstrap.GradleDaemon 2.14.1
java_class_path (initial): /home/ankit/Downloads/android-studio/gradle/gradle-2.14.1/lib/gradle-launcher-2.14.1.jar
Launcher Type: SUN_STANDARD

Environment Variables:
PATH=/usr/local/sbin:/usr/local/bin:/usr/sbin:/usr/bin:/sbin:/bin:/usr/games:/usr/local/games
LD_LIBRARY_PATH=Downloads/android-studio/bin:
SHELL=/bin/bash
DISPLAY=:0

Signal Handlers:
SIGSEGV: [libjvm.so+0xac4790], sa_mask[0]=11111111011111111101111111111110, sa_flags=SA_RESTART|SA_SIGINFO
SIGBUS: [libjvm.so+0xac4790], sa_mask[0]=11111111011111111101111111111110, sa_flags=SA_RESTART|SA_SIGINFO
SIGFPE: [libjvm.so+0x91f140], sa_mask[0]=11111111011111111101111111111110, sa_flags=SA_RESTART|SA_SIGINFO
SIGPIPE: [libjvm.so+0x91f140], sa_mask[0]=11111111011111111101111111111110, sa_flags=SA_RESTART|SA_SIGINFO
SIGXFSZ: [libjvm.so+0x91f140], sa_mask[0]=11111111011111111101111111111110, sa_flags=SA_RESTART|SA_SIGINFO
SIGILL: [libjvm.so+0x91f140], sa_mask[0]=11111111011111111101111111111110, sa_flags=SA_RESTART|SA_SIGINFO
SIGUSR1: SIG_DFL, sa_mask[0]=00000000000000000000000000000000, sa_flags=none
SIGUSR2: [libjvm.so+0x920770], sa_mask[0]=00100000000000000000000000000000, sa_flags=SA_RESTART|SA_SIGINFO
SIGHUP: [libjvm.so+0x921b70], sa_mask[0]=11111111011111111101111111111110, sa_flags=SA_RESTART|SA_SIGINFO
SIGINT: [libjvm.so+0x921b70], sa_mask[0]=11111111011111111101111111111110, sa_flags=SA_RESTART|SA_SIGINFO
SIGTERM: [libjvm.so+0x921b70], sa_mask[0]=11111111011111111101111111111110, sa_flags=SA_RESTART|SA_SIGINFO
SIGQUIT: [libjvm.so+0x921b70], sa_mask[0]=11111111011111111101111111111110, sa_flags=SA_RESTART|SA_SIGINFO


---------------  S Y S T E M  ---------------

OS:DISTRIB_ID=Ubuntu
DISTRIB_RELEASE=15.10
DISTRIB_CODENAME=wily
DISTRIB_DESCRIPTION="Ubuntu 15.10"

uname:Linux 4.2.0-42-generic #49-Ubuntu SMP Tue Jun 28 21:26:26 UTC 2016 x86_64
libc:glibc 2.21 NPTL 2.21 
rlimit: STACK 8192k, CORE 0k, NPROC 31537, NOFILE 65536, AS infinity
load average:3.60 1.39 0.82

/proc/meminfo:
MemTotal:        8110256 kB
MemFree:          163196 kB
MemAvailable:     212312 kB
Buffers:           59416 kB
Cached:           583616 kB
SwapCached:            0 kB
Active:          7167320 kB
Inactive:         518060 kB
Active(anon):    7073660 kB
Inactive(anon):   419152 kB
Active(file):      93660 kB
Inactive(file):    98908 kB
Unevictable:         152 kB
Mlocked:             152 kB
SwapTotal:             0 kB
SwapFree:              0 kB
Dirty:               116 kB
Writeback:             0 kB
AnonPages:       7042668 kB
Mapped:           292868 kB
Shmem:            450344 kB
Slab:             105556 kB
SReclaimable:      50984 kB
SUnreclaim:        54572 kB
KernelStack:       14416 kB
PageTables:        84216 kB
NFS_Unstable:          0 kB
Bounce:                0 kB
WritebackTmp:          0 kB
CommitLimit:     4055128 kB
Committed_AS:   15622316 kB
VmallocTotal:   34359738367 kB
VmallocUsed:      552040 kB
VmallocChunk:   34358423548 kB
HardwareCorrupted:     0 kB
AnonHugePages:   3215360 kB
CmaTotal:              0 kB
CmaFree:               0 kB
HugePages_Total:       0
HugePages_Free:        0
HugePages_Rsvd:        0
HugePages_Surp:        0
Hugepagesize:       2048 kB
DirectMap4k:      291520 kB
DirectMap2M:     8032256 kB
DirectMap1G:     1048576 kB


CPU:total 4 (2 cores per cpu, 2 threads per core) family 6 model 69 stepping 1, cmov, cx8, fxsr, mmx, sse, sse2, sse3, ssse3, sse4.1, sse4.2, popcnt, avx, avx2, aes, clmul, erms, lzcnt, ht, tsc, tscinvbit, bmi1, bmi2

/proc/cpuinfo:
processor	: 0
vendor_id	: GenuineIntel
cpu family	: 6
model		: 69
model name	: Intel(R) Core(TM) i3-4005U CPU @ 1.70GHz
stepping	: 1
microcode	: 0x1c
cpu MHz		: 989.121
cache size	: 3072 KB
physical id	: 0
siblings	: 4
core id		: 0
cpu cores	: 2
apicid		: 0
initial apicid	: 0
fpu		: yes
fpu_exception	: yes
cpuid level	: 13
wp		: yes
flags		: fpu vme de pse tsc msr pae mce cx8 apic sep mtrr pge mca cmov pat pse36 clflush dts acpi mmx fxsr sse sse2 ss ht tm pbe syscall nx pdpe1gb rdtscp lm constant_tsc arch_perfmon pebs bts rep_good nopl xtopology nonstop_tsc aperfmperf eagerfpu pni pclmulqdq dtes64 monitor ds_cpl vmx est tm2 ssse3 fma cx16 xtpr pdcm pcid sse4_1 sse4_2 movbe popcnt tsc_deadline_timer aes xsave avx f16c rdrand lahf_lm abm ida arat epb pln pts dtherm tpr_shadow vnmi flexpriority ept vpid fsgsbase tsc_adjust bmi1 avx2 smep bmi2 erms invpcid xsaveopt
bugs		:
bogomips	: 3392.00
clflush size	: 64
cache_alignment	: 64
address sizes	: 39 bits physical, 48 bits virtual
power management:

processor	: 1
vendor_id	: GenuineIntel
cpu family	: 6
model		: 69
model name	: Intel(R) Core(TM) i3-4005U CPU @ 1.70GHz
stepping	: 1
microcode	: 0x1c
cpu MHz		: 821.777
cache size	: 3072 KB
physical id	: 0
siblings	: 4
core id		: 0
cpu cores	: 2
apicid		: 1
initial apicid	: 1
fpu		: yes
fpu_exception	: yes
cpuid level	: 13
wp		: yes
flags		: fpu vme de pse tsc msr pae mce cx8 apic sep mtrr pge mca cmov pat pse36 clflush dts acpi mmx fxsr sse sse2 ss ht tm pbe syscall nx pdpe1gb rdtscp lm constant_tsc arch_perfmon pebs bts rep_good nopl xtopology nonstop_tsc aperfmperf eagerfpu pni pclmulqdq dtes64 monitor ds_cpl vmx est tm2 ssse3 fma cx16 xtpr pdcm pcid sse4_1 sse4_2 movbe popcnt tsc_deadline_timer aes xsave avx f16c rdrand lahf_lm abm ida arat epb pln pts dtherm tpr_shadow vnmi flexpriority ept vpid fsgsbase tsc_adjust bmi1 avx2 smep bmi2 erms invpcid xsaveopt
bugs		:
bogomips	: 3392.00
clflush size	: 64
cache_alignment	: 64
address sizes	: 39 bits physical, 48 bits virtual
power management:

processor	: 2
vendor_id	: GenuineIntel
cpu family	: 6
model		: 69
model name	: Intel(R) Core(TM) i3-4005U CPU @ 1.70GHz
stepping	: 1
microcode	: 0x1c
cpu MHz		: 1582.328
cache size	: 3072 KB
physical id	: 0
siblings	: 4
core id		: 1
cpu cores	: 2
apicid		: 2
initial apicid	: 2
fpu		: yes
fpu_exception	: yes
cpuid level	: 13
wp		: yes
flags		: fpu vme de pse tsc msr pae mce cx8 apic sep mtrr pge mca cmov pat pse36 clflush dts acpi mmx fxsr sse sse2 ss ht tm pbe syscall nx pdpe1gb rdtscp lm constant_tsc arch_perfmon pebs bts rep_good nopl xtopology nonstop_tsc aperfmperf eagerfpu pni pclmulqdq dtes64 monitor ds_cpl vmx est tm2 ssse3 fma cx16 xtpr pdcm pcid sse4_1 sse4_2 movbe popcnt tsc_deadline_timer aes xsave avx f16c rdrand lahf_lm abm ida arat epb pln pts dtherm tpr_shadow vnmi flexpriority ept vpid fsgsbase tsc_adjust bmi1 avx2 smep bmi2 erms invpcid xsaveopt
bugs		:
bogomips	: 3392.00
clflush size	: 64
cache_alignment	: 64
address sizes	: 39 bits physical, 48 bits virtual
power management:

processor	: 3
vendor_id	: GenuineIntel
cpu family	: 6
model		: 69
model name	: Intel(R) Core(TM) i3-4005U CPU @ 1.70GHz
stepping	: 1
microcode	: 0x1c
cpu MHz		: 1675.363
cache size	: 3072 KB
physical id	: 0
siblings	: 4
core id		: 1
cpu cores	: 2
apicid		: 3
initial apicid	: 3
fpu		: yes
fpu_exception	: yes
cpuid level	: 13
wp		: yes
flags		: fpu vme de pse tsc msr pae mce cx8 apic sep mtrr pge mca cmov pat pse36 clflush dts acpi mmx fxsr sse sse2 ss ht tm pbe syscall nx pdpe1gb rdtscp lm constant_tsc arch_perfmon pebs bts rep_good nopl xtopology nonstop_tsc aperfmperf eagerfpu pni pclmulqdq dtes64 monitor ds_cpl vmx est tm2 ssse3 fma cx16 xtpr pdcm pcid sse4_1 sse4_2 movbe popcnt tsc_deadline_timer aes xsave avx f16c rdrand lahf_lm abm ida arat epb pln pts dtherm tpr_shadow vnmi flexpriority ept vpid fsgsbase tsc_adjust bmi1 avx2 smep bmi2 erms invpcid xsaveopt
bugs		:
bogomips	: 3392.00
clflush size	: 64
cache_alignment	: 64
address sizes	: 39 bits physical, 48 bits virtual
power management:



Memory: 4k page, physical 8110256k(163196k free), swap 0k(0k free)

vm_info: Java HotSpot(TM) 64-Bit Server VM (25.101-b13) for linux-amd64 JRE (1.8.0_101-b13), built on Jun 22 2016 02:59:44 by "java_re" with gcc 4.3.0 20080428 (Red Hat 4.3.0-8)

time: Fri Dec 16 12:37:17 2016
elapsed time: 95 seconds (0d 0h 1m 35s)

