#
# There is insufficient memory for the Java Runtime Environment to continue.
# Native memory allocation (mmap) failed to map 182976512 bytes for committing reserved memory.
# Possible reasons:
#   The system is out of physical RAM or swap space
#   In 32 bit mode, the process size limit was hit
# Possible solutions:
#   Reduce memory load on the system
#   Increase physical memory or swap space
#   Check if swap backing store is full
#   Use 64 bit Java on a 64 bit OS
#   Decrease Java heap size (-Xmx/-Xms)
#   Decrease number of Java threads
#   Decrease Java thread stack sizes (-Xss)
#   Set larger code cache with -XX:ReservedCodeCacheSize=
# This output file may be truncated or incomplete.
#
#  Out of Memory Error (os_linux.cpp:2627), pid=23523, tid=0x00007f5c145ef700
#
# JRE version: Java(TM) SE Runtime Environment (8.0_101-b13) (build 1.8.0_101-b13)
# Java VM: Java HotSpot(TM) 64-Bit Server VM (25.101-b13 mixed mode linux-amd64 compressed oops)
# Failed to write core dump. Core dumps have been disabled. To enable core dumping, try "ulimit -c unlimited" before starting Java again
#

---------------  T H R E A D  ---------------

Current thread (0x00007f5c28078000):  VMThread [stack: 0x00007f5c144ef000,0x00007f5c145f0000] [id=23535]

Stack: [0x00007f5c144ef000,0x00007f5c145f0000],  sp=0x00007f5c145ee020,  free space=1020k
Native frames: (J=compiled Java code, j=interpreted, Vv=VM code, C=native code)
V  [libjvm.so+0xac3f0a]  VMError::report_and_die()+0x2ba
V  [libjvm.so+0x4fbf9b]  report_vm_out_of_memory(char const*, int, unsigned long, VMErrorType, char const*)+0x8b
V  [libjvm.so+0x9222d3]  os::Linux::commit_memory_impl(char*, unsigned long, bool)+0x103
V  [libjvm.so+0x922829]  os::pd_commit_memory(char*, unsigned long, unsigned long, bool)+0x29
V  [libjvm.so+0x91cb2a]  os::commit_memory(char*, unsigned long, unsigned long, bool)+0x2a
V  [libjvm.so+0x991053]  PSVirtualSpace::expand_by(unsigned long)+0x53
V  [libjvm.so+0x981920]  PSOldGen::expand(unsigned long)+0x170
V  [libjvm.so+0x981b2b]  PSOldGen::resize(unsigned long)+0x1cb
V  [libjvm.so+0x989821]  PSParallelCompact::invoke_no_policy(bool)+0x991
V  [libjvm.so+0x98f17d]  PSScavenge::invoke()+0x1ad
V  [libjvm.so+0x945fc0]  ParallelScavengeHeap::failed_mem_allocate(unsigned long)+0x70
V  [libjvm.so+0xac5927]  VM_ParallelGCFailedAllocation::doit()+0x97
V  [libjvm.so+0xacd405]  VM_Operation::evaluate()+0x55
V  [libjvm.so+0xacb7da]  VMThread::evaluate_operation(VM_Operation*)+0xba
V  [libjvm.so+0xacbb5e]  VMThread::loop()+0x1ce
V  [libjvm.so+0xacbfd0]  VMThread::run()+0x70
V  [libjvm.so+0x924698]  java_start(Thread*)+0x108

VM_Operation (0x00007f5bb6dfbfa0): ParallelGCFailedAllocation, mode: safepoint, requested by thread 0x00007f5ba406a800


---------------  P R O C E S S  ---------------

Java Threads: ( => current thread )
  0x00007f5ba406a800 JavaThread "pool-8-thread-4" [_thread_blocked, id=23603, stack(0x00007f5bb6cfd000,0x00007f5bb6dfe000)]
  0x00007f5ba4069000 JavaThread "pool-8-thread-3" [_thread_blocked, id=23602, stack(0x00007f5bb69fc000,0x00007f5bb6afd000)]
  0x00007f5ba4068000 JavaThread "pool-8-thread-2" [_thread_blocked, id=23601, stack(0x00007f5bb67fa000,0x00007f5bb68fb000)]
  0x00007f5ba4067000 JavaThread "pool-9-thread-1" [_thread_blocked, id=23600, stack(0x00007f5bb68fb000,0x00007f5bb69fc000)]
  0x00007f5ba4066000 JavaThread "pool-8-thread-1" [_thread_blocked, id=23599, stack(0x00007f5bb6dfe000,0x00007f5bb6eff000)]
  0x00007f5bc0fc4000 JavaThread "pool-6-thread-1" [_thread_blocked, id=23598, stack(0x00007f5bb6eff000,0x00007f5bb7000000)]
  0x00007f5bc0b11000 JavaThread "pool-4-thread-1" [_thread_blocked, id=23577, stack(0x00007f5c0c0e9000,0x00007f5c0c1ea000)]
  0x00007f5bc0416000 JavaThread "File lock request listener" [_thread_in_native, id=23559, stack(0x00007f5c0c8d3000,0x00007f5c0c9d4000)]
  0x00007f5bc0700800 JavaThread "process reaper" daemon [_thread_blocked, id=23558, stack(0x00007f5c0c9d4000,0x00007f5c0ca0d000)]
  0x00007f5bc0006000 JavaThread "Asynchronous log dispatcher for org.gradle.launcher.daemon.server.DefaultDaemonConnection@a90c483" [_thread_blocked, id=23555, stack(0x00007f5c0d84b000,0x00007f5c0d94c000)]
  0x00007f5bd4007000 JavaThread "Daemon worker" [_thread_blocked, id=23552, stack(0x00007f5c0d94c000,0x00007f5c0da4d000)]
  0x00007f5bd400e800 JavaThread "Cancel handler" [_thread_blocked, id=23551, stack(0x00007f5c0da4d000,0x00007f5c0db4e000)]
  0x00007f5bd4003800 JavaThread "Handler for socket connection from /127.0.0.1:35845 to /127.0.0.1:48688" [_thread_in_native, id=23550, stack(0x00007f5c0db4e000,0x00007f5c0dc4f000)]
  0x00007f5bd0012800 JavaThread "Daemon" [_thread_blocked, id=23549, stack(0x00007f5c0dc4f000,0x00007f5c0dd50000)]
  0x00007f5c28afe800 JavaThread "Incoming local TCP Connector on port 35845" [_thread_in_native, id=23548, stack(0x00007f5c0df57000,0x00007f5c0e058000)]
  0x00007f5c28b0e800 JavaThread "pool-1-thread-1" [_thread_blocked, id=23547, stack(0x00007f5c0e058000,0x00007f5c0e159000)]
  0x00007f5c280c1000 JavaThread "Service Thread" daemon [_thread_blocked, id=23542, stack(0x00007f5c0f61b000,0x00007f5c0f71c000)]
  0x00007f5c280bd800 JavaThread "C1 CompilerThread2" daemon [_thread_blocked, id=23541, stack(0x00007f5c0f71c000,0x00007f5c0f81d000)]
  0x00007f5c280bb800 JavaThread "C2 CompilerThread1" daemon [_thread_blocked, id=23540, stack(0x00007f5c0f81d000,0x00007f5c0f91e000)]
  0x00007f5c280b9000 JavaThread "C2 CompilerThread0" daemon [_thread_blocked, id=23539, stack(0x00007f5c140eb000,0x00007f5c141ec000)]
  0x00007f5c280b7800 JavaThread "Signal Dispatcher" daemon [_thread_blocked, id=23538, stack(0x00007f5c141ec000,0x00007f5c142ed000)]
  0x00007f5c28084800 JavaThread "Finalizer" daemon [_thread_blocked, id=23537, stack(0x00007f5c142ed000,0x00007f5c143ee000)]
  0x00007f5c2807f800 JavaThread "Reference Handler" daemon [_thread_blocked, id=23536, stack(0x00007f5c143ee000,0x00007f5c144ef000)]
  0x00007f5c2800a000 JavaThread "main" [_thread_blocked, id=23530, stack(0x00007f5c2fe8f000,0x00007f5c2ff90000)]

Other Threads:
=>0x00007f5c28078000 VMThread [stack: 0x00007f5c144ef000,0x00007f5c145f0000] [id=23535]
  0x00007f5c280c3800 WatcherThread [stack: 0x00007f5c0f51a000,0x00007f5c0f61b000] [id=23543]

VM state:at safepoint (normal execution)

VM Mutex/Monitor currently owned by a thread:  ([mutex/lock_event])
[0x00007f5c28005bb0] ExpandHeap_lock - owner thread: 0x00007f5c28078000
[0x00007f5c28006230] Threads_lock - owner thread: 0x00007f5c28078000
[0x00007f5c28006730] Heap_lock - owner thread: 0x00007f5ba406a800

Heap:
 PSYoungGen      total 353792K, used 0K [0x00000000e0000000, 0x0000000100000000, 0x0000000100000000)
  eden space 244736K, 0% used [0x00000000e0000000,0x00000000e0000000,0x00000000eef00000)
  from space 109056K, 0% used [0x00000000f9580000,0x00000000f9580000,0x0000000100000000)
  to   space 139776K, 0% used [0x00000000eef00000,0x00000000eef00000,0x00000000f7780000)
 ParOldGen       total 742400K, used 627615K [0x00000000a0000000, 0x00000000cd500000, 0x00000000e0000000)
  object space 742400K, 84% used [0x00000000a0000000,0x00000000c64e7f08,0x00000000cd500000)
 Metaspace       used 54257K, capacity 55644K, committed 55936K, reserved 1097728K
  class space    used 7175K, capacity 7498K, committed 7552K, reserved 1048576K

Card table byte_map: [0x00007f5c2c940000,0x00007f5c2cc41000] byte_map_base: 0x00007f5c2c440000

Marking Bits: (ParMarkBitMap*) 0x00007f5c2f363120
 Begin Bits: [0x00007f5c16000000, 0x00007f5c17800000)
 End Bits:   [0x00007f5c17800000, 0x00007f5c19000000)

Polling page: 0x00007f5c2ffb2000

CodeCache: size=245760Kb used=31834Kb max_used=31931Kb free=213925Kb
 bounds [0x00007f5c19000000, 0x00007f5c1afa0000, 0x00007f5c28000000]
 total_blobs=9186 nmethods=8472 adapters=626
 compilation: enabled

Compilation events (10 events):
Event: 82.114 Thread 0x00007f5c280bb800 nmethod 10720 0x00007f5c1aa35210 code [0x00007f5c1aa35460, 0x00007f5c1aa36cb8]
Event: 82.115 Thread 0x00007f5c280bb800 10723       4       com.android.dx.util.BitIntSet::merge (148 bytes)
Event: 82.145 Thread 0x00007f5c280bb800 nmethod 10723 0x00007f5c19374dd0 code [0x00007f5c19374f60, 0x00007f5c193756d8]
Event: 82.145 Thread 0x00007f5c280bb800 10722       4       com.android.dx.ssa.back.LivenessAnalyzer::handleTailRecursion (94 bytes)
Event: 82.212 Thread 0x00007f5c280bd800 10730       3       com.android.dx.ssa.SsaConverter::placePhiFunctions (394 bytes)
Event: 82.219 Thread 0x00007f5c280bd800 nmethod 10730 0x00007f5c1aa23050 code [0x00007f5c1aa235c0, 0x00007f5c1aa26e58]
Event: 82.480 Thread 0x00007f5c280bb800 nmethod 10722 0x00007f5c1a768590 code [0x00007f5c1a768960, 0x00007f5c1a76bb90]
Event: 82.480 Thread 0x00007f5c280bb800 10724       4       com.android.dx.ssa.InterferenceRegisterMapper::addInterfence (62 bytes)
Event: 82.579 Thread 0x00007f5c280bb800 nmethod 10724 0x00007f5c1aa70110 code [0x00007f5c1aa70360, 0x00007f5c1aa71a78]
Event: 82.579 Thread 0x00007f5c280bb800 10728       4       com.android.dx.ssa.back.IdenticalBlockCombiner::combineBlocks (102 bytes)

GC Heap History (10 events):
Event: 75.183 GC heap after
Heap after GC invocations=32 (full 5):
 PSYoungGen      total 418816K, used 44865K [0x00000000e0000000, 0x0000000100000000, 0x0000000100000000)
  eden space 313344K, 0% used [0x00000000e0000000,0x00000000e0000000,0x00000000f3200000)
  from space 105472K, 42% used [0x00000000f3200000,0x00000000f5dd0508,0x00000000f9900000)
  to   space 100352K, 0% used [0x00000000f9e00000,0x00000000f9e00000,0x0000000100000000)
 ParOldGen       total 512000K, used 467831K [0x00000000a0000000, 0x00000000bf400000, 0x00000000e0000000)
  object space 512000K, 91% used [0x00000000a0000000,0x00000000bc8dddf8,0x00000000bf400000)
 Metaspace       used 54256K, capacity 55644K, committed 55936K, reserved 1097728K
  class space    used 7175K, capacity 7498K, committed 7552K, reserved 1048576K
}
Event: 75.183 GC heap before
{Heap before GC invocations=33 (full 6):
 PSYoungGen      total 418816K, used 44865K [0x00000000e0000000, 0x0000000100000000, 0x0000000100000000)
  eden space 313344K, 0% used [0x00000000e0000000,0x00000000e0000000,0x00000000f3200000)
  from space 105472K, 42% used [0x00000000f3200000,0x00000000f5dd0508,0x00000000f9900000)
  to   space 100352K, 0% used [0x00000000f9e00000,0x00000000f9e00000,0x0000000100000000)
 ParOldGen       total 512000K, used 467831K [0x00000000a0000000, 0x00000000bf400000, 0x00000000e0000000)
  object space 512000K, 91% used [0x00000000a0000000,0x00000000bc8dddf8,0x00000000bf400000)
 Metaspace       used 54256K, capacity 55644K, committed 55936K, reserved 1097728K
  class space    used 7175K, capacity 7498K, committed 7552K, reserved 1048576K
Event: 77.998 GC heap after
Heap after GC invocations=33 (full 6):
 PSYoungGen      total 418816K, used 0K [0x00000000e0000000, 0x0000000100000000, 0x0000000100000000)
  eden space 313344K, 0% used [0x00000000e0000000,0x00000000e0000000,0x00000000f3200000)
  from space 105472K, 0% used [0x00000000f3200000,0x00000000f3200000,0x00000000f9900000)
  to   space 100352K, 0% used [0x00000000f9e00000,0x00000000f9e00000,0x0000000100000000)
 ParOldGen       total 742400K, used 508596K [0x00000000a0000000, 0x00000000cd500000, 0x00000000e0000000)
  object space 742400K, 68% used [0x00000000a0000000,0x00000000bf0ad3f8,0x00000000cd500000)
 Metaspace       used 54256K, capacity 55644K, committed 55936K, reserved 1097728K
  class space    used 7175K, capacity 7498K, committed 7552K, reserved 1048576K
}
Event: 79.327 GC heap before
{Heap before GC invocations=34 (full 6):
 PSYoungGen      total 418816K, used 313344K [0x00000000e0000000, 0x0000000100000000, 0x0000000100000000)
  eden space 313344K, 100% used [0x00000000e0000000,0x00000000f3200000,0x00000000f3200000)
  from space 105472K, 0% used [0x00000000f3200000,0x00000000f3200000,0x00000000f9900000)
  to   space 100352K, 0% used [0x00000000f9e00000,0x00000000f9e00000,0x0000000100000000)
 ParOldGen       total 742400K, used 508596K [0x00000000a0000000, 0x00000000cd500000, 0x00000000e0000000)
  object space 742400K, 68% used [0x00000000a0000000,0x00000000bf0ad3f8,0x00000000cd500000)
 Metaspace       used 54256K, capacity 55644K, committed 55936K, reserved 1097728K
  class space    used 7175K, capacity 7498K, committed 7552K, reserved 1048576K
Event: 79.451 GC heap after
Heap after GC invocations=34 (full 6):
 PSYoungGen      total 406528K, used 48807K [0x00000000e0000000, 0x00000000ff400000, 0x0000000100000000)
  eden space 318464K, 0% used [0x00000000e0000000,0x00000000e0000000,0x00000000f3700000)
  from space 88064K, 55% used [0x00000000f9e00000,0x00000000fcda9c78,0x00000000ff400000)
  to   space 96768K, 0% used [0x00000000f3700000,0x00000000f3700000,0x00000000f9580000)
 ParOldGen       total 742400K, used 508596K [0x00000000a0000000, 0x00000000cd500000, 0x00000000e0000000)
  object space 742400K, 68% used [0x00000000a0000000,0x00000000bf0ad3f8,0x00000000cd500000)
 Metaspace       used 54256K, capacity 55644K, committed 55936K, reserved 1097728K
  class space    used 7175K, capacity 7498K, committed 7552K, reserved 1048576K
}
Event: 81.016 GC heap before
{Heap before GC invocations=35 (full 6):
 PSYoungGen      total 406528K, used 367271K [0x00000000e0000000, 0x00000000ff400000, 0x0000000100000000)
  eden space 318464K, 100% used [0x00000000e0000000,0x00000000f3700000,0x00000000f3700000)
  from space 88064K, 55% used [0x00000000f9e00000,0x00000000fcda9c78,0x00000000ff400000)
  to   space 96768K, 0% used [0x00000000f3700000,0x00000000f3700000,0x00000000f9580000)
 ParOldGen       total 742400K, used 508596K [0x00000000a0000000, 0x00000000cd500000, 0x00000000e0000000)
  object space 742400K, 68% used [0x00000000a0000000,0x00000000bf0ad3f8,0x00000000cd500000)
 Metaspace       used 54257K, capacity 55644K, committed 55936K, reserved 1097728K
  class space    used 7175K, capacity 7498K, committed 7552K, reserved 1048576K
Event: 81.395 GC heap after
Heap after GC invocations=35 (full 6):
 PSYoungGen      total 415232K, used 96760K [0x00000000e0000000, 0x0000000100000000, 0x0000000100000000)
  eden space 318464K, 0% used [0x00000000e0000000,0x00000000e0000000,0x00000000f3700000)
  from space 96768K, 99% used [0x00000000f3700000,0x00000000f957e3e0,0x00000000f9580000)
  to   space 109056K, 0% used [0x00000000f9580000,0x00000000f9580000,0x0000000100000000)
 ParOldGen       total 742400K, used 599582K [0x00000000a0000000, 0x00000000cd500000, 0x00000000e0000000)
  object space 742400K, 80% used [0x00000000a0000000,0x00000000c4987ae8,0x00000000cd500000)
 Metaspace       used 54257K, capacity 55644K, committed 55936K, reserved 1097728K
  class space    used 7175K, capacity 7498K, committed 7552K, reserved 1048576K
}
Event: 82.749 GC heap before
{Heap before GC invocations=36 (full 6):
 PSYoungGen      total 415232K, used 415224K [0x00000000e0000000, 0x0000000100000000, 0x0000000100000000)
  eden space 318464K, 100% used [0x00000000e0000000,0x00000000f3700000,0x00000000f3700000)
  from space 96768K, 99% used [0x00000000f3700000,0x00000000f957e3e0,0x00000000f9580000)
  to   space 109056K, 0% used [0x00000000f9580000,0x00000000f9580000,0x0000000100000000)
 ParOldGen       total 742400K, used 599582K [0x00000000a0000000, 0x00000000cd500000, 0x00000000e0000000)
  object space 742400K, 80% used [0x00000000a0000000,0x00000000c4987ae8,0x00000000cd500000)
 Metaspace       used 54257K, capacity 55644K, committed 55936K, reserved 1097728K
  class space    used 7175K, capacity 7498K, committed 7552K, reserved 1048576K
Event: 83.169 GC heap after
Heap after GC invocations=36 (full 6):
 PSYoungGen      total 353792K, used 66284K [0x00000000e0000000, 0x0000000100000000, 0x0000000100000000)
  eden space 244736K, 0% used [0x00000000e0000000,0x00000000e0000000,0x00000000eef00000)
  from space 109056K, 60% used [0x00000000f9580000,0x00000000fd63b008,0x0000000100000000)
  to   space 139776K, 0% used [0x00000000eef00000,0x00000000eef00000,0x00000000f7780000)
 ParOldGen       total 742400K, used 690777K [0x00000000a0000000, 0x00000000cd500000, 0x00000000e0000000)
  object space 742400K, 93% used [0x00000000a0000000,0x00000000ca296440,0x00000000cd500000)
 Metaspace       used 54257K, capacity 55644K, committed 55936K, reserved 1097728K
  class space    used 7175K, capacity 7498K, committed 7552K, reserved 1048576K
}
Event: 83.169 GC heap before
{Heap before GC invocations=37 (full 7):
 PSYoungGen      total 353792K, used 66284K [0x00000000e0000000, 0x0000000100000000, 0x0000000100000000)
  eden space 244736K, 0% used [0x00000000e0000000,0x00000000e0000000,0x00000000eef00000)
  from space 109056K, 60% used [0x00000000f9580000,0x00000000fd63b008,0x0000000100000000)
  to   space 139776K, 0% used [0x00000000eef00000,0x00000000eef00000,0x00000000f7780000)
 ParOldGen       total 742400K, used 690777K [0x00000000a0000000, 0x00000000cd500000, 0x00000000e0000000)
  object space 742400K, 93% used [0x00000000a0000000,0x00000000ca296440,0x00000000cd500000)
 Metaspace       used 54257K, capacity 55644K, committed 55936K, reserved 1097728K
  class space    used 7175K, capacity 7498K, committed 7552K, reserved 1048576K

Deoptimization events (10 events):
Event: 81.694 Thread 0x00007f5ba4069000 Uncommon trap: reason=unstable_if action=reinterpret pc=0x00007f5c1a3dfbd4 method=com.android.dx.ssa.SetFactory.makeLivenessSet(I)Lcom/android/dx/util/IntSet; @ 4
Event: 81.808 Thread 0x00007f5ba406a800 Uncommon trap: reason=class_check action=maybe_recompile pc=0x00007f5c1adec478 method=com.android.dx.ssa.back.InterferenceGraph.mergeInterferenceSet(ILcom/android/dx/util/IntSet;)V @ 20
Event: 81.808 Thread 0x00007f5ba406a800 Uncommon trap: reason=class_check action=maybe_recompile pc=0x00007f5c19ed1990 method=com.android.dx.util.BitIntSet.merge(Lcom/android/dx/util/IntSet;)V @ 1
Event: 81.809 Thread 0x00007f5ba4069000 Uncommon trap: reason=class_check action=maybe_recompile pc=0x00007f5c1adec478 method=com.android.dx.ssa.back.InterferenceGraph.mergeInterferenceSet(ILcom/android/dx/util/IntSet;)V @ 20
Event: 81.809 Thread 0x00007f5ba4069000 Uncommon trap: reason=class_check action=maybe_recompile pc=0x00007f5c19ed1990 method=com.android.dx.util.BitIntSet.merge(Lcom/android/dx/util/IntSet;)V @ 1
Event: 81.810 Thread 0x00007f5ba406a800 Uncommon trap: reason=class_check action=maybe_recompile pc=0x00007f5c1a92c158 method=com.android.dx.ssa.back.InterferenceGraph.mergeInterferenceSet(ILcom/android/dx/util/IntSet;)V @ 20
Event: 81.810 Thread 0x00007f5ba406a800 Uncommon trap: reason=class_check action=maybe_recompile pc=0x00007f5c19ed1990 method=com.android.dx.util.BitIntSet.merge(Lcom/android/dx/util/IntSet;)V @ 1
Event: 81.810 Thread 0x00007f5ba406a800 Uncommon trap: reason=class_check action=maybe_recompile pc=0x00007f5c1a92c158 method=com.android.dx.ssa.back.InterferenceGraph.mergeInterferenceSet(ILcom/android/dx/util/IntSet;)V @ 20
Event: 81.810 Thread 0x00007f5ba406a800 Uncommon trap: reason=class_check action=maybe_recompile pc=0x00007f5c19ed1990 method=com.android.dx.util.BitIntSet.merge(Lcom/android/dx/util/IntSet;)V @ 1
Event: 81.916 Thread 0x00007f5ba4066000 Uncommon trap: reason=class_check action=maybe_recompile pc=0x00007f5c1adec478 method=com.android.dx.ssa.back.InterferenceGraph.mergeInterferenceSet(ILcom/android/dx/util/IntSet;)V @ 20

Internal exceptions (10 events):
Event: 41.654 Thread 0x00007f5bd4007000 Exception <a 'java/lang/NoSuchMethodError': <clinit>> (0x00000000e4c27458) thrown at [/HUDSON3/workspace/8-2-build-linux-amd64/jdk8u101/7261/hotspot/src/share/vm/prims/jni.cpp, line 1613]
Event: 41.657 Thread 0x00007f5bd4007000 Exception <a 'java/lang/NoSuchMethodError': <clinit>> (0x00000000e4c3fc68) thrown at [/HUDSON3/workspace/8-2-build-linux-amd64/jdk8u101/7261/hotspot/src/share/vm/prims/jni.cpp, line 1613]
Event: 41.657 Thread 0x00007f5bd4007000 Exception <a 'java/lang/NoSuchMethodError': <clinit>> (0x00000000e4c41180) thrown at [/HUDSON3/workspace/8-2-build-linux-amd64/jdk8u101/7261/hotspot/src/share/vm/prims/jni.cpp, line 1613]
Event: 45.037 Thread 0x00007f5bd4007000 Implicit null exception at 0x00007f5c1a6a52b4 to 0x00007f5c1a6a5945
Event: 45.037 Thread 0x00007f5bd4007000 Implicit null exception at 0x00007f5c1a66283c to 0x00007f5c1a662931
Event: 45.037 Thread 0x00007f5bd4007000 Implicit null exception at 0x00007f5c1a62ae19 to 0x00007f5c1a62aed1
Event: 45.049 Thread 0x00007f5bd4007000 Implicit null exception at 0x00007f5c1a66cbf3 to 0x00007f5c1a66cc81
Event: 52.760 Thread 0x00007f5ba4069000 Implicit null exception at 0x00007f5c19c8c825 to 0x00007f5c19c8d401
Event: 60.059 Thread 0x00007f5bc0fc4000 Implicit null exception at 0x00007f5c1a05e083 to 0x00007f5c1a05e6f5
Event: 71.017 Thread 0x00007f5ba4066000 Implicit null exception at 0x00007f5c1a8f1540 to 0x00007f5c1a8f2d01

Events (10 events):
Event: 81.810 Thread 0x00007f5ba406a800 DEOPT PACKING pc=0x00007f5c19ed1990 sp=0x00007f5bb6dfbe70
Event: 81.810 Thread 0x00007f5ba406a800 DEOPT UNPACKING pc=0x00007f5c19005229 sp=0x00007f5bb6dfbe40 mode 2
Event: 81.916 Thread 0x00007f5ba4066000 Uncommon trap: trap_request=0xffffffde fr.pc=0x00007f5c1adec478
Event: 81.916 Thread 0x00007f5ba4066000 DEOPT PACKING pc=0x00007f5c1adec478 sp=0x00007f5bb6efce50
Event: 81.916 Thread 0x00007f5ba4066000 DEOPT UNPACKING pc=0x00007f5c19005229 sp=0x00007f5bb6efcce0 mode 2
Event: 82.248 Thread 0x00007f5bc0fc4000 DEOPT PACKING pc=0x00007f5c1a5e4368 sp=0x00007f5bb6ffd3e0
Event: 82.248 Thread 0x00007f5bc0fc4000 DEOPT UNPACKING pc=0x00007f5c19047633 sp=0x00007f5bb6ffd148 mode 0
Event: 82.314 Thread 0x00007f5bc0fc4000 DEOPT PACKING pc=0x00007f5c1aa26771 sp=0x00007f5bb6ffd340
Event: 82.314 Thread 0x00007f5bc0fc4000 DEOPT UNPACKING pc=0x00007f5c19047633 sp=0x00007f5bb6ffd190 mode 0
Event: 82.738 Executing VM operation: ParallelGCFailedAllocation


Dynamic libraries:
00400000-00401000 r-xp 00000000 08:02 239483                             /usr/lib/jvm/java-8-oracle/bin/java
00600000-00601000 rw-p 00000000 08:02 239483                             /usr/lib/jvm/java-8-oracle/bin/java
0251a000-0253b000 rw-p 00000000 00:00 0                                  [heap]
a0000000-cd500000 rw-p 00000000 00:00 0 
d8380000-e0000000 ---p 00000000 00:00 0 
e0000000-100000000 rw-p 00000000 00:00 0 
100000000-100760000 rw-p 00000000 00:00 0 
100760000-140000000 ---p 00000000 00:00 0 
7f5b94000000-7f5b94021000 rw-p 00000000 00:00 0 
7f5b94021000-7f5b98000000 ---p 00000000 00:00 0 
7f5b98000000-7f5b98032000 rw-p 00000000 00:00 0 
7f5b98032000-7f5b9c000000 ---p 00000000 00:00 0 
7f5b9c000000-7f5b9c027000 rw-p 00000000 00:00 0 
7f5b9c027000-7f5ba0000000 ---p 00000000 00:00 0 
7f5ba0000000-7f5ba0033000 rw-p 00000000 00:00 0 
7f5ba0033000-7f5ba4000000 ---p 00000000 00:00 0 
7f5ba4000000-7f5ba41ed000 rw-p 00000000 00:00 0 
7f5ba41ed000-7f5ba8000000 ---p 00000000 00:00 0 
7f5ba8000000-7f5ba8035000 rw-p 00000000 00:00 0 
7f5ba8035000-7f5bac000000 ---p 00000000 00:00 0 
7f5bac000000-7f5bac021000 rw-p 00000000 00:00 0 
7f5bac021000-7f5bb0000000 ---p 00000000 00:00 0 
7f5bb0000000-7f5bb0021000 rw-p 00000000 00:00 0 
7f5bb0021000-7f5bb4000000 ---p 00000000 00:00 0 
7f5bb6504000-7f5bb6644000 rw-p 00000000 00:00 0 
7f5bb6644000-7f5bb6704000 ---p 00000000 00:00 0 
7f5bb6704000-7f5bb67fa000 r--s 009af000 08:02 4727045                    /home/ankit/Desktop/Evento/app/build/intermediates/transforms/jarMerging/debug/jars/1/1f/combined.jar
7f5bb67fa000-7f5bb67fd000 ---p 00000000 00:00 0 
7f5bb67fd000-7f5bb68fb000 rw-p 00000000 00:00 0 
7f5bb68fb000-7f5bb68fe000 ---p 00000000 00:00 0 
7f5bb68fe000-7f5bb69fc000 rw-p 00000000 00:00 0 
7f5bb69fc000-7f5bb69ff000 ---p 00000000 00:00 0 
7f5bb69ff000-7f5bb6cfd000 rw-p 00000000 00:00 0 
7f5bb6cfd000-7f5bb6d00000 ---p 00000000 00:00 0 
7f5bb6d00000-7f5bb6dfe000 rw-p 00000000 00:00 0 
7f5bb6dfe000-7f5bb6e01000 ---p 00000000 00:00 0 
7f5bb6e01000-7f5bb6eff000 rw-p 00000000 00:00 0 
7f5bb6eff000-7f5bb6f02000 ---p 00000000 00:00 0 
7f5bb6f02000-7f5bb7200000 rw-p 00000000 00:00 0 
7f5bb7200000-7f5bb7400000 rw-p 00000000 00:00 0 
7f5bb7400000-7f5bb7600000 rw-p 00000000 00:00 0 
7f5bb7600000-7f5bb7800000 rw-p 00000000 00:00 0 
7f5bb7800000-7f5bb7a00000 rw-p 00000000 00:00 0 
7f5bb7a00000-7f5bb7c00000 rw-p 00000000 00:00 0 
7f5bb7c00000-7f5bb7e00000 rw-p 00000000 00:00 0 
7f5bb7e00000-7f5bb8000000 rw-p 00000000 00:00 0 
7f5bb8000000-7f5bb8021000 rw-p 00000000 00:00 0 
7f5bb8021000-7f5bbc000000 ---p 00000000 00:00 0 
7f5bbc000000-7f5bbc021000 rw-p 00000000 00:00 0 
7f5bbc021000-7f5bc0000000 ---p 00000000 00:00 0 
7f5bc0000000-7f5bc1222000 rw-p 00000000 00:00 0 
7f5bc1222000-7f5bc4000000 ---p 00000000 00:00 0 
7f5bc4000000-7f5bc428f000 rw-p 00000000 00:00 0 
7f5bc428f000-7f5bc8000000 ---p 00000000 00:00 0 
7f5bc8000000-7f5bc8021000 rw-p 00000000 00:00 0 
7f5bc8021000-7f5bcc000000 ---p 00000000 00:00 0 
7f5bcc000000-7f5bcc021000 rw-p 00000000 00:00 0 
7f5bcc021000-7f5bd0000000 ---p 00000000 00:00 0 
7f5bd0000000-7f5bd0071000 rw-p 00000000 00:00 0 
7f5bd0071000-7f5bd4000000 ---p 00000000 00:00 0 
7f5bd4000000-7f5bd4021000 rw-p 00000000 00:00 0 
7f5bd4021000-7f5bd8000000 ---p 00000000 00:00 0 
7f5bd8000000-7f5bd8021000 rw-p 00000000 00:00 0 
7f5bd8021000-7f5bdc000000 ---p 00000000 00:00 0 
7f5bdc000000-7f5bdc021000 rw-p 00000000 00:00 0 
7f5bdc021000-7f5be0000000 ---p 00000000 00:00 0 
7f5be0000000-7f5be0bf4000 rw-p 00000000 00:00 0 
7f5be0bf4000-7f5be4000000 ---p 00000000 00:00 0 
7f5be4000000-7f5be4021000 rw-p 00000000 00:00 0 
7f5be4021000-7f5be8000000 ---p 00000000 00:00 0 
7f5be8000000-7f5bea53c000 rw-p 00000000 00:00 0 
7f5bea53c000-7f5bec000000 ---p 00000000 00:00 0 
7f5bec000000-7f5bee776000 rw-p 00000000 00:00 0 
7f5bee776000-7f5bf0000000 ---p 00000000 00:00 0 
7f5bf0000000-7f5bf0021000 rw-p 00000000 00:00 0 
7f5bf0021000-7f5bf4000000 ---p 00000000 00:00 0 
7f5bf4000000-7f5bf4021000 rw-p 00000000 00:00 0 
7f5bf4021000-7f5bf8000000 ---p 00000000 00:00 0 
7f5bf8000000-7f5bf8380000 rw-p 00000000 00:00 0 
7f5bf8380000-7f5bfc000000 ---p 00000000 00:00 0 
7f5bfc000000-7f5bfc021000 rw-p 00000000 00:00 0 
7f5bfc021000-7f5c00000000 ---p 00000000 00:00 0 
7f5c00000000-7f5c00032000 rw-p 00000000 00:00 0 
7f5c00032000-7f5c04000000 ---p 00000000 00:00 0 
7f5c04000000-7f5c04028000 rw-p 00000000 00:00 0 
7f5c04028000-7f5c08000000 ---p 00000000 00:00 0 
7f5c08000000-7f5c08021000 rw-p 00000000 00:00 0 
7f5c08021000-7f5c0c000000 ---p 00000000 00:00 0 
7f5c0c0e8000-7f5c0c0e9000 rw-p 00000000 00:00 0 
7f5c0c0e9000-7f5c0c0ec000 ---p 00000000 00:00 0 
7f5c0c0ec000-7f5c0c1ea000 rw-p 00000000 00:00 0 
7f5c0c1ea000-7f5c0c1fd000 r--s 00345000 08:02 239586                     /usr/lib/jvm/java-8-oracle/jre/lib/resources.jar
7f5c0c1fd000-7f5c0c3fd000 rw-p 00000000 00:00 0 
7f5c0c3fd000-7f5c0c5fd000 rw-p 00000000 00:00 0 
7f5c0c5fd000-7f5c0c628000 r--s 001fc000 08:02 3802331                    /home/ankit/Downloads/android-studio/gradle/m2repository/com/google/guava/guava/18.0/guava-18.0.jar
7f5c0c628000-7f5c0c629000 r--s 00001000 08:02 3877617                    /home/ankit/Downloads/android-studio/gradle/m2repository/com/android/tools/annotations/25.2.0/annotations-25.2.0.jar
7f5c0c629000-7f5c0c63b000 r--s 000b3000 08:02 3989804                    /home/ankit/Downloads/android-studio/gradle/m2repository/com/android/tools/external/com-intellij/uast/145.597.3/uast-145.597.3.jar
7f5c0c63b000-7f5c0c643000 r--s 000a8000 08:02 3753715                    /home/ankit/Downloads/android-studio/gradle/m2repository/com/android/tools/external/lombok/lombok-ast/0.2.3/lombok-ast-0.2.3.jar
7f5c0c643000-7f5c0c645000 r--s 0000d000 08:02 3760231                    /home/ankit/Downloads/android-studio/gradle/m2repository/commons-codec/commons-codec/1.4/commons-codec-1.4.jar
7f5c0c645000-7f5c0c647000 r--s 0000d000 08:02 3540543                    /home/ankit/Downloads/android-studio/gradle/m2repository/commons-logging/commons-logging/1.1.1/commons-logging-1.1.1.jar
7f5c0c647000-7f5c0c64c000 r--s 00028000 08:02 3753367                    /home/ankit/Downloads/android-studio/gradle/m2repository/org/apache/httpcomponents/httpcore/4.1/httpcore-4.1.jar
7f5c0c64c000-7f5c0c650000 r--s 0002f000 08:02 3845228                    /home/ankit/Downloads/android-studio/gradle/m2repository/com/google/jimfs/jimfs/1.1/jimfs-1.1.jar
7f5c0c650000-7f5c0c651000 r--s 00004000 08:02 3753443                    /home/ankit/Downloads/android-studio/gradle/m2repository/com/intellij/annotations/12.0/annotations-12.0.jar
7f5c0c651000-7f5c0c652000 r--s 00004000 08:02 3713300                    /home/ankit/Downloads/android-studio/gradle/m2repository/org/ow2/asm/asm-analysis/5.0.4/asm-analysis-5.0.4.jar
7f5c0c652000-7f5c0c656000 r--s 0003b000 08:02 4017281                    /home/ankit/Downloads/android-studio/gradle/m2repository/com/android/tools/lint/lint-api/25.2.0/lint-api-25.2.0.jar
7f5c0c656000-7f5c0c658000 r--s 00005000 08:02 3753358                    /home/ankit/Downloads/android-studio/gradle/m2repository/org/apache/httpcomponents/httpmime/4.1/httpmime-4.1.jar
7f5c0c658000-7f5c0c660000 r--s 0004e000 08:02 3753378                    /home/ankit/Downloads/android-studio/gradle/m2repository/org/apache/httpcomponents/httpclient/4.1.1/httpclient-4.1.1.jar
7f5c0c660000-7f5c0c667000 r--s 00053000 08:02 3753390                    /home/ankit/Downloads/android-studio/gradle/m2repository/org/apache/commons/commons-compress/1.8.1/commons-compress-1.8.1.jar
7f5c0c667000-7f5c0c66c000 r--s 0002a000 08:02 3753476                    /home/ankit/Downloads/android-studio/gradle/m2repository/com/google/code/gson/gson/2.2.4/gson-2.2.4.jar
7f5c0c66c000-7f5c0c671000 r--s 0002d000 08:02 4000509                    /home/ankit/Downloads/android-studio/gradle/m2repository/com/android/tools/repository/25.2.0/repository-25.2.0.jar
7f5c0c671000-7f5c0c674000 r--s 00014000 08:02 3835823                    /home/ankit/Downloads/android-studio/gradle/m2repository/com/android/tools/layoutlib/layoutlib-api/25.2.0/layoutlib-api-25.2.0.jar
7f5c0c674000-7f5c0c679000 r--s 00058000 08:02 3631976                    /home/ankit/Downloads/android-studio/gradle/m2repository/org/ow2/asm/asm-debug-all/5.0.1/asm-debug-all-5.0.1.jar
7f5c0c679000-7f5c0c689000 r--s 000d6000 08:02 3760205                    /home/ankit/Downloads/android-studio/gradle/m2repository/net/sf/proguard/proguard-base/5.2.1/proguard-base-5.2.1.jar
7f5c0c689000-7f5c0c6a0000 r--s 00154000 08:02 3787896                    /home/ankit/Downloads/android-studio/gradle/m2repository/org/antlr/antlr4/4.5.3/antlr4-4.5.3.jar
7f5c0c6a0000-7f5c0c6d3000 r--s 00203000 08:02 3753331                    /home/ankit/Downloads/android-studio/gradle/m2repository/org/bouncycastle/bcprov-jdk15on/1.48/bcprov-jdk15on-1.48.jar
7f5c0c6d3000-7f5c0c8d3000 rw-p 00000000 00:00 0 
7f5c0c8d3000-7f5c0c8d6000 ---p 00000000 00:00 0 
7f5c0c8d6000-7f5c0c9d4000 rw-p 00000000 00:00 0 
7f5c0c9d4000-7f5c0c9d7000 ---p 00000000 00:00 0 
7f5c0c9d7000-7f5c0ca0d000 rw-p 00000000 00:00 0 
7f5c0ca0d000-7f5c0ca0e000 r--p 00000000 00:00 0 
7f5c0ca0e000-7f5c0ca0f000 r--s 0000a000 08:02 3760193                    /home/ankit/Downloads/android-studio/gradle/m2repository/net/sf/kxml/kxml2/2.3.0/kxml2-2.3.0.jar
7f5c0ca0f000-7f5c0ca10000 r--s 00005000 08:02 3941528                    /home/ankit/Downloads/android-studio/gradle/m2repository/com/android/tools/dvlib/25.2.0/dvlib-25.2.0.jar
7f5c0ca10000-7f5c0ca13000 r--s 00033000 08:02 3753450                    /home/ankit/Downloads/android-studio/gradle/m2repository/com/googlecode/juniversalchardet/juniversalchardet/1.0.3/juniversalchardet-1.0.3.jar
7f5c0ca13000-7f5c0ca17000 r--s 0002a000 08:02 3506651                    /home/ankit/Downloads/android-studio/gradle/m2repository/commons-io/commons-io/2.4/commons-io-2.4.jar
7f5c0ca17000-7f5c0ca18000 r--s 00002000 08:02 3845251                    /home/ankit/Downloads/android-studio/gradle/m2repository/com/android/databinding/baseLibrary/2.2.0/baseLibrary-2.2.0.jar
7f5c0ca18000-7f5c0ca2b000 r--s 00236000 08:02 3779712                    /home/ankit/Downloads/android-studio/gradle/m2repository/org/eclipse/jdt/core/compiler/ecj/4.5.1/ecj-4.5.1.jar
7f5c0ca2b000-7f5c0ca32000 r--s 000c3000 08:02 3927174                    /home/ankit/Downloads/android-studio/gradle/m2repository/com/android/tools/lint/lint-checks/25.2.0/lint-checks-25.2.0.jar
7f5c0ca32000-7f5c0ca34000 r--s 00006000 08:02 3754422                    /home/ankit/Downloads/android-studio/gradle/m2repository/org/ow2/asm/asm-tree/5.0.4/asm-tree-5.0.4.jar
7f5c0ca34000-7f5c0ca42000 r--s 00081000 08:02 3753336                    /home/ankit/Downloads/android-studio/gradle/m2repository/org/bouncycastle/bcpkix-jdk15on/1.48/bcpkix-jdk15on-1.48.jar
7f5c0ca42000-7f5c0ca44000 r--s 00002000 08:02 3753458                    /home/ankit/Downloads/android-studio/gradle/m2repository/com/squareup/javawriter/2.5.0/javawriter-2.5.0.jar
7f5c0ca44000-7f5c0ca45000 r--s 00002000 08:02 4009078                    /home/ankit/Downloads/android-studio/gradle/m2repository/com/android/tools/analytics-library/tracker/25.2.0/tracker-25.2.0.jar
7f5c0ca45000-7f5c0ca47000 r--s 00003000 08:02 4009086                    /home/ankit/Downloads/android-studio/gradle/m2repository/com/android/tools/analytics-library/shared/25.2.0/shared-25.2.0.jar
7f5c0ca47000-7f5c0ca54000 r--s 000ed000 08:02 4009082                    /home/ankit/Downloads/android-studio/gradle/m2repository/com/android/tools/analytics-library/protos/25.2.0/protos-25.2.0.jar
7f5c0ca54000-7f5c0ca55000 r--s 00001000 08:02 3753578                    /home/ankit/Downloads/android-studio/gradle/m2repository/com/android/tools/jill/jill-api/0.10.0/jill-api-0.10.0.jar
7f5c0ca55000-7f5c0ca57000 r--s 00003000 08:02 4024806                    /home/ankit/Downloads/android-studio/gradle/m2repository/com/android/tools/jack/jack-api/0.11.0/jack-api-0.11.0.jar
7f5c0ca57000-7f5c0ca5c000 r--s 0004a000 08:02 3918754                    /home/ankit/Downloads/android-studio/gradle/m2repository/com/android/tools/ddms/ddmlib/25.2.0/ddmlib-25.2.0.jar
7f5c0ca5c000-7f5c0ca5f000 r--s 00021000 08:02 3910779                    /home/ankit/Downloads/android-studio/gradle/m2repository/com/android/tools/build/manifest-merger/25.2.0/manifest-merger-25.2.0.jar
7f5c0ca5f000-7f5c0ca61000 r--s 0001c000 08:02 4031682                    /home/ankit/Downloads/android-studio/gradle/m2repository/com/android/tools/common/25.2.0/common-25.2.0.jar
7f5c0ca61000-7f5c0ca6a000 r--s 00083000 08:02 3885105                    /home/ankit/Downloads/android-studio/gradle/m2repository/com/android/tools/sdk-common/25.2.0/sdk-common-25.2.0.jar
7f5c0ca6a000-7f5c0ca75000 r--s 0008e000 08:02 4024802                    /home/ankit/Downloads/android-studio/gradle/m2repository/com/android/tools/sdklib/25.2.0/sdklib-25.2.0.jar
7f5c0ca75000-7f5c0ca76000 r--s 00002000 08:02 3894391                    /home/ankit/Downloads/android-studio/gradle/m2repository/com/android/tools/build/builder-test-api/2.2.0/builder-test-api-2.2.0.jar
7f5c0ca76000-7f5c0ca79000 r--s 00005000 08:02 3754438                    /home/ankit/Downloads/android-studio/gradle/m2repository/com/android/tools/build/builder-model/2.2.0/builder-model-2.2.0.jar
7f5c0ca79000-7f5c0ca81000 r--s 0007b000 08:02 3819714                    /home/ankit/Downloads/android-studio/gradle/m2repository/com/google/protobuf/protobuf-java/2.5.0/protobuf-java-2.5.0.jar
7f5c0ca81000-7f5c0ca83000 r--s 0000f000 08:02 4041488                    /home/ankit/Downloads/android-studio/gradle/m2repository/net/sf/jopt-simple/jopt-simple/4.9/jopt-simple-4.9.jar
7f5c0ca83000-7f5c0ca87000 r--s 0001f000 08:02 3795671                    /home/ankit/Downloads/android-studio/gradle/m2repository/org/jacoco/org.jacoco.report/0.7.5.201505241946/org.jacoco.report-0.7.5.201505241946.jar
7f5c0ca87000-7f5c0ca8b000 r--s 0001d000 08:02 3787900                    /home/ankit/Downloads/android-studio/gradle/m2repository/org/jacoco/org.jacoco.core/0.7.5.201505241946/org.jacoco.core-0.7.5.201505241946.jar
7f5c0ca8b000-7f5c0ca8c000 r--s 00002000 08:02 3760221                    /home/ankit/Downloads/android-studio/gradle/m2repository/net/sf/proguard/proguard-gradle/5.2.1/proguard-gradle-5.2.1.jar
7f5c0ca8c000-7f5c0ca8e000 r--s 00009000 08:02 3779703                    /home/ankit/Downloads/android-studio/gradle/m2repository/org/ow2/asm/asm-commons/5.0.4/asm-commons-5.0.4.jar
7f5c0ca8e000-7f5c0ca90000 r--s 0000c000 08:02 3779709                    /home/ankit/Downloads/android-studio/gradle/m2repository/org/ow2/asm/asm/5.0.4/asm-5.0.4.jar
7f5c0ca90000-7f5c0ca94000 r--s 0002b000 08:02 3853442                    /home/ankit/Downloads/android-studio/gradle/m2repository/com/android/databinding/compilerCommon/2.2.0/compilerCommon-2.2.0.jar
7f5c0ca94000-7f5c0ca95000 r--s 00002000 08:02 3894401                    /home/ankit/Downloads/android-studio/gradle/m2repository/com/android/tools/build/gradle-api/2.2.0/gradle-api-2.2.0.jar
7f5c0ca95000-7f5c0ca96000 r--s 00000000 08:02 3753573                    /home/ankit/Downloads/android-studio/gradle/m2repository/com/android/tools/build/transform-api/2.0.0-deprecated-use-gradle-api/transform-api-2.0.0-deprecated-use-gradle-api.jar
7f5c0ca96000-7f5c0ca9b000 r--s 00053000 08:02 4017271                    /home/ankit/Downloads/android-studio/gradle/m2repository/com/android/tools/lint/lint/25.2.0/lint-25.2.0.jar
7f5c0ca9b000-7f5c0cab2000 r--s 0015d000 08:02 3885097                    /home/ankit/Downloads/android-studio/gradle/m2repository/com/android/tools/build/builder/2.2.0/builder-2.2.0.jar
7f5c0cab2000-7f5c0cacf000 r--s 0019c000 08:02 3910782                    /home/ankit/Downloads/android-studio/gradle/m2repository/com/android/tools/build/gradle-core/2.2.0/gradle-core-2.2.0.jar
7f5c0cacf000-7f5c0cad1000 r--s 0000d000 08:02 3802336                    /home/ankit/Downloads/android-studio/gradle/m2repository/com/android/tools/build/gradle/2.2.0/gradle-2.2.0.jar
7f5c0cad1000-7f5c0ccd1000 rw-p 00000000 00:00 0 
7f5c0ccd1000-7f5c0ced1000 rw-p 00000000 00:00 0 
7f5c0ced1000-7f5c0d0d1000 rw-p 00000000 00:00 0 
7f5c0d0d1000-7f5c0d2d1000 rw-p 00000000 00:00 0 
7f5c0d2d1000-7f5c0d4d1000 rw-p 00000000 00:00 0 
7f5c0d4d1000-7f5c0d54a000 r--s 010e5000 08:02 158647                     /usr/lib/jvm/java-8-oracle/lib/tools.jar
7f5c0d54a000-7f5c0d74a000 rw-p 00000000 00:00 0 
7f5c0d74a000-7f5c0d74d000 ---p 00000000 00:00 0 
7f5c0d74d000-7f5c0d84b000 rw-p 00000000 00:00 0 
7f5c0d84b000-7f5c0d84e000 ---p 00000000 00:00 0 
7f5c0d84e000-7f5c0d94c000 rw-p 00000000 00:00 0 
7f5c0d94c000-7f5c0d94f000 ---p 00000000 00:00 0 
7f5c0d94f000-7f5c0da4d000 rw-p 00000000 00:00 0 
7f5c0da4d000-7f5c0da50000 ---p 00000000 00:00 0 
7f5c0da50000-7f5c0db4e000 rw-p 00000000 00:00 0 
7f5c0db4e000-7f5c0db51000 ---p 00000000 00:00 0 
7f5c0db51000-7f5c0dc4f000 rw-p 00000000 00:00 0 
7f5c0dc4f000-7f5c0dc52000 ---p 00000000 00:00 0 
7f5c0dc52000-7f5c0dd50000 rw-p 00000000 00:00 0 
7f5c0dd50000-7f5c0dd57000 r--s 00000000 08:02 109538                     /usr/lib/x86_64-linux-gnu/gconv/gconv-modules.cache
7f5c0dd57000-7f5c0df57000 rw-p 00000000 00:00 0 
7f5c0df57000-7f5c0df5a000 ---p 00000000 00:00 0 
7f5c0df5a000-7f5c0e058000 rw-p 00000000 00:00 0 
7f5c0e058000-7f5c0e05b000 ---p 00000000 00:00 0 
7f5c0e05b000-7f5c0e159000 rw-p 00000000 00:00 0 
7f5c0e159000-7f5c0e162000 r-xp 00000000 08:02 253999                     /usr/lib/jvm/java-8-oracle/jre/lib/amd64/libmanagement.so
7f5c0e162000-7f5c0e361000 ---p 00009000 08:02 253999                     /usr/lib/jvm/java-8-oracle/jre/lib/amd64/libmanagement.so
7f5c0e361000-7f5c0e362000 rw-p 00008000 08:02 253999                     /usr/lib/jvm/java-8-oracle/jre/lib/amd64/libmanagement.so
7f5c0e362000-7f5c0e366000 r--s 00097000 08:02 239557                     /usr/lib/jvm/java-8-oracle/jre/lib/jsse.jar
7f5c0e366000-7f5c0e368000 r--s 00007000 08:02 3402085                    /home/ankit/Downloads/android-studio/gradle/gradle-2.14.1/lib/plugins/gradle-tooling-api-builders-2.14.1.jar
7f5c0e368000-7f5c0e36b000 r--s 00008000 08:02 3402081                    /home/ankit/Downloads/android-studio/gradle/gradle-2.14.1/lib/plugins/gradle-testing-native-2.14.1.jar
7f5c0e36b000-7f5c0e36d000 r--s 00009000 08:02 3402371                    /home/ankit/Downloads/android-studio/gradle/gradle-2.14.1/lib/plugins/hamcrest-core-1.3.jar
7f5c0e36d000-7f5c0e373000 r--s 00033000 08:02 3402325                    /home/ankit/Downloads/android-studio/gradle/gradle-2.14.1/lib/plugins/snakeyaml-1.6.jar
7f5c0e373000-7f5c0e375000 r--s 00006000 08:02 3402336                    /home/ankit/Downloads/android-studio/gradle/gradle-2.14.1/lib/plugins/jcommander-1.12.jar
7f5c0e375000-7f5c0e37a000 r--s 00040000 08:02 3402324                    /home/ankit/Downloads/android-studio/gradle/gradle-2.14.1/lib/plugins/bsh-2.0b4.jar
7f5c0e37a000-7f5c0e383000 r--s 00089000 08:02 3402339                    /home/ankit/Downloads/android-studio/gradle/gradle-2.14.1/lib/plugins/testng-6.3.1.jar
7f5c0e383000-7f5c0e38b000 r--s 00045000 08:02 3402343                    /home/ankit/Downloads/android-studio/gradle/gradle-2.14.1/lib/plugins/junit-4.12.jar
7f5c0e38b000-7f5c0e391000 r--s 0002e000 08:02 3402091                    /home/ankit/Downloads/android-studio/gradle/gradle-2.14.1/lib/plugins/gradle-testing-jvm-2.14.1.jar
7f5c0e391000-7f5c0e396000 r--s 00015000 08:02 3402095                    /home/ankit/Downloads/android-studio/gradle/gradle-2.14.1/lib/plugins/gradle-testing-base-2.14.1.jar
7f5c0e396000-7f5c0e397000 r--s 00002000 08:02 3402342                    /home/ankit/Downloads/android-studio/gradle/gradle-2.14.1/lib/plugins/sonar-batch-bootstrapper-2.9.jar
7f5c0e397000-7f5c0e39a000 r--s 00015000 08:02 3402090                    /home/ankit/Downloads/android-studio/gradle/gradle-2.14.1/lib/plugins/gradle-sonar-2.14.1.jar
7f5c0e39a000-7f5c0e3a1000 r--s 00038000 08:02 3402356                    /home/ankit/Downloads/android-studio/gradle/gradle-2.14.1/lib/plugins/bcpg-jdk15on-1.51.jar
7f5c0e3a1000-7f5c0e3a3000 r--s 0000d000 08:02 3402293                    /home/ankit/Downloads/android-studio/gradle/gradle-2.14.1/lib/plugins/gradle-signing-2.14.1.jar
7f5c0e3a3000-7f5c0e3a6000 r--s 00009000 08:02 3402099                    /home/ankit/Downloads/android-studio/gradle/gradle-2.14.1/lib/plugins/gradle-scala-2.14.1.jar
7f5c0e3a6000-7f5c0e3a7000 r--s 00004000 08:02 3402295                    /home/ankit/Downloads/android-studio/gradle/gradle-2.14.1/lib/plugins/gradle-resources-sftp-2.14.1.jar
7f5c0e3a7000-7f5c0e3b7000 r--s 00088000 08:02 3402329                    /home/ankit/Downloads/android-studio/gradle/gradle-2.14.1/lib/plugins/joda-time-2.8.2.jar
7f5c0e3b7000-7f5c0e3c8000 r--s 000cf000 08:02 3402375                    /home/ankit/Downloads/android-studio/gradle/gradle-2.14.1/lib/plugins/jackson-databind-2.3.2.jar
7f5c0e3c8000-7f5c0e3ca000 r--s 00007000 08:02 3402352                    /home/ankit/Downloads/android-studio/gradle/gradle-2.14.1/lib/plugins/jackson-annotations-2.3.2.jar
7f5c0e3ca000-7f5c0e3cd000 r--s 0002e000 08:02 3402358                    /home/ankit/Downloads/android-studio/gradle/gradle-2.14.1/lib/plugins/jackson-core-2.3.2.jar
7f5c0e3cd000-7f5c0e3d8000 r--s 0006b000 08:02 3402381                    /home/ankit/Downloads/android-studio/gradle/gradle-2.14.1/lib/plugins/aws-java-sdk-core-1.9.19.jar
7f5c0e3d8000-7f5c0e3de000 r--s 00036000 08:02 3402351                    /home/ankit/Downloads/android-studio/gradle/gradle-2.14.1/lib/plugins/aws-java-sdk-kms-1.9.19.jar
7f5c0e3de000-7f5c0e3e9000 r--s 00079000 08:02 3402341                    /home/ankit/Downloads/android-studio/gradle/gradle-2.14.1/lib/plugins/aws-java-sdk-s3-1.9.19.jar
7f5c0e3e9000-7f5c0e3ea000 r--s 00003000 08:02 3402305                    /home/ankit/Downloads/android-studio/gradle/gradle-2.14.1/lib/plugins/gradle-resources-s3-2.14.1.jar
7f5c0e3ea000-7f5c0e3ec000 r--s 00005000 08:02 3402370                    /home/ankit/Downloads/android-studio/gradle/gradle-2.14.1/lib/plugins/jatl-0.2.2.jar
7f5c0e3ec000-7f5c0e3ee000 r--s 0000f000 08:02 3402311                    /home/ankit/Downloads/android-studio/gradle/gradle-2.14.1/lib/plugins/gradle-reporting-2.14.1.jar
7f5c0e3ee000-7f5c0e3f0000 r--s 00002000 08:02 3402252                    /home/ankit/Downloads/android-studio/gradle/gradle-2.14.1/lib/plugins/gradle-publish-2.14.1.jar
7f5c0e3f0000-7f5c0e3f2000 r--s 00009000 08:02 3402334                    /home/ankit/Downloads/android-studio/gradle/gradle-2.14.1/lib/plugins/commons-cli-1.2.jar
7f5c0e3f2000-7f5c0e3f8000 r--s 00033000 08:02 3402098                    /home/ankit/Downloads/android-studio/gradle/gradle-2.14.1/lib/plugins/gradle-plugins-2.14.1.jar
7f5c0e3f8000-7f5c0e3fa000 r--s 00007000 08:02 3402083                    /home/ankit/Downloads/android-studio/gradle/gradle-2.14.1/lib/plugins/gradle-plugin-development-2.14.1.jar
7f5c0e3fa000-7f5c0e400000 r--s 0002a000 08:02 3402292                    /home/ankit/Downloads/android-studio/gradle/gradle-2.14.1/lib/plugins/gradle-platform-play-2.14.1.jar
7f5c0e400000-7f5c0e40d000 r--s 0004d000 08:02 3402291                    /home/ankit/Downloads/android-studio/gradle/gradle-2.14.1/lib/plugins/gradle-platform-native-2.14.1.jar
7f5c0e40d000-7f5c0e411000 r--s 0001a000 08:02 3402304                    /home/ankit/Downloads/android-studio/gradle/gradle-2.14.1/lib/plugins/gradle-platform-jvm-2.14.1.jar
7f5c0e411000-7f5c0e418000 r--s 00029000 08:02 3402097                    /home/ankit/Downloads/android-studio/gradle/gradle-2.14.1/lib/plugins/gradle-platform-base-2.14.1.jar
7f5c0e418000-7f5c0e439000 r--s 001c3000 08:02 3402322                    /home/ankit/Downloads/android-studio/gradle/gradle-2.14.1/lib/plugins/bndlib-2.4.0.jar
7f5c0e439000-7f5c0e43b000 r--s 00003000 08:02 3402306                    /home/ankit/Downloads/android-studio/gradle/gradle-2.14.1/lib/plugins/gradle-osgi-2.14.1.jar
7f5c0e43b000-7f5c0e43e000 r--s 0000c000 08:02 3402378                    /home/ankit/Downloads/android-studio/gradle/gradle-2.14.1/lib/plugins/pmaven-groovy-0.8-20100325.jar
7f5c0e43e000-7f5c0e43f000 r--s 00004000 08:02 3402369                    /home/ankit/Downloads/android-studio/gradle/gradle-2.14.1/lib/plugins/pmaven-common-0.8-20100325.jar
7f5c0e43f000-7f5c0e445000 r--s 00022000 08:02 3402096                    /home/ankit/Downloads/android-studio/gradle/gradle-2.14.1/lib/plugins/gradle-maven-2.14.1.jar
7f5c0e445000-7f5c0e447000 r--s 0000a000 08:02 3402088                    /home/ankit/Downloads/android-studio/gradle/gradle-2.14.1/lib/plugins/gradle-language-scala-2.14.1.jar
7f5c0e447000-7f5c0e44d000 r--s 0001a000 08:02 3402092                    /home/ankit/Downloads/android-studio/gradle/gradle-2.14.1/lib/plugins/gradle-language-native-2.14.1.jar
7f5c0e44d000-7f5c0e44f000 r--s 00008000 08:02 3402084                    /home/ankit/Downloads/android-studio/gradle/gradle-2.14.1/lib/plugins/gradle-language-jvm-2.14.1.jar
7f5c0e44f000-7f5c0e455000 r--s 00024000 08:02 3402300                    /home/ankit/Downloads/android-studio/gradle/gradle-2.14.1/lib/plugins/gradle-language-java-2.14.1.jar
7f5c0e455000-7f5c0e457000 r--s 0000a000 08:02 3402290                    /home/ankit/Downloads/android-studio/gradle/gradle-2.14.1/lib/plugins/gradle-language-groovy-2.14.1.jar
7f5c0e457000-7f5c0e45a000 r--s 0001e000 08:02 3402319                    /home/ankit/Downloads/android-studio/gradle/gradle-2.14.1/lib/plugins/jsp-api-2.1-6.1.14.jar
7f5c0e45a000-7f5c0e47d000 r--s 00344000 08:02 3402353                    /home/ankit/Downloads/android-studio/gradle/gradle-2.14.1/lib/plugins/core-3.1.1.jar
7f5c0e47d000-7f5c0e47e000 r--s 00006000 08:02 3402376                    /home/ankit/Downloads/android-studio/gradle/gradle-2.14.1/lib/plugins/jetty-naming-6.1.25.jar
7f5c0e47e000-7f5c0e47f000 r--s 00002000 08:02 3402349                    /home/ankit/Downloads/android-studio/gradle/gradle-2.14.1/lib/plugins/geronimo-annotation_1.0_spec-1.0.jar
7f5c0e47f000-7f5c0e481000 r--s 00002000 08:02 3402373                    /home/ankit/Downloads/android-studio/gradle/gradle-2.14.1/lib/plugins/jetty-annotations-6.1.25.jar
7f5c0e481000-7f5c0e492000 r--s 000ea000 08:02 3402379                    /home/ankit/Downloads/android-studio/gradle/gradle-2.14.1/lib/plugins/jsp-2.1-6.1.14.jar
7f5c0e492000-7f5c0e494000 r--s 0000d000 08:02 3402354                    /home/ankit/Downloads/android-studio/gradle/gradle-2.14.1/lib/plugins/jetty-plus-6.1.25.jar
7f5c0e494000-7f5c0e496000 r--s 0001f000 08:02 3402385                    /home/ankit/Downloads/android-studio/gradle/gradle-2.14.1/lib/plugins/servlet-api-2.5-20081211.jar
7f5c0e496000-7f5c0e49a000 r--s 00028000 08:02 3402337                    /home/ankit/Downloads/android-studio/gradle/gradle-2.14.1/lib/plugins/jetty-util-6.1.25.jar
7f5c0e49a000-7f5c0e4a1000 r--s 0007d000 08:02 3402344                    /home/ankit/Downloads/android-studio/gradle/gradle-2.14.1/lib/plugins/jetty-6.1.25.jar
7f5c0e4a1000-7f5c0e4a3000 r--s 00009000 08:02 3402309                    /home/ankit/Downloads/android-studio/gradle/gradle-2.14.1/lib/plugins/gradle-jetty-2.14.1.jar
7f5c0e4a3000-7f5c0e4aa000 r--s 00035000 08:02 3402382                    /home/ankit/Downloads/android-studio/gradle/gradle-2.14.1/lib/plugins/simple-4.1.21.jar
7f5c0e4aa000-7f5c0e4b6000 r--s 00100000 08:02 3402330                    /home/ankit/Downloads/android-studio/gradle/gradle-2.14.1/lib/plugins/rhino-1.7R3.jar
7f5c0e4b6000-7f5c0e4ba000 r--s 00011000 08:02 3402297                    /home/ankit/Downloads/android-studio/gradle/gradle-2.14.1/lib/plugins/gradle-javascript-2.14.1.jar
7f5c0e4ba000-7f5c0e4bc000 r--s 0000c000 08:02 3402317                    /home/ankit/Downloads/android-studio/gradle/gradle-2.14.1/lib/plugins/gradle-jacoco-2.14.1.jar
7f5c0e4bc000-7f5c0e4bf000 r--s 0000e000 08:02 3402316                    /home/ankit/Downloads/android-studio/gradle/gradle-2.14.1/lib/plugins/gradle-ivy-2.14.1.jar
7f5c0e4bf000-7f5c0e4c0000 r--s 00002000 08:02 3402313                    /home/ankit/Downloads/android-studio/gradle/gradle-2.14.1/lib/plugins/gradle-ide-play-2.14.1.jar
7f5c0e4c0000-7f5c0e4c5000 r--s 0002b000 08:02 3402310                    /home/ankit/Downloads/android-studio/gradle/gradle-2.14.1/lib/plugins/gradle-ide-native-2.14.1.jar
7f5c0e4c5000-7f5c0e4d0000 r--s 00066000 08:02 3402089                    /home/ankit/Downloads/android-studio/gradle/gradle-2.14.1/lib/plugins/gradle-ide-2.14.1.jar
7f5c0e4d0000-7f5c0e4d1000 r--s 00008000 08:02 3402087                    /home/ankit/Downloads/android-studio/gradle/gradle-2.14.1/lib/plugins/gradle-ear-2.14.1.jar
7f5c0e4d1000-7f5c0e4d7000 r--s 00032000 08:02 3402094                    /home/ankit/Downloads/android-studio/gradle/gradle-2.14.1/lib/plugins/gradle-diagnostics-2.14.1.jar
7f5c0e4d7000-7f5c0e4db000 r--s 00021000 08:02 3402312                    /home/ankit/Downloads/android-studio/gradle/gradle-2.14.1/lib/plugins/gradle-code-quality-2.14.1.jar
7f5c0e4db000-7f5c0e4df000 r--s 0001f000 08:02 3402093                    /home/ankit/Downloads/android-studio/gradle/gradle-2.14.1/lib/plugins/gradle-build-init-2.14.1.jar
7f5c0e4df000-7f5c0e4e6000 r--s 0008e000 08:02 3402314                    /home/ankit/Downloads/android-studio/gradle/gradle-2.14.1/lib/plugins/gradle-build-comparison-2.14.1.jar
7f5c0e4e6000-7f5c0e4e8000 r--s 00008000 08:02 3402302                    /home/ankit/Downloads/android-studio/gradle/gradle-2.14.1/lib/plugins/gradle-antlr-2.14.1.jar
7f5c0e4e8000-7f5c0e4ea000 r--s 00004000 08:02 3402315                    /home/ankit/Downloads/android-studio/gradle/gradle-2.14.1/lib/plugins/gradle-announce-2.14.1.jar
7f5c0e4ea000-7f5c0e502000 r--s 00115000 08:02 3402347                    /home/ankit/Downloads/android-studio/gradle/gradle-2.14.1/lib/plugins/xercesImpl-2.9.1.jar
7f5c0e502000-7f5c0e50a000 r--s 00028000 08:02 3402366                    /home/ankit/Downloads/android-studio/gradle/gradle-2.14.1/lib/plugins/xml-apis-1.3.04.jar
7f5c0e50a000-7f5c0e510000 r--s 0005b000 08:02 3402359                    /home/ankit/Downloads/android-studio/gradle/gradle-2.14.1/lib/plugins/jcifs-1.3.17.jar
7f5c0e510000-7f5c0e517000 r--s 00049000 08:02 3402296                    /home/ankit/Downloads/android-studio/gradle/gradle-2.14.1/lib/plugins/httpcore-4.4.4.jar
7f5c0e517000-7f5c0e51d000 r--s 00033000 08:02 3402328                    /home/ankit/Downloads/android-studio/gradle/gradle-2.14.1/lib/plugins/commons-codec-1.6.jar
7f5c0e51d000-7f5c0e520000 r--s 0001c000 08:02 3402326                    /home/ankit/Downloads/android-studio/gradle/gradle-2.14.1/lib/plugins/nekohtml-1.9.14.jar
7f5c0e520000-7f5c0e52d000 r--s 000a4000 08:02 3402307                    /home/ankit/Downloads/android-studio/gradle/gradle-2.14.1/lib/plugins/httpclient-4.4.1.jar
7f5c0e52d000-7f5c0e52f000 r--s 0000a000 08:02 3402082                    /home/ankit/Downloads/android-studio/gradle/gradle-2.14.1/lib/plugins/gradle-resources-http-2.14.1.jar
7f5c0e52f000-7f5c0e533000 r--s 00014000 08:02 3402294                    /home/ankit/Downloads/android-studio/gradle/gradle-2.14.1/lib/plugins/gradle-plugin-use-2.14.1.jar
7f5c0e533000-7f5c0e534000 r--s 00000000 08:02 3394352                    /home/ankit/Downloads/android-studio/gradle/gradle-2.14.1/lib/gradle-installation-beacon-2.14.1.jar
7f5c0e534000-7f5c0e535000 r--s 00007000 08:02 3402335                    /home/ankit/Downloads/android-studio/gradle/gradle-2.14.1/lib/plugins/wagon-http-shared4-2.4.jar
7f5c0e535000-7f5c0e539000 r--s 00033000 08:02 3402372                    /home/ankit/Downloads/android-studio/gradle/gradle-2.14.1/lib/plugins/plexus-utils-2.0.6.jar
7f5c0e539000-7f5c0e53d000 r--s 00021000 08:02 3402361                    /home/ankit/Downloads/android-studio/gradle/gradle-2.14.1/lib/plugins/maven-model-builder-3.0.4.jar
7f5c0e53d000-7f5c0e53e000 r--s 00002000 08:02 3402327                    /home/ankit/Downloads/android-studio/gradle/gradle-2.14.1/lib/plugins/wagon-file-2.4.jar
7f5c0e53e000-7f5c0e540000 r--s 00002000 08:02 3402368                    /home/ankit/Downloads/android-studio/gradle/gradle-2.14.1/lib/plugins/plexus-cipher-1.7.jar
7f5c0e540000-7f5c0e543000 r--s 00013000 08:02 3402384                    /home/ankit/Downloads/android-studio/gradle/gradle-2.14.1/lib/plugins/aether-api-1.13.1.jar
7f5c0e543000-7f5c0e545000 r--s 0000a000 08:02 3402338                    /home/ankit/Downloads/android-studio/gradle/gradle-2.14.1/lib/plugins/maven-settings-3.0.4.jar
7f5c0e545000-7f5c0e547000 r--s 0000d000 08:02 3402362                    /home/ankit/Downloads/android-studio/gradle/gradle-2.14.1/lib/plugins/plexus-interpolation-1.14.jar
7f5c0e547000-7f5c0e549000 r--s 0000b000 08:02 3402377                    /home/ankit/Downloads/android-studio/gradle/gradle-2.14.1/lib/plugins/maven-artifact-3.0.4.jar
7f5c0e549000-7f5c0e550000 r--s 0002e000 08:02 3402332                    /home/ankit/Downloads/android-studio/gradle/gradle-2.14.1/lib/plugins/plexus-container-default-1.5.5.jar
7f5c0e550000-7f5c0e552000 r--s 0000b000 08:02 3402355                    /home/ankit/Downloads/android-studio/gradle/gradle-2.14.1/lib/plugins/maven-plugin-api-3.0.4.jar
7f5c0e552000-7f5c0e554000 r--s 00000000 08:02 3402357                    /home/ankit/Downloads/android-studio/gradle/gradle-2.14.1/lib/plugins/plexus-component-annotations-1.5.5.jar
7f5c0e554000-7f5c0e55a000 r--s 0003f000 08:02 3402363                    /home/ankit/Downloads/android-studio/gradle/gradle-2.14.1/lib/plugins/maven-compat-3.0.4.jar
7f5c0e55a000-7f5c0e55d000 r--s 00008000 08:02 3402345                    /home/ankit/Downloads/android-studio/gradle/gradle-2.14.1/lib/plugins/maven-settings-builder-3.0.4.jar
7f5c0e55d000-7f5c0e55f000 r--s 00026000 08:02 3402383                    /home/ankit/Downloads/android-studio/gradle/gradle-2.14.1/lib/plugins/maven-model-3.0.4.jar
7f5c0e55f000-7f5c0e561000 r--s 00006000 08:02 3402374                    /home/ankit/Downloads/android-studio/gradle/gradle-2.14.1/lib/plugins/aether-connector-wagon-1.13.1.jar
7f5c0e561000-7f5c0e563000 r--s 0000a000 08:02 3402333                    /home/ankit/Downloads/android-studio/gradle/gradle-2.14.1/lib/plugins/plexus-classworlds-2.4.jar
7f5c0e563000-7f5c0e565000 r--s 00006000 08:02 3402364                    /home/ankit/Downloads/android-studio/gradle/gradle-2.14.1/lib/plugins/maven-repository-metadata-3.0.4.jar
7f5c0e565000-7f5c0e567000 r--s 0000c000 08:02 3402348                    /home/ankit/Downloads/android-studio/gradle/gradle-2.14.1/lib/plugins/maven-aether-provider-3.0.4.jar
7f5c0e567000-7f5c0e569000 r--s 0000b000 08:02 3402340                    /home/ankit/Downloads/android-studio/gradle/gradle-2.14.1/lib/plugins/wagon-provider-api-2.4.jar
7f5c0e569000-7f5c0e56d000 r--s 0001c000 08:02 3402380                    /home/ankit/Downloads/android-studio/gradle/gradle-2.14.1/lib/plugins/aether-util-1.13.1.jar
7f5c0e56d000-7f5c0e570000 r--s 0001d000 08:02 3402360                    /home/ankit/Downloads/android-studio/gradle/gradle-2.14.1/lib/plugins/aether-impl-1.13.1.jar
7f5c0e570000-7f5c0e575000 r--s 00040000 08:02 3402321                    /home/ankit/Downloads/android-studio/gradle/gradle-2.14.1/lib/plugins/jsch-0.1.53.jar
7f5c0e575000-7f5c0e5b5000 r--s 00277000 08:02 3402323                    /home/ankit/Downloads/android-studio/gradle/gradle-2.14.1/lib/plugins/bcprov-jdk15on-1.51.jar
7f5c0e5b5000-7f5c0e5c1000 r--s 0007d000 08:02 3402367                    /home/ankit/Downloads/android-studio/gradle/gradle-2.14.1/lib/plugins/maven-core-3.0.4.jar
7f5c0e5c1000-7f5c0e5c6000 r--s 0002a000 08:02 3402346                    /home/ankit/Downloads/android-studio/gradle/gradle-2.14.1/lib/plugins/gson-2.2.4.jar
7f5c0e5c6000-7f5c0e5dc000 r-xp 00000000 08:02 2624314                    /lib/x86_64-linux-gnu/libgcc_s.so.1
7f5c0e5dc000-7f5c0e7db000 ---p 00016000 08:02 2624314                    /lib/x86_64-linux-gnu/libgcc_s.so.1
7f5c0e7db000-7f5c0e7dc000 r--p 00015000 08:02 2624314                    /lib/x86_64-linux-gnu/libgcc_s.so.1
7f5c0e7dc000-7f5c0e7dd000 rw-p 00016000 08:02 2624314                    /lib/x86_64-linux-gnu/libgcc_s.so.1
7f5c0e7dd000-7f5c0e950000 r-xp 00000000 08:02 61223                      /usr/lib/x86_64-linux-gnu/libstdc++.so.6.0.21
7f5c0e950000-7f5c0eb4f000 ---p 00173000 08:02 61223                      /usr/lib/x86_64-linux-gnu/libstdc++.so.6.0.21
7f5c0eb4f000-7f5c0eb59000 r--p 00172000 08:02 61223                      /usr/lib/x86_64-linux-gnu/libstdc++.so.6.0.21
7f5c0eb59000-7f5c0eb5b000 rw-p 0017c000 08:02 61223                      /usr/lib/x86_64-linux-gnu/libstdc++.so.6.0.21
7f5c0eb5b000-7f5c0eb5f000 rw-p 00000000 00:00 0 
7f5c0eb5f000-7f5c0eb60000 r--s 00002000 08:02 3402318                    /home/ankit/Downloads/android-studio/gradle/gradle-2.14.1/lib/plugins/wagon-http-2.4.jar
7f5c0eb60000-7f5c0eb61000 r--s 00003000 08:02 3402320                    /home/ankit/Downloads/android-studio/gradle/gradle-2.14.1/lib/plugins/aether-spi-1.13.1.jar
7f5c0eb61000-7f5c0eb62000 r--s 00006000 08:02 3402365                    /home/ankit/Downloads/android-studio/gradle/gradle-2.14.1/lib/plugins/plexus-sec-dispatcher-1.3.jar
7f5c0eb62000-7f5c0eb7e000 r--s 000d3000 08:02 3402161                    /home/ankit/Downloads/android-studio/gradle/gradle-2.14.1/lib/plugins/gradle-dependency-management-2.14.1.jar
7f5c0eb7e000-7f5c0eb82000 r-xp 00000000 08:02 3391672                    /home/ankit/.gradle/native/19/linux-amd64/libnative-platform.so
7f5c0eb82000-7f5c0ed81000 ---p 00004000 08:02 3391672                    /home/ankit/.gradle/native/19/linux-amd64/libnative-platform.so
7f5c0ed81000-7f5c0ed82000 rw-p 00003000 08:02 3391672                    /home/ankit/.gradle/native/19/linux-amd64/libnative-platform.so
7f5c0ed82000-7f5c0ed93000 r-xp 00000000 08:02 253988                     /usr/lib/jvm/java-8-oracle/jre/lib/amd64/libnio.so
7f5c0ed93000-7f5c0ef92000 ---p 00011000 08:02 253988                     /usr/lib/jvm/java-8-oracle/jre/lib/amd64/libnio.so
7f5c0ef92000-7f5c0ef93000 rw-p 00010000 08:02 253988                     /usr/lib/jvm/java-8-oracle/jre/lib/amd64/libnio.so
7f5c0ef93000-7f5c0f294000 rw-p 00000000 00:00 0 
7f5c0f294000-7f5c0f2aa000 r-xp 00000000 08:02 253965                     /usr/lib/jvm/java-8-oracle/jre/lib/amd64/libnet.so
7f5c0f2aa000-7f5c0f4aa000 ---p 00016000 08:02 253965                     /usr/lib/jvm/java-8-oracle/jre/lib/amd64/libnet.so
7f5c0f4aa000-7f5c0f4ab000 rw-p 00016000 08:02 253965                     /usr/lib/jvm/java-8-oracle/jre/lib/amd64/libnet.so
7f5c0f4ab000-7f5c0f51a000 r--s 0063e000 08:02 3394407                    /home/ankit/Downloads/android-studio/gradle/gradle-2.14.1/lib/groovy-all-2.4.4.jar
7f5c0f51a000-7f5c0f51b000 ---p 00000000 00:00 0 
7f5c0f51b000-7f5c0f61b000 rw-p 00000000 00:00 0 
7f5c0f61b000-7f5c0f61e000 ---p 00000000 00:00 0 
7f5c0f61e000-7f5c0f71c000 rw-p 00000000 00:00 0 
7f5c0f71c000-7f5c0f71f000 ---p 00000000 00:00 0 
7f5c0f71f000-7f5c0f81d000 rw-p 00000000 00:00 0 
7f5c0f81d000-7f5c0f820000 ---p 00000000 00:00 0 
7f5c0f820000-7f5c0f91e000 rw-p 00000000 00:00 0 
7f5c0f91e000-7f5c10000000 r--p 00000000 08:02 59247                      /usr/lib/locale/locale-archive
7f5c10000000-7f5c10139000 rw-p 00000000 00:00 0 
7f5c10139000-7f5c14000000 ---p 00000000 00:00 0 
7f5c14000000-7f5c14004000 r--s 0001d000 08:02 3402350                    /home/ankit/Downloads/android-studio/gradle/gradle-2.14.1/lib/plugins/xbean-reflect-3.4.jar
7f5c14004000-7f5c14013000 r--s 000d9000 08:02 3402331                    /home/ankit/Downloads/android-studio/gradle/gradle-2.14.1/lib/plugins/ivy-2.2.0.jar
7f5c14013000-7f5c14015000 r--s 00005000 08:02 3394358                    /home/ankit/Downloads/android-studio/gradle/gradle-2.14.1/lib/gradle-wrapper-2.14.1.jar
7f5c14015000-7f5c14023000 r--s 0004f000 08:02 3394344                    /home/ankit/Downloads/android-studio/gradle/gradle-2.14.1/lib/gradle-tooling-api-2.14.1.jar
7f5c14023000-7f5c14025000 r--s 00002000 08:02 3394350                    /home/ankit/Downloads/android-studio/gradle/gradle-2.14.1/lib/gradle-open-api-2.14.1.jar
7f5c14025000-7f5c1402b000 r--s 00032000 08:02 3394400                    /home/ankit/Downloads/android-studio/gradle/gradle-2.14.1/lib/jaxen-1.1.jar
7f5c1402b000-7f5c14030000 r--s 00048000 08:02 3394380                    /home/ankit/Downloads/android-studio/gradle/gradle-2.14.1/lib/dom4j-1.6.1.jar
7f5c14030000-7f5c1403b000 r--s 00059000 08:02 3394373                    /home/ankit/Downloads/android-studio/gradle/gradle-2.14.1/lib/gradle-ui-2.14.1.jar
7f5c1403b000-7f5c1403e000 r--s 0000b000 08:02 3394378                    /home/ankit/Downloads/android-studio/gradle/gradle-2.14.1/lib/gradle-resources-2.14.1.jar
7f5c1403e000-7f5c14040000 r--s 00003000 08:02 3394402                    /home/ankit/Downloads/android-studio/gradle/gradle-2.14.1/lib/jcl-over-slf4j-1.7.10.jar
7f5c14040000-7f5c14041000 r--s 00005000 08:02 3394397                    /home/ankit/Downloads/android-studio/gradle/gradle-2.14.1/lib/log4j-over-slf4j-1.7.10.jar
7f5c14041000-7f5c14043000 r--s 00000000 08:02 3394404                    /home/ankit/Downloads/android-studio/gradle/gradle-2.14.1/lib/jul-to-slf4j-1.7.10.jar
7f5c14043000-7f5c14048000 r--s 0001c000 08:02 3394356                    /home/ankit/Downloads/android-studio/gradle/gradle-2.14.1/lib/gradle-logging-2.14.1.jar
7f5c14048000-7f5c1404a000 r--s 00007000 08:02 3394403                    /home/ankit/Downloads/android-studio/gradle/gradle-2.14.1/lib/objenesis-1.2.jar
7f5c1404a000-7f5c1404c000 r--s 00000000 08:02 3394383                    /home/ankit/Downloads/android-studio/gradle/gradle-2.14.1/lib/minlog-1.2.jar
7f5c1404c000-7f5c1404e000 r--s 0000f000 08:02 3394389                    /home/ankit/Downloads/android-studio/gradle/gradle-2.14.1/lib/reflectasm-1.07-shaded.jar
7f5c1404e000-7f5c14052000 r--s 00026000 08:02 3394395                    /home/ankit/Downloads/android-studio/gradle/gradle-2.14.1/lib/kryo-2.20.jar
7f5c14052000-7f5c14058000 r--s 00025000 08:02 3394347                    /home/ankit/Downloads/android-studio/gradle/gradle-2.14.1/lib/gradle-messaging-2.14.1.jar
7f5c14058000-7f5c14059000 r--s 00003000 08:02 3394401                    /home/ankit/Downloads/android-studio/gradle/gradle-2.14.1/lib/native-platform-freebsd-amd64-0.10.jar
7f5c14059000-7f5c1405a000 r--s 00003000 08:02 3394390                    /home/ankit/Downloads/android-studio/gradle/gradle-2.14.1/lib/native-platform-freebsd-i386-0.10.jar
7f5c1405a000-7f5c1405b000 r--s 00005000 08:02 3394385                    /home/ankit/Downloads/android-studio/gradle/gradle-2.14.1/lib/native-platform-windows-i386-0.10.jar
7f5c1405b000-7f5c1405c000 r--s 00005000 08:02 3394384                    /home/ankit/Downloads/android-studio/gradle/gradle-2.14.1/lib/native-platform-windows-amd64-0.10.jar
7f5c1405c000-7f5c1405d000 r--s 00003000 08:02 3394391                    /home/ankit/Downloads/android-studio/gradle/gradle-2.14.1/lib/native-platform-linux-i386-0.10.jar
7f5c1405d000-7f5c1405e000 r--s 00003000 08:02 3394382                    /home/ankit/Downloads/android-studio/gradle/gradle-2.14.1/lib/native-platform-linux-amd64-0.10.jar
7f5c1405e000-7f5c1406d000 r--s 00080000 08:02 3394371                    /home/ankit/Downloads/android-studio/gradle/gradle-2.14.1/lib/gradle-model-core-2.14.1.jar
7f5c1406d000-7f5c14095000 r--s 001cf000 08:02 3394387                    /home/ankit/Downloads/android-studio/gradle/gradle-2.14.1/lib/guava-jdk5-17.0.jar
7f5c14095000-7f5c140b4000 r--s 001d1000 08:02 3394357                    /home/ankit/Downloads/android-studio/gradle/gradle-2.14.1/lib/ant-1.9.6.jar
7f5c140b4000-7f5c140eb000 r--s 001bd000 08:02 3394359                    /home/ankit/Downloads/android-studio/gradle/gradle-2.14.1/lib/gradle-core-2.14.1.jar
7f5c140eb000-7f5c140ee000 ---p 00000000 00:00 0 
7f5c140ee000-7f5c141ec000 rw-p 00000000 00:00 0 
7f5c141ec000-7f5c141ef000 ---p 00000000 00:00 0 
7f5c141ef000-7f5c142ed000 rw-p 00000000 00:00 0 
7f5c142ed000-7f5c142f0000 ---p 00000000 00:00 0 
7f5c142f0000-7f5c143ee000 rw-p 00000000 00:00 0 
7f5c143ee000-7f5c143f1000 ---p 00000000 00:00 0 
7f5c143f1000-7f5c144ef000 rw-p 00000000 00:00 0 
7f5c144ef000-7f5c144f0000 ---p 00000000 00:00 0 
7f5c144f0000-7f5c155b1000 rw-p 00000000 00:00 0 
7f5c155b1000-7f5c1578a000 r--s 03d29000 08:02 239567                     /usr/lib/jvm/java-8-oracle/jre/lib/rt.jar
7f5c1578a000-7f5c19000000 rw-p 00000000 00:00 0 
7f5c19000000-7f5c1afa0000 rwxp 00000000 00:00 0 
7f5c1afa0000-7f5c28000000 ---p 00000000 00:00 0 
7f5c28000000-7f5c28b98000 rw-p 00000000 00:00 0 
7f5c28b98000-7f5c2c000000 ---p 00000000 00:00 0 
7f5c2c000000-7f5c2c001000 r--s 00002000 08:02 3394381                    /home/ankit/Downloads/android-studio/gradle/gradle-2.14.1/lib/native-platform-osx-amd64-0.10.jar
7f5c2c001000-7f5c2c003000 r--s 00008000 08:02 3394399                    /home/ankit/Downloads/android-studio/gradle/gradle-2.14.1/lib/jansi-1.2.1.jar
7f5c2c003000-7f5c2c006000 r--s 0000d000 08:02 3394394                    /home/ankit/Downloads/android-studio/gradle/gradle-2.14.1/lib/native-platform-0.10.jar
7f5c2c006000-7f5c2c00a000 r--s 000e4000 08:02 3394393                    /home/ankit/Downloads/android-studio/gradle/gradle-2.14.1/lib/jna-3.2.7.jar
7f5c2c00a000-7f5c2c00c000 r--s 00009000 08:02 3394375                    /home/ankit/Downloads/android-studio/gradle/gradle-2.14.1/lib/gradle-native-2.14.1.jar
7f5c2c00c000-7f5c2c00e000 r--s 00005000 08:02 3394376                    /home/ankit/Downloads/android-studio/gradle/gradle-2.14.1/lib/gradle-cli-2.14.1.jar
7f5c2c00e000-7f5c2c01b000 r--s 00083000 08:02 3394379                    /home/ankit/Downloads/android-studio/gradle/gradle-2.14.1/lib/commons-collections-3.2.2.jar
7f5c2c01b000-7f5c2c33c000 rw-p 00000000 00:00 0 
7f5c2c33c000-7f5c2c33d000 ---p 00000000 00:00 0 
7f5c2c33d000-7f5c2c43d000 rw-p 00000000 00:00 0 
7f5c2c43d000-7f5c2c43e000 ---p 00000000 00:00 0 
7f5c2c43e000-7f5c2c53e000 rw-p 00000000 00:00 0 
7f5c2c53e000-7f5c2c53f000 ---p 00000000 00:00 0 
7f5c2c53f000-7f5c2c63f000 rw-p 00000000 00:00 0 
7f5c2c63f000-7f5c2c640000 ---p 00000000 00:00 0 
7f5c2c640000-7f5c2c8ab000 rw-p 00000000 00:00 0 
7f5c2c8ab000-7f5c2c940000 ---p 00000000 00:00 0 
7f5c2c940000-7f5c2caab000 rw-p 00000000 00:00 0 
7f5c2caab000-7f5c2cb40000 ---p 00000000 00:00 0 
7f5c2cb40000-7f5c2cc40000 rw-p 00000000 00:00 0 
7f5c2cc40000-7f5c2ccc0000 rw-p 00000000 00:00 0 
7f5c2ccc0000-7f5c2d001000 ---p 00000000 00:00 0 
7f5c2d001000-7f5c2d01b000 r-xp 00000000 08:02 253986                     /usr/lib/jvm/java-8-oracle/jre/lib/amd64/libzip.so
7f5c2d01b000-7f5c2d21b000 ---p 0001a000 08:02 253986                     /usr/lib/jvm/java-8-oracle/jre/lib/amd64/libzip.so
7f5c2d21b000-7f5c2d21c000 rw-p 0001a000 08:02 253986                     /usr/lib/jvm/java-8-oracle/jre/lib/amd64/libzip.so
7f5c2d21c000-7f5c2d226000 r-xp 00000000 08:02 2621662                    /lib/x86_64-linux-gnu/libnss_files-2.21.so
7f5c2d226000-7f5c2d426000 ---p 0000a000 08:02 2621662                    /lib/x86_64-linux-gnu/libnss_files-2.21.so
7f5c2d426000-7f5c2d427000 r--p 0000a000 08:02 2621662                    /lib/x86_64-linux-gnu/libnss_files-2.21.so
7f5c2d427000-7f5c2d428000 rw-p 0000b000 08:02 2621662                    /lib/x86_64-linux-gnu/libnss_files-2.21.so
7f5c2d428000-7f5c2d433000 r-xp 00000000 08:02 2623427                    /lib/x86_64-linux-gnu/libnss_nis-2.21.so
7f5c2d433000-7f5c2d632000 ---p 0000b000 08:02 2623427                    /lib/x86_64-linux-gnu/libnss_nis-2.21.so
7f5c2d632000-7f5c2d633000 r--p 0000a000 08:02 2623427                    /lib/x86_64-linux-gnu/libnss_nis-2.21.so
7f5c2d633000-7f5c2d634000 rw-p 0000b000 08:02 2623427                    /lib/x86_64-linux-gnu/libnss_nis-2.21.so
7f5c2d634000-7f5c2d64b000 r-xp 00000000 08:02 2623430                    /lib/x86_64-linux-gnu/libnsl-2.21.so
7f5c2d64b000-7f5c2d84a000 ---p 00017000 08:02 2623430                    /lib/x86_64-linux-gnu/libnsl-2.21.so
7f5c2d84a000-7f5c2d84b000 r--p 00016000 08:02 2623430                    /lib/x86_64-linux-gnu/libnsl-2.21.so
7f5c2d84b000-7f5c2d84c000 rw-p 00017000 08:02 2623430                    /lib/x86_64-linux-gnu/libnsl-2.21.so
7f5c2d84c000-7f5c2d84e000 rw-p 00000000 00:00 0 
7f5c2d84e000-7f5c2d856000 r-xp 00000000 08:02 2622662                    /lib/x86_64-linux-gnu/libnss_compat-2.21.so
7f5c2d856000-7f5c2da55000 ---p 00008000 08:02 2622662                    /lib/x86_64-linux-gnu/libnss_compat-2.21.so
7f5c2da55000-7f5c2da56000 r--p 00007000 08:02 2622662                    /lib/x86_64-linux-gnu/libnss_compat-2.21.so
7f5c2da56000-7f5c2da57000 rw-p 00008000 08:02 2622662                    /lib/x86_64-linux-gnu/libnss_compat-2.21.so
7f5c2da57000-7f5c2da81000 r-xp 00000000 08:02 254012                     /usr/lib/jvm/java-8-oracle/jre/lib/amd64/libjava.so
7f5c2da81000-7f5c2dc81000 ---p 0002a000 08:02 254012                     /usr/lib/jvm/java-8-oracle/jre/lib/amd64/libjava.so
7f5c2dc81000-7f5c2dc83000 rw-p 0002a000 08:02 254012                     /usr/lib/jvm/java-8-oracle/jre/lib/amd64/libjava.so
7f5c2dc83000-7f5c2dc90000 r-xp 00000000 08:02 253966                     /usr/lib/jvm/java-8-oracle/jre/lib/amd64/libverify.so
7f5c2dc90000-7f5c2de90000 ---p 0000d000 08:02 253966                     /usr/lib/jvm/java-8-oracle/jre/lib/amd64/libverify.so
7f5c2de90000-7f5c2de92000 rw-p 0000d000 08:02 253966                     /usr/lib/jvm/java-8-oracle/jre/lib/amd64/libverify.so
7f5c2de92000-7f5c2de99000 r-xp 00000000 08:02 2621663                    /lib/x86_64-linux-gnu/librt-2.21.so
7f5c2de99000-7f5c2e098000 ---p 00007000 08:02 2621663                    /lib/x86_64-linux-gnu/librt-2.21.so
7f5c2e098000-7f5c2e099000 r--p 00006000 08:02 2621663                    /lib/x86_64-linux-gnu/librt-2.21.so
7f5c2e099000-7f5c2e09a000 rw-p 00007000 08:02 2621663                    /lib/x86_64-linux-gnu/librt-2.21.so
7f5c2e09a000-7f5c2e1a1000 r-xp 00000000 08:02 2623271                    /lib/x86_64-linux-gnu/libm-2.21.so
7f5c2e1a1000-7f5c2e3a0000 ---p 00107000 08:02 2623271                    /lib/x86_64-linux-gnu/libm-2.21.so
7f5c2e3a0000-7f5c2e3a1000 r--p 00106000 08:02 2623271                    /lib/x86_64-linux-gnu/libm-2.21.so
7f5c2e3a1000-7f5c2e3a2000 rw-p 00107000 08:02 2623271                    /lib/x86_64-linux-gnu/libm-2.21.so
7f5c2e3a2000-7f5c2f06d000 r-xp 00000000 08:02 254016                     /usr/lib/jvm/java-8-oracle/jre/lib/amd64/server/libjvm.so
7f5c2f06d000-7f5c2f26c000 ---p 00ccb000 08:02 254016                     /usr/lib/jvm/java-8-oracle/jre/lib/amd64/server/libjvm.so
7f5c2f26c000-7f5c2f345000 rw-p 00cca000 08:02 254016                     /usr/lib/jvm/java-8-oracle/jre/lib/amd64/server/libjvm.so
7f5c2f345000-7f5c2f390000 rw-p 00000000 00:00 0 
7f5c2f390000-7f5c2f550000 r-xp 00000000 08:02 2623433                    /lib/x86_64-linux-gnu/libc-2.21.so
7f5c2f550000-7f5c2f750000 ---p 001c0000 08:02 2623433                    /lib/x86_64-linux-gnu/libc-2.21.so
7f5c2f750000-7f5c2f754000 r--p 001c0000 08:02 2623433                    /lib/x86_64-linux-gnu/libc-2.21.so
7f5c2f754000-7f5c2f756000 rw-p 001c4000 08:02 2623433                    /lib/x86_64-linux-gnu/libc-2.21.so
7f5c2f756000-7f5c2f75a000 rw-p 00000000 00:00 0 
7f5c2f75a000-7f5c2f75d000 r-xp 00000000 08:02 2623420                    /lib/x86_64-linux-gnu/libdl-2.21.so
7f5c2f75d000-7f5c2f95c000 ---p 00003000 08:02 2623420                    /lib/x86_64-linux-gnu/libdl-2.21.so
7f5c2f95c000-7f5c2f95d000 r--p 00002000 08:02 2623420                    /lib/x86_64-linux-gnu/libdl-2.21.so
7f5c2f95d000-7f5c2f95e000 rw-p 00003000 08:02 2623420                    /lib/x86_64-linux-gnu/libdl-2.21.so
7f5c2f95e000-7f5c2f973000 r-xp 00000000 08:02 223773                     /usr/lib/jvm/java-8-oracle/lib/amd64/jli/libjli.so
7f5c2f973000-7f5c2fb73000 ---p 00015000 08:02 223773                     /usr/lib/jvm/java-8-oracle/lib/amd64/jli/libjli.so
7f5c2fb73000-7f5c2fb74000 rw-p 00015000 08:02 223773                     /usr/lib/jvm/java-8-oracle/lib/amd64/jli/libjli.so
7f5c2fb74000-7f5c2fb8c000 r-xp 00000000 08:02 2623413                    /lib/x86_64-linux-gnu/libpthread-2.21.so
7f5c2fb8c000-7f5c2fd8c000 ---p 00018000 08:02 2623413                    /lib/x86_64-linux-gnu/libpthread-2.21.so
7f5c2fd8c000-7f5c2fd8d000 r--p 00018000 08:02 2623413                    /lib/x86_64-linux-gnu/libpthread-2.21.so
7f5c2fd8d000-7f5c2fd8e000 rw-p 00019000 08:02 2623413                    /lib/x86_64-linux-gnu/libpthread-2.21.so
7f5c2fd8e000-7f5c2fd92000 rw-p 00000000 00:00 0 
7f5c2fd92000-7f5c2fdb6000 r-xp 00000000 08:02 2623431                    /lib/x86_64-linux-gnu/ld-2.21.so
7f5c2fdb6000-7f5c2fdb7000 r--s 00002000 08:02 3394398                    /home/ankit/Downloads/android-studio/gradle/gradle-2.14.1/lib/native-platform-osx-i386-0.10.jar
7f5c2fdb7000-7f5c2fdb9000 r--s 00007000 08:02 3394353                    /home/ankit/Downloads/android-studio/gradle/gradle-2.14.1/lib/gradle-model-groovy-2.14.1.jar
7f5c2fdb9000-7f5c2fdba000 r--s 00006000 08:02 3394370                    /home/ankit/Downloads/android-studio/gradle/gradle-2.14.1/lib/gradle-base-services-groovy-2.14.1.jar
7f5c2fdba000-7f5c2fdbb000 r--s 00002000 08:02 3394360                    /home/ankit/Downloads/android-studio/gradle/gradle-2.14.1/lib/gradle-docs-2.14.1.jar
7f5c2fdbb000-7f5c2fdbc000 r--s 00000000 08:02 3394406                    /home/ankit/Downloads/android-studio/gradle/gradle-2.14.1/lib/javax.inject-1.jar
7f5c2fdbc000-7f5c2fdbd000 r--s 00000000 08:02 3394388                    /home/ankit/Downloads/android-studio/gradle/gradle-2.14.1/lib/jcip-annotations-1.0.jar
7f5c2fdbd000-7f5c2fdc1000 r--s 00027000 08:02 3394396                    /home/ankit/Downloads/android-studio/gradle/gradle-2.14.1/lib/commons-io-2.2.jar
7f5c2fdc1000-7f5c2fdc6000 r--s 00038000 08:02 3394363                    /home/ankit/Downloads/android-studio/gradle/gradle-2.14.1/lib/asm-all-5.1.jar
7f5c2fdc6000-7f5c2fdc7000 r--s 00001000 08:02 3394374                    /home/ankit/Downloads/android-studio/gradle/gradle-2.14.1/lib/gradle-process-services-2.14.1.jar
7f5c2fdc7000-7f5c2fdc8000 r--s 00000000 08:02 3394345                    /home/ankit/Downloads/android-studio/gradle/gradle-2.14.1/lib/gradle-jvm-services-2.14.1.jar
7f5c2fdc8000-7f5c2fdcd000 r--s 00041000 08:02 3394392                    /home/ankit/Downloads/android-studio/gradle/gradle-2.14.1/lib/commons-lang-2.6.jar
7f5c2fdcd000-7f5c2fe8f000 rw-p 00000000 00:00 0 
7f5c2fe8f000-7f5c2fe92000 ---p 00000000 00:00 0 
7f5c2fe92000-7f5c2ff94000 rw-p 00000000 00:00 0 
7f5c2ff94000-7f5c2ff95000 r--s 00007000 08:02 3394386                    /home/ankit/Downloads/android-studio/gradle/gradle-2.14.1/lib/slf4j-api-1.7.10.jar
7f5c2ff95000-7f5c2ff96000 r--s 00004000 08:02 3394372                    /home/ankit/Downloads/android-studio/gradle/gradle-2.14.1/lib/ant-launcher-1.9.6.jar
7f5c2ff96000-7f5c2ff9e000 r--s 0003a000 08:02 3394364                    /home/ankit/Downloads/android-studio/gradle/gradle-2.14.1/lib/gradle-base-services-2.14.1.jar
7f5c2ff9e000-7f5c2ffa9000 r--s 00051000 08:02 3394361                    /home/ankit/Downloads/android-studio/gradle/gradle-2.14.1/lib/gradle-launcher-2.14.1.jar
7f5c2ffa9000-7f5c2ffb1000 rw-s 00000000 08:02 5031647                    /tmp/hsperfdata_ankit/23523
7f5c2ffb1000-7f5c2ffb2000 rw-p 00000000 00:00 0 
7f5c2ffb2000-7f5c2ffb3000 ---p 00000000 00:00 0 
7f5c2ffb3000-7f5c2ffb5000 rw-p 00000000 00:00 0 
7f5c2ffb5000-7f5c2ffb6000 r--p 00023000 08:02 2623431                    /lib/x86_64-linux-gnu/ld-2.21.so
7f5c2ffb6000-7f5c2ffb7000 rw-p 00024000 08:02 2623431                    /lib/x86_64-linux-gnu/ld-2.21.so
7f5c2ffb7000-7f5c2ffb8000 rw-p 00000000 00:00 0 
7ffd6acb6000-7ffd6acd7000 rw-p 00000000 00:00 0                          [stack]
7ffd6acd7000-7ffd6acd9000 r--p 00000000 00:00 0                          [vvar]
7ffd6acd9000-7ffd6acdb000 r-xp 00000000 00:00 0                          [vdso]
ffffffffff600000-ffffffffff601000 r-xp 00000000 00:00 0                  [vsyscall]

VM Arguments:
jvm_args: -Xmx1536m -Dfile.encoding=UTF-8 -Duser.country=IN -Duser.language=en -Duser.variant 
java_command: org.gradle.launcher.daemon.bootstrap.GradleDaemon 2.14.1
java_class_path (initial): /home/ankit/Downloads/android-studio/gradle/gradle-2.14.1/lib/gradle-launcher-2.14.1.jar
Launcher Type: SUN_STANDARD

Environment Variables:
PATH=/usr/local/sbin:/usr/local/bin:/usr/sbin:/usr/bin:/sbin:/bin:/usr/games:/usr/local/games
LD_LIBRARY_PATH=Downloads/android-studio/bin:
SHELL=/bin/bash
DISPLAY=:0

Signal Handlers:
SIGSEGV: [libjvm.so+0xac4790], sa_mask[0]=11111111011111111101111111111110, sa_flags=SA_RESTART|SA_SIGINFO
SIGBUS: [libjvm.so+0xac4790], sa_mask[0]=11111111011111111101111111111110, sa_flags=SA_RESTART|SA_SIGINFO
SIGFPE: [libjvm.so+0x91f140], sa_mask[0]=11111111011111111101111111111110, sa_flags=SA_RESTART|SA_SIGINFO
SIGPIPE: [libjvm.so+0x91f140], sa_mask[0]=11111111011111111101111111111110, sa_flags=SA_RESTART|SA_SIGINFO
SIGXFSZ: [libjvm.so+0x91f140], sa_mask[0]=11111111011111111101111111111110, sa_flags=SA_RESTART|SA_SIGINFO
SIGILL: [libjvm.so+0x91f140], sa_mask[0]=11111111011111111101111111111110, sa_flags=SA_RESTART|SA_SIGINFO
SIGUSR1: SIG_DFL, sa_mask[0]=00000000000000000000000000000000, sa_flags=none
SIGUSR2: [libjvm.so+0x920770], sa_mask[0]=00100000000000000000000000000000, sa_flags=SA_RESTART|SA_SIGINFO
SIGHUP: [libjvm.so+0x921b70], sa_mask[0]=11111111011111111101111111111110, sa_flags=SA_RESTART|SA_SIGINFO
SIGINT: [libjvm.so+0x921b70], sa_mask[0]=11111111011111111101111111111110, sa_flags=SA_RESTART|SA_SIGINFO
SIGTERM: [libjvm.so+0x921b70], sa_mask[0]=11111111011111111101111111111110, sa_flags=SA_RESTART|SA_SIGINFO
SIGQUIT: [libjvm.so+0x921b70], sa_mask[0]=11111111011111111101111111111110, sa_flags=SA_RESTART|SA_SIGINFO


---------------  S Y S T E M  ---------------

OS:DISTRIB_ID=Ubuntu
DISTRIB_RELEASE=15.10
DISTRIB_CODENAME=wily
DISTRIB_DESCRIPTION="Ubuntu 15.10"

uname:Linux 4.2.0-42-generic #49-Ubuntu SMP Tue Jun 28 21:26:26 UTC 2016 x86_64
libc:glibc 2.21 NPTL 2.21 
rlimit: STACK 8192k, CORE 0k, NPROC 31537, NOFILE 65536, AS infinity
load average:4.41 2.79 1.49

/proc/meminfo:
MemTotal:        8110256 kB
MemFree:          162404 kB
MemAvailable:     153456 kB
Buffers:            4160 kB
Cached:           603384 kB
SwapCached:            0 kB
Active:          7168312 kB
Inactive:         522428 kB
Active(anon):    7116844 kB
Inactive(anon):   471452 kB
Active(file):      51468 kB
Inactive(file):    50976 kB
Unevictable:         164 kB
Mlocked:             164 kB
SwapTotal:             0 kB
SwapFree:              0 kB
Dirty:               320 kB
Writeback:             0 kB
AnonPages:       7083388 kB
Mapped:           279720 kB
Shmem:            505100 kB
Slab:             103980 kB
SReclaimable:      48596 kB
SUnreclaim:        55384 kB
KernelStack:       14416 kB
PageTables:        79888 kB
NFS_Unstable:          0 kB
Bounce:                0 kB
WritebackTmp:          0 kB
CommitLimit:     4055128 kB
Committed_AS:   16678116 kB
VmallocTotal:   34359738367 kB
VmallocUsed:      552056 kB
VmallocChunk:   34358423548 kB
HardwareCorrupted:     0 kB
AnonHugePages:   3133440 kB
CmaTotal:              0 kB
CmaFree:               0 kB
HugePages_Total:       0
HugePages_Free:        0
HugePages_Rsvd:        0
HugePages_Surp:        0
Hugepagesize:       2048 kB
DirectMap4k:      266944 kB
DirectMap2M:     8056832 kB
DirectMap1G:     1048576 kB


CPU:total 4 (2 cores per cpu, 2 threads per core) family 6 model 69 stepping 1, cmov, cx8, fxsr, mmx, sse, sse2, sse3, ssse3, sse4.1, sse4.2, popcnt, avx, avx2, aes, clmul, erms, lzcnt, ht, tsc, tscinvbit, bmi1, bmi2

/proc/cpuinfo:
processor	: 0
vendor_id	: GenuineIntel
cpu family	: 6
model		: 69
model name	: Intel(R) Core(TM) i3-4005U CPU @ 1.70GHz
stepping	: 1
microcode	: 0x1c
cpu MHz		: 1698.140
cache size	: 3072 KB
physical id	: 0
siblings	: 4
core id		: 0
cpu cores	: 2
apicid		: 0
initial apicid	: 0
fpu		: yes
fpu_exception	: yes
cpuid level	: 13
wp		: yes
flags		: fpu vme de pse tsc msr pae mce cx8 apic sep mtrr pge mca cmov pat pse36 clflush dts acpi mmx fxsr sse sse2 ss ht tm pbe syscall nx pdpe1gb rdtscp lm constant_tsc arch_perfmon pebs bts rep_good nopl xtopology nonstop_tsc aperfmperf eagerfpu pni pclmulqdq dtes64 monitor ds_cpl vmx est tm2 ssse3 fma cx16 xtpr pdcm pcid sse4_1 sse4_2 movbe popcnt tsc_deadline_timer aes xsave avx f16c rdrand lahf_lm abm ida arat epb pln pts dtherm tpr_shadow vnmi flexpriority ept vpid fsgsbase tsc_adjust bmi1 avx2 smep bmi2 erms invpcid xsaveopt
bugs		:
bogomips	: 3392.09
clflush size	: 64
cache_alignment	: 64
address sizes	: 39 bits physical, 48 bits virtual
power management:

processor	: 1
vendor_id	: GenuineIntel
cpu family	: 6
model		: 69
model name	: Intel(R) Core(TM) i3-4005U CPU @ 1.70GHz
stepping	: 1
microcode	: 0x1c
cpu MHz		: 1700.066
cache size	: 3072 KB
physical id	: 0
siblings	: 4
core id		: 0
cpu cores	: 2
apicid		: 1
initial apicid	: 1
fpu		: yes
fpu_exception	: yes
cpuid level	: 13
wp		: yes
flags		: fpu vme de pse tsc msr pae mce cx8 apic sep mtrr pge mca cmov pat pse36 clflush dts acpi mmx fxsr sse sse2 ss ht tm pbe syscall nx pdpe1gb rdtscp lm constant_tsc arch_perfmon pebs bts rep_good nopl xtopology nonstop_tsc aperfmperf eagerfpu pni pclmulqdq dtes64 monitor ds_cpl vmx est tm2 ssse3 fma cx16 xtpr pdcm pcid sse4_1 sse4_2 movbe popcnt tsc_deadline_timer aes xsave avx f16c rdrand lahf_lm abm ida arat epb pln pts dtherm tpr_shadow vnmi flexpriority ept vpid fsgsbase tsc_adjust bmi1 avx2 smep bmi2 erms invpcid xsaveopt
bugs		:
bogomips	: 3392.09
clflush size	: 64
cache_alignment	: 64
address sizes	: 39 bits physical, 48 bits virtual
power management:

processor	: 2
vendor_id	: GenuineIntel
cpu family	: 6
model		: 69
model name	: Intel(R) Core(TM) i3-4005U CPU @ 1.70GHz
stepping	: 1
microcode	: 0x1c
cpu MHz		: 1699.667
cache size	: 3072 KB
physical id	: 0
siblings	: 4
core id		: 1
cpu cores	: 2
apicid		: 2
initial apicid	: 2
fpu		: yes
fpu_exception	: yes
cpuid level	: 13
wp		: yes
flags		: fpu vme de pse tsc msr pae mce cx8 apic sep mtrr pge mca cmov pat pse36 clflush dts acpi mmx fxsr sse sse2 ss ht tm pbe syscall nx pdpe1gb rdtscp lm constant_tsc arch_perfmon pebs bts rep_good nopl xtopology nonstop_tsc aperfmperf eagerfpu pni pclmulqdq dtes64 monitor ds_cpl vmx est tm2 ssse3 fma cx16 xtpr pdcm pcid sse4_1 sse4_2 movbe popcnt tsc_deadline_timer aes xsave avx f16c rdrand lahf_lm abm ida arat epb pln pts dtherm tpr_shadow vnmi flexpriority ept vpid fsgsbase tsc_adjust bmi1 avx2 smep bmi2 erms invpcid xsaveopt
bugs		:
bogomips	: 3392.09
clflush size	: 64
cache_alignment	: 64
address sizes	: 39 bits physical, 48 bits virtual
power management:

processor	: 3
vendor_id	: GenuineIntel
cpu family	: 6
model		: 69
model name	: Intel(R) Core(TM) i3-4005U CPU @ 1.70GHz
stepping	: 1
microcode	: 0x1c
cpu MHz		: 1700.000
cache size	: 3072 KB
physical id	: 0
siblings	: 4
core id		: 1
cpu cores	: 2
apicid		: 3
initial apicid	: 3
fpu		: yes
fpu_exception	: yes
cpuid level	: 13
wp		: yes
flags		: fpu vme de pse tsc msr pae mce cx8 apic sep mtrr pge mca cmov pat pse36 clflush dts acpi mmx fxsr sse sse2 ss ht tm pbe syscall nx pdpe1gb rdtscp lm constant_tsc arch_perfmon pebs bts rep_good nopl xtopology nonstop_tsc aperfmperf eagerfpu pni pclmulqdq dtes64 monitor ds_cpl vmx est tm2 ssse3 fma cx16 xtpr pdcm pcid sse4_1 sse4_2 movbe popcnt tsc_deadline_timer aes xsave avx f16c rdrand lahf_lm abm ida arat epb pln pts dtherm tpr_shadow vnmi flexpriority ept vpid fsgsbase tsc_adjust bmi1 avx2 smep bmi2 erms invpcid xsaveopt
bugs		:
bogomips	: 3392.09
clflush size	: 64
cache_alignment	: 64
address sizes	: 39 bits physical, 48 bits virtual
power management:



Memory: 4k page, physical 8110256k(162404k free), swap 0k(0k free)

vm_info: Java HotSpot(TM) 64-Bit Server VM (25.101-b13) for linux-amd64 JRE (1.8.0_101-b13), built on Jun 22 2016 02:59:44 by "java_re" with gcc 4.3.0 20080428 (Red Hat 4.3.0-8)

time: Mon Dec 12 19:19:24 2016
elapsed time: 85 seconds (0d 0h 1m 25s)

