#
# There is insufficient memory for the Java Runtime Environment to continue.
# Native memory allocation (mmap) failed to map 104333312 bytes for committing reserved memory.
# Possible reasons:
#   The system is out of physical RAM or swap space
#   In 32 bit mode, the process size limit was hit
# Possible solutions:
#   Reduce memory load on the system
#   Increase physical memory or swap space
#   Check if swap backing store is full
#   Use 64 bit Java on a 64 bit OS
#   Decrease Java heap size (-Xmx/-Xms)
#   Decrease number of Java threads
#   Decrease Java thread stack sizes (-Xss)
#   Set larger code cache with -XX:ReservedCodeCacheSize=
# This output file may be truncated or incomplete.
#
#  Out of Memory Error (os_linux.cpp:2627), pid=32549, tid=0x00007f49d4efe700
#
# JRE version: Java(TM) SE Runtime Environment (8.0_101-b13) (build 1.8.0_101-b13)
# Java VM: Java HotSpot(TM) 64-Bit Server VM (25.101-b13 mixed mode linux-amd64 compressed oops)
# Failed to write core dump. Core dumps have been disabled. To enable core dumping, try "ulimit -c unlimited" before starting Java again
#

---------------  T H R E A D  ---------------

Current thread (0x00007f49ec078000):  VMThread [stack: 0x00007f49d4dfe000,0x00007f49d4eff000] [id=32557]

Stack: [0x00007f49d4dfe000,0x00007f49d4eff000],  sp=0x00007f49d4efd360,  free space=1020k
Native frames: (J=compiled Java code, j=interpreted, Vv=VM code, C=native code)
V  [libjvm.so+0xac3f0a]  VMError::report_and_die()+0x2ba
V  [libjvm.so+0x4fbf9b]  report_vm_out_of_memory(char const*, int, unsigned long, VMErrorType, char const*)+0x8b
V  [libjvm.so+0x9222d3]  os::Linux::commit_memory_impl(char*, unsigned long, bool)+0x103
V  [libjvm.so+0x922829]  os::pd_commit_memory(char*, unsigned long, unsigned long, bool)+0x29
V  [libjvm.so+0x91cb2a]  os::commit_memory(char*, unsigned long, unsigned long, bool)+0x2a
V  [libjvm.so+0x991053]  PSVirtualSpace::expand_by(unsigned long)+0x53
V  [libjvm.so+0x981920]  PSOldGen::expand(unsigned long)+0x170
V  [libjvm.so+0x981b2b]  PSOldGen::resize(unsigned long)+0x1cb
V  [libjvm.so+0x989821]  PSParallelCompact::invoke_no_policy(bool)+0x991
V  [libjvm.so+0x98f17d]  PSScavenge::invoke()+0x1ad
V  [libjvm.so+0xac5acd]  VM_ParallelGCSystemGC::doit()+0x10d
V  [libjvm.so+0xacd405]  VM_Operation::evaluate()+0x55
V  [libjvm.so+0xacb7da]  VMThread::evaluate_operation(VM_Operation*)+0xba
V  [libjvm.so+0xacbb5e]  VMThread::loop()+0x1ce
V  [libjvm.so+0xacbfd0]  VMThread::run()+0x70
V  [libjvm.so+0x924698]  java_start(Thread*)+0x108

VM_Operation (0x00007f49746ce040): ParallelGCSystemGC, mode: safepoint, requested by thread 0x00007f498d0de800


---------------  P R O C E S S  ---------------

Java Threads: ( => current thread )
  0x00007f49c8057000 JavaThread "pool-12-thread-1" [_thread_blocked, id=622, stack(0x00007f4976ff8000,0x00007f49770f9000)]
  0x00007f49c8067000 JavaThread "pool-13-thread-4" [_thread_blocked, id=601, stack(0x00007f4957afb000,0x00007f4957bfc000)]
  0x00007f49c8065800 JavaThread "pool-13-thread-3" [_thread_blocked, id=600, stack(0x00007f49764ed000,0x00007f49765ee000)]
  0x00007f49c806c800 JavaThread "pool-13-thread-2" [_thread_blocked, id=599, stack(0x00007f49755c2000,0x00007f49756c3000)]
  0x00007f49c8064000 JavaThread "pool-14-thread-1" [_thread_blocked, id=598, stack(0x00007f49776ff000,0x00007f4977800000)]
  0x00007f49c804d000 JavaThread "pool-13-thread-1" [_thread_blocked, id=597, stack(0x00007f4974293000,0x00007f4974394000)]
  0x00007f498d0de800 JavaThread "pool-11-thread-1" [_thread_blocked, id=596, stack(0x00007f49745cf000,0x00007f49746d0000)]
  0x00007f498cf31800 JavaThread "pool-9-thread-4" [_thread_blocked, id=572, stack(0x00007f4976df6000,0x00007f4976ef7000)]
  0x00007f498cf31000 JavaThread "pool-9-thread-3" [_thread_blocked, id=571, stack(0x00007f49775fe000,0x00007f49776ff000)]
  0x00007f498cda4000 JavaThread "pool-9-thread-2" [_thread_blocked, id=570, stack(0x00007f49773fc000,0x00007f49774fd000)]
  0x00007f4990036800 JavaThread "process reaper" daemon [_thread_blocked, id=566, stack(0x00007f49cc0c2000,0x00007f49cc0fb000)]
  0x00007f498d21e800 JavaThread "pool-9-thread-1" [_thread_blocked, id=562, stack(0x00007f49774fd000,0x00007f49775fe000)]
  0x00007f498c006000 JavaThread "Stdin handler" [_thread_blocked, id=557, stack(0x00007f49ce05b000,0x00007f49ce15c000)]
  0x00007f498ca09800 JavaThread "Asynchronous log dispatcher for org.gradle.launcher.daemon.server.DefaultDaemonConnection@179500c1" [_thread_blocked, id=556, stack(0x00007f49ce15c000,0x00007f49ce25d000)]
  0x00007f4990003800 JavaThread "Cancel handler" [_thread_blocked, id=554, stack(0x00007f49ce35e000,0x00007f49ce45f000)]
  0x00007f499000a800 JavaThread "Handler for socket connection from /127.0.0.1:42705 to /127.0.0.1:47162" [_thread_in_native, id=553, stack(0x00007f49ce45f000,0x00007f49ce560000)]
  0x00007f498cb4c000 JavaThread "File lock request listener" [_thread_in_native, id=32588, stack(0x00007f49cd2a7000,0x00007f49cd3a8000)]
  0x00007f4990007000 JavaThread "Daemon worker" [_thread_blocked, id=32574, stack(0x00007f49ce25d000,0x00007f49ce35e000)]
  0x00007f499c010800 JavaThread "Daemon" [_thread_blocked, id=32571, stack(0x00007f49ce560000,0x00007f49ce661000)]
  0x00007f49ecb49800 JavaThread "Incoming local TCP Connector on port 42705" [_thread_in_native, id=32570, stack(0x00007f49ce868000,0x00007f49ce969000)]
  0x00007f49ecb18000 JavaThread "pool-1-thread-1" [_thread_blocked, id=32569, stack(0x00007f49ce969000,0x00007f49cea6a000)]
  0x00007f49ec0e3000 JavaThread "Service Thread" daemon [_thread_blocked, id=32564, stack(0x00007f49d4015000,0x00007f49d4116000)]
  0x00007f49ec0bd800 JavaThread "C1 CompilerThread2" daemon [_thread_blocked, id=32563, stack(0x00007f49d4116000,0x00007f49d4217000)]
  0x00007f49ec0bb800 JavaThread "C2 CompilerThread1" daemon [_thread_blocked, id=32562, stack(0x00007f49d4217000,0x00007f49d4318000)]
  0x00007f49ec0b9000 JavaThread "C2 CompilerThread0" daemon [_thread_blocked, id=32561, stack(0x00007f49d4318000,0x00007f49d4419000)]
  0x00007f49ec0b7800 JavaThread "Signal Dispatcher" daemon [_thread_blocked, id=32560, stack(0x00007f49d4419000,0x00007f49d451a000)]
  0x00007f49ec084800 JavaThread "Finalizer" daemon [_thread_blocked, id=32559, stack(0x00007f49d4bfc000,0x00007f49d4cfd000)]
  0x00007f49ec07f800 JavaThread "Reference Handler" daemon [_thread_blocked, id=32558, stack(0x00007f49d4cfd000,0x00007f49d4dfe000)]
  0x00007f49ec00a000 JavaThread "main" [_thread_blocked, id=32552, stack(0x00007f49f47a0000,0x00007f49f48a1000)]

Other Threads:
=>0x00007f49ec078000 VMThread [stack: 0x00007f49d4dfe000,0x00007f49d4eff000] [id=32557]
  0x00007f49ec0e6000 WatcherThread [stack: 0x00007f49cfeff000,0x00007f49d0000000] [id=32565]

VM state:at safepoint (normal execution)

VM Mutex/Monitor currently owned by a thread:  ([mutex/lock_event])
[0x00007f49ec005bb0] ExpandHeap_lock - owner thread: 0x00007f49ec078000
[0x00007f49ec006230] Threads_lock - owner thread: 0x00007f49ec078000
[0x00007f49ec006730] Heap_lock - owner thread: 0x00007f498d0de800

Heap:
 PSYoungGen      total 352256K, used 0K [0x00000000e0000000, 0x0000000100000000, 0x0000000100000000)
  eden space 194560K, 0% used [0x00000000e0000000,0x00000000e0000000,0x00000000ebe00000)
  from space 157696K, 0% used [0x00000000ebe00000,0x00000000ebe00000,0x00000000f5800000)
  to   space 158208K, 0% used [0x00000000f6580000,0x00000000f6580000,0x0000000100000000)
 ParOldGen       total 946688K, used 814526K [0x00000000a0000000, 0x00000000d9c80000, 0x00000000e0000000)
  object space 946688K, 86% used [0x00000000a0000000,0x00000000d1b6fa38,0x00000000d9c80000)
 Metaspace       used 66708K, capacity 68390K, committed 68608K, reserved 1110016K
  class space    used 8535K, capacity 8925K, committed 8960K, reserved 1048576K

Card table byte_map: [0x00007f49f1251000,0x00007f49f1552000] byte_map_base: 0x00007f49f0d51000

Marking Bits: (ParMarkBitMap*) 0x00007f49f3c74120
 Begin Bits: [0x00007f49d5000000, 0x00007f49d6800000)
 End Bits:   [0x00007f49d6800000, 0x00007f49d8000000)

Polling page: 0x00007f49f48c3000

CodeCache: size=245760Kb used=47943Kb max_used=47947Kb free=197816Kb
 bounds [0x00007f49dd000000, 0x00007f49dff30000, 0x00007f49ec000000]
 total_blobs=14031 nmethods=13286 adapters=656
 compilation: enabled

Compilation events (10 events):
Event: 173.881 Thread 0x00007f49ec0bd800 nmethod 17224 0x00007f49df605510 code [0x00007f49df605680, 0x00007f49df6059a8]
Event: 173.883 Thread 0x00007f49ec0bd800 17223       3       com.android.dx.rop.code.RegisterSpec::withLocalItem (41 bytes)
Event: 173.884 Thread 0x00007f49ec0bd800 nmethod 17223 0x00007f49dff23f50 code [0x00007f49dff24100, 0x00007f49dff24618]
Event: 173.886 Thread 0x00007f49ec0bd800 17226       3       com.android.dx.rop.cst.CstLiteral64::equals (36 bytes)
Event: 173.886 Thread 0x00007f49ec0bd800 nmethod 17226 0x00007f49df5ae310 code [0x00007f49df5ae480, 0x00007f49df5ae8d0]
Event: 173.889 Thread 0x00007f49ec0bd800 17227       3       com.android.dx.dex.file.ClassDefsSection::orderItems0 (158 bytes)
Event: 173.892 Thread 0x00007f49ec0bd800 nmethod 17227 0x00007f49dff28dd0 code [0x00007f49dff290a0, 0x00007f49dff2a7e8]
Event: 173.897 Thread 0x00007f49ec0bd800 17228       1       com.android.dx.dex.file.ClassDefItem::getSuperclass (5 bytes)
Event: 173.897 Thread 0x00007f49ec0bd800 nmethod 17228 0x00007f49df650210 code [0x00007f49df650360, 0x00007f49df650470]
Event: 173.909 Thread 0x00007f49ec0bd800 17232       3       com.android.dx.cf.direct.StdAttributeFactory::code (613 bytes)

GC Heap History (10 events):
Event: 170.823 GC heap after
Heap after GC invocations=54 (full 9):
 PSYoungGen      total 349696K, used 67175K [0x00000000e0000000, 0x0000000100000000, 0x0000000100000000)
  eden space 175104K, 0% used [0x00000000e0000000,0x00000000e0000000,0x00000000eab00000)
  from space 174592K, 38% used [0x00000000eab00000,0x00000000eec99e40,0x00000000f5580000)
  to   space 173056K, 0% used [0x00000000f5700000,0x00000000f5700000,0x0000000100000000)
 ParOldGen       total 946688K, used 740569K [0x00000000a0000000, 0x00000000d9c80000, 0x00000000e0000000)
  object space 946688K, 78% used [0x00000000a0000000,0x00000000cd3367e0,0x00000000d9c80000)
 Metaspace       used 66702K, capacity 68390K, committed 68608K, reserved 1110016K
  class space    used 8535K, capacity 8925K, committed 8960K, reserved 1048576K
}
Event: 171.388 GC heap before
{Heap before GC invocations=55 (full 9):
 PSYoungGen      total 349696K, used 242279K [0x00000000e0000000, 0x0000000100000000, 0x0000000100000000)
  eden space 175104K, 100% used [0x00000000e0000000,0x00000000eab00000,0x00000000eab00000)
  from space 174592K, 38% used [0x00000000eab00000,0x00000000eec99e40,0x00000000f5580000)
  to   space 173056K, 0% used [0x00000000f5700000,0x00000000f5700000,0x0000000100000000)
 ParOldGen       total 946688K, used 740572K [0x00000000a0000000, 0x00000000d9c80000, 0x00000000e0000000)
  object space 946688K, 78% used [0x00000000a0000000,0x00000000cd3370e0,0x00000000d9c80000)
 Metaspace       used 66702K, capacity 68390K, committed 68608K, reserved 1110016K
  class space    used 8535K, capacity 8925K, committed 8960K, reserved 1048576K
Event: 171.571 GC heap after
Heap after GC invocations=55 (full 9):
 PSYoungGen      total 339968K, used 93475K [0x00000000e0000000, 0x00000000ff680000, 0x0000000100000000)
  eden space 176640K, 0% used [0x00000000e0000000,0x00000000e0000000,0x00000000eac80000)
  from space 163328K, 57% used [0x00000000f5700000,0x00000000fb248dc8,0x00000000ff680000)
  to   space 168960K, 0% used [0x00000000eac80000,0x00000000eac80000,0x00000000f5180000)
 ParOldGen       total 946688K, used 740572K [0x00000000a0000000, 0x00000000d9c80000, 0x00000000e0000000)
  object space 946688K, 78% used [0x00000000a0000000,0x00000000cd3370e0,0x00000000d9c80000)
 Metaspace       used 66702K, capacity 68390K, committed 68608K, reserved 1110016K
  class space    used 8535K, capacity 8925K, committed 8960K, reserved 1048576K
}
Event: 172.014 GC heap before
{Heap before GC invocations=56 (full 9):
 PSYoungGen      total 339968K, used 270115K [0x00000000e0000000, 0x00000000ff680000, 0x0000000100000000)
  eden space 176640K, 100% used [0x00000000e0000000,0x00000000eac80000,0x00000000eac80000)
  from space 163328K, 57% used [0x00000000f5700000,0x00000000fb248dc8,0x00000000ff680000)
  to   space 168960K, 0% used [0x00000000eac80000,0x00000000eac80000,0x00000000f5180000)
 ParOldGen       total 946688K, used 740572K [0x00000000a0000000, 0x00000000d9c80000, 0x00000000e0000000)
  object space 946688K, 78% used [0x00000000a0000000,0x00000000cd3370e0,0x00000000d9c80000)
 Metaspace       used 66702K, capacity 68390K, committed 68608K, reserved 1110016K
  class space    used 8535K, capacity 8925K, committed 8960K, reserved 1048576K
Event: 172.326 GC heap after
Heap after GC invocations=56 (full 9):
 PSYoungGen      total 345600K, used 77990K [0x00000000e0000000, 0x00000000ff580000, 0x0000000100000000)
  eden space 176640K, 0% used [0x00000000e0000000,0x00000000e0000000,0x00000000eac80000)
  from space 168960K, 46% used [0x00000000eac80000,0x00000000ef8a9828,0x00000000f5180000)
  to   space 160768K, 0% used [0x00000000f5880000,0x00000000f5880000,0x00000000ff580000)
 ParOldGen       total 946688K, used 781211K [0x00000000a0000000, 0x00000000d9c80000, 0x00000000e0000000)
  object space 946688K, 82% used [0x00000000a0000000,0x00000000cfae6d70,0x00000000d9c80000)
 Metaspace       used 66702K, capacity 68390K, committed 68608K, reserved 1110016K
  class space    used 8535K, capacity 8925K, committed 8960K, reserved 1048576K
}
Event: 172.911 GC heap before
{Heap before GC invocations=57 (full 9):
 PSYoungGen      total 345600K, used 254630K [0x00000000e0000000, 0x00000000ff580000, 0x0000000100000000)
  eden space 176640K, 100% used [0x00000000e0000000,0x00000000eac80000,0x00000000eac80000)
  from space 168960K, 46% used [0x00000000eac80000,0x00000000ef8a9828,0x00000000f5180000)
  to   space 160768K, 0% used [0x00000000f5880000,0x00000000f5880000,0x00000000ff580000)
 ParOldGen       total 946688K, used 781211K [0x00000000a0000000, 0x00000000d9c80000, 0x00000000e0000000)
  object space 946688K, 82% used [0x00000000a0000000,0x00000000cfae6d70,0x00000000d9c80000)
 Metaspace       used 66702K, capacity 68390K, committed 68608K, reserved 1110016K
  class space    used 8535K, capacity 8925K, committed 8960K, reserved 1048576K
Event: 173.201 GC heap after
Heap after GC invocations=57 (full 9):
 PSYoungGen      total 351744K, used 52102K [0x00000000e0000000, 0x00000000ff200000, 0x0000000100000000)
  eden space 194560K, 0% used [0x00000000e0000000,0x00000000e0000000,0x00000000ebe00000)
  from space 157184K, 33% used [0x00000000f5880000,0x00000000f8b61b88,0x00000000ff200000)
  to   space 157696K, 0% used [0x00000000ebe00000,0x00000000ebe00000,0x00000000f5800000)
 ParOldGen       total 946688K, used 833111K [0x00000000a0000000, 0x00000000d9c80000, 0x00000000e0000000)
  object space 946688K, 88% used [0x00000000a0000000,0x00000000d2d95ea0,0x00000000d9c80000)
 Metaspace       used 66702K, capacity 68390K, committed 68608K, reserved 1110016K
  class space    used 8535K, capacity 8925K, committed 8960K, reserved 1048576K
}
Event: 173.923 GC heap before
{Heap before GC invocations=58 (full 9):
 PSYoungGen      total 351744K, used 246662K [0x00000000e0000000, 0x00000000ff200000, 0x0000000100000000)
  eden space 194560K, 100% used [0x00000000e0000000,0x00000000ebe00000,0x00000000ebe00000)
  from space 157184K, 33% used [0x00000000f5880000,0x00000000f8b61b88,0x00000000ff200000)
  to   space 157696K, 0% used [0x00000000ebe00000,0x00000000ebe00000,0x00000000f5800000)
 ParOldGen       total 946688K, used 833111K [0x00000000a0000000, 0x00000000d9c80000, 0x00000000e0000000)
  object space 946688K, 88% used [0x00000000a0000000,0x00000000d2d95eb8,0x00000000d9c80000)
 Metaspace       used 66708K, capacity 68390K, committed 68608K, reserved 1110016K
  class space    used 8535K, capacity 8925K, committed 8960K, reserved 1048576K
Event: 174.151 GC heap after
Heap after GC invocations=58 (full 9):
 PSYoungGen      total 352256K, used 27254K [0x00000000e0000000, 0x0000000100000000, 0x0000000100000000)
  eden space 194560K, 0% used [0x00000000e0000000,0x00000000e0000000,0x00000000ebe00000)
  from space 157696K, 17% used [0x00000000ebe00000,0x00000000ed89db38,0x00000000f5800000)
  to   space 158208K, 0% used [0x00000000f6580000,0x00000000f6580000,0x0000000100000000)
 ParOldGen       total 946688K, used 884297K [0x00000000a0000000, 0x00000000d9c80000, 0x00000000e0000000)
  object space 946688K, 93% used [0x00000000a0000000,0x00000000d5f927d8,0x00000000d9c80000)
 Metaspace       used 66708K, capacity 68390K, committed 68608K, reserved 1110016K
  class space    used 8535K, capacity 8925K, committed 8960K, reserved 1048576K
}
Event: 174.151 GC heap before
{Heap before GC invocations=59 (full 10):
 PSYoungGen      total 352256K, used 27254K [0x00000000e0000000, 0x0000000100000000, 0x0000000100000000)
  eden space 194560K, 0% used [0x00000000e0000000,0x00000000e0000000,0x00000000ebe00000)
  from space 157696K, 17% used [0x00000000ebe00000,0x00000000ed89db38,0x00000000f5800000)
  to   space 158208K, 0% used [0x00000000f6580000,0x00000000f6580000,0x0000000100000000)
 ParOldGen       total 946688K, used 884297K [0x00000000a0000000, 0x00000000d9c80000, 0x00000000e0000000)
  object space 946688K, 93% used [0x00000000a0000000,0x00000000d5f927d8,0x00000000d9c80000)
 Metaspace       used 66708K, capacity 68390K, committed 68608K, reserved 1110016K
  class space    used 8535K, capacity 8925K, committed 8960K, reserved 1048576K

Deoptimization events (10 events):
Event: 167.855 Thread 0x00007f498d0de800 Uncommon trap: reason=unstable_if action=reinterpret pc=0x00007f49de726960 method=com.android.dx.cf.code.Ropper.labelToResultIndex(I)I @ 34
Event: 168.430 Thread 0x00007f49c804d000 Uncommon trap: reason=unstable_if action=reinterpret pc=0x00007f49df7b33c4 method=com.android.dx.cf.code.Merger.mergeType(Lcom/android/dx/rop/type/TypeBearer;Lcom/android/dx/rop/type/TypeBearer;)Lcom/android/dx/rop/type/TypeBearer; @ 77
Event: 168.489 Thread 0x00007f49c804d000 Uncommon trap: reason=unstable_if action=reinterpret pc=0x00007f49dfd4e468 method=com.android.dx.ssa.InterferenceRegisterMapper.interferes(III)Z @ 55
Event: 168.489 Thread 0x00007f49c804d000 Uncommon trap: reason=unstable_if action=reinterpret pc=0x00007f49dfaf99a0 method=com.android.dx.ssa.InterferenceRegisterMapper.interferes(III)Z @ 55
Event: 169.667 Thread 0x00007f49c8067000 Uncommon trap: reason=unstable_if action=reinterpret pc=0x00007f49dfe15888 method=com.android.dx.ssa.InterferenceRegisterMapper.interferes(III)Z @ 69
Event: 169.667 Thread 0x00007f49c8067000 Uncommon trap: reason=unstable_if action=reinterpret pc=0x00007f49de3f0dec method=com.android.dx.ssa.back.FirstFitLocalCombiningAllocator.getAlignment(I)Lcom/android/dx/ssa/back/FirstFitLocalCombiningAllocator$Alignment; @ 16
Event: 169.717 Thread 0x00007f49c8065800 Uncommon trap: reason=unstable_if action=reinterpret pc=0x00007f49de978e04 method=com.android.dx.ssa.InterferenceRegisterMapper.interferes(III)Z @ 69
Event: 170.143 Thread 0x00007f49c804d000 Uncommon trap: reason=unstable_if action=reinterpret pc=0x00007f49df7cefec method=com.android.dx.ssa.SCCP.replaceBranches()V @ 76
Event: 171.699 Thread 0x00007f49c804d000 Uncommon trap: reason=unstable_if action=reinterpret pc=0x00007f49df46d194 method=com.android.dx.ssa.SCCP.simulateStmt(Lcom/android/dx/ssa/SsaInsn;)V @ 435
Event: 173.679 Thread 0x00007f49c8067000 Uncommon trap: reason=unstable_if action=reinterpret pc=0x00007f49dfe1dc30 method=com.android.dx.cf.code.Merger.mergeType(Lcom/android/dx/rop/type/TypeBearer;Lcom/android/dx/rop/type/TypeBearer;)Lcom/android/dx/rop/type/TypeBearer; @ 52

Internal exceptions (10 events):
Event: 121.474 Thread 0x00007f498cf31800 Exception <a 'sun/nio/fs/UnixException'> (0x00000000eb3a7820) thrown at [/HUDSON3/workspace/8-2-build-linux-amd64/jdk8u101/7261/hotspot/src/share/vm/prims/jni.cpp, line 709]
Event: 121.474 Thread 0x00007f498cf31800 Exception <a 'sun/nio/fs/UnixException'> (0x00000000eb3a80c8) thrown at [/HUDSON3/workspace/8-2-build-linux-amd64/jdk8u101/7261/hotspot/src/share/vm/prims/jni.cpp, line 709]
Event: 121.475 Thread 0x00007f498cf31800 Exception <a 'sun/nio/fs/UnixException'> (0x00000000eb3a8840) thrown at [/HUDSON3/workspace/8-2-build-linux-amd64/jdk8u101/7261/hotspot/src/share/vm/prims/jni.cpp, line 709]
Event: 121.489 Thread 0x00007f498cda4000 Exception <a 'sun/nio/fs/UnixException'> (0x00000000eb30b690) thrown at [/HUDSON3/workspace/8-2-build-linux-amd64/jdk8u101/7261/hotspot/src/share/vm/prims/jni.cpp, line 709]
Event: 121.490 Thread 0x00007f498cda4000 Exception <a 'sun/nio/fs/UnixException'> (0x00000000eb30be10) thrown at [/HUDSON3/workspace/8-2-build-linux-amd64/jdk8u101/7261/hotspot/src/share/vm/prims/jni.cpp, line 709]
Event: 124.191 Thread 0x00007f4990007000 Implicit null exception at 0x00007f49ddb1ed92 to 0x00007f49ddb1f269
Event: 130.697 Thread 0x00007f4990007000 Implicit null exception at 0x00007f49de16570f to 0x00007f49de165ecd
Event: 134.953 Thread 0x00007f49c804d000 Implicit null exception at 0x00007f49df19ade2 to 0x00007f49df19aedb
Event: 135.050 Thread 0x00007f49c806c800 Implicit null exception at 0x00007f49df1a243e to 0x00007f49df1a3369
Event: 135.657 Thread 0x00007f49c8067000 Implicit null exception at 0x00007f49df6dbd8d to 0x00007f49df6dbf69

Events (10 events):
Event: 173.866 Executing VM operation: RevokeBias
Event: 173.866 Executing VM operation: RevokeBias done
Event: 173.867 Executing VM operation: RevokeBias
Event: 173.867 Executing VM operation: RevokeBias done
Event: 173.873 Thread 0x00007f49ec0bd800 flushing nmethod 0x00007f49dd22c150
Event: 173.887 Thread 0x00007f49ec0bd800 flushing nmethod 0x00007f49dd8109d0
Event: 173.888 Thread 0x00007f49ec0bd800 flushing nmethod 0x00007f49dd9346d0
Event: 173.920 Executing VM operation: ParallelGCFailedAllocation
Event: 173.923 Executing VM operation: ParallelGCFailedAllocation done
Event: 173.923 Executing VM operation: ParallelGCSystemGC


Dynamic libraries:
00400000-00401000 r-xp 00000000 08:02 239483                             /usr/lib/jvm/java-8-oracle/bin/java
00600000-00601000 rw-p 00000000 08:02 239483                             /usr/lib/jvm/java-8-oracle/bin/java
020f7000-02118000 rw-p 00000000 00:00 0                                  [heap]
a0000000-d9c80000 rw-p 00000000 00:00 0 
e0000000-100000000 rw-p 00000000 00:00 0 
100000000-1008c0000 rw-p 00000000 00:00 0 
1008c0000-140000000 ---p 00000000 00:00 0 
7f495784e000-7f4957851000 ---p 00000000 00:00 0 
7f4957851000-7f495794f000 rw-p 00000000 00:00 0 
7f495794f000-7f4957952000 ---p 00000000 00:00 0 
7f4957952000-7f4957988000 rw-p 00000000 00:00 0 
7f4957988000-7f495798b000 ---p 00000000 00:00 0 
7f495798b000-7f49579c1000 rw-p 00000000 00:00 0 
7f49579c1000-7f49579c4000 ---p 00000000 00:00 0 
7f49579c4000-7f49579fa000 rw-p 00000000 00:00 0 
7f49579fa000-7f49579fd000 ---p 00000000 00:00 0 
7f49579fd000-7f4957afb000 rw-p 00000000 00:00 0 
7f4957afb000-7f4957afe000 ---p 00000000 00:00 0 
7f4957afe000-7f4957bfc000 rw-p 00000000 00:00 0 
7f4958000000-7f4958021000 rw-p 00000000 00:00 0 
7f4958021000-7f495c000000 ---p 00000000 00:00 0 
7f495c000000-7f495c021000 rw-p 00000000 00:00 0 
7f495c021000-7f4960000000 ---p 00000000 00:00 0 
7f4960000000-7f496002e000 rw-p 00000000 00:00 0 
7f496002e000-7f4964000000 ---p 00000000 00:00 0 
7f4964000000-7f4964021000 rw-p 00000000 00:00 0 
7f4964021000-7f4968000000 ---p 00000000 00:00 0 
7f4968000000-7f4968027000 rw-p 00000000 00:00 0 
7f4968027000-7f496c000000 ---p 00000000 00:00 0 
7f496c000000-7f496c021000 rw-p 00000000 00:00 0 
7f496c021000-7f4970000000 ---p 00000000 00:00 0 
7f4970000000-7f4970021000 rw-p 00000000 00:00 0 
7f4970021000-7f4974000000 ---p 00000000 00:00 0 
7f497401f000-7f4974022000 ---p 00000000 00:00 0 
7f4974022000-7f4974058000 rw-p 00000000 00:00 0 
7f4974058000-7f497405b000 ---p 00000000 00:00 0 
7f497405b000-7f4974091000 rw-p 00000000 00:00 0 
7f4974091000-7f4974094000 ---p 00000000 00:00 0 
7f4974094000-7f4974192000 rw-p 00000000 00:00 0 
7f4974192000-7f4974195000 ---p 00000000 00:00 0 
7f4974195000-7f4974293000 rw-p 00000000 00:00 0 
7f4974293000-7f4974296000 ---p 00000000 00:00 0 
7f4974296000-7f4974394000 rw-p 00000000 00:00 0 
7f4974495000-7f4974498000 ---p 00000000 00:00 0 
7f4974498000-7f4974596000 rw-p 00000000 00:00 0 
7f4974596000-7f4974599000 ---p 00000000 00:00 0 
7f4974599000-7f49745cf000 rw-p 00000000 00:00 0 
7f49745cf000-7f49745d2000 ---p 00000000 00:00 0 
7f49745d2000-7f49746d0000 rw-p 00000000 00:00 0 
7f49746d2000-7f4974712000 rw-p 00000000 00:00 0 
7f4974712000-7f49748d5000 ---p 00000000 00:00 0 
7f49748d5000-7f497490b000 rw-p 00000000 00:00 0 
7f497490b000-7f497490e000 ---p 00000000 00:00 0 
7f497490e000-7f4974a0c000 rw-p 00000000 00:00 0 
7f4974b0d000-7f4974b10000 ---p 00000000 00:00 0 
7f4974b10000-7f4974b46000 rw-p 00000000 00:00 0 
7f4974b48000-7f4974d48000 rw-p 00000000 00:00 0 
7f4974d48000-7f4974d4b000 ---p 00000000 00:00 0 
7f4974d4b000-7f4974d81000 rw-p 00000000 00:00 0 
7f4974d83000-7f4974f83000 rw-p 00000000 00:00 0 
7f4974f83000-7f4974f86000 ---p 00000000 00:00 0 
7f4974f86000-7f4974fbc000 rw-p 00000000 00:00 0 
7f4974fbc000-7f4974fbf000 ---p 00000000 00:00 0 
7f4974fbf000-7f49750bd000 rw-p 00000000 00:00 0 
7f49751be000-7f49751c1000 ---p 00000000 00:00 0 
7f49751c1000-7f49752bf000 rw-p 00000000 00:00 0 
7f49752bf000-7f49752c2000 ---p 00000000 00:00 0 
7f49752c2000-7f49753c0000 rw-p 00000000 00:00 0 
7f49753c0000-7f49753c3000 ---p 00000000 00:00 0 
7f49753c3000-7f49754c1000 rw-p 00000000 00:00 0 
7f49755c2000-7f49755c5000 ---p 00000000 00:00 0 
7f49755c5000-7f49756c3000 rw-p 00000000 00:00 0 
7f49757c4000-7f49757c7000 ---p 00000000 00:00 0 
7f49757c7000-7f49757fd000 rw-p 00000000 00:00 0 
7f49758fe000-7f4975901000 ---p 00000000 00:00 0 
7f4975901000-7f49759ff000 rw-p 00000000 00:00 0 
7f49759ff000-7f4975a02000 ---p 00000000 00:00 0 
7f4975a02000-7f4975a38000 rw-p 00000000 00:00 0 
7f4975a3a000-7f4975c3a000 rw-p 00000000 00:00 0 
7f4975c3a000-7f4975c3d000 ---p 00000000 00:00 0 
7f4975c3d000-7f4975c73000 rw-p 00000000 00:00 0 
7f4975c75000-7f4975e75000 rw-p 00000000 00:00 0 
7f4975e75000-7f4975e78000 ---p 00000000 00:00 0 
7f4975e78000-7f4975eae000 rw-p 00000000 00:00 0 
7f4975eae000-7f4975eb1000 ---p 00000000 00:00 0 
7f4975eb1000-7f4975ee7000 rw-p 00000000 00:00 0 
7f4975fe8000-7f4975feb000 ---p 00000000 00:00 0 
7f4975feb000-7f49760e9000 rw-p 00000000 00:00 0 
7f49760e9000-7f49760ec000 ---p 00000000 00:00 0 
7f49760ec000-7f49761ea000 rw-p 00000000 00:00 0 
7f49762eb000-7f49762ee000 ---p 00000000 00:00 0 
7f49762ee000-7f49763ec000 rw-p 00000000 00:00 0 
7f49763ec000-7f49763ef000 ---p 00000000 00:00 0 
7f49763ef000-7f49764ed000 rw-p 00000000 00:00 0 
7f49764ed000-7f49764f0000 ---p 00000000 00:00 0 
7f49764f0000-7f49765ee000 rw-p 00000000 00:00 0 
7f49765ee000-7f49765f1000 ---p 00000000 00:00 0 
7f49765f1000-7f49766ef000 rw-p 00000000 00:00 0 
7f49766f1000-7f49768f1000 rw-p 00000000 00:00 0 
7f49768f1000-7f49768f4000 ---p 00000000 00:00 0 
7f49768f4000-7f49769f2000 rw-p 00000000 00:00 0 
7f49769f2000-7f49769f5000 ---p 00000000 00:00 0 
7f49769f5000-7f4976af3000 rw-p 00000000 00:00 0 
7f4976bf4000-7f4976bf7000 ---p 00000000 00:00 0 
7f4976bf7000-7f4976cf5000 rw-p 00000000 00:00 0 
7f4976df6000-7f4976df9000 ---p 00000000 00:00 0 
7f4976df9000-7f4976ef7000 rw-p 00000000 00:00 0 
7f4976f01000-7f4976ff8000 r--s 009bd000 08:02 4727546                    /home/ankit/Desktop/Evento/app/build/intermediates/transforms/jarMerging/debug/jars/1/1f/combined.jar
7f4976ff8000-7f4976ffb000 ---p 00000000 00:00 0 
7f4976ffb000-7f49770f9000 rw-p 00000000 00:00 0 
7f497718a000-7f497738a000 rw-p 00000000 00:00 0 
7f497738a000-7f497738d000 ---p 00000000 00:00 0 
7f497738d000-7f49773c3000 rw-p 00000000 00:00 0 
7f49773c3000-7f49773c6000 ---p 00000000 00:00 0 
7f49773c6000-7f49773fc000 rw-p 00000000 00:00 0 
7f49773fc000-7f49773ff000 ---p 00000000 00:00 0 
7f49773ff000-7f49774fd000 rw-p 00000000 00:00 0 
7f49774fd000-7f4977500000 ---p 00000000 00:00 0 
7f4977500000-7f49775fe000 rw-p 00000000 00:00 0 
7f49775fe000-7f4977601000 ---p 00000000 00:00 0 
7f4977601000-7f49776ff000 rw-p 00000000 00:00 0 
7f49776ff000-7f4977702000 ---p 00000000 00:00 0 
7f4977702000-7f4977a00000 rw-p 00000000 00:00 0 
7f4977a00000-7f4977c00000 rw-p 00000000 00:00 0 
7f4977c00000-7f4977e00000 rw-p 00000000 00:00 0 
7f4977e00000-7f4978000000 rw-p 00000000 00:00 0 
7f4978000000-7f4978021000 rw-p 00000000 00:00 0 
7f4978021000-7f497c000000 ---p 00000000 00:00 0 
7f497c000000-7f497c021000 rw-p 00000000 00:00 0 
7f497c021000-7f4980000000 ---p 00000000 00:00 0 
7f4980000000-7f4980021000 rw-p 00000000 00:00 0 
7f4980021000-7f4984000000 ---p 00000000 00:00 0 
7f4984000000-7f4984021000 rw-p 00000000 00:00 0 
7f4984021000-7f4988000000 ---p 00000000 00:00 0 
7f4988000000-7f4988021000 rw-p 00000000 00:00 0 
7f4988021000-7f498c000000 ---p 00000000 00:00 0 
7f498c000000-7f498d3c1000 rw-p 00000000 00:00 0 
7f498d3c1000-7f4990000000 ---p 00000000 00:00 0 
7f4990000000-7f499003f000 rw-p 00000000 00:00 0 
7f499003f000-7f4994000000 ---p 00000000 00:00 0 
7f4994000000-7f4994021000 rw-p 00000000 00:00 0 
7f4994021000-7f4998000000 ---p 00000000 00:00 0 
7f4998000000-7f4998021000 rw-p 00000000 00:00 0 
7f4998021000-7f499c000000 ---p 00000000 00:00 0 
7f499c000000-7f499c071000 rw-p 00000000 00:00 0 
7f499c071000-7f49a0000000 ---p 00000000 00:00 0 
7f49a0000000-7f49a0021000 rw-p 00000000 00:00 0 
7f49a0021000-7f49a4000000 ---p 00000000 00:00 0 
7f49a4000000-7f49a4021000 rw-p 00000000 00:00 0 
7f49a4021000-7f49a8000000 ---p 00000000 00:00 0 
7f49a8000000-7f49aa450000 rw-p 00000000 00:00 0 
7f49aa450000-7f49ac000000 ---p 00000000 00:00 0 
7f49ac000000-7f49ad03f000 rw-p 00000000 00:00 0 
7f49ad03f000-7f49b0000000 ---p 00000000 00:00 0 
7f49b0000000-7f49b0021000 rw-p 00000000 00:00 0 
7f49b0021000-7f49b4000000 ---p 00000000 00:00 0 
7f49b4000000-7f49b625f000 rw-p 00000000 00:00 0 
7f49b625f000-7f49b8000000 ---p 00000000 00:00 0 
7f49b8000000-7f49b8021000 rw-p 00000000 00:00 0 
7f49b8021000-7f49bc000000 ---p 00000000 00:00 0 
7f49bc000000-7f49bc021000 rw-p 00000000 00:00 0 
7f49bc021000-7f49c0000000 ---p 00000000 00:00 0 
7f49c0000000-7f49c0051000 rw-p 00000000 00:00 0 
7f49c0051000-7f49c4000000 ---p 00000000 00:00 0 
7f49c4000000-7f49c4430000 rw-p 00000000 00:00 0 
7f49c4430000-7f49c8000000 ---p 00000000 00:00 0 
7f49c8000000-7f49c8306000 rw-p 00000000 00:00 0 
7f49c8306000-7f49cc000000 ---p 00000000 00:00 0 
7f49cc016000-7f49cc017000 rw-p 00000000 00:00 0 
7f49cc017000-7f49cc01a000 ---p 00000000 00:00 0 
7f49cc01a000-7f49cc050000 rw-p 00000000 00:00 0 
7f49cc050000-7f49cc053000 ---p 00000000 00:00 0 
7f49cc053000-7f49cc089000 rw-p 00000000 00:00 0 
7f49cc089000-7f49cc08c000 ---p 00000000 00:00 0 
7f49cc08c000-7f49cc0c2000 rw-p 00000000 00:00 0 
7f49cc0c2000-7f49cc0c5000 ---p 00000000 00:00 0 
7f49cc0c5000-7f49cc2fb000 rw-p 00000000 00:00 0 
7f49cc2fb000-7f49cc4fb000 rw-p 00000000 00:00 0 
7f49cc4fb000-7f49cc50e000 r--s 00345000 08:02 239586                     /usr/lib/jvm/java-8-oracle/jre/lib/resources.jar
7f49cc50e000-7f49cc70e000 rw-p 00000000 00:00 0 
7f49cc70e000-7f49cc90e000 rw-p 00000000 00:00 0 
7f49cc90e000-7f49ccb0e000 rw-p 00000000 00:00 0 
7f49ccb0e000-7f49ccd0e000 rw-p 00000000 00:00 0 
7f49ccd0e000-7f49ccf0e000 rw-p 00000000 00:00 0 
7f49ccf0e000-7f49ccf39000 r--s 001fc000 08:02 3802331                    /home/ankit/Downloads/android-studio/gradle/m2repository/com/google/guava/guava/18.0/guava-18.0.jar
7f49ccf39000-7f49ccf3a000 r--s 00001000 08:02 3877617                    /home/ankit/Downloads/android-studio/gradle/m2repository/com/android/tools/annotations/25.2.0/annotations-25.2.0.jar
7f49ccf3a000-7f49ccf4c000 r--s 000b3000 08:02 3989804                    /home/ankit/Downloads/android-studio/gradle/m2repository/com/android/tools/external/com-intellij/uast/145.597.3/uast-145.597.3.jar
7f49ccf4c000-7f49ccf54000 r--s 000a8000 08:02 3753715                    /home/ankit/Downloads/android-studio/gradle/m2repository/com/android/tools/external/lombok/lombok-ast/0.2.3/lombok-ast-0.2.3.jar
7f49ccf54000-7f49ccf56000 r--s 0000d000 08:02 3760231                    /home/ankit/Downloads/android-studio/gradle/m2repository/commons-codec/commons-codec/1.4/commons-codec-1.4.jar
7f49ccf56000-7f49ccf58000 r--s 0000d000 08:02 3540543                    /home/ankit/Downloads/android-studio/gradle/m2repository/commons-logging/commons-logging/1.1.1/commons-logging-1.1.1.jar
7f49ccf58000-7f49ccf5d000 r--s 00028000 08:02 3753367                    /home/ankit/Downloads/android-studio/gradle/m2repository/org/apache/httpcomponents/httpcore/4.1/httpcore-4.1.jar
7f49ccf5d000-7f49ccf61000 r--s 0002f000 08:02 3845228                    /home/ankit/Downloads/android-studio/gradle/m2repository/com/google/jimfs/jimfs/1.1/jimfs-1.1.jar
7f49ccf61000-7f49ccf62000 r--s 00004000 08:02 3753443                    /home/ankit/Downloads/android-studio/gradle/m2repository/com/intellij/annotations/12.0/annotations-12.0.jar
7f49ccf62000-7f49ccf63000 r--s 00004000 08:02 3713300                    /home/ankit/Downloads/android-studio/gradle/m2repository/org/ow2/asm/asm-analysis/5.0.4/asm-analysis-5.0.4.jar
7f49ccf63000-7f49ccf67000 r--s 0003b000 08:02 4017281                    /home/ankit/Downloads/android-studio/gradle/m2repository/com/android/tools/lint/lint-api/25.2.0/lint-api-25.2.0.jar
7f49ccf67000-7f49ccf68000 r--s 0000a000 08:02 3760193                    /home/ankit/Downloads/android-studio/gradle/m2repository/net/sf/kxml/kxml2/2.3.0/kxml2-2.3.0.jar
7f49ccf68000-7f49ccf6a000 r--s 00005000 08:02 3753358                    /home/ankit/Downloads/android-studio/gradle/m2repository/org/apache/httpcomponents/httpmime/4.1/httpmime-4.1.jar
7f49ccf6a000-7f49ccf72000 r--s 0004e000 08:02 3753378                    /home/ankit/Downloads/android-studio/gradle/m2repository/org/apache/httpcomponents/httpclient/4.1.1/httpclient-4.1.1.jar
7f49ccf72000-7f49ccf79000 r--s 00053000 08:02 3753390                    /home/ankit/Downloads/android-studio/gradle/m2repository/org/apache/commons/commons-compress/1.8.1/commons-compress-1.8.1.jar
7f49ccf79000-7f49ccf7e000 r--s 0002a000 08:02 3753476                    /home/ankit/Downloads/android-studio/gradle/m2repository/com/google/code/gson/gson/2.2.4/gson-2.2.4.jar
7f49ccf7e000-7f49ccf83000 r--s 0002d000 08:02 4000509                    /home/ankit/Downloads/android-studio/gradle/m2repository/com/android/tools/repository/25.2.0/repository-25.2.0.jar
7f49ccf83000-7f49ccf84000 r--s 00005000 08:02 3941528                    /home/ankit/Downloads/android-studio/gradle/m2repository/com/android/tools/dvlib/25.2.0/dvlib-25.2.0.jar
7f49ccf84000-7f49ccf87000 r--s 00014000 08:02 3835823                    /home/ankit/Downloads/android-studio/gradle/m2repository/com/android/tools/layoutlib/layoutlib-api/25.2.0/layoutlib-api-25.2.0.jar
7f49ccf87000-7f49ccf8c000 r--s 00058000 08:02 3631976                    /home/ankit/Downloads/android-studio/gradle/m2repository/org/ow2/asm/asm-debug-all/5.0.1/asm-debug-all-5.0.1.jar
7f49ccf8c000-7f49ccf9c000 r--s 000d6000 08:02 3760205                    /home/ankit/Downloads/android-studio/gradle/m2repository/net/sf/proguard/proguard-base/5.2.1/proguard-base-5.2.1.jar
7f49ccf9c000-7f49ccf9f000 r--s 00033000 08:02 3753450                    /home/ankit/Downloads/android-studio/gradle/m2repository/com/googlecode/juniversalchardet/juniversalchardet/1.0.3/juniversalchardet-1.0.3.jar
7f49ccf9f000-7f49ccfa3000 r--s 0002a000 08:02 3506651                    /home/ankit/Downloads/android-studio/gradle/m2repository/commons-io/commons-io/2.4/commons-io-2.4.jar
7f49ccfa3000-7f49ccfba000 r--s 00154000 08:02 3787896                    /home/ankit/Downloads/android-studio/gradle/m2repository/org/antlr/antlr4/4.5.3/antlr4-4.5.3.jar
7f49ccfba000-7f49ccfbb000 r--s 00002000 08:02 3845251                    /home/ankit/Downloads/android-studio/gradle/m2repository/com/android/databinding/baseLibrary/2.2.0/baseLibrary-2.2.0.jar
7f49ccfbb000-7f49ccfce000 r--s 00236000 08:02 3779712                    /home/ankit/Downloads/android-studio/gradle/m2repository/org/eclipse/jdt/core/compiler/ecj/4.5.1/ecj-4.5.1.jar
7f49ccfce000-7f49ccfd5000 r--s 000c3000 08:02 3927174                    /home/ankit/Downloads/android-studio/gradle/m2repository/com/android/tools/lint/lint-checks/25.2.0/lint-checks-25.2.0.jar
7f49ccfd5000-7f49ccfd7000 r--s 00006000 08:02 3754422                    /home/ankit/Downloads/android-studio/gradle/m2repository/org/ow2/asm/asm-tree/5.0.4/asm-tree-5.0.4.jar
7f49ccfd7000-7f49cd00a000 r--s 00203000 08:02 3753331                    /home/ankit/Downloads/android-studio/gradle/m2repository/org/bouncycastle/bcprov-jdk15on/1.48/bcprov-jdk15on-1.48.jar
7f49cd00a000-7f49cd018000 r--s 00081000 08:02 3753336                    /home/ankit/Downloads/android-studio/gradle/m2repository/org/bouncycastle/bcpkix-jdk15on/1.48/bcpkix-jdk15on-1.48.jar
7f49cd018000-7f49cd01a000 r--s 00002000 08:02 3753458                    /home/ankit/Downloads/android-studio/gradle/m2repository/com/squareup/javawriter/2.5.0/javawriter-2.5.0.jar
7f49cd01a000-7f49cd01b000 r--s 00002000 08:02 4009078                    /home/ankit/Downloads/android-studio/gradle/m2repository/com/android/tools/analytics-library/tracker/25.2.0/tracker-25.2.0.jar
7f49cd01b000-7f49cd01d000 r--s 00003000 08:02 4009086                    /home/ankit/Downloads/android-studio/gradle/m2repository/com/android/tools/analytics-library/shared/25.2.0/shared-25.2.0.jar
7f49cd01d000-7f49cd02a000 r--s 000ed000 08:02 4009082                    /home/ankit/Downloads/android-studio/gradle/m2repository/com/android/tools/analytics-library/protos/25.2.0/protos-25.2.0.jar
7f49cd02a000-7f49cd02b000 r--s 00001000 08:02 3753578                    /home/ankit/Downloads/android-studio/gradle/m2repository/com/android/tools/jill/jill-api/0.10.0/jill-api-0.10.0.jar
7f49cd02b000-7f49cd02d000 r--s 00003000 08:02 4024806                    /home/ankit/Downloads/android-studio/gradle/m2repository/com/android/tools/jack/jack-api/0.11.0/jack-api-0.11.0.jar
7f49cd02d000-7f49cd032000 r--s 0004a000 08:02 3918754                    /home/ankit/Downloads/android-studio/gradle/m2repository/com/android/tools/ddms/ddmlib/25.2.0/ddmlib-25.2.0.jar
7f49cd032000-7f49cd035000 r--s 00021000 08:02 3910779                    /home/ankit/Downloads/android-studio/gradle/m2repository/com/android/tools/build/manifest-merger/25.2.0/manifest-merger-25.2.0.jar
7f49cd035000-7f49cd037000 r--s 0001c000 08:02 4031682                    /home/ankit/Downloads/android-studio/gradle/m2repository/com/android/tools/common/25.2.0/common-25.2.0.jar
7f49cd037000-7f49cd040000 r--s 00083000 08:02 3885105                    /home/ankit/Downloads/android-studio/gradle/m2repository/com/android/tools/sdk-common/25.2.0/sdk-common-25.2.0.jar
7f49cd040000-7f49cd04b000 r--s 0008e000 08:02 4024802                    /home/ankit/Downloads/android-studio/gradle/m2repository/com/android/tools/sdklib/25.2.0/sdklib-25.2.0.jar
7f49cd04b000-7f49cd04c000 r--s 00002000 08:02 3894391                    /home/ankit/Downloads/android-studio/gradle/m2repository/com/android/tools/build/builder-test-api/2.2.0/builder-test-api-2.2.0.jar
7f49cd04c000-7f49cd04f000 r--s 00005000 08:02 3754438                    /home/ankit/Downloads/android-studio/gradle/m2repository/com/android/tools/build/builder-model/2.2.0/builder-model-2.2.0.jar
7f49cd04f000-7f49cd057000 r--s 0007b000 08:02 3819714                    /home/ankit/Downloads/android-studio/gradle/m2repository/com/google/protobuf/protobuf-java/2.5.0/protobuf-java-2.5.0.jar
7f49cd057000-7f49cd059000 r--s 0000f000 08:02 4041488                    /home/ankit/Downloads/android-studio/gradle/m2repository/net/sf/jopt-simple/jopt-simple/4.9/jopt-simple-4.9.jar
7f49cd059000-7f49cd05d000 r--s 0001f000 08:02 3795671                    /home/ankit/Downloads/android-studio/gradle/m2repository/org/jacoco/org.jacoco.report/0.7.5.201505241946/org.jacoco.report-0.7.5.201505241946.jar
7f49cd05d000-7f49cd061000 r--s 0001d000 08:02 3787900                    /home/ankit/Downloads/android-studio/gradle/m2repository/org/jacoco/org.jacoco.core/0.7.5.201505241946/org.jacoco.core-0.7.5.201505241946.jar
7f49cd061000-7f49cd062000 r--s 00002000 08:02 3760221                    /home/ankit/Downloads/android-studio/gradle/m2repository/net/sf/proguard/proguard-gradle/5.2.1/proguard-gradle-5.2.1.jar
7f49cd062000-7f49cd064000 r--s 00009000 08:02 3779703                    /home/ankit/Downloads/android-studio/gradle/m2repository/org/ow2/asm/asm-commons/5.0.4/asm-commons-5.0.4.jar
7f49cd064000-7f49cd066000 r--s 0000c000 08:02 3779709                    /home/ankit/Downloads/android-studio/gradle/m2repository/org/ow2/asm/asm/5.0.4/asm-5.0.4.jar
7f49cd066000-7f49cd06a000 r--s 0002b000 08:02 3853442                    /home/ankit/Downloads/android-studio/gradle/m2repository/com/android/databinding/compilerCommon/2.2.0/compilerCommon-2.2.0.jar
7f49cd06a000-7f49cd06b000 r--s 00002000 08:02 3894401                    /home/ankit/Downloads/android-studio/gradle/m2repository/com/android/tools/build/gradle-api/2.2.0/gradle-api-2.2.0.jar
7f49cd06b000-7f49cd06c000 r--s 00000000 08:02 3753573                    /home/ankit/Downloads/android-studio/gradle/m2repository/com/android/tools/build/transform-api/2.0.0-deprecated-use-gradle-api/transform-api-2.0.0-deprecated-use-gradle-api.jar
7f49cd06c000-7f49cd071000 r--s 00053000 08:02 4017271                    /home/ankit/Downloads/android-studio/gradle/m2repository/com/android/tools/lint/lint/25.2.0/lint-25.2.0.jar
7f49cd071000-7f49cd088000 r--s 0015d000 08:02 3885097                    /home/ankit/Downloads/android-studio/gradle/m2repository/com/android/tools/build/builder/2.2.0/builder-2.2.0.jar
7f49cd088000-7f49cd0a5000 r--s 0019c000 08:02 3910782                    /home/ankit/Downloads/android-studio/gradle/m2repository/com/android/tools/build/gradle-core/2.2.0/gradle-core-2.2.0.jar
7f49cd0a5000-7f49cd0a7000 r--s 0000d000 08:02 3802336                    /home/ankit/Downloads/android-studio/gradle/m2repository/com/android/tools/build/gradle/2.2.0/gradle-2.2.0.jar
7f49cd0a7000-7f49cd2a7000 rw-p 00000000 00:00 0 
7f49cd2a7000-7f49cd2aa000 ---p 00000000 00:00 0 
7f49cd2aa000-7f49cd5a8000 rw-p 00000000 00:00 0 
7f49cd5a8000-7f49cd5ab000 ---p 00000000 00:00 0 
7f49cd5ab000-7f49cd5e1000 rw-p 00000000 00:00 0 
7f49cd5e1000-7f49cd5e2000 r--p 00000000 00:00 0 
7f49cd5e2000-7f49cd7e2000 rw-p 00000000 00:00 0 
7f49cd7e2000-7f49cd9e2000 rw-p 00000000 00:00 0 
7f49cd9e2000-7f49cdbe2000 rw-p 00000000 00:00 0 
7f49cdbe2000-7f49cdde2000 rw-p 00000000 00:00 0 
7f49cdde2000-7f49cde5b000 r--s 010e5000 08:02 158647                     /usr/lib/jvm/java-8-oracle/lib/tools.jar
7f49cde5b000-7f49ce05b000 rw-p 00000000 00:00 0 
7f49ce05b000-7f49ce05e000 ---p 00000000 00:00 0 
7f49ce05e000-7f49ce15c000 rw-p 00000000 00:00 0 
7f49ce15c000-7f49ce15f000 ---p 00000000 00:00 0 
7f49ce15f000-7f49ce25d000 rw-p 00000000 00:00 0 
7f49ce25d000-7f49ce260000 ---p 00000000 00:00 0 
7f49ce260000-7f49ce35e000 rw-p 00000000 00:00 0 
7f49ce35e000-7f49ce361000 ---p 00000000 00:00 0 
7f49ce361000-7f49ce45f000 rw-p 00000000 00:00 0 
7f49ce45f000-7f49ce462000 ---p 00000000 00:00 0 
7f49ce462000-7f49ce560000 rw-p 00000000 00:00 0 
7f49ce560000-7f49ce563000 ---p 00000000 00:00 0 
7f49ce563000-7f49ce661000 rw-p 00000000 00:00 0 
7f49ce661000-7f49ce668000 r--s 00000000 08:02 109538                     /usr/lib/x86_64-linux-gnu/gconv/gconv-modules.cache
7f49ce668000-7f49ce868000 rw-p 00000000 00:00 0 
7f49ce868000-7f49ce86b000 ---p 00000000 00:00 0 
7f49ce86b000-7f49ce969000 rw-p 00000000 00:00 0 
7f49ce969000-7f49ce96c000 ---p 00000000 00:00 0 
7f49ce96c000-7f49cea6a000 rw-p 00000000 00:00 0 
7f49cea6a000-7f49cea73000 r-xp 00000000 08:02 253999                     /usr/lib/jvm/java-8-oracle/jre/lib/amd64/libmanagement.so
7f49cea73000-7f49cec72000 ---p 00009000 08:02 253999                     /usr/lib/jvm/java-8-oracle/jre/lib/amd64/libmanagement.so
7f49cec72000-7f49cec73000 rw-p 00008000 08:02 253999                     /usr/lib/jvm/java-8-oracle/jre/lib/amd64/libmanagement.so
7f49cec73000-7f49cec77000 r--s 00097000 08:02 239557                     /usr/lib/jvm/java-8-oracle/jre/lib/jsse.jar
7f49cec77000-7f49cec79000 r--s 00007000 08:02 3402085                    /home/ankit/Downloads/android-studio/gradle/gradle-2.14.1/lib/plugins/gradle-tooling-api-builders-2.14.1.jar
7f49cec79000-7f49cec7c000 r--s 00008000 08:02 3402081                    /home/ankit/Downloads/android-studio/gradle/gradle-2.14.1/lib/plugins/gradle-testing-native-2.14.1.jar
7f49cec7c000-7f49cec7e000 r--s 00009000 08:02 3402371                    /home/ankit/Downloads/android-studio/gradle/gradle-2.14.1/lib/plugins/hamcrest-core-1.3.jar
7f49cec7e000-7f49cec84000 r--s 00033000 08:02 3402325                    /home/ankit/Downloads/android-studio/gradle/gradle-2.14.1/lib/plugins/snakeyaml-1.6.jar
7f49cec84000-7f49cec86000 r--s 00006000 08:02 3402336                    /home/ankit/Downloads/android-studio/gradle/gradle-2.14.1/lib/plugins/jcommander-1.12.jar
7f49cec86000-7f49cec8b000 r--s 00040000 08:02 3402324                    /home/ankit/Downloads/android-studio/gradle/gradle-2.14.1/lib/plugins/bsh-2.0b4.jar
7f49cec8b000-7f49cec94000 r--s 00089000 08:02 3402339                    /home/ankit/Downloads/android-studio/gradle/gradle-2.14.1/lib/plugins/testng-6.3.1.jar
7f49cec94000-7f49cec9c000 r--s 00045000 08:02 3402343                    /home/ankit/Downloads/android-studio/gradle/gradle-2.14.1/lib/plugins/junit-4.12.jar
7f49cec9c000-7f49ceca2000 r--s 0002e000 08:02 3402091                    /home/ankit/Downloads/android-studio/gradle/gradle-2.14.1/lib/plugins/gradle-testing-jvm-2.14.1.jar
7f49ceca2000-7f49ceca7000 r--s 00015000 08:02 3402095                    /home/ankit/Downloads/android-studio/gradle/gradle-2.14.1/lib/plugins/gradle-testing-base-2.14.1.jar
7f49ceca7000-7f49ceca8000 r--s 00002000 08:02 3402342                    /home/ankit/Downloads/android-studio/gradle/gradle-2.14.1/lib/plugins/sonar-batch-bootstrapper-2.9.jar
7f49ceca8000-7f49cecab000 r--s 00015000 08:02 3402090                    /home/ankit/Downloads/android-studio/gradle/gradle-2.14.1/lib/plugins/gradle-sonar-2.14.1.jar
7f49cecab000-7f49cecb2000 r--s 00038000 08:02 3402356                    /home/ankit/Downloads/android-studio/gradle/gradle-2.14.1/lib/plugins/bcpg-jdk15on-1.51.jar
7f49cecb2000-7f49cecb4000 r--s 0000d000 08:02 3402293                    /home/ankit/Downloads/android-studio/gradle/gradle-2.14.1/lib/plugins/gradle-signing-2.14.1.jar
7f49cecb4000-7f49cecb7000 r--s 00009000 08:02 3402099                    /home/ankit/Downloads/android-studio/gradle/gradle-2.14.1/lib/plugins/gradle-scala-2.14.1.jar
7f49cecb7000-7f49cecb8000 r--s 00004000 08:02 3402295                    /home/ankit/Downloads/android-studio/gradle/gradle-2.14.1/lib/plugins/gradle-resources-sftp-2.14.1.jar
7f49cecb8000-7f49cecc8000 r--s 00088000 08:02 3402329                    /home/ankit/Downloads/android-studio/gradle/gradle-2.14.1/lib/plugins/joda-time-2.8.2.jar
7f49cecc8000-7f49cecd9000 r--s 000cf000 08:02 3402375                    /home/ankit/Downloads/android-studio/gradle/gradle-2.14.1/lib/plugins/jackson-databind-2.3.2.jar
7f49cecd9000-7f49cecdb000 r--s 00007000 08:02 3402352                    /home/ankit/Downloads/android-studio/gradle/gradle-2.14.1/lib/plugins/jackson-annotations-2.3.2.jar
7f49cecdb000-7f49cecde000 r--s 0002e000 08:02 3402358                    /home/ankit/Downloads/android-studio/gradle/gradle-2.14.1/lib/plugins/jackson-core-2.3.2.jar
7f49cecde000-7f49cece9000 r--s 0006b000 08:02 3402381                    /home/ankit/Downloads/android-studio/gradle/gradle-2.14.1/lib/plugins/aws-java-sdk-core-1.9.19.jar
7f49cece9000-7f49cecef000 r--s 00036000 08:02 3402351                    /home/ankit/Downloads/android-studio/gradle/gradle-2.14.1/lib/plugins/aws-java-sdk-kms-1.9.19.jar
7f49cecef000-7f49cecfa000 r--s 00079000 08:02 3402341                    /home/ankit/Downloads/android-studio/gradle/gradle-2.14.1/lib/plugins/aws-java-sdk-s3-1.9.19.jar
7f49cecfa000-7f49cecfb000 r--s 00003000 08:02 3402305                    /home/ankit/Downloads/android-studio/gradle/gradle-2.14.1/lib/plugins/gradle-resources-s3-2.14.1.jar
7f49cecfb000-7f49cecfd000 r--s 00005000 08:02 3402370                    /home/ankit/Downloads/android-studio/gradle/gradle-2.14.1/lib/plugins/jatl-0.2.2.jar
7f49cecfd000-7f49cecff000 r--s 0000f000 08:02 3402311                    /home/ankit/Downloads/android-studio/gradle/gradle-2.14.1/lib/plugins/gradle-reporting-2.14.1.jar
7f49cecff000-7f49ced01000 r--s 00002000 08:02 3402252                    /home/ankit/Downloads/android-studio/gradle/gradle-2.14.1/lib/plugins/gradle-publish-2.14.1.jar
7f49ced01000-7f49ced03000 r--s 00009000 08:02 3402334                    /home/ankit/Downloads/android-studio/gradle/gradle-2.14.1/lib/plugins/commons-cli-1.2.jar
7f49ced03000-7f49ced09000 r--s 00033000 08:02 3402098                    /home/ankit/Downloads/android-studio/gradle/gradle-2.14.1/lib/plugins/gradle-plugins-2.14.1.jar
7f49ced09000-7f49ced0b000 r--s 00007000 08:02 3402083                    /home/ankit/Downloads/android-studio/gradle/gradle-2.14.1/lib/plugins/gradle-plugin-development-2.14.1.jar
7f49ced0b000-7f49ced11000 r--s 0002a000 08:02 3402292                    /home/ankit/Downloads/android-studio/gradle/gradle-2.14.1/lib/plugins/gradle-platform-play-2.14.1.jar
7f49ced11000-7f49ced1e000 r--s 0004d000 08:02 3402291                    /home/ankit/Downloads/android-studio/gradle/gradle-2.14.1/lib/plugins/gradle-platform-native-2.14.1.jar
7f49ced1e000-7f49ced22000 r--s 0001a000 08:02 3402304                    /home/ankit/Downloads/android-studio/gradle/gradle-2.14.1/lib/plugins/gradle-platform-jvm-2.14.1.jar
7f49ced22000-7f49ced29000 r--s 00029000 08:02 3402097                    /home/ankit/Downloads/android-studio/gradle/gradle-2.14.1/lib/plugins/gradle-platform-base-2.14.1.jar
7f49ced29000-7f49ced4a000 r--s 001c3000 08:02 3402322                    /home/ankit/Downloads/android-studio/gradle/gradle-2.14.1/lib/plugins/bndlib-2.4.0.jar
7f49ced4a000-7f49ced4c000 r--s 00003000 08:02 3402306                    /home/ankit/Downloads/android-studio/gradle/gradle-2.14.1/lib/plugins/gradle-osgi-2.14.1.jar
7f49ced4c000-7f49ced4f000 r--s 0000c000 08:02 3402378                    /home/ankit/Downloads/android-studio/gradle/gradle-2.14.1/lib/plugins/pmaven-groovy-0.8-20100325.jar
7f49ced4f000-7f49ced50000 r--s 00004000 08:02 3402369                    /home/ankit/Downloads/android-studio/gradle/gradle-2.14.1/lib/plugins/pmaven-common-0.8-20100325.jar
7f49ced50000-7f49ced56000 r--s 00022000 08:02 3402096                    /home/ankit/Downloads/android-studio/gradle/gradle-2.14.1/lib/plugins/gradle-maven-2.14.1.jar
7f49ced56000-7f49ced58000 r--s 0000a000 08:02 3402088                    /home/ankit/Downloads/android-studio/gradle/gradle-2.14.1/lib/plugins/gradle-language-scala-2.14.1.jar
7f49ced58000-7f49ced5e000 r--s 0001a000 08:02 3402092                    /home/ankit/Downloads/android-studio/gradle/gradle-2.14.1/lib/plugins/gradle-language-native-2.14.1.jar
7f49ced5e000-7f49ced60000 r--s 00008000 08:02 3402084                    /home/ankit/Downloads/android-studio/gradle/gradle-2.14.1/lib/plugins/gradle-language-jvm-2.14.1.jar
7f49ced60000-7f49ced66000 r--s 00024000 08:02 3402300                    /home/ankit/Downloads/android-studio/gradle/gradle-2.14.1/lib/plugins/gradle-language-java-2.14.1.jar
7f49ced66000-7f49ced68000 r--s 0000a000 08:02 3402290                    /home/ankit/Downloads/android-studio/gradle/gradle-2.14.1/lib/plugins/gradle-language-groovy-2.14.1.jar
7f49ced68000-7f49ced6b000 r--s 0001e000 08:02 3402319                    /home/ankit/Downloads/android-studio/gradle/gradle-2.14.1/lib/plugins/jsp-api-2.1-6.1.14.jar
7f49ced6b000-7f49ced8e000 r--s 00344000 08:02 3402353                    /home/ankit/Downloads/android-studio/gradle/gradle-2.14.1/lib/plugins/core-3.1.1.jar
7f49ced8e000-7f49ced8f000 r--s 00006000 08:02 3402376                    /home/ankit/Downloads/android-studio/gradle/gradle-2.14.1/lib/plugins/jetty-naming-6.1.25.jar
7f49ced8f000-7f49ced90000 r--s 00002000 08:02 3402349                    /home/ankit/Downloads/android-studio/gradle/gradle-2.14.1/lib/plugins/geronimo-annotation_1.0_spec-1.0.jar
7f49ced90000-7f49ced92000 r--s 00002000 08:02 3402373                    /home/ankit/Downloads/android-studio/gradle/gradle-2.14.1/lib/plugins/jetty-annotations-6.1.25.jar
7f49ced92000-7f49ceda3000 r--s 000ea000 08:02 3402379                    /home/ankit/Downloads/android-studio/gradle/gradle-2.14.1/lib/plugins/jsp-2.1-6.1.14.jar
7f49ceda3000-7f49ceda5000 r--s 0000d000 08:02 3402354                    /home/ankit/Downloads/android-studio/gradle/gradle-2.14.1/lib/plugins/jetty-plus-6.1.25.jar
7f49ceda5000-7f49ceda7000 r--s 0001f000 08:02 3402385                    /home/ankit/Downloads/android-studio/gradle/gradle-2.14.1/lib/plugins/servlet-api-2.5-20081211.jar
7f49ceda7000-7f49cedab000 r--s 00028000 08:02 3402337                    /home/ankit/Downloads/android-studio/gradle/gradle-2.14.1/lib/plugins/jetty-util-6.1.25.jar
7f49cedab000-7f49cedb2000 r--s 0007d000 08:02 3402344                    /home/ankit/Downloads/android-studio/gradle/gradle-2.14.1/lib/plugins/jetty-6.1.25.jar
7f49cedb2000-7f49cedb4000 r--s 00009000 08:02 3402309                    /home/ankit/Downloads/android-studio/gradle/gradle-2.14.1/lib/plugins/gradle-jetty-2.14.1.jar
7f49cedb4000-7f49cedbb000 r--s 00035000 08:02 3402382                    /home/ankit/Downloads/android-studio/gradle/gradle-2.14.1/lib/plugins/simple-4.1.21.jar
7f49cedbb000-7f49cedc7000 r--s 00100000 08:02 3402330                    /home/ankit/Downloads/android-studio/gradle/gradle-2.14.1/lib/plugins/rhino-1.7R3.jar
7f49cedc7000-7f49cedcb000 r--s 00011000 08:02 3402297                    /home/ankit/Downloads/android-studio/gradle/gradle-2.14.1/lib/plugins/gradle-javascript-2.14.1.jar
7f49cedcb000-7f49cedcd000 r--s 0000c000 08:02 3402317                    /home/ankit/Downloads/android-studio/gradle/gradle-2.14.1/lib/plugins/gradle-jacoco-2.14.1.jar
7f49cedcd000-7f49cedd0000 r--s 0000e000 08:02 3402316                    /home/ankit/Downloads/android-studio/gradle/gradle-2.14.1/lib/plugins/gradle-ivy-2.14.1.jar
7f49cedd0000-7f49cedd1000 r--s 00002000 08:02 3402313                    /home/ankit/Downloads/android-studio/gradle/gradle-2.14.1/lib/plugins/gradle-ide-play-2.14.1.jar
7f49cedd1000-7f49cedd6000 r--s 0002b000 08:02 3402310                    /home/ankit/Downloads/android-studio/gradle/gradle-2.14.1/lib/plugins/gradle-ide-native-2.14.1.jar
7f49cedd6000-7f49cede1000 r--s 00066000 08:02 3402089                    /home/ankit/Downloads/android-studio/gradle/gradle-2.14.1/lib/plugins/gradle-ide-2.14.1.jar
7f49cede1000-7f49cede2000 r--s 00008000 08:02 3402087                    /home/ankit/Downloads/android-studio/gradle/gradle-2.14.1/lib/plugins/gradle-ear-2.14.1.jar
7f49cede2000-7f49cede8000 r--s 00032000 08:02 3402094                    /home/ankit/Downloads/android-studio/gradle/gradle-2.14.1/lib/plugins/gradle-diagnostics-2.14.1.jar
7f49cede8000-7f49cedec000 r--s 00021000 08:02 3402312                    /home/ankit/Downloads/android-studio/gradle/gradle-2.14.1/lib/plugins/gradle-code-quality-2.14.1.jar
7f49cedec000-7f49cedf0000 r--s 0001f000 08:02 3402093                    /home/ankit/Downloads/android-studio/gradle/gradle-2.14.1/lib/plugins/gradle-build-init-2.14.1.jar
7f49cedf0000-7f49cedf7000 r--s 0008e000 08:02 3402314                    /home/ankit/Downloads/android-studio/gradle/gradle-2.14.1/lib/plugins/gradle-build-comparison-2.14.1.jar
7f49cedf7000-7f49cedf9000 r--s 00008000 08:02 3402302                    /home/ankit/Downloads/android-studio/gradle/gradle-2.14.1/lib/plugins/gradle-antlr-2.14.1.jar
7f49cedf9000-7f49cedfb000 r--s 00004000 08:02 3402315                    /home/ankit/Downloads/android-studio/gradle/gradle-2.14.1/lib/plugins/gradle-announce-2.14.1.jar
7f49cedfb000-7f49cee13000 r--s 00115000 08:02 3402347                    /home/ankit/Downloads/android-studio/gradle/gradle-2.14.1/lib/plugins/xercesImpl-2.9.1.jar
7f49cee13000-7f49cee1b000 r--s 00028000 08:02 3402366                    /home/ankit/Downloads/android-studio/gradle/gradle-2.14.1/lib/plugins/xml-apis-1.3.04.jar
7f49cee1b000-7f49cee21000 r--s 0005b000 08:02 3402359                    /home/ankit/Downloads/android-studio/gradle/gradle-2.14.1/lib/plugins/jcifs-1.3.17.jar
7f49cee21000-7f49cee28000 r--s 00049000 08:02 3402296                    /home/ankit/Downloads/android-studio/gradle/gradle-2.14.1/lib/plugins/httpcore-4.4.4.jar
7f49cee28000-7f49cee2e000 r--s 00033000 08:02 3402328                    /home/ankit/Downloads/android-studio/gradle/gradle-2.14.1/lib/plugins/commons-codec-1.6.jar
7f49cee2e000-7f49cee31000 r--s 0001c000 08:02 3402326                    /home/ankit/Downloads/android-studio/gradle/gradle-2.14.1/lib/plugins/nekohtml-1.9.14.jar
7f49cee31000-7f49cee3e000 r--s 000a4000 08:02 3402307                    /home/ankit/Downloads/android-studio/gradle/gradle-2.14.1/lib/plugins/httpclient-4.4.1.jar
7f49cee3e000-7f49cee40000 r--s 0000a000 08:02 3402082                    /home/ankit/Downloads/android-studio/gradle/gradle-2.14.1/lib/plugins/gradle-resources-http-2.14.1.jar
7f49cee40000-7f49cee44000 r--s 00014000 08:02 3402294                    /home/ankit/Downloads/android-studio/gradle/gradle-2.14.1/lib/plugins/gradle-plugin-use-2.14.1.jar
7f49cee44000-7f49cee45000 r--s 00000000 08:02 3394352                    /home/ankit/Downloads/android-studio/gradle/gradle-2.14.1/lib/gradle-installation-beacon-2.14.1.jar
7f49cee45000-7f49cee46000 r--s 00007000 08:02 3402335                    /home/ankit/Downloads/android-studio/gradle/gradle-2.14.1/lib/plugins/wagon-http-shared4-2.4.jar
7f49cee46000-7f49cee4a000 r--s 00033000 08:02 3402372                    /home/ankit/Downloads/android-studio/gradle/gradle-2.14.1/lib/plugins/plexus-utils-2.0.6.jar
7f49cee4a000-7f49cee4e000 r--s 00021000 08:02 3402361                    /home/ankit/Downloads/android-studio/gradle/gradle-2.14.1/lib/plugins/maven-model-builder-3.0.4.jar
7f49cee4e000-7f49cee4f000 r--s 00002000 08:02 3402327                    /home/ankit/Downloads/android-studio/gradle/gradle-2.14.1/lib/plugins/wagon-file-2.4.jar
7f49cee4f000-7f49cee51000 r--s 00002000 08:02 3402368                    /home/ankit/Downloads/android-studio/gradle/gradle-2.14.1/lib/plugins/plexus-cipher-1.7.jar
7f49cee51000-7f49cee54000 r--s 00013000 08:02 3402384                    /home/ankit/Downloads/android-studio/gradle/gradle-2.14.1/lib/plugins/aether-api-1.13.1.jar
7f49cee54000-7f49cee56000 r--s 0000a000 08:02 3402338                    /home/ankit/Downloads/android-studio/gradle/gradle-2.14.1/lib/plugins/maven-settings-3.0.4.jar
7f49cee56000-7f49cee58000 r--s 0000d000 08:02 3402362                    /home/ankit/Downloads/android-studio/gradle/gradle-2.14.1/lib/plugins/plexus-interpolation-1.14.jar
7f49cee58000-7f49cee5a000 r--s 0000b000 08:02 3402377                    /home/ankit/Downloads/android-studio/gradle/gradle-2.14.1/lib/plugins/maven-artifact-3.0.4.jar
7f49cee5a000-7f49cee61000 r--s 0002e000 08:02 3402332                    /home/ankit/Downloads/android-studio/gradle/gradle-2.14.1/lib/plugins/plexus-container-default-1.5.5.jar
7f49cee61000-7f49cee63000 r--s 0000b000 08:02 3402355                    /home/ankit/Downloads/android-studio/gradle/gradle-2.14.1/lib/plugins/maven-plugin-api-3.0.4.jar
7f49cee63000-7f49cee65000 r--s 00000000 08:02 3402357                    /home/ankit/Downloads/android-studio/gradle/gradle-2.14.1/lib/plugins/plexus-component-annotations-1.5.5.jar
7f49cee65000-7f49cee6b000 r--s 0003f000 08:02 3402363                    /home/ankit/Downloads/android-studio/gradle/gradle-2.14.1/lib/plugins/maven-compat-3.0.4.jar
7f49cee6b000-7f49cee6e000 r--s 00008000 08:02 3402345                    /home/ankit/Downloads/android-studio/gradle/gradle-2.14.1/lib/plugins/maven-settings-builder-3.0.4.jar
7f49cee6e000-7f49cee70000 r--s 00026000 08:02 3402383                    /home/ankit/Downloads/android-studio/gradle/gradle-2.14.1/lib/plugins/maven-model-3.0.4.jar
7f49cee70000-7f49cee72000 r--s 00006000 08:02 3402374                    /home/ankit/Downloads/android-studio/gradle/gradle-2.14.1/lib/plugins/aether-connector-wagon-1.13.1.jar
7f49cee72000-7f49cee74000 r--s 0000a000 08:02 3402333                    /home/ankit/Downloads/android-studio/gradle/gradle-2.14.1/lib/plugins/plexus-classworlds-2.4.jar
7f49cee74000-7f49cee76000 r--s 00006000 08:02 3402364                    /home/ankit/Downloads/android-studio/gradle/gradle-2.14.1/lib/plugins/maven-repository-metadata-3.0.4.jar
7f49cee76000-7f49cee78000 r--s 0000c000 08:02 3402348                    /home/ankit/Downloads/android-studio/gradle/gradle-2.14.1/lib/plugins/maven-aether-provider-3.0.4.jar
7f49cee78000-7f49cee7a000 r--s 0000b000 08:02 3402340                    /home/ankit/Downloads/android-studio/gradle/gradle-2.14.1/lib/plugins/wagon-provider-api-2.4.jar
7f49cee7a000-7f49cee7e000 r--s 0001c000 08:02 3402380                    /home/ankit/Downloads/android-studio/gradle/gradle-2.14.1/lib/plugins/aether-util-1.13.1.jar
7f49cee7e000-7f49cee81000 r--s 0001d000 08:02 3402360                    /home/ankit/Downloads/android-studio/gradle/gradle-2.14.1/lib/plugins/aether-impl-1.13.1.jar
7f49cee81000-7f49cee86000 r--s 00040000 08:02 3402321                    /home/ankit/Downloads/android-studio/gradle/gradle-2.14.1/lib/plugins/jsch-0.1.53.jar
7f49cee86000-7f49ceec6000 r--s 00277000 08:02 3402323                    /home/ankit/Downloads/android-studio/gradle/gradle-2.14.1/lib/plugins/bcprov-jdk15on-1.51.jar
7f49ceec6000-7f49ceeca000 r--s 0001d000 08:02 3402350                    /home/ankit/Downloads/android-studio/gradle/gradle-2.14.1/lib/plugins/xbean-reflect-3.4.jar
7f49ceeca000-7f49ceed6000 r--s 0007d000 08:02 3402367                    /home/ankit/Downloads/android-studio/gradle/gradle-2.14.1/lib/plugins/maven-core-3.0.4.jar
7f49ceed6000-7f49ceedb000 r--s 0002a000 08:02 3402346                    /home/ankit/Downloads/android-studio/gradle/gradle-2.14.1/lib/plugins/gson-2.2.4.jar
7f49ceedb000-7f49ceeea000 r--s 000d9000 08:02 3402331                    /home/ankit/Downloads/android-studio/gradle/gradle-2.14.1/lib/plugins/ivy-2.2.0.jar
7f49ceeea000-7f49cef00000 r-xp 00000000 08:02 2624314                    /lib/x86_64-linux-gnu/libgcc_s.so.1
7f49cef00000-7f49cf0ff000 ---p 00016000 08:02 2624314                    /lib/x86_64-linux-gnu/libgcc_s.so.1
7f49cf0ff000-7f49cf100000 r--p 00015000 08:02 2624314                    /lib/x86_64-linux-gnu/libgcc_s.so.1
7f49cf100000-7f49cf101000 rw-p 00016000 08:02 2624314                    /lib/x86_64-linux-gnu/libgcc_s.so.1
7f49cf101000-7f49cf274000 r-xp 00000000 08:02 61223                      /usr/lib/x86_64-linux-gnu/libstdc++.so.6.0.21
7f49cf274000-7f49cf473000 ---p 00173000 08:02 61223                      /usr/lib/x86_64-linux-gnu/libstdc++.so.6.0.21
7f49cf473000-7f49cf47d000 r--p 00172000 08:02 61223                      /usr/lib/x86_64-linux-gnu/libstdc++.so.6.0.21
7f49cf47d000-7f49cf47f000 rw-p 0017c000 08:02 61223                      /usr/lib/x86_64-linux-gnu/libstdc++.so.6.0.21
7f49cf47f000-7f49cf483000 rw-p 00000000 00:00 0 
7f49cf483000-7f49cf484000 r--s 00002000 08:02 3402318                    /home/ankit/Downloads/android-studio/gradle/gradle-2.14.1/lib/plugins/wagon-http-2.4.jar
7f49cf484000-7f49cf485000 r--s 00003000 08:02 3402320                    /home/ankit/Downloads/android-studio/gradle/gradle-2.14.1/lib/plugins/aether-spi-1.13.1.jar
7f49cf485000-7f49cf486000 r--s 00006000 08:02 3402365                    /home/ankit/Downloads/android-studio/gradle/gradle-2.14.1/lib/plugins/plexus-sec-dispatcher-1.3.jar
7f49cf486000-7f49cf4a2000 r--s 000d3000 08:02 3402161                    /home/ankit/Downloads/android-studio/gradle/gradle-2.14.1/lib/plugins/gradle-dependency-management-2.14.1.jar
7f49cf4a2000-7f49cf4a6000 r-xp 00000000 08:02 3391672                    /home/ankit/.gradle/native/19/linux-amd64/libnative-platform.so
7f49cf4a6000-7f49cf6a5000 ---p 00004000 08:02 3391672                    /home/ankit/.gradle/native/19/linux-amd64/libnative-platform.so
7f49cf6a5000-7f49cf6a6000 rw-p 00003000 08:02 3391672                    /home/ankit/.gradle/native/19/linux-amd64/libnative-platform.so
7f49cf6a6000-7f49cf6b7000 r-xp 00000000 08:02 253988                     /usr/lib/jvm/java-8-oracle/jre/lib/amd64/libnio.so
7f49cf6b7000-7f49cf8b6000 ---p 00011000 08:02 253988                     /usr/lib/jvm/java-8-oracle/jre/lib/amd64/libnio.so
7f49cf8b6000-7f49cf8b7000 rw-p 00010000 08:02 253988                     /usr/lib/jvm/java-8-oracle/jre/lib/amd64/libnio.so
7f49cf8b7000-7f49cfbb8000 rw-p 00000000 00:00 0 
7f49cfbb8000-7f49cfbce000 r-xp 00000000 08:02 253965                     /usr/lib/jvm/java-8-oracle/jre/lib/amd64/libnet.so
7f49cfbce000-7f49cfdce000 ---p 00016000 08:02 253965                     /usr/lib/jvm/java-8-oracle/jre/lib/amd64/libnet.so
7f49cfdce000-7f49cfdcf000 rw-p 00016000 08:02 253965                     /usr/lib/jvm/java-8-oracle/jre/lib/amd64/libnet.so
7f49cfdcf000-7f49cfdd1000 r--s 00005000 08:02 3394358                    /home/ankit/Downloads/android-studio/gradle/gradle-2.14.1/lib/gradle-wrapper-2.14.1.jar
7f49cfdd1000-7f49cfddf000 r--s 0004f000 08:02 3394344                    /home/ankit/Downloads/android-studio/gradle/gradle-2.14.1/lib/gradle-tooling-api-2.14.1.jar
7f49cfddf000-7f49cfde1000 r--s 00002000 08:02 3394350                    /home/ankit/Downloads/android-studio/gradle/gradle-2.14.1/lib/gradle-open-api-2.14.1.jar
7f49cfde1000-7f49cfde7000 r--s 00032000 08:02 3394400                    /home/ankit/Downloads/android-studio/gradle/gradle-2.14.1/lib/jaxen-1.1.jar
7f49cfde7000-7f49cfdec000 r--s 00048000 08:02 3394380                    /home/ankit/Downloads/android-studio/gradle/gradle-2.14.1/lib/dom4j-1.6.1.jar
7f49cfdec000-7f49cfdf7000 r--s 00059000 08:02 3394373                    /home/ankit/Downloads/android-studio/gradle/gradle-2.14.1/lib/gradle-ui-2.14.1.jar
7f49cfdf7000-7f49cfdfa000 r--s 0000b000 08:02 3394378                    /home/ankit/Downloads/android-studio/gradle/gradle-2.14.1/lib/gradle-resources-2.14.1.jar
7f49cfdfa000-7f49cfdfc000 r--s 00003000 08:02 3394402                    /home/ankit/Downloads/android-studio/gradle/gradle-2.14.1/lib/jcl-over-slf4j-1.7.10.jar
7f49cfdfc000-7f49cfdfd000 r--s 00005000 08:02 3394397                    /home/ankit/Downloads/android-studio/gradle/gradle-2.14.1/lib/log4j-over-slf4j-1.7.10.jar
7f49cfdfd000-7f49cfdff000 r--s 00000000 08:02 3394404                    /home/ankit/Downloads/android-studio/gradle/gradle-2.14.1/lib/jul-to-slf4j-1.7.10.jar
7f49cfdff000-7f49cfe04000 r--s 0001c000 08:02 3394356                    /home/ankit/Downloads/android-studio/gradle/gradle-2.14.1/lib/gradle-logging-2.14.1.jar
7f49cfe04000-7f49cfe06000 r--s 00007000 08:02 3394403                    /home/ankit/Downloads/android-studio/gradle/gradle-2.14.1/lib/objenesis-1.2.jar
7f49cfe06000-7f49cfe08000 r--s 00000000 08:02 3394383                    /home/ankit/Downloads/android-studio/gradle/gradle-2.14.1/lib/minlog-1.2.jar
7f49cfe08000-7f49cfe0c000 r--s 00026000 08:02 3394395                    /home/ankit/Downloads/android-studio/gradle/gradle-2.14.1/lib/kryo-2.20.jar
7f49cfe0c000-7f49cfe12000 r--s 00025000 08:02 3394347                    /home/ankit/Downloads/android-studio/gradle/gradle-2.14.1/lib/gradle-messaging-2.14.1.jar
7f49cfe12000-7f49cfe81000 r--s 0063e000 08:02 3394407                    /home/ankit/Downloads/android-studio/gradle/gradle-2.14.1/lib/groovy-all-2.4.4.jar
7f49cfe81000-7f49cfea9000 r--s 001cf000 08:02 3394387                    /home/ankit/Downloads/android-studio/gradle/gradle-2.14.1/lib/guava-jdk5-17.0.jar
7f49cfea9000-7f49cfec8000 r--s 001d1000 08:02 3394357                    /home/ankit/Downloads/android-studio/gradle/gradle-2.14.1/lib/ant-1.9.6.jar
7f49cfec8000-7f49cfeff000 r--s 001bd000 08:02 3394359                    /home/ankit/Downloads/android-studio/gradle/gradle-2.14.1/lib/gradle-core-2.14.1.jar
7f49cfeff000-7f49cff00000 ---p 00000000 00:00 0 
7f49cff00000-7f49d0000000 rw-p 00000000 00:00 0 
7f49d0000000-7f49d0151000 rw-p 00000000 00:00 0 
7f49d0151000-7f49d4000000 ---p 00000000 00:00 0 
7f49d4000000-7f49d4002000 r--s 0000f000 08:02 3394389                    /home/ankit/Downloads/android-studio/gradle/gradle-2.14.1/lib/reflectasm-1.07-shaded.jar
7f49d4002000-7f49d4003000 r--s 00003000 08:02 3394401                    /home/ankit/Downloads/android-studio/gradle/gradle-2.14.1/lib/native-platform-freebsd-amd64-0.10.jar
7f49d4003000-7f49d4004000 r--s 00003000 08:02 3394390                    /home/ankit/Downloads/android-studio/gradle/gradle-2.14.1/lib/native-platform-freebsd-i386-0.10.jar
7f49d4004000-7f49d4005000 r--s 00005000 08:02 3394385                    /home/ankit/Downloads/android-studio/gradle/gradle-2.14.1/lib/native-platform-windows-i386-0.10.jar
7f49d4005000-7f49d4006000 r--s 00005000 08:02 3394384                    /home/ankit/Downloads/android-studio/gradle/gradle-2.14.1/lib/native-platform-windows-amd64-0.10.jar
7f49d4006000-7f49d4015000 r--s 00080000 08:02 3394371                    /home/ankit/Downloads/android-studio/gradle/gradle-2.14.1/lib/gradle-model-core-2.14.1.jar
7f49d4015000-7f49d4018000 ---p 00000000 00:00 0 
7f49d4018000-7f49d4116000 rw-p 00000000 00:00 0 
7f49d4116000-7f49d4119000 ---p 00000000 00:00 0 
7f49d4119000-7f49d4217000 rw-p 00000000 00:00 0 
7f49d4217000-7f49d421a000 ---p 00000000 00:00 0 
7f49d421a000-7f49d4318000 rw-p 00000000 00:00 0 
7f49d4318000-7f49d431b000 ---p 00000000 00:00 0 
7f49d431b000-7f49d4419000 rw-p 00000000 00:00 0 
7f49d4419000-7f49d441c000 ---p 00000000 00:00 0 
7f49d441c000-7f49d451a000 rw-p 00000000 00:00 0 
7f49d451a000-7f49d4bfc000 r--p 00000000 08:02 59247                      /usr/lib/locale/locale-archive
7f49d4bfc000-7f49d4bff000 ---p 00000000 00:00 0 
7f49d4bff000-7f49d4cfd000 rw-p 00000000 00:00 0 
7f49d4cfd000-7f49d4d00000 ---p 00000000 00:00 0 
7f49d4d00000-7f49d4dfe000 rw-p 00000000 00:00 0 
7f49d4dfe000-7f49d4dff000 ---p 00000000 00:00 0 
7f49d4dff000-7f49d8000000 rw-p 00000000 00:00 0 
7f49d8000000-7f49d803b000 rw-p 00000000 00:00 0 
7f49d803b000-7f49dc000000 ---p 00000000 00:00 0 
7f49dc000000-7f49dc001000 r--s 00003000 08:02 3394391                    /home/ankit/Downloads/android-studio/gradle/gradle-2.14.1/lib/native-platform-linux-i386-0.10.jar
7f49dc001000-7f49dc002000 r--s 00003000 08:02 3394382                    /home/ankit/Downloads/android-studio/gradle/gradle-2.14.1/lib/native-platform-linux-amd64-0.10.jar
7f49dc002000-7f49dc003000 r--s 00002000 08:02 3394381                    /home/ankit/Downloads/android-studio/gradle/gradle-2.14.1/lib/native-platform-osx-amd64-0.10.jar
7f49dc003000-7f49dc005000 r--s 00008000 08:02 3394399                    /home/ankit/Downloads/android-studio/gradle/gradle-2.14.1/lib/jansi-1.2.1.jar
7f49dc005000-7f49dc008000 r--s 0000d000 08:02 3394394                    /home/ankit/Downloads/android-studio/gradle/gradle-2.14.1/lib/native-platform-0.10.jar
7f49dc008000-7f49dc00c000 r--s 000e4000 08:02 3394393                    /home/ankit/Downloads/android-studio/gradle/gradle-2.14.1/lib/jna-3.2.7.jar
7f49dc00c000-7f49dc019000 r--s 00083000 08:02 3394379                    /home/ankit/Downloads/android-studio/gradle/gradle-2.14.1/lib/commons-collections-3.2.2.jar
7f49dc019000-7f49dce27000 rw-p 00000000 00:00 0 
7f49dce27000-7f49dd000000 r--s 03d29000 08:02 239567                     /usr/lib/jvm/java-8-oracle/jre/lib/rt.jar
7f49dd000000-7f49dff30000 rwxp 00000000 00:00 0 
7f49dff30000-7f49ec000000 ---p 00000000 00:00 0 
7f49ec000000-7f49ecb9f000 rw-p 00000000 00:00 0 
7f49ecb9f000-7f49f0000000 ---p 00000000 00:00 0 
7f49f0000000-7f49f0002000 r--s 00009000 08:02 3394375                    /home/ankit/Downloads/android-studio/gradle/gradle-2.14.1/lib/gradle-native-2.14.1.jar
7f49f0002000-7f49f0004000 r--s 00005000 08:02 3394376                    /home/ankit/Downloads/android-studio/gradle/gradle-2.14.1/lib/gradle-cli-2.14.1.jar
7f49f0004000-7f49f0c4d000 rw-p 00000000 00:00 0 
7f49f0c4d000-7f49f0c4e000 ---p 00000000 00:00 0 
7f49f0c4e000-7f49f0d4e000 rw-p 00000000 00:00 0 
7f49f0d4e000-7f49f0d4f000 ---p 00000000 00:00 0 
7f49f0d4f000-7f49f0e4f000 rw-p 00000000 00:00 0 
7f49f0e4f000-7f49f0e50000 ---p 00000000 00:00 0 
7f49f0e50000-7f49f0f50000 rw-p 00000000 00:00 0 
7f49f0f50000-7f49f0f51000 ---p 00000000 00:00 0 
7f49f0f51000-7f49f1220000 rw-p 00000000 00:00 0 
7f49f1220000-7f49f1251000 ---p 00000000 00:00 0 
7f49f1251000-7f49f1420000 rw-p 00000000 00:00 0 
7f49f1420000-7f49f1451000 ---p 00000000 00:00 0 
7f49f1451000-7f49f1551000 rw-p 00000000 00:00 0 
7f49f1551000-7f49f160f000 rw-p 00000000 00:00 0 
7f49f160f000-7f49f1912000 ---p 00000000 00:00 0 
7f49f1912000-7f49f192c000 r-xp 00000000 08:02 253986                     /usr/lib/jvm/java-8-oracle/jre/lib/amd64/libzip.so
7f49f192c000-7f49f1b2c000 ---p 0001a000 08:02 253986                     /usr/lib/jvm/java-8-oracle/jre/lib/amd64/libzip.so
7f49f1b2c000-7f49f1b2d000 rw-p 0001a000 08:02 253986                     /usr/lib/jvm/java-8-oracle/jre/lib/amd64/libzip.so
7f49f1b2d000-7f49f1b37000 r-xp 00000000 08:02 2621662                    /lib/x86_64-linux-gnu/libnss_files-2.21.so
7f49f1b37000-7f49f1d37000 ---p 0000a000 08:02 2621662                    /lib/x86_64-linux-gnu/libnss_files-2.21.so
7f49f1d37000-7f49f1d38000 r--p 0000a000 08:02 2621662                    /lib/x86_64-linux-gnu/libnss_files-2.21.so
7f49f1d38000-7f49f1d39000 rw-p 0000b000 08:02 2621662                    /lib/x86_64-linux-gnu/libnss_files-2.21.so
7f49f1d39000-7f49f1d44000 r-xp 00000000 08:02 2623427                    /lib/x86_64-linux-gnu/libnss_nis-2.21.so
7f49f1d44000-7f49f1f43000 ---p 0000b000 08:02 2623427                    /lib/x86_64-linux-gnu/libnss_nis-2.21.so
7f49f1f43000-7f49f1f44000 r--p 0000a000 08:02 2623427                    /lib/x86_64-linux-gnu/libnss_nis-2.21.so
7f49f1f44000-7f49f1f45000 rw-p 0000b000 08:02 2623427                    /lib/x86_64-linux-gnu/libnss_nis-2.21.so
7f49f1f45000-7f49f1f5c000 r-xp 00000000 08:02 2623430                    /lib/x86_64-linux-gnu/libnsl-2.21.so
7f49f1f5c000-7f49f215b000 ---p 00017000 08:02 2623430                    /lib/x86_64-linux-gnu/libnsl-2.21.so
7f49f215b000-7f49f215c000 r--p 00016000 08:02 2623430                    /lib/x86_64-linux-gnu/libnsl-2.21.so
7f49f215c000-7f49f215d000 rw-p 00017000 08:02 2623430                    /lib/x86_64-linux-gnu/libnsl-2.21.so
7f49f215d000-7f49f215f000 rw-p 00000000 00:00 0 
7f49f215f000-7f49f2167000 r-xp 00000000 08:02 2622662                    /lib/x86_64-linux-gnu/libnss_compat-2.21.so
7f49f2167000-7f49f2366000 ---p 00008000 08:02 2622662                    /lib/x86_64-linux-gnu/libnss_compat-2.21.so
7f49f2366000-7f49f2367000 r--p 00007000 08:02 2622662                    /lib/x86_64-linux-gnu/libnss_compat-2.21.so
7f49f2367000-7f49f2368000 rw-p 00008000 08:02 2622662                    /lib/x86_64-linux-gnu/libnss_compat-2.21.so
7f49f2368000-7f49f2392000 r-xp 00000000 08:02 254012                     /usr/lib/jvm/java-8-oracle/jre/lib/amd64/libjava.so
7f49f2392000-7f49f2592000 ---p 0002a000 08:02 254012                     /usr/lib/jvm/java-8-oracle/jre/lib/amd64/libjava.so
7f49f2592000-7f49f2594000 rw-p 0002a000 08:02 254012                     /usr/lib/jvm/java-8-oracle/jre/lib/amd64/libjava.so
7f49f2594000-7f49f25a1000 r-xp 00000000 08:02 253966                     /usr/lib/jvm/java-8-oracle/jre/lib/amd64/libverify.so
7f49f25a1000-7f49f27a1000 ---p 0000d000 08:02 253966                     /usr/lib/jvm/java-8-oracle/jre/lib/amd64/libverify.so
7f49f27a1000-7f49f27a3000 rw-p 0000d000 08:02 253966                     /usr/lib/jvm/java-8-oracle/jre/lib/amd64/libverify.so
7f49f27a3000-7f49f27aa000 r-xp 00000000 08:02 2621663                    /lib/x86_64-linux-gnu/librt-2.21.so
7f49f27aa000-7f49f29a9000 ---p 00007000 08:02 2621663                    /lib/x86_64-linux-gnu/librt-2.21.so
7f49f29a9000-7f49f29aa000 r--p 00006000 08:02 2621663                    /lib/x86_64-linux-gnu/librt-2.21.so
7f49f29aa000-7f49f29ab000 rw-p 00007000 08:02 2621663                    /lib/x86_64-linux-gnu/librt-2.21.so
7f49f29ab000-7f49f2ab2000 r-xp 00000000 08:02 2623271                    /lib/x86_64-linux-gnu/libm-2.21.so
7f49f2ab2000-7f49f2cb1000 ---p 00107000 08:02 2623271                    /lib/x86_64-linux-gnu/libm-2.21.so
7f49f2cb1000-7f49f2cb2000 r--p 00106000 08:02 2623271                    /lib/x86_64-linux-gnu/libm-2.21.so
7f49f2cb2000-7f49f2cb3000 rw-p 00107000 08:02 2623271                    /lib/x86_64-linux-gnu/libm-2.21.so
7f49f2cb3000-7f49f397e000 r-xp 00000000 08:02 254016                     /usr/lib/jvm/java-8-oracle/jre/lib/amd64/server/libjvm.so
7f49f397e000-7f49f3b7d000 ---p 00ccb000 08:02 254016                     /usr/lib/jvm/java-8-oracle/jre/lib/amd64/server/libjvm.so
7f49f3b7d000-7f49f3c56000 rw-p 00cca000 08:02 254016                     /usr/lib/jvm/java-8-oracle/jre/lib/amd64/server/libjvm.so
7f49f3c56000-7f49f3ca1000 rw-p 00000000 00:00 0 
7f49f3ca1000-7f49f3e61000 r-xp 00000000 08:02 2623433                    /lib/x86_64-linux-gnu/libc-2.21.so
7f49f3e61000-7f49f4061000 ---p 001c0000 08:02 2623433                    /lib/x86_64-linux-gnu/libc-2.21.so
7f49f4061000-7f49f4065000 r--p 001c0000 08:02 2623433                    /lib/x86_64-linux-gnu/libc-2.21.so
7f49f4065000-7f49f4067000 rw-p 001c4000 08:02 2623433                    /lib/x86_64-linux-gnu/libc-2.21.so
7f49f4067000-7f49f406b000 rw-p 00000000 00:00 0 
7f49f406b000-7f49f406e000 r-xp 00000000 08:02 2623420                    /lib/x86_64-linux-gnu/libdl-2.21.so
7f49f406e000-7f49f426d000 ---p 00003000 08:02 2623420                    /lib/x86_64-linux-gnu/libdl-2.21.so
7f49f426d000-7f49f426e000 r--p 00002000 08:02 2623420                    /lib/x86_64-linux-gnu/libdl-2.21.so
7f49f426e000-7f49f426f000 rw-p 00003000 08:02 2623420                    /lib/x86_64-linux-gnu/libdl-2.21.so
7f49f426f000-7f49f4284000 r-xp 00000000 08:02 223773                     /usr/lib/jvm/java-8-oracle/lib/amd64/jli/libjli.so
7f49f4284000-7f49f4484000 ---p 00015000 08:02 223773                     /usr/lib/jvm/java-8-oracle/lib/amd64/jli/libjli.so
7f49f4484000-7f49f4485000 rw-p 00015000 08:02 223773                     /usr/lib/jvm/java-8-oracle/lib/amd64/jli/libjli.so
7f49f4485000-7f49f449d000 r-xp 00000000 08:02 2623413                    /lib/x86_64-linux-gnu/libpthread-2.21.so
7f49f449d000-7f49f469d000 ---p 00018000 08:02 2623413                    /lib/x86_64-linux-gnu/libpthread-2.21.so
7f49f469d000-7f49f469e000 r--p 00018000 08:02 2623413                    /lib/x86_64-linux-gnu/libpthread-2.21.so
7f49f469e000-7f49f469f000 rw-p 00019000 08:02 2623413                    /lib/x86_64-linux-gnu/libpthread-2.21.so
7f49f469f000-7f49f46a3000 rw-p 00000000 00:00 0 
7f49f46a3000-7f49f46c7000 r-xp 00000000 08:02 2623431                    /lib/x86_64-linux-gnu/ld-2.21.so
7f49f46c7000-7f49f46c8000 r--s 00002000 08:02 3394398                    /home/ankit/Downloads/android-studio/gradle/gradle-2.14.1/lib/native-platform-osx-i386-0.10.jar
7f49f46c8000-7f49f46ca000 r--s 00007000 08:02 3394353                    /home/ankit/Downloads/android-studio/gradle/gradle-2.14.1/lib/gradle-model-groovy-2.14.1.jar
7f49f46ca000-7f49f46cb000 r--s 00006000 08:02 3394370                    /home/ankit/Downloads/android-studio/gradle/gradle-2.14.1/lib/gradle-base-services-groovy-2.14.1.jar
7f49f46cb000-7f49f46cc000 r--s 00002000 08:02 3394360                    /home/ankit/Downloads/android-studio/gradle/gradle-2.14.1/lib/gradle-docs-2.14.1.jar
7f49f46cc000-7f49f46cd000 r--s 00000000 08:02 3394406                    /home/ankit/Downloads/android-studio/gradle/gradle-2.14.1/lib/javax.inject-1.jar
7f49f46cd000-7f49f46ce000 r--s 00000000 08:02 3394388                    /home/ankit/Downloads/android-studio/gradle/gradle-2.14.1/lib/jcip-annotations-1.0.jar
7f49f46ce000-7f49f46d2000 r--s 00027000 08:02 3394396                    /home/ankit/Downloads/android-studio/gradle/gradle-2.14.1/lib/commons-io-2.2.jar
7f49f46d2000-7f49f46d7000 r--s 00038000 08:02 3394363                    /home/ankit/Downloads/android-studio/gradle/gradle-2.14.1/lib/asm-all-5.1.jar
7f49f46d7000-7f49f46d8000 r--s 00001000 08:02 3394374                    /home/ankit/Downloads/android-studio/gradle/gradle-2.14.1/lib/gradle-process-services-2.14.1.jar
7f49f46d8000-7f49f46d9000 r--s 00000000 08:02 3394345                    /home/ankit/Downloads/android-studio/gradle/gradle-2.14.1/lib/gradle-jvm-services-2.14.1.jar
7f49f46d9000-7f49f46de000 r--s 00041000 08:02 3394392                    /home/ankit/Downloads/android-studio/gradle/gradle-2.14.1/lib/commons-lang-2.6.jar
7f49f46de000-7f49f47a0000 rw-p 00000000 00:00 0 
7f49f47a0000-7f49f47a3000 ---p 00000000 00:00 0 
7f49f47a3000-7f49f48a5000 rw-p 00000000 00:00 0 
7f49f48a5000-7f49f48a6000 r--s 00007000 08:02 3394386                    /home/ankit/Downloads/android-studio/gradle/gradle-2.14.1/lib/slf4j-api-1.7.10.jar
7f49f48a6000-7f49f48a7000 r--s 00004000 08:02 3394372                    /home/ankit/Downloads/android-studio/gradle/gradle-2.14.1/lib/ant-launcher-1.9.6.jar
7f49f48a7000-7f49f48af000 r--s 0003a000 08:02 3394364                    /home/ankit/Downloads/android-studio/gradle/gradle-2.14.1/lib/gradle-base-services-2.14.1.jar
7f49f48af000-7f49f48ba000 r--s 00051000 08:02 3394361                    /home/ankit/Downloads/android-studio/gradle/gradle-2.14.1/lib/gradle-launcher-2.14.1.jar
7f49f48ba000-7f49f48c2000 rw-s 00000000 08:02 5030277                    /tmp/hsperfdata_ankit/32549
7f49f48c2000-7f49f48c3000 rw-p 00000000 00:00 0 
7f49f48c3000-7f49f48c4000 ---p 00000000 00:00 0 
7f49f48c4000-7f49f48c6000 rw-p 00000000 00:00 0 
7f49f48c6000-7f49f48c7000 r--p 00023000 08:02 2623431                    /lib/x86_64-linux-gnu/ld-2.21.so
7f49f48c7000-7f49f48c8000 rw-p 00024000 08:02 2623431                    /lib/x86_64-linux-gnu/ld-2.21.so
7f49f48c8000-7f49f48c9000 rw-p 00000000 00:00 0 
7ffd1f4fe000-7ffd1f51f000 rw-p 00000000 00:00 0                          [stack]
7ffd1f5d7000-7ffd1f5d9000 r--p 00000000 00:00 0                          [vvar]
7ffd1f5d9000-7ffd1f5db000 r-xp 00000000 00:00 0                          [vdso]
ffffffffff600000-ffffffffff601000 r-xp 00000000 00:00 0                  [vsyscall]

VM Arguments:
jvm_args: -Xmx1536m -Dfile.encoding=UTF-8 -Duser.country=IN -Duser.language=en -Duser.variant 
java_command: org.gradle.launcher.daemon.bootstrap.GradleDaemon 2.14.1
java_class_path (initial): /home/ankit/Downloads/android-studio/gradle/gradle-2.14.1/lib/gradle-launcher-2.14.1.jar
Launcher Type: SUN_STANDARD

Environment Variables:
PATH=/usr/local/sbin:/usr/local/bin:/usr/sbin:/usr/bin:/sbin:/bin:/usr/games:/usr/local/games
LD_LIBRARY_PATH=Downloads/android-studio/bin:
SHELL=/bin/bash
DISPLAY=:0

Signal Handlers:
SIGSEGV: [libjvm.so+0xac4790], sa_mask[0]=11111111011111111101111111111110, sa_flags=SA_RESTART|SA_SIGINFO
SIGBUS: [libjvm.so+0xac4790], sa_mask[0]=11111111011111111101111111111110, sa_flags=SA_RESTART|SA_SIGINFO
SIGFPE: [libjvm.so+0x91f140], sa_mask[0]=11111111011111111101111111111110, sa_flags=SA_RESTART|SA_SIGINFO
SIGPIPE: [libjvm.so+0x91f140], sa_mask[0]=11111111011111111101111111111110, sa_flags=SA_RESTART|SA_SIGINFO
SIGXFSZ: [libjvm.so+0x91f140], sa_mask[0]=11111111011111111101111111111110, sa_flags=SA_RESTART|SA_SIGINFO
SIGILL: [libjvm.so+0x91f140], sa_mask[0]=11111111011111111101111111111110, sa_flags=SA_RESTART|SA_SIGINFO
SIGUSR1: SIG_DFL, sa_mask[0]=00000000000000000000000000000000, sa_flags=none
SIGUSR2: [libjvm.so+0x920770], sa_mask[0]=00100000000000000000000000000000, sa_flags=SA_RESTART|SA_SIGINFO
SIGHUP: [libjvm.so+0x921b70], sa_mask[0]=11111111011111111101111111111110, sa_flags=SA_RESTART|SA_SIGINFO
SIGINT: [libjvm.so+0x921b70], sa_mask[0]=11111111011111111101111111111110, sa_flags=SA_RESTART|SA_SIGINFO
SIGTERM: [libjvm.so+0x921b70], sa_mask[0]=11111111011111111101111111111110, sa_flags=SA_RESTART|SA_SIGINFO
SIGQUIT: [libjvm.so+0x921b70], sa_mask[0]=11111111011111111101111111111110, sa_flags=SA_RESTART|SA_SIGINFO


---------------  S Y S T E M  ---------------

OS:DISTRIB_ID=Ubuntu
DISTRIB_RELEASE=15.10
DISTRIB_CODENAME=wily
DISTRIB_DESCRIPTION="Ubuntu 15.10"

uname:Linux 4.2.0-42-generic #49-Ubuntu SMP Tue Jun 28 21:26:26 UTC 2016 x86_64
libc:glibc 2.21 NPTL 2.21 
rlimit: STACK 8192k, CORE 0k, NPROC 31537, NOFILE 65536, AS infinity
load average:4.49 3.09 1.83

/proc/meminfo:
MemTotal:        8110256 kB
MemFree:          138920 kB
MemAvailable:     104260 kB
Buffers:            1852 kB
Cached:           586712 kB
SwapCached:            0 kB
Active:          7204120 kB
Inactive:         518768 kB
Active(anon):    7180168 kB
Inactive(anon):   489136 kB
Active(file):      23952 kB
Inactive(file):    29632 kB
Unevictable:         160 kB
Mlocked:             160 kB
SwapTotal:             0 kB
SwapFree:              0 kB
Dirty:               124 kB
Writeback:             0 kB
AnonPages:       7134572 kB
Mapped:           336612 kB
Shmem:            534964 kB
Slab:             100876 kB
SReclaimable:      46036 kB
SUnreclaim:        54840 kB
KernelStack:       14032 kB
PageTables:        77348 kB
NFS_Unstable:          0 kB
Bounce:                0 kB
WritebackTmp:          0 kB
CommitLimit:     4055128 kB
Committed_AS:   15704260 kB
VmallocTotal:   34359738367 kB
VmallocUsed:      551984 kB
VmallocChunk:   34358423548 kB
HardwareCorrupted:     0 kB
AnonHugePages:   3102720 kB
CmaTotal:              0 kB
CmaFree:               0 kB
HugePages_Total:       0
HugePages_Free:        0
HugePages_Rsvd:        0
HugePages_Surp:        0
Hugepagesize:       2048 kB
DirectMap4k:      281280 kB
DirectMap2M:     8042496 kB
DirectMap1G:     1048576 kB


CPU:total 4 (2 cores per cpu, 2 threads per core) family 6 model 69 stepping 1, cmov, cx8, fxsr, mmx, sse, sse2, sse3, ssse3, sse4.1, sse4.2, popcnt, avx, avx2, aes, clmul, erms, lzcnt, ht, tsc, tscinvbit, bmi1, bmi2

/proc/cpuinfo:
processor	: 0
vendor_id	: GenuineIntel
cpu family	: 6
model		: 69
model name	: Intel(R) Core(TM) i3-4005U CPU @ 1.70GHz
stepping	: 1
microcode	: 0x1c
cpu MHz		: 1692.894
cache size	: 3072 KB
physical id	: 0
siblings	: 4
core id		: 0
cpu cores	: 2
apicid		: 0
initial apicid	: 0
fpu		: yes
fpu_exception	: yes
cpuid level	: 13
wp		: yes
flags		: fpu vme de pse tsc msr pae mce cx8 apic sep mtrr pge mca cmov pat pse36 clflush dts acpi mmx fxsr sse sse2 ss ht tm pbe syscall nx pdpe1gb rdtscp lm constant_tsc arch_perfmon pebs bts rep_good nopl xtopology nonstop_tsc aperfmperf eagerfpu pni pclmulqdq dtes64 monitor ds_cpl vmx est tm2 ssse3 fma cx16 xtpr pdcm pcid sse4_1 sse4_2 movbe popcnt tsc_deadline_timer aes xsave avx f16c rdrand lahf_lm abm ida arat epb pln pts dtherm tpr_shadow vnmi flexpriority ept vpid fsgsbase tsc_adjust bmi1 avx2 smep bmi2 erms invpcid xsaveopt
bugs		:
bogomips	: 3392.00
clflush size	: 64
cache_alignment	: 64
address sizes	: 39 bits physical, 48 bits virtual
power management:

processor	: 1
vendor_id	: GenuineIntel
cpu family	: 6
model		: 69
model name	: Intel(R) Core(TM) i3-4005U CPU @ 1.70GHz
stepping	: 1
microcode	: 0x1c
cpu MHz		: 1700.000
cache size	: 3072 KB
physical id	: 0
siblings	: 4
core id		: 0
cpu cores	: 2
apicid		: 1
initial apicid	: 1
fpu		: yes
fpu_exception	: yes
cpuid level	: 13
wp		: yes
flags		: fpu vme de pse tsc msr pae mce cx8 apic sep mtrr pge mca cmov pat pse36 clflush dts acpi mmx fxsr sse sse2 ss ht tm pbe syscall nx pdpe1gb rdtscp lm constant_tsc arch_perfmon pebs bts rep_good nopl xtopology nonstop_tsc aperfmperf eagerfpu pni pclmulqdq dtes64 monitor ds_cpl vmx est tm2 ssse3 fma cx16 xtpr pdcm pcid sse4_1 sse4_2 movbe popcnt tsc_deadline_timer aes xsave avx f16c rdrand lahf_lm abm ida arat epb pln pts dtherm tpr_shadow vnmi flexpriority ept vpid fsgsbase tsc_adjust bmi1 avx2 smep bmi2 erms invpcid xsaveopt
bugs		:
bogomips	: 3392.00
clflush size	: 64
cache_alignment	: 64
address sizes	: 39 bits physical, 48 bits virtual
power management:

processor	: 2
vendor_id	: GenuineIntel
cpu family	: 6
model		: 69
model name	: Intel(R) Core(TM) i3-4005U CPU @ 1.70GHz
stepping	: 1
microcode	: 0x1c
cpu MHz		: 1700.000
cache size	: 3072 KB
physical id	: 0
siblings	: 4
core id		: 1
cpu cores	: 2
apicid		: 2
initial apicid	: 2
fpu		: yes
fpu_exception	: yes
cpuid level	: 13
wp		: yes
flags		: fpu vme de pse tsc msr pae mce cx8 apic sep mtrr pge mca cmov pat pse36 clflush dts acpi mmx fxsr sse sse2 ss ht tm pbe syscall nx pdpe1gb rdtscp lm constant_tsc arch_perfmon pebs bts rep_good nopl xtopology nonstop_tsc aperfmperf eagerfpu pni pclmulqdq dtes64 monitor ds_cpl vmx est tm2 ssse3 fma cx16 xtpr pdcm pcid sse4_1 sse4_2 movbe popcnt tsc_deadline_timer aes xsave avx f16c rdrand lahf_lm abm ida arat epb pln pts dtherm tpr_shadow vnmi flexpriority ept vpid fsgsbase tsc_adjust bmi1 avx2 smep bmi2 erms invpcid xsaveopt
bugs		:
bogomips	: 3392.00
clflush size	: 64
cache_alignment	: 64
address sizes	: 39 bits physical, 48 bits virtual
power management:

processor	: 3
vendor_id	: GenuineIntel
cpu family	: 6
model		: 69
model name	: Intel(R) Core(TM) i3-4005U CPU @ 1.70GHz
stepping	: 1
microcode	: 0x1c
cpu MHz		: 1684.925
cache size	: 3072 KB
physical id	: 0
siblings	: 4
core id		: 1
cpu cores	: 2
apicid		: 3
initial apicid	: 3
fpu		: yes
fpu_exception	: yes
cpuid level	: 13
wp		: yes
flags		: fpu vme de pse tsc msr pae mce cx8 apic sep mtrr pge mca cmov pat pse36 clflush dts acpi mmx fxsr sse sse2 ss ht tm pbe syscall nx pdpe1gb rdtscp lm constant_tsc arch_perfmon pebs bts rep_good nopl xtopology nonstop_tsc aperfmperf eagerfpu pni pclmulqdq dtes64 monitor ds_cpl vmx est tm2 ssse3 fma cx16 xtpr pdcm pcid sse4_1 sse4_2 movbe popcnt tsc_deadline_timer aes xsave avx f16c rdrand lahf_lm abm ida arat epb pln pts dtherm tpr_shadow vnmi flexpriority ept vpid fsgsbase tsc_adjust bmi1 avx2 smep bmi2 erms invpcid xsaveopt
bugs		:
bogomips	: 3392.00
clflush size	: 64
cache_alignment	: 64
address sizes	: 39 bits physical, 48 bits virtual
power management:



Memory: 4k page, physical 8110256k(138920k free), swap 0k(0k free)

vm_info: Java HotSpot(TM) 64-Bit Server VM (25.101-b13) for linux-amd64 JRE (1.8.0_101-b13), built on Jun 22 2016 02:59:44 by "java_re" with gcc 4.3.0 20080428 (Red Hat 4.3.0-8)

time: Fri Dec 16 00:26:37 2016
elapsed time: 177 seconds (0d 0h 2m 57s)

