#
# There is insufficient memory for the Java Runtime Environment to continue.
# Native memory allocation (mmap) failed to map 219152384 bytes for committing reserved memory.
# Possible reasons:
#   The system is out of physical RAM or swap space
#   In 32 bit mode, the process size limit was hit
# Possible solutions:
#   Reduce memory load on the system
#   Increase physical memory or swap space
#   Check if swap backing store is full
#   Use 64 bit Java on a 64 bit OS
#   Decrease Java heap size (-Xmx/-Xms)
#   Decrease number of Java threads
#   Decrease Java thread stack sizes (-Xss)
#   Set larger code cache with -XX:ReservedCodeCacheSize=
# This output file may be truncated or incomplete.
#
#  Out of Memory Error (os_linux.cpp:2627), pid=19548, tid=0x00007f639cbfb700
#
# JRE version: Java(TM) SE Runtime Environment (8.0_111-b14) (build 1.8.0_111-b14)
# Java VM: Java HotSpot(TM) 64-Bit Server VM (25.111-b14 mixed mode linux-amd64 compressed oops)
# Failed to write core dump. Core dumps have been disabled. To enable core dumping, try "ulimit -c unlimited" before starting Java again
#

---------------  T H R E A D  ---------------

Current thread (0x00007f63ac078000):  VMThread [stack: 0x00007f639cafb000,0x00007f639cbfc000] [id=19557]

Stack: [0x00007f639cafb000,0x00007f639cbfc000],  sp=0x00007f639cbfa3a0,  free space=1020k
Native frames: (J=compiled Java code, j=interpreted, Vv=VM code, C=native code)
V  [libjvm.so+0xac5c2a]  VMError::report_and_die()+0x2ba
V  [libjvm.so+0x4fc50b]  report_vm_out_of_memory(char const*, int, unsigned long, VMErrorType, char const*)+0x8b
V  [libjvm.so+0x922ae3]  os::Linux::commit_memory_impl(char*, unsigned long, bool)+0x103
V  [libjvm.so+0x923039]  os::pd_commit_memory(char*, unsigned long, unsigned long, bool)+0x29
V  [libjvm.so+0x91d33a]  os::commit_memory(char*, unsigned long, unsigned long, bool)+0x2a
V  [libjvm.so+0x991ac3]  PSVirtualSpace::expand_by(unsigned long)+0x53
V  [libjvm.so+0x982380]  PSOldGen::expand(unsigned long)+0x170
V  [libjvm.so+0x98258b]  PSOldGen::resize(unsigned long)+0x1cb
V  [libjvm.so+0x98a291]  PSParallelCompact::invoke_no_policy(bool)+0x991
V  [libjvm.so+0x98fbed]  PSScavenge::invoke()+0x1ad
V  [libjvm.so+0x9467d0]  ParallelScavengeHeap::failed_mem_allocate(unsigned long)+0x70
V  [libjvm.so+0xac7647]  VM_ParallelGCFailedAllocation::doit()+0x97
V  [libjvm.so+0xacf125]  VM_Operation::evaluate()+0x55
V  [libjvm.so+0xacd4fa]  VMThread::evaluate_operation(VM_Operation*)+0xba
V  [libjvm.so+0xacd87e]  VMThread::loop()+0x1ce
V  [libjvm.so+0xacdcf0]  VMThread::run()+0x70
V  [libjvm.so+0x924ea8]  java_start(Thread*)+0x108

VM_Operation (0x00007f63643eb400): ParallelGCFailedAllocation, mode: safepoint, requested by thread 0x00007f63451d9800


---------------  P R O C E S S  ---------------

Java Threads: ( => current thread )
  0x00007f6338074000 JavaThread "pool-5-thread-4" [_thread_blocked, id=19690, stack(0x00007f63337dc000,0x00007f63338dd000)]
  0x00007f6338072000 JavaThread "pool-5-thread-3" [_thread_blocked, id=19689, stack(0x00007f63338dd000,0x00007f63339de000)]
  0x00007f6338071000 JavaThread "pool-5-thread-2" [_thread_blocked, id=19688, stack(0x00007f6333eff000,0x00007f6334000000)]
  0x00007f6338070000 JavaThread "pool-6-thread-1" [_thread_blocked, id=19687, stack(0x00007f6333dfe000,0x00007f6333eff000)]
  0x00007f633806e800 JavaThread "pool-5-thread-1" [_thread_blocked, id=19686, stack(0x00007f6333cfd000,0x00007f6333dfe000)]
  0x00007f63451d9800 JavaThread "pool-3-thread-1" [_thread_blocked, id=19685, stack(0x00007f63642ed000,0x00007f63643ee000)]
  0x00007f6344b4a800 JavaThread "File lock request listener" [_thread_in_native, id=19637, stack(0x00007f6365f27000,0x00007f6366028000)]
  0x00007f6344990000 JavaThread "process reaper" daemon [_thread_blocked, id=19636, stack(0x00007f636649b000,0x00007f63664d4000)]
  0x00007f6344010800 JavaThread "Asynchronous log dispatcher for org.gradle.launcher.daemon.server.DefaultDaemonConnection@8d64b5" [_thread_blocked, id=19626, stack(0x00007f6366e4e000,0x00007f6366f4f000)]
  0x00007f6358007000 JavaThread "Daemon worker" [_thread_blocked, id=19623, stack(0x00007f6366f4f000,0x00007f6367050000)]
  0x00007f635800b000 JavaThread "Cancel handler" [_thread_blocked, id=19622, stack(0x00007f6367050000,0x00007f6367151000)]
  0x00007f6358003800 JavaThread "Handler for socket connection from /127.0.0.1:44357 to /127.0.0.1:40786" [_thread_in_native, id=19621, stack(0x00007f6367151000,0x00007f6367252000)]
  0x00007f6354015800 JavaThread "Daemon" [_thread_blocked, id=19620, stack(0x00007f6367252000,0x00007f6367353000)]
  0x00007f63acb2f000 JavaThread "Incoming local TCP Connector on port 44357" [_thread_in_native, id=19619, stack(0x00007f636755a000,0x00007f636765b000)]
  0x00007f63acb06000 JavaThread "pool-1-thread-1" [_thread_blocked, id=19618, stack(0x00007f636765b000,0x00007f636775c000)]
  0x00007f63ac0c0800 JavaThread "Service Thread" daemon [_thread_blocked, id=19606, stack(0x00007f638ccfd000,0x00007f638cdfe000)]
  0x00007f63ac0bd800 JavaThread "C1 CompilerThread2" daemon [_thread_blocked, id=19605, stack(0x00007f638cdfe000,0x00007f638ceff000)]
  0x00007f63ac0bb800 JavaThread "C2 CompilerThread1" daemon [_thread_blocked, id=19604, stack(0x00007f638ceff000,0x00007f638d000000)]
  0x00007f63ac0b9000 JavaThread "C2 CompilerThread0" daemon [_thread_blocked, id=19603, stack(0x00007f639c015000,0x00007f639c116000)]
  0x00007f63ac0b7800 JavaThread "Signal Dispatcher" daemon [_thread_blocked, id=19602, stack(0x00007f639c116000,0x00007f639c217000)]
  0x00007f63ac084800 JavaThread "Finalizer" daemon [_thread_blocked, id=19574, stack(0x00007f639c8f9000,0x00007f639c9fa000)]
  0x00007f63ac07f800 JavaThread "Reference Handler" daemon [_thread_blocked, id=19560, stack(0x00007f639c9fa000,0x00007f639cafb000)]
  0x00007f63ac00a000 JavaThread "main" [_thread_blocked, id=19551, stack(0x00007f63b5492000,0x00007f63b5593000)]

Other Threads:
=>0x00007f63ac078000 VMThread [stack: 0x00007f639cafb000,0x00007f639cbfc000] [id=19557]
  0x00007f63ac0c3800 WatcherThread [stack: 0x00007f638cbfc000,0x00007f638ccfd000] [id=19607]

VM state:at safepoint (normal execution)

VM Mutex/Monitor currently owned by a thread:  ([mutex/lock_event])
[0x00007f63ac005bb0] ExpandHeap_lock - owner thread: 0x00007f63ac078000
[0x00007f63ac006230] Threads_lock - owner thread: 0x00007f63ac078000
[0x00007f63ac006730] Heap_lock - owner thread: 0x00007f63451d9800

Heap:
 PSYoungGen      total 414720K, used 0K [0x00000000e0000000, 0x0000000100000000, 0x0000000100000000)
  eden space 305152K, 0% used [0x00000000e0000000,0x00000000e0000000,0x00000000f2a00000)
  from space 109568K, 0% used [0x00000000f2a00000,0x00000000f2a00000,0x00000000f9500000)
  to   space 104448K, 0% used [0x00000000f9a00000,0x00000000f9a00000,0x0000000100000000)
 ParOldGen       total 572416K, used 560234K [0x00000000a0000000, 0x00000000c2f00000, 0x00000000e0000000)
  object space 572416K, 97% used [0x00000000a0000000,0x00000000c231a958,0x00000000c2f00000)
 Metaspace       used 60816K, capacity 62258K, committed 62720K, reserved 1103872K
  class space    used 7994K, capacity 8335K, committed 8448K, reserved 1048576K

Card table byte_map: [0x00007f63b1f42000,0x00007f63b2243000] byte_map_base: 0x00007f63b1a42000

Marking Bits: (ParMarkBitMap*) 0x00007f63b4966220
 Begin Bits: [0x00007f638d000000, 0x00007f638e800000)
 End Bits:   [0x00007f638e800000, 0x00007f6390000000)

Polling page: 0x00007f63b55b5000

CodeCache: size=245760Kb used=37324Kb max_used=37338Kb free=208435Kb
 bounds [0x00007f639d000000, 0x00007f639f530000, 0x00007f63ac000000]
 total_blobs=10988 nmethods=10250 adapters=649
 compilation: enabled

Compilation events (10 events):
Event: 105.831 Thread 0x00007f63ac0bd800 13305   !   3       com.android.dx.cf.code.RopperMachine::run (1550 bytes)
Event: 105.906 Thread 0x00007f63ac0bb800 nmethod 13277% 0x00007f639f4feb10 code [0x00007f639f4fef20, 0x00007f639f5029c8]
Event: 105.906 Thread 0x00007f63ac0bb800 13232   !   4       com.android.dx.cf.code.Ropper::doit (126 bytes)
Event: 105.919 Thread 0x00007f63ac0bd800 nmethod 13305 0x00007f639f506610 code [0x00007f639f507880, 0x00007f639f516cf8]
Event: 106.051 Thread 0x00007f63ac0b9000 nmethod 13293 0x00007f639f525390 code [0x00007f639f525f80, 0x00007f639f528800]
Event: 106.052 Thread 0x00007f63ac0b9000 13158       4       com.android.dx.rop.code.RegisterSpecList::withFirst (64 bytes)
Event: 106.073 Thread 0x00007f63ac0b9000 nmethod 13158 0x00007f639e5cdd90 code [0x00007f639e5cdf00, 0x00007f639e5ce238]
Event: 106.074 Thread 0x00007f63ac0b9000 13287 %     4       com.android.dx.ssa.SCCP::run @ 133 (298 bytes)
Event: 106.123 Thread 0x00007f63ac0b9000 nmethod 13287% 0x00007f639e167290 code [0x00007f639e167520, 0x00007f639e167ea0]
Event: 106.124 Thread 0x00007f63ac0b9000 13174       4       com.android.dx.ssa.back.FirstFitLocalCombiningAllocator::tryMapRegs (110 bytes)

GC Heap History (10 events):
Event: 98.591 GC heap after
Heap after GC invocations=40 (full 6):
 PSYoungGen      total 432128K, used 53286K [0x00000000e0000000, 0x0000000100000000, 0x0000000100000000)
  eden space 344064K, 0% used [0x00000000e0000000,0x00000000e0000000,0x00000000f5000000)
  from space 88064K, 60% used [0x00000000faa00000,0x00000000fde098b0,0x0000000100000000)
  to   space 90112K, 0% used [0x00000000f5000000,0x00000000f5000000,0x00000000fa800000)
 ParOldGen       total 384512K, used 367904K [0x00000000a0000000, 0x00000000b7780000, 0x00000000e0000000)
  object space 384512K, 95% used [0x00000000a0000000,0x00000000b67483e8,0x00000000b7780000)
 Metaspace       used 60802K, capacity 62258K, committed 62720K, reserved 1103872K
  class space    used 7993K, capacity 8335K, committed 8448K, reserved 1048576K
}
Event: 98.591 GC heap before
{Heap before GC invocations=41 (full 7):
 PSYoungGen      total 432128K, used 53286K [0x00000000e0000000, 0x0000000100000000, 0x0000000100000000)
  eden space 344064K, 0% used [0x00000000e0000000,0x00000000e0000000,0x00000000f5000000)
  from space 88064K, 60% used [0x00000000faa00000,0x00000000fde098b0,0x0000000100000000)
  to   space 90112K, 0% used [0x00000000f5000000,0x00000000f5000000,0x00000000fa800000)
 ParOldGen       total 384512K, used 367904K [0x00000000a0000000, 0x00000000b7780000, 0x00000000e0000000)
  object space 384512K, 95% used [0x00000000a0000000,0x00000000b67483e8,0x00000000b7780000)
 Metaspace       used 60802K, capacity 62258K, committed 62720K, reserved 1103872K
  class space    used 7993K, capacity 8335K, committed 8448K, reserved 1048576K
Event: 101.960 GC heap after
Heap after GC invocations=41 (full 7):
 PSYoungGen      total 432128K, used 32567K [0x00000000e0000000, 0x0000000100000000, 0x0000000100000000)
  eden space 344064K, 0% used [0x00000000e0000000,0x00000000e0000000,0x00000000f5000000)
  from space 88064K, 36% used [0x00000000faa00000,0x00000000fc9cde70,0x0000000100000000)
  to   space 90112K, 0% used [0x00000000f5000000,0x00000000f5000000,0x00000000fa800000)
 ParOldGen       total 572416K, used 384307K [0x00000000a0000000, 0x00000000c2f00000, 0x00000000e0000000)
  object space 572416K, 67% used [0x00000000a0000000,0x00000000b774ce40,0x00000000c2f00000)
 Metaspace       used 60802K, capacity 62258K, committed 62720K, reserved 1103872K
  class space    used 7993K, capacity 8335K, committed 8448K, reserved 1048576K
}
Event: 103.216 GC heap before
{Heap before GC invocations=42 (full 7):
 PSYoungGen      total 432128K, used 376631K [0x00000000e0000000, 0x0000000100000000, 0x0000000100000000)
  eden space 344064K, 100% used [0x00000000e0000000,0x00000000f5000000,0x00000000f5000000)
  from space 88064K, 36% used [0x00000000faa00000,0x00000000fc9cde70,0x0000000100000000)
  to   space 90112K, 0% used [0x00000000f5000000,0x00000000f5000000,0x00000000fa800000)
 ParOldGen       total 572416K, used 384307K [0x00000000a0000000, 0x00000000c2f00000, 0x00000000e0000000)
  object space 572416K, 67% used [0x00000000a0000000,0x00000000b774ce40,0x00000000c2f00000)
 Metaspace       used 60803K, capacity 62258K, committed 62720K, reserved 1103872K
  class space    used 7993K, capacity 8335K, committed 8448K, reserved 1048576K
Event: 103.558 GC heap after
Heap after GC invocations=42 (full 7):
 PSYoungGen      total 397824K, used 53444K [0x00000000e0000000, 0x0000000100000000, 0x0000000100000000)
  eden space 344064K, 0% used [0x00000000e0000000,0x00000000e0000000,0x00000000f5000000)
  from space 53760K, 99% used [0x00000000f5000000,0x00000000f84312c8,0x00000000f8480000)
  to   space 91648K, 0% used [0x00000000fa680000,0x00000000fa680000,0x0000000100000000)
 ParOldGen       total 572416K, used 414880K [0x00000000a0000000, 0x00000000c2f00000, 0x00000000e0000000)
  object space 572416K, 72% used [0x00000000a0000000,0x00000000b9528140,0x00000000c2f00000)
 Metaspace       used 60803K, capacity 62258K, committed 62720K, reserved 1103872K
  class space    used 7993K, capacity 8335K, committed 8448K, reserved 1048576K
}
Event: 104.792 GC heap before
{Heap before GC invocations=43 (full 7):
 PSYoungGen      total 397824K, used 397508K [0x00000000e0000000, 0x0000000100000000, 0x0000000100000000)
  eden space 344064K, 100% used [0x00000000e0000000,0x00000000f5000000,0x00000000f5000000)
  from space 53760K, 99% used [0x00000000f5000000,0x00000000f84312c8,0x00000000f8480000)
  to   space 91648K, 0% used [0x00000000fa680000,0x00000000fa680000,0x0000000100000000)
 ParOldGen       total 572416K, used 414880K [0x00000000a0000000, 0x00000000c2f00000, 0x00000000e0000000)
  object space 572416K, 72% used [0x00000000a0000000,0x00000000b9528140,0x00000000c2f00000)
 Metaspace       used 60814K, capacity 62258K, committed 62720K, reserved 1103872K
  class space    used 7994K, capacity 8335K, committed 8448K, reserved 1048576K
Event: 105.035 GC heap after
Heap after GC invocations=43 (full 7):
 PSYoungGen      total 396800K, used 91622K [0x00000000e0000000, 0x0000000100000000, 0x0000000100000000)
  eden space 305152K, 0% used [0x00000000e0000000,0x00000000e0000000,0x00000000f2a00000)
  from space 91648K, 99% used [0x00000000fa680000,0x00000000ffff9ad8,0x0000000100000000)
  to   space 109568K, 0% used [0x00000000f2a00000,0x00000000f2a00000,0x00000000f9500000)
 ParOldGen       total 572416K, used 424196K [0x00000000a0000000, 0x00000000c2f00000, 0x00000000e0000000)
  object space 572416K, 74% used [0x00000000a0000000,0x00000000b9e41390,0x00000000c2f00000)
 Metaspace       used 60814K, capacity 62258K, committed 62720K, reserved 1103872K
  class space    used 7994K, capacity 8335K, committed 8448K, reserved 1048576K
}
Event: 106.157 GC heap before
{Heap before GC invocations=44 (full 7):
 PSYoungGen      total 396800K, used 396774K [0x00000000e0000000, 0x0000000100000000, 0x0000000100000000)
  eden space 305152K, 100% used [0x00000000e0000000,0x00000000f2a00000,0x00000000f2a00000)
  from space 91648K, 99% used [0x00000000fa680000,0x00000000ffff9ad8,0x0000000100000000)
  to   space 109568K, 0% used [0x00000000f2a00000,0x00000000f2a00000,0x00000000f9500000)
 ParOldGen       total 572416K, used 424196K [0x00000000a0000000, 0x00000000c2f00000, 0x00000000e0000000)
  object space 572416K, 74% used [0x00000000a0000000,0x00000000b9e41390,0x00000000c2f00000)
 Metaspace       used 60816K, capacity 62258K, committed 62720K, reserved 1103872K
  class space    used 7994K, capacity 8335K, committed 8448K, reserved 1048576K
Event: 106.565 GC heap after
Heap after GC invocations=44 (full 7):
 PSYoungGen      total 414720K, used 47755K [0x00000000e0000000, 0x0000000100000000, 0x0000000100000000)
  eden space 305152K, 0% used [0x00000000e0000000,0x00000000e0000000,0x00000000f2a00000)
  from space 109568K, 43% used [0x00000000f2a00000,0x00000000f58a2e18,0x00000000f9500000)
  to   space 104448K, 0% used [0x00000000f9a00000,0x00000000f9a00000,0x0000000100000000)
 ParOldGen       total 572416K, used 516270K [0x00000000a0000000, 0x00000000c2f00000, 0x00000000e0000000)
  object space 572416K, 90% used [0x00000000a0000000,0x00000000bf82b9b8,0x00000000c2f00000)
 Metaspace       used 60816K, capacity 62258K, committed 62720K, reserved 1103872K
  class space    used 7994K, capacity 8335K, committed 8448K, reserved 1048576K
}
Event: 106.565 GC heap before
{Heap before GC invocations=45 (full 8):
 PSYoungGen      total 414720K, used 47755K [0x00000000e0000000, 0x0000000100000000, 0x0000000100000000)
  eden space 305152K, 0% used [0x00000000e0000000,0x00000000e0000000,0x00000000f2a00000)
  from space 109568K, 43% used [0x00000000f2a00000,0x00000000f58a2e18,0x00000000f9500000)
  to   space 104448K, 0% used [0x00000000f9a00000,0x00000000f9a00000,0x0000000100000000)
 ParOldGen       total 572416K, used 516270K [0x00000000a0000000, 0x00000000c2f00000, 0x00000000e0000000)
  object space 572416K, 90% used [0x00000000a0000000,0x00000000bf82b9b8,0x00000000c2f00000)
 Metaspace       used 60816K, capacity 62258K, committed 62720K, reserved 1103872K
  class space    used 7994K, capacity 8335K, committed 8448K, reserved 1048576K

Deoptimization events (10 events):
Event: 102.806 Thread 0x00007f63451d9800 Uncommon trap: reason=bimorphic action=maybe_recompile pc=0x00007f639edde7b4 method=com.android.dx.cf.code.Merger.mergeType(Lcom/android/dx/rop/type/TypeBearer;Lcom/android/dx/rop/type/TypeBearer;)Lcom/android/dx/rop/type/TypeBearer; @ 21
Event: 102.806 Thread 0x00007f63451d9800 Uncommon trap: reason=bimorphic action=maybe_recompile pc=0x00007f639edde7b4 method=com.android.dx.cf.code.Merger.mergeType(Lcom/android/dx/rop/type/TypeBearer;Lcom/android/dx/rop/type/TypeBearer;)Lcom/android/dx/rop/type/TypeBearer; @ 21
Event: 103.180 Thread 0x00007f6338072000 Uncommon trap: reason=unstable_if action=reinterpret pc=0x00007f639f442b90 method=com.android.dx.cf.code.BaseMachine.getLocalTarget(Z)Lcom/android/dx/rop/code/RegisterSpec; @ 131
Event: 104.272 Thread 0x00007f6338071000 Uncommon trap: reason=predicate action=maybe_recompile pc=0x00007f639eb5d138 method=com.android.dx.ssa.DomFront.run()[Lcom/android/dx/ssa/DomFront$DomInfo; @ 32
Event: 104.278 Thread 0x00007f6338071000 Uncommon trap: reason=class_check action=maybe_recompile pc=0x00007f639d2a8738 method=com.android.dx.ssa.DomFront.calcDomFronts()V @ 101
Event: 105.298 Thread 0x00007f6338072000 Uncommon trap: reason=class_check action=maybe_recompile pc=0x00007f639f2be3d8 method=com.android.dx.ssa.SCCP.simulateBranch(Lcom/android/dx/ssa/SsaInsn;)V @ 339
Event: 105.308 Thread 0x00007f6338072000 Uncommon trap: reason=class_check action=maybe_recompile pc=0x00007f639f2be3d8 method=com.android.dx.ssa.SCCP.simulateBranch(Lcom/android/dx/ssa/SsaInsn;)V @ 339
Event: 105.348 Thread 0x00007f633806e800 Uncommon trap: reason=unstable_if action=reinterpret pc=0x00007f639f451950 method=com.android.dx.cf.code.Merger.mergeType(Lcom/android/dx/rop/type/TypeBearer;Lcom/android/dx/rop/type/TypeBearer;)Lcom/android/dx/rop/type/TypeBearer; @ 133
Event: 105.379 Thread 0x00007f63451d9800 Uncommon trap: reason=unstable_if action=reinterpret pc=0x00007f639f4b0be8 method=com.android.dx.cf.code.Merger.isPossiblyAssignableFrom(Lcom/android/dx/rop/type/TypeBearer;Lcom/android/dx/rop/type/TypeBearer;)Z @ 131
Event: 105.764 Thread 0x00007f633806e800 Uncommon trap: reason=unstable_if action=reinterpret pc=0x00007f639f4e51d8 method=com.android.dx.cf.code.RopperMachine.updateReturnOp(Lcom/android/dx/rop/code/Rop;Lcom/android/dx/rop/code/SourcePosition;)V @ 106

Internal exceptions (10 events):
Event: 54.754 Thread 0x00007f6358007000 Exception <a 'java/lang/NoSuchMethodError': <clinit>> (0x00000000e10bcf10) thrown at [/HUDSON3/workspace/8-2-build-linux-amd64/jdk8u111/7883/hotspot/src/share/vm/prims/jni.cpp, line 1613]
Event: 54.755 Thread 0x00007f6358007000 Exception <a 'java/lang/NoSuchMethodError': <clinit>> (0x00000000e10c9ef8) thrown at [/HUDSON3/workspace/8-2-build-linux-amd64/jdk8u111/7883/hotspot/src/share/vm/prims/jni.cpp, line 1613]
Event: 54.786 Thread 0x00007f6358007000 Exception <a 'java/lang/NoSuchMethodError': <clinit>> (0x00000000e129e690) thrown at [/HUDSON3/workspace/8-2-build-linux-amd64/jdk8u111/7883/hotspot/src/share/vm/prims/jni.cpp, line 1613]
Event: 54.788 Thread 0x00007f6358007000 Exception <a 'java/lang/NoSuchMethodError': <clinit>> (0x00000000e12b6ea0) thrown at [/HUDSON3/workspace/8-2-build-linux-amd64/jdk8u111/7883/hotspot/src/share/vm/prims/jni.cpp, line 1613]
Event: 54.788 Thread 0x00007f6358007000 Exception <a 'java/lang/NoSuchMethodError': <clinit>> (0x00000000e12b83b8) thrown at [/HUDSON3/workspace/8-2-build-linux-amd64/jdk8u111/7883/hotspot/src/share/vm/prims/jni.cpp, line 1613]
Event: 70.865 Thread 0x00007f6358007000 Exception <a 'java/lang/NoSuchMethodError': <clinit>> (0x00000000e5449c60) thrown at [/HUDSON3/workspace/8-2-build-linux-amd64/jdk8u111/7883/hotspot/src/share/vm/prims/jni.cpp, line 1613]
Event: 77.589 Thread 0x00007f6358007000 Implicit null exception at 0x00007f639edc6a8f to 0x00007f639edc7265
Event: 82.671 Thread 0x00007f633806e800 Implicit null exception at 0x00007f639d3854e5 to 0x00007f639d3860c1
Event: 89.295 Thread 0x00007f63451d9800 Implicit null exception at 0x00007f639f0f4472 to 0x00007f639f0f4639
Event: 101.981 Thread 0x00007f6338071000 Implicit null exception at 0x00007f639ef7a540 to 0x00007f639ef7bd51

Events (10 events):
Event: 106.006 Thread 0x00007f6338072000 DEOPT UNPACKING pc=0x00007f639d047633 sp=0x00007f63339dbc28 mode 0
Event: 106.026 Thread 0x00007f633806e800 DEOPT PACKING pc=0x00007f639f09b95d sp=0x00007f6333dfc060
Event: 106.026 Thread 0x00007f633806e800 DEOPT UNPACKING pc=0x00007f639d047633 sp=0x00007f6333dfbe10 mode 0
Event: 106.066 Thread 0x00007f6338072000 DEOPT PACKING pc=0x00007f639f09b921 sp=0x00007f63339dbee0
Event: 106.066 Thread 0x00007f6338072000 DEOPT UNPACKING pc=0x00007f639d047633 sp=0x00007f63339dbc90 mode 0
Event: 106.085 Thread 0x00007f6338071000 DEOPT PACKING pc=0x00007f639eef7a28 sp=0x00007f6333ffdf40
Event: 106.085 Thread 0x00007f6338071000 DEOPT UNPACKING pc=0x00007f639d047633 sp=0x00007f6333ffdca8 mode 0
Event: 106.118 Thread 0x00007f633806e800 DEOPT PACKING pc=0x00007f639f09b921 sp=0x00007f6333dfc060
Event: 106.118 Thread 0x00007f633806e800 DEOPT UNPACKING pc=0x00007f639d047633 sp=0x00007f6333dfbe10 mode 0
Event: 106.156 Executing VM operation: ParallelGCFailedAllocation


Dynamic libraries:
00400000-00401000 r-xp 00000000 08:02 182546                             /usr/lib/jvm/java-8-oracle/bin/java
00600000-00601000 rw-p 00000000 08:02 182546                             /usr/lib/jvm/java-8-oracle/bin/java
016ff000-01720000 rw-p 00000000 00:00 0                                  [heap]
a0000000-c2f00000 rw-p 00000000 00:00 0 
d0000000-e0000000 ---p 00000000 00:00 0 
e0000000-100000000 rw-p 00000000 00:00 0 
100000000-100840000 rw-p 00000000 00:00 0 
100840000-140000000 ---p 00000000 00:00 0 
7f631c000000-7f631c050000 rw-p 00000000 00:00 0 
7f631c050000-7f6320000000 ---p 00000000 00:00 0 
7f6320000000-7f632002c000 rw-p 00000000 00:00 0 
7f632002c000-7f6324000000 ---p 00000000 00:00 0 
7f6324000000-7f6324021000 rw-p 00000000 00:00 0 
7f6324021000-7f6328000000 ---p 00000000 00:00 0 
7f6328000000-7f6328049000 rw-p 00000000 00:00 0 
7f6328049000-7f632c000000 ---p 00000000 00:00 0 
7f632c000000-7f632c037000 rw-p 00000000 00:00 0 
7f632c037000-7f6330000000 ---p 00000000 00:00 0 
7f63335dc000-7f63336dc000 rw-p 00000000 00:00 0 
7f63336dc000-7f63337dc000 ---p 00000000 00:00 0 
7f63337dc000-7f63337df000 ---p 00000000 00:00 0 
7f63337df000-7f63338dd000 rw-p 00000000 00:00 0 
7f63338dd000-7f63338e0000 ---p 00000000 00:00 0 
7f63338e0000-7f63339de000 rw-p 00000000 00:00 0 
7f63339de000-7f6333afd000 r--s 00bca000 08:02 4525009                    /home/ankit/Desktop/Evento/app/build/intermediates/transforms/jarMerging/debug/jars/1/1f/combined.jar
7f6333afd000-7f6333cfd000 rw-p 00000000 00:00 0 
7f6333cfd000-7f6333d00000 ---p 00000000 00:00 0 
7f6333d00000-7f6333dfe000 rw-p 00000000 00:00 0 
7f6333dfe000-7f6333e01000 ---p 00000000 00:00 0 
7f6333e01000-7f6333eff000 rw-p 00000000 00:00 0 
7f6333eff000-7f6333f02000 ---p 00000000 00:00 0 
7f6333f02000-7f6334000000 rw-p 00000000 00:00 0 
7f6334000000-7f6334021000 rw-p 00000000 00:00 0 
7f6334021000-7f6338000000 ---p 00000000 00:00 0 
7f6338000000-7f63381ec000 rw-p 00000000 00:00 0 
7f63381ec000-7f633c000000 ---p 00000000 00:00 0 
7f633c000000-7f633c021000 rw-p 00000000 00:00 0 
7f633c021000-7f6340000000 ---p 00000000 00:00 0 
7f6340000000-7f6340021000 rw-p 00000000 00:00 0 
7f6340021000-7f6344000000 ---p 00000000 00:00 0 
7f6344000000-7f63452e6000 rw-p 00000000 00:00 0 
7f63452e6000-7f6348000000 ---p 00000000 00:00 0 
7f6348000000-7f6348021000 rw-p 00000000 00:00 0 
7f6348021000-7f634c000000 ---p 00000000 00:00 0 
7f634c000000-7f634c021000 rw-p 00000000 00:00 0 
7f634c021000-7f6350000000 ---p 00000000 00:00 0 
7f6350000000-7f6350021000 rw-p 00000000 00:00 0 
7f6350021000-7f6354000000 ---p 00000000 00:00 0 
7f6354000000-7f6354073000 rw-p 00000000 00:00 0 
7f6354073000-7f6358000000 ---p 00000000 00:00 0 
7f6358000000-7f6358021000 rw-p 00000000 00:00 0 
7f6358021000-7f635c000000 ---p 00000000 00:00 0 
7f635c000000-7f635c28d000 rw-p 00000000 00:00 0 
7f635c28d000-7f6360000000 ---p 00000000 00:00 0 
7f6360000000-7f6360021000 rw-p 00000000 00:00 0 
7f6360021000-7f6364000000 ---p 00000000 00:00 0 
7f6364075000-7f6364275000 rw-p 00000000 00:00 0 
7f63642ec000-7f63642ed000 rw-p 00000000 00:00 0 
7f63642ed000-7f63642f0000 ---p 00000000 00:00 0 
7f63642f0000-7f63645ee000 rw-p 00000000 00:00 0 
7f63645ee000-7f63647ee000 rw-p 00000000 00:00 0 
7f63647ee000-7f63649ee000 rw-p 00000000 00:00 0 
7f63649ee000-7f6364bee000 rw-p 00000000 00:00 0 
7f6364bee000-7f6364dee000 rw-p 00000000 00:00 0 
7f6364dee000-7f6364fee000 rw-p 00000000 00:00 0 
7f6364fee000-7f63651ee000 rw-p 00000000 00:00 0 
7f63651ee000-7f6365201000 r--s 00345000 08:02 182681                     /usr/lib/jvm/java-8-oracle/jre/lib/resources.jar
7f6365201000-7f6365401000 rw-p 00000000 00:00 0 
7f6365401000-7f6365601000 rw-p 00000000 00:00 0 
7f6365601000-7f6365801000 rw-p 00000000 00:00 0 
7f6365801000-7f6365a01000 rw-p 00000000 00:00 0 
7f6365a01000-7f6365c01000 rw-p 00000000 00:00 0 
7f6365c01000-7f6365c2c000 r--s 001fc000 08:02 3802331                    /home/ankit/Downloads/android-studio/gradle/m2repository/com/google/guava/guava/18.0/guava-18.0.jar
7f6365c2c000-7f6365c2d000 r--s 00001000 08:02 3877617                    /home/ankit/Downloads/android-studio/gradle/m2repository/com/android/tools/annotations/25.2.0/annotations-25.2.0.jar
7f6365c2d000-7f6365c3f000 r--s 000b3000 08:02 3989804                    /home/ankit/Downloads/android-studio/gradle/m2repository/com/android/tools/external/com-intellij/uast/145.597.3/uast-145.597.3.jar
7f6365c3f000-7f6365c47000 r--s 000a8000 08:02 3753715                    /home/ankit/Downloads/android-studio/gradle/m2repository/com/android/tools/external/lombok/lombok-ast/0.2.3/lombok-ast-0.2.3.jar
7f6365c47000-7f6365c49000 r--s 0000d000 08:02 3760231                    /home/ankit/Downloads/android-studio/gradle/m2repository/commons-codec/commons-codec/1.4/commons-codec-1.4.jar
7f6365c49000-7f6365c4b000 r--s 0000d000 08:02 3540543                    /home/ankit/Downloads/android-studio/gradle/m2repository/commons-logging/commons-logging/1.1.1/commons-logging-1.1.1.jar
7f6365c4b000-7f6365c50000 r--s 00028000 08:02 3753367                    /home/ankit/Downloads/android-studio/gradle/m2repository/org/apache/httpcomponents/httpcore/4.1/httpcore-4.1.jar
7f6365c50000-7f6365c54000 r--s 0002f000 08:02 3845228                    /home/ankit/Downloads/android-studio/gradle/m2repository/com/google/jimfs/jimfs/1.1/jimfs-1.1.jar
7f6365c54000-7f6365c55000 r--s 00004000 08:02 3753443                    /home/ankit/Downloads/android-studio/gradle/m2repository/com/intellij/annotations/12.0/annotations-12.0.jar
7f6365c55000-7f6365c56000 r--s 00004000 08:02 3713300                    /home/ankit/Downloads/android-studio/gradle/m2repository/org/ow2/asm/asm-analysis/5.0.4/asm-analysis-5.0.4.jar
7f6365c56000-7f6365c5a000 r--s 0003b000 08:02 4017281                    /home/ankit/Downloads/android-studio/gradle/m2repository/com/android/tools/lint/lint-api/25.2.0/lint-api-25.2.0.jar
7f6365c5a000-7f6365c5b000 r--s 0000a000 08:02 3760193                    /home/ankit/Downloads/android-studio/gradle/m2repository/net/sf/kxml/kxml2/2.3.0/kxml2-2.3.0.jar
7f6365c5b000-7f6365c5d000 r--s 00005000 08:02 3753358                    /home/ankit/Downloads/android-studio/gradle/m2repository/org/apache/httpcomponents/httpmime/4.1/httpmime-4.1.jar
7f6365c5d000-7f6365c65000 r--s 0004e000 08:02 3753378                    /home/ankit/Downloads/android-studio/gradle/m2repository/org/apache/httpcomponents/httpclient/4.1.1/httpclient-4.1.1.jar
7f6365c65000-7f6365c6c000 r--s 00053000 08:02 3753390                    /home/ankit/Downloads/android-studio/gradle/m2repository/org/apache/commons/commons-compress/1.8.1/commons-compress-1.8.1.jar
7f6365c6c000-7f6365c71000 r--s 0002a000 08:02 3753476                    /home/ankit/Downloads/android-studio/gradle/m2repository/com/google/code/gson/gson/2.2.4/gson-2.2.4.jar
7f6365c71000-7f6365c76000 r--s 0002d000 08:02 4000509                    /home/ankit/Downloads/android-studio/gradle/m2repository/com/android/tools/repository/25.2.0/repository-25.2.0.jar
7f6365c76000-7f6365c77000 r--s 00005000 08:02 3941528                    /home/ankit/Downloads/android-studio/gradle/m2repository/com/android/tools/dvlib/25.2.0/dvlib-25.2.0.jar
7f6365c77000-7f6365c7a000 r--s 00014000 08:02 3835823                    /home/ankit/Downloads/android-studio/gradle/m2repository/com/android/tools/layoutlib/layoutlib-api/25.2.0/layoutlib-api-25.2.0.jar
7f6365c7a000-7f6365c7f000 r--s 00058000 08:02 3631976                    /home/ankit/Downloads/android-studio/gradle/m2repository/org/ow2/asm/asm-debug-all/5.0.1/asm-debug-all-5.0.1.jar
7f6365c7f000-7f6365c8f000 r--s 000d6000 08:02 3760205                    /home/ankit/Downloads/android-studio/gradle/m2repository/net/sf/proguard/proguard-base/5.2.1/proguard-base-5.2.1.jar
7f6365c8f000-7f6365c92000 r--s 00033000 08:02 3753450                    /home/ankit/Downloads/android-studio/gradle/m2repository/com/googlecode/juniversalchardet/juniversalchardet/1.0.3/juniversalchardet-1.0.3.jar
7f6365c92000-7f6365c96000 r--s 0002a000 08:02 3506651                    /home/ankit/Downloads/android-studio/gradle/m2repository/commons-io/commons-io/2.4/commons-io-2.4.jar
7f6365c96000-7f6365cad000 r--s 00154000 08:02 3787896                    /home/ankit/Downloads/android-studio/gradle/m2repository/org/antlr/antlr4/4.5.3/antlr4-4.5.3.jar
7f6365cad000-7f6365cae000 r--s 00002000 08:02 3845251                    /home/ankit/Downloads/android-studio/gradle/m2repository/com/android/databinding/baseLibrary/2.2.0/baseLibrary-2.2.0.jar
7f6365cae000-7f6365cc1000 r--s 00236000 08:02 3779712                    /home/ankit/Downloads/android-studio/gradle/m2repository/org/eclipse/jdt/core/compiler/ecj/4.5.1/ecj-4.5.1.jar
7f6365cc1000-7f6365cc8000 r--s 000c3000 08:02 3927174                    /home/ankit/Downloads/android-studio/gradle/m2repository/com/android/tools/lint/lint-checks/25.2.0/lint-checks-25.2.0.jar
7f6365cc8000-7f6365cca000 r--s 00006000 08:02 3754422                    /home/ankit/Downloads/android-studio/gradle/m2repository/org/ow2/asm/asm-tree/5.0.4/asm-tree-5.0.4.jar
7f6365cca000-7f6365cfd000 r--s 00203000 08:02 3753331                    /home/ankit/Downloads/android-studio/gradle/m2repository/org/bouncycastle/bcprov-jdk15on/1.48/bcprov-jdk15on-1.48.jar
7f6365cfd000-7f6365d0b000 r--s 00081000 08:02 3753336                    /home/ankit/Downloads/android-studio/gradle/m2repository/org/bouncycastle/bcpkix-jdk15on/1.48/bcpkix-jdk15on-1.48.jar
7f6365d0b000-7f6365d0d000 r--s 00002000 08:02 3753458                    /home/ankit/Downloads/android-studio/gradle/m2repository/com/squareup/javawriter/2.5.0/javawriter-2.5.0.jar
7f6365d0d000-7f6365d0e000 r--s 00002000 08:02 4009078                    /home/ankit/Downloads/android-studio/gradle/m2repository/com/android/tools/analytics-library/tracker/25.2.0/tracker-25.2.0.jar
7f6365d0e000-7f6365d10000 r--s 00003000 08:02 4009086                    /home/ankit/Downloads/android-studio/gradle/m2repository/com/android/tools/analytics-library/shared/25.2.0/shared-25.2.0.jar
7f6365d10000-7f6365d1d000 r--s 000ed000 08:02 4009082                    /home/ankit/Downloads/android-studio/gradle/m2repository/com/android/tools/analytics-library/protos/25.2.0/protos-25.2.0.jar
7f6365d1d000-7f6365d1f000 r--s 00003000 08:02 4024806                    /home/ankit/Downloads/android-studio/gradle/m2repository/com/android/tools/jack/jack-api/0.11.0/jack-api-0.11.0.jar
7f6365d1f000-7f6365d24000 r--s 0004a000 08:02 3918754                    /home/ankit/Downloads/android-studio/gradle/m2repository/com/android/tools/ddms/ddmlib/25.2.0/ddmlib-25.2.0.jar
7f6365d24000-7f6365d27000 r--s 00021000 08:02 3910779                    /home/ankit/Downloads/android-studio/gradle/m2repository/com/android/tools/build/manifest-merger/25.2.0/manifest-merger-25.2.0.jar
7f6365d27000-7f6365f27000 rw-p 00000000 00:00 0 
7f6365f27000-7f6365f2a000 ---p 00000000 00:00 0 
7f6365f2a000-7f6366228000 rw-p 00000000 00:00 0 
7f6366228000-7f6366428000 rw-p 00000000 00:00 0 
7f6366428000-7f6366429000 r--s 00001000 08:02 3753578                    /home/ankit/Downloads/android-studio/gradle/m2repository/com/android/tools/jill/jill-api/0.10.0/jill-api-0.10.0.jar
7f6366429000-7f636642b000 r--s 0001c000 08:02 4031682                    /home/ankit/Downloads/android-studio/gradle/m2repository/com/android/tools/common/25.2.0/common-25.2.0.jar
7f636642b000-7f6366434000 r--s 00083000 08:02 3885105                    /home/ankit/Downloads/android-studio/gradle/m2repository/com/android/tools/sdk-common/25.2.0/sdk-common-25.2.0.jar
7f6366434000-7f636643f000 r--s 0008e000 08:02 4024802                    /home/ankit/Downloads/android-studio/gradle/m2repository/com/android/tools/sdklib/25.2.0/sdklib-25.2.0.jar
7f636643f000-7f6366440000 r--s 00002000 08:02 3894391                    /home/ankit/Downloads/android-studio/gradle/m2repository/com/android/tools/build/builder-test-api/2.2.0/builder-test-api-2.2.0.jar
7f6366440000-7f6366443000 r--s 00005000 08:02 3754438                    /home/ankit/Downloads/android-studio/gradle/m2repository/com/android/tools/build/builder-model/2.2.0/builder-model-2.2.0.jar
7f6366443000-7f636644b000 r--s 0007b000 08:02 3819714                    /home/ankit/Downloads/android-studio/gradle/m2repository/com/google/protobuf/protobuf-java/2.5.0/protobuf-java-2.5.0.jar
7f636644b000-7f636644d000 r--s 0000f000 08:02 4041488                    /home/ankit/Downloads/android-studio/gradle/m2repository/net/sf/jopt-simple/jopt-simple/4.9/jopt-simple-4.9.jar
7f636644d000-7f6366451000 r--s 0001f000 08:02 3795671                    /home/ankit/Downloads/android-studio/gradle/m2repository/org/jacoco/org.jacoco.report/0.7.5.201505241946/org.jacoco.report-0.7.5.201505241946.jar
7f6366451000-7f6366455000 r--s 0001d000 08:02 3787900                    /home/ankit/Downloads/android-studio/gradle/m2repository/org/jacoco/org.jacoco.core/0.7.5.201505241946/org.jacoco.core-0.7.5.201505241946.jar
7f6366455000-7f6366456000 r--s 00002000 08:02 3760221                    /home/ankit/Downloads/android-studio/gradle/m2repository/net/sf/proguard/proguard-gradle/5.2.1/proguard-gradle-5.2.1.jar
7f6366456000-7f6366458000 r--s 00009000 08:02 3779703                    /home/ankit/Downloads/android-studio/gradle/m2repository/org/ow2/asm/asm-commons/5.0.4/asm-commons-5.0.4.jar
7f6366458000-7f636645a000 r--s 0000c000 08:02 3779709                    /home/ankit/Downloads/android-studio/gradle/m2repository/org/ow2/asm/asm/5.0.4/asm-5.0.4.jar
7f636645a000-7f636645e000 r--s 0002b000 08:02 3853442                    /home/ankit/Downloads/android-studio/gradle/m2repository/com/android/databinding/compilerCommon/2.2.0/compilerCommon-2.2.0.jar
7f636645e000-7f636645f000 r--s 00002000 08:02 3894401                    /home/ankit/Downloads/android-studio/gradle/m2repository/com/android/tools/build/gradle-api/2.2.0/gradle-api-2.2.0.jar
7f636645f000-7f6366460000 r--s 00000000 08:02 3753573                    /home/ankit/Downloads/android-studio/gradle/m2repository/com/android/tools/build/transform-api/2.0.0-deprecated-use-gradle-api/transform-api-2.0.0-deprecated-use-gradle-api.jar
7f6366460000-7f6366465000 r--s 00053000 08:02 4017271                    /home/ankit/Downloads/android-studio/gradle/m2repository/com/android/tools/lint/lint/25.2.0/lint-25.2.0.jar
7f6366465000-7f636647c000 r--s 0015d000 08:02 3885097                    /home/ankit/Downloads/android-studio/gradle/m2repository/com/android/tools/build/builder/2.2.0/builder-2.2.0.jar
7f636647c000-7f6366499000 r--s 0019c000 08:02 3910782                    /home/ankit/Downloads/android-studio/gradle/m2repository/com/android/tools/build/gradle-core/2.2.0/gradle-core-2.2.0.jar
7f6366499000-7f636649b000 r--s 0000d000 08:02 3802336                    /home/ankit/Downloads/android-studio/gradle/m2repository/com/android/tools/build/gradle/2.2.0/gradle-2.2.0.jar
7f636649b000-7f636649e000 ---p 00000000 00:00 0 
7f636649e000-7f63664d4000 rw-p 00000000 00:00 0 
7f63664d4000-7f63664d5000 r--p 00000000 00:00 0 
7f63664d5000-7f63666d5000 rw-p 00000000 00:00 0 
7f63666d5000-7f63668d5000 rw-p 00000000 00:00 0 
7f63668d5000-7f6366ad5000 rw-p 00000000 00:00 0 
7f6366ad5000-7f6366b4d000 r--s 010e6000 08:02 158507                     /usr/lib/jvm/java-8-oracle/lib/tools.jar
7f6366b4d000-7f6366d4d000 rw-p 00000000 00:00 0 
7f6366d4d000-7f6366d50000 ---p 00000000 00:00 0 
7f6366d50000-7f6366e4e000 rw-p 00000000 00:00 0 
7f6366e4e000-7f6366e51000 ---p 00000000 00:00 0 
7f6366e51000-7f6366f4f000 rw-p 00000000 00:00 0 
7f6366f4f000-7f6366f52000 ---p 00000000 00:00 0 
7f6366f52000-7f6367050000 rw-p 00000000 00:00 0 
7f6367050000-7f6367053000 ---p 00000000 00:00 0 
7f6367053000-7f6367151000 rw-p 00000000 00:00 0 
7f6367151000-7f6367154000 ---p 00000000 00:00 0 
7f6367154000-7f6367252000 rw-p 00000000 00:00 0 
7f6367252000-7f6367255000 ---p 00000000 00:00 0 
7f6367255000-7f6367353000 rw-p 00000000 00:00 0 
7f6367353000-7f636735a000 r--s 00000000 08:02 109538                     /usr/lib/x86_64-linux-gnu/gconv/gconv-modules.cache
7f636735a000-7f636755a000 rw-p 00000000 00:00 0 
7f636755a000-7f636755d000 ---p 00000000 00:00 0 
7f636755d000-7f636765b000 rw-p 00000000 00:00 0 
7f636765b000-7f636765e000 ---p 00000000 00:00 0 
7f636765e000-7f636775c000 rw-p 00000000 00:00 0 
7f636775c000-7f6367765000 r-xp 00000000 08:02 200010                     /usr/lib/jvm/java-8-oracle/jre/lib/amd64/libmanagement.so
7f6367765000-7f6367964000 ---p 00009000 08:02 200010                     /usr/lib/jvm/java-8-oracle/jre/lib/amd64/libmanagement.so
7f6367964000-7f6367965000 rw-p 00008000 08:02 200010                     /usr/lib/jvm/java-8-oracle/jre/lib/amd64/libmanagement.so
7f6367965000-7f6367969000 r--s 00097000 08:02 182569                     /usr/lib/jvm/java-8-oracle/jre/lib/jsse.jar
7f6367969000-7f636796b000 r--s 00007000 08:02 3402085                    /home/ankit/Downloads/android-studio/gradle/gradle-2.14.1/lib/plugins/gradle-tooling-api-builders-2.14.1.jar
7f636796b000-7f636796e000 r--s 00008000 08:02 3402081                    /home/ankit/Downloads/android-studio/gradle/gradle-2.14.1/lib/plugins/gradle-testing-native-2.14.1.jar
7f636796e000-7f6367970000 r--s 00009000 08:02 3402371                    /home/ankit/Downloads/android-studio/gradle/gradle-2.14.1/lib/plugins/hamcrest-core-1.3.jar
7f6367970000-7f6367976000 r--s 00033000 08:02 3402325                    /home/ankit/Downloads/android-studio/gradle/gradle-2.14.1/lib/plugins/snakeyaml-1.6.jar
7f6367976000-7f6367978000 r--s 00006000 08:02 3402336                    /home/ankit/Downloads/android-studio/gradle/gradle-2.14.1/lib/plugins/jcommander-1.12.jar
7f6367978000-7f636797d000 r--s 00040000 08:02 3402324                    /home/ankit/Downloads/android-studio/gradle/gradle-2.14.1/lib/plugins/bsh-2.0b4.jar
7f636797d000-7f6367986000 r--s 00089000 08:02 3402339                    /home/ankit/Downloads/android-studio/gradle/gradle-2.14.1/lib/plugins/testng-6.3.1.jar
7f6367986000-7f636798e000 r--s 00045000 08:02 3402343                    /home/ankit/Downloads/android-studio/gradle/gradle-2.14.1/lib/plugins/junit-4.12.jar
7f636798e000-7f6367994000 r--s 0002e000 08:02 3402091                    /home/ankit/Downloads/android-studio/gradle/gradle-2.14.1/lib/plugins/gradle-testing-jvm-2.14.1.jar
7f6367994000-7f6367999000 r--s 00015000 08:02 3402095                    /home/ankit/Downloads/android-studio/gradle/gradle-2.14.1/lib/plugins/gradle-testing-base-2.14.1.jar
7f6367999000-7f636799a000 r--s 00002000 08:02 3402342                    /home/ankit/Downloads/android-studio/gradle/gradle-2.14.1/lib/plugins/sonar-batch-bootstrapper-2.9.jar
7f636799a000-7f636799d000 r--s 00015000 08:02 3402090                    /home/ankit/Downloads/android-studio/gradle/gradle-2.14.1/lib/plugins/gradle-sonar-2.14.1.jar
7f636799d000-7f63679a4000 r--s 00038000 08:02 3402356                    /home/ankit/Downloads/android-studio/gradle/gradle-2.14.1/lib/plugins/bcpg-jdk15on-1.51.jar
7f63679a4000-7f63679a6000 r--s 0000d000 08:02 3402293                    /home/ankit/Downloads/android-studio/gradle/gradle-2.14.1/lib/plugins/gradle-signing-2.14.1.jar
7f63679a6000-7f63679a9000 r--s 00009000 08:02 3402099                    /home/ankit/Downloads/android-studio/gradle/gradle-2.14.1/lib/plugins/gradle-scala-2.14.1.jar
7f63679a9000-7f63679aa000 r--s 00004000 08:02 3402295                    /home/ankit/Downloads/android-studio/gradle/gradle-2.14.1/lib/plugins/gradle-resources-sftp-2.14.1.jar
7f63679aa000-7f63679ba000 r--s 00088000 08:02 3402329                    /home/ankit/Downloads/android-studio/gradle/gradle-2.14.1/lib/plugins/joda-time-2.8.2.jar
7f63679ba000-7f63679cb000 r--s 000cf000 08:02 3402375                    /home/ankit/Downloads/android-studio/gradle/gradle-2.14.1/lib/plugins/jackson-databind-2.3.2.jar
7f63679cb000-7f63679cd000 r--s 00007000 08:02 3402352                    /home/ankit/Downloads/android-studio/gradle/gradle-2.14.1/lib/plugins/jackson-annotations-2.3.2.jar
7f63679cd000-7f63679d0000 r--s 0002e000 08:02 3402358                    /home/ankit/Downloads/android-studio/gradle/gradle-2.14.1/lib/plugins/jackson-core-2.3.2.jar
7f63679d0000-7f63679db000 r--s 0006b000 08:02 3402381                    /home/ankit/Downloads/android-studio/gradle/gradle-2.14.1/lib/plugins/aws-java-sdk-core-1.9.19.jar
7f63679db000-7f63679e1000 r--s 00036000 08:02 3402351                    /home/ankit/Downloads/android-studio/gradle/gradle-2.14.1/lib/plugins/aws-java-sdk-kms-1.9.19.jar
7f63679e1000-7f63679ec000 r--s 00079000 08:02 3402341                    /home/ankit/Downloads/android-studio/gradle/gradle-2.14.1/lib/plugins/aws-java-sdk-s3-1.9.19.jar
7f63679ec000-7f63679ed000 r--s 00003000 08:02 3402305                    /home/ankit/Downloads/android-studio/gradle/gradle-2.14.1/lib/plugins/gradle-resources-s3-2.14.1.jar
7f63679ed000-7f63679ef000 r--s 00005000 08:02 3402370                    /home/ankit/Downloads/android-studio/gradle/gradle-2.14.1/lib/plugins/jatl-0.2.2.jar
7f63679ef000-7f63679f1000 r--s 0000f000 08:02 3402311                    /home/ankit/Downloads/android-studio/gradle/gradle-2.14.1/lib/plugins/gradle-reporting-2.14.1.jar
7f63679f1000-7f63679f3000 r--s 00002000 08:02 3402252                    /home/ankit/Downloads/android-studio/gradle/gradle-2.14.1/lib/plugins/gradle-publish-2.14.1.jar
7f63679f3000-7f63679f5000 r--s 00009000 08:02 3402334                    /home/ankit/Downloads/android-studio/gradle/gradle-2.14.1/lib/plugins/commons-cli-1.2.jar
7f63679f5000-7f63679fb000 r--s 00033000 08:02 3402098                    /home/ankit/Downloads/android-studio/gradle/gradle-2.14.1/lib/plugins/gradle-plugins-2.14.1.jar
7f63679fb000-7f63679fd000 r--s 00007000 08:02 3402083                    /home/ankit/Downloads/android-studio/gradle/gradle-2.14.1/lib/plugins/gradle-plugin-development-2.14.1.jar
7f63679fd000-7f6367a03000 r--s 0002a000 08:02 3402292                    /home/ankit/Downloads/android-studio/gradle/gradle-2.14.1/lib/plugins/gradle-platform-play-2.14.1.jar
7f6367a03000-7f6367a10000 r--s 0004d000 08:02 3402291                    /home/ankit/Downloads/android-studio/gradle/gradle-2.14.1/lib/plugins/gradle-platform-native-2.14.1.jar
7f6367a10000-7f6367a14000 r--s 0001a000 08:02 3402304                    /home/ankit/Downloads/android-studio/gradle/gradle-2.14.1/lib/plugins/gradle-platform-jvm-2.14.1.jar
7f6367a14000-7f6367a1b000 r--s 00029000 08:02 3402097                    /home/ankit/Downloads/android-studio/gradle/gradle-2.14.1/lib/plugins/gradle-platform-base-2.14.1.jar
7f6367a1b000-7f6367a3c000 r--s 001c3000 08:02 3402322                    /home/ankit/Downloads/android-studio/gradle/gradle-2.14.1/lib/plugins/bndlib-2.4.0.jar
7f6367a3c000-7f6367a3e000 r--s 00003000 08:02 3402306                    /home/ankit/Downloads/android-studio/gradle/gradle-2.14.1/lib/plugins/gradle-osgi-2.14.1.jar
7f6367a3e000-7f6367a44000 r--s 00022000 08:02 3402096                    /home/ankit/Downloads/android-studio/gradle/gradle-2.14.1/lib/plugins/gradle-maven-2.14.1.jar
7f6367a44000-7f6367a67000 r--s 00344000 08:02 3402353                    /home/ankit/Downloads/android-studio/gradle/gradle-2.14.1/lib/plugins/core-3.1.1.jar
7f6367a67000-7f6367a7d000 r-xp 00000000 08:02 2624314                    /lib/x86_64-linux-gnu/libgcc_s.so.1
7f6367a7d000-7f6367c7c000 ---p 00016000 08:02 2624314                    /lib/x86_64-linux-gnu/libgcc_s.so.1
7f6367c7c000-7f6367c7d000 r--p 00015000 08:02 2624314                    /lib/x86_64-linux-gnu/libgcc_s.so.1
7f6367c7d000-7f6367c7e000 rw-p 00016000 08:02 2624314                    /lib/x86_64-linux-gnu/libgcc_s.so.1
7f6367c7e000-7f6367df1000 r-xp 00000000 08:02 61223                      /usr/lib/x86_64-linux-gnu/libstdc++.so.6.0.21
7f6367df1000-7f6367ff0000 ---p 00173000 08:02 61223                      /usr/lib/x86_64-linux-gnu/libstdc++.so.6.0.21
7f6367ff0000-7f6367ffa000 r--p 00172000 08:02 61223                      /usr/lib/x86_64-linux-gnu/libstdc++.so.6.0.21
7f6367ffa000-7f6367ffc000 rw-p 0017c000 08:02 61223                      /usr/lib/x86_64-linux-gnu/libstdc++.so.6.0.21
7f6367ffc000-7f6368000000 rw-p 00000000 00:00 0 
7f6368000000-7f636945e000 rw-p 00000000 00:00 0 
7f636945e000-7f636c000000 ---p 00000000 00:00 0 
7f636c000000-7f636c021000 rw-p 00000000 00:00 0 
7f636c021000-7f6370000000 ---p 00000000 00:00 0 
7f6370000000-7f6371e52000 rw-p 00000000 00:00 0 
7f6371e52000-7f6374000000 ---p 00000000 00:00 0 
7f6374000000-7f6376528000 rw-p 00000000 00:00 0 
7f6376528000-7f6378000000 ---p 00000000 00:00 0 
7f6378000000-7f6378021000 rw-p 00000000 00:00 0 
7f6378021000-7f637c000000 ---p 00000000 00:00 0 
7f637c000000-7f637c021000 rw-p 00000000 00:00 0 
7f637c021000-7f6380000000 ---p 00000000 00:00 0 
7f6380000000-7f63803d0000 rw-p 00000000 00:00 0 
7f63803d0000-7f6384000000 ---p 00000000 00:00 0 
7f6384000000-7f6384021000 rw-p 00000000 00:00 0 
7f6384021000-7f6388000000 ---p 00000000 00:00 0 
7f6388000000-7f6388021000 rw-p 00000000 00:00 0 
7f6388021000-7f638c000000 ---p 00000000 00:00 0 
7f638c000000-7f638c003000 r--s 0000c000 08:02 3402378                    /home/ankit/Downloads/android-studio/gradle/gradle-2.14.1/lib/plugins/pmaven-groovy-0.8-20100325.jar
7f638c003000-7f638c004000 r--s 00004000 08:02 3402369                    /home/ankit/Downloads/android-studio/gradle/gradle-2.14.1/lib/plugins/pmaven-common-0.8-20100325.jar
7f638c004000-7f638c006000 r--s 0000a000 08:02 3402088                    /home/ankit/Downloads/android-studio/gradle/gradle-2.14.1/lib/plugins/gradle-language-scala-2.14.1.jar
7f638c006000-7f638c00c000 r--s 0001a000 08:02 3402092                    /home/ankit/Downloads/android-studio/gradle/gradle-2.14.1/lib/plugins/gradle-language-native-2.14.1.jar
7f638c00c000-7f638c00e000 r--s 00008000 08:02 3402084                    /home/ankit/Downloads/android-studio/gradle/gradle-2.14.1/lib/plugins/gradle-language-jvm-2.14.1.jar
7f638c00e000-7f638c014000 r--s 00024000 08:02 3402300                    /home/ankit/Downloads/android-studio/gradle/gradle-2.14.1/lib/plugins/gradle-language-java-2.14.1.jar
7f638c014000-7f638c016000 r--s 0000a000 08:02 3402290                    /home/ankit/Downloads/android-studio/gradle/gradle-2.14.1/lib/plugins/gradle-language-groovy-2.14.1.jar
7f638c016000-7f638c019000 r--s 0001e000 08:02 3402319                    /home/ankit/Downloads/android-studio/gradle/gradle-2.14.1/lib/plugins/jsp-api-2.1-6.1.14.jar
7f638c019000-7f638c01a000 r--s 00006000 08:02 3402376                    /home/ankit/Downloads/android-studio/gradle/gradle-2.14.1/lib/plugins/jetty-naming-6.1.25.jar
7f638c01a000-7f638c01b000 r--s 00002000 08:02 3402349                    /home/ankit/Downloads/android-studio/gradle/gradle-2.14.1/lib/plugins/geronimo-annotation_1.0_spec-1.0.jar
7f638c01b000-7f638c01d000 r--s 00002000 08:02 3402373                    /home/ankit/Downloads/android-studio/gradle/gradle-2.14.1/lib/plugins/jetty-annotations-6.1.25.jar
7f638c01d000-7f638c02e000 r--s 000ea000 08:02 3402379                    /home/ankit/Downloads/android-studio/gradle/gradle-2.14.1/lib/plugins/jsp-2.1-6.1.14.jar
7f638c02e000-7f638c030000 r--s 0000d000 08:02 3402354                    /home/ankit/Downloads/android-studio/gradle/gradle-2.14.1/lib/plugins/jetty-plus-6.1.25.jar
7f638c030000-7f638c032000 r--s 0001f000 08:02 3402385                    /home/ankit/Downloads/android-studio/gradle/gradle-2.14.1/lib/plugins/servlet-api-2.5-20081211.jar
7f638c032000-7f638c036000 r--s 00028000 08:02 3402337                    /home/ankit/Downloads/android-studio/gradle/gradle-2.14.1/lib/plugins/jetty-util-6.1.25.jar
7f638c036000-7f638c03d000 r--s 0007d000 08:02 3402344                    /home/ankit/Downloads/android-studio/gradle/gradle-2.14.1/lib/plugins/jetty-6.1.25.jar
7f638c03d000-7f638c03f000 r--s 00009000 08:02 3402309                    /home/ankit/Downloads/android-studio/gradle/gradle-2.14.1/lib/plugins/gradle-jetty-2.14.1.jar
7f638c03f000-7f638c046000 r--s 00035000 08:02 3402382                    /home/ankit/Downloads/android-studio/gradle/gradle-2.14.1/lib/plugins/simple-4.1.21.jar
7f638c046000-7f638c052000 r--s 00100000 08:02 3402330                    /home/ankit/Downloads/android-studio/gradle/gradle-2.14.1/lib/plugins/rhino-1.7R3.jar
7f638c052000-7f638c056000 r--s 00011000 08:02 3402297                    /home/ankit/Downloads/android-studio/gradle/gradle-2.14.1/lib/plugins/gradle-javascript-2.14.1.jar
7f638c056000-7f638c058000 r--s 0000c000 08:02 3402317                    /home/ankit/Downloads/android-studio/gradle/gradle-2.14.1/lib/plugins/gradle-jacoco-2.14.1.jar
7f638c058000-7f638c05b000 r--s 0000e000 08:02 3402316                    /home/ankit/Downloads/android-studio/gradle/gradle-2.14.1/lib/plugins/gradle-ivy-2.14.1.jar
7f638c05b000-7f638c05c000 r--s 00002000 08:02 3402313                    /home/ankit/Downloads/android-studio/gradle/gradle-2.14.1/lib/plugins/gradle-ide-play-2.14.1.jar
7f638c05c000-7f638c061000 r--s 0002b000 08:02 3402310                    /home/ankit/Downloads/android-studio/gradle/gradle-2.14.1/lib/plugins/gradle-ide-native-2.14.1.jar
7f638c061000-7f638c06c000 r--s 00066000 08:02 3402089                    /home/ankit/Downloads/android-studio/gradle/gradle-2.14.1/lib/plugins/gradle-ide-2.14.1.jar
7f638c06c000-7f638c06d000 r--s 00008000 08:02 3402087                    /home/ankit/Downloads/android-studio/gradle/gradle-2.14.1/lib/plugins/gradle-ear-2.14.1.jar
7f638c06d000-7f638c073000 r--s 00032000 08:02 3402094                    /home/ankit/Downloads/android-studio/gradle/gradle-2.14.1/lib/plugins/gradle-diagnostics-2.14.1.jar
7f638c073000-7f638c077000 r--s 00021000 08:02 3402312                    /home/ankit/Downloads/android-studio/gradle/gradle-2.14.1/lib/plugins/gradle-code-quality-2.14.1.jar
7f638c077000-7f638c07b000 r--s 0001f000 08:02 3402093                    /home/ankit/Downloads/android-studio/gradle/gradle-2.14.1/lib/plugins/gradle-build-init-2.14.1.jar
7f638c07b000-7f638c082000 r--s 0008e000 08:02 3402314                    /home/ankit/Downloads/android-studio/gradle/gradle-2.14.1/lib/plugins/gradle-build-comparison-2.14.1.jar
7f638c082000-7f638c084000 r--s 00008000 08:02 3402302                    /home/ankit/Downloads/android-studio/gradle/gradle-2.14.1/lib/plugins/gradle-antlr-2.14.1.jar
7f638c084000-7f638c086000 r--s 00004000 08:02 3402315                    /home/ankit/Downloads/android-studio/gradle/gradle-2.14.1/lib/plugins/gradle-announce-2.14.1.jar
7f638c086000-7f638c09e000 r--s 00115000 08:02 3402347                    /home/ankit/Downloads/android-studio/gradle/gradle-2.14.1/lib/plugins/xercesImpl-2.9.1.jar
7f638c09e000-7f638c0a6000 r--s 00028000 08:02 3402366                    /home/ankit/Downloads/android-studio/gradle/gradle-2.14.1/lib/plugins/xml-apis-1.3.04.jar
7f638c0a6000-7f638c0ac000 r--s 0005b000 08:02 3402359                    /home/ankit/Downloads/android-studio/gradle/gradle-2.14.1/lib/plugins/jcifs-1.3.17.jar
7f638c0ac000-7f638c0b3000 r--s 00049000 08:02 3402296                    /home/ankit/Downloads/android-studio/gradle/gradle-2.14.1/lib/plugins/httpcore-4.4.4.jar
7f638c0b3000-7f638c0b9000 r--s 00033000 08:02 3402328                    /home/ankit/Downloads/android-studio/gradle/gradle-2.14.1/lib/plugins/commons-codec-1.6.jar
7f638c0b9000-7f638c0bc000 r--s 0001c000 08:02 3402326                    /home/ankit/Downloads/android-studio/gradle/gradle-2.14.1/lib/plugins/nekohtml-1.9.14.jar
7f638c0bc000-7f638c0c9000 r--s 000a4000 08:02 3402307                    /home/ankit/Downloads/android-studio/gradle/gradle-2.14.1/lib/plugins/httpclient-4.4.1.jar
7f638c0c9000-7f638c0cb000 r--s 0000a000 08:02 3402082                    /home/ankit/Downloads/android-studio/gradle/gradle-2.14.1/lib/plugins/gradle-resources-http-2.14.1.jar
7f638c0cb000-7f638c0cf000 r--s 00014000 08:02 3402294                    /home/ankit/Downloads/android-studio/gradle/gradle-2.14.1/lib/plugins/gradle-plugin-use-2.14.1.jar
7f638c0cf000-7f638c0d0000 r--s 00000000 08:02 3394352                    /home/ankit/Downloads/android-studio/gradle/gradle-2.14.1/lib/gradle-installation-beacon-2.14.1.jar
7f638c0d0000-7f638c0d1000 r--s 00007000 08:02 3402335                    /home/ankit/Downloads/android-studio/gradle/gradle-2.14.1/lib/plugins/wagon-http-shared4-2.4.jar
7f638c0d1000-7f638c0d5000 r--s 00033000 08:02 3402372                    /home/ankit/Downloads/android-studio/gradle/gradle-2.14.1/lib/plugins/plexus-utils-2.0.6.jar
7f638c0d5000-7f638c0d9000 r--s 00021000 08:02 3402361                    /home/ankit/Downloads/android-studio/gradle/gradle-2.14.1/lib/plugins/maven-model-builder-3.0.4.jar
7f638c0d9000-7f638c0da000 r--s 00002000 08:02 3402327                    /home/ankit/Downloads/android-studio/gradle/gradle-2.14.1/lib/plugins/wagon-file-2.4.jar
7f638c0da000-7f638c0dc000 r--s 00002000 08:02 3402368                    /home/ankit/Downloads/android-studio/gradle/gradle-2.14.1/lib/plugins/plexus-cipher-1.7.jar
7f638c0dc000-7f638c0df000 r--s 00013000 08:02 3402384                    /home/ankit/Downloads/android-studio/gradle/gradle-2.14.1/lib/plugins/aether-api-1.13.1.jar
7f638c0df000-7f638c0e1000 r--s 0000a000 08:02 3402338                    /home/ankit/Downloads/android-studio/gradle/gradle-2.14.1/lib/plugins/maven-settings-3.0.4.jar
7f638c0e1000-7f638c0e3000 r--s 0000d000 08:02 3402362                    /home/ankit/Downloads/android-studio/gradle/gradle-2.14.1/lib/plugins/plexus-interpolation-1.14.jar
7f638c0e3000-7f638c0e5000 r--s 0000b000 08:02 3402377                    /home/ankit/Downloads/android-studio/gradle/gradle-2.14.1/lib/plugins/maven-artifact-3.0.4.jar
7f638c0e5000-7f638c0ec000 r--s 0002e000 08:02 3402332                    /home/ankit/Downloads/android-studio/gradle/gradle-2.14.1/lib/plugins/plexus-container-default-1.5.5.jar
7f638c0ec000-7f638c0ee000 r--s 0000b000 08:02 3402355                    /home/ankit/Downloads/android-studio/gradle/gradle-2.14.1/lib/plugins/maven-plugin-api-3.0.4.jar
7f638c0ee000-7f638c0f0000 r--s 00000000 08:02 3402357                    /home/ankit/Downloads/android-studio/gradle/gradle-2.14.1/lib/plugins/plexus-component-annotations-1.5.5.jar
7f638c0f0000-7f638c0f6000 r--s 0003f000 08:02 3402363                    /home/ankit/Downloads/android-studio/gradle/gradle-2.14.1/lib/plugins/maven-compat-3.0.4.jar
7f638c0f6000-7f638c0f9000 r--s 00008000 08:02 3402345                    /home/ankit/Downloads/android-studio/gradle/gradle-2.14.1/lib/plugins/maven-settings-builder-3.0.4.jar
7f638c0f9000-7f638c0fa000 r--s 00002000 08:02 3402318                    /home/ankit/Downloads/android-studio/gradle/gradle-2.14.1/lib/plugins/wagon-http-2.4.jar
7f638c0fa000-7f638c0fc000 r--s 00026000 08:02 3402383                    /home/ankit/Downloads/android-studio/gradle/gradle-2.14.1/lib/plugins/maven-model-3.0.4.jar
7f638c0fc000-7f638c0fe000 r--s 00006000 08:02 3402374                    /home/ankit/Downloads/android-studio/gradle/gradle-2.14.1/lib/plugins/aether-connector-wagon-1.13.1.jar
7f638c0fe000-7f638c100000 r--s 0000a000 08:02 3402333                    /home/ankit/Downloads/android-studio/gradle/gradle-2.14.1/lib/plugins/plexus-classworlds-2.4.jar
7f638c100000-7f638c102000 r--s 00006000 08:02 3402364                    /home/ankit/Downloads/android-studio/gradle/gradle-2.14.1/lib/plugins/maven-repository-metadata-3.0.4.jar
7f638c102000-7f638c104000 r--s 0000c000 08:02 3402348                    /home/ankit/Downloads/android-studio/gradle/gradle-2.14.1/lib/plugins/maven-aether-provider-3.0.4.jar
7f638c104000-7f638c106000 r--s 0000b000 08:02 3402340                    /home/ankit/Downloads/android-studio/gradle/gradle-2.14.1/lib/plugins/wagon-provider-api-2.4.jar
7f638c106000-7f638c107000 r--s 00003000 08:02 3402320                    /home/ankit/Downloads/android-studio/gradle/gradle-2.14.1/lib/plugins/aether-spi-1.13.1.jar
7f638c107000-7f638c10b000 r--s 0001c000 08:02 3402380                    /home/ankit/Downloads/android-studio/gradle/gradle-2.14.1/lib/plugins/aether-util-1.13.1.jar
7f638c10b000-7f638c10e000 r--s 0001d000 08:02 3402360                    /home/ankit/Downloads/android-studio/gradle/gradle-2.14.1/lib/plugins/aether-impl-1.13.1.jar
7f638c10e000-7f638c10f000 r--s 00006000 08:02 3402365                    /home/ankit/Downloads/android-studio/gradle/gradle-2.14.1/lib/plugins/plexus-sec-dispatcher-1.3.jar
7f638c10f000-7f638c114000 r--s 00040000 08:02 3402321                    /home/ankit/Downloads/android-studio/gradle/gradle-2.14.1/lib/plugins/jsch-0.1.53.jar
7f638c114000-7f638c154000 r--s 00277000 08:02 3402323                    /home/ankit/Downloads/android-studio/gradle/gradle-2.14.1/lib/plugins/bcprov-jdk15on-1.51.jar
7f638c154000-7f638c158000 r--s 0001d000 08:02 3402350                    /home/ankit/Downloads/android-studio/gradle/gradle-2.14.1/lib/plugins/xbean-reflect-3.4.jar
7f638c158000-7f638c164000 r--s 0007d000 08:02 3402367                    /home/ankit/Downloads/android-studio/gradle/gradle-2.14.1/lib/plugins/maven-core-3.0.4.jar
7f638c164000-7f638c169000 r--s 0002a000 08:02 3402346                    /home/ankit/Downloads/android-studio/gradle/gradle-2.14.1/lib/plugins/gson-2.2.4.jar
7f638c169000-7f638c178000 r--s 000d9000 08:02 3402331                    /home/ankit/Downloads/android-studio/gradle/gradle-2.14.1/lib/plugins/ivy-2.2.0.jar
7f638c178000-7f638c194000 r--s 000d3000 08:02 3402161                    /home/ankit/Downloads/android-studio/gradle/gradle-2.14.1/lib/plugins/gradle-dependency-management-2.14.1.jar
7f638c194000-7f638c198000 r-xp 00000000 08:02 3391672                    /home/ankit/.gradle/native/19/linux-amd64/libnative-platform.so
7f638c198000-7f638c397000 ---p 00004000 08:02 3391672                    /home/ankit/.gradle/native/19/linux-amd64/libnative-platform.so
7f638c397000-7f638c398000 rw-p 00003000 08:02 3391672                    /home/ankit/.gradle/native/19/linux-amd64/libnative-platform.so
7f638c398000-7f638c3a9000 r-xp 00000000 08:02 199999                     /usr/lib/jvm/java-8-oracle/jre/lib/amd64/libnio.so
7f638c3a9000-7f638c5a8000 ---p 00011000 08:02 199999                     /usr/lib/jvm/java-8-oracle/jre/lib/amd64/libnio.so
7f638c5a8000-7f638c5a9000 rw-p 00010000 08:02 199999                     /usr/lib/jvm/java-8-oracle/jre/lib/amd64/libnio.so
7f638c5a9000-7f638c8aa000 rw-p 00000000 00:00 0 
7f638c8aa000-7f638c8c0000 r-xp 00000000 08:02 199974                     /usr/lib/jvm/java-8-oracle/jre/lib/amd64/libnet.so
7f638c8c0000-7f638cac0000 ---p 00016000 08:02 199974                     /usr/lib/jvm/java-8-oracle/jre/lib/amd64/libnet.so
7f638cac0000-7f638cac1000 rw-p 00016000 08:02 199974                     /usr/lib/jvm/java-8-oracle/jre/lib/amd64/libnet.so
7f638cac1000-7f638cac3000 r--s 00005000 08:02 3394358                    /home/ankit/Downloads/android-studio/gradle/gradle-2.14.1/lib/gradle-wrapper-2.14.1.jar
7f638cac3000-7f638cad1000 r--s 0004f000 08:02 3394344                    /home/ankit/Downloads/android-studio/gradle/gradle-2.14.1/lib/gradle-tooling-api-2.14.1.jar
7f638cad1000-7f638cad3000 r--s 00002000 08:02 3394350                    /home/ankit/Downloads/android-studio/gradle/gradle-2.14.1/lib/gradle-open-api-2.14.1.jar
7f638cad3000-7f638cad9000 r--s 00032000 08:02 3394400                    /home/ankit/Downloads/android-studio/gradle/gradle-2.14.1/lib/jaxen-1.1.jar
7f638cad9000-7f638cade000 r--s 00048000 08:02 3394380                    /home/ankit/Downloads/android-studio/gradle/gradle-2.14.1/lib/dom4j-1.6.1.jar
7f638cade000-7f638cae9000 r--s 00059000 08:02 3394373                    /home/ankit/Downloads/android-studio/gradle/gradle-2.14.1/lib/gradle-ui-2.14.1.jar
7f638cae9000-7f638caec000 r--s 0000b000 08:02 3394378                    /home/ankit/Downloads/android-studio/gradle/gradle-2.14.1/lib/gradle-resources-2.14.1.jar
7f638caec000-7f638caee000 r--s 00003000 08:02 3394402                    /home/ankit/Downloads/android-studio/gradle/gradle-2.14.1/lib/jcl-over-slf4j-1.7.10.jar
7f638caee000-7f638caef000 r--s 00005000 08:02 3394397                    /home/ankit/Downloads/android-studio/gradle/gradle-2.14.1/lib/log4j-over-slf4j-1.7.10.jar
7f638caef000-7f638caf1000 r--s 00000000 08:02 3394404                    /home/ankit/Downloads/android-studio/gradle/gradle-2.14.1/lib/jul-to-slf4j-1.7.10.jar
7f638caf1000-7f638caf6000 r--s 0001c000 08:02 3394356                    /home/ankit/Downloads/android-studio/gradle/gradle-2.14.1/lib/gradle-logging-2.14.1.jar
7f638caf6000-7f638caf8000 r--s 00007000 08:02 3394403                    /home/ankit/Downloads/android-studio/gradle/gradle-2.14.1/lib/objenesis-1.2.jar
7f638caf8000-7f638cafa000 r--s 00000000 08:02 3394383                    /home/ankit/Downloads/android-studio/gradle/gradle-2.14.1/lib/minlog-1.2.jar
7f638cafa000-7f638cafc000 r--s 0000f000 08:02 3394389                    /home/ankit/Downloads/android-studio/gradle/gradle-2.14.1/lib/reflectasm-1.07-shaded.jar
7f638cafc000-7f638cb00000 r--s 00026000 08:02 3394395                    /home/ankit/Downloads/android-studio/gradle/gradle-2.14.1/lib/kryo-2.20.jar
7f638cb00000-7f638cb06000 r--s 00025000 08:02 3394347                    /home/ankit/Downloads/android-studio/gradle/gradle-2.14.1/lib/gradle-messaging-2.14.1.jar
7f638cb06000-7f638cb07000 r--s 00003000 08:02 3394401                    /home/ankit/Downloads/android-studio/gradle/gradle-2.14.1/lib/native-platform-freebsd-amd64-0.10.jar
7f638cb07000-7f638cb08000 r--s 00003000 08:02 3394390                    /home/ankit/Downloads/android-studio/gradle/gradle-2.14.1/lib/native-platform-freebsd-i386-0.10.jar
7f638cb08000-7f638cb09000 r--s 00005000 08:02 3394385                    /home/ankit/Downloads/android-studio/gradle/gradle-2.14.1/lib/native-platform-windows-i386-0.10.jar
7f638cb09000-7f638cb0a000 r--s 00005000 08:02 3394384                    /home/ankit/Downloads/android-studio/gradle/gradle-2.14.1/lib/native-platform-windows-amd64-0.10.jar
7f638cb0a000-7f638cb0b000 r--s 00003000 08:02 3394391                    /home/ankit/Downloads/android-studio/gradle/gradle-2.14.1/lib/native-platform-linux-i386-0.10.jar
7f638cb0b000-7f638cb0c000 r--s 00003000 08:02 3394382                    /home/ankit/Downloads/android-studio/gradle/gradle-2.14.1/lib/native-platform-linux-amd64-0.10.jar
7f638cb0c000-7f638cb0f000 r--s 0000d000 08:02 3394394                    /home/ankit/Downloads/android-studio/gradle/gradle-2.14.1/lib/native-platform-0.10.jar
7f638cb0f000-7f638cb7e000 r--s 0063e000 08:02 3394407                    /home/ankit/Downloads/android-studio/gradle/gradle-2.14.1/lib/groovy-all-2.4.4.jar
7f638cb7e000-7f638cba6000 r--s 001cf000 08:02 3394387                    /home/ankit/Downloads/android-studio/gradle/gradle-2.14.1/lib/guava-jdk5-17.0.jar
7f638cba6000-7f638cbc5000 r--s 001d1000 08:02 3394357                    /home/ankit/Downloads/android-studio/gradle/gradle-2.14.1/lib/ant-1.9.6.jar
7f638cbc5000-7f638cbfc000 r--s 001bd000 08:02 3394359                    /home/ankit/Downloads/android-studio/gradle/gradle-2.14.1/lib/gradle-core-2.14.1.jar
7f638cbfc000-7f638cbfd000 ---p 00000000 00:00 0 
7f638cbfd000-7f638ccfd000 rw-p 00000000 00:00 0 
7f638ccfd000-7f638cd00000 ---p 00000000 00:00 0 
7f638cd00000-7f638cdfe000 rw-p 00000000 00:00 0 
7f638cdfe000-7f638ce01000 ---p 00000000 00:00 0 
7f638ce01000-7f638ceff000 rw-p 00000000 00:00 0 
7f638ceff000-7f638cf02000 ---p 00000000 00:00 0 
7f638cf02000-7f6390000000 rw-p 00000000 00:00 0 
7f6390000000-7f639005b000 rw-p 00000000 00:00 0 
7f639005b000-7f6394000000 ---p 00000000 00:00 0 
7f6394000000-7f6394127000 rw-p 00000000 00:00 0 
7f6394127000-7f6398000000 ---p 00000000 00:00 0 
7f6398000000-7f6398130000 rw-p 00000000 00:00 0 
7f6398130000-7f639c000000 ---p 00000000 00:00 0 
7f639c000000-7f639c002000 r--s 00008000 08:02 3394399                    /home/ankit/Downloads/android-studio/gradle/gradle-2.14.1/lib/jansi-1.2.1.jar
7f639c002000-7f639c006000 r--s 000e4000 08:02 3394393                    /home/ankit/Downloads/android-studio/gradle/gradle-2.14.1/lib/jna-3.2.7.jar
7f639c006000-7f639c015000 r--s 00080000 08:02 3394371                    /home/ankit/Downloads/android-studio/gradle/gradle-2.14.1/lib/gradle-model-core-2.14.1.jar
7f639c015000-7f639c018000 ---p 00000000 00:00 0 
7f639c018000-7f639c116000 rw-p 00000000 00:00 0 
7f639c116000-7f639c119000 ---p 00000000 00:00 0 
7f639c119000-7f639c217000 rw-p 00000000 00:00 0 
7f639c217000-7f639c8f9000 r--p 00000000 08:02 59247                      /usr/lib/locale/locale-archive
7f639c8f9000-7f639c8fc000 ---p 00000000 00:00 0 
7f639c8fc000-7f639c9fa000 rw-p 00000000 00:00 0 
7f639c9fa000-7f639c9fd000 ---p 00000000 00:00 0 
7f639c9fd000-7f639cafb000 rw-p 00000000 00:00 0 
7f639cafb000-7f639cafc000 ---p 00000000 00:00 0 
7f639cafc000-7f639d000000 rw-p 00000000 00:00 0 
7f639d000000-7f639f530000 rwxp 00000000 00:00 0 
7f639f530000-7f63ac000000 ---p 00000000 00:00 0 
7f63ac000000-7f63acb91000 rw-p 00000000 00:00 0 
7f63acb91000-7f63b0000000 ---p 00000000 00:00 0 
7f63b0000000-7f63b0001000 r--s 00002000 08:02 3394381                    /home/ankit/Downloads/android-studio/gradle/gradle-2.14.1/lib/native-platform-osx-amd64-0.10.jar
7f63b0001000-7f63b0003000 r--s 00009000 08:02 3394375                    /home/ankit/Downloads/android-studio/gradle/gradle-2.14.1/lib/gradle-native-2.14.1.jar
7f63b0003000-7f63b0005000 r--s 00005000 08:02 3394376                    /home/ankit/Downloads/android-studio/gradle/gradle-2.14.1/lib/gradle-cli-2.14.1.jar
7f63b0005000-7f63b0012000 r--s 00083000 08:02 3394379                    /home/ankit/Downloads/android-studio/gradle/gradle-2.14.1/lib/commons-collections-3.2.2.jar
7f63b0012000-7f63b0bf0000 rw-p 00000000 00:00 0 
7f63b0bf0000-7f63b0dc8000 r--s 03d2a000 08:02 182584                     /usr/lib/jvm/java-8-oracle/jre/lib/rt.jar
7f63b0dc8000-7f63b193e000 rw-p 00000000 00:00 0 
7f63b193e000-7f63b193f000 ---p 00000000 00:00 0 
7f63b193f000-7f63b1a3f000 rw-p 00000000 00:00 0 
7f63b1a3f000-7f63b1a40000 ---p 00000000 00:00 0 
7f63b1a40000-7f63b1b40000 rw-p 00000000 00:00 0 
7f63b1b40000-7f63b1b41000 ---p 00000000 00:00 0 
7f63b1b41000-7f63b1c41000 rw-p 00000000 00:00 0 
7f63b1c41000-7f63b1c42000 ---p 00000000 00:00 0 
7f63b1c42000-7f63b1e5a000 rw-p 00000000 00:00 0 
7f63b1e5a000-7f63b1f42000 ---p 00000000 00:00 0 
7f63b1f42000-7f63b205a000 rw-p 00000000 00:00 0 
7f63b205a000-7f63b2142000 ---p 00000000 00:00 0 
7f63b2142000-7f63b2242000 rw-p 00000000 00:00 0 
7f63b2242000-7f63b22d8000 rw-p 00000000 00:00 0 
7f63b22d8000-7f63b2603000 ---p 00000000 00:00 0 
7f63b2603000-7f63b261d000 r-xp 00000000 08:02 199997                     /usr/lib/jvm/java-8-oracle/jre/lib/amd64/libzip.so
7f63b261d000-7f63b281d000 ---p 0001a000 08:02 199997                     /usr/lib/jvm/java-8-oracle/jre/lib/amd64/libzip.so
7f63b281d000-7f63b281e000 rw-p 0001a000 08:02 199997                     /usr/lib/jvm/java-8-oracle/jre/lib/amd64/libzip.so
7f63b281e000-7f63b2828000 r-xp 00000000 08:02 2621662                    /lib/x86_64-linux-gnu/libnss_files-2.21.so
7f63b2828000-7f63b2a28000 ---p 0000a000 08:02 2621662                    /lib/x86_64-linux-gnu/libnss_files-2.21.so
7f63b2a28000-7f63b2a29000 r--p 0000a000 08:02 2621662                    /lib/x86_64-linux-gnu/libnss_files-2.21.so
7f63b2a29000-7f63b2a2a000 rw-p 0000b000 08:02 2621662                    /lib/x86_64-linux-gnu/libnss_files-2.21.so
7f63b2a2a000-7f63b2a35000 r-xp 00000000 08:02 2623427                    /lib/x86_64-linux-gnu/libnss_nis-2.21.so
7f63b2a35000-7f63b2c34000 ---p 0000b000 08:02 2623427                    /lib/x86_64-linux-gnu/libnss_nis-2.21.so
7f63b2c34000-7f63b2c35000 r--p 0000a000 08:02 2623427                    /lib/x86_64-linux-gnu/libnss_nis-2.21.so
7f63b2c35000-7f63b2c36000 rw-p 0000b000 08:02 2623427                    /lib/x86_64-linux-gnu/libnss_nis-2.21.so
7f63b2c36000-7f63b2c4d000 r-xp 00000000 08:02 2623430                    /lib/x86_64-linux-gnu/libnsl-2.21.so
7f63b2c4d000-7f63b2e4c000 ---p 00017000 08:02 2623430                    /lib/x86_64-linux-gnu/libnsl-2.21.so
7f63b2e4c000-7f63b2e4d000 r--p 00016000 08:02 2623430                    /lib/x86_64-linux-gnu/libnsl-2.21.so
7f63b2e4d000-7f63b2e4e000 rw-p 00017000 08:02 2623430                    /lib/x86_64-linux-gnu/libnsl-2.21.so
7f63b2e4e000-7f63b2e50000 rw-p 00000000 00:00 0 
7f63b2e50000-7f63b2e58000 r-xp 00000000 08:02 2622662                    /lib/x86_64-linux-gnu/libnss_compat-2.21.so
7f63b2e58000-7f63b3057000 ---p 00008000 08:02 2622662                    /lib/x86_64-linux-gnu/libnss_compat-2.21.so
7f63b3057000-7f63b3058000 r--p 00007000 08:02 2622662                    /lib/x86_64-linux-gnu/libnss_compat-2.21.so
7f63b3058000-7f63b3059000 rw-p 00008000 08:02 2622662                    /lib/x86_64-linux-gnu/libnss_compat-2.21.so
7f63b3059000-7f63b3084000 r-xp 00000000 08:02 200024                     /usr/lib/jvm/java-8-oracle/jre/lib/amd64/libjava.so
7f63b3084000-7f63b3283000 ---p 0002b000 08:02 200024                     /usr/lib/jvm/java-8-oracle/jre/lib/amd64/libjava.so
7f63b3283000-7f63b3285000 rw-p 0002a000 08:02 200024                     /usr/lib/jvm/java-8-oracle/jre/lib/amd64/libjava.so
7f63b3285000-7f63b3292000 r-xp 00000000 08:02 199975                     /usr/lib/jvm/java-8-oracle/jre/lib/amd64/libverify.so
7f63b3292000-7f63b3491000 ---p 0000d000 08:02 199975                     /usr/lib/jvm/java-8-oracle/jre/lib/amd64/libverify.so
7f63b3491000-7f63b3493000 rw-p 0000c000 08:02 199975                     /usr/lib/jvm/java-8-oracle/jre/lib/amd64/libverify.so
7f63b3493000-7f63b349a000 r-xp 00000000 08:02 2621663                    /lib/x86_64-linux-gnu/librt-2.21.so
7f63b349a000-7f63b3699000 ---p 00007000 08:02 2621663                    /lib/x86_64-linux-gnu/librt-2.21.so
7f63b3699000-7f63b369a000 r--p 00006000 08:02 2621663                    /lib/x86_64-linux-gnu/librt-2.21.so
7f63b369a000-7f63b369b000 rw-p 00007000 08:02 2621663                    /lib/x86_64-linux-gnu/librt-2.21.so
7f63b369b000-7f63b37a2000 r-xp 00000000 08:02 2623271                    /lib/x86_64-linux-gnu/libm-2.21.so
7f63b37a2000-7f63b39a1000 ---p 00107000 08:02 2623271                    /lib/x86_64-linux-gnu/libm-2.21.so
7f63b39a1000-7f63b39a2000 r--p 00106000 08:02 2623271                    /lib/x86_64-linux-gnu/libm-2.21.so
7f63b39a2000-7f63b39a3000 rw-p 00107000 08:02 2623271                    /lib/x86_64-linux-gnu/libm-2.21.so
7f63b39a3000-7f63b4670000 r-xp 00000000 08:02 200028                     /usr/lib/jvm/java-8-oracle/jre/lib/amd64/server/libjvm.so
7f63b4670000-7f63b486f000 ---p 00ccd000 08:02 200028                     /usr/lib/jvm/java-8-oracle/jre/lib/amd64/server/libjvm.so
7f63b486f000-7f63b4948000 rw-p 00ccc000 08:02 200028                     /usr/lib/jvm/java-8-oracle/jre/lib/amd64/server/libjvm.so
7f63b4948000-7f63b4993000 rw-p 00000000 00:00 0 
7f63b4993000-7f63b4b53000 r-xp 00000000 08:02 2623433                    /lib/x86_64-linux-gnu/libc-2.21.so
7f63b4b53000-7f63b4d53000 ---p 001c0000 08:02 2623433                    /lib/x86_64-linux-gnu/libc-2.21.so
7f63b4d53000-7f63b4d57000 r--p 001c0000 08:02 2623433                    /lib/x86_64-linux-gnu/libc-2.21.so
7f63b4d57000-7f63b4d59000 rw-p 001c4000 08:02 2623433                    /lib/x86_64-linux-gnu/libc-2.21.so
7f63b4d59000-7f63b4d5d000 rw-p 00000000 00:00 0 
7f63b4d5d000-7f63b4d60000 r-xp 00000000 08:02 2623420                    /lib/x86_64-linux-gnu/libdl-2.21.so
7f63b4d60000-7f63b4f5f000 ---p 00003000 08:02 2623420                    /lib/x86_64-linux-gnu/libdl-2.21.so
7f63b4f5f000-7f63b4f60000 r--p 00002000 08:02 2623420                    /lib/x86_64-linux-gnu/libdl-2.21.so
7f63b4f60000-7f63b4f61000 rw-p 00003000 08:02 2623420                    /lib/x86_64-linux-gnu/libdl-2.21.so
7f63b4f61000-7f63b4f76000 r-xp 00000000 08:02 158504                     /usr/lib/jvm/java-8-oracle/lib/amd64/jli/libjli.so
7f63b4f76000-7f63b5176000 ---p 00015000 08:02 158504                     /usr/lib/jvm/java-8-oracle/lib/amd64/jli/libjli.so
7f63b5176000-7f63b5177000 rw-p 00015000 08:02 158504                     /usr/lib/jvm/java-8-oracle/lib/amd64/jli/libjli.so
7f63b5177000-7f63b518f000 r-xp 00000000 08:02 2623413                    /lib/x86_64-linux-gnu/libpthread-2.21.so
7f63b518f000-7f63b538f000 ---p 00018000 08:02 2623413                    /lib/x86_64-linux-gnu/libpthread-2.21.so
7f63b538f000-7f63b5390000 r--p 00018000 08:02 2623413                    /lib/x86_64-linux-gnu/libpthread-2.21.so
7f63b5390000-7f63b5391000 rw-p 00019000 08:02 2623413                    /lib/x86_64-linux-gnu/libpthread-2.21.so
7f63b5391000-7f63b5395000 rw-p 00000000 00:00 0 
7f63b5395000-7f63b53b9000 r-xp 00000000 08:02 2623431                    /lib/x86_64-linux-gnu/ld-2.21.so
7f63b53b9000-7f63b53ba000 r--s 00002000 08:02 3394398                    /home/ankit/Downloads/android-studio/gradle/gradle-2.14.1/lib/native-platform-osx-i386-0.10.jar
7f63b53ba000-7f63b53bc000 r--s 00007000 08:02 3394353                    /home/ankit/Downloads/android-studio/gradle/gradle-2.14.1/lib/gradle-model-groovy-2.14.1.jar
7f63b53bc000-7f63b53bd000 r--s 00006000 08:02 3394370                    /home/ankit/Downloads/android-studio/gradle/gradle-2.14.1/lib/gradle-base-services-groovy-2.14.1.jar
7f63b53bd000-7f63b53be000 r--s 00002000 08:02 3394360                    /home/ankit/Downloads/android-studio/gradle/gradle-2.14.1/lib/gradle-docs-2.14.1.jar
7f63b53be000-7f63b53bf000 r--s 00000000 08:02 3394406                    /home/ankit/Downloads/android-studio/gradle/gradle-2.14.1/lib/javax.inject-1.jar
7f63b53bf000-7f63b53c0000 r--s 00000000 08:02 3394388                    /home/ankit/Downloads/android-studio/gradle/gradle-2.14.1/lib/jcip-annotations-1.0.jar
7f63b53c0000-7f63b53c4000 r--s 00027000 08:02 3394396                    /home/ankit/Downloads/android-studio/gradle/gradle-2.14.1/lib/commons-io-2.2.jar
7f63b53c4000-7f63b53c9000 r--s 00038000 08:02 3394363                    /home/ankit/Downloads/android-studio/gradle/gradle-2.14.1/lib/asm-all-5.1.jar
7f63b53c9000-7f63b53ca000 r--s 00001000 08:02 3394374                    /home/ankit/Downloads/android-studio/gradle/gradle-2.14.1/lib/gradle-process-services-2.14.1.jar
7f63b53ca000-7f63b53cb000 r--s 00000000 08:02 3394345                    /home/ankit/Downloads/android-studio/gradle/gradle-2.14.1/lib/gradle-jvm-services-2.14.1.jar
7f63b53cb000-7f63b53d0000 r--s 00041000 08:02 3394392                    /home/ankit/Downloads/android-studio/gradle/gradle-2.14.1/lib/commons-lang-2.6.jar
7f63b53d0000-7f63b5492000 rw-p 00000000 00:00 0 
7f63b5492000-7f63b5495000 ---p 00000000 00:00 0 
7f63b5495000-7f63b5597000 rw-p 00000000 00:00 0 
7f63b5597000-7f63b5598000 r--s 00007000 08:02 3394386                    /home/ankit/Downloads/android-studio/gradle/gradle-2.14.1/lib/slf4j-api-1.7.10.jar
7f63b5598000-7f63b5599000 r--s 00004000 08:02 3394372                    /home/ankit/Downloads/android-studio/gradle/gradle-2.14.1/lib/ant-launcher-1.9.6.jar
7f63b5599000-7f63b55a1000 r--s 0003a000 08:02 3394364                    /home/ankit/Downloads/android-studio/gradle/gradle-2.14.1/lib/gradle-base-services-2.14.1.jar
7f63b55a1000-7f63b55ac000 r--s 00051000 08:02 3394361                    /home/ankit/Downloads/android-studio/gradle/gradle-2.14.1/lib/gradle-launcher-2.14.1.jar
7f63b55ac000-7f63b55b4000 rw-s 00000000 08:02 5030334                    /tmp/hsperfdata_ankit/19548
7f63b55b4000-7f63b55b5000 rw-p 00000000 00:00 0 
7f63b55b5000-7f63b55b6000 ---p 00000000 00:00 0 
7f63b55b6000-7f63b55b8000 rw-p 00000000 00:00 0 
7f63b55b8000-7f63b55b9000 r--p 00023000 08:02 2623431                    /lib/x86_64-linux-gnu/ld-2.21.so
7f63b55b9000-7f63b55ba000 rw-p 00024000 08:02 2623431                    /lib/x86_64-linux-gnu/ld-2.21.so
7f63b55ba000-7f63b55bb000 rw-p 00000000 00:00 0 
7fff4ddd7000-7fff4ddf8000 rw-p 00000000 00:00 0                          [stack]
7fff4ddfc000-7fff4ddfe000 r--p 00000000 00:00 0                          [vvar]
7fff4ddfe000-7fff4de00000 r-xp 00000000 00:00 0                          [vdso]
ffffffffff600000-ffffffffff601000 r-xp 00000000 00:00 0                  [vsyscall]

VM Arguments:
jvm_args: -Xmx1536m -Dfile.encoding=UTF-8 -Duser.country=IN -Duser.language=en -Duser.variant 
java_command: org.gradle.launcher.daemon.bootstrap.GradleDaemon 2.14.1
java_class_path (initial): /home/ankit/Downloads/android-studio/gradle/gradle-2.14.1/lib/gradle-launcher-2.14.1.jar
Launcher Type: SUN_STANDARD

Environment Variables:
JAVA_HOME=/usr/lib/jvm/java-8-oracle
PATH=/usr/local/sbin:/usr/local/bin:/usr/sbin:/usr/bin:/sbin:/bin:/usr/games:/usr/local/games:/usr/lib/jvm/java-8-oracle/bin:/usr/lib/jvm/java-8-oracle/db/bin:/usr/lib/jvm/java-8-oracle/jre/bin
LD_LIBRARY_PATH=Downloads/android-studio/bin:
SHELL=/bin/bash
DISPLAY=:0

Signal Handlers:
SIGSEGV: [libjvm.so+0xac64b0], sa_mask[0]=11111111011111111101111111111110, sa_flags=SA_RESTART|SA_SIGINFO
SIGBUS: [libjvm.so+0xac64b0], sa_mask[0]=11111111011111111101111111111110, sa_flags=SA_RESTART|SA_SIGINFO
SIGFPE: [libjvm.so+0x91f950], sa_mask[0]=11111111011111111101111111111110, sa_flags=SA_RESTART|SA_SIGINFO
SIGPIPE: [libjvm.so+0x91f950], sa_mask[0]=11111111011111111101111111111110, sa_flags=SA_RESTART|SA_SIGINFO
SIGXFSZ: [libjvm.so+0x91f950], sa_mask[0]=11111111011111111101111111111110, sa_flags=SA_RESTART|SA_SIGINFO
SIGILL: [libjvm.so+0x91f950], sa_mask[0]=11111111011111111101111111111110, sa_flags=SA_RESTART|SA_SIGINFO
SIGUSR1: SIG_DFL, sa_mask[0]=00000000000000000000000000000000, sa_flags=none
SIGUSR2: [libjvm.so+0x920f80], sa_mask[0]=00100000000000000000000000000000, sa_flags=SA_RESTART|SA_SIGINFO
SIGHUP: [libjvm.so+0x922380], sa_mask[0]=11111111011111111101111111111110, sa_flags=SA_RESTART|SA_SIGINFO
SIGINT: [libjvm.so+0x922380], sa_mask[0]=11111111011111111101111111111110, sa_flags=SA_RESTART|SA_SIGINFO
SIGTERM: [libjvm.so+0x922380], sa_mask[0]=11111111011111111101111111111110, sa_flags=SA_RESTART|SA_SIGINFO
SIGQUIT: [libjvm.so+0x922380], sa_mask[0]=11111111011111111101111111111110, sa_flags=SA_RESTART|SA_SIGINFO


---------------  S Y S T E M  ---------------

OS:DISTRIB_ID=Ubuntu
DISTRIB_RELEASE=15.10
DISTRIB_CODENAME=wily
DISTRIB_DESCRIPTION="Ubuntu 15.10"

uname:Linux 4.2.0-42-generic #49-Ubuntu SMP Tue Jun 28 21:26:26 UTC 2016 x86_64
libc:glibc 2.21 NPTL 2.21 
rlimit: STACK 8192k, CORE 0k, NPROC 31537, NOFILE 65536, AS infinity
load average:4.24 2.83 1.76

/proc/meminfo:
MemTotal:        8110256 kB
MemFree:          144380 kB
MemAvailable:     155368 kB
Buffers:           15268 kB
Cached:           559136 kB
SwapCached:            0 kB
Active:          7212608 kB
Inactive:         478652 kB
Active(anon):    7143376 kB
Inactive(anon):   413076 kB
Active(file):      69232 kB
Inactive(file):    65576 kB
Unevictable:         120 kB
Mlocked:             120 kB
SwapTotal:             0 kB
SwapFree:              0 kB
Dirty:               316 kB
Writeback:             0 kB
AnonPages:       7117028 kB
Mapped:           292020 kB
Shmem:            439588 kB
Slab:             110288 kB
SReclaimable:      56108 kB
SUnreclaim:        54180 kB
KernelStack:       15856 kB
PageTables:        87056 kB
NFS_Unstable:          0 kB
Bounce:                0 kB
WritebackTmp:          0 kB
CommitLimit:     4055128 kB
Committed_AS:   18192072 kB
VmallocTotal:   34359738367 kB
VmallocUsed:      552104 kB
VmallocChunk:   34358423548 kB
HardwareCorrupted:     0 kB
AnonHugePages:   3049472 kB
CmaTotal:              0 kB
CmaFree:               0 kB
HugePages_Total:       0
HugePages_Free:        0
HugePages_Rsvd:        0
HugePages_Surp:        0
Hugepagesize:       2048 kB
DirectMap4k:      256704 kB
DirectMap2M:     7018496 kB
DirectMap1G:     2097152 kB


CPU:total 4 (2 cores per cpu, 2 threads per core) family 6 model 69 stepping 1, cmov, cx8, fxsr, mmx, sse, sse2, sse3, ssse3, sse4.1, sse4.2, popcnt, avx, avx2, aes, clmul, erms, lzcnt, ht, tsc, tscinvbit, bmi1, bmi2

/proc/cpuinfo:
processor	: 0
vendor_id	: GenuineIntel
cpu family	: 6
model		: 69
model name	: Intel(R) Core(TM) i3-4005U CPU @ 1.70GHz
stepping	: 1
microcode	: 0x1c
cpu MHz		: 1603.179
cache size	: 3072 KB
physical id	: 0
siblings	: 4
core id		: 0
cpu cores	: 2
apicid		: 0
initial apicid	: 0
fpu		: yes
fpu_exception	: yes
cpuid level	: 13
wp		: yes
flags		: fpu vme de pse tsc msr pae mce cx8 apic sep mtrr pge mca cmov pat pse36 clflush dts acpi mmx fxsr sse sse2 ss ht tm pbe syscall nx pdpe1gb rdtscp lm constant_tsc arch_perfmon pebs bts rep_good nopl xtopology nonstop_tsc aperfmperf eagerfpu pni pclmulqdq dtes64 monitor ds_cpl vmx est tm2 ssse3 fma cx16 xtpr pdcm pcid sse4_1 sse4_2 movbe popcnt tsc_deadline_timer aes xsave avx f16c rdrand lahf_lm abm ida arat epb pln pts dtherm tpr_shadow vnmi flexpriority ept vpid fsgsbase tsc_adjust bmi1 avx2 smep bmi2 erms invpcid xsaveopt
bugs		:
bogomips	: 3392.03
clflush size	: 64
cache_alignment	: 64
address sizes	: 39 bits physical, 48 bits virtual
power management:

processor	: 1
vendor_id	: GenuineIntel
cpu family	: 6
model		: 69
model name	: Intel(R) Core(TM) i3-4005U CPU @ 1.70GHz
stepping	: 1
microcode	: 0x1c
cpu MHz		: 1127.511
cache size	: 3072 KB
physical id	: 0
siblings	: 4
core id		: 0
cpu cores	: 2
apicid		: 1
initial apicid	: 1
fpu		: yes
fpu_exception	: yes
cpuid level	: 13
wp		: yes
flags		: fpu vme de pse tsc msr pae mce cx8 apic sep mtrr pge mca cmov pat pse36 clflush dts acpi mmx fxsr sse sse2 ss ht tm pbe syscall nx pdpe1gb rdtscp lm constant_tsc arch_perfmon pebs bts rep_good nopl xtopology nonstop_tsc aperfmperf eagerfpu pni pclmulqdq dtes64 monitor ds_cpl vmx est tm2 ssse3 fma cx16 xtpr pdcm pcid sse4_1 sse4_2 movbe popcnt tsc_deadline_timer aes xsave avx f16c rdrand lahf_lm abm ida arat epb pln pts dtherm tpr_shadow vnmi flexpriority ept vpid fsgsbase tsc_adjust bmi1 avx2 smep bmi2 erms invpcid xsaveopt
bugs		:
bogomips	: 3392.03
clflush size	: 64
cache_alignment	: 64
address sizes	: 39 bits physical, 48 bits virtual
power management:

processor	: 2
vendor_id	: GenuineIntel
cpu family	: 6
model		: 69
model name	: Intel(R) Core(TM) i3-4005U CPU @ 1.70GHz
stepping	: 1
microcode	: 0x1c
cpu MHz		: 1441.015
cache size	: 3072 KB
physical id	: 0
siblings	: 4
core id		: 1
cpu cores	: 2
apicid		: 2
initial apicid	: 2
fpu		: yes
fpu_exception	: yes
cpuid level	: 13
wp		: yes
flags		: fpu vme de pse tsc msr pae mce cx8 apic sep mtrr pge mca cmov pat pse36 clflush dts acpi mmx fxsr sse sse2 ss ht tm pbe syscall nx pdpe1gb rdtscp lm constant_tsc arch_perfmon pebs bts rep_good nopl xtopology nonstop_tsc aperfmperf eagerfpu pni pclmulqdq dtes64 monitor ds_cpl vmx est tm2 ssse3 fma cx16 xtpr pdcm pcid sse4_1 sse4_2 movbe popcnt tsc_deadline_timer aes xsave avx f16c rdrand lahf_lm abm ida arat epb pln pts dtherm tpr_shadow vnmi flexpriority ept vpid fsgsbase tsc_adjust bmi1 avx2 smep bmi2 erms invpcid xsaveopt
bugs		:
bogomips	: 3392.03
clflush size	: 64
cache_alignment	: 64
address sizes	: 39 bits physical, 48 bits virtual
power management:

processor	: 3
vendor_id	: GenuineIntel
cpu family	: 6
model		: 69
model name	: Intel(R) Core(TM) i3-4005U CPU @ 1.70GHz
stepping	: 1
microcode	: 0x1c
cpu MHz		: 996.757
cache size	: 3072 KB
physical id	: 0
siblings	: 4
core id		: 1
cpu cores	: 2
apicid		: 3
initial apicid	: 3
fpu		: yes
fpu_exception	: yes
cpuid level	: 13
wp		: yes
flags		: fpu vme de pse tsc msr pae mce cx8 apic sep mtrr pge mca cmov pat pse36 clflush dts acpi mmx fxsr sse sse2 ss ht tm pbe syscall nx pdpe1gb rdtscp lm constant_tsc arch_perfmon pebs bts rep_good nopl xtopology nonstop_tsc aperfmperf eagerfpu pni pclmulqdq dtes64 monitor ds_cpl vmx est tm2 ssse3 fma cx16 xtpr pdcm pcid sse4_1 sse4_2 movbe popcnt tsc_deadline_timer aes xsave avx f16c rdrand lahf_lm abm ida arat epb pln pts dtherm tpr_shadow vnmi flexpriority ept vpid fsgsbase tsc_adjust bmi1 avx2 smep bmi2 erms invpcid xsaveopt
bugs		:
bogomips	: 3392.03
clflush size	: 64
cache_alignment	: 64
address sizes	: 39 bits physical, 48 bits virtual
power management:



Memory: 4k page, physical 8110256k(144380k free), swap 0k(0k free)

vm_info: Java HotSpot(TM) 64-Bit Server VM (25.111-b14) for linux-amd64 JRE (1.8.0_111-b14), built on Sep 22 2016 16:14:03 by "java_re" with gcc 4.3.0 20080428 (Red Hat 4.3.0-8)

time: Tue Dec 27 15:46:23 2016
elapsed time: 110 seconds (0d 0h 1m 50s)

