#
# There is insufficient memory for the Java Runtime Environment to continue.
# Native memory allocation (mmap) failed to map 233832448 bytes for committing reserved memory.
# Possible reasons:
#   The system is out of physical RAM or swap space
#   In 32 bit mode, the process size limit was hit
# Possible solutions:
#   Reduce memory load on the system
#   Increase physical memory or swap space
#   Check if swap backing store is full
#   Use 64 bit Java on a 64 bit OS
#   Decrease Java heap size (-Xmx/-Xms)
#   Decrease number of Java threads
#   Decrease Java thread stack sizes (-Xss)
#   Set larger code cache with -XX:ReservedCodeCacheSize=
# This output file may be truncated or incomplete.
#
#  Out of Memory Error (os_linux.cpp:2627), pid=24083, tid=0x00007f4cbad92700
#
# JRE version: Java(TM) SE Runtime Environment (8.0_111-b14) (build 1.8.0_111-b14)
# Java VM: Java HotSpot(TM) 64-Bit Server VM (25.111-b14 mixed mode linux-amd64 compressed oops)
# Failed to write core dump. Core dumps have been disabled. To enable core dumping, try "ulimit -c unlimited" before starting Java again
#

---------------  T H R E A D  ---------------

Current thread (0x00007f4cd4078000):  VMThread [stack: 0x00007f4cbac92000,0x00007f4cbad93000] [id=24092]

Stack: [0x00007f4cbac92000,0x00007f4cbad93000],  sp=0x00007f4cbad91020,  free space=1020k
Native frames: (J=compiled Java code, j=interpreted, Vv=VM code, C=native code)
V  [libjvm.so+0xac5c2a]  VMError::report_and_die()+0x2ba
V  [libjvm.so+0x4fc50b]  report_vm_out_of_memory(char const*, int, unsigned long, VMErrorType, char const*)+0x8b
V  [libjvm.so+0x922ae3]  os::Linux::commit_memory_impl(char*, unsigned long, bool)+0x103
V  [libjvm.so+0x923039]  os::pd_commit_memory(char*, unsigned long, unsigned long, bool)+0x29
V  [libjvm.so+0x91d33a]  os::commit_memory(char*, unsigned long, unsigned long, bool)+0x2a
V  [libjvm.so+0x991ac3]  PSVirtualSpace::expand_by(unsigned long)+0x53
V  [libjvm.so+0x982380]  PSOldGen::expand(unsigned long)+0x170
V  [libjvm.so+0x98258b]  PSOldGen::resize(unsigned long)+0x1cb
V  [libjvm.so+0x98a291]  PSParallelCompact::invoke_no_policy(bool)+0x991
V  [libjvm.so+0x98fbed]  PSScavenge::invoke()+0x1ad
V  [libjvm.so+0x9467d0]  ParallelScavengeHeap::failed_mem_allocate(unsigned long)+0x70
V  [libjvm.so+0xac7647]  VM_ParallelGCFailedAllocation::doit()+0x97
V  [libjvm.so+0xacf125]  VM_Operation::evaluate()+0x55
V  [libjvm.so+0xacd4fa]  VMThread::evaluate_operation(VM_Operation*)+0xba
V  [libjvm.so+0xacd87e]  VMThread::loop()+0x1ce
V  [libjvm.so+0xacdcf0]  VMThread::run()+0x70
V  [libjvm.so+0x924ea8]  java_start(Thread*)+0x108

VM_Operation (0x00007f4c709a0bb0): ParallelGCFailedAllocation, mode: safepoint, requested by thread 0x00007f4c4805b000


---------------  P R O C E S S  ---------------

Java Threads: ( => current thread )
  0x00007f4c48060000 JavaThread "pool-12-thread-4" [_thread_blocked, id=24426, stack(0x00007f4c3e3c8000,0x00007f4c3e4c9000)]
  0x00007f4c4805f000 JavaThread "pool-12-thread-3" [_thread_blocked, id=24425, stack(0x00007f4c3f584000,0x00007f4c3f685000)]
  0x00007f4c4805d800 JavaThread "pool-12-thread-2" [_thread_blocked, id=24424, stack(0x00007f4c3d767000,0x00007f4c3d868000)]
  0x00007f4c4805c800 JavaThread "pool-13-thread-1" [_thread_blocked, id=24423, stack(0x00007f4c3f483000,0x00007f4c3f584000)]
  0x00007f4c4805b000 JavaThread "pool-12-thread-1" [_thread_blocked, id=24422, stack(0x00007f4c708a2000,0x00007f4c709a3000)]
  0x00007f4c5c09f800 JavaThread "pool-10-thread-1" [_thread_blocked, id=24421, stack(0x00007f4c70d8a000,0x00007f4c70e8b000)]
  0x00007f4c5c030000 JavaThread "pool-9-thread-4" [_thread_blocked, id=24401, stack(0x00007f4c71491000,0x00007f4c71592000)]
  0x00007f4c5c02f800 JavaThread "pool-9-thread-3" [_thread_blocked, id=24400, stack(0x00007f4c71390000,0x00007f4c71491000)]
  0x00007f4c5c02e800 JavaThread "pool-9-thread-2" [_thread_blocked, id=24399, stack(0x00007f4c71693000,0x00007f4c71794000)]
  0x00007f4c5c02e000 JavaThread "pool-9-thread-1" [_thread_blocked, id=24398, stack(0x00007f4c71592000,0x00007f4c71693000)]
  0x00007f4cb0021800 JavaThread "process reaper" daemon [_thread_blocked, id=24394, stack(0x00007f4c3e38f000,0x00007f4c3e3c8000)]
  0x00007f4c5c009800 JavaThread "Stdin handler" [_thread_blocked, id=24388, stack(0x00007f4c73dfe000,0x00007f4c73eff000)]
  0x00007f4c5c007800 JavaThread "Asynchronous log dispatcher for org.gradle.launcher.daemon.server.DefaultDaemonConnection@1ea963c1" [_thread_blocked, id=24385, stack(0x00007f4c73eff000,0x00007f4c74000000)]
  0x00007f4c80005800 JavaThread "Daemon worker Thread 2" [_thread_blocked, id=24384, stack(0x00007f4cb81f6000,0x00007f4cb82f7000)]
  0x00007f4c8000d800 JavaThread "Cancel handler" [_thread_blocked, id=24383, stack(0x00007f4cb82f7000,0x00007f4cb83f8000)]
  0x00007f4c8000c800 JavaThread "Handler for socket connection from /127.0.0.1:38623 to /127.0.0.1:46438" [_thread_in_native, id=24382, stack(0x00007f4cb80f5000,0x00007f4cb81f6000)]
  0x00007f4c7c016000 JavaThread "Daemon Thread 2" [_thread_blocked, id=24381, stack(0x00007f4cb83f8000,0x00007f4cb84f9000)]
  0x00007f4c6cc37800 JavaThread "File lock request listener" [_thread_in_native, id=24119, stack(0x00007f4c73050000,0x00007f4c73151000)]
  0x00007f4cd4b2c000 JavaThread "Incoming local TCP Connector on port 38623" [_thread_in_native, id=24103, stack(0x00007f4cb8700000,0x00007f4cb8801000)]
  0x00007f4cd4b0f000 JavaThread "pool-1-thread-1" [_thread_blocked, id=24102, stack(0x00007f4cb8801000,0x00007f4cb8902000)]
  0x00007f4cd40c1000 JavaThread "Service Thread" daemon [_thread_blocked, id=24099, stack(0x00007f4cb9ea9000,0x00007f4cb9faa000)]
  0x00007f4cd40bd800 JavaThread "C1 CompilerThread2" daemon [_thread_blocked, id=24098, stack(0x00007f4cb9faa000,0x00007f4cba0ab000)]
  0x00007f4cd40bb800 JavaThread "C2 CompilerThread1" daemon [_thread_blocked, id=24097, stack(0x00007f4cba0ab000,0x00007f4cba1ac000)]
  0x00007f4cd40b9000 JavaThread "C2 CompilerThread0" daemon [_thread_blocked, id=24096, stack(0x00007f4cba1ac000,0x00007f4cba2ad000)]
  0x00007f4cd40b7800 JavaThread "Signal Dispatcher" daemon [_thread_blocked, id=24095, stack(0x00007f4cba2ad000,0x00007f4cba3ae000)]
  0x00007f4cd4084800 JavaThread "Finalizer" daemon [_thread_blocked, id=24094, stack(0x00007f4cbaa90000,0x00007f4cbab91000)]
  0x00007f4cd407f800 JavaThread "Reference Handler" daemon [_thread_blocked, id=24093, stack(0x00007f4cbab91000,0x00007f4cbac92000)]
  0x00007f4cd400a000 JavaThread "main" [_thread_blocked, id=24087, stack(0x00007f4cda638000,0x00007f4cda739000)]

Other Threads:
=>0x00007f4cd4078000 VMThread [stack: 0x00007f4cbac92000,0x00007f4cbad93000] [id=24092]
  0x00007f4cd40c3800 WatcherThread [stack: 0x00007f4cb9da8000,0x00007f4cb9ea9000] [id=24100]

VM state:at safepoint (normal execution)

VM Mutex/Monitor currently owned by a thread:  ([mutex/lock_event])
[0x00007f4cd4005bb0] ExpandHeap_lock - owner thread: 0x00007f4cd4078000
[0x00007f4cd4006230] Threads_lock - owner thread: 0x00007f4cd4078000
[0x00007f4cd4006730] Heap_lock - owner thread: 0x00007f4c4805b000

Heap:
 PSYoungGen      total 400384K, used 0K [0x00000000e0000000, 0x00000000ff180000, 0x0000000100000000)
  eden space 312832K, 0% used [0x00000000e0000000,0x00000000e0000000,0x00000000f3180000)
  from space 87552K, 0% used [0x00000000f9c00000,0x00000000f9c00000,0x00000000ff180000)
  to   space 98304K, 0% used [0x00000000f3180000,0x00000000f3180000,0x00000000f9180000)
 ParOldGen       total 567296K, used 548844K [0x00000000a0000000, 0x00000000c2a00000, 0x00000000e0000000)
  object space 567296K, 96% used [0x00000000a0000000,0x00000000c17fb008,0x00000000c2a00000)
 Metaspace       used 66379K, capacity 68160K, committed 68352K, reserved 1107968K
  class space    used 8519K, capacity 8892K, committed 8960K, reserved 1048576K

Card table byte_map: [0x00007f4cc3ee9000,0x00007f4cc41ea000] byte_map_base: 0x00007f4cc39e9000

Marking Bits: (ParMarkBitMap*) 0x00007f4cd9b0c220
 Begin Bits: [0x00007f4cc09e6000, 0x00007f4cc21e6000)
 End Bits:   [0x00007f4cc21e6000, 0x00007f4cc39e6000)

Polling page: 0x00007f4cda75b000

CodeCache: size=245760Kb used=44294Kb max_used=44702Kb free=201465Kb
 bounds [0x00007f4cc45aa000, 0x00007f4cc724a000, 0x00007f4cd35aa000]
 total_blobs=13422 nmethods=12677 adapters=656
 compilation: enabled

Compilation events (10 events):
Event: 257.633 Thread 0x00007f4cd40b9000 nmethod 16229 0x00007f4cc679b550 code [0x00007f4cc679b6a0, 0x00007f4cc679b718]
Event: 257.633 Thread 0x00007f4cd40b9000 15967       4       com.android.dx.cf.code.ExecutionStack::peek (42 bytes)
Event: 257.635 Thread 0x00007f4cd40b9000 nmethod 15967 0x00007f4cc69d6f10 code [0x00007f4cc69d7060, 0x00007f4cc69d7138]
Event: 257.635 Thread 0x00007f4cd40b9000 16115       4       com.android.dx.cf.code.Frame::<init> (52 bytes)
Event: 257.637 Thread 0x00007f4cd40b9000 nmethod 16115 0x00007f4cc6a1f290 code [0x00007f4cc6a1f3e0, 0x00007f4cc6a1f4f8]
Event: 257.637 Thread 0x00007f4cd40b9000 16171       4       com.android.dx.cf.code.ByteBlockList::labelToBlock (46 bytes)
Event: 257.640 Thread 0x00007f4cd40b9000 nmethod 16171 0x00007f4cc69f4590 code [0x00007f4cc69f4700, 0x00007f4cc69f4898]
Event: 257.640 Thread 0x00007f4cd40b9000 16234       4       com.android.dx.rop.code.Rop::<init> (137 bytes)
Event: 257.644 Thread 0x00007f4cd40b9000 nmethod 16234 0x00007f4cc4e7bad0 code [0x00007f4cc4e7bc40, 0x00007f4cc4e7be58]
Event: 257.644 Thread 0x00007f4cd40b9000 15315       4       com.android.dx.ssa.SCCP::addBlockToWorklist (47 bytes)

GC Heap History (10 events):
Event: 251.954 GC heap after
Heap after GC invocations=39 (full 7):
 PSYoungGen      total 434688K, used 0K [0x00000000e0000000, 0x0000000100000000, 0x0000000100000000)
  eden space 351232K, 0% used [0x00000000e0000000,0x00000000e0000000,0x00000000f5700000)
  from space 83456K, 0% used [0x00000000fae80000,0x00000000fae80000,0x0000000100000000)
  to   space 86528K, 0% used [0x00000000f5700000,0x00000000f5700000,0x00000000fab80000)
 ParOldGen       total 567296K, used 358846K [0x00000000a0000000, 0x00000000c2a00000, 0x00000000e0000000)
  object space 567296K, 63% used [0x00000000a0000000,0x00000000b5e6f998,0x00000000c2a00000)
 Metaspace       used 66357K, capacity 68096K, committed 68352K, reserved 1107968K
  class space    used 8516K, capacity 8892K, committed 8960K, reserved 1048576K
}
Event: 253.344 GC heap before
{Heap before GC invocations=40 (full 7):
 PSYoungGen      total 434688K, used 351232K [0x00000000e0000000, 0x0000000100000000, 0x0000000100000000)
  eden space 351232K, 100% used [0x00000000e0000000,0x00000000f5700000,0x00000000f5700000)
  from space 83456K, 0% used [0x00000000fae80000,0x00000000fae80000,0x0000000100000000)
  to   space 86528K, 0% used [0x00000000f5700000,0x00000000f5700000,0x00000000fab80000)
 ParOldGen       total 567296K, used 358846K [0x00000000a0000000, 0x00000000c2a00000, 0x00000000e0000000)
  object space 567296K, 63% used [0x00000000a0000000,0x00000000b5e6f998,0x00000000c2a00000)
 Metaspace       used 66360K, capacity 68096K, committed 68352K, reserved 1107968K
  class space    used 8516K, capacity 8892K, committed 8960K, reserved 1048576K
Event: 253.477 GC heap after
Heap after GC invocations=40 (full 7):
 PSYoungGen      total 405504K, used 54015K [0x00000000e0000000, 0x0000000100000000, 0x0000000100000000)
  eden space 351232K, 0% used [0x00000000e0000000,0x00000000e0000000,0x00000000f5700000)
  from space 54272K, 99% used [0x00000000f5700000,0x00000000f8bbfc80,0x00000000f8c00000)
  to   space 88064K, 0% used [0x00000000faa00000,0x00000000faa00000,0x0000000100000000)
 ParOldGen       total 567296K, used 358846K [0x00000000a0000000, 0x00000000c2a00000, 0x00000000e0000000)
  object space 567296K, 63% used [0x00000000a0000000,0x00000000b5e6f998,0x00000000c2a00000)
 Metaspace       used 66360K, capacity 68096K, committed 68352K, reserved 1107968K
  class space    used 8516K, capacity 8892K, committed 8960K, reserved 1048576K
}
Event: 254.884 GC heap before
{Heap before GC invocations=41 (full 7):
 PSYoungGen      total 405504K, used 405247K [0x00000000e0000000, 0x0000000100000000, 0x0000000100000000)
  eden space 351232K, 100% used [0x00000000e0000000,0x00000000f5700000,0x00000000f5700000)
  from space 54272K, 99% used [0x00000000f5700000,0x00000000f8bbfc80,0x00000000f8c00000)
  to   space 88064K, 0% used [0x00000000faa00000,0x00000000faa00000,0x0000000100000000)
 ParOldGen       total 567296K, used 358846K [0x00000000a0000000, 0x00000000c2a00000, 0x00000000e0000000)
  object space 567296K, 63% used [0x00000000a0000000,0x00000000b5e6f998,0x00000000c2a00000)
 Metaspace       used 66361K, capacity 68096K, committed 68352K, reserved 1107968K
  class space    used 8517K, capacity 8892K, committed 8960K, reserved 1048576K
Event: 255.085 GC heap after
Heap after GC invocations=41 (full 7):
 PSYoungGen      total 394240K, used 88036K [0x00000000e0000000, 0x0000000100000000, 0x0000000100000000)
  eden space 306176K, 0% used [0x00000000e0000000,0x00000000e0000000,0x00000000f2b00000)
  from space 88064K, 99% used [0x00000000faa00000,0x00000000ffff9088,0x0000000100000000)
  to   space 109056K, 0% used [0x00000000f2b00000,0x00000000f2b00000,0x00000000f9580000)
 ParOldGen       total 567296K, used 377948K [0x00000000a0000000, 0x00000000c2a00000, 0x00000000e0000000)
  object space 567296K, 66% used [0x00000000a0000000,0x00000000b7117158,0x00000000c2a00000)
 Metaspace       used 66361K, capacity 68096K, committed 68352K, reserved 1107968K
  class space    used 8517K, capacity 8892K, committed 8960K, reserved 1048576K
}
Event: 256.260 GC heap before
{Heap before GC invocations=42 (full 7):
 PSYoungGen      total 394240K, used 394212K [0x00000000e0000000, 0x0000000100000000, 0x0000000100000000)
  eden space 306176K, 100% used [0x00000000e0000000,0x00000000f2b00000,0x00000000f2b00000)
  from space 88064K, 99% used [0x00000000faa00000,0x00000000ffff9088,0x0000000100000000)
  to   space 109056K, 0% used [0x00000000f2b00000,0x00000000f2b00000,0x00000000f9580000)
 ParOldGen       total 567296K, used 377948K [0x00000000a0000000, 0x00000000c2a00000, 0x00000000e0000000)
  object space 567296K, 66% used [0x00000000a0000000,0x00000000b7117158,0x00000000c2a00000)
 Metaspace       used 66374K, capacity 68160K, committed 68352K, reserved 1107968K
  class space    used 8519K, capacity 8892K, committed 8960K, reserved 1048576K
Event: 256.512 GC heap after
Heap after GC invocations=42 (full 7):
 PSYoungGen      total 415232K, used 44687K [0x00000000e0000000, 0x0000000100000000, 0x0000000100000000)
  eden space 306176K, 0% used [0x00000000e0000000,0x00000000e0000000,0x00000000f2b00000)
  from space 109056K, 40% used [0x00000000f2b00000,0x00000000f56a3c70,0x00000000f9580000)
  to   space 102400K, 0% used [0x00000000f9c00000,0x00000000f9c00000,0x0000000100000000)
 ParOldGen       total 567296K, used 466524K [0x00000000a0000000, 0x00000000c2a00000, 0x00000000e0000000)
  object space 567296K, 82% used [0x00000000a0000000,0x00000000bc797378,0x00000000c2a00000)
 Metaspace       used 66374K, capacity 68160K, committed 68352K, reserved 1107968K
  class space    used 8519K, capacity 8892K, committed 8960K, reserved 1048576K
}
Event: 257.653 GC heap before
{Heap before GC invocations=43 (full 7):
 PSYoungGen      total 415232K, used 350863K [0x00000000e0000000, 0x0000000100000000, 0x0000000100000000)
  eden space 306176K, 100% used [0x00000000e0000000,0x00000000f2b00000,0x00000000f2b00000)
  from space 109056K, 40% used [0x00000000f2b00000,0x00000000f56a3c70,0x00000000f9580000)
  to   space 102400K, 0% used [0x00000000f9c00000,0x00000000f9c00000,0x0000000100000000)
 ParOldGen       total 567296K, used 466524K [0x00000000a0000000, 0x00000000c2a00000, 0x00000000e0000000)
  object space 567296K, 82% used [0x00000000a0000000,0x00000000bc797378,0x00000000c2a00000)
 Metaspace       used 66379K, capacity 68160K, committed 68352K, reserved 1107968K
  class space    used 8519K, capacity 8892K, committed 8960K, reserved 1048576K
Event: 257.837 GC heap after
Heap after GC invocations=43 (full 7):
 PSYoungGen      total 400384K, used 48274K [0x00000000e0000000, 0x00000000ff180000, 0x0000000100000000)
  eden space 312832K, 0% used [0x00000000e0000000,0x00000000e0000000,0x00000000f3180000)
  from space 87552K, 55% used [0x00000000f9c00000,0x00000000fcb24aa8,0x00000000ff180000)
  to   space 98304K, 0% used [0x00000000f3180000,0x00000000f3180000,0x00000000f9180000)
 ParOldGen       total 567296K, used 509405K [0x00000000a0000000, 0x00000000c2a00000, 0x00000000e0000000)
  object space 567296K, 89% used [0x00000000a0000000,0x00000000bf1776e8,0x00000000c2a00000)
 Metaspace       used 66379K, capacity 68160K, committed 68352K, reserved 1107968K
  class space    used 8519K, capacity 8892K, committed 8960K, reserved 1048576K
}
Event: 257.837 GC heap before
{Heap before GC invocations=44 (full 8):
 PSYoungGen      total 400384K, used 48274K [0x00000000e0000000, 0x00000000ff180000, 0x0000000100000000)
  eden space 312832K, 0% used [0x00000000e0000000,0x00000000e0000000,0x00000000f3180000)
  from space 87552K, 55% used [0x00000000f9c00000,0x00000000fcb24aa8,0x00000000ff180000)
  to   space 98304K, 0% used [0x00000000f3180000,0x00000000f3180000,0x00000000f9180000)
 ParOldGen       total 567296K, used 509405K [0x00000000a0000000, 0x00000000c2a00000, 0x00000000e0000000)
  object space 567296K, 89% used [0x00000000a0000000,0x00000000bf1776e8,0x00000000c2a00000)
 Metaspace       used 66379K, capacity 68160K, committed 68352K, reserved 1107968K
  class space    used 8519K, capacity 8892K, committed 8960K, reserved 1048576K

Deoptimization events (10 events):
Event: 254.720 Thread 0x00007f4c5c09f800 Uncommon trap: reason=bimorphic action=maybe_recompile pc=0x00007f4cc71fb088 method=com.android.dx.rop.code.RegisterSpec.getFrameType()Lcom/android/dx/rop/type/TypeBearer; @ 4
Event: 254.720 Thread 0x00007f4c5c09f800 Uncommon trap: reason=bimorphic action=maybe_recompile pc=0x00007f4cc71fb088 method=com.android.dx.rop.code.RegisterSpec.getFrameType()Lcom/android/dx/rop/type/TypeBearer; @ 4
Event: 254.731 Thread 0x00007f4c4805b000 Uncommon trap: reason=bimorphic action=maybe_recompile pc=0x00007f4cc71fb088 method=com.android.dx.rop.code.RegisterSpec.getFrameType()Lcom/android/dx/rop/type/TypeBearer; @ 4
Event: 254.738 Thread 0x00007f4c5c09f800 Uncommon trap: reason=bimorphic action=maybe_recompile pc=0x00007f4cc71fb088 method=com.android.dx.rop.code.RegisterSpec.getFrameType()Lcom/android/dx/rop/type/TypeBearer; @ 4
Event: 255.224 Thread 0x00007f4c4805f000 Uncommon trap: reason=unstable_if action=reinterpret pc=0x00007f4cc6b2995c method=com.android.dx.ssa.InterferenceRegisterMapper.interferes(III)Z @ 69
Event: 255.869 Thread 0x00007f4c48060000 Uncommon trap: reason=predicate action=maybe_recompile pc=0x00007f4cc67aed68 method=com.android.dx.ssa.DomFront.run()[Lcom/android/dx/ssa/DomFront$DomInfo; @ 32
Event: 255.890 Thread 0x00007f4c48060000 Uncommon trap: reason=class_check action=maybe_recompile pc=0x00007f4cc723e024 method=com.android.dx.ssa.SsaConverter.placePhiFunctions(Lcom/android/dx/ssa/SsaMethod;Lcom/android/dx/ssa/LocalVariableInfo;I)V @ 257
Event: 256.860 Thread 0x00007f4c48060000 Uncommon trap: reason=class_check action=maybe_recompile pc=0x00007f4cc688ffb8 method=com.android.dx.ssa.SCCP.simulateBranch(Lcom/android/dx/ssa/SsaInsn;)V @ 339
Event: 256.871 Thread 0x00007f4c48060000 Uncommon trap: reason=class_check action=maybe_recompile pc=0x00007f4cc688ffb8 method=com.android.dx.ssa.SCCP.simulateBranch(Lcom/android/dx/ssa/SsaInsn;)V @ 339
Event: 257.206 Thread 0x00007f4c4805d800 Uncommon trap: reason=unstable_if action=reinterpret pc=0x00007f4cc54e3b40 method=com.android.dx.cf.code.Ropper.labelToResultIndex(I)I @ 34

Internal exceptions (10 events):
Event: 222.330 Thread 0x00007f4c5c030000 Exception <a 'sun/nio/fs/UnixException'> (0x00000000f012d5c0) thrown at [/HUDSON3/workspace/8-2-build-linux-amd64/jdk8u111/7883/hotspot/src/share/vm/prims/jni.cpp, line 709]
Event: 222.330 Thread 0x00007f4c5c030000 Exception <a 'sun/nio/fs/UnixException'> (0x00000000f012dd48) thrown at [/HUDSON3/workspace/8-2-build-linux-amd64/jdk8u111/7883/hotspot/src/share/vm/prims/jni.cpp, line 709]
Event: 222.346 Thread 0x00007f4c5c030000 Exception <a 'sun/nio/fs/UnixException'> (0x00000000f012e5f0) thrown at [/HUDSON3/workspace/8-2-build-linux-amd64/jdk8u111/7883/hotspot/src/share/vm/prims/jni.cpp, line 709]
Event: 222.346 Thread 0x00007f4c5c030000 Exception <a 'sun/nio/fs/UnixException'> (0x00000000f012ed68) thrown at [/HUDSON3/workspace/8-2-build-linux-amd64/jdk8u111/7883/hotspot/src/share/vm/prims/jni.cpp, line 709]
Event: 222.378 Thread 0x00007f4c5c02e000 Exception <a 'sun/nio/fs/UnixException'> (0x00000000eff801a8) thrown at [/HUDSON3/workspace/8-2-build-linux-amd64/jdk8u111/7883/hotspot/src/share/vm/prims/jni.cpp, line 709]
Event: 222.379 Thread 0x00007f4c5c02e000 Exception <a 'sun/nio/fs/UnixException'> (0x00000000eff80928) thrown at [/HUDSON3/workspace/8-2-build-linux-amd64/jdk8u111/7883/hotspot/src/share/vm/prims/jni.cpp, line 709]
Event: 230.934 Thread 0x00007f4c80005800 Implicit null exception at 0x00007f4cc68a2c0f to 0x00007f4cc68a33bd
Event: 235.440 Thread 0x00007f4c4805f000 Implicit null exception at 0x00007f4cc6b4f8be to 0x00007f4cc6b507e9
Event: 235.655 Thread 0x00007f4c4805d800 Implicit null exception at 0x00007f4cc6bf8ecd to 0x00007f4cc6bf90a9
Event: 248.218 Thread 0x00007f4c48060000 Implicit null exception at 0x00007f4cc7137d7c to 0x00007f4cc7139b04

Events (10 events):
Event: 256.860 Thread 0x00007f4c48060000 DEOPT UNPACKING pc=0x00007f4cc45af229 sp=0x00007f4c3e4c6e58 mode 2
Event: 256.871 Thread 0x00007f4c48060000 Uncommon trap: trap_request=0xffffffde fr.pc=0x00007f4cc688ffb8
Event: 256.871 Thread 0x00007f4c48060000 DEOPT PACKING pc=0x00007f4cc688ffb8 sp=0x00007f4c3e4c6e60
Event: 256.871 Thread 0x00007f4c48060000 DEOPT UNPACKING pc=0x00007f4cc45af229 sp=0x00007f4c3e4c6e58 mode 2
Event: 257.206 Thread 0x00007f4c4805d800 Uncommon trap: trap_request=0xffffff65 fr.pc=0x00007f4cc54e3b40
Event: 257.206 Thread 0x00007f4c4805d800 DEOPT PACKING pc=0x00007f4cc54e3b40 sp=0x00007f4c3d865ee0
Event: 257.206 Thread 0x00007f4c4805d800 DEOPT UNPACKING pc=0x00007f4cc45af229 sp=0x00007f4c3d865e40 mode 2
Event: 257.251 Thread 0x00007f4c4805f000 DEOPT PACKING pc=0x00007f4cc7043b29 sp=0x00007f4c3f6831c0
Event: 257.251 Thread 0x00007f4c4805f000 DEOPT UNPACKING pc=0x00007f4cc45f1633 sp=0x00007f4c3f682fc0 mode 0
Event: 257.652 Executing VM operation: ParallelGCFailedAllocation


Dynamic libraries:
00400000-00401000 r-xp 00000000 08:02 182546                             /usr/lib/jvm/java-8-oracle/bin/java
00600000-00601000 rw-p 00000000 08:02 182546                             /usr/lib/jvm/java-8-oracle/bin/java
0222a000-0224b000 rw-p 00000000 00:00 0                                  [heap]
a0000000-c2a00000 rw-p 00000000 00:00 0 
d0900000-e0000000 ---p 00000000 00:00 0 
e0000000-ff180000 rw-p 00000000 00:00 0 
ff180000-100000000 ---p 00000000 00:00 0 
100000000-1008c0000 rw-p 00000000 00:00 0 
1008c0000-140000000 ---p 00000000 00:00 0 
7f4c3d2f1000-7f4c3d2f4000 ---p 00000000 00:00 0 
7f4c3d2f4000-7f4c3d3f2000 rw-p 00000000 00:00 0 
7f4c3d3f2000-7f4c3d3f5000 ---p 00000000 00:00 0 
7f4c3d3f5000-7f4c3d42b000 rw-p 00000000 00:00 0 
7f4c3d42b000-7f4c3d42e000 ---p 00000000 00:00 0 
7f4c3d42e000-7f4c3d52c000 rw-p 00000000 00:00 0 
7f4c3d62d000-7f4c3d630000 ---p 00000000 00:00 0 
7f4c3d630000-7f4c3d666000 rw-p 00000000 00:00 0 
7f4c3d767000-7f4c3d76a000 ---p 00000000 00:00 0 
7f4c3d76a000-7f4c3d868000 rw-p 00000000 00:00 0 
7f4c3da6a000-7f4c3da6d000 ---p 00000000 00:00 0 
7f4c3da6d000-7f4c3daa3000 rw-p 00000000 00:00 0 
7f4c3daa3000-7f4c3daa6000 ---p 00000000 00:00 0 
7f4c3daa6000-7f4c3dba4000 rw-p 00000000 00:00 0 
7f4c3dba4000-7f4c3dba7000 ---p 00000000 00:00 0 
7f4c3dba7000-7f4c3dca5000 rw-p 00000000 00:00 0 
7f4c3dca5000-7f4c3dca8000 ---p 00000000 00:00 0 
7f4c3dca8000-7f4c3dcde000 rw-p 00000000 00:00 0 
7f4c3dcde000-7f4c3dce1000 ---p 00000000 00:00 0 
7f4c3dce1000-7f4c3dd17000 rw-p 00000000 00:00 0 
7f4c3de18000-7f4c3de1b000 ---p 00000000 00:00 0 
7f4c3de1b000-7f4c3df19000 rw-p 00000000 00:00 0 
7f4c3df19000-7f4c3df1c000 ---p 00000000 00:00 0 
7f4c3df1c000-7f4c3df52000 rw-p 00000000 00:00 0 
7f4c3e154000-7f4c3e157000 ---p 00000000 00:00 0 
7f4c3e157000-7f4c3e18d000 rw-p 00000000 00:00 0 
7f4c3e38f000-7f4c3e392000 ---p 00000000 00:00 0 
7f4c3e392000-7f4c3e3c8000 rw-p 00000000 00:00 0 
7f4c3e3c8000-7f4c3e3cb000 ---p 00000000 00:00 0 
7f4c3e3cb000-7f4c3e4c9000 rw-p 00000000 00:00 0 
7f4c3e4c9000-7f4c3e4cc000 ---p 00000000 00:00 0 
7f4c3e4cc000-7f4c3e5ca000 rw-p 00000000 00:00 0 
7f4c3e5ca000-7f4c3e5cd000 ---p 00000000 00:00 0 
7f4c3e5cd000-7f4c3e603000 rw-p 00000000 00:00 0 
7f4c3eb08000-7f4c3eb0b000 ---p 00000000 00:00 0 
7f4c3eb0b000-7f4c3ec09000 rw-p 00000000 00:00 0 
7f4c3ec09000-7f4c3ec0c000 ---p 00000000 00:00 0 
7f4c3ec0c000-7f4c3ed0a000 rw-p 00000000 00:00 0 
7f4c3ed0a000-7f4c3ed0d000 ---p 00000000 00:00 0 
7f4c3ed0d000-7f4c3ed43000 rw-p 00000000 00:00 0 
7f4c3f24a000-7f4c3f44a000 rw-p 00000000 00:00 0 
7f4c3f44a000-7f4c3f44d000 ---p 00000000 00:00 0 
7f4c3f44d000-7f4c3f483000 rw-p 00000000 00:00 0 
7f4c3f483000-7f4c3f486000 ---p 00000000 00:00 0 
7f4c3f486000-7f4c3f584000 rw-p 00000000 00:00 0 
7f4c3f584000-7f4c3f587000 ---p 00000000 00:00 0 
7f4c3f587000-7f4c3f685000 rw-p 00000000 00:00 0 
7f4c3f685000-7f4c3f688000 ---p 00000000 00:00 0 
7f4c3f688000-7f4c3f6be000 rw-p 00000000 00:00 0 
7f4c3f6be000-7f4c3f6c1000 ---p 00000000 00:00 0 
7f4c3f6c1000-7f4c3f7bf000 rw-p 00000000 00:00 0 
7f4c3f7bf000-7f4c3f7c2000 ---p 00000000 00:00 0 
7f4c3f7c2000-7f4c3f8c0000 rw-p 00000000 00:00 0 
7f4c3f8c0000-7f4c3f8c3000 ---p 00000000 00:00 0 
7f4c3f8c3000-7f4c3f8f9000 rw-p 00000000 00:00 0 
7f4c3f8f9000-7f4c3f8fc000 ---p 00000000 00:00 0 
7f4c3f8fc000-7f4c3f9fa000 rw-p 00000000 00:00 0 
7f4c3fafb000-7f4c3fafe000 ---p 00000000 00:00 0 
7f4c3fafe000-7f4c3fbfc000 rw-p 00000000 00:00 0 
7f4c3fbfc000-7f4c3fbff000 ---p 00000000 00:00 0 
7f4c3fbff000-7f4c3fcfd000 rw-p 00000000 00:00 0 
7f4c3fe00000-7f4c40000000 rw-p 00000000 00:00 0 
7f4c40000000-7f4c40021000 rw-p 00000000 00:00 0 
7f4c40021000-7f4c44000000 ---p 00000000 00:00 0 
7f4c44000000-7f4c44021000 rw-p 00000000 00:00 0 
7f4c44021000-7f4c48000000 ---p 00000000 00:00 0 
7f4c48000000-7f4c48213000 rw-p 00000000 00:00 0 
7f4c48213000-7f4c4c000000 ---p 00000000 00:00 0 
7f4c4c000000-7f4c4c021000 rw-p 00000000 00:00 0 
7f4c4c021000-7f4c50000000 ---p 00000000 00:00 0 
7f4c50000000-7f4c5002c000 rw-p 00000000 00:00 0 
7f4c5002c000-7f4c54000000 ---p 00000000 00:00 0 
7f4c54000000-7f4c54021000 rw-p 00000000 00:00 0 
7f4c54021000-7f4c58000000 ---p 00000000 00:00 0 
7f4c58000000-7f4c58021000 rw-p 00000000 00:00 0 
7f4c58021000-7f4c5c000000 ---p 00000000 00:00 0 
7f4c5c000000-7f4c5c115000 rw-p 00000000 00:00 0 
7f4c5c115000-7f4c60000000 ---p 00000000 00:00 0 
7f4c60000000-7f4c60021000 rw-p 00000000 00:00 0 
7f4c60021000-7f4c64000000 ---p 00000000 00:00 0 
7f4c64000000-7f4c640a4000 rw-p 00000000 00:00 0 
7f4c640a4000-7f4c68000000 ---p 00000000 00:00 0 
7f4c68000000-7f4c68021000 rw-p 00000000 00:00 0 
7f4c68021000-7f4c6c000000 ---p 00000000 00:00 0 
7f4c6c000000-7f4c6d3f1000 rw-p 00000000 00:00 0 
7f4c6d3f1000-7f4c70000000 ---p 00000000 00:00 0 
7f4c70028000-7f4c7002b000 ---p 00000000 00:00 0 
7f4c7002b000-7f4c70061000 rw-p 00000000 00:00 0 
7f4c70061000-7f4c70064000 ---p 00000000 00:00 0 
7f4c70064000-7f4c7009a000 rw-p 00000000 00:00 0 
7f4c7009a000-7f4c7009d000 ---p 00000000 00:00 0 
7f4c7009d000-7f4c7019b000 rw-p 00000000 00:00 0 
7f4c7019b000-7f4c7019e000 ---p 00000000 00:00 0 
7f4c7019e000-7f4c7029c000 rw-p 00000000 00:00 0 
7f4c7029c000-7f4c7029f000 ---p 00000000 00:00 0 
7f4c7029f000-7f4c7039d000 rw-p 00000000 00:00 0 
7f4c7039f000-7f4c7059f000 rw-p 00000000 00:00 0 
7f4c706a2000-7f4c708a2000 rw-p 00000000 00:00 0 
7f4c708a2000-7f4c708a5000 ---p 00000000 00:00 0 
7f4c708a5000-7f4c709a3000 rw-p 00000000 00:00 0 
7f4c709a3000-7f4c709a6000 ---p 00000000 00:00 0 
7f4c709a6000-7f4c70aa4000 rw-p 00000000 00:00 0 
7f4c70aa6000-7f4c70ca6000 rw-p 00000000 00:00 0 
7f4c70ca6000-7f4c70ca9000 ---p 00000000 00:00 0 
7f4c70ca9000-7f4c70cdf000 rw-p 00000000 00:00 0 
7f4c70cdf000-7f4c70ce2000 ---p 00000000 00:00 0 
7f4c70ce2000-7f4c70d18000 rw-p 00000000 00:00 0 
7f4c70d18000-7f4c70d1b000 ---p 00000000 00:00 0 
7f4c70d1b000-7f4c70d51000 rw-p 00000000 00:00 0 
7f4c70d51000-7f4c70d54000 ---p 00000000 00:00 0 
7f4c70d54000-7f4c70d8a000 rw-p 00000000 00:00 0 
7f4c70d8a000-7f4c70d8d000 ---p 00000000 00:00 0 
7f4c70d8d000-7f4c70e8b000 rw-p 00000000 00:00 0 
7f4c70e95000-7f4c70e96000 rw-p 00000000 00:00 0 
7f4c70e96000-7f4c70f8e000 r--s 009c6000 08:02 4515430                    /home/ankit/Desktop/Evento/app/build/intermediates/transforms/jarMerging/debug/jars/1/1f/combined.jar
7f4c70f8e000-7f4c7118e000 rw-p 00000000 00:00 0 
7f4c7118e000-7f4c71191000 ---p 00000000 00:00 0 
7f4c71191000-7f4c7128f000 rw-p 00000000 00:00 0 
7f4c7128f000-7f4c71292000 ---p 00000000 00:00 0 
7f4c71292000-7f4c71390000 rw-p 00000000 00:00 0 
7f4c71390000-7f4c71393000 ---p 00000000 00:00 0 
7f4c71393000-7f4c71491000 rw-p 00000000 00:00 0 
7f4c71491000-7f4c71494000 ---p 00000000 00:00 0 
7f4c71494000-7f4c71592000 rw-p 00000000 00:00 0 
7f4c71592000-7f4c71595000 ---p 00000000 00:00 0 
7f4c71595000-7f4c71693000 rw-p 00000000 00:00 0 
7f4c71693000-7f4c71696000 ---p 00000000 00:00 0 
7f4c71696000-7f4c71994000 rw-p 00000000 00:00 0 
7f4c71994000-7f4c71b94000 rw-p 00000000 00:00 0 
7f4c71b94000-7f4c71d94000 rw-p 00000000 00:00 0 
7f4c71d94000-7f4c71f94000 rw-p 00000000 00:00 0 
7f4c71f94000-7f4c72194000 rw-p 00000000 00:00 0 
7f4c72194000-7f4c72394000 rw-p 00000000 00:00 0 
7f4c72394000-7f4c723a7000 r--s 00345000 08:02 182681                     /usr/lib/jvm/java-8-oracle/jre/lib/resources.jar
7f4c723a7000-7f4c725a7000 rw-p 00000000 00:00 0 
7f4c725a7000-7f4c727a7000 rw-p 00000000 00:00 0 
7f4c727a7000-7f4c729a7000 rw-p 00000000 00:00 0 
7f4c729a7000-7f4c72ba7000 rw-p 00000000 00:00 0 
7f4c72ba7000-7f4c72da7000 rw-p 00000000 00:00 0 
7f4c72da7000-7f4c72dd2000 r--s 001fc000 08:02 3802331                    /home/ankit/Downloads/android-studio/gradle/m2repository/com/google/guava/guava/18.0/guava-18.0.jar
7f4c72dd2000-7f4c72dd3000 r--s 00001000 08:02 3877617                    /home/ankit/Downloads/android-studio/gradle/m2repository/com/android/tools/annotations/25.2.0/annotations-25.2.0.jar
7f4c72dd3000-7f4c72de5000 r--s 000b3000 08:02 3989804                    /home/ankit/Downloads/android-studio/gradle/m2repository/com/android/tools/external/com-intellij/uast/145.597.3/uast-145.597.3.jar
7f4c72de5000-7f4c72ded000 r--s 000a8000 08:02 3753715                    /home/ankit/Downloads/android-studio/gradle/m2repository/com/android/tools/external/lombok/lombok-ast/0.2.3/lombok-ast-0.2.3.jar
7f4c72ded000-7f4c72def000 r--s 0000d000 08:02 3760231                    /home/ankit/Downloads/android-studio/gradle/m2repository/commons-codec/commons-codec/1.4/commons-codec-1.4.jar
7f4c72def000-7f4c72df1000 r--s 0000d000 08:02 3540543                    /home/ankit/Downloads/android-studio/gradle/m2repository/commons-logging/commons-logging/1.1.1/commons-logging-1.1.1.jar
7f4c72df1000-7f4c72df6000 r--s 00028000 08:02 3753367                    /home/ankit/Downloads/android-studio/gradle/m2repository/org/apache/httpcomponents/httpcore/4.1/httpcore-4.1.jar
7f4c72df6000-7f4c72dfa000 r--s 0002f000 08:02 3845228                    /home/ankit/Downloads/android-studio/gradle/m2repository/com/google/jimfs/jimfs/1.1/jimfs-1.1.jar
7f4c72dfa000-7f4c72dfb000 r--s 00004000 08:02 3753443                    /home/ankit/Downloads/android-studio/gradle/m2repository/com/intellij/annotations/12.0/annotations-12.0.jar
7f4c72dfb000-7f4c72dfc000 r--s 00004000 08:02 3713300                    /home/ankit/Downloads/android-studio/gradle/m2repository/org/ow2/asm/asm-analysis/5.0.4/asm-analysis-5.0.4.jar
7f4c72dfc000-7f4c72e00000 r--s 0003b000 08:02 4017281                    /home/ankit/Downloads/android-studio/gradle/m2repository/com/android/tools/lint/lint-api/25.2.0/lint-api-25.2.0.jar
7f4c72e00000-7f4c72e01000 r--s 0000a000 08:02 3760193                    /home/ankit/Downloads/android-studio/gradle/m2repository/net/sf/kxml/kxml2/2.3.0/kxml2-2.3.0.jar
7f4c72e01000-7f4c72e03000 r--s 00005000 08:02 3753358                    /home/ankit/Downloads/android-studio/gradle/m2repository/org/apache/httpcomponents/httpmime/4.1/httpmime-4.1.jar
7f4c72e03000-7f4c72e0b000 r--s 0004e000 08:02 3753378                    /home/ankit/Downloads/android-studio/gradle/m2repository/org/apache/httpcomponents/httpclient/4.1.1/httpclient-4.1.1.jar
7f4c72e0b000-7f4c72e12000 r--s 00053000 08:02 3753390                    /home/ankit/Downloads/android-studio/gradle/m2repository/org/apache/commons/commons-compress/1.8.1/commons-compress-1.8.1.jar
7f4c72e12000-7f4c72e17000 r--s 0002a000 08:02 3753476                    /home/ankit/Downloads/android-studio/gradle/m2repository/com/google/code/gson/gson/2.2.4/gson-2.2.4.jar
7f4c72e17000-7f4c72e1c000 r--s 0002d000 08:02 4000509                    /home/ankit/Downloads/android-studio/gradle/m2repository/com/android/tools/repository/25.2.0/repository-25.2.0.jar
7f4c72e1c000-7f4c72e1d000 r--s 00005000 08:02 3941528                    /home/ankit/Downloads/android-studio/gradle/m2repository/com/android/tools/dvlib/25.2.0/dvlib-25.2.0.jar
7f4c72e1d000-7f4c72e20000 r--s 00014000 08:02 3835823                    /home/ankit/Downloads/android-studio/gradle/m2repository/com/android/tools/layoutlib/layoutlib-api/25.2.0/layoutlib-api-25.2.0.jar
7f4c72e20000-7f4c72e25000 r--s 00058000 08:02 3631976                    /home/ankit/Downloads/android-studio/gradle/m2repository/org/ow2/asm/asm-debug-all/5.0.1/asm-debug-all-5.0.1.jar
7f4c72e25000-7f4c72e35000 r--s 000d6000 08:02 3760205                    /home/ankit/Downloads/android-studio/gradle/m2repository/net/sf/proguard/proguard-base/5.2.1/proguard-base-5.2.1.jar
7f4c72e35000-7f4c72e39000 r--s 0002a000 08:02 3506651                    /home/ankit/Downloads/android-studio/gradle/m2repository/commons-io/commons-io/2.4/commons-io-2.4.jar
7f4c72e39000-7f4c72e50000 r--s 00154000 08:02 3787896                    /home/ankit/Downloads/android-studio/gradle/m2repository/org/antlr/antlr4/4.5.3/antlr4-4.5.3.jar
7f4c72e50000-7f4c73050000 rw-p 00000000 00:00 0 
7f4c73050000-7f4c73053000 ---p 00000000 00:00 0 
7f4c73053000-7f4c73351000 rw-p 00000000 00:00 0 
7f4c73351000-7f4c73551000 rw-p 00000000 00:00 0 
7f4c73551000-7f4c73554000 r--s 00033000 08:02 3753450                    /home/ankit/Downloads/android-studio/gradle/m2repository/com/googlecode/juniversalchardet/juniversalchardet/1.0.3/juniversalchardet-1.0.3.jar
7f4c73554000-7f4c73555000 r--s 00002000 08:02 3845251                    /home/ankit/Downloads/android-studio/gradle/m2repository/com/android/databinding/baseLibrary/2.2.0/baseLibrary-2.2.0.jar
7f4c73555000-7f4c73568000 r--s 00236000 08:02 3779712                    /home/ankit/Downloads/android-studio/gradle/m2repository/org/eclipse/jdt/core/compiler/ecj/4.5.1/ecj-4.5.1.jar
7f4c73568000-7f4c7356f000 r--s 000c3000 08:02 3927174                    /home/ankit/Downloads/android-studio/gradle/m2repository/com/android/tools/lint/lint-checks/25.2.0/lint-checks-25.2.0.jar
7f4c7356f000-7f4c73571000 r--s 00006000 08:02 3754422                    /home/ankit/Downloads/android-studio/gradle/m2repository/org/ow2/asm/asm-tree/5.0.4/asm-tree-5.0.4.jar
7f4c73571000-7f4c735a4000 r--s 00203000 08:02 3753331                    /home/ankit/Downloads/android-studio/gradle/m2repository/org/bouncycastle/bcprov-jdk15on/1.48/bcprov-jdk15on-1.48.jar
7f4c735a4000-7f4c735b2000 r--s 00081000 08:02 3753336                    /home/ankit/Downloads/android-studio/gradle/m2repository/org/bouncycastle/bcpkix-jdk15on/1.48/bcpkix-jdk15on-1.48.jar
7f4c735b2000-7f4c735b4000 r--s 00002000 08:02 3753458                    /home/ankit/Downloads/android-studio/gradle/m2repository/com/squareup/javawriter/2.5.0/javawriter-2.5.0.jar
7f4c735b4000-7f4c735b5000 r--s 00002000 08:02 4009078                    /home/ankit/Downloads/android-studio/gradle/m2repository/com/android/tools/analytics-library/tracker/25.2.0/tracker-25.2.0.jar
7f4c735b5000-7f4c735b7000 r--s 00003000 08:02 4009086                    /home/ankit/Downloads/android-studio/gradle/m2repository/com/android/tools/analytics-library/shared/25.2.0/shared-25.2.0.jar
7f4c735b7000-7f4c735c4000 r--s 000ed000 08:02 4009082                    /home/ankit/Downloads/android-studio/gradle/m2repository/com/android/tools/analytics-library/protos/25.2.0/protos-25.2.0.jar
7f4c735c4000-7f4c735c5000 r--s 00001000 08:02 3753578                    /home/ankit/Downloads/android-studio/gradle/m2repository/com/android/tools/jill/jill-api/0.10.0/jill-api-0.10.0.jar
7f4c735c5000-7f4c735c7000 r--s 00003000 08:02 4024806                    /home/ankit/Downloads/android-studio/gradle/m2repository/com/android/tools/jack/jack-api/0.11.0/jack-api-0.11.0.jar
7f4c735c7000-7f4c735cc000 r--s 0004a000 08:02 3918754                    /home/ankit/Downloads/android-studio/gradle/m2repository/com/android/tools/ddms/ddmlib/25.2.0/ddmlib-25.2.0.jar
7f4c735cc000-7f4c735cf000 r--s 00021000 08:02 3910779                    /home/ankit/Downloads/android-studio/gradle/m2repository/com/android/tools/build/manifest-merger/25.2.0/manifest-merger-25.2.0.jar
7f4c735cf000-7f4c735d1000 r--s 0001c000 08:02 4031682                    /home/ankit/Downloads/android-studio/gradle/m2repository/com/android/tools/common/25.2.0/common-25.2.0.jar
7f4c735d1000-7f4c735da000 r--s 00083000 08:02 3885105                    /home/ankit/Downloads/android-studio/gradle/m2repository/com/android/tools/sdk-common/25.2.0/sdk-common-25.2.0.jar
7f4c735da000-7f4c735e5000 r--s 0008e000 08:02 4024802                    /home/ankit/Downloads/android-studio/gradle/m2repository/com/android/tools/sdklib/25.2.0/sdklib-25.2.0.jar
7f4c735e5000-7f4c735e6000 r--s 00002000 08:02 3894391                    /home/ankit/Downloads/android-studio/gradle/m2repository/com/android/tools/build/builder-test-api/2.2.0/builder-test-api-2.2.0.jar
7f4c735e6000-7f4c735e9000 r--s 00005000 08:02 3754438                    /home/ankit/Downloads/android-studio/gradle/m2repository/com/android/tools/build/builder-model/2.2.0/builder-model-2.2.0.jar
7f4c735e9000-7f4c735f1000 r--s 0007b000 08:02 3819714                    /home/ankit/Downloads/android-studio/gradle/m2repository/com/google/protobuf/protobuf-java/2.5.0/protobuf-java-2.5.0.jar
7f4c735f1000-7f4c735f3000 r--s 0000f000 08:02 4041488                    /home/ankit/Downloads/android-studio/gradle/m2repository/net/sf/jopt-simple/jopt-simple/4.9/jopt-simple-4.9.jar
7f4c735f3000-7f4c735f7000 r--s 0001f000 08:02 3795671                    /home/ankit/Downloads/android-studio/gradle/m2repository/org/jacoco/org.jacoco.report/0.7.5.201505241946/org.jacoco.report-0.7.5.201505241946.jar
7f4c735f7000-7f4c735fb000 r--s 0001d000 08:02 3787900                    /home/ankit/Downloads/android-studio/gradle/m2repository/org/jacoco/org.jacoco.core/0.7.5.201505241946/org.jacoco.core-0.7.5.201505241946.jar
7f4c735fb000-7f4c735fc000 r--s 00002000 08:02 3760221                    /home/ankit/Downloads/android-studio/gradle/m2repository/net/sf/proguard/proguard-gradle/5.2.1/proguard-gradle-5.2.1.jar
7f4c735fc000-7f4c735fe000 r--s 00009000 08:02 3779703                    /home/ankit/Downloads/android-studio/gradle/m2repository/org/ow2/asm/asm-commons/5.0.4/asm-commons-5.0.4.jar
7f4c735fe000-7f4c737fe000 rw-p 00000000 00:00 0 
7f4c737fe000-7f4c739fe000 rw-p 00000000 00:00 0 
7f4c739fe000-7f4c73bfe000 rw-p 00000000 00:00 0 
7f4c73bfe000-7f4c73dfe000 rw-p 00000000 00:00 0 
7f4c73dfe000-7f4c73e01000 ---p 00000000 00:00 0 
7f4c73e01000-7f4c73eff000 rw-p 00000000 00:00 0 
7f4c73eff000-7f4c73f02000 ---p 00000000 00:00 0 
7f4c73f02000-7f4c74000000 rw-p 00000000 00:00 0 
7f4c74000000-7f4c74021000 rw-p 00000000 00:00 0 
7f4c74021000-7f4c78000000 ---p 00000000 00:00 0 
7f4c78000000-7f4c78021000 rw-p 00000000 00:00 0 
7f4c78021000-7f4c7c000000 ---p 00000000 00:00 0 
7f4c7c000000-7f4c7c073000 rw-p 00000000 00:00 0 
7f4c7c073000-7f4c80000000 ---p 00000000 00:00 0 
7f4c80000000-7f4c80021000 rw-p 00000000 00:00 0 
7f4c80021000-7f4c84000000 ---p 00000000 00:00 0 
7f4c84000000-7f4c84021000 rw-p 00000000 00:00 0 
7f4c84021000-7f4c88000000 ---p 00000000 00:00 0 
7f4c88000000-7f4c8828d000 rw-p 00000000 00:00 0 
7f4c8828d000-7f4c8c000000 ---p 00000000 00:00 0 
7f4c8c000000-7f4c8cefe000 rw-p 00000000 00:00 0 
7f4c8cefe000-7f4c90000000 ---p 00000000 00:00 0 
7f4c90000000-7f4c90021000 rw-p 00000000 00:00 0 
7f4c90021000-7f4c94000000 ---p 00000000 00:00 0 
7f4c94000000-7f4c960e1000 rw-p 00000000 00:00 0 
7f4c960e1000-7f4c98000000 ---p 00000000 00:00 0 
7f4c98000000-7f4c99e27000 rw-p 00000000 00:00 0 
7f4c99e27000-7f4c9c000000 ---p 00000000 00:00 0 
7f4c9c000000-7f4c9c021000 rw-p 00000000 00:00 0 
7f4c9c021000-7f4ca0000000 ---p 00000000 00:00 0 
7f4ca0000000-7f4ca0021000 rw-p 00000000 00:00 0 
7f4ca0021000-7f4ca4000000 ---p 00000000 00:00 0 
7f4ca4000000-7f4ca42ef000 rw-p 00000000 00:00 0 
7f4ca42ef000-7f4ca8000000 ---p 00000000 00:00 0 
7f4ca8000000-7f4ca8021000 rw-p 00000000 00:00 0 
7f4ca8021000-7f4cac000000 ---p 00000000 00:00 0 
7f4cac000000-7f4cac13b000 rw-p 00000000 00:00 0 
7f4cac13b000-7f4cb0000000 ---p 00000000 00:00 0 
7f4cb0000000-7f4cb012b000 rw-p 00000000 00:00 0 
7f4cb012b000-7f4cb4000000 ---p 00000000 00:00 0 
7f4cb4000000-7f4cb415a000 rw-p 00000000 00:00 0 
7f4cb415a000-7f4cb8000000 ---p 00000000 00:00 0 
7f4cb8000000-7f4cb8002000 r--s 0000c000 08:02 3779709                    /home/ankit/Downloads/android-studio/gradle/m2repository/org/ow2/asm/asm/5.0.4/asm-5.0.4.jar
7f4cb8002000-7f4cb8006000 r--s 0002b000 08:02 3853442                    /home/ankit/Downloads/android-studio/gradle/m2repository/com/android/databinding/compilerCommon/2.2.0/compilerCommon-2.2.0.jar
7f4cb8006000-7f4cb8007000 r--s 00002000 08:02 3894401                    /home/ankit/Downloads/android-studio/gradle/m2repository/com/android/tools/build/gradle-api/2.2.0/gradle-api-2.2.0.jar
7f4cb8007000-7f4cb8008000 r--s 00000000 08:02 3753573                    /home/ankit/Downloads/android-studio/gradle/m2repository/com/android/tools/build/transform-api/2.0.0-deprecated-use-gradle-api/transform-api-2.0.0-deprecated-use-gradle-api.jar
7f4cb8008000-7f4cb800d000 r--s 00053000 08:02 4017271                    /home/ankit/Downloads/android-studio/gradle/m2repository/com/android/tools/lint/lint/25.2.0/lint-25.2.0.jar
7f4cb800d000-7f4cb8024000 r--s 0015d000 08:02 3885097                    /home/ankit/Downloads/android-studio/gradle/m2repository/com/android/tools/build/builder/2.2.0/builder-2.2.0.jar
7f4cb8024000-7f4cb8041000 r--s 0019c000 08:02 3910782                    /home/ankit/Downloads/android-studio/gradle/m2repository/com/android/tools/build/gradle-core/2.2.0/gradle-core-2.2.0.jar
7f4cb8041000-7f4cb8043000 r--s 0000d000 08:02 3802336                    /home/ankit/Downloads/android-studio/gradle/m2repository/com/android/tools/build/gradle/2.2.0/gradle-2.2.0.jar
7f4cb8043000-7f4cb8046000 ---p 00000000 00:00 0 
7f4cb8046000-7f4cb807c000 rw-p 00000000 00:00 0 
7f4cb807c000-7f4cb807d000 r--p 00000000 00:00 0 
7f4cb807d000-7f4cb80f5000 r--s 010e6000 08:02 158507                     /usr/lib/jvm/java-8-oracle/lib/tools.jar
7f4cb80f5000-7f4cb80f8000 ---p 00000000 00:00 0 
7f4cb80f8000-7f4cb81f6000 rw-p 00000000 00:00 0 
7f4cb81f6000-7f4cb81f9000 ---p 00000000 00:00 0 
7f4cb81f9000-7f4cb82f7000 rw-p 00000000 00:00 0 
7f4cb82f7000-7f4cb82fa000 ---p 00000000 00:00 0 
7f4cb82fa000-7f4cb83f8000 rw-p 00000000 00:00 0 
7f4cb83f8000-7f4cb83fb000 ---p 00000000 00:00 0 
7f4cb83fb000-7f4cb84f9000 rw-p 00000000 00:00 0 
7f4cb84f9000-7f4cb8500000 r--s 00000000 08:02 109538                     /usr/lib/x86_64-linux-gnu/gconv/gconv-modules.cache
7f4cb8500000-7f4cb8700000 rw-p 00000000 00:00 0 
7f4cb8700000-7f4cb8703000 ---p 00000000 00:00 0 
7f4cb8703000-7f4cb8801000 rw-p 00000000 00:00 0 
7f4cb8801000-7f4cb8804000 ---p 00000000 00:00 0 
7f4cb8804000-7f4cb8902000 rw-p 00000000 00:00 0 
7f4cb8902000-7f4cb890b000 r-xp 00000000 08:02 200010                     /usr/lib/jvm/java-8-oracle/jre/lib/amd64/libmanagement.so
7f4cb890b000-7f4cb8b0a000 ---p 00009000 08:02 200010                     /usr/lib/jvm/java-8-oracle/jre/lib/amd64/libmanagement.so
7f4cb8b0a000-7f4cb8b0b000 rw-p 00008000 08:02 200010                     /usr/lib/jvm/java-8-oracle/jre/lib/amd64/libmanagement.so
7f4cb8b0b000-7f4cb8b0f000 r--s 00097000 08:02 182569                     /usr/lib/jvm/java-8-oracle/jre/lib/jsse.jar
7f4cb8b0f000-7f4cb8b11000 r--s 00007000 08:02 3402085                    /home/ankit/Downloads/android-studio/gradle/gradle-2.14.1/lib/plugins/gradle-tooling-api-builders-2.14.1.jar
7f4cb8b11000-7f4cb8b14000 r--s 00008000 08:02 3402081                    /home/ankit/Downloads/android-studio/gradle/gradle-2.14.1/lib/plugins/gradle-testing-native-2.14.1.jar
7f4cb8b14000-7f4cb8b16000 r--s 00009000 08:02 3402371                    /home/ankit/Downloads/android-studio/gradle/gradle-2.14.1/lib/plugins/hamcrest-core-1.3.jar
7f4cb8b16000-7f4cb8b1c000 r--s 00033000 08:02 3402325                    /home/ankit/Downloads/android-studio/gradle/gradle-2.14.1/lib/plugins/snakeyaml-1.6.jar
7f4cb8b1c000-7f4cb8b1e000 r--s 00006000 08:02 3402336                    /home/ankit/Downloads/android-studio/gradle/gradle-2.14.1/lib/plugins/jcommander-1.12.jar
7f4cb8b1e000-7f4cb8b23000 r--s 00040000 08:02 3402324                    /home/ankit/Downloads/android-studio/gradle/gradle-2.14.1/lib/plugins/bsh-2.0b4.jar
7f4cb8b23000-7f4cb8b2c000 r--s 00089000 08:02 3402339                    /home/ankit/Downloads/android-studio/gradle/gradle-2.14.1/lib/plugins/testng-6.3.1.jar
7f4cb8b2c000-7f4cb8b34000 r--s 00045000 08:02 3402343                    /home/ankit/Downloads/android-studio/gradle/gradle-2.14.1/lib/plugins/junit-4.12.jar
7f4cb8b34000-7f4cb8b3a000 r--s 0002e000 08:02 3402091                    /home/ankit/Downloads/android-studio/gradle/gradle-2.14.1/lib/plugins/gradle-testing-jvm-2.14.1.jar
7f4cb8b3a000-7f4cb8b3f000 r--s 00015000 08:02 3402095                    /home/ankit/Downloads/android-studio/gradle/gradle-2.14.1/lib/plugins/gradle-testing-base-2.14.1.jar
7f4cb8b3f000-7f4cb8b40000 r--s 00002000 08:02 3402342                    /home/ankit/Downloads/android-studio/gradle/gradle-2.14.1/lib/plugins/sonar-batch-bootstrapper-2.9.jar
7f4cb8b40000-7f4cb8b43000 r--s 00015000 08:02 3402090                    /home/ankit/Downloads/android-studio/gradle/gradle-2.14.1/lib/plugins/gradle-sonar-2.14.1.jar
7f4cb8b43000-7f4cb8b4a000 r--s 00038000 08:02 3402356                    /home/ankit/Downloads/android-studio/gradle/gradle-2.14.1/lib/plugins/bcpg-jdk15on-1.51.jar
7f4cb8b4a000-7f4cb8b4c000 r--s 0000d000 08:02 3402293                    /home/ankit/Downloads/android-studio/gradle/gradle-2.14.1/lib/plugins/gradle-signing-2.14.1.jar
7f4cb8b4c000-7f4cb8b4f000 r--s 00009000 08:02 3402099                    /home/ankit/Downloads/android-studio/gradle/gradle-2.14.1/lib/plugins/gradle-scala-2.14.1.jar
7f4cb8b4f000-7f4cb8b50000 r--s 00004000 08:02 3402295                    /home/ankit/Downloads/android-studio/gradle/gradle-2.14.1/lib/plugins/gradle-resources-sftp-2.14.1.jar
7f4cb8b50000-7f4cb8b60000 r--s 00088000 08:02 3402329                    /home/ankit/Downloads/android-studio/gradle/gradle-2.14.1/lib/plugins/joda-time-2.8.2.jar
7f4cb8b60000-7f4cb8b71000 r--s 000cf000 08:02 3402375                    /home/ankit/Downloads/android-studio/gradle/gradle-2.14.1/lib/plugins/jackson-databind-2.3.2.jar
7f4cb8b71000-7f4cb8b73000 r--s 00007000 08:02 3402352                    /home/ankit/Downloads/android-studio/gradle/gradle-2.14.1/lib/plugins/jackson-annotations-2.3.2.jar
7f4cb8b73000-7f4cb8b76000 r--s 0002e000 08:02 3402358                    /home/ankit/Downloads/android-studio/gradle/gradle-2.14.1/lib/plugins/jackson-core-2.3.2.jar
7f4cb8b76000-7f4cb8b81000 r--s 0006b000 08:02 3402381                    /home/ankit/Downloads/android-studio/gradle/gradle-2.14.1/lib/plugins/aws-java-sdk-core-1.9.19.jar
7f4cb8b81000-7f4cb8b87000 r--s 00036000 08:02 3402351                    /home/ankit/Downloads/android-studio/gradle/gradle-2.14.1/lib/plugins/aws-java-sdk-kms-1.9.19.jar
7f4cb8b87000-7f4cb8b92000 r--s 00079000 08:02 3402341                    /home/ankit/Downloads/android-studio/gradle/gradle-2.14.1/lib/plugins/aws-java-sdk-s3-1.9.19.jar
7f4cb8b92000-7f4cb8b93000 r--s 00003000 08:02 3402305                    /home/ankit/Downloads/android-studio/gradle/gradle-2.14.1/lib/plugins/gradle-resources-s3-2.14.1.jar
7f4cb8b93000-7f4cb8b95000 r--s 00005000 08:02 3402370                    /home/ankit/Downloads/android-studio/gradle/gradle-2.14.1/lib/plugins/jatl-0.2.2.jar
7f4cb8b95000-7f4cb8b97000 r--s 0000f000 08:02 3402311                    /home/ankit/Downloads/android-studio/gradle/gradle-2.14.1/lib/plugins/gradle-reporting-2.14.1.jar
7f4cb8b97000-7f4cb8b99000 r--s 00002000 08:02 3402252                    /home/ankit/Downloads/android-studio/gradle/gradle-2.14.1/lib/plugins/gradle-publish-2.14.1.jar
7f4cb8b99000-7f4cb8b9b000 r--s 00009000 08:02 3402334                    /home/ankit/Downloads/android-studio/gradle/gradle-2.14.1/lib/plugins/commons-cli-1.2.jar
7f4cb8b9b000-7f4cb8ba1000 r--s 00033000 08:02 3402098                    /home/ankit/Downloads/android-studio/gradle/gradle-2.14.1/lib/plugins/gradle-plugins-2.14.1.jar
7f4cb8ba1000-7f4cb8ba3000 r--s 00007000 08:02 3402083                    /home/ankit/Downloads/android-studio/gradle/gradle-2.14.1/lib/plugins/gradle-plugin-development-2.14.1.jar
7f4cb8ba3000-7f4cb8ba9000 r--s 0002a000 08:02 3402292                    /home/ankit/Downloads/android-studio/gradle/gradle-2.14.1/lib/plugins/gradle-platform-play-2.14.1.jar
7f4cb8ba9000-7f4cb8bb6000 r--s 0004d000 08:02 3402291                    /home/ankit/Downloads/android-studio/gradle/gradle-2.14.1/lib/plugins/gradle-platform-native-2.14.1.jar
7f4cb8bb6000-7f4cb8bba000 r--s 0001a000 08:02 3402304                    /home/ankit/Downloads/android-studio/gradle/gradle-2.14.1/lib/plugins/gradle-platform-jvm-2.14.1.jar
7f4cb8bba000-7f4cb8bc1000 r--s 00029000 08:02 3402097                    /home/ankit/Downloads/android-studio/gradle/gradle-2.14.1/lib/plugins/gradle-platform-base-2.14.1.jar
7f4cb8bc1000-7f4cb8be2000 r--s 001c3000 08:02 3402322                    /home/ankit/Downloads/android-studio/gradle/gradle-2.14.1/lib/plugins/bndlib-2.4.0.jar
7f4cb8be2000-7f4cb8be4000 r--s 00003000 08:02 3402306                    /home/ankit/Downloads/android-studio/gradle/gradle-2.14.1/lib/plugins/gradle-osgi-2.14.1.jar
7f4cb8be4000-7f4cb8be7000 r--s 0000c000 08:02 3402378                    /home/ankit/Downloads/android-studio/gradle/gradle-2.14.1/lib/plugins/pmaven-groovy-0.8-20100325.jar
7f4cb8be7000-7f4cb8be8000 r--s 00004000 08:02 3402369                    /home/ankit/Downloads/android-studio/gradle/gradle-2.14.1/lib/plugins/pmaven-common-0.8-20100325.jar
7f4cb8be8000-7f4cb8bee000 r--s 00022000 08:02 3402096                    /home/ankit/Downloads/android-studio/gradle/gradle-2.14.1/lib/plugins/gradle-maven-2.14.1.jar
7f4cb8bee000-7f4cb8bf0000 r--s 0000a000 08:02 3402088                    /home/ankit/Downloads/android-studio/gradle/gradle-2.14.1/lib/plugins/gradle-language-scala-2.14.1.jar
7f4cb8bf0000-7f4cb8bf6000 r--s 0001a000 08:02 3402092                    /home/ankit/Downloads/android-studio/gradle/gradle-2.14.1/lib/plugins/gradle-language-native-2.14.1.jar
7f4cb8bf6000-7f4cb8bf8000 r--s 00008000 08:02 3402084                    /home/ankit/Downloads/android-studio/gradle/gradle-2.14.1/lib/plugins/gradle-language-jvm-2.14.1.jar
7f4cb8bf8000-7f4cb8bfe000 r--s 00024000 08:02 3402300                    /home/ankit/Downloads/android-studio/gradle/gradle-2.14.1/lib/plugins/gradle-language-java-2.14.1.jar
7f4cb8bfe000-7f4cb8c00000 r--s 0000a000 08:02 3402290                    /home/ankit/Downloads/android-studio/gradle/gradle-2.14.1/lib/plugins/gradle-language-groovy-2.14.1.jar
7f4cb8c00000-7f4cb8c03000 r--s 0001e000 08:02 3402319                    /home/ankit/Downloads/android-studio/gradle/gradle-2.14.1/lib/plugins/jsp-api-2.1-6.1.14.jar
7f4cb8c03000-7f4cb8c26000 r--s 00344000 08:02 3402353                    /home/ankit/Downloads/android-studio/gradle/gradle-2.14.1/lib/plugins/core-3.1.1.jar
7f4cb8c26000-7f4cb8c27000 r--s 00006000 08:02 3402376                    /home/ankit/Downloads/android-studio/gradle/gradle-2.14.1/lib/plugins/jetty-naming-6.1.25.jar
7f4cb8c27000-7f4cb8c28000 r--s 00002000 08:02 3402349                    /home/ankit/Downloads/android-studio/gradle/gradle-2.14.1/lib/plugins/geronimo-annotation_1.0_spec-1.0.jar
7f4cb8c28000-7f4cb8c2a000 r--s 00002000 08:02 3402373                    /home/ankit/Downloads/android-studio/gradle/gradle-2.14.1/lib/plugins/jetty-annotations-6.1.25.jar
7f4cb8c2a000-7f4cb8c3b000 r--s 000ea000 08:02 3402379                    /home/ankit/Downloads/android-studio/gradle/gradle-2.14.1/lib/plugins/jsp-2.1-6.1.14.jar
7f4cb8c3b000-7f4cb8c3d000 r--s 0000d000 08:02 3402354                    /home/ankit/Downloads/android-studio/gradle/gradle-2.14.1/lib/plugins/jetty-plus-6.1.25.jar
7f4cb8c3d000-7f4cb8c3f000 r--s 0001f000 08:02 3402385                    /home/ankit/Downloads/android-studio/gradle/gradle-2.14.1/lib/plugins/servlet-api-2.5-20081211.jar
7f4cb8c3f000-7f4cb8c43000 r--s 00028000 08:02 3402337                    /home/ankit/Downloads/android-studio/gradle/gradle-2.14.1/lib/plugins/jetty-util-6.1.25.jar
7f4cb8c43000-7f4cb8c4a000 r--s 0007d000 08:02 3402344                    /home/ankit/Downloads/android-studio/gradle/gradle-2.14.1/lib/plugins/jetty-6.1.25.jar
7f4cb8c4a000-7f4cb8c4c000 r--s 00009000 08:02 3402309                    /home/ankit/Downloads/android-studio/gradle/gradle-2.14.1/lib/plugins/gradle-jetty-2.14.1.jar
7f4cb8c4c000-7f4cb8c53000 r--s 00035000 08:02 3402382                    /home/ankit/Downloads/android-studio/gradle/gradle-2.14.1/lib/plugins/simple-4.1.21.jar
7f4cb8c53000-7f4cb8c5f000 r--s 00100000 08:02 3402330                    /home/ankit/Downloads/android-studio/gradle/gradle-2.14.1/lib/plugins/rhino-1.7R3.jar
7f4cb8c5f000-7f4cb8c63000 r--s 00011000 08:02 3402297                    /home/ankit/Downloads/android-studio/gradle/gradle-2.14.1/lib/plugins/gradle-javascript-2.14.1.jar
7f4cb8c63000-7f4cb8c65000 r--s 0000c000 08:02 3402317                    /home/ankit/Downloads/android-studio/gradle/gradle-2.14.1/lib/plugins/gradle-jacoco-2.14.1.jar
7f4cb8c65000-7f4cb8c68000 r--s 0000e000 08:02 3402316                    /home/ankit/Downloads/android-studio/gradle/gradle-2.14.1/lib/plugins/gradle-ivy-2.14.1.jar
7f4cb8c68000-7f4cb8c69000 r--s 00002000 08:02 3402313                    /home/ankit/Downloads/android-studio/gradle/gradle-2.14.1/lib/plugins/gradle-ide-play-2.14.1.jar
7f4cb8c69000-7f4cb8c6e000 r--s 0002b000 08:02 3402310                    /home/ankit/Downloads/android-studio/gradle/gradle-2.14.1/lib/plugins/gradle-ide-native-2.14.1.jar
7f4cb8c6e000-7f4cb8c79000 r--s 00066000 08:02 3402089                    /home/ankit/Downloads/android-studio/gradle/gradle-2.14.1/lib/plugins/gradle-ide-2.14.1.jar
7f4cb8c79000-7f4cb8c7a000 r--s 00008000 08:02 3402087                    /home/ankit/Downloads/android-studio/gradle/gradle-2.14.1/lib/plugins/gradle-ear-2.14.1.jar
7f4cb8c7a000-7f4cb8c80000 r--s 00032000 08:02 3402094                    /home/ankit/Downloads/android-studio/gradle/gradle-2.14.1/lib/plugins/gradle-diagnostics-2.14.1.jar
7f4cb8c80000-7f4cb8c84000 r--s 00021000 08:02 3402312                    /home/ankit/Downloads/android-studio/gradle/gradle-2.14.1/lib/plugins/gradle-code-quality-2.14.1.jar
7f4cb8c84000-7f4cb8c88000 r--s 0001f000 08:02 3402093                    /home/ankit/Downloads/android-studio/gradle/gradle-2.14.1/lib/plugins/gradle-build-init-2.14.1.jar
7f4cb8c88000-7f4cb8c8f000 r--s 0008e000 08:02 3402314                    /home/ankit/Downloads/android-studio/gradle/gradle-2.14.1/lib/plugins/gradle-build-comparison-2.14.1.jar
7f4cb8c8f000-7f4cb8c91000 r--s 00008000 08:02 3402302                    /home/ankit/Downloads/android-studio/gradle/gradle-2.14.1/lib/plugins/gradle-antlr-2.14.1.jar
7f4cb8c91000-7f4cb8c93000 r--s 00004000 08:02 3402315                    /home/ankit/Downloads/android-studio/gradle/gradle-2.14.1/lib/plugins/gradle-announce-2.14.1.jar
7f4cb8c93000-7f4cb8cab000 r--s 00115000 08:02 3402347                    /home/ankit/Downloads/android-studio/gradle/gradle-2.14.1/lib/plugins/xercesImpl-2.9.1.jar
7f4cb8cab000-7f4cb8cb3000 r--s 00028000 08:02 3402366                    /home/ankit/Downloads/android-studio/gradle/gradle-2.14.1/lib/plugins/xml-apis-1.3.04.jar
7f4cb8cb3000-7f4cb8cb9000 r--s 0005b000 08:02 3402359                    /home/ankit/Downloads/android-studio/gradle/gradle-2.14.1/lib/plugins/jcifs-1.3.17.jar
7f4cb8cb9000-7f4cb8cc0000 r--s 00049000 08:02 3402296                    /home/ankit/Downloads/android-studio/gradle/gradle-2.14.1/lib/plugins/httpcore-4.4.4.jar
7f4cb8cc0000-7f4cb8cc6000 r--s 00033000 08:02 3402328                    /home/ankit/Downloads/android-studio/gradle/gradle-2.14.1/lib/plugins/commons-codec-1.6.jar
7f4cb8cc6000-7f4cb8cc9000 r--s 0001c000 08:02 3402326                    /home/ankit/Downloads/android-studio/gradle/gradle-2.14.1/lib/plugins/nekohtml-1.9.14.jar
7f4cb8cc9000-7f4cb8cd6000 r--s 000a4000 08:02 3402307                    /home/ankit/Downloads/android-studio/gradle/gradle-2.14.1/lib/plugins/httpclient-4.4.1.jar
7f4cb8cd6000-7f4cb8cd8000 r--s 0000a000 08:02 3402082                    /home/ankit/Downloads/android-studio/gradle/gradle-2.14.1/lib/plugins/gradle-resources-http-2.14.1.jar
7f4cb8cd8000-7f4cb8cdc000 r--s 00014000 08:02 3402294                    /home/ankit/Downloads/android-studio/gradle/gradle-2.14.1/lib/plugins/gradle-plugin-use-2.14.1.jar
7f4cb8cdc000-7f4cb8cdd000 r--s 00000000 08:02 3394352                    /home/ankit/Downloads/android-studio/gradle/gradle-2.14.1/lib/gradle-installation-beacon-2.14.1.jar
7f4cb8cdd000-7f4cb8cde000 r--s 00007000 08:02 3402335                    /home/ankit/Downloads/android-studio/gradle/gradle-2.14.1/lib/plugins/wagon-http-shared4-2.4.jar
7f4cb8cde000-7f4cb8ce2000 r--s 00033000 08:02 3402372                    /home/ankit/Downloads/android-studio/gradle/gradle-2.14.1/lib/plugins/plexus-utils-2.0.6.jar
7f4cb8ce2000-7f4cb8ce6000 r--s 00021000 08:02 3402361                    /home/ankit/Downloads/android-studio/gradle/gradle-2.14.1/lib/plugins/maven-model-builder-3.0.4.jar
7f4cb8ce6000-7f4cb8ce7000 r--s 00002000 08:02 3402327                    /home/ankit/Downloads/android-studio/gradle/gradle-2.14.1/lib/plugins/wagon-file-2.4.jar
7f4cb8ce7000-7f4cb8ce9000 r--s 00002000 08:02 3402368                    /home/ankit/Downloads/android-studio/gradle/gradle-2.14.1/lib/plugins/plexus-cipher-1.7.jar
7f4cb8ce9000-7f4cb8cec000 r--s 00013000 08:02 3402384                    /home/ankit/Downloads/android-studio/gradle/gradle-2.14.1/lib/plugins/aether-api-1.13.1.jar
7f4cb8cec000-7f4cb8cee000 r--s 0000a000 08:02 3402338                    /home/ankit/Downloads/android-studio/gradle/gradle-2.14.1/lib/plugins/maven-settings-3.0.4.jar
7f4cb8cee000-7f4cb8cf0000 r--s 0000d000 08:02 3402362                    /home/ankit/Downloads/android-studio/gradle/gradle-2.14.1/lib/plugins/plexus-interpolation-1.14.jar
7f4cb8cf0000-7f4cb8cf2000 r--s 0000b000 08:02 3402377                    /home/ankit/Downloads/android-studio/gradle/gradle-2.14.1/lib/plugins/maven-artifact-3.0.4.jar
7f4cb8cf2000-7f4cb8cf9000 r--s 0002e000 08:02 3402332                    /home/ankit/Downloads/android-studio/gradle/gradle-2.14.1/lib/plugins/plexus-container-default-1.5.5.jar
7f4cb8cf9000-7f4cb8cfb000 r--s 0000b000 08:02 3402355                    /home/ankit/Downloads/android-studio/gradle/gradle-2.14.1/lib/plugins/maven-plugin-api-3.0.4.jar
7f4cb8cfb000-7f4cb8cfd000 r--s 00000000 08:02 3402357                    /home/ankit/Downloads/android-studio/gradle/gradle-2.14.1/lib/plugins/plexus-component-annotations-1.5.5.jar
7f4cb8cfd000-7f4cb8d03000 r--s 0003f000 08:02 3402363                    /home/ankit/Downloads/android-studio/gradle/gradle-2.14.1/lib/plugins/maven-compat-3.0.4.jar
7f4cb8d03000-7f4cb8d06000 r--s 00008000 08:02 3402345                    /home/ankit/Downloads/android-studio/gradle/gradle-2.14.1/lib/plugins/maven-settings-builder-3.0.4.jar
7f4cb8d06000-7f4cb8d08000 r--s 00026000 08:02 3402383                    /home/ankit/Downloads/android-studio/gradle/gradle-2.14.1/lib/plugins/maven-model-3.0.4.jar
7f4cb8d08000-7f4cb8d0a000 r--s 00006000 08:02 3402374                    /home/ankit/Downloads/android-studio/gradle/gradle-2.14.1/lib/plugins/aether-connector-wagon-1.13.1.jar
7f4cb8d0a000-7f4cb8d0c000 r--s 0000a000 08:02 3402333                    /home/ankit/Downloads/android-studio/gradle/gradle-2.14.1/lib/plugins/plexus-classworlds-2.4.jar
7f4cb8d0c000-7f4cb8d0e000 r--s 00006000 08:02 3402364                    /home/ankit/Downloads/android-studio/gradle/gradle-2.14.1/lib/plugins/maven-repository-metadata-3.0.4.jar
7f4cb8d0e000-7f4cb8d10000 r--s 0000c000 08:02 3402348                    /home/ankit/Downloads/android-studio/gradle/gradle-2.14.1/lib/plugins/maven-aether-provider-3.0.4.jar
7f4cb8d10000-7f4cb8d12000 r--s 0000b000 08:02 3402340                    /home/ankit/Downloads/android-studio/gradle/gradle-2.14.1/lib/plugins/wagon-provider-api-2.4.jar
7f4cb8d12000-7f4cb8d16000 r--s 0001c000 08:02 3402380                    /home/ankit/Downloads/android-studio/gradle/gradle-2.14.1/lib/plugins/aether-util-1.13.1.jar
7f4cb8d16000-7f4cb8d19000 r--s 0001d000 08:02 3402360                    /home/ankit/Downloads/android-studio/gradle/gradle-2.14.1/lib/plugins/aether-impl-1.13.1.jar
7f4cb8d19000-7f4cb8d1e000 r--s 00040000 08:02 3402321                    /home/ankit/Downloads/android-studio/gradle/gradle-2.14.1/lib/plugins/jsch-0.1.53.jar
7f4cb8d1e000-7f4cb8d5e000 r--s 00277000 08:02 3402323                    /home/ankit/Downloads/android-studio/gradle/gradle-2.14.1/lib/plugins/bcprov-jdk15on-1.51.jar
7f4cb8d5e000-7f4cb8d62000 r--s 0001d000 08:02 3402350                    /home/ankit/Downloads/android-studio/gradle/gradle-2.14.1/lib/plugins/xbean-reflect-3.4.jar
7f4cb8d62000-7f4cb8d6e000 r--s 0007d000 08:02 3402367                    /home/ankit/Downloads/android-studio/gradle/gradle-2.14.1/lib/plugins/maven-core-3.0.4.jar
7f4cb8d6e000-7f4cb8d73000 r--s 0002a000 08:02 3402346                    /home/ankit/Downloads/android-studio/gradle/gradle-2.14.1/lib/plugins/gson-2.2.4.jar
7f4cb8d73000-7f4cb8d82000 r--s 000d9000 08:02 3402331                    /home/ankit/Downloads/android-studio/gradle/gradle-2.14.1/lib/plugins/ivy-2.2.0.jar
7f4cb8d82000-7f4cb8d98000 r-xp 00000000 08:02 2624314                    /lib/x86_64-linux-gnu/libgcc_s.so.1
7f4cb8d98000-7f4cb8f97000 ---p 00016000 08:02 2624314                    /lib/x86_64-linux-gnu/libgcc_s.so.1
7f4cb8f97000-7f4cb8f98000 r--p 00015000 08:02 2624314                    /lib/x86_64-linux-gnu/libgcc_s.so.1
7f4cb8f98000-7f4cb8f99000 rw-p 00016000 08:02 2624314                    /lib/x86_64-linux-gnu/libgcc_s.so.1
7f4cb8f99000-7f4cb910c000 r-xp 00000000 08:02 61223                      /usr/lib/x86_64-linux-gnu/libstdc++.so.6.0.21
7f4cb910c000-7f4cb930b000 ---p 00173000 08:02 61223                      /usr/lib/x86_64-linux-gnu/libstdc++.so.6.0.21
7f4cb930b000-7f4cb9315000 r--p 00172000 08:02 61223                      /usr/lib/x86_64-linux-gnu/libstdc++.so.6.0.21
7f4cb9315000-7f4cb9317000 rw-p 0017c000 08:02 61223                      /usr/lib/x86_64-linux-gnu/libstdc++.so.6.0.21
7f4cb9317000-7f4cb931b000 rw-p 00000000 00:00 0 
7f4cb931b000-7f4cb931c000 r--s 00002000 08:02 3402318                    /home/ankit/Downloads/android-studio/gradle/gradle-2.14.1/lib/plugins/wagon-http-2.4.jar
7f4cb931c000-7f4cb931d000 r--s 00003000 08:02 3402320                    /home/ankit/Downloads/android-studio/gradle/gradle-2.14.1/lib/plugins/aether-spi-1.13.1.jar
7f4cb931d000-7f4cb931e000 r--s 00006000 08:02 3402365                    /home/ankit/Downloads/android-studio/gradle/gradle-2.14.1/lib/plugins/plexus-sec-dispatcher-1.3.jar
7f4cb931e000-7f4cb933a000 r--s 000d3000 08:02 3402161                    /home/ankit/Downloads/android-studio/gradle/gradle-2.14.1/lib/plugins/gradle-dependency-management-2.14.1.jar
7f4cb933a000-7f4cb933e000 r-xp 00000000 08:02 3391672                    /home/ankit/.gradle/native/19/linux-amd64/libnative-platform.so
7f4cb933e000-7f4cb953d000 ---p 00004000 08:02 3391672                    /home/ankit/.gradle/native/19/linux-amd64/libnative-platform.so
7f4cb953d000-7f4cb953e000 rw-p 00003000 08:02 3391672                    /home/ankit/.gradle/native/19/linux-amd64/libnative-platform.so
7f4cb953e000-7f4cb954f000 r-xp 00000000 08:02 199999                     /usr/lib/jvm/java-8-oracle/jre/lib/amd64/libnio.so
7f4cb954f000-7f4cb974e000 ---p 00011000 08:02 199999                     /usr/lib/jvm/java-8-oracle/jre/lib/amd64/libnio.so
7f4cb974e000-7f4cb974f000 rw-p 00010000 08:02 199999                     /usr/lib/jvm/java-8-oracle/jre/lib/amd64/libnio.so
7f4cb974f000-7f4cb9a50000 rw-p 00000000 00:00 0 
7f4cb9a50000-7f4cb9a66000 r-xp 00000000 08:02 199974                     /usr/lib/jvm/java-8-oracle/jre/lib/amd64/libnet.so
7f4cb9a66000-7f4cb9c66000 ---p 00016000 08:02 199974                     /usr/lib/jvm/java-8-oracle/jre/lib/amd64/libnet.so
7f4cb9c66000-7f4cb9c67000 rw-p 00016000 08:02 199974                     /usr/lib/jvm/java-8-oracle/jre/lib/amd64/libnet.so
7f4cb9c67000-7f4cb9c69000 r--s 00005000 08:02 3394358                    /home/ankit/Downloads/android-studio/gradle/gradle-2.14.1/lib/gradle-wrapper-2.14.1.jar
7f4cb9c69000-7f4cb9c77000 r--s 0004f000 08:02 3394344                    /home/ankit/Downloads/android-studio/gradle/gradle-2.14.1/lib/gradle-tooling-api-2.14.1.jar
7f4cb9c77000-7f4cb9c79000 r--s 00002000 08:02 3394350                    /home/ankit/Downloads/android-studio/gradle/gradle-2.14.1/lib/gradle-open-api-2.14.1.jar
7f4cb9c79000-7f4cb9c7f000 r--s 00032000 08:02 3394400                    /home/ankit/Downloads/android-studio/gradle/gradle-2.14.1/lib/jaxen-1.1.jar
7f4cb9c7f000-7f4cb9c84000 r--s 00048000 08:02 3394380                    /home/ankit/Downloads/android-studio/gradle/gradle-2.14.1/lib/dom4j-1.6.1.jar
7f4cb9c84000-7f4cb9c8f000 r--s 00059000 08:02 3394373                    /home/ankit/Downloads/android-studio/gradle/gradle-2.14.1/lib/gradle-ui-2.14.1.jar
7f4cb9c8f000-7f4cb9c92000 r--s 0000b000 08:02 3394378                    /home/ankit/Downloads/android-studio/gradle/gradle-2.14.1/lib/gradle-resources-2.14.1.jar
7f4cb9c92000-7f4cb9c94000 r--s 00003000 08:02 3394402                    /home/ankit/Downloads/android-studio/gradle/gradle-2.14.1/lib/jcl-over-slf4j-1.7.10.jar
7f4cb9c94000-7f4cb9c95000 r--s 00005000 08:02 3394397                    /home/ankit/Downloads/android-studio/gradle/gradle-2.14.1/lib/log4j-over-slf4j-1.7.10.jar
7f4cb9c95000-7f4cb9c97000 r--s 00000000 08:02 3394404                    /home/ankit/Downloads/android-studio/gradle/gradle-2.14.1/lib/jul-to-slf4j-1.7.10.jar
7f4cb9c97000-7f4cb9c9c000 r--s 0001c000 08:02 3394356                    /home/ankit/Downloads/android-studio/gradle/gradle-2.14.1/lib/gradle-logging-2.14.1.jar
7f4cb9c9c000-7f4cb9c9e000 r--s 00007000 08:02 3394403                    /home/ankit/Downloads/android-studio/gradle/gradle-2.14.1/lib/objenesis-1.2.jar
7f4cb9c9e000-7f4cb9ca0000 r--s 00000000 08:02 3394383                    /home/ankit/Downloads/android-studio/gradle/gradle-2.14.1/lib/minlog-1.2.jar
7f4cb9ca0000-7f4cb9ca2000 r--s 0000f000 08:02 3394389                    /home/ankit/Downloads/android-studio/gradle/gradle-2.14.1/lib/reflectasm-1.07-shaded.jar
7f4cb9ca2000-7f4cb9ca6000 r--s 00026000 08:02 3394395                    /home/ankit/Downloads/android-studio/gradle/gradle-2.14.1/lib/kryo-2.20.jar
7f4cb9ca6000-7f4cb9cac000 r--s 00025000 08:02 3394347                    /home/ankit/Downloads/android-studio/gradle/gradle-2.14.1/lib/gradle-messaging-2.14.1.jar
7f4cb9cac000-7f4cb9cbb000 r--s 00080000 08:02 3394371                    /home/ankit/Downloads/android-studio/gradle/gradle-2.14.1/lib/gradle-model-core-2.14.1.jar
7f4cb9cbb000-7f4cb9d2a000 r--s 0063e000 08:02 3394407                    /home/ankit/Downloads/android-studio/gradle/gradle-2.14.1/lib/groovy-all-2.4.4.jar
7f4cb9d2a000-7f4cb9d52000 r--s 001cf000 08:02 3394387                    /home/ankit/Downloads/android-studio/gradle/gradle-2.14.1/lib/guava-jdk5-17.0.jar
7f4cb9d52000-7f4cb9d71000 r--s 001d1000 08:02 3394357                    /home/ankit/Downloads/android-studio/gradle/gradle-2.14.1/lib/ant-1.9.6.jar
7f4cb9d71000-7f4cb9da8000 r--s 001bd000 08:02 3394359                    /home/ankit/Downloads/android-studio/gradle/gradle-2.14.1/lib/gradle-core-2.14.1.jar
7f4cb9da8000-7f4cb9da9000 ---p 00000000 00:00 0 
7f4cb9da9000-7f4cb9ea9000 rw-p 00000000 00:00 0 
7f4cb9ea9000-7f4cb9eac000 ---p 00000000 00:00 0 
7f4cb9eac000-7f4cb9faa000 rw-p 00000000 00:00 0 
7f4cb9faa000-7f4cb9fad000 ---p 00000000 00:00 0 
7f4cb9fad000-7f4cba0ab000 rw-p 00000000 00:00 0 
7f4cba0ab000-7f4cba0ae000 ---p 00000000 00:00 0 
7f4cba0ae000-7f4cba1ac000 rw-p 00000000 00:00 0 
7f4cba1ac000-7f4cba1af000 ---p 00000000 00:00 0 
7f4cba1af000-7f4cba2ad000 rw-p 00000000 00:00 0 
7f4cba2ad000-7f4cba2b0000 ---p 00000000 00:00 0 
7f4cba2b0000-7f4cba3ae000 rw-p 00000000 00:00 0 
7f4cba3ae000-7f4cbaa90000 r--p 00000000 08:02 59247                      /usr/lib/locale/locale-archive
7f4cbaa90000-7f4cbaa93000 ---p 00000000 00:00 0 
7f4cbaa93000-7f4cbab91000 rw-p 00000000 00:00 0 
7f4cbab91000-7f4cbab94000 ---p 00000000 00:00 0 
7f4cbab94000-7f4cbac92000 rw-p 00000000 00:00 0 
7f4cbac92000-7f4cbac93000 ---p 00000000 00:00 0 
7f4cbac93000-7f4cbc000000 rw-p 00000000 00:00 0 
7f4cbc000000-7f4cbc021000 rw-p 00000000 00:00 0 
7f4cbc021000-7f4cc0000000 ---p 00000000 00:00 0 
7f4cc0000000-7f4cc0001000 r--s 00003000 08:02 3394401                    /home/ankit/Downloads/android-studio/gradle/gradle-2.14.1/lib/native-platform-freebsd-amd64-0.10.jar
7f4cc0001000-7f4cc0002000 r--s 00003000 08:02 3394390                    /home/ankit/Downloads/android-studio/gradle/gradle-2.14.1/lib/native-platform-freebsd-i386-0.10.jar
7f4cc0002000-7f4cc0003000 r--s 00005000 08:02 3394385                    /home/ankit/Downloads/android-studio/gradle/gradle-2.14.1/lib/native-platform-windows-i386-0.10.jar
7f4cc0003000-7f4cc0004000 r--s 00005000 08:02 3394384                    /home/ankit/Downloads/android-studio/gradle/gradle-2.14.1/lib/native-platform-windows-amd64-0.10.jar
7f4cc0004000-7f4cc0005000 r--s 00003000 08:02 3394391                    /home/ankit/Downloads/android-studio/gradle/gradle-2.14.1/lib/native-platform-linux-i386-0.10.jar
7f4cc0005000-7f4cc0006000 r--s 00003000 08:02 3394382                    /home/ankit/Downloads/android-studio/gradle/gradle-2.14.1/lib/native-platform-linux-amd64-0.10.jar
7f4cc0006000-7f4cc0007000 r--s 00002000 08:02 3394381                    /home/ankit/Downloads/android-studio/gradle/gradle-2.14.1/lib/native-platform-osx-amd64-0.10.jar
7f4cc0007000-7f4cc0009000 r--s 00008000 08:02 3394399                    /home/ankit/Downloads/android-studio/gradle/gradle-2.14.1/lib/jansi-1.2.1.jar
7f4cc0009000-7f4cc050e000 rw-p 00000000 00:00 0 
7f4cc050e000-7f4cc06e6000 r--s 03d2a000 08:02 182584                     /usr/lib/jvm/java-8-oracle/jre/lib/rt.jar
7f4cc06e6000-7f4cc39e6000 rw-p 00000000 00:00 0 
7f4cc39e6000-7f4cc39e7000 ---p 00000000 00:00 0 
7f4cc39e7000-7f4cc3ae7000 rw-p 00000000 00:00 0 
7f4cc3ae7000-7f4cc3ae8000 ---p 00000000 00:00 0 
7f4cc3ae8000-7f4cc3be8000 rw-p 00000000 00:00 0 
7f4cc3be8000-7f4cc3be9000 ---p 00000000 00:00 0 
7f4cc3be9000-7f4cc3dfe000 rw-p 00000000 00:00 0 
7f4cc3dfe000-7f4cc3ee9000 ---p 00000000 00:00 0 
7f4cc3ee9000-7f4cc3ffe000 rw-p 00000000 00:00 0 
7f4cc3ffe000-7f4cc40e9000 ---p 00000000 00:00 0 
7f4cc40e9000-7f4cc41e2000 rw-p 00000000 00:00 0 
7f4cc41e2000-7f4cc41e9000 ---p 00000000 00:00 0 
7f4cc41e9000-7f4cc429d000 rw-p 00000000 00:00 0 
7f4cc429d000-7f4cc45aa000 ---p 00000000 00:00 0 
7f4cc45aa000-7f4cc724a000 rwxp 00000000 00:00 0 
7f4cc724a000-7f4cd35aa000 ---p 00000000 00:00 0 
7f4cd35aa000-7f4cd35c4000 r-xp 00000000 08:02 199997                     /usr/lib/jvm/java-8-oracle/jre/lib/amd64/libzip.so
7f4cd35c4000-7f4cd37c4000 ---p 0001a000 08:02 199997                     /usr/lib/jvm/java-8-oracle/jre/lib/amd64/libzip.so
7f4cd37c4000-7f4cd37c5000 rw-p 0001a000 08:02 199997                     /usr/lib/jvm/java-8-oracle/jre/lib/amd64/libzip.so
7f4cd37c5000-7f4cd37cf000 r-xp 00000000 08:02 2621662                    /lib/x86_64-linux-gnu/libnss_files-2.21.so
7f4cd37cf000-7f4cd39cf000 ---p 0000a000 08:02 2621662                    /lib/x86_64-linux-gnu/libnss_files-2.21.so
7f4cd39cf000-7f4cd39d0000 r--p 0000a000 08:02 2621662                    /lib/x86_64-linux-gnu/libnss_files-2.21.so
7f4cd39d0000-7f4cd39d1000 rw-p 0000b000 08:02 2621662                    /lib/x86_64-linux-gnu/libnss_files-2.21.so
7f4cd39d1000-7f4cd39dc000 r-xp 00000000 08:02 2623427                    /lib/x86_64-linux-gnu/libnss_nis-2.21.so
7f4cd39dc000-7f4cd3bdb000 ---p 0000b000 08:02 2623427                    /lib/x86_64-linux-gnu/libnss_nis-2.21.so
7f4cd3bdb000-7f4cd3bdc000 r--p 0000a000 08:02 2623427                    /lib/x86_64-linux-gnu/libnss_nis-2.21.so
7f4cd3bdc000-7f4cd3bdd000 rw-p 0000b000 08:02 2623427                    /lib/x86_64-linux-gnu/libnss_nis-2.21.so
7f4cd3bdd000-7f4cd3bf4000 r-xp 00000000 08:02 2623430                    /lib/x86_64-linux-gnu/libnsl-2.21.so
7f4cd3bf4000-7f4cd3df3000 ---p 00017000 08:02 2623430                    /lib/x86_64-linux-gnu/libnsl-2.21.so
7f4cd3df3000-7f4cd3df4000 r--p 00016000 08:02 2623430                    /lib/x86_64-linux-gnu/libnsl-2.21.so
7f4cd3df4000-7f4cd3df5000 rw-p 00017000 08:02 2623430                    /lib/x86_64-linux-gnu/libnsl-2.21.so
7f4cd3df5000-7f4cd3df7000 rw-p 00000000 00:00 0 
7f4cd3df7000-7f4cd3dff000 r-xp 00000000 08:02 2622662                    /lib/x86_64-linux-gnu/libnss_compat-2.21.so
7f4cd3dff000-7f4cd3ffe000 ---p 00008000 08:02 2622662                    /lib/x86_64-linux-gnu/libnss_compat-2.21.so
7f4cd3ffe000-7f4cd3fff000 r--p 00007000 08:02 2622662                    /lib/x86_64-linux-gnu/libnss_compat-2.21.so
7f4cd3fff000-7f4cd4000000 rw-p 00008000 08:02 2622662                    /lib/x86_64-linux-gnu/libnss_compat-2.21.so
7f4cd4000000-7f4cd4b7f000 rw-p 00000000 00:00 0 
7f4cd4b7f000-7f4cd8000000 ---p 00000000 00:00 0 
7f4cd8000000-7f4cd8003000 r--s 0000d000 08:02 3394394                    /home/ankit/Downloads/android-studio/gradle/gradle-2.14.1/lib/native-platform-0.10.jar
7f4cd8003000-7f4cd8007000 r--s 000e4000 08:02 3394393                    /home/ankit/Downloads/android-studio/gradle/gradle-2.14.1/lib/jna-3.2.7.jar
7f4cd8007000-7f4cd8009000 r--s 00009000 08:02 3394375                    /home/ankit/Downloads/android-studio/gradle/gradle-2.14.1/lib/gradle-native-2.14.1.jar
7f4cd8009000-7f4cd800b000 r--s 00005000 08:02 3394376                    /home/ankit/Downloads/android-studio/gradle/gradle-2.14.1/lib/gradle-cli-2.14.1.jar
7f4cd800b000-7f4cd8018000 r--s 00083000 08:02 3394379                    /home/ankit/Downloads/android-studio/gradle/gradle-2.14.1/lib/commons-collections-3.2.2.jar
7f4cd8018000-7f4cd80fe000 rw-p 00000000 00:00 0 
7f4cd80fe000-7f4cd80ff000 ---p 00000000 00:00 0 
7f4cd80ff000-7f4cd81ff000 rw-p 00000000 00:00 0 
7f4cd81ff000-7f4cd822a000 r-xp 00000000 08:02 200024                     /usr/lib/jvm/java-8-oracle/jre/lib/amd64/libjava.so
7f4cd822a000-7f4cd8429000 ---p 0002b000 08:02 200024                     /usr/lib/jvm/java-8-oracle/jre/lib/amd64/libjava.so
7f4cd8429000-7f4cd842b000 rw-p 0002a000 08:02 200024                     /usr/lib/jvm/java-8-oracle/jre/lib/amd64/libjava.so
7f4cd842b000-7f4cd8438000 r-xp 00000000 08:02 199975                     /usr/lib/jvm/java-8-oracle/jre/lib/amd64/libverify.so
7f4cd8438000-7f4cd8637000 ---p 0000d000 08:02 199975                     /usr/lib/jvm/java-8-oracle/jre/lib/amd64/libverify.so
7f4cd8637000-7f4cd8639000 rw-p 0000c000 08:02 199975                     /usr/lib/jvm/java-8-oracle/jre/lib/amd64/libverify.so
7f4cd8639000-7f4cd8640000 r-xp 00000000 08:02 2621663                    /lib/x86_64-linux-gnu/librt-2.21.so
7f4cd8640000-7f4cd883f000 ---p 00007000 08:02 2621663                    /lib/x86_64-linux-gnu/librt-2.21.so
7f4cd883f000-7f4cd8840000 r--p 00006000 08:02 2621663                    /lib/x86_64-linux-gnu/librt-2.21.so
7f4cd8840000-7f4cd8841000 rw-p 00007000 08:02 2621663                    /lib/x86_64-linux-gnu/librt-2.21.so
7f4cd8841000-7f4cd8948000 r-xp 00000000 08:02 2623271                    /lib/x86_64-linux-gnu/libm-2.21.so
7f4cd8948000-7f4cd8b47000 ---p 00107000 08:02 2623271                    /lib/x86_64-linux-gnu/libm-2.21.so
7f4cd8b47000-7f4cd8b48000 r--p 00106000 08:02 2623271                    /lib/x86_64-linux-gnu/libm-2.21.so
7f4cd8b48000-7f4cd8b49000 rw-p 00107000 08:02 2623271                    /lib/x86_64-linux-gnu/libm-2.21.so
7f4cd8b49000-7f4cd9816000 r-xp 00000000 08:02 200028                     /usr/lib/jvm/java-8-oracle/jre/lib/amd64/server/libjvm.so
7f4cd9816000-7f4cd9a15000 ---p 00ccd000 08:02 200028                     /usr/lib/jvm/java-8-oracle/jre/lib/amd64/server/libjvm.so
7f4cd9a15000-7f4cd9aee000 rw-p 00ccc000 08:02 200028                     /usr/lib/jvm/java-8-oracle/jre/lib/amd64/server/libjvm.so
7f4cd9aee000-7f4cd9b39000 rw-p 00000000 00:00 0 
7f4cd9b39000-7f4cd9cf9000 r-xp 00000000 08:02 2623433                    /lib/x86_64-linux-gnu/libc-2.21.so
7f4cd9cf9000-7f4cd9ef9000 ---p 001c0000 08:02 2623433                    /lib/x86_64-linux-gnu/libc-2.21.so
7f4cd9ef9000-7f4cd9efd000 r--p 001c0000 08:02 2623433                    /lib/x86_64-linux-gnu/libc-2.21.so
7f4cd9efd000-7f4cd9eff000 rw-p 001c4000 08:02 2623433                    /lib/x86_64-linux-gnu/libc-2.21.so
7f4cd9eff000-7f4cd9f03000 rw-p 00000000 00:00 0 
7f4cd9f03000-7f4cd9f06000 r-xp 00000000 08:02 2623420                    /lib/x86_64-linux-gnu/libdl-2.21.so
7f4cd9f06000-7f4cda105000 ---p 00003000 08:02 2623420                    /lib/x86_64-linux-gnu/libdl-2.21.so
7f4cda105000-7f4cda106000 r--p 00002000 08:02 2623420                    /lib/x86_64-linux-gnu/libdl-2.21.so
7f4cda106000-7f4cda107000 rw-p 00003000 08:02 2623420                    /lib/x86_64-linux-gnu/libdl-2.21.so
7f4cda107000-7f4cda11c000 r-xp 00000000 08:02 158504                     /usr/lib/jvm/java-8-oracle/lib/amd64/jli/libjli.so
7f4cda11c000-7f4cda31c000 ---p 00015000 08:02 158504                     /usr/lib/jvm/java-8-oracle/lib/amd64/jli/libjli.so
7f4cda31c000-7f4cda31d000 rw-p 00015000 08:02 158504                     /usr/lib/jvm/java-8-oracle/lib/amd64/jli/libjli.so
7f4cda31d000-7f4cda335000 r-xp 00000000 08:02 2623413                    /lib/x86_64-linux-gnu/libpthread-2.21.so
7f4cda335000-7f4cda535000 ---p 00018000 08:02 2623413                    /lib/x86_64-linux-gnu/libpthread-2.21.so
7f4cda535000-7f4cda536000 r--p 00018000 08:02 2623413                    /lib/x86_64-linux-gnu/libpthread-2.21.so
7f4cda536000-7f4cda537000 rw-p 00019000 08:02 2623413                    /lib/x86_64-linux-gnu/libpthread-2.21.so
7f4cda537000-7f4cda53b000 rw-p 00000000 00:00 0 
7f4cda53b000-7f4cda55f000 r-xp 00000000 08:02 2623431                    /lib/x86_64-linux-gnu/ld-2.21.so
7f4cda55f000-7f4cda560000 r--s 00002000 08:02 3394398                    /home/ankit/Downloads/android-studio/gradle/gradle-2.14.1/lib/native-platform-osx-i386-0.10.jar
7f4cda560000-7f4cda562000 r--s 00007000 08:02 3394353                    /home/ankit/Downloads/android-studio/gradle/gradle-2.14.1/lib/gradle-model-groovy-2.14.1.jar
7f4cda562000-7f4cda563000 r--s 00006000 08:02 3394370                    /home/ankit/Downloads/android-studio/gradle/gradle-2.14.1/lib/gradle-base-services-groovy-2.14.1.jar
7f4cda563000-7f4cda564000 r--s 00002000 08:02 3394360                    /home/ankit/Downloads/android-studio/gradle/gradle-2.14.1/lib/gradle-docs-2.14.1.jar
7f4cda564000-7f4cda565000 r--s 00000000 08:02 3394406                    /home/ankit/Downloads/android-studio/gradle/gradle-2.14.1/lib/javax.inject-1.jar
7f4cda565000-7f4cda566000 r--s 00000000 08:02 3394388                    /home/ankit/Downloads/android-studio/gradle/gradle-2.14.1/lib/jcip-annotations-1.0.jar
7f4cda566000-7f4cda56a000 r--s 00027000 08:02 3394396                    /home/ankit/Downloads/android-studio/gradle/gradle-2.14.1/lib/commons-io-2.2.jar
7f4cda56a000-7f4cda56f000 r--s 00038000 08:02 3394363                    /home/ankit/Downloads/android-studio/gradle/gradle-2.14.1/lib/asm-all-5.1.jar
7f4cda56f000-7f4cda570000 r--s 00001000 08:02 3394374                    /home/ankit/Downloads/android-studio/gradle/gradle-2.14.1/lib/gradle-process-services-2.14.1.jar
7f4cda570000-7f4cda571000 r--s 00000000 08:02 3394345                    /home/ankit/Downloads/android-studio/gradle/gradle-2.14.1/lib/gradle-jvm-services-2.14.1.jar
7f4cda571000-7f4cda576000 r--s 00041000 08:02 3394392                    /home/ankit/Downloads/android-studio/gradle/gradle-2.14.1/lib/commons-lang-2.6.jar
7f4cda576000-7f4cda638000 rw-p 00000000 00:00 0 
7f4cda638000-7f4cda63b000 ---p 00000000 00:00 0 
7f4cda63b000-7f4cda73d000 rw-p 00000000 00:00 0 
7f4cda73d000-7f4cda73e000 r--s 00007000 08:02 3394386                    /home/ankit/Downloads/android-studio/gradle/gradle-2.14.1/lib/slf4j-api-1.7.10.jar
7f4cda73e000-7f4cda73f000 r--s 00004000 08:02 3394372                    /home/ankit/Downloads/android-studio/gradle/gradle-2.14.1/lib/ant-launcher-1.9.6.jar
7f4cda73f000-7f4cda747000 r--s 0003a000 08:02 3394364                    /home/ankit/Downloads/android-studio/gradle/gradle-2.14.1/lib/gradle-base-services-2.14.1.jar
7f4cda747000-7f4cda752000 r--s 00051000 08:02 3394361                    /home/ankit/Downloads/android-studio/gradle/gradle-2.14.1/lib/gradle-launcher-2.14.1.jar
7f4cda752000-7f4cda75a000 rw-s 00000000 08:02 5033428                    /tmp/hsperfdata_ankit/24083
7f4cda75a000-7f4cda75b000 rw-p 00000000 00:00 0 
7f4cda75b000-7f4cda75c000 ---p 00000000 00:00 0 
7f4cda75c000-7f4cda75e000 rw-p 00000000 00:00 0 
7f4cda75e000-7f4cda75f000 r--p 00023000 08:02 2623431                    /lib/x86_64-linux-gnu/ld-2.21.so
7f4cda75f000-7f4cda760000 rw-p 00024000 08:02 2623431                    /lib/x86_64-linux-gnu/ld-2.21.so
7f4cda760000-7f4cda761000 rw-p 00000000 00:00 0 
7ffdb3184000-7ffdb31a5000 rw-p 00000000 00:00 0                          [stack]
7ffdb31be000-7ffdb31c0000 r--p 00000000 00:00 0                          [vvar]
7ffdb31c0000-7ffdb31c2000 r-xp 00000000 00:00 0                          [vdso]
ffffffffff600000-ffffffffff601000 r-xp 00000000 00:00 0                  [vsyscall]

VM Arguments:
jvm_args: -Xmx1536m -Dfile.encoding=UTF-8 -Duser.country=IN -Duser.language=en -Duser.variant 
java_command: org.gradle.launcher.daemon.bootstrap.GradleDaemon 2.14.1
java_class_path (initial): /home/ankit/Downloads/android-studio/gradle/gradle-2.14.1/lib/gradle-launcher-2.14.1.jar
Launcher Type: SUN_STANDARD

Environment Variables:
JAVA_HOME=/usr/lib/jvm/java-8-oracle
PATH=/usr/local/sbin:/usr/local/bin:/usr/sbin:/usr/bin:/sbin:/bin:/usr/games:/usr/local/games:/usr/lib/jvm/java-8-oracle/bin:/usr/lib/jvm/java-8-oracle/db/bin:/usr/lib/jvm/java-8-oracle/jre/bin
LD_LIBRARY_PATH=Downloads/android-studio/bin:
SHELL=/bin/bash
DISPLAY=:0

Signal Handlers:
SIGSEGV: [libjvm.so+0xac64b0], sa_mask[0]=11111111011111111101111111111110, sa_flags=SA_RESTART|SA_SIGINFO
SIGBUS: [libjvm.so+0xac64b0], sa_mask[0]=11111111011111111101111111111110, sa_flags=SA_RESTART|SA_SIGINFO
SIGFPE: [libjvm.so+0x91f950], sa_mask[0]=11111111011111111101111111111110, sa_flags=SA_RESTART|SA_SIGINFO
SIGPIPE: [libjvm.so+0x91f950], sa_mask[0]=11111111011111111101111111111110, sa_flags=SA_RESTART|SA_SIGINFO
SIGXFSZ: [libjvm.so+0x91f950], sa_mask[0]=11111111011111111101111111111110, sa_flags=SA_RESTART|SA_SIGINFO
SIGILL: [libjvm.so+0x91f950], sa_mask[0]=11111111011111111101111111111110, sa_flags=SA_RESTART|SA_SIGINFO
SIGUSR1: SIG_DFL, sa_mask[0]=00000000000000000000000000000000, sa_flags=none
SIGUSR2: [libjvm.so+0x920f80], sa_mask[0]=00100000000000000000000000000000, sa_flags=SA_RESTART|SA_SIGINFO
SIGHUP: [libjvm.so+0x922380], sa_mask[0]=11111111011111111101111111111110, sa_flags=SA_RESTART|SA_SIGINFO
SIGINT: [libjvm.so+0x922380], sa_mask[0]=11111111011111111101111111111110, sa_flags=SA_RESTART|SA_SIGINFO
SIGTERM: [libjvm.so+0x922380], sa_mask[0]=11111111011111111101111111111110, sa_flags=SA_RESTART|SA_SIGINFO
SIGQUIT: [libjvm.so+0x922380], sa_mask[0]=11111111011111111101111111111110, sa_flags=SA_RESTART|SA_SIGINFO


---------------  S Y S T E M  ---------------

OS:DISTRIB_ID=Ubuntu
DISTRIB_RELEASE=15.10
DISTRIB_CODENAME=wily
DISTRIB_DESCRIPTION="Ubuntu 15.10"

uname:Linux 4.2.0-42-generic #49-Ubuntu SMP Tue Jun 28 21:26:26 UTC 2016 x86_64
libc:glibc 2.21 NPTL 2.21 
rlimit: STACK 8192k, CORE 0k, NPROC 31537, NOFILE 65536, AS infinity
load average:3.06 1.99 1.30

/proc/meminfo:
MemTotal:        8110256 kB
MemFree:          178092 kB
MemAvailable:     186236 kB
Buffers:           15848 kB
Cached:           920188 kB
SwapCached:            0 kB
Active:          6859928 kB
Inactive:         827192 kB
Active(anon):    6791616 kB
Inactive(anon):   765948 kB
Active(file):      68312 kB
Inactive(file):    61244 kB
Unevictable:         128 kB
Mlocked:             128 kB
SwapTotal:             0 kB
SwapFree:              0 kB
Dirty:               292 kB
Writeback:             0 kB
AnonPages:       6751272 kB
Mapped:           601348 kB
Shmem:            806452 kB
Slab:             106612 kB
SReclaimable:      55668 kB
SUnreclaim:        50944 kB
KernelStack:       13376 kB
PageTables:        71108 kB
NFS_Unstable:          0 kB
Bounce:                0 kB
WritebackTmp:          0 kB
CommitLimit:     4055128 kB
Committed_AS:   15285460 kB
VmallocTotal:   34359738367 kB
VmallocUsed:      551900 kB
VmallocChunk:   34358423548 kB
HardwareCorrupted:     0 kB
AnonHugePages:   3749888 kB
CmaTotal:              0 kB
CmaFree:               0 kB
HugePages_Total:       0
HugePages_Free:        0
HugePages_Rsvd:        0
HugePages_Surp:        0
Hugepagesize:       2048 kB
DirectMap4k:      242368 kB
DirectMap2M:     7032832 kB
DirectMap1G:     2097152 kB


CPU:total 4 (2 cores per cpu, 2 threads per core) family 6 model 69 stepping 1, cmov, cx8, fxsr, mmx, sse, sse2, sse3, ssse3, sse4.1, sse4.2, popcnt, avx, avx2, aes, clmul, erms, lzcnt, ht, tsc, tscinvbit, bmi1, bmi2

/proc/cpuinfo:
processor	: 0
vendor_id	: GenuineIntel
cpu family	: 6
model		: 69
model name	: Intel(R) Core(TM) i3-4005U CPU @ 1.70GHz
stepping	: 1
microcode	: 0x1c
cpu MHz		: 1691.566
cache size	: 3072 KB
physical id	: 0
siblings	: 4
core id		: 0
cpu cores	: 2
apicid		: 0
initial apicid	: 0
fpu		: yes
fpu_exception	: yes
cpuid level	: 13
wp		: yes
flags		: fpu vme de pse tsc msr pae mce cx8 apic sep mtrr pge mca cmov pat pse36 clflush dts acpi mmx fxsr sse sse2 ss ht tm pbe syscall nx pdpe1gb rdtscp lm constant_tsc arch_perfmon pebs bts rep_good nopl xtopology nonstop_tsc aperfmperf eagerfpu pni pclmulqdq dtes64 monitor ds_cpl vmx est tm2 ssse3 fma cx16 xtpr pdcm pcid sse4_1 sse4_2 movbe popcnt tsc_deadline_timer aes xsave avx f16c rdrand lahf_lm abm ida arat epb pln pts dtherm tpr_shadow vnmi flexpriority ept vpid fsgsbase tsc_adjust bmi1 avx2 smep bmi2 erms invpcid xsaveopt
bugs		:
bogomips	: 3392.32
clflush size	: 64
cache_alignment	: 64
address sizes	: 39 bits physical, 48 bits virtual
power management:

processor	: 1
vendor_id	: GenuineIntel
cpu family	: 6
model		: 69
model name	: Intel(R) Core(TM) i3-4005U CPU @ 1.70GHz
stepping	: 1
microcode	: 0x1c
cpu MHz		: 1700.199
cache size	: 3072 KB
physical id	: 0
siblings	: 4
core id		: 0
cpu cores	: 2
apicid		: 1
initial apicid	: 1
fpu		: yes
fpu_exception	: yes
cpuid level	: 13
wp		: yes
flags		: fpu vme de pse tsc msr pae mce cx8 apic sep mtrr pge mca cmov pat pse36 clflush dts acpi mmx fxsr sse sse2 ss ht tm pbe syscall nx pdpe1gb rdtscp lm constant_tsc arch_perfmon pebs bts rep_good nopl xtopology nonstop_tsc aperfmperf eagerfpu pni pclmulqdq dtes64 monitor ds_cpl vmx est tm2 ssse3 fma cx16 xtpr pdcm pcid sse4_1 sse4_2 movbe popcnt tsc_deadline_timer aes xsave avx f16c rdrand lahf_lm abm ida arat epb pln pts dtherm tpr_shadow vnmi flexpriority ept vpid fsgsbase tsc_adjust bmi1 avx2 smep bmi2 erms invpcid xsaveopt
bugs		:
bogomips	: 3392.32
clflush size	: 64
cache_alignment	: 64
address sizes	: 39 bits physical, 48 bits virtual
power management:

processor	: 2
vendor_id	: GenuineIntel
cpu family	: 6
model		: 69
model name	: Intel(R) Core(TM) i3-4005U CPU @ 1.70GHz
stepping	: 1
microcode	: 0x1c
cpu MHz		: 999.613
cache size	: 3072 KB
physical id	: 0
siblings	: 4
core id		: 1
cpu cores	: 2
apicid		: 2
initial apicid	: 2
fpu		: yes
fpu_exception	: yes
cpuid level	: 13
wp		: yes
flags		: fpu vme de pse tsc msr pae mce cx8 apic sep mtrr pge mca cmov pat pse36 clflush dts acpi mmx fxsr sse sse2 ss ht tm pbe syscall nx pdpe1gb rdtscp lm constant_tsc arch_perfmon pebs bts rep_good nopl xtopology nonstop_tsc aperfmperf eagerfpu pni pclmulqdq dtes64 monitor ds_cpl vmx est tm2 ssse3 fma cx16 xtpr pdcm pcid sse4_1 sse4_2 movbe popcnt tsc_deadline_timer aes xsave avx f16c rdrand lahf_lm abm ida arat epb pln pts dtherm tpr_shadow vnmi flexpriority ept vpid fsgsbase tsc_adjust bmi1 avx2 smep bmi2 erms invpcid xsaveopt
bugs		:
bogomips	: 3392.32
clflush size	: 64
cache_alignment	: 64
address sizes	: 39 bits physical, 48 bits virtual
power management:

processor	: 3
vendor_id	: GenuineIntel
cpu family	: 6
model		: 69
model name	: Intel(R) Core(TM) i3-4005U CPU @ 1.70GHz
stepping	: 1
microcode	: 0x1c
cpu MHz		: 1700.000
cache size	: 3072 KB
physical id	: 0
siblings	: 4
core id		: 1
cpu cores	: 2
apicid		: 3
initial apicid	: 3
fpu		: yes
fpu_exception	: yes
cpuid level	: 13
wp		: yes
flags		: fpu vme de pse tsc msr pae mce cx8 apic sep mtrr pge mca cmov pat pse36 clflush dts acpi mmx fxsr sse sse2 ss ht tm pbe syscall nx pdpe1gb rdtscp lm constant_tsc arch_perfmon pebs bts rep_good nopl xtopology nonstop_tsc aperfmperf eagerfpu pni pclmulqdq dtes64 monitor ds_cpl vmx est tm2 ssse3 fma cx16 xtpr pdcm pcid sse4_1 sse4_2 movbe popcnt tsc_deadline_timer aes xsave avx f16c rdrand lahf_lm abm ida arat epb pln pts dtherm tpr_shadow vnmi flexpriority ept vpid fsgsbase tsc_adjust bmi1 avx2 smep bmi2 erms invpcid xsaveopt
bugs		:
bogomips	: 3392.32
clflush size	: 64
cache_alignment	: 64
address sizes	: 39 bits physical, 48 bits virtual
power management:



Memory: 4k page, physical 8110256k(178092k free), swap 0k(0k free)

vm_info: Java HotSpot(TM) 64-Bit Server VM (25.111-b14) for linux-amd64 JRE (1.8.0_111-b14), built on Sep 22 2016 16:14:03 by "java_re" with gcc 4.3.0 20080428 (Red Hat 4.3.0-8)

time: Tue Dec 20 20:47:23 2016
elapsed time: 261 seconds (0d 0h 4m 21s)

