#
# There is insufficient memory for the Java Runtime Environment to continue.
# Native memory allocation (mmap) failed to map 275775488 bytes for committing reserved memory.
# Possible reasons:
#   The system is out of physical RAM or swap space
#   In 32 bit mode, the process size limit was hit
# Possible solutions:
#   Reduce memory load on the system
#   Increase physical memory or swap space
#   Check if swap backing store is full
#   Use 64 bit Java on a 64 bit OS
#   Decrease Java heap size (-Xmx/-Xms)
#   Decrease number of Java threads
#   Decrease Java thread stack sizes (-Xss)
#   Set larger code cache with -XX:ReservedCodeCacheSize=
# This output file may be truncated or incomplete.
#
#  Out of Memory Error (os_linux.cpp:2627), pid=17026, tid=0x00007f90509f9700
#
# JRE version: Java(TM) SE Runtime Environment (8.0_111-b14) (build 1.8.0_111-b14)
# Java VM: Java HotSpot(TM) 64-Bit Server VM (25.111-b14 mixed mode linux-amd64 compressed oops)
# Failed to write core dump. Core dumps have been disabled. To enable core dumping, try "ulimit -c unlimited" before starting Java again
#

---------------  T H R E A D  ---------------

Current thread (0x00007f9060078000):  VMThread [stack: 0x00007f90508f9000,0x00007f90509fa000] [id=17034]

Stack: [0x00007f90508f9000,0x00007f90509fa000],  sp=0x00007f90509f80a0,  free space=1020k
Native frames: (J=compiled Java code, j=interpreted, Vv=VM code, C=native code)
V  [libjvm.so+0xac5c2a]  VMError::report_and_die()+0x2ba
V  [libjvm.so+0x4fc50b]  report_vm_out_of_memory(char const*, int, unsigned long, VMErrorType, char const*)+0x8b
V  [libjvm.so+0x922ae3]  os::Linux::commit_memory_impl(char*, unsigned long, bool)+0x103
V  [libjvm.so+0x923039]  os::pd_commit_memory(char*, unsigned long, unsigned long, bool)+0x29
V  [libjvm.so+0x91d33a]  os::commit_memory(char*, unsigned long, unsigned long, bool)+0x2a
V  [libjvm.so+0x991ac3]  PSVirtualSpace::expand_by(unsigned long)+0x53
V  [libjvm.so+0x982380]  PSOldGen::expand(unsigned long)+0x170
V  [libjvm.so+0x98258b]  PSOldGen::resize(unsigned long)+0x1cb
V  [libjvm.so+0x98a291]  PSParallelCompact::invoke_no_policy(bool)+0x991
V  [libjvm.so+0x98fbed]  PSScavenge::invoke()+0x1ad
V  [libjvm.so+0x9467d0]  ParallelScavengeHeap::failed_mem_allocate(unsigned long)+0x70
V  [libjvm.so+0xac7647]  VM_ParallelGCFailedAllocation::doit()+0x97
V  [libjvm.so+0xacf125]  VM_Operation::evaluate()+0x55
V  [libjvm.so+0xacd4fa]  VMThread::evaluate_operation(VM_Operation*)+0xba
V  [libjvm.so+0xacd87e]  VMThread::loop()+0x1ce
V  [libjvm.so+0xacdcf0]  VMThread::run()+0x70
V  [libjvm.so+0x924ea8]  java_start(Thread*)+0x108

VM_Operation (0x00007f8fdbffde70): ParallelGCFailedAllocation, mode: safepoint, requested by thread 0x00007f8fe4071000


---------------  P R O C E S S  ---------------

Java Threads: ( => current thread )
  0x00007f8fe4073000 JavaThread "pool-5-thread-4" [_thread_blocked, id=17072, stack(0x00007f8fdbdfe000,0x00007f8fdbeff000)]
  0x00007f8fe4071000 JavaThread "pool-5-thread-3" [_thread_blocked, id=17071, stack(0x00007f8fdbeff000,0x00007f8fdc000000)]
  0x00007f8fe406f800 JavaThread "pool-5-thread-2" [_thread_blocked, id=17070, stack(0x00007f904006e000,0x00007f904016f000)]
  0x00007f8fe406d800 JavaThread "pool-6-thread-1" [_thread_blocked, id=17069, stack(0x00007f904016f000,0x00007f9040270000)]
  0x00007f8fe406c800 JavaThread "pool-5-thread-1" [_thread_blocked, id=17068, stack(0x00007f9040270000,0x00007f9040371000)]
  0x00007f9000eca000 JavaThread "pool-3-thread-1" [_thread_blocked, id=17067, stack(0x00007f9040491000,0x00007f9040592000)]
  0x00007f9000c1a000 JavaThread "File lock request listener" [_thread_in_native, id=17061, stack(0x00007f9041f64000,0x00007f9042065000)]
  0x00007f9000010800 JavaThread "Asynchronous log dispatcher for org.gradle.launcher.daemon.server.DefaultDaemonConnection@1a11251" [_thread_blocked, id=17057, stack(0x00007f9042c9c000,0x00007f9042d9d000)]
  0x00007f900400d800 JavaThread "Daemon worker" [_thread_blocked, id=17054, stack(0x00007f9042d9d000,0x00007f9042e9e000)]
  0x00007f900400c800 JavaThread "Cancel handler" [_thread_blocked, id=17053, stack(0x00007f9042e9e000,0x00007f9042f9f000)]
  0x00007f9004005800 JavaThread "Handler for socket connection from /127.0.0.1:43283 to /127.0.0.1:60568" [_thread_in_native, id=17052, stack(0x00007f9042f9f000,0x00007f90430a0000)]
  0x00007f9010016000 JavaThread "Daemon" [_thread_blocked, id=17051, stack(0x00007f90430a0000,0x00007f90431a1000)]
  0x00007f9060b0a000 JavaThread "Incoming local TCP Connector on port 43283" [_thread_in_native, id=17050, stack(0x00007f90433a8000,0x00007f90434a9000)]
  0x00007f9060ad3800 JavaThread "pool-1-thread-1" [_thread_blocked, id=17049, stack(0x00007f90434a9000,0x00007f90435aa000)]
  0x00007f90600c1000 JavaThread "Service Thread" daemon [_thread_blocked, id=17041, stack(0x00007f9048afb000,0x00007f9048bfc000)]
  0x00007f90600bd800 JavaThread "C1 CompilerThread2" daemon [_thread_blocked, id=17040, stack(0x00007f9048bfc000,0x00007f9048cfd000)]
  0x00007f90600bb800 JavaThread "C2 CompilerThread1" daemon [_thread_blocked, id=17039, stack(0x00007f9048cfd000,0x00007f9048dfe000)]
  0x00007f90600b9000 JavaThread "C2 CompilerThread0" daemon [_thread_blocked, id=17038, stack(0x00007f9048dfe000,0x00007f9048eff000)]
  0x00007f90600b7800 JavaThread "Signal Dispatcher" daemon [_thread_blocked, id=17037, stack(0x00007f9048eff000,0x00007f9049000000)]
  0x00007f9060084800 JavaThread "Finalizer" daemon [_thread_blocked, id=17036, stack(0x00007f90506f7000,0x00007f90507f8000)]
  0x00007f906007f800 JavaThread "Reference Handler" daemon [_thread_blocked, id=17035, stack(0x00007f90507f8000,0x00007f90508f9000)]
  0x00007f906000a000 JavaThread "main" [_thread_blocked, id=17029, stack(0x00007f90692e0000,0x00007f90693e1000)]

Other Threads:
=>0x00007f9060078000 VMThread [stack: 0x00007f90508f9000,0x00007f90509fa000] [id=17034]
  0x00007f90600c3800 WatcherThread [stack: 0x00007f90489fa000,0x00007f9048afb000] [id=17042]

VM state:at safepoint (normal execution)

VM Mutex/Monitor currently owned by a thread:  ([mutex/lock_event])
[0x00007f9060005bb0] ExpandHeap_lock - owner thread: 0x00007f9060078000
[0x00007f9060006230] Threads_lock - owner thread: 0x00007f9060078000
[0x00007f9060006730] Heap_lock - owner thread: 0x00007f8fe4071000

Heap:
 PSYoungGen      total 349696K, used 0K [0x00000000e0000000, 0x0000000100000000, 0x0000000100000000)
  eden space 175104K, 0% used [0x00000000e0000000,0x00000000e0000000,0x00000000eab00000)
  from space 174592K, 0% used [0x00000000f5580000,0x00000000f5580000,0x0000000100000000)
  to   space 174592K, 0% used [0x00000000eab00000,0x00000000eab00000,0x00000000f5580000)
 ParOldGen       total 775168K, used 729395K [0x00000000a0000000, 0x00000000cf500000, 0x00000000e0000000)
  object space 775168K, 94% used [0x00000000a0000000,0x00000000cc84ce58,0x00000000cf500000)
 Metaspace       used 52805K, capacity 54116K, committed 54400K, reserved 1095680K
  class space    used 6997K, capacity 7294K, committed 7296K, reserved 1048576K

Card table byte_map: [0x00007f9065d90000,0x00007f9066091000] byte_map_base: 0x00007f9065890000

Marking Bits: (ParMarkBitMap*) 0x00007f90687b4220
 Begin Bits: [0x00007f9049000000, 0x00007f904a800000)
 End Bits:   [0x00007f904a800000, 0x00007f904c000000)

Polling page: 0x00007f9069403000

CodeCache: size=245760Kb used=29935Kb max_used=30048Kb free=215824Kb
 bounds [0x00007f9051000000, 0x00007f9052dc0000, 0x00007f9060000000]
 total_blobs=8881 nmethods=8169 adapters=624
 compilation: enabled

Compilation events (10 events):
Event: 72.461 Thread 0x00007f90600b9000 nmethod 9745 0x00007f9052907fd0 code [0x00007f9052908120, 0x00007f9052908208]
Event: 72.461 Thread 0x00007f90600b9000 9757       4       com.android.dx.rop.code.RegisterSpec::getBasicFrameType (10 bytes)
Event: 72.462 Thread 0x00007f90600b9000 nmethod 9757 0x00007f9051d88c50 code [0x00007f9051d88da0, 0x00007f9051d88e18]
Event: 72.462 Thread 0x00007f90600b9000 9072       4       com.android.dx.ssa.SsaInsn::<init> (29 bytes)
Event: 72.463 Thread 0x00007f90600b9000 nmethod 9072 0x00007f9051d9e550 code [0x00007f9051d9e6a0, 0x00007f9051d9e738]
Event: 72.463 Thread 0x00007f90600b9000 9779       4       com.android.dx.cf.code.Simulator$SimVisitor::visitConstant (332 bytes)
Event: 73.268 Thread 0x00007f90600b9000 nmethod 9779 0x00007f90529b09d0 code [0x00007f90529b10c0, 0x00007f90529b5c40]
Event: 73.269 Thread 0x00007f90600b9000 10025   !   4       com.android.dx.cf.code.Ropper::doit (126 bytes)
Event: 73.720 Thread 0x00007f90600bd800 10077       2       com.android.dx.ssa.back.FirstFitLocalCombiningAllocator::addMapping (76 bytes)
Event: 73.722 Thread 0x00007f90600bd800 nmethod 10077 0x00007f90528437d0 code [0x00007f9052843a00, 0x00007f9052843f78]

GC Heap History (10 events):
Event: 68.068 GC heap after
Heap after GC invocations=34 (full 6):
 PSYoungGen      total 348160K, used 54102K [0x00000000e0000000, 0x0000000100000000, 0x0000000100000000)
  eden space 231424K, 0% used [0x00000000e0000000,0x00000000e0000000,0x00000000ee200000)
  from space 116736K, 46% used [0x00000000f8e00000,0x00000000fc2d5b00,0x0000000100000000)
  to   space 146432K, 0% used [0x00000000ee200000,0x00000000ee200000,0x00000000f7100000)
 ParOldGen       total 753664K, used 518125K [0x00000000a0000000, 0x00000000ce000000, 0x00000000e0000000)
  object space 753664K, 68% used [0x00000000a0000000,0x00000000bf9fb7e0,0x00000000ce000000)
 Metaspace       used 52776K, capacity 54116K, committed 54400K, reserved 1095680K
  class space    used 6993K, capacity 7294K, committed 7296K, reserved 1048576K
}
Event: 70.212 GC heap before
{Heap before GC invocations=35 (full 6):
 PSYoungGen      total 348160K, used 285526K [0x00000000e0000000, 0x0000000100000000, 0x0000000100000000)
  eden space 231424K, 100% used [0x00000000e0000000,0x00000000ee200000,0x00000000ee200000)
  from space 116736K, 46% used [0x00000000f8e00000,0x00000000fc2d5b00,0x0000000100000000)
  to   space 146432K, 0% used [0x00000000ee200000,0x00000000ee200000,0x00000000f7100000)
 ParOldGen       total 753664K, used 518125K [0x00000000a0000000, 0x00000000ce000000, 0x00000000e0000000)
  object space 753664K, 68% used [0x00000000a0000000,0x00000000bf9fb7e0,0x00000000ce000000)
 Metaspace       used 52805K, capacity 54116K, committed 54400K, reserved 1095680K
  class space    used 6997K, capacity 7294K, committed 7296K, reserved 1048576K
Event: 70.563 GC heap after
Heap after GC invocations=35 (full 6):
 PSYoungGen      total 344064K, used 112380K [0x00000000e0000000, 0x0000000100000000, 0x0000000100000000)
  eden space 231424K, 0% used [0x00000000e0000000,0x00000000e0000000,0x00000000ee200000)
  from space 112640K, 99% used [0x00000000ee200000,0x00000000f4fbf008,0x00000000f5000000)
  to   space 157696K, 0% used [0x00000000f6600000,0x00000000f6600000,0x0000000100000000)
 ParOldGen       total 753664K, used 555957K [0x00000000a0000000, 0x00000000ce000000, 0x00000000e0000000)
  object space 753664K, 73% used [0x00000000a0000000,0x00000000c1eed5c0,0x00000000ce000000)
 Metaspace       used 52805K, capacity 54116K, committed 54400K, reserved 1095680K
  class space    used 6997K, capacity 7294K, committed 7296K, reserved 1048576K
}
Event: 71.112 GC heap before
{Heap before GC invocations=36 (full 6):
 PSYoungGen      total 344064K, used 343804K [0x00000000e0000000, 0x0000000100000000, 0x0000000100000000)
  eden space 231424K, 100% used [0x00000000e0000000,0x00000000ee200000,0x00000000ee200000)
  from space 112640K, 99% used [0x00000000ee200000,0x00000000f4fbf008,0x00000000f5000000)
  to   space 157696K, 0% used [0x00000000f6600000,0x00000000f6600000,0x0000000100000000)
 ParOldGen       total 753664K, used 555957K [0x00000000a0000000, 0x00000000ce000000, 0x00000000e0000000)
  object space 753664K, 73% used [0x00000000a0000000,0x00000000c1eed5c0,0x00000000ce000000)
 Metaspace       used 52805K, capacity 54116K, committed 54400K, reserved 1095680K
  class space    used 6997K, capacity 7294K, committed 7296K, reserved 1048576K
Event: 71.242 GC heap after
Heap after GC invocations=36 (full 6):
 PSYoungGen      total 332800K, used 157686K [0x00000000e0000000, 0x0000000100000000, 0x0000000100000000)
  eden space 175104K, 0% used [0x00000000e0000000,0x00000000e0000000,0x00000000eab00000)
  from space 157696K, 99% used [0x00000000f6600000,0x00000000ffffd8a8,0x0000000100000000)
  to   space 174592K, 0% used [0x00000000eab00000,0x00000000eab00000,0x00000000f5580000)
 ParOldGen       total 753664K, used 560362K [0x00000000a0000000, 0x00000000ce000000, 0x00000000e0000000)
  object space 753664K, 74% used [0x00000000a0000000,0x00000000c233ab90,0x00000000ce000000)
 Metaspace       used 52805K, capacity 54116K, committed 54400K, reserved 1095680K
  class space    used 6997K, capacity 7294K, committed 7296K, reserved 1048576K
}
Event: 73.045 GC heap before
{Heap before GC invocations=37 (full 6):
 PSYoungGen      total 332800K, used 332790K [0x00000000e0000000, 0x0000000100000000, 0x0000000100000000)
  eden space 175104K, 100% used [0x00000000e0000000,0x00000000eab00000,0x00000000eab00000)
  from space 157696K, 99% used [0x00000000f6600000,0x00000000ffffd8a8,0x0000000100000000)
  to   space 174592K, 0% used [0x00000000eab00000,0x00000000eab00000,0x00000000f5580000)
 ParOldGen       total 753664K, used 560362K [0x00000000a0000000, 0x00000000ce000000, 0x00000000e0000000)
  object space 753664K, 74% used [0x00000000a0000000,0x00000000c233ab90,0x00000000ce000000)
 Metaspace       used 52805K, capacity 54116K, committed 54400K, reserved 1095680K
  class space    used 6997K, capacity 7294K, committed 7296K, reserved 1048576K
Event: 73.266 GC heap after
Heap after GC invocations=37 (full 6):
 PSYoungGen      total 349696K, used 153926K [0x00000000e0000000, 0x0000000100000000, 0x0000000100000000)
  eden space 175104K, 0% used [0x00000000e0000000,0x00000000e0000000,0x00000000eab00000)
  from space 174592K, 88% used [0x00000000eab00000,0x00000000f4151bf8,0x00000000f5580000)
  to   space 174592K, 0% used [0x00000000f5580000,0x00000000f5580000,0x0000000100000000)
 ParOldGen       total 753664K, used 621303K [0x00000000a0000000, 0x00000000ce000000, 0x00000000e0000000)
  object space 753664K, 82% used [0x00000000a0000000,0x00000000c5ebde58,0x00000000ce000000)
 Metaspace       used 52805K, capacity 54116K, committed 54400K, reserved 1095680K
  class space    used 6997K, capacity 7294K, committed 7296K, reserved 1048576K
}
Event: 73.786 GC heap before
{Heap before GC invocations=38 (full 6):
 PSYoungGen      total 349696K, used 329030K [0x00000000e0000000, 0x0000000100000000, 0x0000000100000000)
  eden space 175104K, 100% used [0x00000000e0000000,0x00000000eab00000,0x00000000eab00000)
  from space 174592K, 88% used [0x00000000eab00000,0x00000000f4151bf8,0x00000000f5580000)
  to   space 174592K, 0% used [0x00000000f5580000,0x00000000f5580000,0x0000000100000000)
 ParOldGen       total 753664K, used 621303K [0x00000000a0000000, 0x00000000ce000000, 0x00000000e0000000)
  object space 753664K, 82% used [0x00000000a0000000,0x00000000c5ebde58,0x00000000ce000000)
 Metaspace       used 52805K, capacity 54116K, committed 54400K, reserved 1095680K
  class space    used 6997K, capacity 7294K, committed 7296K, reserved 1048576K
Event: 74.064 GC heap after
Heap after GC invocations=38 (full 6):
 PSYoungGen      total 349696K, used 74102K [0x00000000e0000000, 0x0000000100000000, 0x0000000100000000)
  eden space 175104K, 0% used [0x00000000e0000000,0x00000000e0000000,0x00000000eab00000)
  from space 174592K, 42% used [0x00000000f5580000,0x00000000f9dddb58,0x0000000100000000)
  to   space 174592K, 0% used [0x00000000eab00000,0x00000000eab00000,0x00000000f5580000)
 ParOldGen       total 775168K, used 774251K [0x00000000a0000000, 0x00000000cf500000, 0x00000000e0000000)
  object space 775168K, 99% used [0x00000000a0000000,0x00000000cf41afd8,0x00000000cf500000)
 Metaspace       used 52805K, capacity 54116K, committed 54400K, reserved 1095680K
  class space    used 6997K, capacity 7294K, committed 7296K, reserved 1048576K
}
Event: 74.064 GC heap before
{Heap before GC invocations=39 (full 7):
 PSYoungGen      total 349696K, used 74102K [0x00000000e0000000, 0x0000000100000000, 0x0000000100000000)
  eden space 175104K, 0% used [0x00000000e0000000,0x00000000e0000000,0x00000000eab00000)
  from space 174592K, 42% used [0x00000000f5580000,0x00000000f9dddb58,0x0000000100000000)
  to   space 174592K, 0% used [0x00000000eab00000,0x00000000eab00000,0x00000000f5580000)
 ParOldGen       total 775168K, used 774251K [0x00000000a0000000, 0x00000000cf500000, 0x00000000e0000000)
  object space 775168K, 99% used [0x00000000a0000000,0x00000000cf41afd8,0x00000000cf500000)
 Metaspace       used 52805K, capacity 54116K, committed 54400K, reserved 1095680K
  class space    used 6997K, capacity 7294K, committed 7296K, reserved 1048576K

Deoptimization events (10 events):
Event: 70.717 Thread 0x00007f8fe406c800 Uncommon trap: reason=class_check action=maybe_recompile pc=0x00007f9052761578 method=com.android.dx.ssa.back.InterferenceGraph.add(II)V @ 19
Event: 70.722 Thread 0x00007f8fe4073000 Uncommon trap: reason=class_check action=maybe_recompile pc=0x00007f9052accf88 method=com.android.dx.ssa.SsaConverter.placePhiFunctions(Lcom/android/dx/ssa/SsaMethod;Lcom/android/dx/ssa/LocalVariableInfo;I)V @ 257
Event: 70.877 Thread 0x00007f8fe406c800 Uncommon trap: reason=class_check action=maybe_recompile pc=0x00007f9052c80418 method=com.android.dx.ssa.back.InterferenceGraph.mergeInterferenceSet(ILcom/android/dx/util/IntSet;)V @ 20
Event: 70.879 Thread 0x00007f8fe406c800 Uncommon trap: reason=class_check action=maybe_recompile pc=0x00007f9052c80418 method=com.android.dx.ssa.back.InterferenceGraph.mergeInterferenceSet(ILcom/android/dx/util/IntSet;)V @ 20
Event: 70.879 Thread 0x00007f8fe406c800 Uncommon trap: reason=class_check action=maybe_recompile pc=0x00007f9052c80418 method=com.android.dx.ssa.back.InterferenceGraph.mergeInterferenceSet(ILcom/android/dx/util/IntSet;)V @ 20
Event: 70.886 Thread 0x00007f8fe406c800 Uncommon trap: reason=class_check action=maybe_recompile pc=0x00007f9052c80418 method=com.android.dx.ssa.back.InterferenceGraph.mergeInterferenceSet(ILcom/android/dx/util/IntSet;)V @ 20
Event: 70.901 Thread 0x00007f8fe406f800 Uncommon trap: reason=class_check action=maybe_recompile pc=0x00007f9052accf88 method=com.android.dx.ssa.SsaConverter.placePhiFunctions(Lcom/android/dx/ssa/SsaMethod;Lcom/android/dx/ssa/LocalVariableInfo;I)V @ 257
Event: 71.588 Thread 0x00007f9000eca000 Uncommon trap: reason=unstable_if action=reinterpret pc=0x00007f90528ec2e8 method=com.android.dx.rop.code.LocalVariableInfo.mergeStarts(ILcom/android/dx/rop/code/RegisterSpecSet;)Z @ 31
Event: 71.613 Thread 0x00007f9000eca000 Uncommon trap: reason=unstable_if action=reinterpret pc=0x00007f9052d9e490 method=com.android.dx.cf.code.RopperMachine.updateReturnOp(Lcom/android/dx/rop/code/Rop;Lcom/android/dx/rop/code/SourcePosition;)V @ 106
Event: 73.716 Thread 0x00007f8fe4073000 Uncommon trap: reason=unstable_if action=reinterpret pc=0x00007f9052707b64 method=com.android.dx.util.BitIntSet.has(I)Z @ 8

Internal exceptions (10 events):
Event: 34.003 Thread 0x00007f900400d800 Exception <a 'java/lang/ClassNotFoundException': org/gradle/platform/base/BinaryContainer_ImplCustomizer> (0x00000000e3820ff0) thrown at [/HUDSON3/workspace/8-2-build-linux-amd64/jdk8u111/7883/hotspot/src/share/vm/classfile/systemDictionary.cpp, line 210]
Event: 34.226 Thread 0x00007f900400d800 Exception <a 'java/lang/NoSuchMethodError': <clinit>> (0x00000000e40ca770) thrown at [/HUDSON3/workspace/8-2-build-linux-amd64/jdk8u111/7883/hotspot/src/share/vm/prims/jni.cpp, line 1613]
Event: 34.227 Thread 0x00007f900400d800 Exception <a 'java/lang/NoSuchMethodError': <clinit>> (0x00000000e40d7770) thrown at [/HUDSON3/workspace/8-2-build-linux-amd64/jdk8u111/7883/hotspot/src/share/vm/prims/jni.cpp, line 1613]
Event: 34.254 Thread 0x00007f900400d800 Exception <a 'java/lang/NoSuchMethodError': <clinit>> (0x00000000e42abeb8) thrown at [/HUDSON3/workspace/8-2-build-linux-amd64/jdk8u111/7883/hotspot/src/share/vm/prims/jni.cpp, line 1613]
Event: 34.256 Thread 0x00007f900400d800 Exception <a 'java/lang/NoSuchMethodError': <clinit>> (0x00000000e42c46c8) thrown at [/HUDSON3/workspace/8-2-build-linux-amd64/jdk8u111/7883/hotspot/src/share/vm/prims/jni.cpp, line 1613]
Event: 34.256 Thread 0x00007f900400d800 Exception <a 'java/lang/NoSuchMethodError': <clinit>> (0x00000000e42c5be0) thrown at [/HUDSON3/workspace/8-2-build-linux-amd64/jdk8u111/7883/hotspot/src/share/vm/prims/jni.cpp, line 1613]
Event: 38.334 Thread 0x00007f8fe4073000 Implicit null exception at 0x00007f90512a0565 to 0x00007f90512a1141
Event: 39.150 Thread 0x00007f8fe4071000 Implicit null exception at 0x00007f905275f38d to 0x00007f905275f569
Event: 43.541 Thread 0x00007f8fe4071000 Implicit null exception at 0x00007f9052a4325c to 0x00007f9052a43955
Event: 45.382 Thread 0x00007f9000eca000 Implicit null exception at 0x00007f90516ff303 to 0x00007f90516ff985

Events (10 events):
Event: 73.516 Thread 0x00007f8fe4073000 DEOPT PACKING pc=0x00007f905273f790 sp=0x00007f8fdbefcc80
Event: 73.516 Thread 0x00007f8fe4073000 DEOPT UNPACKING pc=0x00007f9051047633 sp=0x00007f8fdbefca80 mode 0
Event: 73.716 Thread 0x00007f8fe4073000 Uncommon trap: trap_request=0xffffff65 fr.pc=0x00007f9052707b64
Event: 73.716 Thread 0x00007f8fe4073000 DEOPT PACKING pc=0x00007f9052707b64 sp=0x00007f8fdbefccc0
Event: 73.716 Thread 0x00007f8fe4073000 DEOPT UNPACKING pc=0x00007f9051005229 sp=0x00007f8fdbefcb18 mode 2
Event: 73.734 Thread 0x00007f8fe406c800 DEOPT PACKING pc=0x00007f905273f790 sp=0x00007f904036eeb0
Event: 73.734 Thread 0x00007f8fe406c800 DEOPT UNPACKING pc=0x00007f9051047633 sp=0x00007f904036ecb0 mode 0
Event: 73.760 Thread 0x00007f8fe406c800 DEOPT PACKING pc=0x00007f9051aa7521 sp=0x00007f904036efe0
Event: 73.760 Thread 0x00007f8fe406c800 DEOPT UNPACKING pc=0x00007f9051047633 sp=0x00007f904036ed90 mode 0
Event: 73.784 Executing VM operation: ParallelGCFailedAllocation


Dynamic libraries:
00400000-00401000 r-xp 00000000 08:02 182546                             /usr/lib/jvm/java-8-oracle/bin/java
00600000-00601000 rw-p 00000000 08:02 182546                             /usr/lib/jvm/java-8-oracle/bin/java
01927000-01948000 rw-p 00000000 00:00 0                                  [heap]
a0000000-cf500000 rw-p 00000000 00:00 0 
dfc00000-e0000000 ---p 00000000 00:00 0 
e0000000-100000000 rw-p 00000000 00:00 0 
100000000-100720000 rw-p 00000000 00:00 0 
100720000-140000000 ---p 00000000 00:00 0 
7f8fcc000000-7f8fcc027000 rw-p 00000000 00:00 0 
7f8fcc027000-7f8fd0000000 ---p 00000000 00:00 0 
7f8fd4000000-7f8fd405f000 rw-p 00000000 00:00 0 
7f8fd405f000-7f8fd8000000 ---p 00000000 00:00 0 
7f8fdbbfe000-7f8fdbdfe000 rw-p 00000000 00:00 0 
7f8fdbdfe000-7f8fdbe01000 ---p 00000000 00:00 0 
7f8fdbe01000-7f8fdbeff000 rw-p 00000000 00:00 0 
7f8fdbeff000-7f8fdbf02000 ---p 00000000 00:00 0 
7f8fdbf02000-7f8fdc000000 rw-p 00000000 00:00 0 
7f8fdc000000-7f8fdc021000 rw-p 00000000 00:00 0 
7f8fdc021000-7f8fe0000000 ---p 00000000 00:00 0 
7f8fe0000000-7f8fe0046000 rw-p 00000000 00:00 0 
7f8fe0046000-7f8fe4000000 ---p 00000000 00:00 0 
7f8fe4000000-7f8fe4207000 rw-p 00000000 00:00 0 
7f8fe4207000-7f8fe8000000 ---p 00000000 00:00 0 
7f8fe8000000-7f8fe804f000 rw-p 00000000 00:00 0 
7f8fe804f000-7f8fec000000 ---p 00000000 00:00 0 
7f8fec000000-7f8fec021000 rw-p 00000000 00:00 0 
7f8fec021000-7f8ff0000000 ---p 00000000 00:00 0 
7f8ff0000000-7f8ff0021000 rw-p 00000000 00:00 0 
7f8ff0021000-7f8ff4000000 ---p 00000000 00:00 0 
7f8ff4000000-7f8ff4021000 rw-p 00000000 00:00 0 
7f8ff4021000-7f8ff8000000 ---p 00000000 00:00 0 
7f8ff8000000-7f8ff8021000 rw-p 00000000 00:00 0 
7f8ff8021000-7f8ffc000000 ---p 00000000 00:00 0 
7f8ffc000000-7f8ffc021000 rw-p 00000000 00:00 0 
7f8ffc021000-7f9000000000 ---p 00000000 00:00 0 
7f9000000000-7f90010f6000 rw-p 00000000 00:00 0 
7f90010f6000-7f9004000000 ---p 00000000 00:00 0 
7f9004000000-7f9004021000 rw-p 00000000 00:00 0 
7f9004021000-7f9008000000 ---p 00000000 00:00 0 
7f9008000000-7f9008021000 rw-p 00000000 00:00 0 
7f9008021000-7f900c000000 ---p 00000000 00:00 0 
7f900c000000-7f900c021000 rw-p 00000000 00:00 0 
7f900c021000-7f9010000000 ---p 00000000 00:00 0 
7f9010000000-7f9010073000 rw-p 00000000 00:00 0 
7f9010073000-7f9014000000 ---p 00000000 00:00 0 
7f9014000000-7f9014021000 rw-p 00000000 00:00 0 
7f9014021000-7f9018000000 ---p 00000000 00:00 0 
7f9018000000-7f9018021000 rw-p 00000000 00:00 0 
7f9018021000-7f901c000000 ---p 00000000 00:00 0 
7f901c000000-7f901df48000 rw-p 00000000 00:00 0 
7f901df48000-7f9020000000 ---p 00000000 00:00 0 
7f9020000000-7f9020c02000 rw-p 00000000 00:00 0 
7f9020c02000-7f9024000000 ---p 00000000 00:00 0 
7f9024000000-7f9024021000 rw-p 00000000 00:00 0 
7f9024021000-7f9028000000 ---p 00000000 00:00 0 
7f9028000000-7f902a6a8000 rw-p 00000000 00:00 0 
7f902a6a8000-7f902c000000 ---p 00000000 00:00 0 
7f902c000000-7f902c021000 rw-p 00000000 00:00 0 
7f902c021000-7f9030000000 ---p 00000000 00:00 0 
7f9030000000-7f9030021000 rw-p 00000000 00:00 0 
7f9030021000-7f9034000000 ---p 00000000 00:00 0 
7f9034000000-7f9034119000 rw-p 00000000 00:00 0 
7f9034119000-7f9038000000 ---p 00000000 00:00 0 
7f9038000000-7f9038307000 rw-p 00000000 00:00 0 
7f9038307000-7f903c000000 ---p 00000000 00:00 0 
7f903c000000-7f903c06a000 rw-p 00000000 00:00 0 
7f903c06a000-7f9040000000 ---p 00000000 00:00 0 
7f904006e000-7f9040071000 ---p 00000000 00:00 0 
7f9040071000-7f904016f000 rw-p 00000000 00:00 0 
7f904016f000-7f9040172000 ---p 00000000 00:00 0 
7f9040172000-7f9040270000 rw-p 00000000 00:00 0 
7f9040270000-7f9040273000 ---p 00000000 00:00 0 
7f9040273000-7f9040371000 rw-p 00000000 00:00 0 
7f9040371000-7f9040491000 r--s 00bce000 08:02 4525009                    /home/ankit/Desktop/Evento/app/build/intermediates/transforms/jarMerging/debug/jars/1/1f/combined.jar
7f9040491000-7f9040494000 ---p 00000000 00:00 0 
7f9040494000-7f9040792000 rw-p 00000000 00:00 0 
7f9040792000-7f9040992000 rw-p 00000000 00:00 0 
7f9040992000-7f9040b92000 rw-p 00000000 00:00 0 
7f9040b92000-7f9040d92000 rw-p 00000000 00:00 0 
7f9040d92000-7f9040f92000 rw-p 00000000 00:00 0 
7f9040f92000-7f9041192000 rw-p 00000000 00:00 0 
7f9041192000-7f9041392000 rw-p 00000000 00:00 0 
7f9041392000-7f9041592000 rw-p 00000000 00:00 0 
7f9041592000-7f9041792000 rw-p 00000000 00:00 0 
7f9041792000-7f9041992000 rw-p 00000000 00:00 0 
7f9041992000-7f9041b92000 rw-p 00000000 00:00 0 
7f9041b92000-7f9041d92000 rw-p 00000000 00:00 0 
7f9041e3b000-7f9041e3c000 rw-p 00000000 00:00 0 
7f9041e3c000-7f9041e4f000 r--s 00345000 08:02 182681                     /usr/lib/jvm/java-8-oracle/jre/lib/resources.jar
7f9041e4f000-7f9041e7a000 r--s 001fc000 08:02 3802331                    /home/ankit/Downloads/android-studio/gradle/m2repository/com/google/guava/guava/18.0/guava-18.0.jar
7f9041e7a000-7f9041e7b000 r--s 00001000 08:02 3877617                    /home/ankit/Downloads/android-studio/gradle/m2repository/com/android/tools/annotations/25.2.0/annotations-25.2.0.jar
7f9041e7b000-7f9041e8d000 r--s 000b3000 08:02 3989804                    /home/ankit/Downloads/android-studio/gradle/m2repository/com/android/tools/external/com-intellij/uast/145.597.3/uast-145.597.3.jar
7f9041e8d000-7f9041e95000 r--s 000a8000 08:02 3753715                    /home/ankit/Downloads/android-studio/gradle/m2repository/com/android/tools/external/lombok/lombok-ast/0.2.3/lombok-ast-0.2.3.jar
7f9041e95000-7f9041e97000 r--s 0000d000 08:02 3760231                    /home/ankit/Downloads/android-studio/gradle/m2repository/commons-codec/commons-codec/1.4/commons-codec-1.4.jar
7f9041e97000-7f9041e99000 r--s 0000d000 08:02 3540543                    /home/ankit/Downloads/android-studio/gradle/m2repository/commons-logging/commons-logging/1.1.1/commons-logging-1.1.1.jar
7f9041e99000-7f9041e9e000 r--s 00028000 08:02 3753367                    /home/ankit/Downloads/android-studio/gradle/m2repository/org/apache/httpcomponents/httpcore/4.1/httpcore-4.1.jar
7f9041e9e000-7f9041ea2000 r--s 0002f000 08:02 3845228                    /home/ankit/Downloads/android-studio/gradle/m2repository/com/google/jimfs/jimfs/1.1/jimfs-1.1.jar
7f9041ea2000-7f9041ea3000 r--s 00004000 08:02 3753443                    /home/ankit/Downloads/android-studio/gradle/m2repository/com/intellij/annotations/12.0/annotations-12.0.jar
7f9041ea3000-7f9041ea4000 r--s 00004000 08:02 3713300                    /home/ankit/Downloads/android-studio/gradle/m2repository/org/ow2/asm/asm-analysis/5.0.4/asm-analysis-5.0.4.jar
7f9041ea4000-7f9041ea8000 r--s 0003b000 08:02 4017281                    /home/ankit/Downloads/android-studio/gradle/m2repository/com/android/tools/lint/lint-api/25.2.0/lint-api-25.2.0.jar
7f9041ea8000-7f9041ea9000 r--s 0000a000 08:02 3760193                    /home/ankit/Downloads/android-studio/gradle/m2repository/net/sf/kxml/kxml2/2.3.0/kxml2-2.3.0.jar
7f9041ea9000-7f9041eab000 r--s 00005000 08:02 3753358                    /home/ankit/Downloads/android-studio/gradle/m2repository/org/apache/httpcomponents/httpmime/4.1/httpmime-4.1.jar
7f9041eab000-7f9041eb3000 r--s 0004e000 08:02 3753378                    /home/ankit/Downloads/android-studio/gradle/m2repository/org/apache/httpcomponents/httpclient/4.1.1/httpclient-4.1.1.jar
7f9041eb3000-7f9041eba000 r--s 00053000 08:02 3753390                    /home/ankit/Downloads/android-studio/gradle/m2repository/org/apache/commons/commons-compress/1.8.1/commons-compress-1.8.1.jar
7f9041eba000-7f9041ebf000 r--s 0002a000 08:02 3753476                    /home/ankit/Downloads/android-studio/gradle/m2repository/com/google/code/gson/gson/2.2.4/gson-2.2.4.jar
7f9041ebf000-7f9041ec4000 r--s 0002d000 08:02 4000509                    /home/ankit/Downloads/android-studio/gradle/m2repository/com/android/tools/repository/25.2.0/repository-25.2.0.jar
7f9041ec4000-7f9041ec5000 r--s 00005000 08:02 3941528                    /home/ankit/Downloads/android-studio/gradle/m2repository/com/android/tools/dvlib/25.2.0/dvlib-25.2.0.jar
7f9041ec5000-7f9041ec8000 r--s 00014000 08:02 3835823                    /home/ankit/Downloads/android-studio/gradle/m2repository/com/android/tools/layoutlib/layoutlib-api/25.2.0/layoutlib-api-25.2.0.jar
7f9041ec8000-7f9041ecd000 r--s 00058000 08:02 3631976                    /home/ankit/Downloads/android-studio/gradle/m2repository/org/ow2/asm/asm-debug-all/5.0.1/asm-debug-all-5.0.1.jar
7f9041ecd000-7f9041edd000 r--s 000d6000 08:02 3760205                    /home/ankit/Downloads/android-studio/gradle/m2repository/net/sf/proguard/proguard-base/5.2.1/proguard-base-5.2.1.jar
7f9041edd000-7f9041ee0000 r--s 00033000 08:02 3753450                    /home/ankit/Downloads/android-studio/gradle/m2repository/com/googlecode/juniversalchardet/juniversalchardet/1.0.3/juniversalchardet-1.0.3.jar
7f9041ee0000-7f9041ee4000 r--s 0002a000 08:02 3506651                    /home/ankit/Downloads/android-studio/gradle/m2repository/commons-io/commons-io/2.4/commons-io-2.4.jar
7f9041ee4000-7f9041efb000 r--s 00154000 08:02 3787896                    /home/ankit/Downloads/android-studio/gradle/m2repository/org/antlr/antlr4/4.5.3/antlr4-4.5.3.jar
7f9041efb000-7f9041efc000 r--s 00002000 08:02 3845251                    /home/ankit/Downloads/android-studio/gradle/m2repository/com/android/databinding/baseLibrary/2.2.0/baseLibrary-2.2.0.jar
7f9041efc000-7f9041f0f000 r--s 00236000 08:02 3779712                    /home/ankit/Downloads/android-studio/gradle/m2repository/org/eclipse/jdt/core/compiler/ecj/4.5.1/ecj-4.5.1.jar
7f9041f0f000-7f9041f16000 r--s 000c3000 08:02 3927174                    /home/ankit/Downloads/android-studio/gradle/m2repository/com/android/tools/lint/lint-checks/25.2.0/lint-checks-25.2.0.jar
7f9041f16000-7f9041f49000 r--s 00203000 08:02 3753331                    /home/ankit/Downloads/android-studio/gradle/m2repository/org/bouncycastle/bcprov-jdk15on/1.48/bcprov-jdk15on-1.48.jar
7f9041f49000-7f9041f57000 r--s 00081000 08:02 3753336                    /home/ankit/Downloads/android-studio/gradle/m2repository/org/bouncycastle/bcpkix-jdk15on/1.48/bcpkix-jdk15on-1.48.jar
7f9041f57000-7f9041f64000 r--s 000ed000 08:02 4009082                    /home/ankit/Downloads/android-studio/gradle/m2repository/com/android/tools/analytics-library/protos/25.2.0/protos-25.2.0.jar
7f9041f64000-7f9041f67000 ---p 00000000 00:00 0 
7f9041f67000-7f9042265000 rw-p 00000000 00:00 0 
7f9042265000-7f9042267000 r--s 00006000 08:02 3754422                    /home/ankit/Downloads/android-studio/gradle/m2repository/org/ow2/asm/asm-tree/5.0.4/asm-tree-5.0.4.jar
7f9042267000-7f9042269000 r--s 00002000 08:02 3753458                    /home/ankit/Downloads/android-studio/gradle/m2repository/com/squareup/javawriter/2.5.0/javawriter-2.5.0.jar
7f9042269000-7f904226a000 r--s 00002000 08:02 4009078                    /home/ankit/Downloads/android-studio/gradle/m2repository/com/android/tools/analytics-library/tracker/25.2.0/tracker-25.2.0.jar
7f904226a000-7f904226c000 r--s 00003000 08:02 4009086                    /home/ankit/Downloads/android-studio/gradle/m2repository/com/android/tools/analytics-library/shared/25.2.0/shared-25.2.0.jar
7f904226c000-7f904226d000 r--s 00001000 08:02 3753578                    /home/ankit/Downloads/android-studio/gradle/m2repository/com/android/tools/jill/jill-api/0.10.0/jill-api-0.10.0.jar
7f904226d000-7f904226f000 r--s 00003000 08:02 4024806                    /home/ankit/Downloads/android-studio/gradle/m2repository/com/android/tools/jack/jack-api/0.11.0/jack-api-0.11.0.jar
7f904226f000-7f9042274000 r--s 0004a000 08:02 3918754                    /home/ankit/Downloads/android-studio/gradle/m2repository/com/android/tools/ddms/ddmlib/25.2.0/ddmlib-25.2.0.jar
7f9042274000-7f9042277000 r--s 00021000 08:02 3910779                    /home/ankit/Downloads/android-studio/gradle/m2repository/com/android/tools/build/manifest-merger/25.2.0/manifest-merger-25.2.0.jar
7f9042277000-7f9042279000 r--s 0001c000 08:02 4031682                    /home/ankit/Downloads/android-studio/gradle/m2repository/com/android/tools/common/25.2.0/common-25.2.0.jar
7f9042279000-7f9042282000 r--s 00083000 08:02 3885105                    /home/ankit/Downloads/android-studio/gradle/m2repository/com/android/tools/sdk-common/25.2.0/sdk-common-25.2.0.jar
7f9042282000-7f904228d000 r--s 0008e000 08:02 4024802                    /home/ankit/Downloads/android-studio/gradle/m2repository/com/android/tools/sdklib/25.2.0/sdklib-25.2.0.jar
7f904228d000-7f904228e000 r--s 00002000 08:02 3894391                    /home/ankit/Downloads/android-studio/gradle/m2repository/com/android/tools/build/builder-test-api/2.2.0/builder-test-api-2.2.0.jar
7f904228e000-7f9042291000 r--s 00005000 08:02 3754438                    /home/ankit/Downloads/android-studio/gradle/m2repository/com/android/tools/build/builder-model/2.2.0/builder-model-2.2.0.jar
7f9042291000-7f9042299000 r--s 0007b000 08:02 3819714                    /home/ankit/Downloads/android-studio/gradle/m2repository/com/google/protobuf/protobuf-java/2.5.0/protobuf-java-2.5.0.jar
7f9042299000-7f904229b000 r--s 0000f000 08:02 4041488                    /home/ankit/Downloads/android-studio/gradle/m2repository/net/sf/jopt-simple/jopt-simple/4.9/jopt-simple-4.9.jar
7f904229b000-7f904229f000 r--s 0001f000 08:02 3795671                    /home/ankit/Downloads/android-studio/gradle/m2repository/org/jacoco/org.jacoco.report/0.7.5.201505241946/org.jacoco.report-0.7.5.201505241946.jar
7f904229f000-7f90422a3000 r--s 0001d000 08:02 3787900                    /home/ankit/Downloads/android-studio/gradle/m2repository/org/jacoco/org.jacoco.core/0.7.5.201505241946/org.jacoco.core-0.7.5.201505241946.jar
7f90422a3000-7f90422a4000 r--s 00002000 08:02 3760221                    /home/ankit/Downloads/android-studio/gradle/m2repository/net/sf/proguard/proguard-gradle/5.2.1/proguard-gradle-5.2.1.jar
7f90422a4000-7f90422a6000 r--s 00009000 08:02 3779703                    /home/ankit/Downloads/android-studio/gradle/m2repository/org/ow2/asm/asm-commons/5.0.4/asm-commons-5.0.4.jar
7f90422a6000-7f90422a8000 r--s 0000c000 08:02 3779709                    /home/ankit/Downloads/android-studio/gradle/m2repository/org/ow2/asm/asm/5.0.4/asm-5.0.4.jar
7f90422a8000-7f90422ac000 r--s 0002b000 08:02 3853442                    /home/ankit/Downloads/android-studio/gradle/m2repository/com/android/databinding/compilerCommon/2.2.0/compilerCommon-2.2.0.jar
7f90422ac000-7f90422ad000 r--s 00002000 08:02 3894401                    /home/ankit/Downloads/android-studio/gradle/m2repository/com/android/tools/build/gradle-api/2.2.0/gradle-api-2.2.0.jar
7f90422ad000-7f90422ae000 r--s 00000000 08:02 3753573                    /home/ankit/Downloads/android-studio/gradle/m2repository/com/android/tools/build/transform-api/2.0.0-deprecated-use-gradle-api/transform-api-2.0.0-deprecated-use-gradle-api.jar
7f90422ae000-7f90422b3000 r--s 00053000 08:02 4017271                    /home/ankit/Downloads/android-studio/gradle/m2repository/com/android/tools/lint/lint/25.2.0/lint-25.2.0.jar
7f90422b3000-7f90422ca000 r--s 0015d000 08:02 3885097                    /home/ankit/Downloads/android-studio/gradle/m2repository/com/android/tools/build/builder/2.2.0/builder-2.2.0.jar
7f90422ca000-7f90422e7000 r--s 0019c000 08:02 3910782                    /home/ankit/Downloads/android-studio/gradle/m2repository/com/android/tools/build/gradle-core/2.2.0/gradle-core-2.2.0.jar
7f90422e7000-7f90422e9000 r--s 0000d000 08:02 3802336                    /home/ankit/Downloads/android-studio/gradle/m2repository/com/android/tools/build/gradle/2.2.0/gradle-2.2.0.jar
7f90422e9000-7f90422ec000 ---p 00000000 00:00 0 
7f90422ec000-7f9042322000 rw-p 00000000 00:00 0 
7f9042322000-7f9042323000 r--p 00000000 00:00 0 
7f9042323000-7f9042523000 rw-p 00000000 00:00 0 
7f9042523000-7f9042723000 rw-p 00000000 00:00 0 
7f9042723000-7f9042923000 rw-p 00000000 00:00 0 
7f9042923000-7f904299b000 r--s 010e6000 08:02 158507                     /usr/lib/jvm/java-8-oracle/lib/tools.jar
7f904299b000-7f9042b9b000 rw-p 00000000 00:00 0 
7f9042b9b000-7f9042b9e000 ---p 00000000 00:00 0 
7f9042b9e000-7f9042c9c000 rw-p 00000000 00:00 0 
7f9042c9c000-7f9042c9f000 ---p 00000000 00:00 0 
7f9042c9f000-7f9042d9d000 rw-p 00000000 00:00 0 
7f9042d9d000-7f9042da0000 ---p 00000000 00:00 0 
7f9042da0000-7f9042e9e000 rw-p 00000000 00:00 0 
7f9042e9e000-7f9042ea1000 ---p 00000000 00:00 0 
7f9042ea1000-7f9042f9f000 rw-p 00000000 00:00 0 
7f9042f9f000-7f9042fa2000 ---p 00000000 00:00 0 
7f9042fa2000-7f90430a0000 rw-p 00000000 00:00 0 
7f90430a0000-7f90430a3000 ---p 00000000 00:00 0 
7f90430a3000-7f90431a1000 rw-p 00000000 00:00 0 
7f90431a1000-7f90431a8000 r--s 00000000 08:02 109538                     /usr/lib/x86_64-linux-gnu/gconv/gconv-modules.cache
7f90431a8000-7f90433a8000 rw-p 00000000 00:00 0 
7f90433a8000-7f90433ab000 ---p 00000000 00:00 0 
7f90433ab000-7f90434a9000 rw-p 00000000 00:00 0 
7f90434a9000-7f90434ac000 ---p 00000000 00:00 0 
7f90434ac000-7f90435aa000 rw-p 00000000 00:00 0 
7f90435aa000-7f90435b3000 r-xp 00000000 08:02 200010                     /usr/lib/jvm/java-8-oracle/jre/lib/amd64/libmanagement.so
7f90435b3000-7f90437b2000 ---p 00009000 08:02 200010                     /usr/lib/jvm/java-8-oracle/jre/lib/amd64/libmanagement.so
7f90437b2000-7f90437b3000 rw-p 00008000 08:02 200010                     /usr/lib/jvm/java-8-oracle/jre/lib/amd64/libmanagement.so
7f90437b3000-7f90437b7000 r--s 00097000 08:02 182569                     /usr/lib/jvm/java-8-oracle/jre/lib/jsse.jar
7f90437b7000-7f90437b9000 r--s 00007000 08:02 3402085                    /home/ankit/Downloads/android-studio/gradle/gradle-2.14.1/lib/plugins/gradle-tooling-api-builders-2.14.1.jar
7f90437b9000-7f90437bc000 r--s 00008000 08:02 3402081                    /home/ankit/Downloads/android-studio/gradle/gradle-2.14.1/lib/plugins/gradle-testing-native-2.14.1.jar
7f90437bc000-7f90437be000 r--s 00009000 08:02 3402371                    /home/ankit/Downloads/android-studio/gradle/gradle-2.14.1/lib/plugins/hamcrest-core-1.3.jar
7f90437be000-7f90437c4000 r--s 00033000 08:02 3402325                    /home/ankit/Downloads/android-studio/gradle/gradle-2.14.1/lib/plugins/snakeyaml-1.6.jar
7f90437c4000-7f90437c6000 r--s 00006000 08:02 3402336                    /home/ankit/Downloads/android-studio/gradle/gradle-2.14.1/lib/plugins/jcommander-1.12.jar
7f90437c6000-7f90437cb000 r--s 00040000 08:02 3402324                    /home/ankit/Downloads/android-studio/gradle/gradle-2.14.1/lib/plugins/bsh-2.0b4.jar
7f90437cb000-7f90437d4000 r--s 00089000 08:02 3402339                    /home/ankit/Downloads/android-studio/gradle/gradle-2.14.1/lib/plugins/testng-6.3.1.jar
7f90437d4000-7f90437dc000 r--s 00045000 08:02 3402343                    /home/ankit/Downloads/android-studio/gradle/gradle-2.14.1/lib/plugins/junit-4.12.jar
7f90437dc000-7f90437e2000 r--s 0002e000 08:02 3402091                    /home/ankit/Downloads/android-studio/gradle/gradle-2.14.1/lib/plugins/gradle-testing-jvm-2.14.1.jar
7f90437e2000-7f90437e7000 r--s 00015000 08:02 3402095                    /home/ankit/Downloads/android-studio/gradle/gradle-2.14.1/lib/plugins/gradle-testing-base-2.14.1.jar
7f90437e7000-7f90437e8000 r--s 00002000 08:02 3402342                    /home/ankit/Downloads/android-studio/gradle/gradle-2.14.1/lib/plugins/sonar-batch-bootstrapper-2.9.jar
7f90437e8000-7f90437eb000 r--s 00015000 08:02 3402090                    /home/ankit/Downloads/android-studio/gradle/gradle-2.14.1/lib/plugins/gradle-sonar-2.14.1.jar
7f90437eb000-7f90437f2000 r--s 00038000 08:02 3402356                    /home/ankit/Downloads/android-studio/gradle/gradle-2.14.1/lib/plugins/bcpg-jdk15on-1.51.jar
7f90437f2000-7f90437f4000 r--s 0000d000 08:02 3402293                    /home/ankit/Downloads/android-studio/gradle/gradle-2.14.1/lib/plugins/gradle-signing-2.14.1.jar
7f90437f4000-7f90437f7000 r--s 00009000 08:02 3402099                    /home/ankit/Downloads/android-studio/gradle/gradle-2.14.1/lib/plugins/gradle-scala-2.14.1.jar
7f90437f7000-7f90437f8000 r--s 00004000 08:02 3402295                    /home/ankit/Downloads/android-studio/gradle/gradle-2.14.1/lib/plugins/gradle-resources-sftp-2.14.1.jar
7f90437f8000-7f9043808000 r--s 00088000 08:02 3402329                    /home/ankit/Downloads/android-studio/gradle/gradle-2.14.1/lib/plugins/joda-time-2.8.2.jar
7f9043808000-7f9043819000 r--s 000cf000 08:02 3402375                    /home/ankit/Downloads/android-studio/gradle/gradle-2.14.1/lib/plugins/jackson-databind-2.3.2.jar
7f9043819000-7f904381b000 r--s 00007000 08:02 3402352                    /home/ankit/Downloads/android-studio/gradle/gradle-2.14.1/lib/plugins/jackson-annotations-2.3.2.jar
7f904381b000-7f904381e000 r--s 0002e000 08:02 3402358                    /home/ankit/Downloads/android-studio/gradle/gradle-2.14.1/lib/plugins/jackson-core-2.3.2.jar
7f904381e000-7f9043829000 r--s 0006b000 08:02 3402381                    /home/ankit/Downloads/android-studio/gradle/gradle-2.14.1/lib/plugins/aws-java-sdk-core-1.9.19.jar
7f9043829000-7f904382f000 r--s 00036000 08:02 3402351                    /home/ankit/Downloads/android-studio/gradle/gradle-2.14.1/lib/plugins/aws-java-sdk-kms-1.9.19.jar
7f904382f000-7f904383a000 r--s 00079000 08:02 3402341                    /home/ankit/Downloads/android-studio/gradle/gradle-2.14.1/lib/plugins/aws-java-sdk-s3-1.9.19.jar
7f904383a000-7f904383b000 r--s 00003000 08:02 3402305                    /home/ankit/Downloads/android-studio/gradle/gradle-2.14.1/lib/plugins/gradle-resources-s3-2.14.1.jar
7f904383b000-7f904383d000 r--s 00005000 08:02 3402370                    /home/ankit/Downloads/android-studio/gradle/gradle-2.14.1/lib/plugins/jatl-0.2.2.jar
7f904383d000-7f904383f000 r--s 0000f000 08:02 3402311                    /home/ankit/Downloads/android-studio/gradle/gradle-2.14.1/lib/plugins/gradle-reporting-2.14.1.jar
7f904383f000-7f9043841000 r--s 00002000 08:02 3402252                    /home/ankit/Downloads/android-studio/gradle/gradle-2.14.1/lib/plugins/gradle-publish-2.14.1.jar
7f9043841000-7f9043843000 r--s 00009000 08:02 3402334                    /home/ankit/Downloads/android-studio/gradle/gradle-2.14.1/lib/plugins/commons-cli-1.2.jar
7f9043843000-7f9043849000 r--s 00033000 08:02 3402098                    /home/ankit/Downloads/android-studio/gradle/gradle-2.14.1/lib/plugins/gradle-plugins-2.14.1.jar
7f9043849000-7f904384f000 r--s 0002a000 08:02 3402292                    /home/ankit/Downloads/android-studio/gradle/gradle-2.14.1/lib/plugins/gradle-platform-play-2.14.1.jar
7f904384f000-7f904385c000 r--s 0004d000 08:02 3402291                    /home/ankit/Downloads/android-studio/gradle/gradle-2.14.1/lib/plugins/gradle-platform-native-2.14.1.jar
7f904385c000-7f9043863000 r--s 00029000 08:02 3402097                    /home/ankit/Downloads/android-studio/gradle/gradle-2.14.1/lib/plugins/gradle-platform-base-2.14.1.jar
7f9043863000-7f9043879000 r-xp 00000000 08:02 2624314                    /lib/x86_64-linux-gnu/libgcc_s.so.1
7f9043879000-7f9043a78000 ---p 00016000 08:02 2624314                    /lib/x86_64-linux-gnu/libgcc_s.so.1
7f9043a78000-7f9043a79000 r--p 00015000 08:02 2624314                    /lib/x86_64-linux-gnu/libgcc_s.so.1
7f9043a79000-7f9043a7a000 rw-p 00016000 08:02 2624314                    /lib/x86_64-linux-gnu/libgcc_s.so.1
7f9043a7a000-7f9043bed000 r-xp 00000000 08:02 61223                      /usr/lib/x86_64-linux-gnu/libstdc++.so.6.0.21
7f9043bed000-7f9043dec000 ---p 00173000 08:02 61223                      /usr/lib/x86_64-linux-gnu/libstdc++.so.6.0.21
7f9043dec000-7f9043df6000 r--p 00172000 08:02 61223                      /usr/lib/x86_64-linux-gnu/libstdc++.so.6.0.21
7f9043df6000-7f9043df8000 rw-p 0017c000 08:02 61223                      /usr/lib/x86_64-linux-gnu/libstdc++.so.6.0.21
7f9043df8000-7f9043dfc000 rw-p 00000000 00:00 0 
7f9043dfc000-7f9043e00000 r-xp 00000000 08:02 3391672                    /home/ankit/.gradle/native/19/linux-amd64/libnative-platform.so
7f9043e00000-7f9043fff000 ---p 00004000 08:02 3391672                    /home/ankit/.gradle/native/19/linux-amd64/libnative-platform.so
7f9043fff000-7f9044000000 rw-p 00003000 08:02 3391672                    /home/ankit/.gradle/native/19/linux-amd64/libnative-platform.so
7f9044000000-7f9044118000 rw-p 00000000 00:00 0 
7f9044118000-7f9048000000 ---p 00000000 00:00 0 
7f9048000000-7f9048002000 r--s 00007000 08:02 3402083                    /home/ankit/Downloads/android-studio/gradle/gradle-2.14.1/lib/plugins/gradle-plugin-development-2.14.1.jar
7f9048002000-7f9048006000 r--s 0001a000 08:02 3402304                    /home/ankit/Downloads/android-studio/gradle/gradle-2.14.1/lib/plugins/gradle-platform-jvm-2.14.1.jar
7f9048006000-7f9048027000 r--s 001c3000 08:02 3402322                    /home/ankit/Downloads/android-studio/gradle/gradle-2.14.1/lib/plugins/bndlib-2.4.0.jar
7f9048027000-7f9048029000 r--s 00003000 08:02 3402306                    /home/ankit/Downloads/android-studio/gradle/gradle-2.14.1/lib/plugins/gradle-osgi-2.14.1.jar
7f9048029000-7f904802c000 r--s 0000c000 08:02 3402378                    /home/ankit/Downloads/android-studio/gradle/gradle-2.14.1/lib/plugins/pmaven-groovy-0.8-20100325.jar
7f904802c000-7f904802d000 r--s 00004000 08:02 3402369                    /home/ankit/Downloads/android-studio/gradle/gradle-2.14.1/lib/plugins/pmaven-common-0.8-20100325.jar
7f904802d000-7f9048033000 r--s 00022000 08:02 3402096                    /home/ankit/Downloads/android-studio/gradle/gradle-2.14.1/lib/plugins/gradle-maven-2.14.1.jar
7f9048033000-7f9048035000 r--s 0000a000 08:02 3402088                    /home/ankit/Downloads/android-studio/gradle/gradle-2.14.1/lib/plugins/gradle-language-scala-2.14.1.jar
7f9048035000-7f904803b000 r--s 0001a000 08:02 3402092                    /home/ankit/Downloads/android-studio/gradle/gradle-2.14.1/lib/plugins/gradle-language-native-2.14.1.jar
7f904803b000-7f904803d000 r--s 00008000 08:02 3402084                    /home/ankit/Downloads/android-studio/gradle/gradle-2.14.1/lib/plugins/gradle-language-jvm-2.14.1.jar
7f904803d000-7f9048043000 r--s 00024000 08:02 3402300                    /home/ankit/Downloads/android-studio/gradle/gradle-2.14.1/lib/plugins/gradle-language-java-2.14.1.jar
7f9048043000-7f9048045000 r--s 0000a000 08:02 3402290                    /home/ankit/Downloads/android-studio/gradle/gradle-2.14.1/lib/plugins/gradle-language-groovy-2.14.1.jar
7f9048045000-7f9048048000 r--s 0001e000 08:02 3402319                    /home/ankit/Downloads/android-studio/gradle/gradle-2.14.1/lib/plugins/jsp-api-2.1-6.1.14.jar
7f9048048000-7f904806b000 r--s 00344000 08:02 3402353                    /home/ankit/Downloads/android-studio/gradle/gradle-2.14.1/lib/plugins/core-3.1.1.jar
7f904806b000-7f904806c000 r--s 00006000 08:02 3402376                    /home/ankit/Downloads/android-studio/gradle/gradle-2.14.1/lib/plugins/jetty-naming-6.1.25.jar
7f904806c000-7f904806d000 r--s 00002000 08:02 3402349                    /home/ankit/Downloads/android-studio/gradle/gradle-2.14.1/lib/plugins/geronimo-annotation_1.0_spec-1.0.jar
7f904806d000-7f904806f000 r--s 00002000 08:02 3402373                    /home/ankit/Downloads/android-studio/gradle/gradle-2.14.1/lib/plugins/jetty-annotations-6.1.25.jar
7f904806f000-7f9048080000 r--s 000ea000 08:02 3402379                    /home/ankit/Downloads/android-studio/gradle/gradle-2.14.1/lib/plugins/jsp-2.1-6.1.14.jar
7f9048080000-7f9048082000 r--s 0000d000 08:02 3402354                    /home/ankit/Downloads/android-studio/gradle/gradle-2.14.1/lib/plugins/jetty-plus-6.1.25.jar
7f9048082000-7f9048084000 r--s 0001f000 08:02 3402385                    /home/ankit/Downloads/android-studio/gradle/gradle-2.14.1/lib/plugins/servlet-api-2.5-20081211.jar
7f9048084000-7f9048088000 r--s 00028000 08:02 3402337                    /home/ankit/Downloads/android-studio/gradle/gradle-2.14.1/lib/plugins/jetty-util-6.1.25.jar
7f9048088000-7f904808f000 r--s 0007d000 08:02 3402344                    /home/ankit/Downloads/android-studio/gradle/gradle-2.14.1/lib/plugins/jetty-6.1.25.jar
7f904808f000-7f9048091000 r--s 00009000 08:02 3402309                    /home/ankit/Downloads/android-studio/gradle/gradle-2.14.1/lib/plugins/gradle-jetty-2.14.1.jar
7f9048091000-7f9048098000 r--s 00035000 08:02 3402382                    /home/ankit/Downloads/android-studio/gradle/gradle-2.14.1/lib/plugins/simple-4.1.21.jar
7f9048098000-7f90480a4000 r--s 00100000 08:02 3402330                    /home/ankit/Downloads/android-studio/gradle/gradle-2.14.1/lib/plugins/rhino-1.7R3.jar
7f90480a4000-7f90480a8000 r--s 00011000 08:02 3402297                    /home/ankit/Downloads/android-studio/gradle/gradle-2.14.1/lib/plugins/gradle-javascript-2.14.1.jar
7f90480a8000-7f90480aa000 r--s 0000c000 08:02 3402317                    /home/ankit/Downloads/android-studio/gradle/gradle-2.14.1/lib/plugins/gradle-jacoco-2.14.1.jar
7f90480aa000-7f90480ad000 r--s 0000e000 08:02 3402316                    /home/ankit/Downloads/android-studio/gradle/gradle-2.14.1/lib/plugins/gradle-ivy-2.14.1.jar
7f90480ad000-7f90480ae000 r--s 00002000 08:02 3402313                    /home/ankit/Downloads/android-studio/gradle/gradle-2.14.1/lib/plugins/gradle-ide-play-2.14.1.jar
7f90480ae000-7f90480b3000 r--s 0002b000 08:02 3402310                    /home/ankit/Downloads/android-studio/gradle/gradle-2.14.1/lib/plugins/gradle-ide-native-2.14.1.jar
7f90480b3000-7f90480be000 r--s 00066000 08:02 3402089                    /home/ankit/Downloads/android-studio/gradle/gradle-2.14.1/lib/plugins/gradle-ide-2.14.1.jar
7f90480be000-7f90480bf000 r--s 00008000 08:02 3402087                    /home/ankit/Downloads/android-studio/gradle/gradle-2.14.1/lib/plugins/gradle-ear-2.14.1.jar
7f90480bf000-7f90480c5000 r--s 00032000 08:02 3402094                    /home/ankit/Downloads/android-studio/gradle/gradle-2.14.1/lib/plugins/gradle-diagnostics-2.14.1.jar
7f90480c5000-7f90480c9000 r--s 00021000 08:02 3402312                    /home/ankit/Downloads/android-studio/gradle/gradle-2.14.1/lib/plugins/gradle-code-quality-2.14.1.jar
7f90480c9000-7f90480cd000 r--s 0001f000 08:02 3402093                    /home/ankit/Downloads/android-studio/gradle/gradle-2.14.1/lib/plugins/gradle-build-init-2.14.1.jar
7f90480cd000-7f90480d4000 r--s 0008e000 08:02 3402314                    /home/ankit/Downloads/android-studio/gradle/gradle-2.14.1/lib/plugins/gradle-build-comparison-2.14.1.jar
7f90480d4000-7f90480d6000 r--s 00008000 08:02 3402302                    /home/ankit/Downloads/android-studio/gradle/gradle-2.14.1/lib/plugins/gradle-antlr-2.14.1.jar
7f90480d6000-7f90480d8000 r--s 00004000 08:02 3402315                    /home/ankit/Downloads/android-studio/gradle/gradle-2.14.1/lib/plugins/gradle-announce-2.14.1.jar
7f90480d8000-7f90480f0000 r--s 00115000 08:02 3402347                    /home/ankit/Downloads/android-studio/gradle/gradle-2.14.1/lib/plugins/xercesImpl-2.9.1.jar
7f90480f0000-7f90480f8000 r--s 00028000 08:02 3402366                    /home/ankit/Downloads/android-studio/gradle/gradle-2.14.1/lib/plugins/xml-apis-1.3.04.jar
7f90480f8000-7f90480fe000 r--s 0005b000 08:02 3402359                    /home/ankit/Downloads/android-studio/gradle/gradle-2.14.1/lib/plugins/jcifs-1.3.17.jar
7f90480fe000-7f9048105000 r--s 00049000 08:02 3402296                    /home/ankit/Downloads/android-studio/gradle/gradle-2.14.1/lib/plugins/httpcore-4.4.4.jar
7f9048105000-7f904810b000 r--s 00033000 08:02 3402328                    /home/ankit/Downloads/android-studio/gradle/gradle-2.14.1/lib/plugins/commons-codec-1.6.jar
7f904810b000-7f904810e000 r--s 0001c000 08:02 3402326                    /home/ankit/Downloads/android-studio/gradle/gradle-2.14.1/lib/plugins/nekohtml-1.9.14.jar
7f904810e000-7f904811b000 r--s 000a4000 08:02 3402307                    /home/ankit/Downloads/android-studio/gradle/gradle-2.14.1/lib/plugins/httpclient-4.4.1.jar
7f904811b000-7f904811d000 r--s 0000a000 08:02 3402082                    /home/ankit/Downloads/android-studio/gradle/gradle-2.14.1/lib/plugins/gradle-resources-http-2.14.1.jar
7f904811d000-7f9048121000 r--s 00014000 08:02 3402294                    /home/ankit/Downloads/android-studio/gradle/gradle-2.14.1/lib/plugins/gradle-plugin-use-2.14.1.jar
7f9048121000-7f9048122000 r--s 00000000 08:02 3394352                    /home/ankit/Downloads/android-studio/gradle/gradle-2.14.1/lib/gradle-installation-beacon-2.14.1.jar
7f9048122000-7f9048123000 r--s 00007000 08:02 3402335                    /home/ankit/Downloads/android-studio/gradle/gradle-2.14.1/lib/plugins/wagon-http-shared4-2.4.jar
7f9048123000-7f9048127000 r--s 00033000 08:02 3402372                    /home/ankit/Downloads/android-studio/gradle/gradle-2.14.1/lib/plugins/plexus-utils-2.0.6.jar
7f9048127000-7f904812b000 r--s 00021000 08:02 3402361                    /home/ankit/Downloads/android-studio/gradle/gradle-2.14.1/lib/plugins/maven-model-builder-3.0.4.jar
7f904812b000-7f904812c000 r--s 00002000 08:02 3402327                    /home/ankit/Downloads/android-studio/gradle/gradle-2.14.1/lib/plugins/wagon-file-2.4.jar
7f904812c000-7f904812e000 r--s 00002000 08:02 3402368                    /home/ankit/Downloads/android-studio/gradle/gradle-2.14.1/lib/plugins/plexus-cipher-1.7.jar
7f904812e000-7f9048131000 r--s 00013000 08:02 3402384                    /home/ankit/Downloads/android-studio/gradle/gradle-2.14.1/lib/plugins/aether-api-1.13.1.jar
7f9048131000-7f9048133000 r--s 0000a000 08:02 3402338                    /home/ankit/Downloads/android-studio/gradle/gradle-2.14.1/lib/plugins/maven-settings-3.0.4.jar
7f9048133000-7f9048135000 r--s 0000d000 08:02 3402362                    /home/ankit/Downloads/android-studio/gradle/gradle-2.14.1/lib/plugins/plexus-interpolation-1.14.jar
7f9048135000-7f9048137000 r--s 0000b000 08:02 3402377                    /home/ankit/Downloads/android-studio/gradle/gradle-2.14.1/lib/plugins/maven-artifact-3.0.4.jar
7f9048137000-7f904813e000 r--s 0002e000 08:02 3402332                    /home/ankit/Downloads/android-studio/gradle/gradle-2.14.1/lib/plugins/plexus-container-default-1.5.5.jar
7f904813e000-7f9048140000 r--s 0000b000 08:02 3402355                    /home/ankit/Downloads/android-studio/gradle/gradle-2.14.1/lib/plugins/maven-plugin-api-3.0.4.jar
7f9048140000-7f9048142000 r--s 00000000 08:02 3402357                    /home/ankit/Downloads/android-studio/gradle/gradle-2.14.1/lib/plugins/plexus-component-annotations-1.5.5.jar
7f9048142000-7f9048148000 r--s 0003f000 08:02 3402363                    /home/ankit/Downloads/android-studio/gradle/gradle-2.14.1/lib/plugins/maven-compat-3.0.4.jar
7f9048148000-7f904814b000 r--s 00008000 08:02 3402345                    /home/ankit/Downloads/android-studio/gradle/gradle-2.14.1/lib/plugins/maven-settings-builder-3.0.4.jar
7f904814b000-7f904814c000 r--s 00002000 08:02 3402318                    /home/ankit/Downloads/android-studio/gradle/gradle-2.14.1/lib/plugins/wagon-http-2.4.jar
7f904814c000-7f904814e000 r--s 00026000 08:02 3402383                    /home/ankit/Downloads/android-studio/gradle/gradle-2.14.1/lib/plugins/maven-model-3.0.4.jar
7f904814e000-7f9048150000 r--s 00006000 08:02 3402374                    /home/ankit/Downloads/android-studio/gradle/gradle-2.14.1/lib/plugins/aether-connector-wagon-1.13.1.jar
7f9048150000-7f9048152000 r--s 0000a000 08:02 3402333                    /home/ankit/Downloads/android-studio/gradle/gradle-2.14.1/lib/plugins/plexus-classworlds-2.4.jar
7f9048152000-7f9048154000 r--s 00006000 08:02 3402364                    /home/ankit/Downloads/android-studio/gradle/gradle-2.14.1/lib/plugins/maven-repository-metadata-3.0.4.jar
7f9048154000-7f9048156000 r--s 0000c000 08:02 3402348                    /home/ankit/Downloads/android-studio/gradle/gradle-2.14.1/lib/plugins/maven-aether-provider-3.0.4.jar
7f9048156000-7f9048158000 r--s 0000b000 08:02 3402340                    /home/ankit/Downloads/android-studio/gradle/gradle-2.14.1/lib/plugins/wagon-provider-api-2.4.jar
7f9048158000-7f9048159000 r--s 00003000 08:02 3402320                    /home/ankit/Downloads/android-studio/gradle/gradle-2.14.1/lib/plugins/aether-spi-1.13.1.jar
7f9048159000-7f904815d000 r--s 0001c000 08:02 3402380                    /home/ankit/Downloads/android-studio/gradle/gradle-2.14.1/lib/plugins/aether-util-1.13.1.jar
7f904815d000-7f9048160000 r--s 0001d000 08:02 3402360                    /home/ankit/Downloads/android-studio/gradle/gradle-2.14.1/lib/plugins/aether-impl-1.13.1.jar
7f9048160000-7f9048161000 r--s 00006000 08:02 3402365                    /home/ankit/Downloads/android-studio/gradle/gradle-2.14.1/lib/plugins/plexus-sec-dispatcher-1.3.jar
7f9048161000-7f9048166000 r--s 00040000 08:02 3402321                    /home/ankit/Downloads/android-studio/gradle/gradle-2.14.1/lib/plugins/jsch-0.1.53.jar
7f9048166000-7f90481a6000 r--s 00277000 08:02 3402323                    /home/ankit/Downloads/android-studio/gradle/gradle-2.14.1/lib/plugins/bcprov-jdk15on-1.51.jar
7f90481a6000-7f90481aa000 r--s 0001d000 08:02 3402350                    /home/ankit/Downloads/android-studio/gradle/gradle-2.14.1/lib/plugins/xbean-reflect-3.4.jar
7f90481aa000-7f90481b6000 r--s 0007d000 08:02 3402367                    /home/ankit/Downloads/android-studio/gradle/gradle-2.14.1/lib/plugins/maven-core-3.0.4.jar
7f90481b6000-7f90481bb000 r--s 0002a000 08:02 3402346                    /home/ankit/Downloads/android-studio/gradle/gradle-2.14.1/lib/plugins/gson-2.2.4.jar
7f90481bb000-7f90481ca000 r--s 000d9000 08:02 3402331                    /home/ankit/Downloads/android-studio/gradle/gradle-2.14.1/lib/plugins/ivy-2.2.0.jar
7f90481ca000-7f90481e6000 r--s 000d3000 08:02 3402161                    /home/ankit/Downloads/android-studio/gradle/gradle-2.14.1/lib/plugins/gradle-dependency-management-2.14.1.jar
7f90481e6000-7f90481f7000 r-xp 00000000 08:02 199999                     /usr/lib/jvm/java-8-oracle/jre/lib/amd64/libnio.so
7f90481f7000-7f90483f6000 ---p 00011000 08:02 199999                     /usr/lib/jvm/java-8-oracle/jre/lib/amd64/libnio.so
7f90483f6000-7f90483f7000 rw-p 00010000 08:02 199999                     /usr/lib/jvm/java-8-oracle/jre/lib/amd64/libnio.so
7f90483f7000-7f90486f8000 rw-p 00000000 00:00 0 
7f90486f8000-7f904870e000 r-xp 00000000 08:02 199974                     /usr/lib/jvm/java-8-oracle/jre/lib/amd64/libnet.so
7f904870e000-7f904890e000 ---p 00016000 08:02 199974                     /usr/lib/jvm/java-8-oracle/jre/lib/amd64/libnet.so
7f904890e000-7f904890f000 rw-p 00016000 08:02 199974                     /usr/lib/jvm/java-8-oracle/jre/lib/amd64/libnet.so
7f904890f000-7f9048911000 r--s 00005000 08:02 3394358                    /home/ankit/Downloads/android-studio/gradle/gradle-2.14.1/lib/gradle-wrapper-2.14.1.jar
7f9048911000-7f904891f000 r--s 0004f000 08:02 3394344                    /home/ankit/Downloads/android-studio/gradle/gradle-2.14.1/lib/gradle-tooling-api-2.14.1.jar
7f904891f000-7f9048921000 r--s 00002000 08:02 3394350                    /home/ankit/Downloads/android-studio/gradle/gradle-2.14.1/lib/gradle-open-api-2.14.1.jar
7f9048921000-7f9048927000 r--s 00032000 08:02 3394400                    /home/ankit/Downloads/android-studio/gradle/gradle-2.14.1/lib/jaxen-1.1.jar
7f9048927000-7f904892c000 r--s 00048000 08:02 3394380                    /home/ankit/Downloads/android-studio/gradle/gradle-2.14.1/lib/dom4j-1.6.1.jar
7f904892c000-7f9048937000 r--s 00059000 08:02 3394373                    /home/ankit/Downloads/android-studio/gradle/gradle-2.14.1/lib/gradle-ui-2.14.1.jar
7f9048937000-7f904893a000 r--s 0000b000 08:02 3394378                    /home/ankit/Downloads/android-studio/gradle/gradle-2.14.1/lib/gradle-resources-2.14.1.jar
7f904893a000-7f904893c000 r--s 00003000 08:02 3394402                    /home/ankit/Downloads/android-studio/gradle/gradle-2.14.1/lib/jcl-over-slf4j-1.7.10.jar
7f904893c000-7f904893d000 r--s 00005000 08:02 3394397                    /home/ankit/Downloads/android-studio/gradle/gradle-2.14.1/lib/log4j-over-slf4j-1.7.10.jar
7f904893d000-7f904893f000 r--s 00000000 08:02 3394404                    /home/ankit/Downloads/android-studio/gradle/gradle-2.14.1/lib/jul-to-slf4j-1.7.10.jar
7f904893f000-7f9048944000 r--s 0001c000 08:02 3394356                    /home/ankit/Downloads/android-studio/gradle/gradle-2.14.1/lib/gradle-logging-2.14.1.jar
7f9048944000-7f9048946000 r--s 00007000 08:02 3394403                    /home/ankit/Downloads/android-studio/gradle/gradle-2.14.1/lib/objenesis-1.2.jar
7f9048946000-7f9048948000 r--s 00000000 08:02 3394383                    /home/ankit/Downloads/android-studio/gradle/gradle-2.14.1/lib/minlog-1.2.jar
7f9048948000-7f904894a000 r--s 0000f000 08:02 3394389                    /home/ankit/Downloads/android-studio/gradle/gradle-2.14.1/lib/reflectasm-1.07-shaded.jar
7f904894a000-7f904894e000 r--s 00026000 08:02 3394395                    /home/ankit/Downloads/android-studio/gradle/gradle-2.14.1/lib/kryo-2.20.jar
7f904894e000-7f9048954000 r--s 00025000 08:02 3394347                    /home/ankit/Downloads/android-studio/gradle/gradle-2.14.1/lib/gradle-messaging-2.14.1.jar
7f9048954000-7f9048963000 r--s 00080000 08:02 3394371                    /home/ankit/Downloads/android-studio/gradle/gradle-2.14.1/lib/gradle-model-core-2.14.1.jar
7f9048963000-7f90489d2000 r--s 0063e000 08:02 3394407                    /home/ankit/Downloads/android-studio/gradle/gradle-2.14.1/lib/groovy-all-2.4.4.jar
7f90489d2000-7f90489fa000 r--s 001cf000 08:02 3394387                    /home/ankit/Downloads/android-studio/gradle/gradle-2.14.1/lib/guava-jdk5-17.0.jar
7f90489fa000-7f90489fb000 ---p 00000000 00:00 0 
7f90489fb000-7f9048afb000 rw-p 00000000 00:00 0 
7f9048afb000-7f9048afe000 ---p 00000000 00:00 0 
7f9048afe000-7f9048bfc000 rw-p 00000000 00:00 0 
7f9048bfc000-7f9048bff000 ---p 00000000 00:00 0 
7f9048bff000-7f9048cfd000 rw-p 00000000 00:00 0 
7f9048cfd000-7f9048d00000 ---p 00000000 00:00 0 
7f9048d00000-7f9048dfe000 rw-p 00000000 00:00 0 
7f9048dfe000-7f9048e01000 ---p 00000000 00:00 0 
7f9048e01000-7f9048eff000 rw-p 00000000 00:00 0 
7f9048eff000-7f9048f02000 ---p 00000000 00:00 0 
7f9048f02000-7f904c000000 rw-p 00000000 00:00 0 
7f904c000000-7f904c127000 rw-p 00000000 00:00 0 
7f904c127000-7f9050000000 ---p 00000000 00:00 0 
7f9050000000-7f9050001000 r--s 00003000 08:02 3394401                    /home/ankit/Downloads/android-studio/gradle/gradle-2.14.1/lib/native-platform-freebsd-amd64-0.10.jar
7f9050001000-7f9050002000 r--s 00003000 08:02 3394390                    /home/ankit/Downloads/android-studio/gradle/gradle-2.14.1/lib/native-platform-freebsd-i386-0.10.jar
7f9050002000-7f9050003000 r--s 00005000 08:02 3394385                    /home/ankit/Downloads/android-studio/gradle/gradle-2.14.1/lib/native-platform-windows-i386-0.10.jar
7f9050003000-7f9050004000 r--s 00005000 08:02 3394384                    /home/ankit/Downloads/android-studio/gradle/gradle-2.14.1/lib/native-platform-windows-amd64-0.10.jar
7f9050004000-7f9050005000 r--s 00003000 08:02 3394391                    /home/ankit/Downloads/android-studio/gradle/gradle-2.14.1/lib/native-platform-linux-i386-0.10.jar
7f9050005000-7f9050006000 r--s 00003000 08:02 3394382                    /home/ankit/Downloads/android-studio/gradle/gradle-2.14.1/lib/native-platform-linux-amd64-0.10.jar
7f9050006000-7f9050008000 r--s 00008000 08:02 3394399                    /home/ankit/Downloads/android-studio/gradle/gradle-2.14.1/lib/jansi-1.2.1.jar
7f9050008000-7f9050015000 r--s 00083000 08:02 3394379                    /home/ankit/Downloads/android-studio/gradle/gradle-2.14.1/lib/commons-collections-3.2.2.jar
7f9050015000-7f90506f7000 r--p 00000000 08:02 59247                      /usr/lib/locale/locale-archive
7f90506f7000-7f90506fa000 ---p 00000000 00:00 0 
7f90506fa000-7f90507f8000 rw-p 00000000 00:00 0 
7f90507f8000-7f90507fb000 ---p 00000000 00:00 0 
7f90507fb000-7f90508f9000 rw-p 00000000 00:00 0 
7f90508f9000-7f90508fa000 ---p 00000000 00:00 0 
7f90508fa000-7f9051000000 rw-p 00000000 00:00 0 
7f9051000000-7f9052dc0000 rwxp 00000000 00:00 0 
7f9052dc0000-7f9060000000 ---p 00000000 00:00 0 
7f9060000000-7f9060b67000 rw-p 00000000 00:00 0 
7f9060b67000-7f9064000000 ---p 00000000 00:00 0 
7f9064000000-7f9064001000 r--s 00002000 08:02 3394381                    /home/ankit/Downloads/android-studio/gradle/gradle-2.14.1/lib/native-platform-osx-amd64-0.10.jar
7f9064001000-7f9064004000 r--s 0000d000 08:02 3394394                    /home/ankit/Downloads/android-studio/gradle/gradle-2.14.1/lib/native-platform-0.10.jar
7f9064004000-7f9064008000 r--s 000e4000 08:02 3394393                    /home/ankit/Downloads/android-studio/gradle/gradle-2.14.1/lib/jna-3.2.7.jar
7f9064008000-7f906400a000 r--s 00009000 08:02 3394375                    /home/ankit/Downloads/android-studio/gradle/gradle-2.14.1/lib/gradle-native-2.14.1.jar
7f906400a000-7f906400c000 r--s 00005000 08:02 3394376                    /home/ankit/Downloads/android-studio/gradle/gradle-2.14.1/lib/gradle-cli-2.14.1.jar
7f906400c000-7f906402b000 r--s 001d1000 08:02 3394357                    /home/ankit/Downloads/android-studio/gradle/gradle-2.14.1/lib/ant-1.9.6.jar
7f906402b000-7f9064062000 r--s 001bd000 08:02 3394359                    /home/ankit/Downloads/android-studio/gradle/gradle-2.14.1/lib/gradle-core-2.14.1.jar
7f9064062000-7f9064a3e000 rw-p 00000000 00:00 0 
7f9064a3e000-7f9064c16000 r--s 03d2a000 08:02 182584                     /usr/lib/jvm/java-8-oracle/jre/lib/rt.jar
7f9064c16000-7f906578c000 rw-p 00000000 00:00 0 
7f906578c000-7f906578d000 ---p 00000000 00:00 0 
7f906578d000-7f906588d000 rw-p 00000000 00:00 0 
7f906588d000-7f906588e000 ---p 00000000 00:00 0 
7f906588e000-7f906598e000 rw-p 00000000 00:00 0 
7f906598e000-7f906598f000 ---p 00000000 00:00 0 
7f906598f000-7f9065a8f000 rw-p 00000000 00:00 0 
7f9065a8f000-7f9065a90000 ---p 00000000 00:00 0 
7f9065a90000-7f9065d0b000 rw-p 00000000 00:00 0 
7f9065d0b000-7f9065d90000 ---p 00000000 00:00 0 
7f9065d90000-7f9065f0b000 rw-p 00000000 00:00 0 
7f9065f0b000-7f9065f90000 ---p 00000000 00:00 0 
7f9065f90000-7f9066090000 rw-p 00000000 00:00 0 
7f9066090000-7f9066108000 rw-p 00000000 00:00 0 
7f9066108000-7f9066451000 ---p 00000000 00:00 0 
7f9066451000-7f906646b000 r-xp 00000000 08:02 199997                     /usr/lib/jvm/java-8-oracle/jre/lib/amd64/libzip.so
7f906646b000-7f906666b000 ---p 0001a000 08:02 199997                     /usr/lib/jvm/java-8-oracle/jre/lib/amd64/libzip.so
7f906666b000-7f906666c000 rw-p 0001a000 08:02 199997                     /usr/lib/jvm/java-8-oracle/jre/lib/amd64/libzip.so
7f906666c000-7f9066676000 r-xp 00000000 08:02 2621662                    /lib/x86_64-linux-gnu/libnss_files-2.21.so
7f9066676000-7f9066876000 ---p 0000a000 08:02 2621662                    /lib/x86_64-linux-gnu/libnss_files-2.21.so
7f9066876000-7f9066877000 r--p 0000a000 08:02 2621662                    /lib/x86_64-linux-gnu/libnss_files-2.21.so
7f9066877000-7f9066878000 rw-p 0000b000 08:02 2621662                    /lib/x86_64-linux-gnu/libnss_files-2.21.so
7f9066878000-7f9066883000 r-xp 00000000 08:02 2623427                    /lib/x86_64-linux-gnu/libnss_nis-2.21.so
7f9066883000-7f9066a82000 ---p 0000b000 08:02 2623427                    /lib/x86_64-linux-gnu/libnss_nis-2.21.so
7f9066a82000-7f9066a83000 r--p 0000a000 08:02 2623427                    /lib/x86_64-linux-gnu/libnss_nis-2.21.so
7f9066a83000-7f9066a84000 rw-p 0000b000 08:02 2623427                    /lib/x86_64-linux-gnu/libnss_nis-2.21.so
7f9066a84000-7f9066a9b000 r-xp 00000000 08:02 2623430                    /lib/x86_64-linux-gnu/libnsl-2.21.so
7f9066a9b000-7f9066c9a000 ---p 00017000 08:02 2623430                    /lib/x86_64-linux-gnu/libnsl-2.21.so
7f9066c9a000-7f9066c9b000 r--p 00016000 08:02 2623430                    /lib/x86_64-linux-gnu/libnsl-2.21.so
7f9066c9b000-7f9066c9c000 rw-p 00017000 08:02 2623430                    /lib/x86_64-linux-gnu/libnsl-2.21.so
7f9066c9c000-7f9066c9e000 rw-p 00000000 00:00 0 
7f9066c9e000-7f9066ca6000 r-xp 00000000 08:02 2622662                    /lib/x86_64-linux-gnu/libnss_compat-2.21.so
7f9066ca6000-7f9066ea5000 ---p 00008000 08:02 2622662                    /lib/x86_64-linux-gnu/libnss_compat-2.21.so
7f9066ea5000-7f9066ea6000 r--p 00007000 08:02 2622662                    /lib/x86_64-linux-gnu/libnss_compat-2.21.so
7f9066ea6000-7f9066ea7000 rw-p 00008000 08:02 2622662                    /lib/x86_64-linux-gnu/libnss_compat-2.21.so
7f9066ea7000-7f9066ed2000 r-xp 00000000 08:02 200024                     /usr/lib/jvm/java-8-oracle/jre/lib/amd64/libjava.so
7f9066ed2000-7f90670d1000 ---p 0002b000 08:02 200024                     /usr/lib/jvm/java-8-oracle/jre/lib/amd64/libjava.so
7f90670d1000-7f90670d3000 rw-p 0002a000 08:02 200024                     /usr/lib/jvm/java-8-oracle/jre/lib/amd64/libjava.so
7f90670d3000-7f90670e0000 r-xp 00000000 08:02 199975                     /usr/lib/jvm/java-8-oracle/jre/lib/amd64/libverify.so
7f90670e0000-7f90672df000 ---p 0000d000 08:02 199975                     /usr/lib/jvm/java-8-oracle/jre/lib/amd64/libverify.so
7f90672df000-7f90672e1000 rw-p 0000c000 08:02 199975                     /usr/lib/jvm/java-8-oracle/jre/lib/amd64/libverify.so
7f90672e1000-7f90672e8000 r-xp 00000000 08:02 2621663                    /lib/x86_64-linux-gnu/librt-2.21.so
7f90672e8000-7f90674e7000 ---p 00007000 08:02 2621663                    /lib/x86_64-linux-gnu/librt-2.21.so
7f90674e7000-7f90674e8000 r--p 00006000 08:02 2621663                    /lib/x86_64-linux-gnu/librt-2.21.so
7f90674e8000-7f90674e9000 rw-p 00007000 08:02 2621663                    /lib/x86_64-linux-gnu/librt-2.21.so
7f90674e9000-7f90675f0000 r-xp 00000000 08:02 2623271                    /lib/x86_64-linux-gnu/libm-2.21.so
7f90675f0000-7f90677ef000 ---p 00107000 08:02 2623271                    /lib/x86_64-linux-gnu/libm-2.21.so
7f90677ef000-7f90677f0000 r--p 00106000 08:02 2623271                    /lib/x86_64-linux-gnu/libm-2.21.so
7f90677f0000-7f90677f1000 rw-p 00107000 08:02 2623271                    /lib/x86_64-linux-gnu/libm-2.21.so
7f90677f1000-7f90684be000 r-xp 00000000 08:02 200028                     /usr/lib/jvm/java-8-oracle/jre/lib/amd64/server/libjvm.so
7f90684be000-7f90686bd000 ---p 00ccd000 08:02 200028                     /usr/lib/jvm/java-8-oracle/jre/lib/amd64/server/libjvm.so
7f90686bd000-7f9068796000 rw-p 00ccc000 08:02 200028                     /usr/lib/jvm/java-8-oracle/jre/lib/amd64/server/libjvm.so
7f9068796000-7f90687e1000 rw-p 00000000 00:00 0 
7f90687e1000-7f90689a1000 r-xp 00000000 08:02 2623433                    /lib/x86_64-linux-gnu/libc-2.21.so
7f90689a1000-7f9068ba1000 ---p 001c0000 08:02 2623433                    /lib/x86_64-linux-gnu/libc-2.21.so
7f9068ba1000-7f9068ba5000 r--p 001c0000 08:02 2623433                    /lib/x86_64-linux-gnu/libc-2.21.so
7f9068ba5000-7f9068ba7000 rw-p 001c4000 08:02 2623433                    /lib/x86_64-linux-gnu/libc-2.21.so
7f9068ba7000-7f9068bab000 rw-p 00000000 00:00 0 
7f9068bab000-7f9068bae000 r-xp 00000000 08:02 2623420                    /lib/x86_64-linux-gnu/libdl-2.21.so
7f9068bae000-7f9068dad000 ---p 00003000 08:02 2623420                    /lib/x86_64-linux-gnu/libdl-2.21.so
7f9068dad000-7f9068dae000 r--p 00002000 08:02 2623420                    /lib/x86_64-linux-gnu/libdl-2.21.so
7f9068dae000-7f9068daf000 rw-p 00003000 08:02 2623420                    /lib/x86_64-linux-gnu/libdl-2.21.so
7f9068daf000-7f9068dc4000 r-xp 00000000 08:02 158504                     /usr/lib/jvm/java-8-oracle/lib/amd64/jli/libjli.so
7f9068dc4000-7f9068fc4000 ---p 00015000 08:02 158504                     /usr/lib/jvm/java-8-oracle/lib/amd64/jli/libjli.so
7f9068fc4000-7f9068fc5000 rw-p 00015000 08:02 158504                     /usr/lib/jvm/java-8-oracle/lib/amd64/jli/libjli.so
7f9068fc5000-7f9068fdd000 r-xp 00000000 08:02 2623413                    /lib/x86_64-linux-gnu/libpthread-2.21.so
7f9068fdd000-7f90691dd000 ---p 00018000 08:02 2623413                    /lib/x86_64-linux-gnu/libpthread-2.21.so
7f90691dd000-7f90691de000 r--p 00018000 08:02 2623413                    /lib/x86_64-linux-gnu/libpthread-2.21.so
7f90691de000-7f90691df000 rw-p 00019000 08:02 2623413                    /lib/x86_64-linux-gnu/libpthread-2.21.so
7f90691df000-7f90691e3000 rw-p 00000000 00:00 0 
7f90691e3000-7f9069207000 r-xp 00000000 08:02 2623431                    /lib/x86_64-linux-gnu/ld-2.21.so
7f9069207000-7f9069208000 r--s 00002000 08:02 3394398                    /home/ankit/Downloads/android-studio/gradle/gradle-2.14.1/lib/native-platform-osx-i386-0.10.jar
7f9069208000-7f906920a000 r--s 00007000 08:02 3394353                    /home/ankit/Downloads/android-studio/gradle/gradle-2.14.1/lib/gradle-model-groovy-2.14.1.jar
7f906920a000-7f906920b000 r--s 00006000 08:02 3394370                    /home/ankit/Downloads/android-studio/gradle/gradle-2.14.1/lib/gradle-base-services-groovy-2.14.1.jar
7f906920b000-7f906920c000 r--s 00002000 08:02 3394360                    /home/ankit/Downloads/android-studio/gradle/gradle-2.14.1/lib/gradle-docs-2.14.1.jar
7f906920c000-7f906920d000 r--s 00000000 08:02 3394406                    /home/ankit/Downloads/android-studio/gradle/gradle-2.14.1/lib/javax.inject-1.jar
7f906920d000-7f906920e000 r--s 00000000 08:02 3394388                    /home/ankit/Downloads/android-studio/gradle/gradle-2.14.1/lib/jcip-annotations-1.0.jar
7f906920e000-7f9069212000 r--s 00027000 08:02 3394396                    /home/ankit/Downloads/android-studio/gradle/gradle-2.14.1/lib/commons-io-2.2.jar
7f9069212000-7f9069217000 r--s 00038000 08:02 3394363                    /home/ankit/Downloads/android-studio/gradle/gradle-2.14.1/lib/asm-all-5.1.jar
7f9069217000-7f9069218000 r--s 00001000 08:02 3394374                    /home/ankit/Downloads/android-studio/gradle/gradle-2.14.1/lib/gradle-process-services-2.14.1.jar
7f9069218000-7f9069219000 r--s 00000000 08:02 3394345                    /home/ankit/Downloads/android-studio/gradle/gradle-2.14.1/lib/gradle-jvm-services-2.14.1.jar
7f9069219000-7f906921e000 r--s 00041000 08:02 3394392                    /home/ankit/Downloads/android-studio/gradle/gradle-2.14.1/lib/commons-lang-2.6.jar
7f906921e000-7f90692e0000 rw-p 00000000 00:00 0 
7f90692e0000-7f90692e3000 ---p 00000000 00:00 0 
7f90692e3000-7f90693e5000 rw-p 00000000 00:00 0 
7f90693e5000-7f90693e6000 r--s 00007000 08:02 3394386                    /home/ankit/Downloads/android-studio/gradle/gradle-2.14.1/lib/slf4j-api-1.7.10.jar
7f90693e6000-7f90693e7000 r--s 00004000 08:02 3394372                    /home/ankit/Downloads/android-studio/gradle/gradle-2.14.1/lib/ant-launcher-1.9.6.jar
7f90693e7000-7f90693ef000 r--s 0003a000 08:02 3394364                    /home/ankit/Downloads/android-studio/gradle/gradle-2.14.1/lib/gradle-base-services-2.14.1.jar
7f90693ef000-7f90693fa000 r--s 00051000 08:02 3394361                    /home/ankit/Downloads/android-studio/gradle/gradle-2.14.1/lib/gradle-launcher-2.14.1.jar
7f90693fa000-7f9069402000 rw-s 00000000 08:02 5033305                    /tmp/hsperfdata_ankit/17026
7f9069402000-7f9069403000 rw-p 00000000 00:00 0 
7f9069403000-7f9069404000 ---p 00000000 00:00 0 
7f9069404000-7f9069406000 rw-p 00000000 00:00 0 
7f9069406000-7f9069407000 r--p 00023000 08:02 2623431                    /lib/x86_64-linux-gnu/ld-2.21.so
7f9069407000-7f9069408000 rw-p 00024000 08:02 2623431                    /lib/x86_64-linux-gnu/ld-2.21.so
7f9069408000-7f9069409000 rw-p 00000000 00:00 0 
7ffcd40e0000-7ffcd4101000 rw-p 00000000 00:00 0                          [stack]
7ffcd412a000-7ffcd412c000 r--p 00000000 00:00 0                          [vvar]
7ffcd412c000-7ffcd412e000 r-xp 00000000 00:00 0                          [vdso]
ffffffffff600000-ffffffffff601000 r-xp 00000000 00:00 0                  [vsyscall]

VM Arguments:
jvm_args: -Xmx1536m -Dfile.encoding=UTF-8 -Duser.country=IN -Duser.language=en -Duser.variant 
java_command: org.gradle.launcher.daemon.bootstrap.GradleDaemon 2.14.1
java_class_path (initial): /home/ankit/Downloads/android-studio/gradle/gradle-2.14.1/lib/gradle-launcher-2.14.1.jar
Launcher Type: SUN_STANDARD

Environment Variables:
JAVA_HOME=/usr/lib/jvm/java-8-oracle
PATH=/usr/local/sbin:/usr/local/bin:/usr/sbin:/usr/bin:/sbin:/bin:/usr/games:/usr/local/games:/usr/lib/jvm/java-8-oracle/bin:/usr/lib/jvm/java-8-oracle/db/bin:/usr/lib/jvm/java-8-oracle/jre/bin
LD_LIBRARY_PATH=Downloads/android-studio/bin:
SHELL=/bin/bash
DISPLAY=:0

Signal Handlers:
SIGSEGV: [libjvm.so+0xac64b0], sa_mask[0]=11111111011111111101111111111110, sa_flags=SA_RESTART|SA_SIGINFO
SIGBUS: [libjvm.so+0xac64b0], sa_mask[0]=11111111011111111101111111111110, sa_flags=SA_RESTART|SA_SIGINFO
SIGFPE: [libjvm.so+0x91f950], sa_mask[0]=11111111011111111101111111111110, sa_flags=SA_RESTART|SA_SIGINFO
SIGPIPE: [libjvm.so+0x91f950], sa_mask[0]=11111111011111111101111111111110, sa_flags=SA_RESTART|SA_SIGINFO
SIGXFSZ: [libjvm.so+0x91f950], sa_mask[0]=11111111011111111101111111111110, sa_flags=SA_RESTART|SA_SIGINFO
SIGILL: [libjvm.so+0x91f950], sa_mask[0]=11111111011111111101111111111110, sa_flags=SA_RESTART|SA_SIGINFO
SIGUSR1: SIG_DFL, sa_mask[0]=00000000000000000000000000000000, sa_flags=none
SIGUSR2: [libjvm.so+0x920f80], sa_mask[0]=00100000000000000000000000000000, sa_flags=SA_RESTART|SA_SIGINFO
SIGHUP: [libjvm.so+0x922380], sa_mask[0]=11111111011111111101111111111110, sa_flags=SA_RESTART|SA_SIGINFO
SIGINT: [libjvm.so+0x922380], sa_mask[0]=11111111011111111101111111111110, sa_flags=SA_RESTART|SA_SIGINFO
SIGTERM: [libjvm.so+0x922380], sa_mask[0]=11111111011111111101111111111110, sa_flags=SA_RESTART|SA_SIGINFO
SIGQUIT: [libjvm.so+0x922380], sa_mask[0]=11111111011111111101111111111110, sa_flags=SA_RESTART|SA_SIGINFO


---------------  S Y S T E M  ---------------

OS:DISTRIB_ID=Ubuntu
DISTRIB_RELEASE=15.10
DISTRIB_CODENAME=wily
DISTRIB_DESCRIPTION="Ubuntu 15.10"

uname:Linux 4.2.0-42-generic #49-Ubuntu SMP Tue Jun 28 21:26:26 UTC 2016 x86_64
libc:glibc 2.21 NPTL 2.21 
rlimit: STACK 8192k, CORE 0k, NPROC 31537, NOFILE 65536, AS infinity
load average:3.88 2.11 1.23

/proc/meminfo:
MemTotal:        8110256 kB
MemFree:          152456 kB
MemAvailable:     194972 kB
Buffers:           58700 kB
Cached:           776888 kB
SwapCached:            0 kB
Active:          6980876 kB
Inactive:         721460 kB
Active(anon):    6882484 kB
Inactive(anon):   632076 kB
Active(file):      98392 kB
Inactive(file):    89384 kB
Unevictable:         136 kB
Mlocked:             136 kB
SwapTotal:             0 kB
SwapFree:              0 kB
Dirty:               120 kB
Writeback:             0 kB
AnonPages:       6866960 kB
Mapped:           473976 kB
Shmem:            647740 kB
Slab:             100104 kB
SReclaimable:      47364 kB
SUnreclaim:        52740 kB
KernelStack:       14624 kB
PageTables:        82516 kB
NFS_Unstable:          0 kB
Bounce:                0 kB
WritebackTmp:          0 kB
CommitLimit:     4055128 kB
Committed_AS:   16702824 kB
VmallocTotal:   34359738367 kB
VmallocUsed:      552056 kB
VmallocChunk:   34358423548 kB
HardwareCorrupted:     0 kB
AnonHugePages:   3407872 kB
CmaTotal:              0 kB
CmaFree:               0 kB
HugePages_Total:       0
HugePages_Free:        0
HugePages_Rsvd:        0
HugePages_Surp:        0
Hugepagesize:       2048 kB
DirectMap4k:      250560 kB
DirectMap2M:     8073216 kB
DirectMap1G:     1048576 kB


CPU:total 4 (2 cores per cpu, 2 threads per core) family 6 model 69 stepping 1, cmov, cx8, fxsr, mmx, sse, sse2, sse3, ssse3, sse4.1, sse4.2, popcnt, avx, avx2, aes, clmul, erms, lzcnt, ht, tsc, tscinvbit, bmi1, bmi2

/proc/cpuinfo:
processor	: 0
vendor_id	: GenuineIntel
cpu family	: 6
model		: 69
model name	: Intel(R) Core(TM) i3-4005U CPU @ 1.70GHz
stepping	: 1
microcode	: 0x1c
cpu MHz		: 1197.171
cache size	: 3072 KB
physical id	: 0
siblings	: 4
core id		: 0
cpu cores	: 2
apicid		: 0
initial apicid	: 0
fpu		: yes
fpu_exception	: yes
cpuid level	: 13
wp		: yes
flags		: fpu vme de pse tsc msr pae mce cx8 apic sep mtrr pge mca cmov pat pse36 clflush dts acpi mmx fxsr sse sse2 ss ht tm pbe syscall nx pdpe1gb rdtscp lm constant_tsc arch_perfmon pebs bts rep_good nopl xtopology nonstop_tsc aperfmperf eagerfpu pni pclmulqdq dtes64 monitor ds_cpl vmx est tm2 ssse3 fma cx16 xtpr pdcm pcid sse4_1 sse4_2 movbe popcnt tsc_deadline_timer aes xsave avx f16c rdrand lahf_lm abm ida arat epb pln pts dtherm tpr_shadow vnmi flexpriority ept vpid fsgsbase tsc_adjust bmi1 avx2 smep bmi2 erms invpcid xsaveopt
bugs		:
bogomips	: 3392.36
clflush size	: 64
cache_alignment	: 64
address sizes	: 39 bits physical, 48 bits virtual
power management:

processor	: 1
vendor_id	: GenuineIntel
cpu family	: 6
model		: 69
model name	: Intel(R) Core(TM) i3-4005U CPU @ 1.70GHz
stepping	: 1
microcode	: 0x1c
cpu MHz		: 1456.023
cache size	: 3072 KB
physical id	: 0
siblings	: 4
core id		: 0
cpu cores	: 2
apicid		: 1
initial apicid	: 1
fpu		: yes
fpu_exception	: yes
cpuid level	: 13
wp		: yes
flags		: fpu vme de pse tsc msr pae mce cx8 apic sep mtrr pge mca cmov pat pse36 clflush dts acpi mmx fxsr sse sse2 ss ht tm pbe syscall nx pdpe1gb rdtscp lm constant_tsc arch_perfmon pebs bts rep_good nopl xtopology nonstop_tsc aperfmperf eagerfpu pni pclmulqdq dtes64 monitor ds_cpl vmx est tm2 ssse3 fma cx16 xtpr pdcm pcid sse4_1 sse4_2 movbe popcnt tsc_deadline_timer aes xsave avx f16c rdrand lahf_lm abm ida arat epb pln pts dtherm tpr_shadow vnmi flexpriority ept vpid fsgsbase tsc_adjust bmi1 avx2 smep bmi2 erms invpcid xsaveopt
bugs		:
bogomips	: 3392.36
clflush size	: 64
cache_alignment	: 64
address sizes	: 39 bits physical, 48 bits virtual
power management:

processor	: 2
vendor_id	: GenuineIntel
cpu family	: 6
model		: 69
model name	: Intel(R) Core(TM) i3-4005U CPU @ 1.70GHz
stepping	: 1
microcode	: 0x1c
cpu MHz		: 881.144
cache size	: 3072 KB
physical id	: 0
siblings	: 4
core id		: 1
cpu cores	: 2
apicid		: 2
initial apicid	: 2
fpu		: yes
fpu_exception	: yes
cpuid level	: 13
wp		: yes
flags		: fpu vme de pse tsc msr pae mce cx8 apic sep mtrr pge mca cmov pat pse36 clflush dts acpi mmx fxsr sse sse2 ss ht tm pbe syscall nx pdpe1gb rdtscp lm constant_tsc arch_perfmon pebs bts rep_good nopl xtopology nonstop_tsc aperfmperf eagerfpu pni pclmulqdq dtes64 monitor ds_cpl vmx est tm2 ssse3 fma cx16 xtpr pdcm pcid sse4_1 sse4_2 movbe popcnt tsc_deadline_timer aes xsave avx f16c rdrand lahf_lm abm ida arat epb pln pts dtherm tpr_shadow vnmi flexpriority ept vpid fsgsbase tsc_adjust bmi1 avx2 smep bmi2 erms invpcid xsaveopt
bugs		:
bogomips	: 3392.36
clflush size	: 64
cache_alignment	: 64
address sizes	: 39 bits physical, 48 bits virtual
power management:

processor	: 3
vendor_id	: GenuineIntel
cpu family	: 6
model		: 69
model name	: Intel(R) Core(TM) i3-4005U CPU @ 1.70GHz
stepping	: 1
microcode	: 0x1c
cpu MHz		: 1598.863
cache size	: 3072 KB
physical id	: 0
siblings	: 4
core id		: 1
cpu cores	: 2
apicid		: 3
initial apicid	: 3
fpu		: yes
fpu_exception	: yes
cpuid level	: 13
wp		: yes
flags		: fpu vme de pse tsc msr pae mce cx8 apic sep mtrr pge mca cmov pat pse36 clflush dts acpi mmx fxsr sse sse2 ss ht tm pbe syscall nx pdpe1gb rdtscp lm constant_tsc arch_perfmon pebs bts rep_good nopl xtopology nonstop_tsc aperfmperf eagerfpu pni pclmulqdq dtes64 monitor ds_cpl vmx est tm2 ssse3 fma cx16 xtpr pdcm pcid sse4_1 sse4_2 movbe popcnt tsc_deadline_timer aes xsave avx f16c rdrand lahf_lm abm ida arat epb pln pts dtherm tpr_shadow vnmi flexpriority ept vpid fsgsbase tsc_adjust bmi1 avx2 smep bmi2 erms invpcid xsaveopt
bugs		:
bogomips	: 3392.36
clflush size	: 64
cache_alignment	: 64
address sizes	: 39 bits physical, 48 bits virtual
power management:



Memory: 4k page, physical 8110256k(152456k free), swap 0k(0k free)

vm_info: Java HotSpot(TM) 64-Bit Server VM (25.111-b14) for linux-amd64 JRE (1.8.0_111-b14), built on Sep 22 2016 16:14:03 by "java_re" with gcc 4.3.0 20080428 (Red Hat 4.3.0-8)

time: Tue Dec 27 01:37:52 2016
elapsed time: 76 seconds (0d 0h 1m 16s)

