#
# There is insufficient memory for the Java Runtime Environment to continue.
# Native memory allocation (mmap) failed to map 155189248 bytes for committing reserved memory.
# Possible reasons:
#   The system is out of physical RAM or swap space
#   In 32 bit mode, the process size limit was hit
# Possible solutions:
#   Reduce memory load on the system
#   Increase physical memory or swap space
#   Check if swap backing store is full
#   Use 64 bit Java on a 64 bit OS
#   Decrease Java heap size (-Xmx/-Xms)
#   Decrease number of Java threads
#   Decrease Java thread stack sizes (-Xss)
#   Set larger code cache with -XX:ReservedCodeCacheSize=
# This output file may be truncated or incomplete.
#
#  Out of Memory Error (os_linux.cpp:2627), pid=23640, tid=0x00007ff2d7fff700
#
# JRE version: Java(TM) SE Runtime Environment (8.0_101-b13) (build 1.8.0_101-b13)
# Java VM: Java HotSpot(TM) 64-Bit Server VM (25.101-b13 mixed mode linux-amd64 compressed oops)
# Failed to write core dump. Core dumps have been disabled. To enable core dumping, try "ulimit -c unlimited" before starting Java again
#

---------------  T H R E A D  ---------------

Current thread (0x00007ff2f4078000):  VMThread [stack: 0x00007ff2d7eff000,0x00007ff2d8000000] [id=23650]

Stack: [0x00007ff2d7eff000,0x00007ff2d8000000],  sp=0x00007ff2d7ffe1a0,  free space=1020k
Native frames: (J=compiled Java code, j=interpreted, Vv=VM code, C=native code)
V  [libjvm.so+0xac3f0a]  VMError::report_and_die()+0x2ba
V  [libjvm.so+0x4fbf9b]  report_vm_out_of_memory(char const*, int, unsigned long, VMErrorType, char const*)+0x8b
V  [libjvm.so+0x9222d3]  os::Linux::commit_memory_impl(char*, unsigned long, bool)+0x103
V  [libjvm.so+0x922829]  os::pd_commit_memory(char*, unsigned long, unsigned long, bool)+0x29
V  [libjvm.so+0x91cb2a]  os::commit_memory(char*, unsigned long, unsigned long, bool)+0x2a
V  [libjvm.so+0x991053]  PSVirtualSpace::expand_by(unsigned long)+0x53
V  [libjvm.so+0x981920]  PSOldGen::expand(unsigned long)+0x170
V  [libjvm.so+0x981b2b]  PSOldGen::resize(unsigned long)+0x1cb
V  [libjvm.so+0x989821]  PSParallelCompact::invoke_no_policy(bool)+0x991
V  [libjvm.so+0x98f17d]  PSScavenge::invoke()+0x1ad
V  [libjvm.so+0x945fc0]  ParallelScavengeHeap::failed_mem_allocate(unsigned long)+0x70
V  [libjvm.so+0xac5927]  VM_ParallelGCFailedAllocation::doit()+0x97
V  [libjvm.so+0xacd405]  VM_Operation::evaluate()+0x55
V  [libjvm.so+0xacb7da]  VMThread::evaluate_operation(VM_Operation*)+0xba
V  [libjvm.so+0xacbb5e]  VMThread::loop()+0x1ce
V  [libjvm.so+0xacbfd0]  VMThread::run()+0x70
V  [libjvm.so+0x924698]  java_start(Thread*)+0x108

VM_Operation (0x00007ff27ebfcff0): ParallelGCFailedAllocation, mode: safepoint, requested by thread 0x00007ff29501f800


---------------  P R O C E S S  ---------------

Java Threads: ( => current thread )
  0x00007ff278069000 JavaThread "pool-5-thread-4" [_thread_blocked, id=23718, stack(0x00007ff27e504000,0x00007ff27e605000)]
  0x00007ff278067000 JavaThread "pool-5-thread-3" [_thread_blocked, id=23717, stack(0x00007ff27e605000,0x00007ff27e706000)]
  0x00007ff278065000 JavaThread "pool-5-thread-2" [_thread_blocked, id=23716, stack(0x00007ff27e706000,0x00007ff27e807000)]
  0x00007ff278063000 JavaThread "pool-6-thread-1" [_thread_blocked, id=23715, stack(0x00007ff27e807000,0x00007ff27e908000)]
  0x00007ff278062000 JavaThread "pool-5-thread-1" [_thread_blocked, id=23714, stack(0x00007ff27e908000,0x00007ff27ea09000)]
  0x00007ff29501f800 JavaThread "pool-3-thread-1" [_thread_blocked, id=23713, stack(0x00007ff27eaff000,0x00007ff27ec00000)]
  0x00007ff2947bb000 JavaThread "File lock request listener" [_thread_in_native, id=23708, stack(0x00007ff2d46b0000,0x00007ff2d47b1000)]
  0x00007ff294651800 JavaThread "process reaper" daemon [_thread_blocked, id=23706, stack(0x00007ff2d47b1000,0x00007ff2d47ea000)]
  0x00007ff294006000 JavaThread "Asynchronous log dispatcher for org.gradle.launcher.daemon.server.DefaultDaemonConnection@51832d24" [_thread_blocked, id=23703, stack(0x00007ff2d5365000,0x00007ff2d5466000)]
  0x00007ff298007800 JavaThread "Daemon worker" [_thread_blocked, id=23700, stack(0x00007ff2d5466000,0x00007ff2d5567000)]
  0x00007ff29800e800 JavaThread "Cancel handler" [_thread_blocked, id=23699, stack(0x00007ff2d5567000,0x00007ff2d5668000)]
  0x00007ff298003800 JavaThread "Handler for socket connection from /127.0.0.1:37913 to /127.0.0.1:43536" [_thread_in_native, id=23698, stack(0x00007ff2d5668000,0x00007ff2d5769000)]
  0x00007ff2a4014800 JavaThread "Daemon" [_thread_blocked, id=23697, stack(0x00007ff2d5769000,0x00007ff2d586a000)]
  0x00007ff2f4b07800 JavaThread "Incoming local TCP Connector on port 37913" [_thread_in_native, id=23696, stack(0x00007ff2d5a71000,0x00007ff2d5b72000)]
  0x00007ff2f4af1800 JavaThread "pool-1-thread-1" [_thread_blocked, id=23695, stack(0x00007ff2d5b72000,0x00007ff2d5c73000)]
  0x00007ff2f40c9000 JavaThread "Service Thread" daemon [_thread_blocked, id=23664, stack(0x00007ff2d7116000,0x00007ff2d7217000)]
  0x00007ff2f40bd800 JavaThread "C1 CompilerThread2" daemon [_thread_blocked, id=23663, stack(0x00007ff2d7217000,0x00007ff2d7318000)]
  0x00007ff2f40bb800 JavaThread "C2 CompilerThread1" daemon [_thread_in_native, id=23662, stack(0x00007ff2d7318000,0x00007ff2d7419000)]
  0x00007ff2f40b9000 JavaThread "C2 CompilerThread0" daemon [_thread_blocked, id=23661, stack(0x00007ff2d7419000,0x00007ff2d751a000)]
  0x00007ff2f40b7800 JavaThread "Signal Dispatcher" daemon [_thread_blocked, id=23660, stack(0x00007ff2d751a000,0x00007ff2d761b000)]
  0x00007ff2f4084800 JavaThread "Finalizer" daemon [_thread_blocked, id=23654, stack(0x00007ff2d7cfd000,0x00007ff2d7dfe000)]
  0x00007ff2f407f800 JavaThread "Reference Handler" daemon [_thread_blocked, id=23652, stack(0x00007ff2d7dfe000,0x00007ff2d7eff000)]
  0x00007ff2f400a000 JavaThread "main" [_thread_blocked, id=23643, stack(0x00007ff2fb9a9000,0x00007ff2fbaaa000)]

Other Threads:
=>0x00007ff2f4078000 VMThread [stack: 0x00007ff2d7eff000,0x00007ff2d8000000] [id=23650]
  0x00007ff2f40cb800 WatcherThread [stack: 0x00007ff2d7015000,0x00007ff2d7116000] [id=23665]

VM state:at safepoint (normal execution)

VM Mutex/Monitor currently owned by a thread:  ([mutex/lock_event])
[0x00007ff2f4005bb0] ExpandHeap_lock - owner thread: 0x00007ff2f4078000
[0x00007ff2f4006230] Threads_lock - owner thread: 0x00007ff2f4078000
[0x00007ff2f4006730] Heap_lock - owner thread: 0x00007ff29501f800

Heap:
 PSYoungGen      total 349696K, used 0K [0x00000000e0000000, 0x0000000100000000, 0x0000000100000000)
  eden space 175104K, 0% used [0x00000000e0000000,0x00000000e0000000,0x00000000eab00000)
  from space 174592K, 0% used [0x00000000f5580000,0x00000000f5580000,0x0000000100000000)
  to   space 174592K, 0% used [0x00000000eab00000,0x00000000eab00000,0x00000000f5580000)
 ParOldGen       total 731648K, used 621415K [0x00000000a0000000, 0x00000000cca80000, 0x00000000e0000000)
  object space 731648K, 84% used [0x00000000a0000000,0x00000000c5ed9c30,0x00000000cca80000)
 Metaspace       used 52578K, capacity 53854K, committed 54104K, reserved 1095680K
  class space    used 6992K, capacity 7293K, committed 7296K, reserved 1048576K

Card table byte_map: [0x00007ff2f845a000,0x00007ff2f875b000] byte_map_base: 0x00007ff2f7f5a000

Marking Bits: (ParMarkBitMap*) 0x00007ff2fae7d120
 Begin Bits: [0x00007ff2dd000000, 0x00007ff2de800000)
 End Bits:   [0x00007ff2de800000, 0x00007ff2e0000000)

Polling page: 0x00007ff2fbacc000

CodeCache: size=245760Kb used=29495Kb max_used=29495Kb free=216264Kb
 bounds [0x00007ff2e5000000, 0x00007ff2e6d80000, 0x00007ff2f4000000]
 total_blobs=8586 nmethods=7874 adapters=624
 compilation: enabled

Compilation events (10 events):
Event: 89.858 Thread 0x00007ff2f40bd800 9762       1       com.android.dx.rop.cst.CstBaseMethodRef::getPrototype (5 bytes)
Event: 89.858 Thread 0x00007ff2f40bd800 nmethod 9762 0x00007ff2e67fff50 code [0x00007ff2e68000a0, 0x00007ff2e68001b0]
Event: 89.858 Thread 0x00007ff2f40bd800 9765       1       com.android.dx.cf.code.RopperMachine::canThrow (5 bytes)
Event: 89.858 Thread 0x00007ff2f40bd800 nmethod 9765 0x00007ff2e6802a90 code [0x00007ff2e6802be0, 0x00007ff2e6802cf0]
Event: 89.883 Thread 0x00007ff2f40b9000 nmethod 9683% 0x00007ff2e6d55ad0 code [0x00007ff2e6d55dc0, 0x00007ff2e6d572d8]
Event: 89.883 Thread 0x00007ff2f40b9000 9705 %     4       com.android.dx.ssa.SCCP::run @ 133 (298 bytes)
Event: 89.903 Thread 0x00007ff2f40bd800 9766   !   3       com.android.dx.cf.code.RopperMachine::run (1550 bytes)
Event: 89.992 Thread 0x00007ff2f40bd800 nmethod 9766 0x00007ff2e6d58e50 code [0x00007ff2e6d5a0c0, 0x00007ff2e6d69538]
Event: 90.352 Thread 0x00007ff2f40bd800 9771   !   2       java.util.concurrent.ConcurrentHashMap::treeifyBin (164 bytes)
Event: 90.353 Thread 0x00007ff2f40bd800 nmethod 9771 0x00007ff2e673be10 code [0x00007ff2e673bfc0, 0x00007ff2e673c5f8]

GC Heap History (10 events):
Event: 83.342 GC heap after
Heap after GC invocations=32 (full 6):
 PSYoungGen      total 357376K, used 38987K [0x00000000e0000000, 0x0000000100000000, 0x0000000100000000)
  eden space 244736K, 0% used [0x00000000e0000000,0x00000000e0000000,0x00000000eef00000)
  from space 112640K, 34% used [0x00000000f9200000,0x00000000fb812c38,0x0000000100000000)
  to   space 139776K, 0% used [0x00000000eef00000,0x00000000eef00000,0x00000000f7780000)
 ParOldGen       total 731648K, used 499109K [0x00000000a0000000, 0x00000000cca80000, 0x00000000e0000000)
  object space 731648K, 68% used [0x00000000a0000000,0x00000000be769478,0x00000000cca80000)
 Metaspace       used 52548K, capacity 53854K, committed 54104K, reserved 1095680K
  class space    used 6987K, capacity 7293K, committed 7296K, reserved 1048576K
}
Event: 87.192 GC heap before
{Heap before GC invocations=33 (full 6):
 PSYoungGen      total 357376K, used 283723K [0x00000000e0000000, 0x0000000100000000, 0x0000000100000000)
  eden space 244736K, 100% used [0x00000000e0000000,0x00000000eef00000,0x00000000eef00000)
  from space 112640K, 34% used [0x00000000f9200000,0x00000000fb812c38,0x0000000100000000)
  to   space 139776K, 0% used [0x00000000eef00000,0x00000000eef00000,0x00000000f7780000)
 ParOldGen       total 731648K, used 499109K [0x00000000a0000000, 0x00000000cca80000, 0x00000000e0000000)
  object space 731648K, 68% used [0x00000000a0000000,0x00000000be769478,0x00000000cca80000)
 Metaspace       used 52576K, capacity 53854K, committed 54104K, reserved 1095680K
  class space    used 6992K, capacity 7293K, committed 7296K, reserved 1048576K
Event: 87.648 GC heap after
Heap after GC invocations=33 (full 6):
 PSYoungGen      total 332800K, used 87762K [0x00000000e0000000, 0x0000000100000000, 0x0000000100000000)
  eden space 244736K, 0% used [0x00000000e0000000,0x00000000e0000000,0x00000000eef00000)
  from space 88064K, 99% used [0x00000000eef00000,0x00000000f44b48e0,0x00000000f4500000)
  to   space 143360K, 0% used [0x00000000f7400000,0x00000000f7400000,0x0000000100000000)
 ParOldGen       total 731648K, used 520290K [0x00000000a0000000, 0x00000000cca80000, 0x00000000e0000000)
  object space 731648K, 71% used [0x00000000a0000000,0x00000000bfc18890,0x00000000cca80000)
 Metaspace       used 52576K, capacity 53854K, committed 54104K, reserved 1095680K
  class space    used 6992K, capacity 7293K, committed 7296K, reserved 1048576K
}
Event: 88.292 GC heap before
{Heap before GC invocations=34 (full 6):
 PSYoungGen      total 332800K, used 332498K [0x00000000e0000000, 0x0000000100000000, 0x0000000100000000)
  eden space 244736K, 100% used [0x00000000e0000000,0x00000000eef00000,0x00000000eef00000)
  from space 88064K, 99% used [0x00000000eef00000,0x00000000f44b48e0,0x00000000f4500000)
  to   space 143360K, 0% used [0x00000000f7400000,0x00000000f7400000,0x0000000100000000)
 ParOldGen       total 731648K, used 520290K [0x00000000a0000000, 0x00000000cca80000, 0x00000000e0000000)
  object space 731648K, 71% used [0x00000000a0000000,0x00000000bfc18890,0x00000000cca80000)
 Metaspace       used 52576K, capacity 53854K, committed 54104K, reserved 1095680K
  class space    used 6992K, capacity 7293K, committed 7296K, reserved 1048576K
Event: 88.533 GC heap after
Heap after GC invocations=34 (full 6):
 PSYoungGen      total 318464K, used 143336K [0x00000000e0000000, 0x0000000100000000, 0x0000000100000000)
  eden space 175104K, 0% used [0x00000000e0000000,0x00000000e0000000,0x00000000eab00000)
  from space 143360K, 99% used [0x00000000f7400000,0x00000000ffffa318,0x0000000100000000)
  to   space 174592K, 0% used [0x00000000eab00000,0x00000000eab00000,0x00000000f5580000)
 ParOldGen       total 731648K, used 565588K [0x00000000a0000000, 0x00000000cca80000, 0x00000000e0000000)
  object space 731648K, 77% used [0x00000000a0000000,0x00000000c2855238,0x00000000cca80000)
 Metaspace       used 52576K, capacity 53854K, committed 54104K, reserved 1095680K
  class space    used 6992K, capacity 7293K, committed 7296K, reserved 1048576K
}
Event: 88.772 GC heap before
{Heap before GC invocations=35 (full 6):
 PSYoungGen      total 318464K, used 318440K [0x00000000e0000000, 0x0000000100000000, 0x0000000100000000)
  eden space 175104K, 100% used [0x00000000e0000000,0x00000000eab00000,0x00000000eab00000)
  from space 143360K, 99% used [0x00000000f7400000,0x00000000ffffa318,0x0000000100000000)
  to   space 174592K, 0% used [0x00000000eab00000,0x00000000eab00000,0x00000000f5580000)
 ParOldGen       total 731648K, used 565588K [0x00000000a0000000, 0x00000000cca80000, 0x00000000e0000000)
  object space 731648K, 77% used [0x00000000a0000000,0x00000000c2855238,0x00000000cca80000)
 Metaspace       used 52576K, capacity 53854K, committed 54104K, reserved 1095680K
  class space    used 6992K, capacity 7293K, committed 7296K, reserved 1048576K
Event: 89.072 GC heap after
Heap after GC invocations=35 (full 6):
 PSYoungGen      total 349696K, used 162801K [0x00000000e0000000, 0x0000000100000000, 0x0000000100000000)
  eden space 175104K, 0% used [0x00000000e0000000,0x00000000e0000000,0x00000000eab00000)
  from space 174592K, 93% used [0x00000000eab00000,0x00000000f49fc6c8,0x00000000f5580000)
  to   space 174592K, 0% used [0x00000000f5580000,0x00000000f5580000,0x0000000100000000)
 ParOldGen       total 731648K, used 623669K [0x00000000a0000000, 0x00000000cca80000, 0x00000000e0000000)
  object space 731648K, 85% used [0x00000000a0000000,0x00000000c610d5e0,0x00000000cca80000)
 Metaspace       used 52576K, capacity 53854K, committed 54104K, reserved 1095680K
  class space    used 6992K, capacity 7293K, committed 7296K, reserved 1048576K
}
Event: 90.467 GC heap before
{Heap before GC invocations=36 (full 6):
 PSYoungGen      total 349696K, used 337905K [0x00000000e0000000, 0x0000000100000000, 0x0000000100000000)
  eden space 175104K, 100% used [0x00000000e0000000,0x00000000eab00000,0x00000000eab00000)
  from space 174592K, 93% used [0x00000000eab00000,0x00000000f49fc6c8,0x00000000f5580000)
  to   space 174592K, 0% used [0x00000000f5580000,0x00000000f5580000,0x0000000100000000)
 ParOldGen       total 731648K, used 623669K [0x00000000a0000000, 0x00000000cca80000, 0x00000000e0000000)
  object space 731648K, 85% used [0x00000000a0000000,0x00000000c610d5e0,0x00000000cca80000)
 Metaspace       used 52578K, capacity 53854K, committed 54104K, reserved 1095680K
  class space    used 6992K, capacity 7293K, committed 7296K, reserved 1048576K
Event: 90.707 GC heap after
Heap after GC invocations=36 (full 6):
 PSYoungGen      total 349696K, used 42332K [0x00000000e0000000, 0x0000000100000000, 0x0000000100000000)
  eden space 175104K, 0% used [0x00000000e0000000,0x00000000e0000000,0x00000000eab00000)
  from space 174592K, 24% used [0x00000000f5580000,0x00000000f7ed7000,0x0000000100000000)
  to   space 174592K, 0% used [0x00000000eab00000,0x00000000eab00000,0x00000000f5580000)
 ParOldGen       total 731648K, used 674601K [0x00000000a0000000, 0x00000000cca80000, 0x00000000e0000000)
  object space 731648K, 92% used [0x00000000a0000000,0x00000000c92ca558,0x00000000cca80000)
 Metaspace       used 52578K, capacity 53854K, committed 54104K, reserved 1095680K
  class space    used 6992K, capacity 7293K, committed 7296K, reserved 1048576K
}
Event: 90.707 GC heap before
{Heap before GC invocations=37 (full 7):
 PSYoungGen      total 349696K, used 42332K [0x00000000e0000000, 0x0000000100000000, 0x0000000100000000)
  eden space 175104K, 0% used [0x00000000e0000000,0x00000000e0000000,0x00000000eab00000)
  from space 174592K, 24% used [0x00000000f5580000,0x00000000f7ed7000,0x0000000100000000)
  to   space 174592K, 0% used [0x00000000eab00000,0x00000000eab00000,0x00000000f5580000)
 ParOldGen       total 731648K, used 674601K [0x00000000a0000000, 0x00000000cca80000, 0x00000000e0000000)
  object space 731648K, 92% used [0x00000000a0000000,0x00000000c92ca558,0x00000000cca80000)
 Metaspace       used 52578K, capacity 53854K, committed 54104K, reserved 1095680K
  class space    used 6992K, capacity 7293K, committed 7296K, reserved 1048576K

Deoptimization events (10 events):
Event: 88.193 Thread 0x00007ff278062000 Uncommon trap: reason=class_check action=maybe_recompile pc=0x00007ff2e6ccd658 method=com.android.dx.ssa.back.InterferenceGraph.mergeInterferenceSet(ILcom/android/dx/util/IntSet;)V @ 20
Event: 88.193 Thread 0x00007ff278062000 Uncommon trap: reason=class_check action=maybe_recompile pc=0x00007ff2e5ddaf10 method=com.android.dx.util.BitIntSet.merge(Lcom/android/dx/util/IntSet;)V @ 1
Event: 88.194 Thread 0x00007ff278062000 Uncommon trap: reason=class_check action=maybe_recompile pc=0x00007ff2e6ccd658 method=com.android.dx.ssa.back.InterferenceGraph.mergeInterferenceSet(ILcom/android/dx/util/IntSet;)V @ 20
Event: 88.194 Thread 0x00007ff278062000 Uncommon trap: reason=class_check action=maybe_recompile pc=0x00007ff2e5ddaf10 method=com.android.dx.util.BitIntSet.merge(Lcom/android/dx/util/IntSet;)V @ 1
Event: 88.195 Thread 0x00007ff278062000 Uncommon trap: reason=class_check action=maybe_recompile pc=0x00007ff2e6ccd658 method=com.android.dx.ssa.back.InterferenceGraph.mergeInterferenceSet(ILcom/android/dx/util/IntSet;)V @ 20
Event: 88.195 Thread 0x00007ff278062000 Uncommon trap: reason=class_check action=maybe_recompile pc=0x00007ff2e5ddaf10 method=com.android.dx.util.BitIntSet.merge(Lcom/android/dx/util/IntSet;)V @ 1
Event: 88.219 Thread 0x00007ff278062000 Uncommon trap: reason=class_check action=maybe_recompile pc=0x00007ff2e6ccd658 method=com.android.dx.ssa.back.InterferenceGraph.mergeInterferenceSet(ILcom/android/dx/util/IntSet;)V @ 20
Event: 88.219 Thread 0x00007ff278062000 Uncommon trap: reason=class_check action=maybe_recompile pc=0x00007ff2e5ddaf10 method=com.android.dx.util.BitIntSet.merge(Lcom/android/dx/util/IntSet;)V @ 1
Event: 88.559 Thread 0x00007ff278067000 Uncommon trap: reason=predicate action=maybe_recompile pc=0x00007ff2e5360bec method=com.android.dx.ssa.back.InterferenceGraph.<init>(I)V @ 23
Event: 89.802 Thread 0x00007ff29501f800 Uncommon trap: reason=unstable_if action=reinterpret pc=0x00007ff2e66b4e5c method=com.android.dx.cf.code.RopperMachine.updateReturnOp(Lcom/android/dx/rop/code/Rop;Lcom/android/dx/rop/code/SourcePosition;)V @ 106

Internal exceptions (10 events):
Event: 50.075 Thread 0x00007ff298007800 Exception <a 'java/lang/ClassNotFoundException': org/gradle/platform/base/BinaryContainer_ImplCustomizer> (0x00000000e783b680) thrown at [/HUDSON3/workspace/8-2-build-linux-amd64/jdk8u101/7261/hotspot/src/share/vm/classfile/systemDictionary.cpp, line 210]
Event: 50.271 Thread 0x00007ff298007800 Exception <a 'java/lang/NoSuchMethodError': <clinit>> (0x00000000e8059910) thrown at [/HUDSON3/workspace/8-2-build-linux-amd64/jdk8u101/7261/hotspot/src/share/vm/prims/jni.cpp, line 1613]
Event: 50.273 Thread 0x00007ff298007800 Exception <a 'java/lang/NoSuchMethodError': <clinit>> (0x00000000e80668f8) thrown at [/HUDSON3/workspace/8-2-build-linux-amd64/jdk8u101/7261/hotspot/src/share/vm/prims/jni.cpp, line 1613]
Event: 50.309 Thread 0x00007ff298007800 Exception <a 'java/lang/NoSuchMethodError': <clinit>> (0x00000000e823e768) thrown at [/HUDSON3/workspace/8-2-build-linux-amd64/jdk8u101/7261/hotspot/src/share/vm/prims/jni.cpp, line 1613]
Event: 50.311 Thread 0x00007ff298007800 Exception <a 'java/lang/NoSuchMethodError': <clinit>> (0x00000000e8256f78) thrown at [/HUDSON3/workspace/8-2-build-linux-amd64/jdk8u101/7261/hotspot/src/share/vm/prims/jni.cpp, line 1613]
Event: 50.311 Thread 0x00007ff298007800 Exception <a 'java/lang/NoSuchMethodError': <clinit>> (0x00000000e8258490) thrown at [/HUDSON3/workspace/8-2-build-linux-amd64/jdk8u101/7261/hotspot/src/share/vm/prims/jni.cpp, line 1613]
Event: 54.191 Thread 0x00007ff278065000 Implicit null exception at 0x00007ff2e5be7f32 to 0x00007ff2e5be8e05
Event: 60.994 Thread 0x00007ff29501f800 Implicit null exception at 0x00007ff2e548db43 to 0x00007ff2e548e1b5
Event: 74.556 Thread 0x00007ff29501f800 Implicit null exception at 0x00007ff2e6cb9a38 to 0x00007ff2e6cba2e1
Event: 83.818 Thread 0x00007ff29501f800 Implicit null exception at 0x00007ff2e5be94c4 to 0x00007ff2e5bea0a1

Events (10 events):
Event: 89.949 Thread 0x00007ff29501f800 DEOPT UNPACKING pc=0x00007ff2e5047633 sp=0x00007ff27ebfd070 mode 0
Event: 89.961 Thread 0x00007ff29501f800 DEOPT PACKING pc=0x00007ff2e68b2cca sp=0x00007ff27ebfd0a0
Event: 89.961 Thread 0x00007ff29501f800 DEOPT UNPACKING pc=0x00007ff2e5047633 sp=0x00007ff27ebfcf00 mode 0
Event: 90.082 Thread 0x00007ff29501f800 DEOPT PACKING pc=0x00007ff2e67547ac sp=0x00007ff27ebfd400
Event: 90.082 Thread 0x00007ff29501f800 DEOPT UNPACKING pc=0x00007ff2e5047633 sp=0x00007ff27ebfd100 mode 0
Event: 90.225 Thread 0x00007ff29501f800 DEOPT PACKING pc=0x00007ff2e68b2cca sp=0x00007ff27ebfd0a0
Event: 90.225 Thread 0x00007ff29501f800 DEOPT UNPACKING pc=0x00007ff2e5047633 sp=0x00007ff27ebfcf00 mode 0
Event: 90.385 Thread 0x00007ff29501f800 DEOPT PACKING pc=0x00007ff2e67547ac sp=0x00007ff27ebfd2b0
Event: 90.385 Thread 0x00007ff29501f800 DEOPT UNPACKING pc=0x00007ff2e5047633 sp=0x00007ff27ebfcfb0 mode 0
Event: 90.453 Executing VM operation: ParallelGCFailedAllocation


Dynamic libraries:
00400000-00401000 r-xp 00000000 08:02 239483                             /usr/lib/jvm/java-8-oracle/bin/java
00600000-00601000 rw-p 00000000 08:02 239483                             /usr/lib/jvm/java-8-oracle/bin/java
0255e000-0257f000 rw-p 00000000 00:00 0                                  [heap]
a0000000-cca80000 rw-p 00000000 00:00 0 
d5e80000-e0000000 ---p 00000000 00:00 0 
e0000000-100000000 rw-p 00000000 00:00 0 
100000000-100720000 rw-p 00000000 00:00 0 
100720000-140000000 ---p 00000000 00:00 0 
7ff260000000-7ff260024000 rw-p 00000000 00:00 0 
7ff260024000-7ff264000000 ---p 00000000 00:00 0 
7ff268000000-7ff268021000 rw-p 00000000 00:00 0 
7ff268021000-7ff26c000000 ---p 00000000 00:00 0 
7ff26c000000-7ff26c021000 rw-p 00000000 00:00 0 
7ff26c021000-7ff270000000 ---p 00000000 00:00 0 
7ff270000000-7ff27002f000 rw-p 00000000 00:00 0 
7ff27002f000-7ff274000000 ---p 00000000 00:00 0 
7ff274000000-7ff27403d000 rw-p 00000000 00:00 0 
7ff27403d000-7ff278000000 ---p 00000000 00:00 0 
7ff278000000-7ff2781f7000 rw-p 00000000 00:00 0 
7ff2781f7000-7ff27c000000 ---p 00000000 00:00 0 
7ff27e304000-7ff27e4c4000 rw-p 00000000 00:00 0 
7ff27e4c4000-7ff27e504000 ---p 00000000 00:00 0 
7ff27e504000-7ff27e507000 ---p 00000000 00:00 0 
7ff27e507000-7ff27e605000 rw-p 00000000 00:00 0 
7ff27e605000-7ff27e608000 ---p 00000000 00:00 0 
7ff27e608000-7ff27e706000 rw-p 00000000 00:00 0 
7ff27e706000-7ff27e709000 ---p 00000000 00:00 0 
7ff27e709000-7ff27e807000 rw-p 00000000 00:00 0 
7ff27e807000-7ff27e80a000 ---p 00000000 00:00 0 
7ff27e80a000-7ff27e908000 rw-p 00000000 00:00 0 
7ff27e908000-7ff27e90b000 ---p 00000000 00:00 0 
7ff27e90b000-7ff27ea09000 rw-p 00000000 00:00 0 
7ff27ea09000-7ff27eaff000 r--s 009af000 08:02 4727045                    /home/ankit/Desktop/Evento/app/build/intermediates/transforms/jarMerging/debug/jars/1/1f/combined.jar
7ff27eaff000-7ff27eb02000 ---p 00000000 00:00 0 
7ff27eb02000-7ff27ee00000 rw-p 00000000 00:00 0 
7ff27ee00000-7ff27f000000 rw-p 00000000 00:00 0 
7ff27f000000-7ff27f200000 rw-p 00000000 00:00 0 
7ff27f200000-7ff27f400000 rw-p 00000000 00:00 0 
7ff27f400000-7ff27f600000 rw-p 00000000 00:00 0 
7ff27f600000-7ff27f800000 rw-p 00000000 00:00 0 
7ff27f800000-7ff27fa00000 rw-p 00000000 00:00 0 
7ff27fa00000-7ff27fbf6000 rw-p 00000000 00:00 0 
7ff27fbf6000-7ff27fc00000 ---p 00000000 00:00 0 
7ff27fc00000-7ff27fe00000 rw-p 00000000 00:00 0 
7ff27fe00000-7ff280000000 rw-p 00000000 00:00 0 
7ff280000000-7ff280021000 rw-p 00000000 00:00 0 
7ff280021000-7ff284000000 ---p 00000000 00:00 0 
7ff284000000-7ff284021000 rw-p 00000000 00:00 0 
7ff284021000-7ff288000000 ---p 00000000 00:00 0 
7ff288000000-7ff288021000 rw-p 00000000 00:00 0 
7ff288021000-7ff28c000000 ---p 00000000 00:00 0 
7ff28c000000-7ff28c021000 rw-p 00000000 00:00 0 
7ff28c021000-7ff290000000 ---p 00000000 00:00 0 
7ff290000000-7ff290021000 rw-p 00000000 00:00 0 
7ff290021000-7ff294000000 ---p 00000000 00:00 0 
7ff294000000-7ff2956da000 rw-p 00000000 00:00 0 
7ff2956da000-7ff298000000 ---p 00000000 00:00 0 
7ff298000000-7ff298021000 rw-p 00000000 00:00 0 
7ff298021000-7ff29c000000 ---p 00000000 00:00 0 
7ff29c000000-7ff29c021000 rw-p 00000000 00:00 0 
7ff29c021000-7ff2a0000000 ---p 00000000 00:00 0 
7ff2a0000000-7ff2a0021000 rw-p 00000000 00:00 0 
7ff2a0021000-7ff2a4000000 ---p 00000000 00:00 0 
7ff2a4000000-7ff2a4071000 rw-p 00000000 00:00 0 
7ff2a4071000-7ff2a8000000 ---p 00000000 00:00 0 
7ff2a8000000-7ff2a8021000 rw-p 00000000 00:00 0 
7ff2a8021000-7ff2ac000000 ---p 00000000 00:00 0 
7ff2ac000000-7ff2ac021000 rw-p 00000000 00:00 0 
7ff2ac021000-7ff2b0000000 ---p 00000000 00:00 0 
7ff2b0000000-7ff2b231a000 rw-p 00000000 00:00 0 
7ff2b231a000-7ff2b4000000 ---p 00000000 00:00 0 
7ff2b4000000-7ff2b4eb9000 rw-p 00000000 00:00 0 
7ff2b4eb9000-7ff2b8000000 ---p 00000000 00:00 0 
7ff2b8000000-7ff2b8021000 rw-p 00000000 00:00 0 
7ff2b8021000-7ff2bc000000 ---p 00000000 00:00 0 
7ff2bc000000-7ff2bda1a000 rw-p 00000000 00:00 0 
7ff2bda1a000-7ff2c0000000 ---p 00000000 00:00 0 
7ff2c0000000-7ff2c0021000 rw-p 00000000 00:00 0 
7ff2c0021000-7ff2c4000000 ---p 00000000 00:00 0 
7ff2c4000000-7ff2c4021000 rw-p 00000000 00:00 0 
7ff2c4021000-7ff2c8000000 ---p 00000000 00:00 0 
7ff2c8000000-7ff2c8032000 rw-p 00000000 00:00 0 
7ff2c8032000-7ff2cc000000 ---p 00000000 00:00 0 
7ff2cc000000-7ff2cc328000 rw-p 00000000 00:00 0 
7ff2cc328000-7ff2d0000000 ---p 00000000 00:00 0 
7ff2d0000000-7ff2d0047000 rw-p 00000000 00:00 0 
7ff2d0047000-7ff2d4000000 ---p 00000000 00:00 0 
7ff2d40ec000-7ff2d42ec000 rw-p 00000000 00:00 0 
7ff2d42ec000-7ff2d44ec000 rw-p 00000000 00:00 0 
7ff2d4503000-7ff2d4504000 rw-p 00000000 00:00 0 
7ff2d4504000-7ff2d4517000 r--s 00345000 08:02 239586                     /usr/lib/jvm/java-8-oracle/jre/lib/resources.jar
7ff2d4517000-7ff2d4542000 r--s 001fc000 08:02 3802331                    /home/ankit/Downloads/android-studio/gradle/m2repository/com/google/guava/guava/18.0/guava-18.0.jar
7ff2d4542000-7ff2d4543000 r--s 00001000 08:02 3877617                    /home/ankit/Downloads/android-studio/gradle/m2repository/com/android/tools/annotations/25.2.0/annotations-25.2.0.jar
7ff2d4543000-7ff2d4555000 r--s 000b3000 08:02 3989804                    /home/ankit/Downloads/android-studio/gradle/m2repository/com/android/tools/external/com-intellij/uast/145.597.3/uast-145.597.3.jar
7ff2d4555000-7ff2d455d000 r--s 000a8000 08:02 3753715                    /home/ankit/Downloads/android-studio/gradle/m2repository/com/android/tools/external/lombok/lombok-ast/0.2.3/lombok-ast-0.2.3.jar
7ff2d455d000-7ff2d455f000 r--s 0000d000 08:02 3760231                    /home/ankit/Downloads/android-studio/gradle/m2repository/commons-codec/commons-codec/1.4/commons-codec-1.4.jar
7ff2d455f000-7ff2d4561000 r--s 0000d000 08:02 3540543                    /home/ankit/Downloads/android-studio/gradle/m2repository/commons-logging/commons-logging/1.1.1/commons-logging-1.1.1.jar
7ff2d4561000-7ff2d4566000 r--s 00028000 08:02 3753367                    /home/ankit/Downloads/android-studio/gradle/m2repository/org/apache/httpcomponents/httpcore/4.1/httpcore-4.1.jar
7ff2d4566000-7ff2d456a000 r--s 0002f000 08:02 3845228                    /home/ankit/Downloads/android-studio/gradle/m2repository/com/google/jimfs/jimfs/1.1/jimfs-1.1.jar
7ff2d456a000-7ff2d456b000 r--s 00004000 08:02 3753443                    /home/ankit/Downloads/android-studio/gradle/m2repository/com/intellij/annotations/12.0/annotations-12.0.jar
7ff2d456b000-7ff2d456c000 r--s 00004000 08:02 3713300                    /home/ankit/Downloads/android-studio/gradle/m2repository/org/ow2/asm/asm-analysis/5.0.4/asm-analysis-5.0.4.jar
7ff2d456c000-7ff2d4570000 r--s 0003b000 08:02 4017281                    /home/ankit/Downloads/android-studio/gradle/m2repository/com/android/tools/lint/lint-api/25.2.0/lint-api-25.2.0.jar
7ff2d4570000-7ff2d4571000 r--s 0000a000 08:02 3760193                    /home/ankit/Downloads/android-studio/gradle/m2repository/net/sf/kxml/kxml2/2.3.0/kxml2-2.3.0.jar
7ff2d4571000-7ff2d4573000 r--s 00005000 08:02 3753358                    /home/ankit/Downloads/android-studio/gradle/m2repository/org/apache/httpcomponents/httpmime/4.1/httpmime-4.1.jar
7ff2d4573000-7ff2d457b000 r--s 0004e000 08:02 3753378                    /home/ankit/Downloads/android-studio/gradle/m2repository/org/apache/httpcomponents/httpclient/4.1.1/httpclient-4.1.1.jar
7ff2d457b000-7ff2d4582000 r--s 00053000 08:02 3753390                    /home/ankit/Downloads/android-studio/gradle/m2repository/org/apache/commons/commons-compress/1.8.1/commons-compress-1.8.1.jar
7ff2d4582000-7ff2d4587000 r--s 0002a000 08:02 3753476                    /home/ankit/Downloads/android-studio/gradle/m2repository/com/google/code/gson/gson/2.2.4/gson-2.2.4.jar
7ff2d4587000-7ff2d458c000 r--s 0002d000 08:02 4000509                    /home/ankit/Downloads/android-studio/gradle/m2repository/com/android/tools/repository/25.2.0/repository-25.2.0.jar
7ff2d458c000-7ff2d458d000 r--s 00005000 08:02 3941528                    /home/ankit/Downloads/android-studio/gradle/m2repository/com/android/tools/dvlib/25.2.0/dvlib-25.2.0.jar
7ff2d458d000-7ff2d4590000 r--s 00014000 08:02 3835823                    /home/ankit/Downloads/android-studio/gradle/m2repository/com/android/tools/layoutlib/layoutlib-api/25.2.0/layoutlib-api-25.2.0.jar
7ff2d4590000-7ff2d4595000 r--s 00058000 08:02 3631976                    /home/ankit/Downloads/android-studio/gradle/m2repository/org/ow2/asm/asm-debug-all/5.0.1/asm-debug-all-5.0.1.jar
7ff2d4595000-7ff2d45a5000 r--s 000d6000 08:02 3760205                    /home/ankit/Downloads/android-studio/gradle/m2repository/net/sf/proguard/proguard-base/5.2.1/proguard-base-5.2.1.jar
7ff2d45a5000-7ff2d45a8000 r--s 00033000 08:02 3753450                    /home/ankit/Downloads/android-studio/gradle/m2repository/com/googlecode/juniversalchardet/juniversalchardet/1.0.3/juniversalchardet-1.0.3.jar
7ff2d45a8000-7ff2d45ac000 r--s 0002a000 08:02 3506651                    /home/ankit/Downloads/android-studio/gradle/m2repository/commons-io/commons-io/2.4/commons-io-2.4.jar
7ff2d45ac000-7ff2d45c3000 r--s 00154000 08:02 3787896                    /home/ankit/Downloads/android-studio/gradle/m2repository/org/antlr/antlr4/4.5.3/antlr4-4.5.3.jar
7ff2d45c3000-7ff2d45c4000 r--s 00002000 08:02 3845251                    /home/ankit/Downloads/android-studio/gradle/m2repository/com/android/databinding/baseLibrary/2.2.0/baseLibrary-2.2.0.jar
7ff2d45c4000-7ff2d45d7000 r--s 00236000 08:02 3779712                    /home/ankit/Downloads/android-studio/gradle/m2repository/org/eclipse/jdt/core/compiler/ecj/4.5.1/ecj-4.5.1.jar
7ff2d45d7000-7ff2d45de000 r--s 000c3000 08:02 3927174                    /home/ankit/Downloads/android-studio/gradle/m2repository/com/android/tools/lint/lint-checks/25.2.0/lint-checks-25.2.0.jar
7ff2d45de000-7ff2d45e0000 r--s 00006000 08:02 3754422                    /home/ankit/Downloads/android-studio/gradle/m2repository/org/ow2/asm/asm-tree/5.0.4/asm-tree-5.0.4.jar
7ff2d45e0000-7ff2d4613000 r--s 00203000 08:02 3753331                    /home/ankit/Downloads/android-studio/gradle/m2repository/org/bouncycastle/bcprov-jdk15on/1.48/bcprov-jdk15on-1.48.jar
7ff2d4613000-7ff2d4621000 r--s 00081000 08:02 3753336                    /home/ankit/Downloads/android-studio/gradle/m2repository/org/bouncycastle/bcpkix-jdk15on/1.48/bcpkix-jdk15on-1.48.jar
7ff2d4621000-7ff2d4623000 r--s 00002000 08:02 3753458                    /home/ankit/Downloads/android-studio/gradle/m2repository/com/squareup/javawriter/2.5.0/javawriter-2.5.0.jar
7ff2d4623000-7ff2d4624000 r--s 00002000 08:02 4009078                    /home/ankit/Downloads/android-studio/gradle/m2repository/com/android/tools/analytics-library/tracker/25.2.0/tracker-25.2.0.jar
7ff2d4624000-7ff2d4626000 r--s 00003000 08:02 4009086                    /home/ankit/Downloads/android-studio/gradle/m2repository/com/android/tools/analytics-library/shared/25.2.0/shared-25.2.0.jar
7ff2d4626000-7ff2d4633000 r--s 000ed000 08:02 4009082                    /home/ankit/Downloads/android-studio/gradle/m2repository/com/android/tools/analytics-library/protos/25.2.0/protos-25.2.0.jar
7ff2d4633000-7ff2d4634000 r--s 00001000 08:02 3753578                    /home/ankit/Downloads/android-studio/gradle/m2repository/com/android/tools/jill/jill-api/0.10.0/jill-api-0.10.0.jar
7ff2d4634000-7ff2d4636000 r--s 00003000 08:02 4024806                    /home/ankit/Downloads/android-studio/gradle/m2repository/com/android/tools/jack/jack-api/0.11.0/jack-api-0.11.0.jar
7ff2d4636000-7ff2d463b000 r--s 0004a000 08:02 3918754                    /home/ankit/Downloads/android-studio/gradle/m2repository/com/android/tools/ddms/ddmlib/25.2.0/ddmlib-25.2.0.jar
7ff2d463b000-7ff2d463e000 r--s 00021000 08:02 3910779                    /home/ankit/Downloads/android-studio/gradle/m2repository/com/android/tools/build/manifest-merger/25.2.0/manifest-merger-25.2.0.jar
7ff2d463e000-7ff2d4640000 r--s 0001c000 08:02 4031682                    /home/ankit/Downloads/android-studio/gradle/m2repository/com/android/tools/common/25.2.0/common-25.2.0.jar
7ff2d4640000-7ff2d4649000 r--s 00083000 08:02 3885105                    /home/ankit/Downloads/android-studio/gradle/m2repository/com/android/tools/sdk-common/25.2.0/sdk-common-25.2.0.jar
7ff2d4649000-7ff2d4654000 r--s 0008e000 08:02 4024802                    /home/ankit/Downloads/android-studio/gradle/m2repository/com/android/tools/sdklib/25.2.0/sdklib-25.2.0.jar
7ff2d4654000-7ff2d4655000 r--s 00002000 08:02 3894391                    /home/ankit/Downloads/android-studio/gradle/m2repository/com/android/tools/build/builder-test-api/2.2.0/builder-test-api-2.2.0.jar
7ff2d4655000-7ff2d4658000 r--s 00005000 08:02 3754438                    /home/ankit/Downloads/android-studio/gradle/m2repository/com/android/tools/build/builder-model/2.2.0/builder-model-2.2.0.jar
7ff2d4658000-7ff2d4660000 r--s 0007b000 08:02 3819714                    /home/ankit/Downloads/android-studio/gradle/m2repository/com/google/protobuf/protobuf-java/2.5.0/protobuf-java-2.5.0.jar
7ff2d4660000-7ff2d4662000 r--s 0000f000 08:02 4041488                    /home/ankit/Downloads/android-studio/gradle/m2repository/net/sf/jopt-simple/jopt-simple/4.9/jopt-simple-4.9.jar
7ff2d4662000-7ff2d4666000 r--s 0001f000 08:02 3795671                    /home/ankit/Downloads/android-studio/gradle/m2repository/org/jacoco/org.jacoco.report/0.7.5.201505241946/org.jacoco.report-0.7.5.201505241946.jar
7ff2d4666000-7ff2d466a000 r--s 0001d000 08:02 3787900                    /home/ankit/Downloads/android-studio/gradle/m2repository/org/jacoco/org.jacoco.core/0.7.5.201505241946/org.jacoco.core-0.7.5.201505241946.jar
7ff2d466a000-7ff2d466b000 r--s 00002000 08:02 3760221                    /home/ankit/Downloads/android-studio/gradle/m2repository/net/sf/proguard/proguard-gradle/5.2.1/proguard-gradle-5.2.1.jar
7ff2d466b000-7ff2d466d000 r--s 00009000 08:02 3779703                    /home/ankit/Downloads/android-studio/gradle/m2repository/org/ow2/asm/asm-commons/5.0.4/asm-commons-5.0.4.jar
7ff2d466d000-7ff2d466f000 r--s 0000c000 08:02 3779709                    /home/ankit/Downloads/android-studio/gradle/m2repository/org/ow2/asm/asm/5.0.4/asm-5.0.4.jar
7ff2d466f000-7ff2d4673000 r--s 0002b000 08:02 3853442                    /home/ankit/Downloads/android-studio/gradle/m2repository/com/android/databinding/compilerCommon/2.2.0/compilerCommon-2.2.0.jar
7ff2d4673000-7ff2d4674000 r--s 00002000 08:02 3894401                    /home/ankit/Downloads/android-studio/gradle/m2repository/com/android/tools/build/gradle-api/2.2.0/gradle-api-2.2.0.jar
7ff2d4674000-7ff2d4675000 r--s 00000000 08:02 3753573                    /home/ankit/Downloads/android-studio/gradle/m2repository/com/android/tools/build/transform-api/2.0.0-deprecated-use-gradle-api/transform-api-2.0.0-deprecated-use-gradle-api.jar
7ff2d4675000-7ff2d467a000 r--s 00053000 08:02 4017271                    /home/ankit/Downloads/android-studio/gradle/m2repository/com/android/tools/lint/lint/25.2.0/lint-25.2.0.jar
7ff2d467a000-7ff2d4691000 r--s 0015d000 08:02 3885097                    /home/ankit/Downloads/android-studio/gradle/m2repository/com/android/tools/build/builder/2.2.0/builder-2.2.0.jar
7ff2d4691000-7ff2d46ae000 r--s 0019c000 08:02 3910782                    /home/ankit/Downloads/android-studio/gradle/m2repository/com/android/tools/build/gradle-core/2.2.0/gradle-core-2.2.0.jar
7ff2d46ae000-7ff2d46b0000 r--s 0000d000 08:02 3802336                    /home/ankit/Downloads/android-studio/gradle/m2repository/com/android/tools/build/gradle/2.2.0/gradle-2.2.0.jar
7ff2d46b0000-7ff2d46b3000 ---p 00000000 00:00 0 
7ff2d46b3000-7ff2d47b1000 rw-p 00000000 00:00 0 
7ff2d47b1000-7ff2d47b4000 ---p 00000000 00:00 0 
7ff2d47b4000-7ff2d47ea000 rw-p 00000000 00:00 0 
7ff2d47ea000-7ff2d47eb000 r--p 00000000 00:00 0 
7ff2d47eb000-7ff2d49eb000 rw-p 00000000 00:00 0 
7ff2d49eb000-7ff2d4beb000 rw-p 00000000 00:00 0 
7ff2d4beb000-7ff2d4deb000 rw-p 00000000 00:00 0 
7ff2d4deb000-7ff2d4feb000 rw-p 00000000 00:00 0 
7ff2d4feb000-7ff2d5064000 r--s 010e5000 08:02 158647                     /usr/lib/jvm/java-8-oracle/lib/tools.jar
7ff2d5064000-7ff2d5264000 rw-p 00000000 00:00 0 
7ff2d5264000-7ff2d5267000 ---p 00000000 00:00 0 
7ff2d5267000-7ff2d5365000 rw-p 00000000 00:00 0 
7ff2d5365000-7ff2d5368000 ---p 00000000 00:00 0 
7ff2d5368000-7ff2d5466000 rw-p 00000000 00:00 0 
7ff2d5466000-7ff2d5469000 ---p 00000000 00:00 0 
7ff2d5469000-7ff2d5567000 rw-p 00000000 00:00 0 
7ff2d5567000-7ff2d556a000 ---p 00000000 00:00 0 
7ff2d556a000-7ff2d5668000 rw-p 00000000 00:00 0 
7ff2d5668000-7ff2d566b000 ---p 00000000 00:00 0 
7ff2d566b000-7ff2d5769000 rw-p 00000000 00:00 0 
7ff2d5769000-7ff2d576c000 ---p 00000000 00:00 0 
7ff2d576c000-7ff2d586a000 rw-p 00000000 00:00 0 
7ff2d586a000-7ff2d5871000 r--s 00000000 08:02 109538                     /usr/lib/x86_64-linux-gnu/gconv/gconv-modules.cache
7ff2d5871000-7ff2d5a71000 rw-p 00000000 00:00 0 
7ff2d5a71000-7ff2d5a74000 ---p 00000000 00:00 0 
7ff2d5a74000-7ff2d5b72000 rw-p 00000000 00:00 0 
7ff2d5b72000-7ff2d5b75000 ---p 00000000 00:00 0 
7ff2d5b75000-7ff2d5c73000 rw-p 00000000 00:00 0 
7ff2d5c73000-7ff2d5c7c000 r-xp 00000000 08:02 253999                     /usr/lib/jvm/java-8-oracle/jre/lib/amd64/libmanagement.so
7ff2d5c7c000-7ff2d5e7b000 ---p 00009000 08:02 253999                     /usr/lib/jvm/java-8-oracle/jre/lib/amd64/libmanagement.so
7ff2d5e7b000-7ff2d5e7c000 rw-p 00008000 08:02 253999                     /usr/lib/jvm/java-8-oracle/jre/lib/amd64/libmanagement.so
7ff2d5e7c000-7ff2d5e80000 r--s 00097000 08:02 239557                     /usr/lib/jvm/java-8-oracle/jre/lib/jsse.jar
7ff2d5e80000-7ff2d5e82000 r--s 00007000 08:02 3402085                    /home/ankit/Downloads/android-studio/gradle/gradle-2.14.1/lib/plugins/gradle-tooling-api-builders-2.14.1.jar
7ff2d5e82000-7ff2d5e85000 r--s 00008000 08:02 3402081                    /home/ankit/Downloads/android-studio/gradle/gradle-2.14.1/lib/plugins/gradle-testing-native-2.14.1.jar
7ff2d5e85000-7ff2d5e87000 r--s 00009000 08:02 3402371                    /home/ankit/Downloads/android-studio/gradle/gradle-2.14.1/lib/plugins/hamcrest-core-1.3.jar
7ff2d5e87000-7ff2d5e8d000 r--s 00033000 08:02 3402325                    /home/ankit/Downloads/android-studio/gradle/gradle-2.14.1/lib/plugins/snakeyaml-1.6.jar
7ff2d5e8d000-7ff2d5e8f000 r--s 00006000 08:02 3402336                    /home/ankit/Downloads/android-studio/gradle/gradle-2.14.1/lib/plugins/jcommander-1.12.jar
7ff2d5e8f000-7ff2d5e94000 r--s 00040000 08:02 3402324                    /home/ankit/Downloads/android-studio/gradle/gradle-2.14.1/lib/plugins/bsh-2.0b4.jar
7ff2d5e94000-7ff2d5e9d000 r--s 00089000 08:02 3402339                    /home/ankit/Downloads/android-studio/gradle/gradle-2.14.1/lib/plugins/testng-6.3.1.jar
7ff2d5e9d000-7ff2d5ea5000 r--s 00045000 08:02 3402343                    /home/ankit/Downloads/android-studio/gradle/gradle-2.14.1/lib/plugins/junit-4.12.jar
7ff2d5ea5000-7ff2d5eab000 r--s 0002e000 08:02 3402091                    /home/ankit/Downloads/android-studio/gradle/gradle-2.14.1/lib/plugins/gradle-testing-jvm-2.14.1.jar
7ff2d5eab000-7ff2d5eb0000 r--s 00015000 08:02 3402095                    /home/ankit/Downloads/android-studio/gradle/gradle-2.14.1/lib/plugins/gradle-testing-base-2.14.1.jar
7ff2d5eb0000-7ff2d5eb1000 r--s 00002000 08:02 3402342                    /home/ankit/Downloads/android-studio/gradle/gradle-2.14.1/lib/plugins/sonar-batch-bootstrapper-2.9.jar
7ff2d5eb1000-7ff2d5eb4000 r--s 00015000 08:02 3402090                    /home/ankit/Downloads/android-studio/gradle/gradle-2.14.1/lib/plugins/gradle-sonar-2.14.1.jar
7ff2d5eb4000-7ff2d5ebb000 r--s 00038000 08:02 3402356                    /home/ankit/Downloads/android-studio/gradle/gradle-2.14.1/lib/plugins/bcpg-jdk15on-1.51.jar
7ff2d5ebb000-7ff2d5ebd000 r--s 0000d000 08:02 3402293                    /home/ankit/Downloads/android-studio/gradle/gradle-2.14.1/lib/plugins/gradle-signing-2.14.1.jar
7ff2d5ebd000-7ff2d5ec0000 r--s 00009000 08:02 3402099                    /home/ankit/Downloads/android-studio/gradle/gradle-2.14.1/lib/plugins/gradle-scala-2.14.1.jar
7ff2d5ec0000-7ff2d5ec1000 r--s 00004000 08:02 3402295                    /home/ankit/Downloads/android-studio/gradle/gradle-2.14.1/lib/plugins/gradle-resources-sftp-2.14.1.jar
7ff2d5ec1000-7ff2d5ed1000 r--s 00088000 08:02 3402329                    /home/ankit/Downloads/android-studio/gradle/gradle-2.14.1/lib/plugins/joda-time-2.8.2.jar
7ff2d5ed1000-7ff2d5ee2000 r--s 000cf000 08:02 3402375                    /home/ankit/Downloads/android-studio/gradle/gradle-2.14.1/lib/plugins/jackson-databind-2.3.2.jar
7ff2d5ee2000-7ff2d5ee4000 r--s 00007000 08:02 3402352                    /home/ankit/Downloads/android-studio/gradle/gradle-2.14.1/lib/plugins/jackson-annotations-2.3.2.jar
7ff2d5ee4000-7ff2d5ee7000 r--s 0002e000 08:02 3402358                    /home/ankit/Downloads/android-studio/gradle/gradle-2.14.1/lib/plugins/jackson-core-2.3.2.jar
7ff2d5ee7000-7ff2d5ef2000 r--s 0006b000 08:02 3402381                    /home/ankit/Downloads/android-studio/gradle/gradle-2.14.1/lib/plugins/aws-java-sdk-core-1.9.19.jar
7ff2d5ef2000-7ff2d5ef8000 r--s 00036000 08:02 3402351                    /home/ankit/Downloads/android-studio/gradle/gradle-2.14.1/lib/plugins/aws-java-sdk-kms-1.9.19.jar
7ff2d5ef8000-7ff2d5f03000 r--s 00079000 08:02 3402341                    /home/ankit/Downloads/android-studio/gradle/gradle-2.14.1/lib/plugins/aws-java-sdk-s3-1.9.19.jar
7ff2d5f03000-7ff2d5f04000 r--s 00003000 08:02 3402305                    /home/ankit/Downloads/android-studio/gradle/gradle-2.14.1/lib/plugins/gradle-resources-s3-2.14.1.jar
7ff2d5f04000-7ff2d5f06000 r--s 00005000 08:02 3402370                    /home/ankit/Downloads/android-studio/gradle/gradle-2.14.1/lib/plugins/jatl-0.2.2.jar
7ff2d5f06000-7ff2d5f08000 r--s 0000f000 08:02 3402311                    /home/ankit/Downloads/android-studio/gradle/gradle-2.14.1/lib/plugins/gradle-reporting-2.14.1.jar
7ff2d5f08000-7ff2d5f0a000 r--s 00002000 08:02 3402252                    /home/ankit/Downloads/android-studio/gradle/gradle-2.14.1/lib/plugins/gradle-publish-2.14.1.jar
7ff2d5f0a000-7ff2d5f0c000 r--s 00009000 08:02 3402334                    /home/ankit/Downloads/android-studio/gradle/gradle-2.14.1/lib/plugins/commons-cli-1.2.jar
7ff2d5f0c000-7ff2d5f12000 r--s 00033000 08:02 3402098                    /home/ankit/Downloads/android-studio/gradle/gradle-2.14.1/lib/plugins/gradle-plugins-2.14.1.jar
7ff2d5f12000-7ff2d5f14000 r--s 00007000 08:02 3402083                    /home/ankit/Downloads/android-studio/gradle/gradle-2.14.1/lib/plugins/gradle-plugin-development-2.14.1.jar
7ff2d5f14000-7ff2d5f1a000 r--s 0002a000 08:02 3402292                    /home/ankit/Downloads/android-studio/gradle/gradle-2.14.1/lib/plugins/gradle-platform-play-2.14.1.jar
7ff2d5f1a000-7ff2d5f27000 r--s 0004d000 08:02 3402291                    /home/ankit/Downloads/android-studio/gradle/gradle-2.14.1/lib/plugins/gradle-platform-native-2.14.1.jar
7ff2d5f27000-7ff2d5f2b000 r--s 0001a000 08:02 3402304                    /home/ankit/Downloads/android-studio/gradle/gradle-2.14.1/lib/plugins/gradle-platform-jvm-2.14.1.jar
7ff2d5f2b000-7ff2d5f32000 r--s 00029000 08:02 3402097                    /home/ankit/Downloads/android-studio/gradle/gradle-2.14.1/lib/plugins/gradle-platform-base-2.14.1.jar
7ff2d5f32000-7ff2d5f53000 r--s 001c3000 08:02 3402322                    /home/ankit/Downloads/android-studio/gradle/gradle-2.14.1/lib/plugins/bndlib-2.4.0.jar
7ff2d5f53000-7ff2d5f55000 r--s 00003000 08:02 3402306                    /home/ankit/Downloads/android-studio/gradle/gradle-2.14.1/lib/plugins/gradle-osgi-2.14.1.jar
7ff2d5f55000-7ff2d5f58000 r--s 0000c000 08:02 3402378                    /home/ankit/Downloads/android-studio/gradle/gradle-2.14.1/lib/plugins/pmaven-groovy-0.8-20100325.jar
7ff2d5f58000-7ff2d5f59000 r--s 00004000 08:02 3402369                    /home/ankit/Downloads/android-studio/gradle/gradle-2.14.1/lib/plugins/pmaven-common-0.8-20100325.jar
7ff2d5f59000-7ff2d5f5f000 r--s 00022000 08:02 3402096                    /home/ankit/Downloads/android-studio/gradle/gradle-2.14.1/lib/plugins/gradle-maven-2.14.1.jar
7ff2d5f5f000-7ff2d5f61000 r--s 0000a000 08:02 3402088                    /home/ankit/Downloads/android-studio/gradle/gradle-2.14.1/lib/plugins/gradle-language-scala-2.14.1.jar
7ff2d5f61000-7ff2d5f67000 r--s 0001a000 08:02 3402092                    /home/ankit/Downloads/android-studio/gradle/gradle-2.14.1/lib/plugins/gradle-language-native-2.14.1.jar
7ff2d5f67000-7ff2d5f69000 r--s 00008000 08:02 3402084                    /home/ankit/Downloads/android-studio/gradle/gradle-2.14.1/lib/plugins/gradle-language-jvm-2.14.1.jar
7ff2d5f69000-7ff2d5f6f000 r--s 00024000 08:02 3402300                    /home/ankit/Downloads/android-studio/gradle/gradle-2.14.1/lib/plugins/gradle-language-java-2.14.1.jar
7ff2d5f6f000-7ff2d5f71000 r--s 0000a000 08:02 3402290                    /home/ankit/Downloads/android-studio/gradle/gradle-2.14.1/lib/plugins/gradle-language-groovy-2.14.1.jar
7ff2d5f71000-7ff2d5f74000 r--s 0001e000 08:02 3402319                    /home/ankit/Downloads/android-studio/gradle/gradle-2.14.1/lib/plugins/jsp-api-2.1-6.1.14.jar
7ff2d5f74000-7ff2d5f97000 r--s 00344000 08:02 3402353                    /home/ankit/Downloads/android-studio/gradle/gradle-2.14.1/lib/plugins/core-3.1.1.jar
7ff2d5f97000-7ff2d5f98000 r--s 00006000 08:02 3402376                    /home/ankit/Downloads/android-studio/gradle/gradle-2.14.1/lib/plugins/jetty-naming-6.1.25.jar
7ff2d5f98000-7ff2d5f99000 r--s 00002000 08:02 3402349                    /home/ankit/Downloads/android-studio/gradle/gradle-2.14.1/lib/plugins/geronimo-annotation_1.0_spec-1.0.jar
7ff2d5f99000-7ff2d5f9b000 r--s 00002000 08:02 3402373                    /home/ankit/Downloads/android-studio/gradle/gradle-2.14.1/lib/plugins/jetty-annotations-6.1.25.jar
7ff2d5f9b000-7ff2d5fac000 r--s 000ea000 08:02 3402379                    /home/ankit/Downloads/android-studio/gradle/gradle-2.14.1/lib/plugins/jsp-2.1-6.1.14.jar
7ff2d5fac000-7ff2d5fae000 r--s 0000d000 08:02 3402354                    /home/ankit/Downloads/android-studio/gradle/gradle-2.14.1/lib/plugins/jetty-plus-6.1.25.jar
7ff2d5fae000-7ff2d5fb0000 r--s 0001f000 08:02 3402385                    /home/ankit/Downloads/android-studio/gradle/gradle-2.14.1/lib/plugins/servlet-api-2.5-20081211.jar
7ff2d5fb0000-7ff2d5fb4000 r--s 00028000 08:02 3402337                    /home/ankit/Downloads/android-studio/gradle/gradle-2.14.1/lib/plugins/jetty-util-6.1.25.jar
7ff2d5fb4000-7ff2d5fbb000 r--s 0007d000 08:02 3402344                    /home/ankit/Downloads/android-studio/gradle/gradle-2.14.1/lib/plugins/jetty-6.1.25.jar
7ff2d5fbb000-7ff2d5fbd000 r--s 00009000 08:02 3402309                    /home/ankit/Downloads/android-studio/gradle/gradle-2.14.1/lib/plugins/gradle-jetty-2.14.1.jar
7ff2d5fbd000-7ff2d5fc4000 r--s 00035000 08:02 3402382                    /home/ankit/Downloads/android-studio/gradle/gradle-2.14.1/lib/plugins/simple-4.1.21.jar
7ff2d5fc4000-7ff2d5fd0000 r--s 00100000 08:02 3402330                    /home/ankit/Downloads/android-studio/gradle/gradle-2.14.1/lib/plugins/rhino-1.7R3.jar
7ff2d5fd0000-7ff2d5fd4000 r--s 00011000 08:02 3402297                    /home/ankit/Downloads/android-studio/gradle/gradle-2.14.1/lib/plugins/gradle-javascript-2.14.1.jar
7ff2d5fd4000-7ff2d5fd6000 r--s 0000c000 08:02 3402317                    /home/ankit/Downloads/android-studio/gradle/gradle-2.14.1/lib/plugins/gradle-jacoco-2.14.1.jar
7ff2d5fd6000-7ff2d5fd9000 r--s 0000e000 08:02 3402316                    /home/ankit/Downloads/android-studio/gradle/gradle-2.14.1/lib/plugins/gradle-ivy-2.14.1.jar
7ff2d5fd9000-7ff2d5fda000 r--s 00002000 08:02 3402313                    /home/ankit/Downloads/android-studio/gradle/gradle-2.14.1/lib/plugins/gradle-ide-play-2.14.1.jar
7ff2d5fda000-7ff2d5fdf000 r--s 0002b000 08:02 3402310                    /home/ankit/Downloads/android-studio/gradle/gradle-2.14.1/lib/plugins/gradle-ide-native-2.14.1.jar
7ff2d5fdf000-7ff2d5fea000 r--s 00066000 08:02 3402089                    /home/ankit/Downloads/android-studio/gradle/gradle-2.14.1/lib/plugins/gradle-ide-2.14.1.jar
7ff2d5fea000-7ff2d5feb000 r--s 00008000 08:02 3402087                    /home/ankit/Downloads/android-studio/gradle/gradle-2.14.1/lib/plugins/gradle-ear-2.14.1.jar
7ff2d5feb000-7ff2d5ff1000 r--s 00032000 08:02 3402094                    /home/ankit/Downloads/android-studio/gradle/gradle-2.14.1/lib/plugins/gradle-diagnostics-2.14.1.jar
7ff2d5ff1000-7ff2d5ff5000 r--s 00021000 08:02 3402312                    /home/ankit/Downloads/android-studio/gradle/gradle-2.14.1/lib/plugins/gradle-code-quality-2.14.1.jar
7ff2d5ff5000-7ff2d5ff9000 r--s 0001f000 08:02 3402093                    /home/ankit/Downloads/android-studio/gradle/gradle-2.14.1/lib/plugins/gradle-build-init-2.14.1.jar
7ff2d5ff9000-7ff2d6000000 r--s 0008e000 08:02 3402314                    /home/ankit/Downloads/android-studio/gradle/gradle-2.14.1/lib/plugins/gradle-build-comparison-2.14.1.jar
7ff2d6000000-7ff2d6002000 r--s 00008000 08:02 3402302                    /home/ankit/Downloads/android-studio/gradle/gradle-2.14.1/lib/plugins/gradle-antlr-2.14.1.jar
7ff2d6002000-7ff2d6004000 r--s 00004000 08:02 3402315                    /home/ankit/Downloads/android-studio/gradle/gradle-2.14.1/lib/plugins/gradle-announce-2.14.1.jar
7ff2d6004000-7ff2d601c000 r--s 00115000 08:02 3402347                    /home/ankit/Downloads/android-studio/gradle/gradle-2.14.1/lib/plugins/xercesImpl-2.9.1.jar
7ff2d601c000-7ff2d6024000 r--s 00028000 08:02 3402366                    /home/ankit/Downloads/android-studio/gradle/gradle-2.14.1/lib/plugins/xml-apis-1.3.04.jar
7ff2d6024000-7ff2d602a000 r--s 0005b000 08:02 3402359                    /home/ankit/Downloads/android-studio/gradle/gradle-2.14.1/lib/plugins/jcifs-1.3.17.jar
7ff2d602a000-7ff2d6031000 r--s 00049000 08:02 3402296                    /home/ankit/Downloads/android-studio/gradle/gradle-2.14.1/lib/plugins/httpcore-4.4.4.jar
7ff2d6031000-7ff2d6037000 r--s 00033000 08:02 3402328                    /home/ankit/Downloads/android-studio/gradle/gradle-2.14.1/lib/plugins/commons-codec-1.6.jar
7ff2d6037000-7ff2d603a000 r--s 0001c000 08:02 3402326                    /home/ankit/Downloads/android-studio/gradle/gradle-2.14.1/lib/plugins/nekohtml-1.9.14.jar
7ff2d603a000-7ff2d6047000 r--s 000a4000 08:02 3402307                    /home/ankit/Downloads/android-studio/gradle/gradle-2.14.1/lib/plugins/httpclient-4.4.1.jar
7ff2d6047000-7ff2d6049000 r--s 0000a000 08:02 3402082                    /home/ankit/Downloads/android-studio/gradle/gradle-2.14.1/lib/plugins/gradle-resources-http-2.14.1.jar
7ff2d6049000-7ff2d604d000 r--s 00014000 08:02 3402294                    /home/ankit/Downloads/android-studio/gradle/gradle-2.14.1/lib/plugins/gradle-plugin-use-2.14.1.jar
7ff2d604d000-7ff2d604e000 r--s 00000000 08:02 3394352                    /home/ankit/Downloads/android-studio/gradle/gradle-2.14.1/lib/gradle-installation-beacon-2.14.1.jar
7ff2d604e000-7ff2d604f000 r--s 00007000 08:02 3402335                    /home/ankit/Downloads/android-studio/gradle/gradle-2.14.1/lib/plugins/wagon-http-shared4-2.4.jar
7ff2d604f000-7ff2d6053000 r--s 00033000 08:02 3402372                    /home/ankit/Downloads/android-studio/gradle/gradle-2.14.1/lib/plugins/plexus-utils-2.0.6.jar
7ff2d6053000-7ff2d6057000 r--s 00021000 08:02 3402361                    /home/ankit/Downloads/android-studio/gradle/gradle-2.14.1/lib/plugins/maven-model-builder-3.0.4.jar
7ff2d6057000-7ff2d6058000 r--s 00002000 08:02 3402327                    /home/ankit/Downloads/android-studio/gradle/gradle-2.14.1/lib/plugins/wagon-file-2.4.jar
7ff2d6058000-7ff2d605a000 r--s 00002000 08:02 3402368                    /home/ankit/Downloads/android-studio/gradle/gradle-2.14.1/lib/plugins/plexus-cipher-1.7.jar
7ff2d605a000-7ff2d605d000 r--s 00013000 08:02 3402384                    /home/ankit/Downloads/android-studio/gradle/gradle-2.14.1/lib/plugins/aether-api-1.13.1.jar
7ff2d605d000-7ff2d605f000 r--s 0000a000 08:02 3402338                    /home/ankit/Downloads/android-studio/gradle/gradle-2.14.1/lib/plugins/maven-settings-3.0.4.jar
7ff2d605f000-7ff2d6061000 r--s 0000d000 08:02 3402362                    /home/ankit/Downloads/android-studio/gradle/gradle-2.14.1/lib/plugins/plexus-interpolation-1.14.jar
7ff2d6061000-7ff2d6063000 r--s 0000b000 08:02 3402377                    /home/ankit/Downloads/android-studio/gradle/gradle-2.14.1/lib/plugins/maven-artifact-3.0.4.jar
7ff2d6063000-7ff2d606a000 r--s 0002e000 08:02 3402332                    /home/ankit/Downloads/android-studio/gradle/gradle-2.14.1/lib/plugins/plexus-container-default-1.5.5.jar
7ff2d606a000-7ff2d606c000 r--s 0000b000 08:02 3402355                    /home/ankit/Downloads/android-studio/gradle/gradle-2.14.1/lib/plugins/maven-plugin-api-3.0.4.jar
7ff2d606c000-7ff2d606e000 r--s 00000000 08:02 3402357                    /home/ankit/Downloads/android-studio/gradle/gradle-2.14.1/lib/plugins/plexus-component-annotations-1.5.5.jar
7ff2d606e000-7ff2d6074000 r--s 0003f000 08:02 3402363                    /home/ankit/Downloads/android-studio/gradle/gradle-2.14.1/lib/plugins/maven-compat-3.0.4.jar
7ff2d6074000-7ff2d6077000 r--s 00008000 08:02 3402345                    /home/ankit/Downloads/android-studio/gradle/gradle-2.14.1/lib/plugins/maven-settings-builder-3.0.4.jar
7ff2d6077000-7ff2d6078000 r--s 00002000 08:02 3402318                    /home/ankit/Downloads/android-studio/gradle/gradle-2.14.1/lib/plugins/wagon-http-2.4.jar
7ff2d6078000-7ff2d607a000 r--s 00026000 08:02 3402383                    /home/ankit/Downloads/android-studio/gradle/gradle-2.14.1/lib/plugins/maven-model-3.0.4.jar
7ff2d607a000-7ff2d607c000 r--s 00006000 08:02 3402374                    /home/ankit/Downloads/android-studio/gradle/gradle-2.14.1/lib/plugins/aether-connector-wagon-1.13.1.jar
7ff2d607c000-7ff2d607e000 r--s 0000a000 08:02 3402333                    /home/ankit/Downloads/android-studio/gradle/gradle-2.14.1/lib/plugins/plexus-classworlds-2.4.jar
7ff2d607e000-7ff2d6080000 r--s 00006000 08:02 3402364                    /home/ankit/Downloads/android-studio/gradle/gradle-2.14.1/lib/plugins/maven-repository-metadata-3.0.4.jar
7ff2d6080000-7ff2d6082000 r--s 0000c000 08:02 3402348                    /home/ankit/Downloads/android-studio/gradle/gradle-2.14.1/lib/plugins/maven-aether-provider-3.0.4.jar
7ff2d6082000-7ff2d6084000 r--s 0000b000 08:02 3402340                    /home/ankit/Downloads/android-studio/gradle/gradle-2.14.1/lib/plugins/wagon-provider-api-2.4.jar
7ff2d6084000-7ff2d6085000 r--s 00003000 08:02 3402320                    /home/ankit/Downloads/android-studio/gradle/gradle-2.14.1/lib/plugins/aether-spi-1.13.1.jar
7ff2d6085000-7ff2d6089000 r--s 0001c000 08:02 3402380                    /home/ankit/Downloads/android-studio/gradle/gradle-2.14.1/lib/plugins/aether-util-1.13.1.jar
7ff2d6089000-7ff2d608e000 r--s 00040000 08:02 3402321                    /home/ankit/Downloads/android-studio/gradle/gradle-2.14.1/lib/plugins/jsch-0.1.53.jar
7ff2d608e000-7ff2d60ce000 r--s 00277000 08:02 3402323                    /home/ankit/Downloads/android-studio/gradle/gradle-2.14.1/lib/plugins/bcprov-jdk15on-1.51.jar
7ff2d60ce000-7ff2d60d2000 r--s 0001d000 08:02 3402350                    /home/ankit/Downloads/android-studio/gradle/gradle-2.14.1/lib/plugins/xbean-reflect-3.4.jar
7ff2d60d2000-7ff2d60de000 r--s 0007d000 08:02 3402367                    /home/ankit/Downloads/android-studio/gradle/gradle-2.14.1/lib/plugins/maven-core-3.0.4.jar
7ff2d60de000-7ff2d60e3000 r--s 0002a000 08:02 3402346                    /home/ankit/Downloads/android-studio/gradle/gradle-2.14.1/lib/plugins/gson-2.2.4.jar
7ff2d60e3000-7ff2d60f2000 r--s 000d9000 08:02 3402331                    /home/ankit/Downloads/android-studio/gradle/gradle-2.14.1/lib/plugins/ivy-2.2.0.jar
7ff2d60f2000-7ff2d6108000 r-xp 00000000 08:02 2624314                    /lib/x86_64-linux-gnu/libgcc_s.so.1
7ff2d6108000-7ff2d6307000 ---p 00016000 08:02 2624314                    /lib/x86_64-linux-gnu/libgcc_s.so.1
7ff2d6307000-7ff2d6308000 r--p 00015000 08:02 2624314                    /lib/x86_64-linux-gnu/libgcc_s.so.1
7ff2d6308000-7ff2d6309000 rw-p 00016000 08:02 2624314                    /lib/x86_64-linux-gnu/libgcc_s.so.1
7ff2d6309000-7ff2d647c000 r-xp 00000000 08:02 61223                      /usr/lib/x86_64-linux-gnu/libstdc++.so.6.0.21
7ff2d647c000-7ff2d667b000 ---p 00173000 08:02 61223                      /usr/lib/x86_64-linux-gnu/libstdc++.so.6.0.21
7ff2d667b000-7ff2d6685000 r--p 00172000 08:02 61223                      /usr/lib/x86_64-linux-gnu/libstdc++.so.6.0.21
7ff2d6685000-7ff2d6687000 rw-p 0017c000 08:02 61223                      /usr/lib/x86_64-linux-gnu/libstdc++.so.6.0.21
7ff2d6687000-7ff2d668b000 rw-p 00000000 00:00 0 
7ff2d668b000-7ff2d668e000 r--s 0001d000 08:02 3402360                    /home/ankit/Downloads/android-studio/gradle/gradle-2.14.1/lib/plugins/aether-impl-1.13.1.jar
7ff2d668e000-7ff2d66aa000 r--s 000d3000 08:02 3402161                    /home/ankit/Downloads/android-studio/gradle/gradle-2.14.1/lib/plugins/gradle-dependency-management-2.14.1.jar
7ff2d66aa000-7ff2d66ae000 r-xp 00000000 08:02 3391672                    /home/ankit/.gradle/native/19/linux-amd64/libnative-platform.so
7ff2d66ae000-7ff2d68ad000 ---p 00004000 08:02 3391672                    /home/ankit/.gradle/native/19/linux-amd64/libnative-platform.so
7ff2d68ad000-7ff2d68ae000 rw-p 00003000 08:02 3391672                    /home/ankit/.gradle/native/19/linux-amd64/libnative-platform.so
7ff2d68ae000-7ff2d68bf000 r-xp 00000000 08:02 253988                     /usr/lib/jvm/java-8-oracle/jre/lib/amd64/libnio.so
7ff2d68bf000-7ff2d6abe000 ---p 00011000 08:02 253988                     /usr/lib/jvm/java-8-oracle/jre/lib/amd64/libnio.so
7ff2d6abe000-7ff2d6abf000 rw-p 00010000 08:02 253988                     /usr/lib/jvm/java-8-oracle/jre/lib/amd64/libnio.so
7ff2d6abf000-7ff2d6dc0000 rw-p 00000000 00:00 0 
7ff2d6dc0000-7ff2d6dd6000 r-xp 00000000 08:02 253965                     /usr/lib/jvm/java-8-oracle/jre/lib/amd64/libnet.so
7ff2d6dd6000-7ff2d6fd6000 ---p 00016000 08:02 253965                     /usr/lib/jvm/java-8-oracle/jre/lib/amd64/libnet.so
7ff2d6fd6000-7ff2d6fd7000 rw-p 00016000 08:02 253965                     /usr/lib/jvm/java-8-oracle/jre/lib/amd64/libnet.so
7ff2d6fd7000-7ff2d6fd9000 r--s 00005000 08:02 3394358                    /home/ankit/Downloads/android-studio/gradle/gradle-2.14.1/lib/gradle-wrapper-2.14.1.jar
7ff2d6fd9000-7ff2d6fe7000 r--s 0004f000 08:02 3394344                    /home/ankit/Downloads/android-studio/gradle/gradle-2.14.1/lib/gradle-tooling-api-2.14.1.jar
7ff2d6fe7000-7ff2d6fe9000 r--s 00002000 08:02 3394350                    /home/ankit/Downloads/android-studio/gradle/gradle-2.14.1/lib/gradle-open-api-2.14.1.jar
7ff2d6fe9000-7ff2d6fef000 r--s 00032000 08:02 3394400                    /home/ankit/Downloads/android-studio/gradle/gradle-2.14.1/lib/jaxen-1.1.jar
7ff2d6fef000-7ff2d6ff4000 r--s 00048000 08:02 3394380                    /home/ankit/Downloads/android-studio/gradle/gradle-2.14.1/lib/dom4j-1.6.1.jar
7ff2d6ff4000-7ff2d6fff000 r--s 00059000 08:02 3394373                    /home/ankit/Downloads/android-studio/gradle/gradle-2.14.1/lib/gradle-ui-2.14.1.jar
7ff2d6fff000-7ff2d7002000 r--s 0000b000 08:02 3394378                    /home/ankit/Downloads/android-studio/gradle/gradle-2.14.1/lib/gradle-resources-2.14.1.jar
7ff2d7002000-7ff2d7004000 r--s 00003000 08:02 3394402                    /home/ankit/Downloads/android-studio/gradle/gradle-2.14.1/lib/jcl-over-slf4j-1.7.10.jar
7ff2d7004000-7ff2d7006000 r--s 00000000 08:02 3394404                    /home/ankit/Downloads/android-studio/gradle/gradle-2.14.1/lib/jul-to-slf4j-1.7.10.jar
7ff2d7006000-7ff2d700b000 r--s 0001c000 08:02 3394356                    /home/ankit/Downloads/android-studio/gradle/gradle-2.14.1/lib/gradle-logging-2.14.1.jar
7ff2d700b000-7ff2d700d000 r--s 00007000 08:02 3394403                    /home/ankit/Downloads/android-studio/gradle/gradle-2.14.1/lib/objenesis-1.2.jar
7ff2d700d000-7ff2d700f000 r--s 00000000 08:02 3394383                    /home/ankit/Downloads/android-studio/gradle/gradle-2.14.1/lib/minlog-1.2.jar
7ff2d700f000-7ff2d7011000 r--s 0000f000 08:02 3394389                    /home/ankit/Downloads/android-studio/gradle/gradle-2.14.1/lib/reflectasm-1.07-shaded.jar
7ff2d7011000-7ff2d7015000 r--s 00026000 08:02 3394395                    /home/ankit/Downloads/android-studio/gradle/gradle-2.14.1/lib/kryo-2.20.jar
7ff2d7015000-7ff2d7016000 ---p 00000000 00:00 0 
7ff2d7016000-7ff2d7116000 rw-p 00000000 00:00 0 
7ff2d7116000-7ff2d7119000 ---p 00000000 00:00 0 
7ff2d7119000-7ff2d7217000 rw-p 00000000 00:00 0 
7ff2d7217000-7ff2d721a000 ---p 00000000 00:00 0 
7ff2d721a000-7ff2d7318000 rw-p 00000000 00:00 0 
7ff2d7318000-7ff2d731b000 ---p 00000000 00:00 0 
7ff2d731b000-7ff2d7419000 rw-p 00000000 00:00 0 
7ff2d7419000-7ff2d741c000 ---p 00000000 00:00 0 
7ff2d741c000-7ff2d751a000 rw-p 00000000 00:00 0 
7ff2d751a000-7ff2d751d000 ---p 00000000 00:00 0 
7ff2d751d000-7ff2d761b000 rw-p 00000000 00:00 0 
7ff2d761b000-7ff2d7cfd000 r--p 00000000 08:02 59247                      /usr/lib/locale/locale-archive
7ff2d7cfd000-7ff2d7d00000 ---p 00000000 00:00 0 
7ff2d7d00000-7ff2d7dfe000 rw-p 00000000 00:00 0 
7ff2d7dfe000-7ff2d7e01000 ---p 00000000 00:00 0 
7ff2d7e01000-7ff2d7eff000 rw-p 00000000 00:00 0 
7ff2d7eff000-7ff2d7f00000 ---p 00000000 00:00 0 
7ff2d7f00000-7ff2d8000000 rw-p 00000000 00:00 0 
7ff2d8000000-7ff2d8021000 rw-p 00000000 00:00 0 
7ff2d8021000-7ff2dc000000 ---p 00000000 00:00 0 
7ff2dc000000-7ff2dc001000 r--s 00006000 08:02 3402365                    /home/ankit/Downloads/android-studio/gradle/gradle-2.14.1/lib/plugins/plexus-sec-dispatcher-1.3.jar
7ff2dc001000-7ff2dc007000 r--s 00025000 08:02 3394347                    /home/ankit/Downloads/android-studio/gradle/gradle-2.14.1/lib/gradle-messaging-2.14.1.jar
7ff2dc007000-7ff2dc016000 r--s 00080000 08:02 3394371                    /home/ankit/Downloads/android-studio/gradle/gradle-2.14.1/lib/gradle-model-core-2.14.1.jar
7ff2dc016000-7ff2dc023000 r--s 00083000 08:02 3394379                    /home/ankit/Downloads/android-studio/gradle/gradle-2.14.1/lib/commons-collections-3.2.2.jar
7ff2dc023000-7ff2dc092000 r--s 0063e000 08:02 3394407                    /home/ankit/Downloads/android-studio/gradle/gradle-2.14.1/lib/groovy-all-2.4.4.jar
7ff2dc092000-7ff2dc0ba000 r--s 001cf000 08:02 3394387                    /home/ankit/Downloads/android-studio/gradle/gradle-2.14.1/lib/guava-jdk5-17.0.jar
7ff2dc0ba000-7ff2dc0f1000 r--s 001bd000 08:02 3394359                    /home/ankit/Downloads/android-studio/gradle/gradle-2.14.1/lib/gradle-core-2.14.1.jar
7ff2dc0f1000-7ff2e0000000 rw-p 00000000 00:00 0 
7ff2e0000000-7ff2e0123000 rw-p 00000000 00:00 0 
7ff2e0123000-7ff2e4000000 ---p 00000000 00:00 0 
7ff2e4000000-7ff2e4001000 r--s 00005000 08:02 3394397                    /home/ankit/Downloads/android-studio/gradle/gradle-2.14.1/lib/log4j-over-slf4j-1.7.10.jar
7ff2e4001000-7ff2e4002000 r--s 00003000 08:02 3394401                    /home/ankit/Downloads/android-studio/gradle/gradle-2.14.1/lib/native-platform-freebsd-amd64-0.10.jar
7ff2e4002000-7ff2e4003000 r--s 00003000 08:02 3394390                    /home/ankit/Downloads/android-studio/gradle/gradle-2.14.1/lib/native-platform-freebsd-i386-0.10.jar
7ff2e4003000-7ff2e4004000 r--s 00005000 08:02 3394385                    /home/ankit/Downloads/android-studio/gradle/gradle-2.14.1/lib/native-platform-windows-i386-0.10.jar
7ff2e4004000-7ff2e4005000 r--s 00005000 08:02 3394384                    /home/ankit/Downloads/android-studio/gradle/gradle-2.14.1/lib/native-platform-windows-amd64-0.10.jar
7ff2e4005000-7ff2e4006000 r--s 00003000 08:02 3394391                    /home/ankit/Downloads/android-studio/gradle/gradle-2.14.1/lib/native-platform-linux-i386-0.10.jar
7ff2e4006000-7ff2e4007000 r--s 00003000 08:02 3394382                    /home/ankit/Downloads/android-studio/gradle/gradle-2.14.1/lib/native-platform-linux-amd64-0.10.jar
7ff2e4007000-7ff2e4009000 r--s 00008000 08:02 3394399                    /home/ankit/Downloads/android-studio/gradle/gradle-2.14.1/lib/jansi-1.2.1.jar
7ff2e4009000-7ff2e400c000 r--s 0000d000 08:02 3394394                    /home/ankit/Downloads/android-studio/gradle/gradle-2.14.1/lib/native-platform-0.10.jar
7ff2e400c000-7ff2e402b000 r--s 001d1000 08:02 3394357                    /home/ankit/Downloads/android-studio/gradle/gradle-2.14.1/lib/ant-1.9.6.jar
7ff2e402b000-7ff2e40af000 rw-p 00000000 00:00 0 
7ff2e40af000-7ff2e4288000 r--s 03d29000 08:02 239567                     /usr/lib/jvm/java-8-oracle/jre/lib/rt.jar
7ff2e4288000-7ff2e4dfe000 rw-p 00000000 00:00 0 
7ff2e4dfe000-7ff2e4dff000 ---p 00000000 00:00 0 
7ff2e4dff000-7ff2e4eff000 rw-p 00000000 00:00 0 
7ff2e4eff000-7ff2e4f00000 ---p 00000000 00:00 0 
7ff2e4f00000-7ff2e5000000 rw-p 00000000 00:00 0 
7ff2e5000000-7ff2e6d80000 rwxp 00000000 00:00 0 
7ff2e6d80000-7ff2f4000000 ---p 00000000 00:00 0 
7ff2f4000000-7ff2f4b8d000 rw-p 00000000 00:00 0 
7ff2f4b8d000-7ff2f8000000 ---p 00000000 00:00 0 
7ff2f8000000-7ff2f8001000 r--s 00002000 08:02 3394381                    /home/ankit/Downloads/android-studio/gradle/gradle-2.14.1/lib/native-platform-osx-amd64-0.10.jar
7ff2f8001000-7ff2f8005000 r--s 000e4000 08:02 3394393                    /home/ankit/Downloads/android-studio/gradle/gradle-2.14.1/lib/jna-3.2.7.jar
7ff2f8005000-7ff2f8007000 r--s 00009000 08:02 3394375                    /home/ankit/Downloads/android-studio/gradle/gradle-2.14.1/lib/gradle-native-2.14.1.jar
7ff2f8007000-7ff2f8009000 r--s 00005000 08:02 3394376                    /home/ankit/Downloads/android-studio/gradle/gradle-2.14.1/lib/gradle-cli-2.14.1.jar
7ff2f8009000-7ff2f8058000 rw-p 00000000 00:00 0 
7ff2f8058000-7ff2f8059000 ---p 00000000 00:00 0 
7ff2f8059000-7ff2f8159000 rw-p 00000000 00:00 0 
7ff2f8159000-7ff2f815a000 ---p 00000000 00:00 0 
7ff2f815a000-7ff2f83c0000 rw-p 00000000 00:00 0 
7ff2f83c0000-7ff2f845a000 ---p 00000000 00:00 0 
7ff2f845a000-7ff2f85c0000 rw-p 00000000 00:00 0 
7ff2f85c0000-7ff2f865a000 ---p 00000000 00:00 0 
7ff2f865a000-7ff2f875a000 rw-p 00000000 00:00 0 
7ff2f875a000-7ff2f87d1000 rw-p 00000000 00:00 0 
7ff2f87d1000-7ff2f8b1b000 ---p 00000000 00:00 0 
7ff2f8b1b000-7ff2f8b35000 r-xp 00000000 08:02 253986                     /usr/lib/jvm/java-8-oracle/jre/lib/amd64/libzip.so
7ff2f8b35000-7ff2f8d35000 ---p 0001a000 08:02 253986                     /usr/lib/jvm/java-8-oracle/jre/lib/amd64/libzip.so
7ff2f8d35000-7ff2f8d36000 rw-p 0001a000 08:02 253986                     /usr/lib/jvm/java-8-oracle/jre/lib/amd64/libzip.so
7ff2f8d36000-7ff2f8d40000 r-xp 00000000 08:02 2621662                    /lib/x86_64-linux-gnu/libnss_files-2.21.so
7ff2f8d40000-7ff2f8f40000 ---p 0000a000 08:02 2621662                    /lib/x86_64-linux-gnu/libnss_files-2.21.so
7ff2f8f40000-7ff2f8f41000 r--p 0000a000 08:02 2621662                    /lib/x86_64-linux-gnu/libnss_files-2.21.so
7ff2f8f41000-7ff2f8f42000 rw-p 0000b000 08:02 2621662                    /lib/x86_64-linux-gnu/libnss_files-2.21.so
7ff2f8f42000-7ff2f8f4d000 r-xp 00000000 08:02 2623427                    /lib/x86_64-linux-gnu/libnss_nis-2.21.so
7ff2f8f4d000-7ff2f914c000 ---p 0000b000 08:02 2623427                    /lib/x86_64-linux-gnu/libnss_nis-2.21.so
7ff2f914c000-7ff2f914d000 r--p 0000a000 08:02 2623427                    /lib/x86_64-linux-gnu/libnss_nis-2.21.so
7ff2f914d000-7ff2f914e000 rw-p 0000b000 08:02 2623427                    /lib/x86_64-linux-gnu/libnss_nis-2.21.so
7ff2f914e000-7ff2f9165000 r-xp 00000000 08:02 2623430                    /lib/x86_64-linux-gnu/libnsl-2.21.so
7ff2f9165000-7ff2f9364000 ---p 00017000 08:02 2623430                    /lib/x86_64-linux-gnu/libnsl-2.21.so
7ff2f9364000-7ff2f9365000 r--p 00016000 08:02 2623430                    /lib/x86_64-linux-gnu/libnsl-2.21.so
7ff2f9365000-7ff2f9366000 rw-p 00017000 08:02 2623430                    /lib/x86_64-linux-gnu/libnsl-2.21.so
7ff2f9366000-7ff2f9368000 rw-p 00000000 00:00 0 
7ff2f9368000-7ff2f9370000 r-xp 00000000 08:02 2622662                    /lib/x86_64-linux-gnu/libnss_compat-2.21.so
7ff2f9370000-7ff2f956f000 ---p 00008000 08:02 2622662                    /lib/x86_64-linux-gnu/libnss_compat-2.21.so
7ff2f956f000-7ff2f9570000 r--p 00007000 08:02 2622662                    /lib/x86_64-linux-gnu/libnss_compat-2.21.so
7ff2f9570000-7ff2f9571000 rw-p 00008000 08:02 2622662                    /lib/x86_64-linux-gnu/libnss_compat-2.21.so
7ff2f9571000-7ff2f959b000 r-xp 00000000 08:02 254012                     /usr/lib/jvm/java-8-oracle/jre/lib/amd64/libjava.so
7ff2f959b000-7ff2f979b000 ---p 0002a000 08:02 254012                     /usr/lib/jvm/java-8-oracle/jre/lib/amd64/libjava.so
7ff2f979b000-7ff2f979d000 rw-p 0002a000 08:02 254012                     /usr/lib/jvm/java-8-oracle/jre/lib/amd64/libjava.so
7ff2f979d000-7ff2f97aa000 r-xp 00000000 08:02 253966                     /usr/lib/jvm/java-8-oracle/jre/lib/amd64/libverify.so
7ff2f97aa000-7ff2f99aa000 ---p 0000d000 08:02 253966                     /usr/lib/jvm/java-8-oracle/jre/lib/amd64/libverify.so
7ff2f99aa000-7ff2f99ac000 rw-p 0000d000 08:02 253966                     /usr/lib/jvm/java-8-oracle/jre/lib/amd64/libverify.so
7ff2f99ac000-7ff2f99b3000 r-xp 00000000 08:02 2621663                    /lib/x86_64-linux-gnu/librt-2.21.so
7ff2f99b3000-7ff2f9bb2000 ---p 00007000 08:02 2621663                    /lib/x86_64-linux-gnu/librt-2.21.so
7ff2f9bb2000-7ff2f9bb3000 r--p 00006000 08:02 2621663                    /lib/x86_64-linux-gnu/librt-2.21.so
7ff2f9bb3000-7ff2f9bb4000 rw-p 00007000 08:02 2621663                    /lib/x86_64-linux-gnu/librt-2.21.so
7ff2f9bb4000-7ff2f9cbb000 r-xp 00000000 08:02 2623271                    /lib/x86_64-linux-gnu/libm-2.21.so
7ff2f9cbb000-7ff2f9eba000 ---p 00107000 08:02 2623271                    /lib/x86_64-linux-gnu/libm-2.21.so
7ff2f9eba000-7ff2f9ebb000 r--p 00106000 08:02 2623271                    /lib/x86_64-linux-gnu/libm-2.21.so
7ff2f9ebb000-7ff2f9ebc000 rw-p 00107000 08:02 2623271                    /lib/x86_64-linux-gnu/libm-2.21.so
7ff2f9ebc000-7ff2fab87000 r-xp 00000000 08:02 254016                     /usr/lib/jvm/java-8-oracle/jre/lib/amd64/server/libjvm.so
7ff2fab87000-7ff2fad86000 ---p 00ccb000 08:02 254016                     /usr/lib/jvm/java-8-oracle/jre/lib/amd64/server/libjvm.so
7ff2fad86000-7ff2fae5f000 rw-p 00cca000 08:02 254016                     /usr/lib/jvm/java-8-oracle/jre/lib/amd64/server/libjvm.so
7ff2fae5f000-7ff2faeaa000 rw-p 00000000 00:00 0 
7ff2faeaa000-7ff2fb06a000 r-xp 00000000 08:02 2623433                    /lib/x86_64-linux-gnu/libc-2.21.so
7ff2fb06a000-7ff2fb26a000 ---p 001c0000 08:02 2623433                    /lib/x86_64-linux-gnu/libc-2.21.so
7ff2fb26a000-7ff2fb26e000 r--p 001c0000 08:02 2623433                    /lib/x86_64-linux-gnu/libc-2.21.so
7ff2fb26e000-7ff2fb270000 rw-p 001c4000 08:02 2623433                    /lib/x86_64-linux-gnu/libc-2.21.so
7ff2fb270000-7ff2fb274000 rw-p 00000000 00:00 0 
7ff2fb274000-7ff2fb277000 r-xp 00000000 08:02 2623420                    /lib/x86_64-linux-gnu/libdl-2.21.so
7ff2fb277000-7ff2fb476000 ---p 00003000 08:02 2623420                    /lib/x86_64-linux-gnu/libdl-2.21.so
7ff2fb476000-7ff2fb477000 r--p 00002000 08:02 2623420                    /lib/x86_64-linux-gnu/libdl-2.21.so
7ff2fb477000-7ff2fb478000 rw-p 00003000 08:02 2623420                    /lib/x86_64-linux-gnu/libdl-2.21.so
7ff2fb478000-7ff2fb48d000 r-xp 00000000 08:02 223773                     /usr/lib/jvm/java-8-oracle/lib/amd64/jli/libjli.so
7ff2fb48d000-7ff2fb68d000 ---p 00015000 08:02 223773                     /usr/lib/jvm/java-8-oracle/lib/amd64/jli/libjli.so
7ff2fb68d000-7ff2fb68e000 rw-p 00015000 08:02 223773                     /usr/lib/jvm/java-8-oracle/lib/amd64/jli/libjli.so
7ff2fb68e000-7ff2fb6a6000 r-xp 00000000 08:02 2623413                    /lib/x86_64-linux-gnu/libpthread-2.21.so
7ff2fb6a6000-7ff2fb8a6000 ---p 00018000 08:02 2623413                    /lib/x86_64-linux-gnu/libpthread-2.21.so
7ff2fb8a6000-7ff2fb8a7000 r--p 00018000 08:02 2623413                    /lib/x86_64-linux-gnu/libpthread-2.21.so
7ff2fb8a7000-7ff2fb8a8000 rw-p 00019000 08:02 2623413                    /lib/x86_64-linux-gnu/libpthread-2.21.so
7ff2fb8a8000-7ff2fb8ac000 rw-p 00000000 00:00 0 
7ff2fb8ac000-7ff2fb8d0000 r-xp 00000000 08:02 2623431                    /lib/x86_64-linux-gnu/ld-2.21.so
7ff2fb8d0000-7ff2fb8d1000 r--s 00002000 08:02 3394398                    /home/ankit/Downloads/android-studio/gradle/gradle-2.14.1/lib/native-platform-osx-i386-0.10.jar
7ff2fb8d1000-7ff2fb8d3000 r--s 00007000 08:02 3394353                    /home/ankit/Downloads/android-studio/gradle/gradle-2.14.1/lib/gradle-model-groovy-2.14.1.jar
7ff2fb8d3000-7ff2fb8d4000 r--s 00006000 08:02 3394370                    /home/ankit/Downloads/android-studio/gradle/gradle-2.14.1/lib/gradle-base-services-groovy-2.14.1.jar
7ff2fb8d4000-7ff2fb8d5000 r--s 00002000 08:02 3394360                    /home/ankit/Downloads/android-studio/gradle/gradle-2.14.1/lib/gradle-docs-2.14.1.jar
7ff2fb8d5000-7ff2fb8d6000 r--s 00000000 08:02 3394406                    /home/ankit/Downloads/android-studio/gradle/gradle-2.14.1/lib/javax.inject-1.jar
7ff2fb8d6000-7ff2fb8d7000 r--s 00000000 08:02 3394388                    /home/ankit/Downloads/android-studio/gradle/gradle-2.14.1/lib/jcip-annotations-1.0.jar
7ff2fb8d7000-7ff2fb8db000 r--s 00027000 08:02 3394396                    /home/ankit/Downloads/android-studio/gradle/gradle-2.14.1/lib/commons-io-2.2.jar
7ff2fb8db000-7ff2fb8e0000 r--s 00038000 08:02 3394363                    /home/ankit/Downloads/android-studio/gradle/gradle-2.14.1/lib/asm-all-5.1.jar
7ff2fb8e0000-7ff2fb8e1000 r--s 00001000 08:02 3394374                    /home/ankit/Downloads/android-studio/gradle/gradle-2.14.1/lib/gradle-process-services-2.14.1.jar
7ff2fb8e1000-7ff2fb8e2000 r--s 00000000 08:02 3394345                    /home/ankit/Downloads/android-studio/gradle/gradle-2.14.1/lib/gradle-jvm-services-2.14.1.jar
7ff2fb8e2000-7ff2fb8e7000 r--s 00041000 08:02 3394392                    /home/ankit/Downloads/android-studio/gradle/gradle-2.14.1/lib/commons-lang-2.6.jar
7ff2fb8e7000-7ff2fb9a9000 rw-p 00000000 00:00 0 
7ff2fb9a9000-7ff2fb9ac000 ---p 00000000 00:00 0 
7ff2fb9ac000-7ff2fbaae000 rw-p 00000000 00:00 0 
7ff2fbaae000-7ff2fbaaf000 r--s 00007000 08:02 3394386                    /home/ankit/Downloads/android-studio/gradle/gradle-2.14.1/lib/slf4j-api-1.7.10.jar
7ff2fbaaf000-7ff2fbab0000 r--s 00004000 08:02 3394372                    /home/ankit/Downloads/android-studio/gradle/gradle-2.14.1/lib/ant-launcher-1.9.6.jar
7ff2fbab0000-7ff2fbab8000 r--s 0003a000 08:02 3394364                    /home/ankit/Downloads/android-studio/gradle/gradle-2.14.1/lib/gradle-base-services-2.14.1.jar
7ff2fbab8000-7ff2fbac3000 r--s 00051000 08:02 3394361                    /home/ankit/Downloads/android-studio/gradle/gradle-2.14.1/lib/gradle-launcher-2.14.1.jar
7ff2fbac3000-7ff2fbacb000 rw-s 00000000 08:02 5031653                    /tmp/hsperfdata_ankit/23640
7ff2fbacb000-7ff2fbacc000 rw-p 00000000 00:00 0 
7ff2fbacc000-7ff2fbacd000 ---p 00000000 00:00 0 
7ff2fbacd000-7ff2fbacf000 rw-p 00000000 00:00 0 
7ff2fbacf000-7ff2fbad0000 r--p 00023000 08:02 2623431                    /lib/x86_64-linux-gnu/ld-2.21.so
7ff2fbad0000-7ff2fbad1000 rw-p 00024000 08:02 2623431                    /lib/x86_64-linux-gnu/ld-2.21.so
7ff2fbad1000-7ff2fbad2000 rw-p 00000000 00:00 0 
7ffea2da5000-7ffea2dc6000 rw-p 00000000 00:00 0                          [stack]
7ffea2df5000-7ffea2df7000 r--p 00000000 00:00 0                          [vvar]
7ffea2df7000-7ffea2df9000 r-xp 00000000 00:00 0                          [vdso]
ffffffffff600000-ffffffffff601000 r-xp 00000000 00:00 0                  [vsyscall]

VM Arguments:
jvm_args: -Xmx1536m -Dfile.encoding=UTF-8 -Duser.country=IN -Duser.language=en -Duser.variant 
java_command: org.gradle.launcher.daemon.bootstrap.GradleDaemon 2.14.1
java_class_path (initial): /home/ankit/Downloads/android-studio/gradle/gradle-2.14.1/lib/gradle-launcher-2.14.1.jar
Launcher Type: SUN_STANDARD

Environment Variables:
PATH=/usr/local/sbin:/usr/local/bin:/usr/sbin:/usr/bin:/sbin:/bin:/usr/games:/usr/local/games
LD_LIBRARY_PATH=Downloads/android-studio/bin:
SHELL=/bin/bash
DISPLAY=:0

Signal Handlers:
SIGSEGV: [libjvm.so+0xac4790], sa_mask[0]=11111111011111111101111111111110, sa_flags=SA_RESTART|SA_SIGINFO
SIGBUS: [libjvm.so+0xac4790], sa_mask[0]=11111111011111111101111111111110, sa_flags=SA_RESTART|SA_SIGINFO
SIGFPE: [libjvm.so+0x91f140], sa_mask[0]=11111111011111111101111111111110, sa_flags=SA_RESTART|SA_SIGINFO
SIGPIPE: [libjvm.so+0x91f140], sa_mask[0]=11111111011111111101111111111110, sa_flags=SA_RESTART|SA_SIGINFO
SIGXFSZ: [libjvm.so+0x91f140], sa_mask[0]=11111111011111111101111111111110, sa_flags=SA_RESTART|SA_SIGINFO
SIGILL: [libjvm.so+0x91f140], sa_mask[0]=11111111011111111101111111111110, sa_flags=SA_RESTART|SA_SIGINFO
SIGUSR1: SIG_DFL, sa_mask[0]=00000000000000000000000000000000, sa_flags=none
SIGUSR2: [libjvm.so+0x920770], sa_mask[0]=00100000000000000000000000000000, sa_flags=SA_RESTART|SA_SIGINFO
SIGHUP: [libjvm.so+0x921b70], sa_mask[0]=11111111011111111101111111111110, sa_flags=SA_RESTART|SA_SIGINFO
SIGINT: [libjvm.so+0x921b70], sa_mask[0]=11111111011111111101111111111110, sa_flags=SA_RESTART|SA_SIGINFO
SIGTERM: [libjvm.so+0x921b70], sa_mask[0]=11111111011111111101111111111110, sa_flags=SA_RESTART|SA_SIGINFO
SIGQUIT: [libjvm.so+0x921b70], sa_mask[0]=11111111011111111101111111111110, sa_flags=SA_RESTART|SA_SIGINFO


---------------  S Y S T E M  ---------------

OS:DISTRIB_ID=Ubuntu
DISTRIB_RELEASE=15.10
DISTRIB_CODENAME=wily
DISTRIB_DESCRIPTION="Ubuntu 15.10"

uname:Linux 4.2.0-42-generic #49-Ubuntu SMP Tue Jun 28 21:26:26 UTC 2016 x86_64
libc:glibc 2.21 NPTL 2.21 
rlimit: STACK 8192k, CORE 0k, NPROC 31537, NOFILE 65536, AS infinity
load average:4.72 3.20 1.83

/proc/meminfo:
MemTotal:        8110256 kB
MemFree:          158000 kB
MemAvailable:     119868 kB
Buffers:            1020 kB
Cached:           594204 kB
SwapCached:            0 kB
Active:          7155744 kB
Inactive:         539256 kB
Active(anon):    7134312 kB
Inactive(anon):   515892 kB
Active(file):      21432 kB
Inactive(file):    23364 kB
Unevictable:         164 kB
Mlocked:             164 kB
SwapTotal:             0 kB
SwapFree:              0 kB
Dirty:               100 kB
Writeback:             0 kB
AnonPages:       7100024 kB
Mapped:           272844 kB
Shmem:            550344 kB
Slab:             103964 kB
SReclaimable:      47876 kB
SUnreclaim:        56088 kB
KernelStack:       14432 kB
PageTables:        80752 kB
NFS_Unstable:          0 kB
Bounce:                0 kB
WritebackTmp:          0 kB
CommitLimit:     4055128 kB
Committed_AS:   16846800 kB
VmallocTotal:   34359738367 kB
VmallocUsed:      552068 kB
VmallocChunk:   34358423548 kB
HardwareCorrupted:     0 kB
AnonHugePages:   3155968 kB
CmaTotal:              0 kB
CmaFree:               0 kB
HugePages_Total:       0
HugePages_Free:        0
HugePages_Rsvd:        0
HugePages_Surp:        0
Hugepagesize:       2048 kB
DirectMap4k:      266944 kB
DirectMap2M:     8056832 kB
DirectMap1G:     1048576 kB


CPU:total 4 (2 cores per cpu, 2 threads per core) family 6 model 69 stepping 1, cmov, cx8, fxsr, mmx, sse, sse2, sse3, ssse3, sse4.1, sse4.2, popcnt, avx, avx2, aes, clmul, erms, lzcnt, ht, tsc, tscinvbit, bmi1, bmi2

/proc/cpuinfo:
processor	: 0
vendor_id	: GenuineIntel
cpu family	: 6
model		: 69
model name	: Intel(R) Core(TM) i3-4005U CPU @ 1.70GHz
stepping	: 1
microcode	: 0x1c
cpu MHz		: 1491.484
cache size	: 3072 KB
physical id	: 0
siblings	: 4
core id		: 0
cpu cores	: 2
apicid		: 0
initial apicid	: 0
fpu		: yes
fpu_exception	: yes
cpuid level	: 13
wp		: yes
flags		: fpu vme de pse tsc msr pae mce cx8 apic sep mtrr pge mca cmov pat pse36 clflush dts acpi mmx fxsr sse sse2 ss ht tm pbe syscall nx pdpe1gb rdtscp lm constant_tsc arch_perfmon pebs bts rep_good nopl xtopology nonstop_tsc aperfmperf eagerfpu pni pclmulqdq dtes64 monitor ds_cpl vmx est tm2 ssse3 fma cx16 xtpr pdcm pcid sse4_1 sse4_2 movbe popcnt tsc_deadline_timer aes xsave avx f16c rdrand lahf_lm abm ida arat epb pln pts dtherm tpr_shadow vnmi flexpriority ept vpid fsgsbase tsc_adjust bmi1 avx2 smep bmi2 erms invpcid xsaveopt
bugs		:
bogomips	: 3392.09
clflush size	: 64
cache_alignment	: 64
address sizes	: 39 bits physical, 48 bits virtual
power management:

processor	: 1
vendor_id	: GenuineIntel
cpu family	: 6
model		: 69
model name	: Intel(R) Core(TM) i3-4005U CPU @ 1.70GHz
stepping	: 1
microcode	: 0x1c
cpu MHz		: 1654.976
cache size	: 3072 KB
physical id	: 0
siblings	: 4
core id		: 0
cpu cores	: 2
apicid		: 1
initial apicid	: 1
fpu		: yes
fpu_exception	: yes
cpuid level	: 13
wp		: yes
flags		: fpu vme de pse tsc msr pae mce cx8 apic sep mtrr pge mca cmov pat pse36 clflush dts acpi mmx fxsr sse sse2 ss ht tm pbe syscall nx pdpe1gb rdtscp lm constant_tsc arch_perfmon pebs bts rep_good nopl xtopology nonstop_tsc aperfmperf eagerfpu pni pclmulqdq dtes64 monitor ds_cpl vmx est tm2 ssse3 fma cx16 xtpr pdcm pcid sse4_1 sse4_2 movbe popcnt tsc_deadline_timer aes xsave avx f16c rdrand lahf_lm abm ida arat epb pln pts dtherm tpr_shadow vnmi flexpriority ept vpid fsgsbase tsc_adjust bmi1 avx2 smep bmi2 erms invpcid xsaveopt
bugs		:
bogomips	: 3392.09
clflush size	: 64
cache_alignment	: 64
address sizes	: 39 bits physical, 48 bits virtual
power management:

processor	: 2
vendor_id	: GenuineIntel
cpu family	: 6
model		: 69
model name	: Intel(R) Core(TM) i3-4005U CPU @ 1.70GHz
stepping	: 1
microcode	: 0x1c
cpu MHz		: 1695.484
cache size	: 3072 KB
physical id	: 0
siblings	: 4
core id		: 1
cpu cores	: 2
apicid		: 2
initial apicid	: 2
fpu		: yes
fpu_exception	: yes
cpuid level	: 13
wp		: yes
flags		: fpu vme de pse tsc msr pae mce cx8 apic sep mtrr pge mca cmov pat pse36 clflush dts acpi mmx fxsr sse sse2 ss ht tm pbe syscall nx pdpe1gb rdtscp lm constant_tsc arch_perfmon pebs bts rep_good nopl xtopology nonstop_tsc aperfmperf eagerfpu pni pclmulqdq dtes64 monitor ds_cpl vmx est tm2 ssse3 fma cx16 xtpr pdcm pcid sse4_1 sse4_2 movbe popcnt tsc_deadline_timer aes xsave avx f16c rdrand lahf_lm abm ida arat epb pln pts dtherm tpr_shadow vnmi flexpriority ept vpid fsgsbase tsc_adjust bmi1 avx2 smep bmi2 erms invpcid xsaveopt
bugs		:
bogomips	: 3392.09
clflush size	: 64
cache_alignment	: 64
address sizes	: 39 bits physical, 48 bits virtual
power management:

processor	: 3
vendor_id	: GenuineIntel
cpu family	: 6
model		: 69
model name	: Intel(R) Core(TM) i3-4005U CPU @ 1.70GHz
stepping	: 1
microcode	: 0x1c
cpu MHz		: 1332.640
cache size	: 3072 KB
physical id	: 0
siblings	: 4
core id		: 1
cpu cores	: 2
apicid		: 3
initial apicid	: 3
fpu		: yes
fpu_exception	: yes
cpuid level	: 13
wp		: yes
flags		: fpu vme de pse tsc msr pae mce cx8 apic sep mtrr pge mca cmov pat pse36 clflush dts acpi mmx fxsr sse sse2 ss ht tm pbe syscall nx pdpe1gb rdtscp lm constant_tsc arch_perfmon pebs bts rep_good nopl xtopology nonstop_tsc aperfmperf eagerfpu pni pclmulqdq dtes64 monitor ds_cpl vmx est tm2 ssse3 fma cx16 xtpr pdcm pcid sse4_1 sse4_2 movbe popcnt tsc_deadline_timer aes xsave avx f16c rdrand lahf_lm abm ida arat epb pln pts dtherm tpr_shadow vnmi flexpriority ept vpid fsgsbase tsc_adjust bmi1 avx2 smep bmi2 erms invpcid xsaveopt
bugs		:
bogomips	: 3392.09
clflush size	: 64
cache_alignment	: 64
address sizes	: 39 bits physical, 48 bits virtual
power management:



Memory: 4k page, physical 8110256k(157380k free), swap 0k(0k free)

vm_info: Java HotSpot(TM) 64-Bit Server VM (25.101-b13) for linux-amd64 JRE (1.8.0_101-b13), built on Jun 22 2016 02:59:44 by "java_re" with gcc 4.3.0 20080428 (Red Hat 4.3.0-8)

time: Mon Dec 12 19:22:02 2016
elapsed time: 97 seconds (0d 0h 1m 37s)

