#
# There is insufficient memory for the Java Runtime Environment to continue.
# Native memory allocation (mmap) failed to map 181403648 bytes for committing reserved memory.
# Possible reasons:
#   The system is out of physical RAM or swap space
#   In 32 bit mode, the process size limit was hit
# Possible solutions:
#   Reduce memory load on the system
#   Increase physical memory or swap space
#   Check if swap backing store is full
#   Use 64 bit Java on a 64 bit OS
#   Decrease Java heap size (-Xmx/-Xms)
#   Decrease number of Java threads
#   Decrease Java thread stack sizes (-Xss)
#   Set larger code cache with -XX:ReservedCodeCacheSize=
# This output file may be truncated or incomplete.
#
#  Out of Memory Error (os_linux.cpp:2627), pid=16258, tid=0x00007f544cafa700
#
# JRE version: Java(TM) SE Runtime Environment (8.0_111-b14) (build 1.8.0_111-b14)
# Java VM: Java HotSpot(TM) 64-Bit Server VM (25.111-b14 mixed mode linux-amd64 compressed oops)
# Failed to write core dump. Core dumps have been disabled. To enable core dumping, try "ulimit -c unlimited" before starting Java again
#

---------------  T H R E A D  ---------------

Current thread (0x00007f545c078000):  VMThread [stack: 0x00007f544c9fa000,0x00007f544cafb000] [id=16269]

Stack: [0x00007f544c9fa000,0x00007f544cafb000],  sp=0x00007f544caf9020,  free space=1020k
Native frames: (J=compiled Java code, j=interpreted, Vv=VM code, C=native code)
V  [libjvm.so+0xac5c2a]  VMError::report_and_die()+0x2ba
V  [libjvm.so+0x4fc50b]  report_vm_out_of_memory(char const*, int, unsigned long, VMErrorType, char const*)+0x8b
V  [libjvm.so+0x922ae3]  os::Linux::commit_memory_impl(char*, unsigned long, bool)+0x103
V  [libjvm.so+0x923039]  os::pd_commit_memory(char*, unsigned long, unsigned long, bool)+0x29
V  [libjvm.so+0x91d33a]  os::commit_memory(char*, unsigned long, unsigned long, bool)+0x2a
V  [libjvm.so+0x991ac3]  PSVirtualSpace::expand_by(unsigned long)+0x53
V  [libjvm.so+0x992ec8]  PSYoungGen::resize_generation(unsigned long, unsigned long)+0xf8
V  [libjvm.so+0x992022]  PSYoungGen::resize(unsigned long, unsigned long)+0x22
V  [libjvm.so+0x98f2fb]  PSScavenge::invoke_no_policy()+0xf3b
V  [libjvm.so+0x98fa81]  PSScavenge::invoke()+0x41
V  [libjvm.so+0x9467d0]  ParallelScavengeHeap::failed_mem_allocate(unsigned long)+0x70
V  [libjvm.so+0xac7647]  VM_ParallelGCFailedAllocation::doit()+0x97
V  [libjvm.so+0xacf125]  VM_Operation::evaluate()+0x55
V  [libjvm.so+0xacd4fa]  VMThread::evaluate_operation(VM_Operation*)+0xba
V  [libjvm.so+0xacd87e]  VMThread::loop()+0x1ce
V  [libjvm.so+0xacdcf0]  VMThread::run()+0x70
V  [libjvm.so+0x924ea8]  java_start(Thread*)+0x108

VM_Operation (0x00007f54657a5300): ParallelGCFailedAllocation, mode: safepoint, requested by thread 0x00007f545c00a000


---------------  P R O C E S S  ---------------

Java Threads: ( => current thread )
  0x00007f545c0c9000 JavaThread "Service Thread" daemon [_thread_blocked, id=16276, stack(0x00007f5447bfc000,0x00007f5447cfd000)]
  0x00007f545c0bd800 JavaThread "C1 CompilerThread2" daemon [_thread_blocked, id=16275, stack(0x00007f5447cfd000,0x00007f5447dfe000)]
  0x00007f545c0bc000 JavaThread "C2 CompilerThread1" daemon [_thread_blocked, id=16274, stack(0x00007f5447dfe000,0x00007f5447eff000)]
  0x00007f545c0b9000 JavaThread "C2 CompilerThread0" daemon [_thread_blocked, id=16273, stack(0x00007f5447eff000,0x00007f5448000000)]
  0x00007f545c0b7800 JavaThread "Signal Dispatcher" daemon [_thread_blocked, id=16272, stack(0x00007f544c015000,0x00007f544c116000)]
  0x00007f545c084800 JavaThread "Finalizer" daemon [_thread_blocked, id=16271, stack(0x00007f544c7f8000,0x00007f544c8f9000)]
  0x00007f545c080000 JavaThread "Reference Handler" daemon [_thread_blocked, id=16270, stack(0x00007f544c8f9000,0x00007f544c9fa000)]
  0x00007f545c00a000 JavaThread "main" [_thread_blocked, id=16264, stack(0x00007f54656a6000,0x00007f54657a7000)]

Other Threads:
=>0x00007f545c078000 VMThread [stack: 0x00007f544c9fa000,0x00007f544cafb000] [id=16269]
  0x00007f545c0cc000 WatcherThread [stack: 0x00007f5447afb000,0x00007f5447bfc000] [id=16277]

VM state:at safepoint (normal execution)

VM Mutex/Monitor currently owned by a thread:  ([mutex/lock_event])
[0x00007f545c006400] Threads_lock - owner thread: 0x00007f545c078000
[0x00007f545c006900] Heap_lock - owner thread: 0x00007f545c00a000

Heap:
 PSYoungGen      total 132096K, used 5088K [0x00000000d6b80000, 0x00000000df180000, 0x0000000100000000)
  eden space 126976K, 0% used [0x00000000d6b80000,0x00000000d6b80000,0x00000000de780000)
  from space 5120K, 99% used [0x00000000de780000,0x00000000dec78010,0x00000000dec80000)
  to   space 5120K, 0% used [0x00000000dec80000,0x00000000dec80000,0x00000000df180000)
 ParOldGen       total 84992K, used 43976K [0x0000000084200000, 0x0000000089500000, 0x00000000d6b80000)
  object space 84992K, 51% used [0x0000000084200000,0x0000000086cf2250,0x0000000089500000)
 Metaspace       used 3790K, capacity 5176K, committed 5376K, reserved 1056768K
  class space    used 406K, capacity 488K, committed 512K, reserved 1048576K

Card table byte_map: [0x00007f5462077000,0x00007f5462457000] byte_map_base: 0x00007f5461c56000

Marking Bits: (ParMarkBitMap*) 0x00007f5464b7a220
 Begin Bits: [0x00007f5439210000, 0x00007f543b108000)
 End Bits:   [0x00007f543b108000, 0x00007f543d000000)

Polling page: 0x00007f54657c9000

CodeCache: size=245760Kb used=3739Kb max_used=3758Kb free=242020Kb
 bounds [0x00007f544d000000, 0x00007f544d3c0000, 0x00007f545c000000]
 total_blobs=861 nmethods=614 adapters=161
 compilation: enabled

Compilation events (10 events):
Event: 3.580 Thread 0x00007f545c0b9000 nmethod 616 0x00007f544d3a6750 code [0x00007f544d3a6b00, 0x00007f544d3a8a60]
Event: 3.583 Thread 0x00007f545c0bc000  621       4       com.android.dx.rop.cst.Constant::compareTo (9 bytes)
Event: 3.585 Thread 0x00007f545c0bc000 nmethod 621 0x00007f544d378a10 code [0x00007f544d378ba0, 0x00007f544d378fb8]
Event: 3.653 Thread 0x00007f545c0b9000  622       4       java.util.TreeMap::getEntry (84 bytes)
Event: 3.663 Thread 0x00007f545c0b9000 nmethod 622 0x00007f544d377e90 code [0x00007f544d378020, 0x00007f544d3785b8]
Event: 3.671 Thread 0x00007f545c0bc000  623       4       java.util.TreeMap::put (247 bytes)
Event: 3.680 Thread 0x00007f545c0b9000  624       4       com.android.dx.cf.direct.AnnotationParser::parseAnnotations (143 bytes)
Event: 3.694 Thread 0x00007f545c0bc000 nmethod 623 0x00007f544d38c550 code [0x00007f544d38c740, 0x00007f544d38d228]
Event: 3.743 Thread 0x00007f545c0bc000  625 %     4       java.util.HashMap::resize @ 238 (359 bytes)
Event: 3.753 Thread 0x00007f545c0b9000 nmethod 624 0x00007f544d3abe10 code [0x00007f544d3ac1c0, 0x00007f544d3ae100]

GC Heap History (9 events):
Event: 1.122 GC heap before
{Heap before GC invocations=1 (full 0):
 PSYoungGen      total 36864K, used 31744K [0x00000000d6b80000, 0x00000000d9480000, 0x0000000100000000)
  eden space 31744K, 100% used [0x00000000d6b80000,0x00000000d8a80000,0x00000000d8a80000)
  from space 5120K, 0% used [0x00000000d8f80000,0x00000000d8f80000,0x00000000d9480000)
  to   space 5120K, 0% used [0x00000000d8a80000,0x00000000d8a80000,0x00000000d8f80000)
 ParOldGen       total 84992K, used 0K [0x0000000084200000, 0x0000000089500000, 0x00000000d6b80000)
  object space 84992K, 0% used [0x0000000084200000,0x0000000084200000,0x0000000089500000)
 Metaspace       used 3731K, capacity 5080K, committed 5376K, reserved 1056768K
  class space    used 402K, capacity 456K, committed 512K, reserved 1048576K
Event: 1.140 GC heap after
Heap after GC invocations=1 (full 0):
 PSYoungGen      total 36864K, used 3916K [0x00000000d6b80000, 0x00000000db380000, 0x0000000100000000)
  eden space 31744K, 0% used [0x00000000d6b80000,0x00000000d6b80000,0x00000000d8a80000)
  from space 5120K, 76% used [0x00000000d8a80000,0x00000000d8e53148,0x00000000d8f80000)
  to   space 5120K, 0% used [0x00000000dae80000,0x00000000dae80000,0x00000000db380000)
 ParOldGen       total 84992K, used 8K [0x0000000084200000, 0x0000000089500000, 0x00000000d6b80000)
  object space 84992K, 0% used [0x0000000084200000,0x0000000084202000,0x0000000089500000)
 Metaspace       used 3731K, capacity 5080K, committed 5376K, reserved 1056768K
  class space    used 402K, capacity 456K, committed 512K, reserved 1048576K
}
Event: 1.425 GC heap before
{Heap before GC invocations=2 (full 0):
 PSYoungGen      total 36864K, used 35660K [0x00000000d6b80000, 0x00000000db380000, 0x0000000100000000)
  eden space 31744K, 100% used [0x00000000d6b80000,0x00000000d8a80000,0x00000000d8a80000)
  from space 5120K, 76% used [0x00000000d8a80000,0x00000000d8e53148,0x00000000d8f80000)
  to   space 5120K, 0% used [0x00000000dae80000,0x00000000dae80000,0x00000000db380000)
 ParOldGen       total 84992K, used 8K [0x0000000084200000, 0x0000000089500000, 0x00000000d6b80000)
  object space 84992K, 0% used [0x0000000084200000,0x0000000084202000,0x0000000089500000)
 Metaspace       used 3780K, capacity 5176K, committed 5376K, reserved 1056768K
  class space    used 406K, capacity 488K, committed 512K, reserved 1048576K
Event: 1.445 GC heap after
Heap after GC invocations=2 (full 0):
 PSYoungGen      total 68608K, used 5110K [0x00000000d6b80000, 0x00000000db380000, 0x0000000100000000)
  eden space 63488K, 0% used [0x00000000d6b80000,0x00000000d6b80000,0x00000000da980000)
  from space 5120K, 99% used [0x00000000dae80000,0x00000000db37da28,0x00000000db380000)
  to   space 5120K, 0% used [0x00000000da980000,0x00000000da980000,0x00000000dae80000)
 ParOldGen       total 84992K, used 994K [0x0000000084200000, 0x0000000089500000, 0x00000000d6b80000)
  object space 84992K, 1% used [0x0000000084200000,0x00000000842f8a88,0x0000000089500000)
 Metaspace       used 3780K, capacity 5176K, committed 5376K, reserved 1056768K
  class space    used 406K, capacity 488K, committed 512K, reserved 1048576K
}
Event: 1.953 GC heap before
{Heap before GC invocations=3 (full 0):
 PSYoungGen      total 68608K, used 68598K [0x00000000d6b80000, 0x00000000db380000, 0x0000000100000000)
  eden space 63488K, 100% used [0x00000000d6b80000,0x00000000da980000,0x00000000da980000)
  from space 5120K, 99% used [0x00000000dae80000,0x00000000db37da28,0x00000000db380000)
  to   space 5120K, 0% used [0x00000000da980000,0x00000000da980000,0x00000000dae80000)
 ParOldGen       total 84992K, used 994K [0x0000000084200000, 0x0000000089500000, 0x00000000d6b80000)
  object space 84992K, 1% used [0x0000000084200000,0x00000000842f8a88,0x0000000089500000)
 Metaspace       used 3786K, capacity 5176K, committed 5376K, reserved 1056768K
  class space    used 406K, capacity 488K, committed 512K, reserved 1048576K
Event: 2.557 GC heap after
Heap after GC invocations=3 (full 0):
 PSYoungGen      total 68608K, used 5092K [0x00000000d6b80000, 0x00000000df180000, 0x0000000100000000)
  eden space 63488K, 0% used [0x00000000d6b80000,0x00000000d6b80000,0x00000000da980000)
  from space 5120K, 99% used [0x00000000da980000,0x00000000dae79050,0x00000000dae80000)
  to   space 5120K, 0% used [0x00000000dec80000,0x00000000dec80000,0x00000000df180000)
 ParOldGen       total 84992K, used 9863K [0x0000000084200000, 0x0000000089500000, 0x00000000d6b80000)
  object space 84992K, 11% used [0x0000000084200000,0x0000000084ba1d68,0x0000000089500000)
 Metaspace       used 3786K, capacity 5176K, committed 5376K, reserved 1056768K
  class space    used 406K, capacity 488K, committed 512K, reserved 1048576K
}
Event: 2.922 GC heap before
{Heap before GC invocations=4 (full 0):
 PSYoungGen      total 68608K, used 68580K [0x00000000d6b80000, 0x00000000df180000, 0x0000000100000000)
  eden space 63488K, 100% used [0x00000000d6b80000,0x00000000da980000,0x00000000da980000)
  from space 5120K, 99% used [0x00000000da980000,0x00000000dae79050,0x00000000dae80000)
  to   space 5120K, 0% used [0x00000000dec80000,0x00000000dec80000,0x00000000df180000)
 ParOldGen       total 84992K, used 9863K [0x0000000084200000, 0x0000000089500000, 0x00000000d6b80000)
  object space 84992K, 11% used [0x0000000084200000,0x0000000084ba1d68,0x0000000089500000)
 Metaspace       used 3786K, capacity 5176K, committed 5376K, reserved 1056768K
  class space    used 406K, capacity 488K, committed 512K, reserved 1048576K
Event: 2.979 GC heap after
Heap after GC invocations=4 (full 0):
 PSYoungGen      total 132096K, used 5104K [0x00000000d6b80000, 0x00000000df180000, 0x0000000100000000)
  eden space 126976K, 0% used [0x00000000d6b80000,0x00000000d6b80000,0x00000000de780000)
  from space 5120K, 99% used [0x00000000dec80000,0x00000000df17c030,0x00000000df180000)
  to   space 5120K, 0% used [0x00000000de780000,0x00000000de780000,0x00000000dec80000)
 ParOldGen       total 84992K, used 21577K [0x0000000084200000, 0x0000000089500000, 0x00000000d6b80000)
  object space 84992K, 25% used [0x0000000084200000,0x0000000085712518,0x0000000089500000)
 Metaspace       used 3786K, capacity 5176K, committed 5376K, reserved 1056768K
  class space    used 406K, capacity 488K, committed 512K, reserved 1048576K
}
Event: 3.763 GC heap before
{Heap before GC invocations=5 (full 0):
 PSYoungGen      total 132096K, used 132080K [0x00000000d6b80000, 0x00000000df180000, 0x0000000100000000)
  eden space 126976K, 100% used [0x00000000d6b80000,0x00000000de780000,0x00000000de780000)
  from space 5120K, 99% used [0x00000000dec80000,0x00000000df17c030,0x00000000df180000)
  to   space 5120K, 0% used [0x00000000de780000,0x00000000de780000,0x00000000dec80000)
 ParOldGen       total 84992K, used 21577K [0x0000000084200000, 0x0000000089500000, 0x00000000d6b80000)
  object space 84992K, 25% used [0x0000000084200000,0x0000000085712518,0x0000000089500000)
 Metaspace       used 3790K, capacity 5176K, committed 5376K, reserved 1056768K
  class space    used 406K, capacity 488K, committed 512K, reserved 1048576K

Deoptimization events (2 events):
Event: 0.961 Thread 0x00007f545c00a000 Uncommon trap: reason=unloaded action=reinterpret pc=0x00007f544d21c86c method=com.android.dx.cf.cst.ConstantPoolParser.parse0(ILjava/util/BitSet;)Lcom/android/dx/rop/cst/Constant; @ 198
Event: 1.390 Thread 0x00007f545c00a000 Uncommon trap: reason=unstable_if action=reinterpret pc=0x00007f544d2e2280 method=com.android.dx.cf.direct.StdAttributeFactory.parse0(Lcom/android/dx/cf/direct/DirectClassFile;ILjava/lang/String;IILcom/android/dx/cf/iface/ParseObserver;)Lcom/android/dx/cf

Internal exceptions (2 events):
Event: 0.318 Thread 0x00007f545c00a000 Exception <a 'java/lang/NoSuchMethodError': Method sun.misc.Unsafe.defineClass(Ljava/lang/String;[BII)Ljava/lang/Class; name or signature does not match> (0x00000000d6b87c78) thrown at [/HUDSON3/workspace/8-2-build-linux-amd64/jdk8u111/7883/hotspot/src/sh
Event: 0.318 Thread 0x00007f545c00a000 Exception <a 'java/lang/NoSuchMethodError': Method sun.misc.Unsafe.prefetchRead(Ljava/lang/Object;J)V name or signature does not match> (0x00000000d6b87f60) thrown at [/HUDSON3/workspace/8-2-build-linux-amd64/jdk8u111/7883/hotspot/src/share/vm/prims/jni.c

Events (10 events):
Event: 1.653 Thread 0x00007f545c00a000 DEOPT UNPACKING pc=0x00007f544d047633 sp=0x00007f54657a5050 mode 0
Event: 1.953 Executing VM operation: ParallelGCFailedAllocation
Event: 2.557 Executing VM operation: ParallelGCFailedAllocation done
Event: 2.922 Executing VM operation: ParallelGCFailedAllocation
Event: 2.981 Executing VM operation: ParallelGCFailedAllocation done
Event: 3.326 loading class java/util/ArrayList$1
Event: 3.370 loading class java/util/ArrayList$1 done
Event: 3.740 Thread 0x00007f545c00a000 DEOPT PACKING pc=0x00007f544d32f110 sp=0x00007f54657a5340
Event: 3.740 Thread 0x00007f545c00a000 DEOPT UNPACKING pc=0x00007f544d047633 sp=0x00007f54657a5050 mode 0
Event: 3.762 Executing VM operation: ParallelGCFailedAllocation


Dynamic libraries:
00400000-00401000 r-xp 00000000 08:02 182546                             /usr/lib/jvm/java-8-oracle/bin/java
00600000-00601000 rw-p 00000000 08:02 182546                             /usr/lib/jvm/java-8-oracle/bin/java
016df000-01700000 rw-p 00000000 00:00 0                                  [heap]
84200000-89500000 rw-p 00000000 00:00 0 
89500000-d6b80000 ---p 00000000 00:00 0 
d6b80000-df180000 rw-p 00000000 00:00 0 
e9e80000-100000000 ---p 00000000 00:00 0 
100000000-100080000 rw-p 00000000 00:00 0 
100080000-140000000 ---p 00000000 00:00 0 
7f540c000000-7f540c021000 rw-p 00000000 00:00 0 
7f540c021000-7f5410000000 ---p 00000000 00:00 0 
7f5410000000-7f5410021000 rw-p 00000000 00:00 0 
7f5410021000-7f5414000000 ---p 00000000 00:00 0 
7f5414000000-7f5414b47000 rw-p 00000000 00:00 0 
7f5414b47000-7f5418000000 ---p 00000000 00:00 0 
7f5418000000-7f5418897000 rw-p 00000000 00:00 0 
7f5418897000-7f541c000000 ---p 00000000 00:00 0 
7f541c000000-7f541c021000 rw-p 00000000 00:00 0 
7f541c021000-7f5420000000 ---p 00000000 00:00 0 
7f5420000000-7f5420d44000 rw-p 00000000 00:00 0 
7f5420d44000-7f5424000000 ---p 00000000 00:00 0 
7f5424000000-7f5424021000 rw-p 00000000 00:00 0 
7f5424021000-7f5428000000 ---p 00000000 00:00 0 
7f5428000000-7f5428021000 rw-p 00000000 00:00 0 
7f5428021000-7f542c000000 ---p 00000000 00:00 0 
7f542c000000-7f542c021000 rw-p 00000000 00:00 0 
7f542c021000-7f5430000000 ---p 00000000 00:00 0 
7f5430000000-7f543028d000 rw-p 00000000 00:00 0 
7f543028d000-7f5434000000 ---p 00000000 00:00 0 
7f5434000000-7f5434021000 rw-p 00000000 00:00 0 
7f5434021000-7f5438000000 ---p 00000000 00:00 0 
7f5439210000-7f543d000000 rw-p 00000000 00:00 0 
7f5440000000-7f5440021000 rw-p 00000000 00:00 0 
7f5440021000-7f5444000000 ---p 00000000 00:00 0 
7f54479f2000-7f5447afb000 r--s 00aa3000 08:02 4646461                    /home/ankit/Desktop/Evento/app/build/intermediates/transforms/jarMerging/debug/jars/1/1f/combined.jar
7f5447afb000-7f5447afc000 ---p 00000000 00:00 0 
7f5447afc000-7f5447bfc000 rw-p 00000000 00:00 0 
7f5447bfc000-7f5447bff000 ---p 00000000 00:00 0 
7f5447bff000-7f5447cfd000 rw-p 00000000 00:00 0 
7f5447cfd000-7f5447d00000 ---p 00000000 00:00 0 
7f5447d00000-7f5447dfe000 rw-p 00000000 00:00 0 
7f5447dfe000-7f5447e01000 ---p 00000000 00:00 0 
7f5447e01000-7f5447eff000 rw-p 00000000 00:00 0 
7f5447eff000-7f5447f02000 ---p 00000000 00:00 0 
7f5447f02000-7f5448000000 rw-p 00000000 00:00 0 
7f5448000000-7f5448021000 rw-p 00000000 00:00 0 
7f5448021000-7f544c000000 ---p 00000000 00:00 0 
7f544c015000-7f544c018000 ---p 00000000 00:00 0 
7f544c018000-7f544c116000 rw-p 00000000 00:00 0 
7f544c116000-7f544c7f8000 r--p 00000000 08:02 59247                      /usr/lib/locale/locale-archive
7f544c7f8000-7f544c7fb000 ---p 00000000 00:00 0 
7f544c7fb000-7f544c8f9000 rw-p 00000000 00:00 0 
7f544c8f9000-7f544c8fc000 ---p 00000000 00:00 0 
7f544c8fc000-7f544c9fa000 rw-p 00000000 00:00 0 
7f544c9fa000-7f544c9fb000 ---p 00000000 00:00 0 
7f544c9fb000-7f544d000000 rw-p 00000000 00:00 0 
7f544d000000-7f544d3c0000 rwxp 00000000 00:00 0 
7f544d3c0000-7f545c000000 ---p 00000000 00:00 0 
7f545c000000-7f545c3c6000 rw-p 00000000 00:00 0 
7f545c3c6000-7f5460000000 ---p 00000000 00:00 0 
7f54600aa000-7f5460bb1000 rw-p 00000000 00:00 0 
7f5460bb1000-7f5460d89000 r--s 03d2a000 08:02 182584                     /usr/lib/jvm/java-8-oracle/jre/lib/rt.jar
7f5460d89000-7f54612bf000 rw-p 00000000 00:00 0 
7f54612bf000-7f54615ff000 ---p 00000000 00:00 0 
7f54615ff000-7f54619de000 rw-p 00000000 00:00 0 
7f54619de000-7f54619df000 ---p 00000000 00:00 0 
7f54619df000-7f5461adf000 rw-p 00000000 00:00 0 
7f5461adf000-7f5461ae0000 ---p 00000000 00:00 0 
7f5461ae0000-7f5461be0000 rw-p 00000000 00:00 0 
7f5461be0000-7f5461be1000 ---p 00000000 00:00 0 
7f5461be1000-7f5461ce1000 rw-p 00000000 00:00 0 
7f5461ce1000-7f5461ce2000 ---p 00000000 00:00 0 
7f5461ce2000-7f5461e0c000 rw-p 00000000 00:00 0 
7f5461e0c000-7f5462077000 ---p 00000000 00:00 0 
7f5462077000-7f54620a1000 rw-p 00000000 00:00 0 
7f54620a1000-7f546230b000 ---p 00000000 00:00 0 
7f546230b000-7f546234f000 rw-p 00000000 00:00 0 
7f546234f000-7f5462456000 ---p 00000000 00:00 0 
7f5462456000-7f5462466000 rw-p 00000000 00:00 0 
7f5462466000-7f5462817000 ---p 00000000 00:00 0 
7f5462817000-7f5462831000 r-xp 00000000 08:02 199997                     /usr/lib/jvm/java-8-oracle/jre/lib/amd64/libzip.so
7f5462831000-7f5462a31000 ---p 0001a000 08:02 199997                     /usr/lib/jvm/java-8-oracle/jre/lib/amd64/libzip.so
7f5462a31000-7f5462a32000 rw-p 0001a000 08:02 199997                     /usr/lib/jvm/java-8-oracle/jre/lib/amd64/libzip.so
7f5462a32000-7f5462a3c000 r-xp 00000000 08:02 2621662                    /lib/x86_64-linux-gnu/libnss_files-2.21.so
7f5462a3c000-7f5462c3c000 ---p 0000a000 08:02 2621662                    /lib/x86_64-linux-gnu/libnss_files-2.21.so
7f5462c3c000-7f5462c3d000 r--p 0000a000 08:02 2621662                    /lib/x86_64-linux-gnu/libnss_files-2.21.so
7f5462c3d000-7f5462c3e000 rw-p 0000b000 08:02 2621662                    /lib/x86_64-linux-gnu/libnss_files-2.21.so
7f5462c3e000-7f5462c49000 r-xp 00000000 08:02 2623427                    /lib/x86_64-linux-gnu/libnss_nis-2.21.so
7f5462c49000-7f5462e48000 ---p 0000b000 08:02 2623427                    /lib/x86_64-linux-gnu/libnss_nis-2.21.so
7f5462e48000-7f5462e49000 r--p 0000a000 08:02 2623427                    /lib/x86_64-linux-gnu/libnss_nis-2.21.so
7f5462e49000-7f5462e4a000 rw-p 0000b000 08:02 2623427                    /lib/x86_64-linux-gnu/libnss_nis-2.21.so
7f5462e4a000-7f5462e61000 r-xp 00000000 08:02 2623430                    /lib/x86_64-linux-gnu/libnsl-2.21.so
7f5462e61000-7f5463060000 ---p 00017000 08:02 2623430                    /lib/x86_64-linux-gnu/libnsl-2.21.so
7f5463060000-7f5463061000 r--p 00016000 08:02 2623430                    /lib/x86_64-linux-gnu/libnsl-2.21.so
7f5463061000-7f5463062000 rw-p 00017000 08:02 2623430                    /lib/x86_64-linux-gnu/libnsl-2.21.so
7f5463062000-7f5463064000 rw-p 00000000 00:00 0 
7f5463064000-7f546306c000 r-xp 00000000 08:02 2622662                    /lib/x86_64-linux-gnu/libnss_compat-2.21.so
7f546306c000-7f546326b000 ---p 00008000 08:02 2622662                    /lib/x86_64-linux-gnu/libnss_compat-2.21.so
7f546326b000-7f546326c000 r--p 00007000 08:02 2622662                    /lib/x86_64-linux-gnu/libnss_compat-2.21.so
7f546326c000-7f546326d000 rw-p 00008000 08:02 2622662                    /lib/x86_64-linux-gnu/libnss_compat-2.21.so
7f546326d000-7f5463298000 r-xp 00000000 08:02 200024                     /usr/lib/jvm/java-8-oracle/jre/lib/amd64/libjava.so
7f5463298000-7f5463497000 ---p 0002b000 08:02 200024                     /usr/lib/jvm/java-8-oracle/jre/lib/amd64/libjava.so
7f5463497000-7f5463499000 rw-p 0002a000 08:02 200024                     /usr/lib/jvm/java-8-oracle/jre/lib/amd64/libjava.so
7f5463499000-7f54634a6000 r-xp 00000000 08:02 199975                     /usr/lib/jvm/java-8-oracle/jre/lib/amd64/libverify.so
7f54634a6000-7f54636a5000 ---p 0000d000 08:02 199975                     /usr/lib/jvm/java-8-oracle/jre/lib/amd64/libverify.so
7f54636a5000-7f54636a7000 rw-p 0000c000 08:02 199975                     /usr/lib/jvm/java-8-oracle/jre/lib/amd64/libverify.so
7f54636a7000-7f54636ae000 r-xp 00000000 08:02 2621663                    /lib/x86_64-linux-gnu/librt-2.21.so
7f54636ae000-7f54638ad000 ---p 00007000 08:02 2621663                    /lib/x86_64-linux-gnu/librt-2.21.so
7f54638ad000-7f54638ae000 r--p 00006000 08:02 2621663                    /lib/x86_64-linux-gnu/librt-2.21.so
7f54638ae000-7f54638af000 rw-p 00007000 08:02 2621663                    /lib/x86_64-linux-gnu/librt-2.21.so
7f54638af000-7f54639b6000 r-xp 00000000 08:02 2623271                    /lib/x86_64-linux-gnu/libm-2.21.so
7f54639b6000-7f5463bb5000 ---p 00107000 08:02 2623271                    /lib/x86_64-linux-gnu/libm-2.21.so
7f5463bb5000-7f5463bb6000 r--p 00106000 08:02 2623271                    /lib/x86_64-linux-gnu/libm-2.21.so
7f5463bb6000-7f5463bb7000 rw-p 00107000 08:02 2623271                    /lib/x86_64-linux-gnu/libm-2.21.so
7f5463bb7000-7f5464884000 r-xp 00000000 08:02 200028                     /usr/lib/jvm/java-8-oracle/jre/lib/amd64/server/libjvm.so
7f5464884000-7f5464a83000 ---p 00ccd000 08:02 200028                     /usr/lib/jvm/java-8-oracle/jre/lib/amd64/server/libjvm.so
7f5464a83000-7f5464b5c000 rw-p 00ccc000 08:02 200028                     /usr/lib/jvm/java-8-oracle/jre/lib/amd64/server/libjvm.so
7f5464b5c000-7f5464ba7000 rw-p 00000000 00:00 0 
7f5464ba7000-7f5464d67000 r-xp 00000000 08:02 2623433                    /lib/x86_64-linux-gnu/libc-2.21.so
7f5464d67000-7f5464f67000 ---p 001c0000 08:02 2623433                    /lib/x86_64-linux-gnu/libc-2.21.so
7f5464f67000-7f5464f6b000 r--p 001c0000 08:02 2623433                    /lib/x86_64-linux-gnu/libc-2.21.so
7f5464f6b000-7f5464f6d000 rw-p 001c4000 08:02 2623433                    /lib/x86_64-linux-gnu/libc-2.21.so
7f5464f6d000-7f5464f71000 rw-p 00000000 00:00 0 
7f5464f71000-7f5464f74000 r-xp 00000000 08:02 2623420                    /lib/x86_64-linux-gnu/libdl-2.21.so
7f5464f74000-7f5465173000 ---p 00003000 08:02 2623420                    /lib/x86_64-linux-gnu/libdl-2.21.so
7f5465173000-7f5465174000 r--p 00002000 08:02 2623420                    /lib/x86_64-linux-gnu/libdl-2.21.so
7f5465174000-7f5465175000 rw-p 00003000 08:02 2623420                    /lib/x86_64-linux-gnu/libdl-2.21.so
7f5465175000-7f546518a000 r-xp 00000000 08:02 158504                     /usr/lib/jvm/java-8-oracle/lib/amd64/jli/libjli.so
7f546518a000-7f546538a000 ---p 00015000 08:02 158504                     /usr/lib/jvm/java-8-oracle/lib/amd64/jli/libjli.so
7f546538a000-7f546538b000 rw-p 00015000 08:02 158504                     /usr/lib/jvm/java-8-oracle/lib/amd64/jli/libjli.so
7f546538b000-7f54653a3000 r-xp 00000000 08:02 2623413                    /lib/x86_64-linux-gnu/libpthread-2.21.so
7f54653a3000-7f54655a3000 ---p 00018000 08:02 2623413                    /lib/x86_64-linux-gnu/libpthread-2.21.so
7f54655a3000-7f54655a4000 r--p 00018000 08:02 2623413                    /lib/x86_64-linux-gnu/libpthread-2.21.so
7f54655a4000-7f54655a5000 rw-p 00019000 08:02 2623413                    /lib/x86_64-linux-gnu/libpthread-2.21.so
7f54655a5000-7f54655a9000 rw-p 00000000 00:00 0 
7f54655a9000-7f54655cd000 r-xp 00000000 08:02 2623431                    /lib/x86_64-linux-gnu/ld-2.21.so
7f54655da000-7f54656a6000 rw-p 00000000 00:00 0 
7f54656a6000-7f54656a9000 ---p 00000000 00:00 0 
7f54656a9000-7f54657ab000 rw-p 00000000 00:00 0 
7f54657ab000-7f54657b2000 r--s 0001f000 08:02 4525001                    /home/ankit/Desktop/Evento/app/build/intermediates/multi-dex/debug/componentClasses.jar
7f54657b2000-7f54657c0000 r--s 000e0000 08:02 5033235                    /home/ankit/Documents/android-sdk-linux/build-tools/24.0.0/lib/dx.jar
7f54657c0000-7f54657c8000 rw-s 00000000 08:02 5033570                    /tmp/hsperfdata_ankit/16258
7f54657c8000-7f54657c9000 rw-p 00000000 00:00 0 
7f54657c9000-7f54657ca000 ---p 00000000 00:00 0 
7f54657ca000-7f54657cc000 rw-p 00000000 00:00 0 
7f54657cc000-7f54657cd000 r--p 00023000 08:02 2623431                    /lib/x86_64-linux-gnu/ld-2.21.so
7f54657cd000-7f54657ce000 rw-p 00024000 08:02 2623431                    /lib/x86_64-linux-gnu/ld-2.21.so
7f54657ce000-7f54657cf000 rw-p 00000000 00:00 0 
7ffc71015000-7ffc71036000 rw-p 00000000 00:00 0                          [stack]
7ffc7116f000-7ffc71171000 r--p 00000000 00:00 0                          [vvar]
7ffc71171000-7ffc71173000 r-xp 00000000 00:00 0                          [vdso]
ffffffffff600000-ffffffffff601000 r-xp 00000000 00:00 0                  [vsyscall]

VM Arguments:
jvm_args: -Djava.awt.headless=true -Dfile.encoding=UTF-8 -Duser.country=IN -Duser.language=en -Duser.variant 
java_command: com.android.multidex.ClassReferenceListBuilder /home/ankit/Desktop/Evento/app/build/intermediates/multi-dex/debug/componentClasses.jar /home/ankit/Desktop/Evento/app/build/intermediates/transforms/jarMerging/debug/jars/1/1f/combined.jar
java_class_path (initial): /home/ankit/Documents/android-sdk-linux/build-tools/24.0.0/lib/dx.jar
Launcher Type: SUN_STANDARD

Environment Variables:
JAVA_HOME=/usr/lib/jvm/java-8-oracle
PATH=/usr/local/sbin:/usr/local/bin:/usr/sbin:/usr/bin:/sbin:/bin:/usr/games:/usr/local/games:/usr/lib/jvm/java-8-oracle/bin:/usr/lib/jvm/java-8-oracle/db/bin:/usr/lib/jvm/java-8-oracle/jre/bin
LD_LIBRARY_PATH=Downloads/android-studio/bin:
SHELL=/bin/bash
DISPLAY=:0

Signal Handlers:
SIGSEGV: [libjvm.so+0xac64b0], sa_mask[0]=11111111011111111101111111111110, sa_flags=SA_RESTART|SA_SIGINFO
SIGBUS: [libjvm.so+0xac64b0], sa_mask[0]=11111111011111111101111111111110, sa_flags=SA_RESTART|SA_SIGINFO
SIGFPE: [libjvm.so+0x91f950], sa_mask[0]=11111111011111111101111111111110, sa_flags=SA_RESTART|SA_SIGINFO
SIGPIPE: [libjvm.so+0x91f950], sa_mask[0]=11111111011111111101111111111110, sa_flags=SA_RESTART|SA_SIGINFO
SIGXFSZ: [libjvm.so+0x91f950], sa_mask[0]=11111111011111111101111111111110, sa_flags=SA_RESTART|SA_SIGINFO
SIGILL: [libjvm.so+0x91f950], sa_mask[0]=11111111011111111101111111111110, sa_flags=SA_RESTART|SA_SIGINFO
SIGUSR1: SIG_DFL, sa_mask[0]=00000000000000000000000000000000, sa_flags=none
SIGUSR2: [libjvm.so+0x920f80], sa_mask[0]=00100000000000000000000000000000, sa_flags=SA_RESTART|SA_SIGINFO
SIGHUP: [libjvm.so+0x922380], sa_mask[0]=11111111011111111101111111111110, sa_flags=SA_RESTART|SA_SIGINFO
SIGINT: [libjvm.so+0x922380], sa_mask[0]=11111111011111111101111111111110, sa_flags=SA_RESTART|SA_SIGINFO
SIGTERM: [libjvm.so+0x922380], sa_mask[0]=11111111011111111101111111111110, sa_flags=SA_RESTART|SA_SIGINFO
SIGQUIT: [libjvm.so+0x922380], sa_mask[0]=11111111011111111101111111111110, sa_flags=SA_RESTART|SA_SIGINFO


---------------  S Y S T E M  ---------------

OS:DISTRIB_ID=Ubuntu
DISTRIB_RELEASE=15.10
DISTRIB_CODENAME=wily
DISTRIB_DESCRIPTION="Ubuntu 15.10"

uname:Linux 4.2.0-42-generic #49-Ubuntu SMP Tue Jun 28 21:26:26 UTC 2016 x86_64
libc:glibc 2.21 NPTL 2.21 
rlimit: STACK 8192k, CORE 0k, NPROC 31537, NOFILE 65536, AS infinity
load average:0.81 1.25 1.52

/proc/meminfo:
MemTotal:        8110256 kB
MemFree:          128388 kB
MemAvailable:     134196 kB
Buffers:           17076 kB
Cached:           679624 kB
SwapCached:            0 kB
Active:          7159288 kB
Inactive:         591268 kB
Active(anon):    7091204 kB
Inactive(anon):   527648 kB
Active(file):      68084 kB
Inactive(file):    63620 kB
Unevictable:          96 kB
Mlocked:              96 kB
SwapTotal:             0 kB
SwapFree:              0 kB
Dirty:               268 kB
Writeback:             0 kB
AnonPages:       7054044 kB
Mapped:           410824 kB
Shmem:            564920 kB
Slab:              99936 kB
SReclaimable:      48856 kB
SUnreclaim:        51080 kB
KernelStack:       12000 kB
PageTables:        71628 kB
NFS_Unstable:          0 kB
Bounce:                0 kB
WritebackTmp:          0 kB
CommitLimit:     4055128 kB
Committed_AS:   21823808 kB
VmallocTotal:   34359738367 kB
VmallocUsed:      551824 kB
VmallocChunk:   34358423548 kB
HardwareCorrupted:     0 kB
AnonHugePages:   4372480 kB
CmaTotal:              0 kB
CmaFree:               0 kB
HugePages_Total:       0
HugePages_Free:        0
HugePages_Rsvd:        0
HugePages_Surp:        0
Hugepagesize:       2048 kB
DirectMap4k:      266944 kB
DirectMap2M:     8056832 kB
DirectMap1G:     1048576 kB


CPU:total 4 (2 cores per cpu, 2 threads per core) family 6 model 69 stepping 1, cmov, cx8, fxsr, mmx, sse, sse2, sse3, ssse3, sse4.1, sse4.2, popcnt, avx, avx2, aes, clmul, erms, lzcnt, ht, tsc, tscinvbit, bmi1, bmi2

/proc/cpuinfo:
processor	: 0
vendor_id	: GenuineIntel
cpu family	: 6
model		: 69
model name	: Intel(R) Core(TM) i3-4005U CPU @ 1.70GHz
stepping	: 1
microcode	: 0x1c
cpu MHz		: 1665.136
cache size	: 3072 KB
physical id	: 0
siblings	: 4
core id		: 0
cpu cores	: 2
apicid		: 0
initial apicid	: 0
fpu		: yes
fpu_exception	: yes
cpuid level	: 13
wp		: yes
flags		: fpu vme de pse tsc msr pae mce cx8 apic sep mtrr pge mca cmov pat pse36 clflush dts acpi mmx fxsr sse sse2 ss ht tm pbe syscall nx pdpe1gb rdtscp lm constant_tsc arch_perfmon pebs bts rep_good nopl xtopology nonstop_tsc aperfmperf eagerfpu pni pclmulqdq dtes64 monitor ds_cpl vmx est tm2 ssse3 fma cx16 xtpr pdcm pcid sse4_1 sse4_2 movbe popcnt tsc_deadline_timer aes xsave avx f16c rdrand lahf_lm abm ida arat epb pln pts dtherm tpr_shadow vnmi flexpriority ept vpid fsgsbase tsc_adjust bmi1 avx2 smep bmi2 erms invpcid xsaveopt
bugs		:
bogomips	: 3392.03
clflush size	: 64
cache_alignment	: 64
address sizes	: 39 bits physical, 48 bits virtual
power management:

processor	: 1
vendor_id	: GenuineIntel
cpu family	: 6
model		: 69
model name	: Intel(R) Core(TM) i3-4005U CPU @ 1.70GHz
stepping	: 1
microcode	: 0x1c
cpu MHz		: 1149.359
cache size	: 3072 KB
physical id	: 0
siblings	: 4
core id		: 0
cpu cores	: 2
apicid		: 1
initial apicid	: 1
fpu		: yes
fpu_exception	: yes
cpuid level	: 13
wp		: yes
flags		: fpu vme de pse tsc msr pae mce cx8 apic sep mtrr pge mca cmov pat pse36 clflush dts acpi mmx fxsr sse sse2 ss ht tm pbe syscall nx pdpe1gb rdtscp lm constant_tsc arch_perfmon pebs bts rep_good nopl xtopology nonstop_tsc aperfmperf eagerfpu pni pclmulqdq dtes64 monitor ds_cpl vmx est tm2 ssse3 fma cx16 xtpr pdcm pcid sse4_1 sse4_2 movbe popcnt tsc_deadline_timer aes xsave avx f16c rdrand lahf_lm abm ida arat epb pln pts dtherm tpr_shadow vnmi flexpriority ept vpid fsgsbase tsc_adjust bmi1 avx2 smep bmi2 erms invpcid xsaveopt
bugs		:
bogomips	: 3392.03
clflush size	: 64
cache_alignment	: 64
address sizes	: 39 bits physical, 48 bits virtual
power management:

processor	: 2
vendor_id	: GenuineIntel
cpu family	: 6
model		: 69
model name	: Intel(R) Core(TM) i3-4005U CPU @ 1.70GHz
stepping	: 1
microcode	: 0x1c
cpu MHz		: 1691.035
cache size	: 3072 KB
physical id	: 0
siblings	: 4
core id		: 1
cpu cores	: 2
apicid		: 2
initial apicid	: 2
fpu		: yes
fpu_exception	: yes
cpuid level	: 13
wp		: yes
flags		: fpu vme de pse tsc msr pae mce cx8 apic sep mtrr pge mca cmov pat pse36 clflush dts acpi mmx fxsr sse sse2 ss ht tm pbe syscall nx pdpe1gb rdtscp lm constant_tsc arch_perfmon pebs bts rep_good nopl xtopology nonstop_tsc aperfmperf eagerfpu pni pclmulqdq dtes64 monitor ds_cpl vmx est tm2 ssse3 fma cx16 xtpr pdcm pcid sse4_1 sse4_2 movbe popcnt tsc_deadline_timer aes xsave avx f16c rdrand lahf_lm abm ida arat epb pln pts dtherm tpr_shadow vnmi flexpriority ept vpid fsgsbase tsc_adjust bmi1 avx2 smep bmi2 erms invpcid xsaveopt
bugs		:
bogomips	: 3392.03
clflush size	: 64
cache_alignment	: 64
address sizes	: 39 bits physical, 48 bits virtual
power management:

processor	: 3
vendor_id	: GenuineIntel
cpu family	: 6
model		: 69
model name	: Intel(R) Core(TM) i3-4005U CPU @ 1.70GHz
stepping	: 1
microcode	: 0x1c
cpu MHz		: 1426.738
cache size	: 3072 KB
physical id	: 0
siblings	: 4
core id		: 1
cpu cores	: 2
apicid		: 3
initial apicid	: 3
fpu		: yes
fpu_exception	: yes
cpuid level	: 13
wp		: yes
flags		: fpu vme de pse tsc msr pae mce cx8 apic sep mtrr pge mca cmov pat pse36 clflush dts acpi mmx fxsr sse sse2 ss ht tm pbe syscall nx pdpe1gb rdtscp lm constant_tsc arch_perfmon pebs bts rep_good nopl xtopology nonstop_tsc aperfmperf eagerfpu pni pclmulqdq dtes64 monitor ds_cpl vmx est tm2 ssse3 fma cx16 xtpr pdcm pcid sse4_1 sse4_2 movbe popcnt tsc_deadline_timer aes xsave avx f16c rdrand lahf_lm abm ida arat epb pln pts dtherm tpr_shadow vnmi flexpriority ept vpid fsgsbase tsc_adjust bmi1 avx2 smep bmi2 erms invpcid xsaveopt
bugs		:
bogomips	: 3392.03
clflush size	: 64
cache_alignment	: 64
address sizes	: 39 bits physical, 48 bits virtual
power management:



Memory: 4k page, physical 8110256k(128388k free), swap 0k(0k free)

vm_info: Java HotSpot(TM) 64-Bit Server VM (25.111-b14) for linux-amd64 JRE (1.8.0_111-b14), built on Sep 22 2016 16:14:03 by "java_re" with gcc 4.3.0 20080428 (Red Hat 4.3.0-8)

time: Fri Dec 30 01:23:19 2016
elapsed time: 4 seconds (0d 0h 0m 4s)

