#
# There is insufficient memory for the Java Runtime Environment to continue.
# Native memory allocation (mmap) failed to map 91226112 bytes for committing reserved memory.
# Possible reasons:
#   The system is out of physical RAM or swap space
#   In 32 bit mode, the process size limit was hit
# Possible solutions:
#   Reduce memory load on the system
#   Increase physical memory or swap space
#   Check if swap backing store is full
#   Use 64 bit Java on a 64 bit OS
#   Decrease Java heap size (-Xmx/-Xms)
#   Decrease number of Java threads
#   Decrease Java thread stack sizes (-Xss)
#   Set larger code cache with -XX:ReservedCodeCacheSize=
# This output file may be truncated or incomplete.
#
#  Out of Memory Error (os_linux.cpp:2627), pid=12046, tid=0x00007fbbd9cb9700
#
# JRE version: Java(TM) SE Runtime Environment (8.0_101-b13) (build 1.8.0_101-b13)
# Java VM: Java HotSpot(TM) 64-Bit Server VM (25.101-b13 mixed mode linux-amd64 compressed oops)
# Failed to write core dump. Core dumps have been disabled. To enable core dumping, try "ulimit -c unlimited" before starting Java again
#

---------------  T H R E A D  ---------------

Current thread (0x00007fbbec078000):  VMThread [stack: 0x00007fbbd9bb9000,0x00007fbbd9cba000] [id=12076]

Stack: [0x00007fbbd9bb9000,0x00007fbbd9cba000],  sp=0x00007fbbd9cb8220,  free space=1020k
Native frames: (J=compiled Java code, j=interpreted, Vv=VM code, C=native code)
V  [libjvm.so+0xac3f0a]  VMError::report_and_die()+0x2ba
V  [libjvm.so+0x4fbf9b]  report_vm_out_of_memory(char const*, int, unsigned long, VMErrorType, char const*)+0x8b
V  [libjvm.so+0x9222d3]  os::Linux::commit_memory_impl(char*, unsigned long, bool)+0x103
V  [libjvm.so+0x922829]  os::pd_commit_memory(char*, unsigned long, unsigned long, bool)+0x29
V  [libjvm.so+0x91cb2a]  os::commit_memory(char*, unsigned long, unsigned long, bool)+0x2a
V  [libjvm.so+0x991053]  PSVirtualSpace::expand_by(unsigned long)+0x53
V  [libjvm.so+0x992458]  PSYoungGen::resize_generation(unsigned long, unsigned long)+0xf8
V  [libjvm.so+0x9915b2]  PSYoungGen::resize(unsigned long, unsigned long)+0x22
V  [libjvm.so+0x98e88b]  PSScavenge::invoke_no_policy()+0xf3b
V  [libjvm.so+0x98f011]  PSScavenge::invoke()+0x41
V  [libjvm.so+0x945fc0]  ParallelScavengeHeap::failed_mem_allocate(unsigned long)+0x70
V  [libjvm.so+0xac5927]  VM_ParallelGCFailedAllocation::doit()+0x97
V  [libjvm.so+0xacd405]  VM_Operation::evaluate()+0x55
V  [libjvm.so+0xacb7da]  VMThread::evaluate_operation(VM_Operation*)+0xba
V  [libjvm.so+0xacbb5e]  VMThread::loop()+0x1ce
V  [libjvm.so+0xacbfd0]  VMThread::run()+0x70
V  [libjvm.so+0x924698]  java_start(Thread*)+0x108

VM_Operation (0x00007fbbf28a3ff0): ParallelGCFailedAllocation, mode: safepoint, requested by thread 0x00007fbbec00a000


---------------  P R O C E S S  ---------------

Java Threads: ( => current thread )
  0x00007fbbec0d3000 JavaThread "Service Thread" daemon [_thread_blocked, id=12096, stack(0x00007fbbd8dd0000,0x00007fbbd8ed1000)]
  0x00007fbbec0bd800 JavaThread "C1 CompilerThread2" daemon [_thread_blocked, id=12095, stack(0x00007fbbd8ed1000,0x00007fbbd8fd2000)]
  0x00007fbbec0bc000 JavaThread "C2 CompilerThread1" daemon [_thread_blocked, id=12094, stack(0x00007fbbd8fd2000,0x00007fbbd90d3000)]
  0x00007fbbec0b9000 JavaThread "C2 CompilerThread0" daemon [_thread_blocked, id=12093, stack(0x00007fbbd90d3000,0x00007fbbd91d4000)]
  0x00007fbbec0b7800 JavaThread "Signal Dispatcher" daemon [_thread_blocked, id=12092, stack(0x00007fbbd91d4000,0x00007fbbd92d5000)]
  0x00007fbbec084800 JavaThread "Finalizer" daemon [_thread_blocked, id=12084, stack(0x00007fbbd99b7000,0x00007fbbd9ab8000)]
  0x00007fbbec080000 JavaThread "Reference Handler" daemon [_thread_blocked, id=12083, stack(0x00007fbbd9ab8000,0x00007fbbd9bb9000)]
  0x00007fbbec00a000 JavaThread "main" [_thread_blocked, id=12051, stack(0x00007fbbf27a5000,0x00007fbbf28a6000)]

Other Threads:
=>0x00007fbbec078000 VMThread [stack: 0x00007fbbd9bb9000,0x00007fbbd9cba000] [id=12076]
  0x00007fbbec0d6000 WatcherThread [stack: 0x00007fbbd8ccf000,0x00007fbbd8dd0000] [id=12097]

VM state:at safepoint (normal execution)

VM Mutex/Monitor currently owned by a thread:  ([mutex/lock_event])
[0x00007fbbec006400] Threads_lock - owner thread: 0x00007fbbec078000
[0x00007fbbec006900] Heap_lock - owner thread: 0x00007fbbec00a000

Heap:
 PSYoungGen      total 68608K, used 5104K [0x00000000d6b80000, 0x00000000db380000, 0x0000000100000000)
  eden space 63488K, 0% used [0x00000000d6b80000,0x00000000d6b80000,0x00000000da980000)
  from space 5120K, 99% used [0x00000000da980000,0x00000000dae7c030,0x00000000dae80000)
  to   space 5120K, 0% used [0x00000000dae80000,0x00000000dae80000,0x00000000db380000)
 ParOldGen       total 84992K, used 23188K [0x0000000084200000, 0x0000000089500000, 0x00000000d6b80000)
  object space 84992K, 27% used [0x0000000084200000,0x00000000858a5398,0x0000000089500000)
 Metaspace       used 3687K, capacity 5144K, committed 5376K, reserved 1056768K
  class space    used 390K, capacity 456K, committed 512K, reserved 1048576K

Card table byte_map: [0x00007fbbdc013000,0x00007fbbdc3f3000] byte_map_base: 0x00007fbbdbbf2000

Marking Bits: (ParMarkBitMap*) 0x00007fbbf1c79120
 Begin Bits: [0x00007fbbd0210000, 0x00007fbbd2108000)
 End Bits:   [0x00007fbbd2108000, 0x00007fbbd4000000)

Polling page: 0x00007fbbf28c8000

CodeCache: size=245760Kb used=3751Kb max_used=3778Kb free=242008Kb
 bounds [0x00007fbbdc7b3000, 0x00007fbbdcb73000, 0x00007fbbeb7b3000]
 total_blobs=837 nmethods=590 adapters=161
 compilation: enabled

Compilation events (10 events):
Event: 20.735 Thread 0x00007fbbec0b9000  594       4       com.android.multidex.ArchivePathElement::open (69 bytes)
Event: 20.819 Thread 0x00007fbbec0b9000 nmethod 594 0x00007fbbdcb54a90 code [0x00007fbbdcb54da0, 0x00007fbbdcb57140]
Event: 20.819 Thread 0x00007fbbec0b9000  598   !   4       com.android.dx.cf.direct.StdAttributeFactory::parseLocalVariables (274 bytes)
Event: 20.897 Thread 0x00007fbbec0b9000 nmethod 598 0x00007fbbdcb59290 code [0x00007fbbdcb59520, 0x00007fbbdcb5aeb8]
Event: 20.897 Thread 0x00007fbbec0b9000  595       4       java.util.ArrayList::iterator (10 bytes)
Event: 20.898 Thread 0x00007fbbec0b9000 nmethod 595 0x00007fbbdcb2e550 code [0x00007fbbdcb2e6a0, 0x00007fbbdcb2e7a8]
Event: 20.961 Thread 0x00007fbbec0bc000 nmethod 591 0x00007fbbdcb63f10 code [0x00007fbbdcb643c0, 0x00007fbbdcb687d8]
Event: 21.103 Thread 0x00007fbbec0b9000  599       4       com.android.dx.cf.direct.DirectClassFile::parse0 (901 bytes)
Event: 21.130 Thread 0x00007fbbec0bc000  600       4       com.android.dx.rop.cst.StdConstantPool::<init> (38 bytes)
Event: 21.133 Thread 0x00007fbbec0bc000 nmethod 600 0x00007fbbdcb4b750 code [0x00007fbbdcb4b8a0, 0x00007fbbdcb4ba18]

GC Heap History (9 events):
Event: 18.449 GC heap before
{Heap before GC invocations=1 (full 0):
 PSYoungGen      total 36864K, used 31744K [0x00000000d6b80000, 0x00000000d9480000, 0x0000000100000000)
  eden space 31744K, 100% used [0x00000000d6b80000,0x00000000d8a80000,0x00000000d8a80000)
  from space 5120K, 0% used [0x00000000d8f80000,0x00000000d8f80000,0x00000000d9480000)
  to   space 5120K, 0% used [0x00000000d8a80000,0x00000000d8a80000,0x00000000d8f80000)
 ParOldGen       total 84992K, used 0K [0x0000000084200000, 0x0000000089500000, 0x00000000d6b80000)
  object space 84992K, 0% used [0x0000000084200000,0x0000000084200000,0x0000000089500000)
 Metaspace       used 3626K, capacity 5080K, committed 5376K, reserved 1056768K
  class space    used 386K, capacity 456K, committed 512K, reserved 1048576K
Event: 18.489 GC heap after
Heap after GC invocations=1 (full 0):
 PSYoungGen      total 36864K, used 4377K [0x00000000d6b80000, 0x00000000d9480000, 0x0000000100000000)
  eden space 31744K, 0% used [0x00000000d6b80000,0x00000000d6b80000,0x00000000d8a80000)
  from space 5120K, 85% used [0x00000000d8a80000,0x00000000d8ec65e0,0x00000000d8f80000)
  to   space 5120K, 0% used [0x00000000d8f80000,0x00000000d8f80000,0x00000000d9480000)
 ParOldGen       total 84992K, used 8K [0x0000000084200000, 0x0000000089500000, 0x00000000d6b80000)
  object space 84992K, 0% used [0x0000000084200000,0x0000000084202000,0x0000000089500000)
 Metaspace       used 3626K, capacity 5080K, committed 5376K, reserved 1056768K
  class space    used 386K, capacity 456K, committed 512K, reserved 1048576K
}
Event: 19.182 GC heap before
{Heap before GC invocations=2 (full 0):
 PSYoungGen      total 36864K, used 36121K [0x00000000d6b80000, 0x00000000d9480000, 0x0000000100000000)
  eden space 31744K, 100% used [0x00000000d6b80000,0x00000000d8a80000,0x00000000d8a80000)
  from space 5120K, 85% used [0x00000000d8a80000,0x00000000d8ec65e0,0x00000000d8f80000)
  to   space 5120K, 0% used [0x00000000d8f80000,0x00000000d8f80000,0x00000000d9480000)
 ParOldGen       total 84992K, used 8K [0x0000000084200000, 0x0000000089500000, 0x00000000d6b80000)
  object space 84992K, 0% used [0x0000000084200000,0x0000000084202000,0x0000000089500000)
 Metaspace       used 3683K, capacity 5144K, committed 5376K, reserved 1056768K
  class space    used 390K, capacity 456K, committed 512K, reserved 1048576K
Event: 19.225 GC heap after
Heap after GC invocations=2 (full 0):
 PSYoungGen      total 36864K, used 5110K [0x00000000d6b80000, 0x00000000db380000, 0x0000000100000000)
  eden space 31744K, 0% used [0x00000000d6b80000,0x00000000d6b80000,0x00000000d8a80000)
  from space 5120K, 99% used [0x00000000d8f80000,0x00000000d947d8c0,0x00000000d9480000)
  to   space 5120K, 0% used [0x00000000d8a80000,0x00000000d8a80000,0x00000000d8f80000)
 ParOldGen       total 84992K, used 1472K [0x0000000084200000, 0x0000000089500000, 0x00000000d6b80000)
  object space 84992K, 1% used [0x0000000084200000,0x0000000084370288,0x0000000089500000)
 Metaspace       used 3683K, capacity 5144K, committed 5376K, reserved 1056768K
  class space    used 390K, capacity 456K, committed 512K, reserved 1048576K
}
Event: 19.714 GC heap before
{Heap before GC invocations=3 (full 0):
 PSYoungGen      total 36864K, used 36854K [0x00000000d6b80000, 0x00000000db380000, 0x0000000100000000)
  eden space 31744K, 100% used [0x00000000d6b80000,0x00000000d8a80000,0x00000000d8a80000)
  from space 5120K, 99% used [0x00000000d8f80000,0x00000000d947d8c0,0x00000000d9480000)
  to   space 5120K, 0% used [0x00000000d8a80000,0x00000000d8a80000,0x00000000d8f80000)
 ParOldGen       total 84992K, used 1472K [0x0000000084200000, 0x0000000089500000, 0x00000000d6b80000)
  object space 84992K, 1% used [0x0000000084200000,0x0000000084370288,0x0000000089500000)
 Metaspace       used 3686K, capacity 5144K, committed 5376K, reserved 1056768K
  class space    used 390K, capacity 456K, committed 512K, reserved 1048576K
Event: 19.768 GC heap after
Heap after GC invocations=3 (full 0):
 PSYoungGen      total 36864K, used 5092K [0x00000000d6b80000, 0x00000000db380000, 0x0000000100000000)
  eden space 31744K, 0% used [0x00000000d6b80000,0x00000000d6b80000,0x00000000d8a80000)
  from space 5120K, 99% used [0x00000000d8a80000,0x00000000d8f79040,0x00000000d8f80000)
  to   space 5120K, 0% used [0x00000000dae80000,0x00000000dae80000,0x00000000db380000)
 ParOldGen       total 84992K, used 6126K [0x0000000084200000, 0x0000000089500000, 0x00000000d6b80000)
  object space 84992K, 7% used [0x0000000084200000,0x00000000847fb950,0x0000000089500000)
 Metaspace       used 3686K, capacity 5144K, committed 5376K, reserved 1056768K
  class space    used 390K, capacity 456K, committed 512K, reserved 1048576K
}
Event: 20.117 GC heap before
{Heap before GC invocations=4 (full 0):
 PSYoungGen      total 36864K, used 36836K [0x00000000d6b80000, 0x00000000db380000, 0x0000000100000000)
  eden space 31744K, 100% used [0x00000000d6b80000,0x00000000d8a80000,0x00000000d8a80000)
  from space 5120K, 99% used [0x00000000d8a80000,0x00000000d8f79040,0x00000000d8f80000)
  to   space 5120K, 0% used [0x00000000dae80000,0x00000000dae80000,0x00000000db380000)
 ParOldGen       total 84992K, used 6126K [0x0000000084200000, 0x0000000089500000, 0x00000000d6b80000)
  object space 84992K, 7% used [0x0000000084200000,0x00000000847fb950,0x0000000089500000)
 Metaspace       used 3687K, capacity 5144K, committed 5376K, reserved 1056768K
  class space    used 390K, capacity 456K, committed 512K, reserved 1048576K
Event: 20.146 GC heap after
Heap after GC invocations=4 (full 0):
 PSYoungGen      total 68608K, used 5104K [0x00000000d6b80000, 0x00000000db380000, 0x0000000100000000)
  eden space 63488K, 0% used [0x00000000d6b80000,0x00000000d6b80000,0x00000000da980000)
  from space 5120K, 99% used [0x00000000dae80000,0x00000000db37c050,0x00000000db380000)
  to   space 5120K, 0% used [0x00000000da980000,0x00000000da980000,0x00000000dae80000)
 ParOldGen       total 84992K, used 12294K [0x0000000084200000, 0x0000000089500000, 0x00000000d6b80000)
  object space 84992K, 14% used [0x0000000084200000,0x0000000084e019a8,0x0000000089500000)
 Metaspace       used 3687K, capacity 5144K, committed 5376K, reserved 1056768K
  class space    used 390K, capacity 456K, committed 512K, reserved 1048576K
}
Event: 21.172 GC heap before
{Heap before GC invocations=5 (full 0):
 PSYoungGen      total 68608K, used 68592K [0x00000000d6b80000, 0x00000000db380000, 0x0000000100000000)
  eden space 63488K, 100% used [0x00000000d6b80000,0x00000000da980000,0x00000000da980000)
  from space 5120K, 99% used [0x00000000dae80000,0x00000000db37c050,0x00000000db380000)
  to   space 5120K, 0% used [0x00000000da980000,0x00000000da980000,0x00000000dae80000)
 ParOldGen       total 84992K, used 12294K [0x0000000084200000, 0x0000000089500000, 0x00000000d6b80000)
  object space 84992K, 14% used [0x0000000084200000,0x0000000084e019a8,0x0000000089500000)
 Metaspace       used 3687K, capacity 5144K, committed 5376K, reserved 1056768K
  class space    used 390K, capacity 456K, committed 512K, reserved 1048576K

Deoptimization events (2 events):
Event: 17.657 Thread 0x00007fbbec00a000 Uncommon trap: reason=unloaded action=reinterpret pc=0x00007fbbdc9831a8 method=com.android.dx.cf.cst.ConstantPoolParser.parse0(ILjava/util/BitSet;)Lcom/android/dx/rop/cst/Constant; @ 198
Event: 19.563 Thread 0x00007fbbec00a000 Uncommon trap: reason=unloaded action=reinterpret pc=0x00007fbbdcaaded0 method=com.android.dx.cf.cst.ConstantPoolParser.parse0(ILjava/util/BitSet;)Lcom/android/dx/rop/cst/Constant; @ 176

Internal exceptions (2 events):
Event: 7.266 Thread 0x00007fbbec00a000 Exception <a 'java/lang/NoSuchMethodError': Method sun.misc.Unsafe.defineClass(Ljava/lang/String;[BII)Ljava/lang/Class; name or signature does not match> (0x00000000d6b87cc0) thrown at [/HUDSON3/workspace/8-2-build-linux-amd64/jdk8u101/7261/hotspot/src/sh
Event: 7.266 Thread 0x00007fbbec00a000 Exception <a 'java/lang/NoSuchMethodError': Method sun.misc.Unsafe.prefetchRead(Ljava/lang/Object;J)V name or signature does not match> (0x00000000d6b87fa8) thrown at [/HUDSON3/workspace/8-2-build-linux-amd64/jdk8u101/7261/hotspot/src/share/vm/prims/jni.c

Events (10 events):
Event: 19.563 Thread 0x00007fbbec00a000 Uncommon trap: trap_request=0x000000cd fr.pc=0x00007fbbdcaaded0
Event: 19.563 Thread 0x00007fbbec00a000 DEOPT PACKING pc=0x00007fbbdcaaded0 sp=0x00007fbbf28a4130
Event: 19.563 Thread 0x00007fbbec00a000 DEOPT UNPACKING pc=0x00007fbbdc7b8229 sp=0x00007fbbf28a4198 mode 2
Event: 19.569 Thread 0x00007fbbec00a000 DEOPT PACKING pc=0x00007fbbdc8ca412 sp=0x00007fbbf28a41b0
Event: 19.569 Thread 0x00007fbbec00a000 DEOPT UNPACKING pc=0x00007fbbdc7fa633 sp=0x00007fbbf28a4050 mode 0
Event: 19.714 Executing VM operation: ParallelGCFailedAllocation
Event: 19.768 Executing VM operation: ParallelGCFailedAllocation done
Event: 20.117 Executing VM operation: ParallelGCFailedAllocation
Event: 20.146 Executing VM operation: ParallelGCFailedAllocation done
Event: 21.172 Executing VM operation: ParallelGCFailedAllocation


Dynamic libraries:
00400000-00401000 r-xp 00000000 08:02 239483                             /usr/lib/jvm/java-8-oracle/bin/java
00600000-00601000 rw-p 00000000 08:02 239483                             /usr/lib/jvm/java-8-oracle/bin/java
0147f000-014a0000 rw-p 00000000 00:00 0                                  [heap]
84200000-89500000 rw-p 00000000 00:00 0 
89500000-d6b80000 ---p 00000000 00:00 0 
d6b80000-db380000 rw-p 00000000 00:00 0 
e0a80000-100000000 ---p 00000000 00:00 0 
100000000-100080000 rw-p 00000000 00:00 0 
100080000-140000000 ---p 00000000 00:00 0 
7fbb9c000000-7fbb9c021000 rw-p 00000000 00:00 0 
7fbb9c021000-7fbba0000000 ---p 00000000 00:00 0 
7fbba4000000-7fbba4b5d000 rw-p 00000000 00:00 0 
7fbba4b5d000-7fbba8000000 ---p 00000000 00:00 0 
7fbba8000000-7fbba8021000 rw-p 00000000 00:00 0 
7fbba8021000-7fbbac000000 ---p 00000000 00:00 0 
7fbbac000000-7fbbad882000 rw-p 00000000 00:00 0 
7fbbad882000-7fbbb0000000 ---p 00000000 00:00 0 
7fbbb0000000-7fbbb182d000 rw-p 00000000 00:00 0 
7fbbb182d000-7fbbb4000000 ---p 00000000 00:00 0 
7fbbb4000000-7fbbb4021000 rw-p 00000000 00:00 0 
7fbbb4021000-7fbbb8000000 ---p 00000000 00:00 0 
7fbbb8000000-7fbbb8021000 rw-p 00000000 00:00 0 
7fbbb8021000-7fbbbc000000 ---p 00000000 00:00 0 
7fbbbc000000-7fbbbc28d000 rw-p 00000000 00:00 0 
7fbbbc28d000-7fbbc0000000 ---p 00000000 00:00 0 
7fbbc0000000-7fbbc0021000 rw-p 00000000 00:00 0 
7fbbc0021000-7fbbc4000000 ---p 00000000 00:00 0 
7fbbc4000000-7fbbc4021000 rw-p 00000000 00:00 0 
7fbbc4021000-7fbbc8000000 ---p 00000000 00:00 0 
7fbbc8000000-7fbbc8021000 rw-p 00000000 00:00 0 
7fbbc8021000-7fbbcc000000 ---p 00000000 00:00 0 
7fbbcc000000-7fbbcc021000 rw-p 00000000 00:00 0 
7fbbcc021000-7fbbd0000000 ---p 00000000 00:00 0 
7fbbd0210000-7fbbd4000000 rw-p 00000000 00:00 0 
7fbbd4000000-7fbbd4021000 rw-p 00000000 00:00 0 
7fbbd4021000-7fbbd8000000 ---p 00000000 00:00 0 
7fbbd8bb1000-7fbbd8bd8000 rw-p 00000000 00:00 0 
7fbbd8bd8000-7fbbd8ccf000 r--s 009b8000 08:02 4726910                    /home/ankit/Desktop/Evento/app/build/intermediates/transforms/jarMerging/debug/jars/1/1f/combined.jar
7fbbd8ccf000-7fbbd8cd0000 ---p 00000000 00:00 0 
7fbbd8cd0000-7fbbd8dd0000 rw-p 00000000 00:00 0 
7fbbd8dd0000-7fbbd8dd3000 ---p 00000000 00:00 0 
7fbbd8dd3000-7fbbd8ed1000 rw-p 00000000 00:00 0 
7fbbd8ed1000-7fbbd8ed4000 ---p 00000000 00:00 0 
7fbbd8ed4000-7fbbd8fd2000 rw-p 00000000 00:00 0 
7fbbd8fd2000-7fbbd8fd5000 ---p 00000000 00:00 0 
7fbbd8fd5000-7fbbd90d3000 rw-p 00000000 00:00 0 
7fbbd90d3000-7fbbd90d6000 ---p 00000000 00:00 0 
7fbbd90d6000-7fbbd91d4000 rw-p 00000000 00:00 0 
7fbbd91d4000-7fbbd91d7000 ---p 00000000 00:00 0 
7fbbd91d7000-7fbbd92d5000 rw-p 00000000 00:00 0 
7fbbd92d5000-7fbbd99b7000 r--p 00000000 08:02 59247                      /usr/lib/locale/locale-archive
7fbbd99b7000-7fbbd99ba000 ---p 00000000 00:00 0 
7fbbd99ba000-7fbbd9ab8000 rw-p 00000000 00:00 0 
7fbbd9ab8000-7fbbd9abb000 ---p 00000000 00:00 0 
7fbbd9abb000-7fbbd9bb9000 rw-p 00000000 00:00 0 
7fbbd9bb9000-7fbbd9bba000 ---p 00000000 00:00 0 
7fbbd9bba000-7fbbdac4d000 rw-p 00000000 00:00 0 
7fbbdac4d000-7fbbdae26000 r--s 03d29000 08:02 239567                     /usr/lib/jvm/java-8-oracle/jre/lib/rt.jar
7fbbdae26000-7fbbdb35c000 rw-p 00000000 00:00 0 
7fbbdb35c000-7fbbdb69c000 ---p 00000000 00:00 0 
7fbbdb69c000-7fbbdba7b000 rw-p 00000000 00:00 0 
7fbbdba7b000-7fbbdba7c000 ---p 00000000 00:00 0 
7fbbdba7c000-7fbbdbb7c000 rw-p 00000000 00:00 0 
7fbbdbb7c000-7fbbdbb7d000 ---p 00000000 00:00 0 
7fbbdbb7d000-7fbbdbc7d000 rw-p 00000000 00:00 0 
7fbbdbc7d000-7fbbdbc7e000 ---p 00000000 00:00 0 
7fbbdbc7e000-7fbbdbda8000 rw-p 00000000 00:00 0 
7fbbdbda8000-7fbbdc013000 ---p 00000000 00:00 0 
7fbbdc013000-7fbbdc03d000 rw-p 00000000 00:00 0 
7fbbdc03d000-7fbbdc2a7000 ---p 00000000 00:00 0 
7fbbdc2a7000-7fbbdc2cc000 rw-p 00000000 00:00 0 
7fbbdc2cc000-7fbbdc3f2000 ---p 00000000 00:00 0 
7fbbdc3f2000-7fbbdc402000 rw-p 00000000 00:00 0 
7fbbdc402000-7fbbdc7b3000 ---p 00000000 00:00 0 
7fbbdc7b3000-7fbbdcb73000 rwxp 00000000 00:00 0 
7fbbdcb73000-7fbbeb7b3000 ---p 00000000 00:00 0 
7fbbeb7b3000-7fbbeb7cd000 r-xp 00000000 08:02 253986                     /usr/lib/jvm/java-8-oracle/jre/lib/amd64/libzip.so
7fbbeb7cd000-7fbbeb9cd000 ---p 0001a000 08:02 253986                     /usr/lib/jvm/java-8-oracle/jre/lib/amd64/libzip.so
7fbbeb9cd000-7fbbeb9ce000 rw-p 0001a000 08:02 253986                     /usr/lib/jvm/java-8-oracle/jre/lib/amd64/libzip.so
7fbbeb9ce000-7fbbeb9d8000 r-xp 00000000 08:02 2621662                    /lib/x86_64-linux-gnu/libnss_files-2.21.so
7fbbeb9d8000-7fbbebbd8000 ---p 0000a000 08:02 2621662                    /lib/x86_64-linux-gnu/libnss_files-2.21.so
7fbbebbd8000-7fbbebbd9000 r--p 0000a000 08:02 2621662                    /lib/x86_64-linux-gnu/libnss_files-2.21.so
7fbbebbd9000-7fbbebbda000 rw-p 0000b000 08:02 2621662                    /lib/x86_64-linux-gnu/libnss_files-2.21.so
7fbbebbda000-7fbbebbe5000 r-xp 00000000 08:02 2623427                    /lib/x86_64-linux-gnu/libnss_nis-2.21.so
7fbbebbe5000-7fbbebde4000 ---p 0000b000 08:02 2623427                    /lib/x86_64-linux-gnu/libnss_nis-2.21.so
7fbbebde4000-7fbbebde5000 r--p 0000a000 08:02 2623427                    /lib/x86_64-linux-gnu/libnss_nis-2.21.so
7fbbebde5000-7fbbebde6000 rw-p 0000b000 08:02 2623427                    /lib/x86_64-linux-gnu/libnss_nis-2.21.so
7fbbebde6000-7fbbebdfd000 r-xp 00000000 08:02 2623430                    /lib/x86_64-linux-gnu/libnsl-2.21.so
7fbbebdfd000-7fbbebffc000 ---p 00017000 08:02 2623430                    /lib/x86_64-linux-gnu/libnsl-2.21.so
7fbbebffc000-7fbbebffd000 r--p 00016000 08:02 2623430                    /lib/x86_64-linux-gnu/libnsl-2.21.so
7fbbebffd000-7fbbebffe000 rw-p 00017000 08:02 2623430                    /lib/x86_64-linux-gnu/libnsl-2.21.so
7fbbebffe000-7fbbec000000 rw-p 00000000 00:00 0 
7fbbec000000-7fbbec3ba000 rw-p 00000000 00:00 0 
7fbbec3ba000-7fbbf0000000 ---p 00000000 00:00 0 
7fbbf0014000-7fbbf0063000 rw-p 00000000 00:00 0 
7fbbf0063000-7fbbf0064000 ---p 00000000 00:00 0 
7fbbf0064000-7fbbf0164000 rw-p 00000000 00:00 0 
7fbbf0164000-7fbbf016c000 r-xp 00000000 08:02 2622662                    /lib/x86_64-linux-gnu/libnss_compat-2.21.so
7fbbf016c000-7fbbf036b000 ---p 00008000 08:02 2622662                    /lib/x86_64-linux-gnu/libnss_compat-2.21.so
7fbbf036b000-7fbbf036c000 r--p 00007000 08:02 2622662                    /lib/x86_64-linux-gnu/libnss_compat-2.21.so
7fbbf036c000-7fbbf036d000 rw-p 00008000 08:02 2622662                    /lib/x86_64-linux-gnu/libnss_compat-2.21.so
7fbbf036d000-7fbbf0397000 r-xp 00000000 08:02 254012                     /usr/lib/jvm/java-8-oracle/jre/lib/amd64/libjava.so
7fbbf0397000-7fbbf0597000 ---p 0002a000 08:02 254012                     /usr/lib/jvm/java-8-oracle/jre/lib/amd64/libjava.so
7fbbf0597000-7fbbf0599000 rw-p 0002a000 08:02 254012                     /usr/lib/jvm/java-8-oracle/jre/lib/amd64/libjava.so
7fbbf0599000-7fbbf05a6000 r-xp 00000000 08:02 253966                     /usr/lib/jvm/java-8-oracle/jre/lib/amd64/libverify.so
7fbbf05a6000-7fbbf07a6000 ---p 0000d000 08:02 253966                     /usr/lib/jvm/java-8-oracle/jre/lib/amd64/libverify.so
7fbbf07a6000-7fbbf07a8000 rw-p 0000d000 08:02 253966                     /usr/lib/jvm/java-8-oracle/jre/lib/amd64/libverify.so
7fbbf07a8000-7fbbf07af000 r-xp 00000000 08:02 2621663                    /lib/x86_64-linux-gnu/librt-2.21.so
7fbbf07af000-7fbbf09ae000 ---p 00007000 08:02 2621663                    /lib/x86_64-linux-gnu/librt-2.21.so
7fbbf09ae000-7fbbf09af000 r--p 00006000 08:02 2621663                    /lib/x86_64-linux-gnu/librt-2.21.so
7fbbf09af000-7fbbf09b0000 rw-p 00007000 08:02 2621663                    /lib/x86_64-linux-gnu/librt-2.21.so
7fbbf09b0000-7fbbf0ab7000 r-xp 00000000 08:02 2623271                    /lib/x86_64-linux-gnu/libm-2.21.so
7fbbf0ab7000-7fbbf0cb6000 ---p 00107000 08:02 2623271                    /lib/x86_64-linux-gnu/libm-2.21.so
7fbbf0cb6000-7fbbf0cb7000 r--p 00106000 08:02 2623271                    /lib/x86_64-linux-gnu/libm-2.21.so
7fbbf0cb7000-7fbbf0cb8000 rw-p 00107000 08:02 2623271                    /lib/x86_64-linux-gnu/libm-2.21.so
7fbbf0cb8000-7fbbf1983000 r-xp 00000000 08:02 254016                     /usr/lib/jvm/java-8-oracle/jre/lib/amd64/server/libjvm.so
7fbbf1983000-7fbbf1b82000 ---p 00ccb000 08:02 254016                     /usr/lib/jvm/java-8-oracle/jre/lib/amd64/server/libjvm.so
7fbbf1b82000-7fbbf1c5b000 rw-p 00cca000 08:02 254016                     /usr/lib/jvm/java-8-oracle/jre/lib/amd64/server/libjvm.so
7fbbf1c5b000-7fbbf1ca6000 rw-p 00000000 00:00 0 
7fbbf1ca6000-7fbbf1e66000 r-xp 00000000 08:02 2623433                    /lib/x86_64-linux-gnu/libc-2.21.so
7fbbf1e66000-7fbbf2066000 ---p 001c0000 08:02 2623433                    /lib/x86_64-linux-gnu/libc-2.21.so
7fbbf2066000-7fbbf206a000 r--p 001c0000 08:02 2623433                    /lib/x86_64-linux-gnu/libc-2.21.so
7fbbf206a000-7fbbf206c000 rw-p 001c4000 08:02 2623433                    /lib/x86_64-linux-gnu/libc-2.21.so
7fbbf206c000-7fbbf2070000 rw-p 00000000 00:00 0 
7fbbf2070000-7fbbf2073000 r-xp 00000000 08:02 2623420                    /lib/x86_64-linux-gnu/libdl-2.21.so
7fbbf2073000-7fbbf2272000 ---p 00003000 08:02 2623420                    /lib/x86_64-linux-gnu/libdl-2.21.so
7fbbf2272000-7fbbf2273000 r--p 00002000 08:02 2623420                    /lib/x86_64-linux-gnu/libdl-2.21.so
7fbbf2273000-7fbbf2274000 rw-p 00003000 08:02 2623420                    /lib/x86_64-linux-gnu/libdl-2.21.so
7fbbf2274000-7fbbf2289000 r-xp 00000000 08:02 223773                     /usr/lib/jvm/java-8-oracle/lib/amd64/jli/libjli.so
7fbbf2289000-7fbbf2489000 ---p 00015000 08:02 223773                     /usr/lib/jvm/java-8-oracle/lib/amd64/jli/libjli.so
7fbbf2489000-7fbbf248a000 rw-p 00015000 08:02 223773                     /usr/lib/jvm/java-8-oracle/lib/amd64/jli/libjli.so
7fbbf248a000-7fbbf24a2000 r-xp 00000000 08:02 2623413                    /lib/x86_64-linux-gnu/libpthread-2.21.so
7fbbf24a2000-7fbbf26a2000 ---p 00018000 08:02 2623413                    /lib/x86_64-linux-gnu/libpthread-2.21.so
7fbbf26a2000-7fbbf26a3000 r--p 00018000 08:02 2623413                    /lib/x86_64-linux-gnu/libpthread-2.21.so
7fbbf26a3000-7fbbf26a4000 rw-p 00019000 08:02 2623413                    /lib/x86_64-linux-gnu/libpthread-2.21.so
7fbbf26a4000-7fbbf26a8000 rw-p 00000000 00:00 0 
7fbbf26a8000-7fbbf26cc000 r-xp 00000000 08:02 2623431                    /lib/x86_64-linux-gnu/ld-2.21.so
7fbbf26d3000-7fbbf26da000 r--s 00020000 08:02 4728953                    /home/ankit/Desktop/Evento/app/build/intermediates/multi-dex/debug/componentClasses.jar
7fbbf26da000-7fbbf27a5000 rw-p 00000000 00:00 0 
7fbbf27a5000-7fbbf27a8000 ---p 00000000 00:00 0 
7fbbf27a8000-7fbbf28aa000 rw-p 00000000 00:00 0 
7fbbf28af000-7fbbf28b0000 rw-p 00000000 00:00 0 
7fbbf28b0000-7fbbf28bf000 r--s 000df000 08:02 3712561                    /home/ankit/Documents/android-sdk-linux/build-tools/23.0.2/lib/dx.jar
7fbbf28bf000-7fbbf28c7000 rw-s 00000000 08:02 5030199                    /tmp/hsperfdata_ankit/12046
7fbbf28c7000-7fbbf28c8000 rw-p 00000000 00:00 0 
7fbbf28c8000-7fbbf28c9000 ---p 00000000 00:00 0 
7fbbf28c9000-7fbbf28cb000 rw-p 00000000 00:00 0 
7fbbf28cb000-7fbbf28cc000 r--p 00023000 08:02 2623431                    /lib/x86_64-linux-gnu/ld-2.21.so
7fbbf28cc000-7fbbf28cd000 rw-p 00024000 08:02 2623431                    /lib/x86_64-linux-gnu/ld-2.21.so
7fbbf28cd000-7fbbf28ce000 rw-p 00000000 00:00 0 
7ffcb196d000-7ffcb198e000 rw-p 00000000 00:00 0                          [stack]
7ffcb19e2000-7ffcb19e4000 r--p 00000000 00:00 0                          [vvar]
7ffcb19e4000-7ffcb19e6000 r-xp 00000000 00:00 0                          [vdso]
ffffffffff600000-ffffffffff601000 r-xp 00000000 00:00 0                  [vsyscall]

VM Arguments:
jvm_args: -Djava.awt.headless=true -Dfile.encoding=UTF-8 -Duser.country=IN -Duser.language=en -Duser.variant 
java_command: com.android.multidex.ClassReferenceListBuilder /home/ankit/Desktop/Evento/app/build/intermediates/multi-dex/debug/componentClasses.jar /home/ankit/Desktop/Evento/app/build/intermediates/transforms/jarMerging/debug/jars/1/1f/combined.jar
java_class_path (initial): /home/ankit/Documents/android-sdk-linux/build-tools/23.0.2/lib/dx.jar
Launcher Type: SUN_STANDARD

Environment Variables:
PATH=/usr/local/sbin:/usr/local/bin:/usr/sbin:/usr/bin:/sbin:/bin:/usr/games:/usr/local/games
LD_LIBRARY_PATH=Downloads/android-studio/bin:
SHELL=/bin/bash
DISPLAY=:0

Signal Handlers:
SIGSEGV: [libjvm.so+0xac4790], sa_mask[0]=11111111011111111101111111111110, sa_flags=SA_RESTART|SA_SIGINFO
SIGBUS: [libjvm.so+0xac4790], sa_mask[0]=11111111011111111101111111111110, sa_flags=SA_RESTART|SA_SIGINFO
SIGFPE: [libjvm.so+0x91f140], sa_mask[0]=11111111011111111101111111111110, sa_flags=SA_RESTART|SA_SIGINFO
SIGPIPE: [libjvm.so+0x91f140], sa_mask[0]=11111111011111111101111111111110, sa_flags=SA_RESTART|SA_SIGINFO
SIGXFSZ: [libjvm.so+0x91f140], sa_mask[0]=11111111011111111101111111111110, sa_flags=SA_RESTART|SA_SIGINFO
SIGILL: [libjvm.so+0x91f140], sa_mask[0]=11111111011111111101111111111110, sa_flags=SA_RESTART|SA_SIGINFO
SIGUSR1: SIG_DFL, sa_mask[0]=00000000000000000000000000000000, sa_flags=none
SIGUSR2: [libjvm.so+0x920770], sa_mask[0]=00100000000000000000000000000000, sa_flags=SA_RESTART|SA_SIGINFO
SIGHUP: [libjvm.so+0x921b70], sa_mask[0]=11111111011111111101111111111110, sa_flags=SA_RESTART|SA_SIGINFO
SIGINT: [libjvm.so+0x921b70], sa_mask[0]=11111111011111111101111111111110, sa_flags=SA_RESTART|SA_SIGINFO
SIGTERM: [libjvm.so+0x921b70], sa_mask[0]=11111111011111111101111111111110, sa_flags=SA_RESTART|SA_SIGINFO
SIGQUIT: [libjvm.so+0x921b70], sa_mask[0]=11111111011111111101111111111110, sa_flags=SA_RESTART|SA_SIGINFO


---------------  S Y S T E M  ---------------

OS:DISTRIB_ID=Ubuntu
DISTRIB_RELEASE=15.10
DISTRIB_CODENAME=wily
DISTRIB_DESCRIPTION="Ubuntu 15.10"

uname:Linux 4.2.0-42-generic #49-Ubuntu SMP Tue Jun 28 21:26:26 UTC 2016 x86_64
libc:glibc 2.21 NPTL 2.21 
rlimit: STACK 8192k, CORE 0k, NPROC 31537, NOFILE 65536, AS infinity
load average:6.61 2.77 2.06

/proc/meminfo:
MemTotal:        8110256 kB
MemFree:          145532 kB
MemAvailable:     102616 kB
Buffers:             664 kB
Cached:           675932 kB
SwapCached:            0 kB
Active:          7070240 kB
Inactive:         626908 kB
Active(anon):    7053880 kB
Inactive(anon):   609920 kB
Active(file):      16360 kB
Inactive(file):    16988 kB
Unevictable:         112 kB
Mlocked:             112 kB
SwapTotal:             0 kB
SwapFree:              0 kB
Dirty:               300 kB
Writeback:             0 kB
AnonPages:       7020708 kB
Mapped:           371224 kB
Shmem:            643216 kB
Slab:             103832 kB
SReclaimable:      49756 kB
SUnreclaim:        54076 kB
KernelStack:       15136 kB
PageTables:        89464 kB
NFS_Unstable:          0 kB
Bounce:                0 kB
WritebackTmp:          0 kB
CommitLimit:     4055128 kB
Committed_AS:   16583916 kB
VmallocTotal:   34359738367 kB
VmallocUsed:      552064 kB
VmallocChunk:   34358423548 kB
HardwareCorrupted:     0 kB
AnonHugePages:   1925120 kB
CmaTotal:              0 kB
CmaFree:               0 kB
HugePages_Total:       0
HugePages_Free:        0
HugePages_Rsvd:        0
HugePages_Surp:        0
Hugepagesize:       2048 kB
DirectMap4k:      248512 kB
DirectMap2M:     7026688 kB
DirectMap1G:     2097152 kB


CPU:total 4 (2 cores per cpu, 2 threads per core) family 6 model 69 stepping 1, cmov, cx8, fxsr, mmx, sse, sse2, sse3, ssse3, sse4.1, sse4.2, popcnt, avx, avx2, aes, clmul, erms, lzcnt, ht, tsc, tscinvbit, bmi1, bmi2

/proc/cpuinfo:
processor	: 0
vendor_id	: GenuineIntel
cpu family	: 6
model		: 69
model name	: Intel(R) Core(TM) i3-4005U CPU @ 1.70GHz
stepping	: 1
microcode	: 0x1c
cpu MHz		: 1666.332
cache size	: 3072 KB
physical id	: 0
siblings	: 4
core id		: 0
cpu cores	: 2
apicid		: 0
initial apicid	: 0
fpu		: yes
fpu_exception	: yes
cpuid level	: 13
wp		: yes
flags		: fpu vme de pse tsc msr pae mce cx8 apic sep mtrr pge mca cmov pat pse36 clflush dts acpi mmx fxsr sse sse2 ss ht tm pbe syscall nx pdpe1gb rdtscp lm constant_tsc arch_perfmon pebs bts rep_good nopl xtopology nonstop_tsc aperfmperf eagerfpu pni pclmulqdq dtes64 monitor ds_cpl vmx est tm2 ssse3 fma cx16 xtpr pdcm pcid sse4_1 sse4_2 movbe popcnt tsc_deadline_timer aes xsave avx f16c rdrand lahf_lm abm ida arat epb pln pts dtherm tpr_shadow vnmi flexpriority ept vpid fsgsbase tsc_adjust bmi1 avx2 smep bmi2 erms invpcid xsaveopt
bugs		:
bogomips	: 3392.21
clflush size	: 64
cache_alignment	: 64
address sizes	: 39 bits physical, 48 bits virtual
power management:

processor	: 1
vendor_id	: GenuineIntel
cpu family	: 6
model		: 69
model name	: Intel(R) Core(TM) i3-4005U CPU @ 1.70GHz
stepping	: 1
microcode	: 0x1c
cpu MHz		: 1677.753
cache size	: 3072 KB
physical id	: 0
siblings	: 4
core id		: 0
cpu cores	: 2
apicid		: 1
initial apicid	: 1
fpu		: yes
fpu_exception	: yes
cpuid level	: 13
wp		: yes
flags		: fpu vme de pse tsc msr pae mce cx8 apic sep mtrr pge mca cmov pat pse36 clflush dts acpi mmx fxsr sse sse2 ss ht tm pbe syscall nx pdpe1gb rdtscp lm constant_tsc arch_perfmon pebs bts rep_good nopl xtopology nonstop_tsc aperfmperf eagerfpu pni pclmulqdq dtes64 monitor ds_cpl vmx est tm2 ssse3 fma cx16 xtpr pdcm pcid sse4_1 sse4_2 movbe popcnt tsc_deadline_timer aes xsave avx f16c rdrand lahf_lm abm ida arat epb pln pts dtherm tpr_shadow vnmi flexpriority ept vpid fsgsbase tsc_adjust bmi1 avx2 smep bmi2 erms invpcid xsaveopt
bugs		:
bogomips	: 3392.21
clflush size	: 64
cache_alignment	: 64
address sizes	: 39 bits physical, 48 bits virtual
power management:

processor	: 2
vendor_id	: GenuineIntel
cpu family	: 6
model		: 69
model name	: Intel(R) Core(TM) i3-4005U CPU @ 1.70GHz
stepping	: 1
microcode	: 0x1c
cpu MHz		: 1695.617
cache size	: 3072 KB
physical id	: 0
siblings	: 4
core id		: 1
cpu cores	: 2
apicid		: 2
initial apicid	: 2
fpu		: yes
fpu_exception	: yes
cpuid level	: 13
wp		: yes
flags		: fpu vme de pse tsc msr pae mce cx8 apic sep mtrr pge mca cmov pat pse36 clflush dts acpi mmx fxsr sse sse2 ss ht tm pbe syscall nx pdpe1gb rdtscp lm constant_tsc arch_perfmon pebs bts rep_good nopl xtopology nonstop_tsc aperfmperf eagerfpu pni pclmulqdq dtes64 monitor ds_cpl vmx est tm2 ssse3 fma cx16 xtpr pdcm pcid sse4_1 sse4_2 movbe popcnt tsc_deadline_timer aes xsave avx f16c rdrand lahf_lm abm ida arat epb pln pts dtherm tpr_shadow vnmi flexpriority ept vpid fsgsbase tsc_adjust bmi1 avx2 smep bmi2 erms invpcid xsaveopt
bugs		:
bogomips	: 3392.21
clflush size	: 64
cache_alignment	: 64
address sizes	: 39 bits physical, 48 bits virtual
power management:

processor	: 3
vendor_id	: GenuineIntel
cpu family	: 6
model		: 69
model name	: Intel(R) Core(TM) i3-4005U CPU @ 1.70GHz
stepping	: 1
microcode	: 0x1c
cpu MHz		: 1700.132
cache size	: 3072 KB
physical id	: 0
siblings	: 4
core id		: 1
cpu cores	: 2
apicid		: 3
initial apicid	: 3
fpu		: yes
fpu_exception	: yes
cpuid level	: 13
wp		: yes
flags		: fpu vme de pse tsc msr pae mce cx8 apic sep mtrr pge mca cmov pat pse36 clflush dts acpi mmx fxsr sse sse2 ss ht tm pbe syscall nx pdpe1gb rdtscp lm constant_tsc arch_perfmon pebs bts rep_good nopl xtopology nonstop_tsc aperfmperf eagerfpu pni pclmulqdq dtes64 monitor ds_cpl vmx est tm2 ssse3 fma cx16 xtpr pdcm pcid sse4_1 sse4_2 movbe popcnt tsc_deadline_timer aes xsave avx f16c rdrand lahf_lm abm ida arat epb pln pts dtherm tpr_shadow vnmi flexpriority ept vpid fsgsbase tsc_adjust bmi1 avx2 smep bmi2 erms invpcid xsaveopt
bugs		:
bogomips	: 3392.21
clflush size	: 64
cache_alignment	: 64
address sizes	: 39 bits physical, 48 bits virtual
power management:



Memory: 4k page, physical 8110256k(144292k free), swap 0k(0k free)

vm_info: Java HotSpot(TM) 64-Bit Server VM (25.101-b13) for linux-amd64 JRE (1.8.0_101-b13), built on Jun 22 2016 02:59:44 by "java_re" with gcc 4.3.0 20080428 (Red Hat 4.3.0-8)

time: Thu Dec 15 12:37:56 2016
elapsed time: 34 seconds (0d 0h 0m 34s)

