#
# There is insufficient memory for the Java Runtime Environment to continue.
# Native memory allocation (mmap) failed to map 182452224 bytes for committing reserved memory.
# Possible reasons:
#   The system is out of physical RAM or swap space
#   In 32 bit mode, the process size limit was hit
# Possible solutions:
#   Reduce memory load on the system
#   Increase physical memory or swap space
#   Check if swap backing store is full
#   Use 64 bit Java on a 64 bit OS
#   Decrease Java heap size (-Xmx/-Xms)
#   Decrease number of Java threads
#   Decrease Java thread stack sizes (-Xss)
#   Set larger code cache with -XX:ReservedCodeCacheSize=
# This output file may be truncated or incomplete.
#
#  Out of Memory Error (os_linux.cpp:2627), pid=21652, tid=0x00007f80ba8f0700
#
# JRE version: Java(TM) SE Runtime Environment (8.0_101-b13) (build 1.8.0_101-b13)
# Java VM: Java HotSpot(TM) 64-Bit Server VM (25.101-b13 mixed mode linux-amd64 compressed oops)
# Failed to write core dump. Core dumps have been disabled. To enable core dumping, try "ulimit -c unlimited" before starting Java again
#

---------------  T H R E A D  ---------------

Current thread (0x00007f80e0078000):  VMThread [stack: 0x00007f80ba7f0000,0x00007f80ba8f1000] [id=21662]

Stack: [0x00007f80ba7f0000,0x00007f80ba8f1000],  sp=0x00007f80ba8ef320,  free space=1020k
Native frames: (J=compiled Java code, j=interpreted, Vv=VM code, C=native code)
V  [libjvm.so+0xac3f0a]  VMError::report_and_die()+0x2ba
V  [libjvm.so+0x4fbf9b]  report_vm_out_of_memory(char const*, int, unsigned long, VMErrorType, char const*)+0x8b
V  [libjvm.so+0x9222d3]  os::Linux::commit_memory_impl(char*, unsigned long, bool)+0x103
V  [libjvm.so+0x922829]  os::pd_commit_memory(char*, unsigned long, unsigned long, bool)+0x29
V  [libjvm.so+0x91cb2a]  os::commit_memory(char*, unsigned long, unsigned long, bool)+0x2a
V  [libjvm.so+0x991053]  PSVirtualSpace::expand_by(unsigned long)+0x53
V  [libjvm.so+0x992458]  PSYoungGen::resize_generation(unsigned long, unsigned long)+0xf8
V  [libjvm.so+0x9915b2]  PSYoungGen::resize(unsigned long, unsigned long)+0x22
V  [libjvm.so+0x98e88b]  PSScavenge::invoke_no_policy()+0xf3b
V  [libjvm.so+0x98f011]  PSScavenge::invoke()+0x41
V  [libjvm.so+0x945fc0]  ParallelScavengeHeap::failed_mem_allocate(unsigned long)+0x70
V  [libjvm.so+0xac5927]  VM_ParallelGCFailedAllocation::doit()+0x97
V  [libjvm.so+0xacd405]  VM_Operation::evaluate()+0x55
V  [libjvm.so+0xacb7da]  VMThread::evaluate_operation(VM_Operation*)+0xba
V  [libjvm.so+0xacbb5e]  VMThread::loop()+0x1ce
V  [libjvm.so+0xacbfd0]  VMThread::run()+0x70
V  [libjvm.so+0x924698]  java_start(Thread*)+0x108

VM_Operation (0x00007f80e7358070): ParallelGCFailedAllocation, mode: safepoint, requested by thread 0x00007f80e000a000


---------------  P R O C E S S  ---------------

Java Threads: ( => current thread )
  0x00007f80e00c1000 JavaThread "Service Thread" daemon [_thread_blocked, id=21669, stack(0x00007f80b9a07000,0x00007f80b9b08000)]
  0x00007f80e00bd800 JavaThread "C1 CompilerThread2" daemon [_thread_blocked, id=21668, stack(0x00007f80b9b08000,0x00007f80b9c09000)]
  0x00007f80e00bc000 JavaThread "C2 CompilerThread1" daemon [_thread_blocked, id=21667, stack(0x00007f80b9c09000,0x00007f80b9d0a000)]
  0x00007f80e00b9000 JavaThread "C2 CompilerThread0" daemon [_thread_blocked, id=21666, stack(0x00007f80b9d0a000,0x00007f80b9e0b000)]
  0x00007f80e00b7800 JavaThread "Signal Dispatcher" daemon [_thread_blocked, id=21665, stack(0x00007f80b9e0b000,0x00007f80b9f0c000)]
  0x00007f80e0084800 JavaThread "Finalizer" daemon [_thread_blocked, id=21664, stack(0x00007f80ba5ee000,0x00007f80ba6ef000)]
  0x00007f80e0080000 JavaThread "Reference Handler" daemon [_thread_blocked, id=21663, stack(0x00007f80ba6ef000,0x00007f80ba7f0000)]
  0x00007f80e000a000 JavaThread "main" [_thread_blocked, id=21657, stack(0x00007f80e7259000,0x00007f80e735a000)]

Other Threads:
=>0x00007f80e0078000 VMThread [stack: 0x00007f80ba7f0000,0x00007f80ba8f1000] [id=21662]
  0x00007f80e00c4000 WatcherThread [stack: 0x00007f80b9906000,0x00007f80b9a07000] [id=21670]

VM state:at safepoint (normal execution)

VM Mutex/Monitor currently owned by a thread:  ([mutex/lock_event])
[0x00007f80e0006400] Threads_lock - owner thread: 0x00007f80e0078000
[0x00007f80e0006900] Heap_lock - owner thread: 0x00007f80e000a000

Heap:
 PSYoungGen      total 132096K, used 5109K [0x00000000d6b80000, 0x00000000df180000, 0x0000000100000000)
  eden space 126976K, 0% used [0x00000000d6b80000,0x00000000d6b80000,0x00000000de780000)
  from space 5120K, 99% used [0x00000000de780000,0x00000000dec7d6b0,0x00000000dec80000)
  to   space 5120K, 0% used [0x00000000dec80000,0x00000000dec80000,0x00000000df180000)
 ParOldGen       total 84992K, used 45498K [0x0000000084200000, 0x0000000089500000, 0x00000000d6b80000)
  object space 84992K, 53% used [0x0000000084200000,0x0000000086e6eb58,0x0000000089500000)
 Metaspace       used 3684K, capacity 5144K, committed 5376K, reserved 1056768K
  class space    used 390K, capacity 456K, committed 512K, reserved 1048576K

Card table byte_map: [0x00007f80d0c20000,0x00007f80d1000000] byte_map_base: 0x00007f80d07ff000

Marking Bits: (ParMarkBitMap*) 0x00007f80e672d120
 Begin Bits: [0x00007f80c0210000, 0x00007f80c2108000)
 End Bits:   [0x00007f80c2108000, 0x00007f80c4000000)

Polling page: 0x00007f80e737c000

CodeCache: size=245760Kb used=3691Kb max_used=3727Kb free=242068Kb
 bounds [0x00007f80d1000000, 0x00007f80d13b0000, 0x00007f80e0000000]
 total_blobs=862 nmethods=615 adapters=161
 compilation: enabled

Compilation events (10 events):
Event: 3.608 Thread 0x00007f80e00b9000 nmethod 623 0x00007f80d136c2d0 code [0x00007f80d136c420, 0x00007f80d136c498]
Event: 3.641 Thread 0x00007f80e00b9000  624       4       com.android.dx.cf.direct.StdAttributeFactory::signature (94 bytes)
Event: 3.648 Thread 0x00007f80e00b9000 nmethod 624 0x00007f80d136cf90 code [0x00007f80d136d140, 0x00007f80d136d648]
Event: 3.740 Thread 0x00007f80e00bc000 nmethod 600 0x00007f80d13999d0 code [0x00007f80d139a3c0, 0x00007f80d13a1388]
Event: 3.742 Thread 0x00007f80e00b9000  625       4       com.android.dx.cf.attrib.AttExceptions::byteLength (15 bytes)
Event: 3.742 Thread 0x00007f80e00b9000 nmethod 625 0x00007f80d1376790 code [0x00007f80d13768e0, 0x00007f80d1376978]
Event: 3.863 Thread 0x00007f80e00bc000  626       4       com.android.dx.rop.cst.StdConstantPool::get0Ok (12 bytes)
Event: 3.865 Thread 0x00007f80e00bc000 nmethod 626 0x00007f80d1376490 code [0x00007f80d13765e0, 0x00007f80d1376698]
Event: 3.874 Thread 0x00007f80e00b9000  627       4       java.util.HashMap::resize (359 bytes)
Event: 3.888 Thread 0x00007f80e00b9000 nmethod 627 0x00007f80d1353fd0 code [0x00007f80d1354160, 0x00007f80d1354698]

GC Heap History (9 events):
Event: 1.097 GC heap before
{Heap before GC invocations=1 (full 0):
 PSYoungGen      total 36864K, used 31744K [0x00000000d6b80000, 0x00000000d9480000, 0x0000000100000000)
  eden space 31744K, 100% used [0x00000000d6b80000,0x00000000d8a80000,0x00000000d8a80000)
  from space 5120K, 0% used [0x00000000d8f80000,0x00000000d8f80000,0x00000000d9480000)
  to   space 5120K, 0% used [0x00000000d8a80000,0x00000000d8a80000,0x00000000d8f80000)
 ParOldGen       total 84992K, used 0K [0x0000000084200000, 0x0000000089500000, 0x00000000d6b80000)
  object space 84992K, 0% used [0x0000000084200000,0x0000000084200000,0x0000000089500000)
 Metaspace       used 3621K, capacity 5080K, committed 5376K, reserved 1056768K
  class space    used 386K, capacity 456K, committed 512K, reserved 1048576K
Event: 1.156 GC heap after
Heap after GC invocations=1 (full 0):
 PSYoungGen      total 36864K, used 4375K [0x00000000d6b80000, 0x00000000db380000, 0x0000000100000000)
  eden space 31744K, 0% used [0x00000000d6b80000,0x00000000d6b80000,0x00000000d8a80000)
  from space 5120K, 85% used [0x00000000d8a80000,0x00000000d8ec5e30,0x00000000d8f80000)
  to   space 5120K, 0% used [0x00000000dae80000,0x00000000dae80000,0x00000000db380000)
 ParOldGen       total 84992K, used 8K [0x0000000084200000, 0x0000000089500000, 0x00000000d6b80000)
  object space 84992K, 0% used [0x0000000084200000,0x0000000084202000,0x0000000089500000)
 Metaspace       used 3621K, capacity 5080K, committed 5376K, reserved 1056768K
  class space    used 386K, capacity 456K, committed 512K, reserved 1048576K
}
Event: 1.469 GC heap before
{Heap before GC invocations=2 (full 0):
 PSYoungGen      total 36864K, used 36119K [0x00000000d6b80000, 0x00000000db380000, 0x0000000100000000)
  eden space 31744K, 100% used [0x00000000d6b80000,0x00000000d8a80000,0x00000000d8a80000)
  from space 5120K, 85% used [0x00000000d8a80000,0x00000000d8ec5e30,0x00000000d8f80000)
  to   space 5120K, 0% used [0x00000000dae80000,0x00000000dae80000,0x00000000db380000)
 ParOldGen       total 84992K, used 8K [0x0000000084200000, 0x0000000089500000, 0x00000000d6b80000)
  object space 84992K, 0% used [0x0000000084200000,0x0000000084202000,0x0000000089500000)
 Metaspace       used 3667K, capacity 5144K, committed 5376K, reserved 1056768K
  class space    used 390K, capacity 456K, committed 512K, reserved 1048576K
Event: 1.489 GC heap after
Heap after GC invocations=2 (full 0):
 PSYoungGen      total 68608K, used 5111K [0x00000000d6b80000, 0x00000000db380000, 0x0000000100000000)
  eden space 63488K, 0% used [0x00000000d6b80000,0x00000000d6b80000,0x00000000da980000)
  from space 5120K, 99% used [0x00000000dae80000,0x00000000db37df88,0x00000000db380000)
  to   space 5120K, 0% used [0x00000000da980000,0x00000000da980000,0x00000000dae80000)
 ParOldGen       total 84992K, used 1396K [0x0000000084200000, 0x0000000089500000, 0x00000000d6b80000)
  object space 84992K, 1% used [0x0000000084200000,0x000000008435d130,0x0000000089500000)
 Metaspace       used 3667K, capacity 5144K, committed 5376K, reserved 1056768K
  class space    used 390K, capacity 456K, committed 512K, reserved 1048576K
}
Event: 2.173 GC heap before
{Heap before GC invocations=3 (full 0):
 PSYoungGen      total 68608K, used 68599K [0x00000000d6b80000, 0x00000000db380000, 0x0000000100000000)
  eden space 63488K, 100% used [0x00000000d6b80000,0x00000000da980000,0x00000000da980000)
  from space 5120K, 99% used [0x00000000dae80000,0x00000000db37df88,0x00000000db380000)
  to   space 5120K, 0% used [0x00000000da980000,0x00000000da980000,0x00000000dae80000)
 ParOldGen       total 84992K, used 1396K [0x0000000084200000, 0x0000000089500000, 0x00000000d6b80000)
  object space 84992K, 1% used [0x0000000084200000,0x000000008435d130,0x0000000089500000)
 Metaspace       used 3680K, capacity 5144K, committed 5376K, reserved 1056768K
  class space    used 390K, capacity 456K, committed 512K, reserved 1048576K
Event: 2.526 GC heap after
Heap after GC invocations=3 (full 0):
 PSYoungGen      total 68608K, used 5104K [0x00000000d6b80000, 0x00000000df180000, 0x0000000100000000)
  eden space 63488K, 0% used [0x00000000d6b80000,0x00000000d6b80000,0x00000000da980000)
  from space 5120K, 99% used [0x00000000da980000,0x00000000dae7c030,0x00000000dae80000)
  to   space 5120K, 0% used [0x00000000dec80000,0x00000000dec80000,0x00000000df180000)
 ParOldGen       total 84992K, used 11431K [0x0000000084200000, 0x0000000089500000, 0x00000000d6b80000)
  object space 84992K, 13% used [0x0000000084200000,0x0000000084d29dc0,0x0000000089500000)
 Metaspace       used 3680K, capacity 5144K, committed 5376K, reserved 1056768K
  class space    used 390K, capacity 456K, committed 512K, reserved 1048576K
}
Event: 2.993 GC heap before
{Heap before GC invocations=4 (full 0):
 PSYoungGen      total 68608K, used 68592K [0x00000000d6b80000, 0x00000000df180000, 0x0000000100000000)
  eden space 63488K, 100% used [0x00000000d6b80000,0x00000000da980000,0x00000000da980000)
  from space 5120K, 99% used [0x00000000da980000,0x00000000dae7c030,0x00000000dae80000)
  to   space 5120K, 0% used [0x00000000dec80000,0x00000000dec80000,0x00000000df180000)
 ParOldGen       total 84992K, used 11431K [0x0000000084200000, 0x0000000089500000, 0x00000000d6b80000)
  object space 84992K, 13% used [0x0000000084200000,0x0000000084d29dc0,0x0000000089500000)
 Metaspace       used 3681K, capacity 5144K, committed 5376K, reserved 1056768K
  class space    used 390K, capacity 456K, committed 512K, reserved 1048576K
Event: 3.089 GC heap after
Heap after GC invocations=4 (full 0):
 PSYoungGen      total 132096K, used 5104K [0x00000000d6b80000, 0x00000000df180000, 0x0000000100000000)
  eden space 126976K, 0% used [0x00000000d6b80000,0x00000000d6b80000,0x00000000de780000)
  from space 5120K, 99% used [0x00000000dec80000,0x00000000df17c030,0x00000000df180000)
  to   space 5120K, 0% used [0x00000000de780000,0x00000000de780000,0x00000000dec80000)
 ParOldGen       total 84992K, used 22605K [0x0000000084200000, 0x0000000089500000, 0x00000000d6b80000)
  object space 84992K, 26% used [0x0000000084200000,0x0000000085813778,0x0000000089500000)
 Metaspace       used 3681K, capacity 5144K, committed 5376K, reserved 1056768K
  class space    used 390K, capacity 456K, committed 512K, reserved 1048576K
}
Event: 3.942 GC heap before
{Heap before GC invocations=5 (full 0):
 PSYoungGen      total 132096K, used 132080K [0x00000000d6b80000, 0x00000000df180000, 0x0000000100000000)
  eden space 126976K, 100% used [0x00000000d6b80000,0x00000000de780000,0x00000000de780000)
  from space 5120K, 99% used [0x00000000dec80000,0x00000000df17c030,0x00000000df180000)
  to   space 5120K, 0% used [0x00000000de780000,0x00000000de780000,0x00000000dec80000)
 ParOldGen       total 84992K, used 22605K [0x0000000084200000, 0x0000000089500000, 0x00000000d6b80000)
  object space 84992K, 26% used [0x0000000084200000,0x0000000085813778,0x0000000089500000)
 Metaspace       used 3684K, capacity 5144K, committed 5376K, reserved 1056768K
  class space    used 390K, capacity 456K, committed 512K, reserved 1048576K

Deoptimization events (5 events):
Event: 0.882 Thread 0x00007f80e000a000 Uncommon trap: reason=unloaded action=reinterpret pc=0x00007f80d11f5dec method=com.android.dx.cf.cst.ConstantPoolParser.parse0(ILjava/util/BitSet;)Lcom/android/dx/rop/cst/Constant; @ 176
Event: 3.172 Thread 0x00007f80e000a000 Uncommon trap: reason=class_check action=maybe_recompile pc=0x00007f80d12e26dc method=com.android.dx.cf.attrib.AttConstantValue.<init>(Lcom/android/dx/rop/cst/TypedConstant;)V @ 28
Event: 3.172 Thread 0x00007f80e000a000 Uncommon trap: reason=class_check action=maybe_recompile pc=0x00007f80d12e26dc method=com.android.dx.cf.attrib.AttConstantValue.<init>(Lcom/android/dx/rop/cst/TypedConstant;)V @ 28
Event: 3.172 Thread 0x00007f80e000a000 Uncommon trap: reason=class_check action=maybe_recompile pc=0x00007f80d12e26dc method=com.android.dx.cf.attrib.AttConstantValue.<init>(Lcom/android/dx/rop/cst/TypedConstant;)V @ 28
Event: 3.172 Thread 0x00007f80e000a000 Uncommon trap: reason=class_check action=maybe_recompile pc=0x00007f80d12e26dc method=com.android.dx.cf.attrib.AttConstantValue.<init>(Lcom/android/dx/rop/cst/TypedConstant;)V @ 28

Internal exceptions (2 events):
Event: 0.265 Thread 0x00007f80e000a000 Exception <a 'java/lang/NoSuchMethodError': Method sun.misc.Unsafe.defineClass(Ljava/lang/String;[BII)Ljava/lang/Class; name or signature does not match> (0x00000000d6b87cc0) thrown at [/HUDSON3/workspace/8-2-build-linux-amd64/jdk8u101/7261/hotspot/src/sh
Event: 0.266 Thread 0x00007f80e000a000 Exception <a 'java/lang/NoSuchMethodError': Method sun.misc.Unsafe.prefetchRead(Ljava/lang/Object;J)V name or signature does not match> (0x00000000d6b87fa8) thrown at [/HUDSON3/workspace/8-2-build-linux-amd64/jdk8u101/7261/hotspot/src/share/vm/prims/jni.c

Events (10 events):
Event: 3.172 Thread 0x00007f80e000a000 Uncommon trap: trap_request=0xffffffde fr.pc=0x00007f80d12e26dc
Event: 3.172 Thread 0x00007f80e000a000 DEOPT PACKING pc=0x00007f80d12e26dc sp=0x00007f80e7358080
Event: 3.172 Thread 0x00007f80e000a000 DEOPT UNPACKING pc=0x00007f80d1005229 sp=0x00007f80e7357f98 mode 2
Event: 3.288 loading class java/util/ArrayList$1
Event: 3.295 loading class java/util/ArrayList$1 done
Event: 3.331 Thread 0x00007f80e000a000 DEOPT PACKING pc=0x00007f80d12f0352 sp=0x00007f80e7358290
Event: 3.331 Thread 0x00007f80e000a000 DEOPT UNPACKING pc=0x00007f80d1047633 sp=0x00007f80e7358010 mode 0
Event: 3.874 Thread 0x00007f80e000a000 DEOPT PACKING pc=0x00007f80d12f3e10 sp=0x00007f80e7358310
Event: 3.874 Thread 0x00007f80e000a000 DEOPT UNPACKING pc=0x00007f80d1047633 sp=0x00007f80e7358020 mode 0
Event: 3.942 Executing VM operation: ParallelGCFailedAllocation


Dynamic libraries:
00400000-00401000 r-xp 00000000 08:02 239483                             /usr/lib/jvm/java-8-oracle/bin/java
00600000-00601000 rw-p 00000000 08:02 239483                             /usr/lib/jvm/java-8-oracle/bin/java
0206e000-0208f000 rw-p 00000000 00:00 0                                  [heap]
84200000-89500000 rw-p 00000000 00:00 0 
89500000-d6b80000 ---p 00000000 00:00 0 
d6b80000-df180000 rw-p 00000000 00:00 0 
e9f80000-100000000 ---p 00000000 00:00 0 
100000000-100080000 rw-p 00000000 00:00 0 
100080000-140000000 ---p 00000000 00:00 0 
7f8094000000-7f8094021000 rw-p 00000000 00:00 0 
7f8094021000-7f8098000000 ---p 00000000 00:00 0 
7f8098000000-7f8098021000 rw-p 00000000 00:00 0 
7f8098021000-7f809c000000 ---p 00000000 00:00 0 
7f809c000000-7f809d64d000 rw-p 00000000 00:00 0 
7f809d64d000-7f80a0000000 ---p 00000000 00:00 0 
7f80a0000000-7f80a0901000 rw-p 00000000 00:00 0 
7f80a0901000-7f80a4000000 ---p 00000000 00:00 0 
7f80a4000000-7f80a4021000 rw-p 00000000 00:00 0 
7f80a4021000-7f80a8000000 ---p 00000000 00:00 0 
7f80a8000000-7f80a8caa000 rw-p 00000000 00:00 0 
7f80a8caa000-7f80ac000000 ---p 00000000 00:00 0 
7f80ac000000-7f80ac021000 rw-p 00000000 00:00 0 
7f80ac021000-7f80b0000000 ---p 00000000 00:00 0 
7f80b0000000-7f80b0021000 rw-p 00000000 00:00 0 
7f80b0021000-7f80b4000000 ---p 00000000 00:00 0 
7f80b4000000-7f80b428d000 rw-p 00000000 00:00 0 
7f80b428d000-7f80b8000000 ---p 00000000 00:00 0 
7f80b9810000-7f80b9906000 r--s 009b1000 08:02 4728186                    /home/ankit/Desktop/Evento/app/build/intermediates/transforms/jarMerging/debug/jars/1/1f/combined.jar
7f80b9906000-7f80b9907000 ---p 00000000 00:00 0 
7f80b9907000-7f80b9a07000 rw-p 00000000 00:00 0 
7f80b9a07000-7f80b9a0a000 ---p 00000000 00:00 0 
7f80b9a0a000-7f80b9b08000 rw-p 00000000 00:00 0 
7f80b9b08000-7f80b9b0b000 ---p 00000000 00:00 0 
7f80b9b0b000-7f80b9c09000 rw-p 00000000 00:00 0 
7f80b9c09000-7f80b9c0c000 ---p 00000000 00:00 0 
7f80b9c0c000-7f80b9d0a000 rw-p 00000000 00:00 0 
7f80b9d0a000-7f80b9d0d000 ---p 00000000 00:00 0 
7f80b9d0d000-7f80b9e0b000 rw-p 00000000 00:00 0 
7f80b9e0b000-7f80b9e0e000 ---p 00000000 00:00 0 
7f80b9e0e000-7f80b9f0c000 rw-p 00000000 00:00 0 
7f80b9f0c000-7f80ba5ee000 r--p 00000000 08:02 59247                      /usr/lib/locale/locale-archive
7f80ba5ee000-7f80ba5f1000 ---p 00000000 00:00 0 
7f80ba5f1000-7f80ba6ef000 rw-p 00000000 00:00 0 
7f80ba6ef000-7f80ba6f2000 ---p 00000000 00:00 0 
7f80ba6f2000-7f80ba7f0000 rw-p 00000000 00:00 0 
7f80ba7f0000-7f80ba7f1000 ---p 00000000 00:00 0 
7f80ba7f1000-7f80bbcc0000 rw-p 00000000 00:00 0 
7f80bbcc0000-7f80bc000000 ---p 00000000 00:00 0 
7f80bc000000-7f80bc021000 rw-p 00000000 00:00 0 
7f80bc021000-7f80c0000000 ---p 00000000 00:00 0 
7f80c0037000-7f80c0210000 r--s 03d29000 08:02 239567                     /usr/lib/jvm/java-8-oracle/jre/lib/rt.jar
7f80c0210000-7f80c4000000 rw-p 00000000 00:00 0 
7f80c4000000-7f80c4021000 rw-p 00000000 00:00 0 
7f80c4021000-7f80c8000000 ---p 00000000 00:00 0 
7f80c8000000-7f80c8021000 rw-p 00000000 00:00 0 
7f80c8021000-7f80cc000000 ---p 00000000 00:00 0 
7f80cc000000-7f80cc021000 rw-p 00000000 00:00 0 
7f80cc021000-7f80d0000000 ---p 00000000 00:00 0 
7f80d0038000-7f80d0587000 rw-p 00000000 00:00 0 
7f80d0587000-7f80d0588000 ---p 00000000 00:00 0 
7f80d0588000-7f80d0688000 rw-p 00000000 00:00 0 
7f80d0688000-7f80d0689000 ---p 00000000 00:00 0 
7f80d0689000-7f80d0789000 rw-p 00000000 00:00 0 
7f80d0789000-7f80d078a000 ---p 00000000 00:00 0 
7f80d078a000-7f80d088a000 rw-p 00000000 00:00 0 
7f80d088a000-7f80d088b000 ---p 00000000 00:00 0 
7f80d088b000-7f80d09b5000 rw-p 00000000 00:00 0 
7f80d09b5000-7f80d0c20000 ---p 00000000 00:00 0 
7f80d0c20000-7f80d0c4a000 rw-p 00000000 00:00 0 
7f80d0c4a000-7f80d0eb4000 ---p 00000000 00:00 0 
7f80d0eb4000-7f80d0ef8000 rw-p 00000000 00:00 0 
7f80d0ef8000-7f80d0fff000 ---p 00000000 00:00 0 
7f80d0fff000-7f80d1000000 rw-p 00000000 00:00 0 
7f80d1000000-7f80d13b0000 rwxp 00000000 00:00 0 
7f80d13b0000-7f80e0000000 ---p 00000000 00:00 0 
7f80e0000000-7f80e03aa000 rw-p 00000000 00:00 0 
7f80e03aa000-7f80e4000000 ---p 00000000 00:00 0 
7f80e400b000-7f80e401a000 rw-p 00000000 00:00 0 
7f80e401a000-7f80e43cb000 ---p 00000000 00:00 0 
7f80e43cb000-7f80e43e5000 r-xp 00000000 08:02 253986                     /usr/lib/jvm/java-8-oracle/jre/lib/amd64/libzip.so
7f80e43e5000-7f80e45e5000 ---p 0001a000 08:02 253986                     /usr/lib/jvm/java-8-oracle/jre/lib/amd64/libzip.so
7f80e45e5000-7f80e45e6000 rw-p 0001a000 08:02 253986                     /usr/lib/jvm/java-8-oracle/jre/lib/amd64/libzip.so
7f80e45e6000-7f80e45f0000 r-xp 00000000 08:02 2621662                    /lib/x86_64-linux-gnu/libnss_files-2.21.so
7f80e45f0000-7f80e47f0000 ---p 0000a000 08:02 2621662                    /lib/x86_64-linux-gnu/libnss_files-2.21.so
7f80e47f0000-7f80e47f1000 r--p 0000a000 08:02 2621662                    /lib/x86_64-linux-gnu/libnss_files-2.21.so
7f80e47f1000-7f80e47f2000 rw-p 0000b000 08:02 2621662                    /lib/x86_64-linux-gnu/libnss_files-2.21.so
7f80e47f2000-7f80e47fd000 r-xp 00000000 08:02 2623427                    /lib/x86_64-linux-gnu/libnss_nis-2.21.so
7f80e47fd000-7f80e49fc000 ---p 0000b000 08:02 2623427                    /lib/x86_64-linux-gnu/libnss_nis-2.21.so
7f80e49fc000-7f80e49fd000 r--p 0000a000 08:02 2623427                    /lib/x86_64-linux-gnu/libnss_nis-2.21.so
7f80e49fd000-7f80e49fe000 rw-p 0000b000 08:02 2623427                    /lib/x86_64-linux-gnu/libnss_nis-2.21.so
7f80e49fe000-7f80e4a15000 r-xp 00000000 08:02 2623430                    /lib/x86_64-linux-gnu/libnsl-2.21.so
7f80e4a15000-7f80e4c14000 ---p 00017000 08:02 2623430                    /lib/x86_64-linux-gnu/libnsl-2.21.so
7f80e4c14000-7f80e4c15000 r--p 00016000 08:02 2623430                    /lib/x86_64-linux-gnu/libnsl-2.21.so
7f80e4c15000-7f80e4c16000 rw-p 00017000 08:02 2623430                    /lib/x86_64-linux-gnu/libnsl-2.21.so
7f80e4c16000-7f80e4c18000 rw-p 00000000 00:00 0 
7f80e4c18000-7f80e4c20000 r-xp 00000000 08:02 2622662                    /lib/x86_64-linux-gnu/libnss_compat-2.21.so
7f80e4c20000-7f80e4e1f000 ---p 00008000 08:02 2622662                    /lib/x86_64-linux-gnu/libnss_compat-2.21.so
7f80e4e1f000-7f80e4e20000 r--p 00007000 08:02 2622662                    /lib/x86_64-linux-gnu/libnss_compat-2.21.so
7f80e4e20000-7f80e4e21000 rw-p 00008000 08:02 2622662                    /lib/x86_64-linux-gnu/libnss_compat-2.21.so
7f80e4e21000-7f80e4e4b000 r-xp 00000000 08:02 254012                     /usr/lib/jvm/java-8-oracle/jre/lib/amd64/libjava.so
7f80e4e4b000-7f80e504b000 ---p 0002a000 08:02 254012                     /usr/lib/jvm/java-8-oracle/jre/lib/amd64/libjava.so
7f80e504b000-7f80e504d000 rw-p 0002a000 08:02 254012                     /usr/lib/jvm/java-8-oracle/jre/lib/amd64/libjava.so
7f80e504d000-7f80e505a000 r-xp 00000000 08:02 253966                     /usr/lib/jvm/java-8-oracle/jre/lib/amd64/libverify.so
7f80e505a000-7f80e525a000 ---p 0000d000 08:02 253966                     /usr/lib/jvm/java-8-oracle/jre/lib/amd64/libverify.so
7f80e525a000-7f80e525c000 rw-p 0000d000 08:02 253966                     /usr/lib/jvm/java-8-oracle/jre/lib/amd64/libverify.so
7f80e525c000-7f80e5263000 r-xp 00000000 08:02 2621663                    /lib/x86_64-linux-gnu/librt-2.21.so
7f80e5263000-7f80e5462000 ---p 00007000 08:02 2621663                    /lib/x86_64-linux-gnu/librt-2.21.so
7f80e5462000-7f80e5463000 r--p 00006000 08:02 2621663                    /lib/x86_64-linux-gnu/librt-2.21.so
7f80e5463000-7f80e5464000 rw-p 00007000 08:02 2621663                    /lib/x86_64-linux-gnu/librt-2.21.so
7f80e5464000-7f80e556b000 r-xp 00000000 08:02 2623271                    /lib/x86_64-linux-gnu/libm-2.21.so
7f80e556b000-7f80e576a000 ---p 00107000 08:02 2623271                    /lib/x86_64-linux-gnu/libm-2.21.so
7f80e576a000-7f80e576b000 r--p 00106000 08:02 2623271                    /lib/x86_64-linux-gnu/libm-2.21.so
7f80e576b000-7f80e576c000 rw-p 00107000 08:02 2623271                    /lib/x86_64-linux-gnu/libm-2.21.so
7f80e576c000-7f80e6437000 r-xp 00000000 08:02 254016                     /usr/lib/jvm/java-8-oracle/jre/lib/amd64/server/libjvm.so
7f80e6437000-7f80e6636000 ---p 00ccb000 08:02 254016                     /usr/lib/jvm/java-8-oracle/jre/lib/amd64/server/libjvm.so
7f80e6636000-7f80e670f000 rw-p 00cca000 08:02 254016                     /usr/lib/jvm/java-8-oracle/jre/lib/amd64/server/libjvm.so
7f80e670f000-7f80e675a000 rw-p 00000000 00:00 0 
7f80e675a000-7f80e691a000 r-xp 00000000 08:02 2623433                    /lib/x86_64-linux-gnu/libc-2.21.so
7f80e691a000-7f80e6b1a000 ---p 001c0000 08:02 2623433                    /lib/x86_64-linux-gnu/libc-2.21.so
7f80e6b1a000-7f80e6b1e000 r--p 001c0000 08:02 2623433                    /lib/x86_64-linux-gnu/libc-2.21.so
7f80e6b1e000-7f80e6b20000 rw-p 001c4000 08:02 2623433                    /lib/x86_64-linux-gnu/libc-2.21.so
7f80e6b20000-7f80e6b24000 rw-p 00000000 00:00 0 
7f80e6b24000-7f80e6b27000 r-xp 00000000 08:02 2623420                    /lib/x86_64-linux-gnu/libdl-2.21.so
7f80e6b27000-7f80e6d26000 ---p 00003000 08:02 2623420                    /lib/x86_64-linux-gnu/libdl-2.21.so
7f80e6d26000-7f80e6d27000 r--p 00002000 08:02 2623420                    /lib/x86_64-linux-gnu/libdl-2.21.so
7f80e6d27000-7f80e6d28000 rw-p 00003000 08:02 2623420                    /lib/x86_64-linux-gnu/libdl-2.21.so
7f80e6d28000-7f80e6d3d000 r-xp 00000000 08:02 223773                     /usr/lib/jvm/java-8-oracle/lib/amd64/jli/libjli.so
7f80e6d3d000-7f80e6f3d000 ---p 00015000 08:02 223773                     /usr/lib/jvm/java-8-oracle/lib/amd64/jli/libjli.so
7f80e6f3d000-7f80e6f3e000 rw-p 00015000 08:02 223773                     /usr/lib/jvm/java-8-oracle/lib/amd64/jli/libjli.so
7f80e6f3e000-7f80e6f56000 r-xp 00000000 08:02 2623413                    /lib/x86_64-linux-gnu/libpthread-2.21.so
7f80e6f56000-7f80e7156000 ---p 00018000 08:02 2623413                    /lib/x86_64-linux-gnu/libpthread-2.21.so
7f80e7156000-7f80e7157000 r--p 00018000 08:02 2623413                    /lib/x86_64-linux-gnu/libpthread-2.21.so
7f80e7157000-7f80e7158000 rw-p 00019000 08:02 2623413                    /lib/x86_64-linux-gnu/libpthread-2.21.so
7f80e7158000-7f80e715c000 rw-p 00000000 00:00 0 
7f80e715c000-7f80e7180000 r-xp 00000000 08:02 2623431                    /lib/x86_64-linux-gnu/ld-2.21.so
7f80e7187000-7f80e718e000 r--s 00020000 08:02 4728195                    /home/ankit/Desktop/Evento/app/build/intermediates/multi-dex/debug/componentClasses.jar
7f80e718e000-7f80e7259000 rw-p 00000000 00:00 0 
7f80e7259000-7f80e725c000 ---p 00000000 00:00 0 
7f80e725c000-7f80e735e000 rw-p 00000000 00:00 0 
7f80e7363000-7f80e7364000 rw-p 00000000 00:00 0 
7f80e7364000-7f80e7373000 r--s 000df000 08:02 3712561                    /home/ankit/Documents/android-sdk-linux/build-tools/23.0.2/lib/dx.jar
7f80e7373000-7f80e737b000 rw-s 00000000 08:02 5031655                    /tmp/hsperfdata_ankit/21652
7f80e737b000-7f80e737c000 rw-p 00000000 00:00 0 
7f80e737c000-7f80e737d000 ---p 00000000 00:00 0 
7f80e737d000-7f80e737f000 rw-p 00000000 00:00 0 
7f80e737f000-7f80e7380000 r--p 00023000 08:02 2623431                    /lib/x86_64-linux-gnu/ld-2.21.so
7f80e7380000-7f80e7381000 rw-p 00024000 08:02 2623431                    /lib/x86_64-linux-gnu/ld-2.21.so
7f80e7381000-7f80e7382000 rw-p 00000000 00:00 0 
7ffe113f6000-7ffe11417000 rw-p 00000000 00:00 0                          [stack]
7ffe115de000-7ffe115e0000 r--p 00000000 00:00 0                          [vvar]
7ffe115e0000-7ffe115e2000 r-xp 00000000 00:00 0                          [vdso]
ffffffffff600000-ffffffffff601000 r-xp 00000000 00:00 0                  [vsyscall]

VM Arguments:
jvm_args: -Djava.awt.headless=true -Dfile.encoding=UTF-8 -Duser.country=IN -Duser.language=en -Duser.variant 
java_command: com.android.multidex.ClassReferenceListBuilder /home/ankit/Desktop/Evento/app/build/intermediates/multi-dex/debug/componentClasses.jar /home/ankit/Desktop/Evento/app/build/intermediates/transforms/jarMerging/debug/jars/1/1f/combined.jar
java_class_path (initial): /home/ankit/Documents/android-sdk-linux/build-tools/23.0.2/lib/dx.jar
Launcher Type: SUN_STANDARD

Environment Variables:
PATH=/usr/local/sbin:/usr/local/bin:/usr/sbin:/usr/bin:/sbin:/bin:/usr/games:/usr/local/games
LD_LIBRARY_PATH=Downloads/android-studio/bin:
SHELL=/bin/bash
DISPLAY=:0

Signal Handlers:
SIGSEGV: [libjvm.so+0xac4790], sa_mask[0]=11111111011111111101111111111110, sa_flags=SA_RESTART|SA_SIGINFO
SIGBUS: [libjvm.so+0xac4790], sa_mask[0]=11111111011111111101111111111110, sa_flags=SA_RESTART|SA_SIGINFO
SIGFPE: [libjvm.so+0x91f140], sa_mask[0]=11111111011111111101111111111110, sa_flags=SA_RESTART|SA_SIGINFO
SIGPIPE: [libjvm.so+0x91f140], sa_mask[0]=11111111011111111101111111111110, sa_flags=SA_RESTART|SA_SIGINFO
SIGXFSZ: [libjvm.so+0x91f140], sa_mask[0]=11111111011111111101111111111110, sa_flags=SA_RESTART|SA_SIGINFO
SIGILL: [libjvm.so+0x91f140], sa_mask[0]=11111111011111111101111111111110, sa_flags=SA_RESTART|SA_SIGINFO
SIGUSR1: SIG_DFL, sa_mask[0]=00000000000000000000000000000000, sa_flags=none
SIGUSR2: [libjvm.so+0x920770], sa_mask[0]=00100000000000000000000000000000, sa_flags=SA_RESTART|SA_SIGINFO
SIGHUP: [libjvm.so+0x921b70], sa_mask[0]=11111111011111111101111111111110, sa_flags=SA_RESTART|SA_SIGINFO
SIGINT: [libjvm.so+0x921b70], sa_mask[0]=11111111011111111101111111111110, sa_flags=SA_RESTART|SA_SIGINFO
SIGTERM: [libjvm.so+0x921b70], sa_mask[0]=11111111011111111101111111111110, sa_flags=SA_RESTART|SA_SIGINFO
SIGQUIT: [libjvm.so+0x921b70], sa_mask[0]=11111111011111111101111111111110, sa_flags=SA_RESTART|SA_SIGINFO


---------------  S Y S T E M  ---------------

OS:DISTRIB_ID=Ubuntu
DISTRIB_RELEASE=15.10
DISTRIB_CODENAME=wily
DISTRIB_DESCRIPTION="Ubuntu 15.10"

uname:Linux 4.2.0-42-generic #49-Ubuntu SMP Tue Jun 28 21:26:26 UTC 2016 x86_64
libc:glibc 2.21 NPTL 2.21 
rlimit: STACK 8192k, CORE 0k, NPROC 31537, NOFILE 65536, AS infinity
load average:2.74 1.79 1.18

/proc/meminfo:
MemTotal:        8110256 kB
MemFree:          153224 kB
MemAvailable:     128708 kB
Buffers:            1372 kB
Cached:           610636 kB
SwapCached:            0 kB
Active:          7156212 kB
Inactive:         555976 kB
Active(anon):    7123540 kB
Inactive(anon):   519384 kB
Active(file):      32672 kB
Inactive(file):    36592 kB
Unevictable:         144 kB
Mlocked:             144 kB
SwapTotal:             0 kB
SwapFree:              0 kB
Dirty:               256 kB
Writeback:             0 kB
AnonPages:       7100352 kB
Mapped:           288932 kB
Shmem:            542716 kB
Slab:             103772 kB
SReclaimable:      50644 kB
SUnreclaim:        53128 kB
KernelStack:       13520 kB
PageTables:        74404 kB
NFS_Unstable:          0 kB
Bounce:                0 kB
WritebackTmp:          0 kB
CommitLimit:     4055128 kB
Committed_AS:   15418328 kB
VmallocTotal:   34359738367 kB
VmallocUsed:      551920 kB
VmallocChunk:   34358423548 kB
HardwareCorrupted:     0 kB
AnonHugePages:   3059712 kB
CmaTotal:              0 kB
CmaFree:               0 kB
HugePages_Total:       0
HugePages_Free:        0
HugePages_Rsvd:        0
HugePages_Surp:        0
Hugepagesize:       2048 kB
DirectMap4k:      264896 kB
DirectMap2M:     7010304 kB
DirectMap1G:     2097152 kB


CPU:total 4 (2 cores per cpu, 2 threads per core) family 6 model 69 stepping 1, cmov, cx8, fxsr, mmx, sse, sse2, sse3, ssse3, sse4.1, sse4.2, popcnt, avx, avx2, aes, clmul, erms, lzcnt, ht, tsc, tscinvbit, bmi1, bmi2

/proc/cpuinfo:
processor	: 0
vendor_id	: GenuineIntel
cpu family	: 6
model		: 69
model name	: Intel(R) Core(TM) i3-4005U CPU @ 1.70GHz
stepping	: 1
microcode	: 0x1c
cpu MHz		: 1699.468
cache size	: 3072 KB
physical id	: 0
siblings	: 4
core id		: 0
cpu cores	: 2
apicid		: 0
initial apicid	: 0
fpu		: yes
fpu_exception	: yes
cpuid level	: 13
wp		: yes
flags		: fpu vme de pse tsc msr pae mce cx8 apic sep mtrr pge mca cmov pat pse36 clflush dts acpi mmx fxsr sse sse2 ss ht tm pbe syscall nx pdpe1gb rdtscp lm constant_tsc arch_perfmon pebs bts rep_good nopl xtopology nonstop_tsc aperfmperf eagerfpu pni pclmulqdq dtes64 monitor ds_cpl vmx est tm2 ssse3 fma cx16 xtpr pdcm pcid sse4_1 sse4_2 movbe popcnt tsc_deadline_timer aes xsave avx f16c rdrand lahf_lm abm ida arat epb pln pts dtherm tpr_shadow vnmi flexpriority ept vpid fsgsbase tsc_adjust bmi1 avx2 smep bmi2 erms invpcid xsaveopt
bugs		:
bogomips	: 3392.14
clflush size	: 64
cache_alignment	: 64
address sizes	: 39 bits physical, 48 bits virtual
power management:

processor	: 1
vendor_id	: GenuineIntel
cpu family	: 6
model		: 69
model name	: Intel(R) Core(TM) i3-4005U CPU @ 1.70GHz
stepping	: 1
microcode	: 0x1c
cpu MHz		: 1694.953
cache size	: 3072 KB
physical id	: 0
siblings	: 4
core id		: 0
cpu cores	: 2
apicid		: 1
initial apicid	: 1
fpu		: yes
fpu_exception	: yes
cpuid level	: 13
wp		: yes
flags		: fpu vme de pse tsc msr pae mce cx8 apic sep mtrr pge mca cmov pat pse36 clflush dts acpi mmx fxsr sse sse2 ss ht tm pbe syscall nx pdpe1gb rdtscp lm constant_tsc arch_perfmon pebs bts rep_good nopl xtopology nonstop_tsc aperfmperf eagerfpu pni pclmulqdq dtes64 monitor ds_cpl vmx est tm2 ssse3 fma cx16 xtpr pdcm pcid sse4_1 sse4_2 movbe popcnt tsc_deadline_timer aes xsave avx f16c rdrand lahf_lm abm ida arat epb pln pts dtherm tpr_shadow vnmi flexpriority ept vpid fsgsbase tsc_adjust bmi1 avx2 smep bmi2 erms invpcid xsaveopt
bugs		:
bogomips	: 3392.14
clflush size	: 64
cache_alignment	: 64
address sizes	: 39 bits physical, 48 bits virtual
power management:

processor	: 2
vendor_id	: GenuineIntel
cpu family	: 6
model		: 69
model name	: Intel(R) Core(TM) i3-4005U CPU @ 1.70GHz
stepping	: 1
microcode	: 0x1c
cpu MHz		: 1692.031
cache size	: 3072 KB
physical id	: 0
siblings	: 4
core id		: 1
cpu cores	: 2
apicid		: 2
initial apicid	: 2
fpu		: yes
fpu_exception	: yes
cpuid level	: 13
wp		: yes
flags		: fpu vme de pse tsc msr pae mce cx8 apic sep mtrr pge mca cmov pat pse36 clflush dts acpi mmx fxsr sse sse2 ss ht tm pbe syscall nx pdpe1gb rdtscp lm constant_tsc arch_perfmon pebs bts rep_good nopl xtopology nonstop_tsc aperfmperf eagerfpu pni pclmulqdq dtes64 monitor ds_cpl vmx est tm2 ssse3 fma cx16 xtpr pdcm pcid sse4_1 sse4_2 movbe popcnt tsc_deadline_timer aes xsave avx f16c rdrand lahf_lm abm ida arat epb pln pts dtherm tpr_shadow vnmi flexpriority ept vpid fsgsbase tsc_adjust bmi1 avx2 smep bmi2 erms invpcid xsaveopt
bugs		:
bogomips	: 3392.14
clflush size	: 64
cache_alignment	: 64
address sizes	: 39 bits physical, 48 bits virtual
power management:

processor	: 3
vendor_id	: GenuineIntel
cpu family	: 6
model		: 69
model name	: Intel(R) Core(TM) i3-4005U CPU @ 1.70GHz
stepping	: 1
microcode	: 0x1c
cpu MHz		: 1700.066
cache size	: 3072 KB
physical id	: 0
siblings	: 4
core id		: 1
cpu cores	: 2
apicid		: 3
initial apicid	: 3
fpu		: yes
fpu_exception	: yes
cpuid level	: 13
wp		: yes
flags		: fpu vme de pse tsc msr pae mce cx8 apic sep mtrr pge mca cmov pat pse36 clflush dts acpi mmx fxsr sse sse2 ss ht tm pbe syscall nx pdpe1gb rdtscp lm constant_tsc arch_perfmon pebs bts rep_good nopl xtopology nonstop_tsc aperfmperf eagerfpu pni pclmulqdq dtes64 monitor ds_cpl vmx est tm2 ssse3 fma cx16 xtpr pdcm pcid sse4_1 sse4_2 movbe popcnt tsc_deadline_timer aes xsave avx f16c rdrand lahf_lm abm ida arat epb pln pts dtherm tpr_shadow vnmi flexpriority ept vpid fsgsbase tsc_adjust bmi1 avx2 smep bmi2 erms invpcid xsaveopt
bugs		:
bogomips	: 3392.14
clflush size	: 64
cache_alignment	: 64
address sizes	: 39 bits physical, 48 bits virtual
power management:



Memory: 4k page, physical 8110256k(153224k free), swap 0k(0k free)

vm_info: Java HotSpot(TM) 64-Bit Server VM (25.101-b13) for linux-amd64 JRE (1.8.0_101-b13), built on Jun 22 2016 02:59:44 by "java_re" with gcc 4.3.0 20080428 (Red Hat 4.3.0-8)

time: Wed Dec 14 12:44:34 2016
elapsed time: 5 seconds (0d 0h 0m 5s)

