#
# There is insufficient memory for the Java Runtime Environment to continue.
# Native memory allocation (mmap) failed to map 181403648 bytes for committing reserved memory.
# Possible reasons:
#   The system is out of physical RAM or swap space
#   In 32 bit mode, the process size limit was hit
# Possible solutions:
#   Reduce memory load on the system
#   Increase physical memory or swap space
#   Check if swap backing store is full
#   Use 64 bit Java on a 64 bit OS
#   Decrease Java heap size (-Xmx/-Xms)
#   Decrease number of Java threads
#   Decrease Java thread stack sizes (-Xss)
#   Set larger code cache with -XX:ReservedCodeCacheSize=
# This output file may be truncated or incomplete.
#
#  Out of Memory Error (os_linux.cpp:2627), pid=21544, tid=0x00007f86161ee700
#
# JRE version: Java(TM) SE Runtime Environment (8.0_101-b13) (build 1.8.0_101-b13)
# Java VM: Java HotSpot(TM) 64-Bit Server VM (25.101-b13 mixed mode linux-amd64 compressed oops)
# Failed to write core dump. Core dumps have been disabled. To enable core dumping, try "ulimit -c unlimited" before starting Java again
#

---------------  T H R E A D  ---------------

Current thread (0x00007f862c078000):  VMThread [stack: 0x00007f86160ee000,0x00007f86161ef000] [id=21554]

Stack: [0x00007f86160ee000,0x00007f86161ef000],  sp=0x00007f86161ed120,  free space=1020k
Native frames: (J=compiled Java code, j=interpreted, Vv=VM code, C=native code)
V  [libjvm.so+0xac3f0a]  VMError::report_and_die()+0x2ba
V  [libjvm.so+0x4fbf9b]  report_vm_out_of_memory(char const*, int, unsigned long, VMErrorType, char const*)+0x8b
V  [libjvm.so+0x9222d3]  os::Linux::commit_memory_impl(char*, unsigned long, bool)+0x103
V  [libjvm.so+0x922829]  os::pd_commit_memory(char*, unsigned long, unsigned long, bool)+0x29
V  [libjvm.so+0x91cb2a]  os::commit_memory(char*, unsigned long, unsigned long, bool)+0x2a
V  [libjvm.so+0x991053]  PSVirtualSpace::expand_by(unsigned long)+0x53
V  [libjvm.so+0x992458]  PSYoungGen::resize_generation(unsigned long, unsigned long)+0xf8
V  [libjvm.so+0x9915b2]  PSYoungGen::resize(unsigned long, unsigned long)+0x22
V  [libjvm.so+0x98e88b]  PSScavenge::invoke_no_policy()+0xf3b
V  [libjvm.so+0x98f011]  PSScavenge::invoke()+0x41
V  [libjvm.so+0x945fc0]  ParallelScavengeHeap::failed_mem_allocate(unsigned long)+0x70
V  [libjvm.so+0xac5927]  VM_ParallelGCFailedAllocation::doit()+0x97
V  [libjvm.so+0xacd405]  VM_Operation::evaluate()+0x55
V  [libjvm.so+0xacb7da]  VMThread::evaluate_operation(VM_Operation*)+0xba
V  [libjvm.so+0xacbb5e]  VMThread::loop()+0x1ce
V  [libjvm.so+0xacbfd0]  VMThread::run()+0x70
V  [libjvm.so+0x924698]  java_start(Thread*)+0x108

VM_Operation (0x00007f8632bce310): ParallelGCFailedAllocation, mode: safepoint, requested by thread 0x00007f862c00a000


---------------  P R O C E S S  ---------------

Java Threads: ( => current thread )
  0x00007f862c0c1000 JavaThread "Service Thread" daemon [_thread_blocked, id=21561, stack(0x00007f8615305000,0x00007f8615406000)]
  0x00007f862c0bd800 JavaThread "C1 CompilerThread2" daemon [_thread_blocked, id=21560, stack(0x00007f8615406000,0x00007f8615507000)]
  0x00007f862c0bc000 JavaThread "C2 CompilerThread1" daemon [_thread_blocked, id=21559, stack(0x00007f8615507000,0x00007f8615608000)]
  0x00007f862c0b9000 JavaThread "C2 CompilerThread0" daemon [_thread_blocked, id=21558, stack(0x00007f8615608000,0x00007f8615709000)]
  0x00007f862c0b7800 JavaThread "Signal Dispatcher" daemon [_thread_blocked, id=21557, stack(0x00007f8615709000,0x00007f861580a000)]
  0x00007f862c084800 JavaThread "Finalizer" daemon [_thread_blocked, id=21556, stack(0x00007f8615eec000,0x00007f8615fed000)]
  0x00007f862c080000 JavaThread "Reference Handler" daemon [_thread_blocked, id=21555, stack(0x00007f8615fed000,0x00007f86160ee000)]
  0x00007f862c00a000 JavaThread "main" [_thread_blocked, id=21549, stack(0x00007f8632acf000,0x00007f8632bd0000)]

Other Threads:
=>0x00007f862c078000 VMThread [stack: 0x00007f86160ee000,0x00007f86161ef000] [id=21554]
  0x00007f862c0c3800 WatcherThread [stack: 0x00007f8615204000,0x00007f8615305000] [id=21562]

VM state:at safepoint (normal execution)

VM Mutex/Monitor currently owned by a thread:  ([mutex/lock_event])
[0x00007f862c006400] Threads_lock - owner thread: 0x00007f862c078000
[0x00007f862c006900] Heap_lock - owner thread: 0x00007f862c00a000

Heap:
 PSYoungGen      total 132096K, used 5088K [0x00000000d6b80000, 0x00000000df180000, 0x0000000100000000)
  eden space 126976K, 0% used [0x00000000d6b80000,0x00000000d6b80000,0x00000000de780000)
  from space 5120K, 99% used [0x00000000de780000,0x00000000dec78010,0x00000000dec80000)
  to   space 5120K, 0% used [0x00000000dec80000,0x00000000dec80000,0x00000000df180000)
 ParOldGen       total 84992K, used 45002K [0x0000000084200000, 0x0000000089500000, 0x00000000d6b80000)
  object space 84992K, 52% used [0x0000000084200000,0x0000000086df2aa0,0x0000000089500000)
 Metaspace       used 3680K, capacity 5144K, committed 5376K, reserved 1056768K
  class space    used 390K, capacity 456K, committed 512K, reserved 1048576K

Card table byte_map: [0x00007f861c439000,0x00007f861c819000] byte_map_base: 0x00007f861c018000

Marking Bits: (ParMarkBitMap*) 0x00007f8631fa3120
 Begin Bits: [0x00007f8617fb0000, 0x00007f8619ea8000)
 End Bits:   [0x00007f8619ea8000, 0x00007f861bda0000)

Polling page: 0x00007f8632bf2000

CodeCache: size=245760Kb used=3715Kb max_used=3730Kb free=242044Kb
 bounds [0x00007f861cbd9000, 0x00007f861cf99000, 0x00007f862bbd9000]
 total_blobs=852 nmethods=605 adapters=161
 compilation: enabled

Compilation events (10 events):
Event: 4.062 Thread 0x00007f862c0b9000 nmethod 611 0x00007f861cf4e290 code [0x00007f861cf4e3e0, 0x00007f861cf4e478]
Event: 4.069 Thread 0x00007f862c0bc000 nmethod 604 0x00007f861cf72e50 code [0x00007f861cf73160, 0x00007f861cf75500]
Event: 4.079 Thread 0x00007f862c0bd800  612       3       com.android.dx.rop.cst.CstLiteral64::<init> (10 bytes)
Event: 4.080 Thread 0x00007f862c0bd800 nmethod 612 0x00007f861cf21750 code [0x00007f861cf218c0, 0x00007f861cf21b90]
Event: 4.112 Thread 0x00007f862c0b9000  613       4       com.android.dx.rop.cst.StdConstantPool::get0Ok (12 bytes)
Event: 4.113 Thread 0x00007f862c0b9000 nmethod 613 0x00007f861cf21450 code [0x00007f861cf215a0, 0x00007f861cf21658]
Event: 4.185 Thread 0x00007f862c0bc000  614       4       com.android.dx.rop.type.Type::<init> (84 bytes)
Event: 4.187 Thread 0x00007f862c0bc000 nmethod 614 0x00007f861cf210d0 code [0x00007f861cf21220, 0x00007f861cf21358]
Event: 4.198 Thread 0x00007f862c0b9000  615       4       java.util.HashMap::resize (359 bytes)
Event: 4.210 Thread 0x00007f862c0b9000 nmethod 615 0x00007f861cf45fd0 code [0x00007f861cf46160, 0x00007f861cf46678]

GC Heap History (9 events):
Event: 1.732 GC heap before
{Heap before GC invocations=1 (full 0):
 PSYoungGen      total 36864K, used 31744K [0x00000000d6b80000, 0x00000000d9480000, 0x0000000100000000)
  eden space 31744K, 100% used [0x00000000d6b80000,0x00000000d8a80000,0x00000000d8a80000)
  from space 5120K, 0% used [0x00000000d8f80000,0x00000000d8f80000,0x00000000d9480000)
  to   space 5120K, 0% used [0x00000000d8a80000,0x00000000d8a80000,0x00000000d8f80000)
 ParOldGen       total 84992K, used 0K [0x0000000084200000, 0x0000000089500000, 0x00000000d6b80000)
  object space 84992K, 0% used [0x0000000084200000,0x0000000084200000,0x0000000089500000)
 Metaspace       used 3618K, capacity 5080K, committed 5376K, reserved 1056768K
  class space    used 386K, capacity 456K, committed 512K, reserved 1048576K
Event: 1.756 GC heap after
Heap after GC invocations=1 (full 0):
 PSYoungGen      total 36864K, used 4357K [0x00000000d6b80000, 0x00000000db380000, 0x0000000100000000)
  eden space 31744K, 0% used [0x00000000d6b80000,0x00000000d6b80000,0x00000000d8a80000)
  from space 5120K, 85% used [0x00000000d8a80000,0x00000000d8ec14b0,0x00000000d8f80000)
  to   space 5120K, 0% used [0x00000000dae80000,0x00000000dae80000,0x00000000db380000)
 ParOldGen       total 84992K, used 8K [0x0000000084200000, 0x0000000089500000, 0x00000000d6b80000)
  object space 84992K, 0% used [0x0000000084200000,0x0000000084202000,0x0000000089500000)
 Metaspace       used 3618K, capacity 5080K, committed 5376K, reserved 1056768K
  class space    used 386K, capacity 456K, committed 512K, reserved 1048576K
}
Event: 2.083 GC heap before
{Heap before GC invocations=2 (full 0):
 PSYoungGen      total 36864K, used 36101K [0x00000000d6b80000, 0x00000000db380000, 0x0000000100000000)
  eden space 31744K, 100% used [0x00000000d6b80000,0x00000000d8a80000,0x00000000d8a80000)
  from space 5120K, 85% used [0x00000000d8a80000,0x00000000d8ec14b0,0x00000000d8f80000)
  to   space 5120K, 0% used [0x00000000dae80000,0x00000000dae80000,0x00000000db380000)
 ParOldGen       total 84992K, used 8K [0x0000000084200000, 0x0000000089500000, 0x00000000d6b80000)
  object space 84992K, 0% used [0x0000000084200000,0x0000000084202000,0x0000000089500000)
 Metaspace       used 3671K, capacity 5144K, committed 5376K, reserved 1056768K
  class space    used 390K, capacity 456K, committed 512K, reserved 1048576K
Event: 2.129 GC heap after
Heap after GC invocations=2 (full 0):
 PSYoungGen      total 68608K, used 5118K [0x00000000d6b80000, 0x00000000db380000, 0x0000000100000000)
  eden space 63488K, 0% used [0x00000000d6b80000,0x00000000d6b80000,0x00000000da980000)
  from space 5120K, 99% used [0x00000000dae80000,0x00000000db37fb68,0x00000000db380000)
  to   space 5120K, 0% used [0x00000000da980000,0x00000000da980000,0x00000000dae80000)
 ParOldGen       total 84992K, used 1479K [0x0000000084200000, 0x0000000089500000, 0x00000000d6b80000)
  object space 84992K, 1% used [0x0000000084200000,0x0000000084371e18,0x0000000089500000)
 Metaspace       used 3671K, capacity 5144K, committed 5376K, reserved 1056768K
  class space    used 390K, capacity 456K, committed 512K, reserved 1048576K
}
Event: 2.694 GC heap before
{Heap before GC invocations=3 (full 0):
 PSYoungGen      total 68608K, used 68606K [0x00000000d6b80000, 0x00000000db380000, 0x0000000100000000)
  eden space 63488K, 100% used [0x00000000d6b80000,0x00000000da980000,0x00000000da980000)
  from space 5120K, 99% used [0x00000000dae80000,0x00000000db37fb68,0x00000000db380000)
  to   space 5120K, 0% used [0x00000000da980000,0x00000000da980000,0x00000000dae80000)
 ParOldGen       total 84992K, used 1479K [0x0000000084200000, 0x0000000089500000, 0x00000000d6b80000)
  object space 84992K, 1% used [0x0000000084200000,0x0000000084371e18,0x0000000089500000)
 Metaspace       used 3675K, capacity 5144K, committed 5376K, reserved 1056768K
  class space    used 390K, capacity 456K, committed 512K, reserved 1048576K
Event: 2.743 GC heap after
Heap after GC invocations=3 (full 0):
 PSYoungGen      total 68608K, used 5088K [0x00000000d6b80000, 0x00000000df180000, 0x0000000100000000)
  eden space 63488K, 0% used [0x00000000d6b80000,0x00000000d6b80000,0x00000000da980000)
  from space 5120K, 99% used [0x00000000da980000,0x00000000dae78040,0x00000000dae80000)
  to   space 5120K, 0% used [0x00000000dec80000,0x00000000dec80000,0x00000000df180000)
 ParOldGen       total 84992K, used 11468K [0x0000000084200000, 0x0000000089500000, 0x00000000d6b80000)
  object space 84992K, 13% used [0x0000000084200000,0x0000000084d33280,0x0000000089500000)
 Metaspace       used 3675K, capacity 5144K, committed 5376K, reserved 1056768K
  class space    used 390K, capacity 456K, committed 512K, reserved 1048576K
}
Event: 3.193 GC heap before
{Heap before GC invocations=4 (full 0):
 PSYoungGen      total 68608K, used 68576K [0x00000000d6b80000, 0x00000000df180000, 0x0000000100000000)
  eden space 63488K, 100% used [0x00000000d6b80000,0x00000000da980000,0x00000000da980000)
  from space 5120K, 99% used [0x00000000da980000,0x00000000dae78040,0x00000000dae80000)
  to   space 5120K, 0% used [0x00000000dec80000,0x00000000dec80000,0x00000000df180000)
 ParOldGen       total 84992K, used 11468K [0x0000000084200000, 0x0000000089500000, 0x00000000d6b80000)
  object space 84992K, 13% used [0x0000000084200000,0x0000000084d33280,0x0000000089500000)
 Metaspace       used 3676K, capacity 5144K, committed 5376K, reserved 1056768K
  class space    used 390K, capacity 456K, committed 512K, reserved 1048576K
Event: 3.294 GC heap after
Heap after GC invocations=4 (full 0):
 PSYoungGen      total 132096K, used 5104K [0x00000000d6b80000, 0x00000000df180000, 0x0000000100000000)
  eden space 126976K, 0% used [0x00000000d6b80000,0x00000000d6b80000,0x00000000de780000)
  from space 5120K, 99% used [0x00000000dec80000,0x00000000df17c030,0x00000000df180000)
  to   space 5120K, 0% used [0x00000000de780000,0x00000000de780000,0x00000000dec80000)
 ParOldGen       total 84992K, used 22535K [0x0000000084200000, 0x0000000089500000, 0x00000000d6b80000)
  object space 84992K, 26% used [0x0000000084200000,0x0000000085801d40,0x0000000089500000)
 Metaspace       used 3676K, capacity 5144K, committed 5376K, reserved 1056768K
  class space    used 390K, capacity 456K, committed 512K, reserved 1048576K
}
Event: 4.252 GC heap before
{Heap before GC invocations=5 (full 0):
 PSYoungGen      total 132096K, used 132080K [0x00000000d6b80000, 0x00000000df180000, 0x0000000100000000)
  eden space 126976K, 100% used [0x00000000d6b80000,0x00000000de780000,0x00000000de780000)
  from space 5120K, 99% used [0x00000000dec80000,0x00000000df17c030,0x00000000df180000)
  to   space 5120K, 0% used [0x00000000de780000,0x00000000de780000,0x00000000dec80000)
 ParOldGen       total 84992K, used 22535K [0x0000000084200000, 0x0000000089500000, 0x00000000d6b80000)
  object space 84992K, 26% used [0x0000000084200000,0x0000000085801d40,0x0000000089500000)
 Metaspace       used 3680K, capacity 5144K, committed 5376K, reserved 1056768K
  class space    used 390K, capacity 456K, committed 512K, reserved 1048576K

Deoptimization events (5 events):
Event: 1.341 Thread 0x00007f862c00a000 Uncommon trap: reason=unloaded action=reinterpret pc=0x00007f861cdc68ac method=com.android.dx.cf.cst.ConstantPoolParser.parse0(ILjava/util/BitSet;)Lcom/android/dx/rop/cst/Constant; @ 176
Event: 3.379 Thread 0x00007f862c00a000 Uncommon trap: reason=class_check action=maybe_recompile pc=0x00007f861cec3450 method=com.android.dx.cf.attrib.AttConstantValue.<init>(Lcom/android/dx/rop/cst/TypedConstant;)V @ 28
Event: 3.379 Thread 0x00007f862c00a000 Uncommon trap: reason=class_check action=maybe_recompile pc=0x00007f861cec3450 method=com.android.dx.cf.attrib.AttConstantValue.<init>(Lcom/android/dx/rop/cst/TypedConstant;)V @ 28
Event: 3.379 Thread 0x00007f862c00a000 Uncommon trap: reason=class_check action=maybe_recompile pc=0x00007f861cec3450 method=com.android.dx.cf.attrib.AttConstantValue.<init>(Lcom/android/dx/rop/cst/TypedConstant;)V @ 28
Event: 3.379 Thread 0x00007f862c00a000 Uncommon trap: reason=class_check action=maybe_recompile pc=0x00007f861cec3450 method=com.android.dx.cf.attrib.AttConstantValue.<init>(Lcom/android/dx/rop/cst/TypedConstant;)V @ 28

Internal exceptions (2 events):
Event: 0.347 Thread 0x00007f862c00a000 Exception <a 'java/lang/NoSuchMethodError': Method sun.misc.Unsafe.defineClass(Ljava/lang/String;[BII)Ljava/lang/Class; name or signature does not match> (0x00000000d6b87cc0) thrown at [/HUDSON3/workspace/8-2-build-linux-amd64/jdk8u101/7261/hotspot/src/sh
Event: 0.348 Thread 0x00007f862c00a000 Exception <a 'java/lang/NoSuchMethodError': Method sun.misc.Unsafe.prefetchRead(Ljava/lang/Object;J)V name or signature does not match> (0x00000000d6b87fa8) thrown at [/HUDSON3/workspace/8-2-build-linux-amd64/jdk8u101/7261/hotspot/src/share/vm/prims/jni.c

Events (10 events):
Event: 3.742 loading class java/util/ArrayList$1 done
Event: 4.198 Thread 0x00007f862c00a000 DEOPT PACKING pc=0x00007f861cedb810 sp=0x00007f8632bce350
Event: 4.198 Thread 0x00007f862c00a000 DEOPT UNPACKING pc=0x00007f861cc20633 sp=0x00007f8632bce060 mode 0
Event: 4.200 Thread 0x00007f862c00a000 DEOPT PACKING pc=0x00007f861cebba12 sp=0x00007f8632bce2e0
Event: 4.200 Thread 0x00007f862c00a000 DEOPT UNPACKING pc=0x00007f861cc20633 sp=0x00007f8632bce060 mode 0
Event: 4.200 Thread 0x00007f862c00a000 DEOPT PACKING pc=0x00007f861cebba12 sp=0x00007f8632bce2e0
Event: 4.200 Thread 0x00007f862c00a000 DEOPT UNPACKING pc=0x00007f861cc20633 sp=0x00007f8632bce060 mode 0
Event: 4.201 Thread 0x00007f862c00a000 DEOPT PACKING pc=0x00007f861cebba12 sp=0x00007f8632bce2e0
Event: 4.201 Thread 0x00007f862c00a000 DEOPT UNPACKING pc=0x00007f861cc20633 sp=0x00007f8632bce060 mode 0
Event: 4.252 Executing VM operation: ParallelGCFailedAllocation


Dynamic libraries:
00400000-00401000 r-xp 00000000 08:02 239483                             /usr/lib/jvm/java-8-oracle/bin/java
00600000-00601000 rw-p 00000000 08:02 239483                             /usr/lib/jvm/java-8-oracle/bin/java
006b8000-006d9000 rw-p 00000000 00:00 0                                  [heap]
84200000-89500000 rw-p 00000000 00:00 0 
89500000-d6b80000 ---p 00000000 00:00 0 
d6b80000-df180000 rw-p 00000000 00:00 0 
e9e80000-100000000 ---p 00000000 00:00 0 
100000000-100080000 rw-p 00000000 00:00 0 
100080000-140000000 ---p 00000000 00:00 0 
7f85d8000000-7f85d8021000 rw-p 00000000 00:00 0 
7f85d8021000-7f85dc000000 ---p 00000000 00:00 0 
7f85dc000000-7f85dc021000 rw-p 00000000 00:00 0 
7f85dc021000-7f85e0000000 ---p 00000000 00:00 0 
7f85e0000000-7f85e1177000 rw-p 00000000 00:00 0 
7f85e1177000-7f85e4000000 ---p 00000000 00:00 0 
7f85e4000000-7f85e49aa000 rw-p 00000000 00:00 0 
7f85e49aa000-7f85e8000000 ---p 00000000 00:00 0 
7f85e8000000-7f85e8021000 rw-p 00000000 00:00 0 
7f85e8021000-7f85ec000000 ---p 00000000 00:00 0 
7f85ec000000-7f85ed396000 rw-p 00000000 00:00 0 
7f85ed396000-7f85f0000000 ---p 00000000 00:00 0 
7f85f0000000-7f85f0021000 rw-p 00000000 00:00 0 
7f85f0021000-7f85f4000000 ---p 00000000 00:00 0 
7f85f4000000-7f85f4021000 rw-p 00000000 00:00 0 
7f85f4021000-7f85f8000000 ---p 00000000 00:00 0 
7f85f8000000-7f85f8021000 rw-p 00000000 00:00 0 
7f85f8021000-7f85fc000000 ---p 00000000 00:00 0 
7f8600000000-7f8600021000 rw-p 00000000 00:00 0 
7f8600021000-7f8604000000 ---p 00000000 00:00 0 
7f8604000000-7f860428d000 rw-p 00000000 00:00 0 
7f860428d000-7f8608000000 ---p 00000000 00:00 0 
7f8608000000-7f8608021000 rw-p 00000000 00:00 0 
7f8608021000-7f860c000000 ---p 00000000 00:00 0 
7f8610000000-7f8610021000 rw-p 00000000 00:00 0 
7f8610021000-7f8614000000 ---p 00000000 00:00 0 
7f86150e7000-7f861510e000 rw-p 00000000 00:00 0 
7f861510e000-7f8615204000 r--s 009b1000 08:02 4728186                    /home/ankit/Desktop/Evento/app/build/intermediates/transforms/jarMerging/debug/jars/1/1f/combined.jar
7f8615204000-7f8615205000 ---p 00000000 00:00 0 
7f8615205000-7f8615305000 rw-p 00000000 00:00 0 
7f8615305000-7f8615308000 ---p 00000000 00:00 0 
7f8615308000-7f8615406000 rw-p 00000000 00:00 0 
7f8615406000-7f8615409000 ---p 00000000 00:00 0 
7f8615409000-7f8615507000 rw-p 00000000 00:00 0 
7f8615507000-7f861550a000 ---p 00000000 00:00 0 
7f861550a000-7f8615608000 rw-p 00000000 00:00 0 
7f8615608000-7f861560b000 ---p 00000000 00:00 0 
7f861560b000-7f8615709000 rw-p 00000000 00:00 0 
7f8615709000-7f861570c000 ---p 00000000 00:00 0 
7f861570c000-7f861580a000 rw-p 00000000 00:00 0 
7f861580a000-7f8615eec000 r--p 00000000 08:02 59247                      /usr/lib/locale/locale-archive
7f8615eec000-7f8615eef000 ---p 00000000 00:00 0 
7f8615eef000-7f8615fed000 rw-p 00000000 00:00 0 
7f8615fed000-7f8615ff0000 ---p 00000000 00:00 0 
7f8615ff0000-7f86160ee000 rw-p 00000000 00:00 0 
7f86160ee000-7f86160ef000 ---p 00000000 00:00 0 
7f86160ef000-7f8617182000 rw-p 00000000 00:00 0 
7f8617182000-7f861735b000 r--s 03d29000 08:02 239567                     /usr/lib/jvm/java-8-oracle/jre/lib/rt.jar
7f861735b000-7f8617891000 rw-p 00000000 00:00 0 
7f8617891000-7f8617bd1000 ---p 00000000 00:00 0 
7f8617bd1000-7f861bda0000 rw-p 00000000 00:00 0 
7f861bda0000-7f861bda1000 ---p 00000000 00:00 0 
7f861bda1000-7f861bea1000 rw-p 00000000 00:00 0 
7f861bea1000-7f861bea2000 ---p 00000000 00:00 0 
7f861bea2000-7f861bfa2000 rw-p 00000000 00:00 0 
7f861bfa2000-7f861bfa3000 ---p 00000000 00:00 0 
7f861bfa3000-7f861c0a3000 rw-p 00000000 00:00 0 
7f861c0a3000-7f861c0a4000 ---p 00000000 00:00 0 
7f861c0a4000-7f861c1ce000 rw-p 00000000 00:00 0 
7f861c1ce000-7f861c439000 ---p 00000000 00:00 0 
7f861c439000-7f861c463000 rw-p 00000000 00:00 0 
7f861c463000-7f861c6cd000 ---p 00000000 00:00 0 
7f861c6cd000-7f861c711000 rw-p 00000000 00:00 0 
7f861c711000-7f861c818000 ---p 00000000 00:00 0 
7f861c818000-7f861c828000 rw-p 00000000 00:00 0 
7f861c828000-7f861cbd9000 ---p 00000000 00:00 0 
7f861cbd9000-7f861cf99000 rwxp 00000000 00:00 0 
7f861cf99000-7f862bbd9000 ---p 00000000 00:00 0 
7f862bbd9000-7f862bbf3000 r-xp 00000000 08:02 253986                     /usr/lib/jvm/java-8-oracle/jre/lib/amd64/libzip.so
7f862bbf3000-7f862bdf3000 ---p 0001a000 08:02 253986                     /usr/lib/jvm/java-8-oracle/jre/lib/amd64/libzip.so
7f862bdf3000-7f862bdf4000 rw-p 0001a000 08:02 253986                     /usr/lib/jvm/java-8-oracle/jre/lib/amd64/libzip.so
7f862bdf4000-7f862bdfe000 r-xp 00000000 08:02 2621662                    /lib/x86_64-linux-gnu/libnss_files-2.21.so
7f862bdfe000-7f862bffe000 ---p 0000a000 08:02 2621662                    /lib/x86_64-linux-gnu/libnss_files-2.21.so
7f862bffe000-7f862bfff000 r--p 0000a000 08:02 2621662                    /lib/x86_64-linux-gnu/libnss_files-2.21.so
7f862bfff000-7f862c000000 rw-p 0000b000 08:02 2621662                    /lib/x86_64-linux-gnu/libnss_files-2.21.so
7f862c000000-7f862c3ba000 rw-p 00000000 00:00 0 
7f862c3ba000-7f8630000000 ---p 00000000 00:00 0 
7f8630019000-7f8630068000 rw-p 00000000 00:00 0 
7f8630068000-7f8630073000 r-xp 00000000 08:02 2623427                    /lib/x86_64-linux-gnu/libnss_nis-2.21.so
7f8630073000-7f8630272000 ---p 0000b000 08:02 2623427                    /lib/x86_64-linux-gnu/libnss_nis-2.21.so
7f8630272000-7f8630273000 r--p 0000a000 08:02 2623427                    /lib/x86_64-linux-gnu/libnss_nis-2.21.so
7f8630273000-7f8630274000 rw-p 0000b000 08:02 2623427                    /lib/x86_64-linux-gnu/libnss_nis-2.21.so
7f8630274000-7f863028b000 r-xp 00000000 08:02 2623430                    /lib/x86_64-linux-gnu/libnsl-2.21.so
7f863028b000-7f863048a000 ---p 00017000 08:02 2623430                    /lib/x86_64-linux-gnu/libnsl-2.21.so
7f863048a000-7f863048b000 r--p 00016000 08:02 2623430                    /lib/x86_64-linux-gnu/libnsl-2.21.so
7f863048b000-7f863048c000 rw-p 00017000 08:02 2623430                    /lib/x86_64-linux-gnu/libnsl-2.21.so
7f863048c000-7f863048e000 rw-p 00000000 00:00 0 
7f863048e000-7f8630496000 r-xp 00000000 08:02 2622662                    /lib/x86_64-linux-gnu/libnss_compat-2.21.so
7f8630496000-7f8630695000 ---p 00008000 08:02 2622662                    /lib/x86_64-linux-gnu/libnss_compat-2.21.so
7f8630695000-7f8630696000 r--p 00007000 08:02 2622662                    /lib/x86_64-linux-gnu/libnss_compat-2.21.so
7f8630696000-7f8630697000 rw-p 00008000 08:02 2622662                    /lib/x86_64-linux-gnu/libnss_compat-2.21.so
7f8630697000-7f86306c1000 r-xp 00000000 08:02 254012                     /usr/lib/jvm/java-8-oracle/jre/lib/amd64/libjava.so
7f86306c1000-7f86308c1000 ---p 0002a000 08:02 254012                     /usr/lib/jvm/java-8-oracle/jre/lib/amd64/libjava.so
7f86308c1000-7f86308c3000 rw-p 0002a000 08:02 254012                     /usr/lib/jvm/java-8-oracle/jre/lib/amd64/libjava.so
7f86308c3000-7f86308d0000 r-xp 00000000 08:02 253966                     /usr/lib/jvm/java-8-oracle/jre/lib/amd64/libverify.so
7f86308d0000-7f8630ad0000 ---p 0000d000 08:02 253966                     /usr/lib/jvm/java-8-oracle/jre/lib/amd64/libverify.so
7f8630ad0000-7f8630ad2000 rw-p 0000d000 08:02 253966                     /usr/lib/jvm/java-8-oracle/jre/lib/amd64/libverify.so
7f8630ad2000-7f8630ad9000 r-xp 00000000 08:02 2621663                    /lib/x86_64-linux-gnu/librt-2.21.so
7f8630ad9000-7f8630cd8000 ---p 00007000 08:02 2621663                    /lib/x86_64-linux-gnu/librt-2.21.so
7f8630cd8000-7f8630cd9000 r--p 00006000 08:02 2621663                    /lib/x86_64-linux-gnu/librt-2.21.so
7f8630cd9000-7f8630cda000 rw-p 00007000 08:02 2621663                    /lib/x86_64-linux-gnu/librt-2.21.so
7f8630cda000-7f8630de1000 r-xp 00000000 08:02 2623271                    /lib/x86_64-linux-gnu/libm-2.21.so
7f8630de1000-7f8630fe0000 ---p 00107000 08:02 2623271                    /lib/x86_64-linux-gnu/libm-2.21.so
7f8630fe0000-7f8630fe1000 r--p 00106000 08:02 2623271                    /lib/x86_64-linux-gnu/libm-2.21.so
7f8630fe1000-7f8630fe2000 rw-p 00107000 08:02 2623271                    /lib/x86_64-linux-gnu/libm-2.21.so
7f8630fe2000-7f8631cad000 r-xp 00000000 08:02 254016                     /usr/lib/jvm/java-8-oracle/jre/lib/amd64/server/libjvm.so
7f8631cad000-7f8631eac000 ---p 00ccb000 08:02 254016                     /usr/lib/jvm/java-8-oracle/jre/lib/amd64/server/libjvm.so
7f8631eac000-7f8631f85000 rw-p 00cca000 08:02 254016                     /usr/lib/jvm/java-8-oracle/jre/lib/amd64/server/libjvm.so
7f8631f85000-7f8631fd0000 rw-p 00000000 00:00 0 
7f8631fd0000-7f8632190000 r-xp 00000000 08:02 2623433                    /lib/x86_64-linux-gnu/libc-2.21.so
7f8632190000-7f8632390000 ---p 001c0000 08:02 2623433                    /lib/x86_64-linux-gnu/libc-2.21.so
7f8632390000-7f8632394000 r--p 001c0000 08:02 2623433                    /lib/x86_64-linux-gnu/libc-2.21.so
7f8632394000-7f8632396000 rw-p 001c4000 08:02 2623433                    /lib/x86_64-linux-gnu/libc-2.21.so
7f8632396000-7f863239a000 rw-p 00000000 00:00 0 
7f863239a000-7f863239d000 r-xp 00000000 08:02 2623420                    /lib/x86_64-linux-gnu/libdl-2.21.so
7f863239d000-7f863259c000 ---p 00003000 08:02 2623420                    /lib/x86_64-linux-gnu/libdl-2.21.so
7f863259c000-7f863259d000 r--p 00002000 08:02 2623420                    /lib/x86_64-linux-gnu/libdl-2.21.so
7f863259d000-7f863259e000 rw-p 00003000 08:02 2623420                    /lib/x86_64-linux-gnu/libdl-2.21.so
7f863259e000-7f86325b3000 r-xp 00000000 08:02 223773                     /usr/lib/jvm/java-8-oracle/lib/amd64/jli/libjli.so
7f86325b3000-7f86327b3000 ---p 00015000 08:02 223773                     /usr/lib/jvm/java-8-oracle/lib/amd64/jli/libjli.so
7f86327b3000-7f86327b4000 rw-p 00015000 08:02 223773                     /usr/lib/jvm/java-8-oracle/lib/amd64/jli/libjli.so
7f86327b4000-7f86327cc000 r-xp 00000000 08:02 2623413                    /lib/x86_64-linux-gnu/libpthread-2.21.so
7f86327cc000-7f86329cc000 ---p 00018000 08:02 2623413                    /lib/x86_64-linux-gnu/libpthread-2.21.so
7f86329cc000-7f86329cd000 r--p 00018000 08:02 2623413                    /lib/x86_64-linux-gnu/libpthread-2.21.so
7f86329cd000-7f86329ce000 rw-p 00019000 08:02 2623413                    /lib/x86_64-linux-gnu/libpthread-2.21.so
7f86329ce000-7f86329d2000 rw-p 00000000 00:00 0 
7f86329d2000-7f86329f6000 r-xp 00000000 08:02 2623431                    /lib/x86_64-linux-gnu/ld-2.21.so
7f86329fd000-7f8632a04000 r--s 00020000 08:02 4728195                    /home/ankit/Desktop/Evento/app/build/intermediates/multi-dex/debug/componentClasses.jar
7f8632a04000-7f8632acf000 rw-p 00000000 00:00 0 
7f8632acf000-7f8632ad2000 ---p 00000000 00:00 0 
7f8632ad2000-7f8632bd4000 rw-p 00000000 00:00 0 
7f8632bd9000-7f8632bda000 rw-p 00000000 00:00 0 
7f8632bda000-7f8632be9000 r--s 000df000 08:02 3712561                    /home/ankit/Documents/android-sdk-linux/build-tools/23.0.2/lib/dx.jar
7f8632be9000-7f8632bf1000 rw-s 00000000 08:02 5031653                    /tmp/hsperfdata_ankit/21544
7f8632bf1000-7f8632bf2000 rw-p 00000000 00:00 0 
7f8632bf2000-7f8632bf3000 ---p 00000000 00:00 0 
7f8632bf3000-7f8632bf5000 rw-p 00000000 00:00 0 
7f8632bf5000-7f8632bf6000 r--p 00023000 08:02 2623431                    /lib/x86_64-linux-gnu/ld-2.21.so
7f8632bf6000-7f8632bf7000 rw-p 00024000 08:02 2623431                    /lib/x86_64-linux-gnu/ld-2.21.so
7f8632bf7000-7f8632bf8000 rw-p 00000000 00:00 0 
7ffde0524000-7ffde0545000 rw-p 00000000 00:00 0                          [stack]
7ffde05c4000-7ffde05c6000 r--p 00000000 00:00 0                          [vvar]
7ffde05c6000-7ffde05c8000 r-xp 00000000 00:00 0                          [vdso]
ffffffffff600000-ffffffffff601000 r-xp 00000000 00:00 0                  [vsyscall]

VM Arguments:
jvm_args: -Djava.awt.headless=true -Dfile.encoding=UTF-8 -Duser.country=IN -Duser.language=en -Duser.variant 
java_command: com.android.multidex.ClassReferenceListBuilder /home/ankit/Desktop/Evento/app/build/intermediates/multi-dex/debug/componentClasses.jar /home/ankit/Desktop/Evento/app/build/intermediates/transforms/jarMerging/debug/jars/1/1f/combined.jar
java_class_path (initial): /home/ankit/Documents/android-sdk-linux/build-tools/23.0.2/lib/dx.jar
Launcher Type: SUN_STANDARD

Environment Variables:
PATH=/usr/local/sbin:/usr/local/bin:/usr/sbin:/usr/bin:/sbin:/bin:/usr/games:/usr/local/games
LD_LIBRARY_PATH=Downloads/android-studio/bin:
SHELL=/bin/bash
DISPLAY=:0

Signal Handlers:
SIGSEGV: [libjvm.so+0xac4790], sa_mask[0]=11111111011111111101111111111110, sa_flags=SA_RESTART|SA_SIGINFO
SIGBUS: [libjvm.so+0xac4790], sa_mask[0]=11111111011111111101111111111110, sa_flags=SA_RESTART|SA_SIGINFO
SIGFPE: [libjvm.so+0x91f140], sa_mask[0]=11111111011111111101111111111110, sa_flags=SA_RESTART|SA_SIGINFO
SIGPIPE: [libjvm.so+0x91f140], sa_mask[0]=11111111011111111101111111111110, sa_flags=SA_RESTART|SA_SIGINFO
SIGXFSZ: [libjvm.so+0x91f140], sa_mask[0]=11111111011111111101111111111110, sa_flags=SA_RESTART|SA_SIGINFO
SIGILL: [libjvm.so+0x91f140], sa_mask[0]=11111111011111111101111111111110, sa_flags=SA_RESTART|SA_SIGINFO
SIGUSR1: SIG_DFL, sa_mask[0]=00000000000000000000000000000000, sa_flags=none
SIGUSR2: [libjvm.so+0x920770], sa_mask[0]=00100000000000000000000000000000, sa_flags=SA_RESTART|SA_SIGINFO
SIGHUP: [libjvm.so+0x921b70], sa_mask[0]=11111111011111111101111111111110, sa_flags=SA_RESTART|SA_SIGINFO
SIGINT: [libjvm.so+0x921b70], sa_mask[0]=11111111011111111101111111111110, sa_flags=SA_RESTART|SA_SIGINFO
SIGTERM: [libjvm.so+0x921b70], sa_mask[0]=11111111011111111101111111111110, sa_flags=SA_RESTART|SA_SIGINFO
SIGQUIT: [libjvm.so+0x921b70], sa_mask[0]=11111111011111111101111111111110, sa_flags=SA_RESTART|SA_SIGINFO


---------------  S Y S T E M  ---------------

OS:DISTRIB_ID=Ubuntu
DISTRIB_RELEASE=15.10
DISTRIB_CODENAME=wily
DISTRIB_DESCRIPTION="Ubuntu 15.10"

uname:Linux 4.2.0-42-generic #49-Ubuntu SMP Tue Jun 28 21:26:26 UTC 2016 x86_64
libc:glibc 2.21 NPTL 2.21 
rlimit: STACK 8192k, CORE 0k, NPROC 31537, NOFILE 65536, AS infinity
load average:2.71 1.25 0.94

/proc/meminfo:
MemTotal:        8110256 kB
MemFree:          126848 kB
MemAvailable:     136228 kB
Buffers:            9832 kB
Cached:           668440 kB
SwapCached:            0 kB
Active:          7153748 kB
Inactive:         584440 kB
Active(anon):    7082828 kB
Inactive(anon):   519220 kB
Active(file):      70920 kB
Inactive(file):    65220 kB
Unevictable:         144 kB
Mlocked:             144 kB
SwapTotal:             0 kB
SwapFree:              0 kB
Dirty:               600 kB
Writeback:             0 kB
AnonPages:       7059968 kB
Mapped:           340540 kB
Shmem:            542228 kB
Slab:             105028 kB
SReclaimable:      51560 kB
SUnreclaim:        53468 kB
KernelStack:       13568 kB
PageTables:        74360 kB
NFS_Unstable:          0 kB
Bounce:                0 kB
WritebackTmp:          0 kB
CommitLimit:     4055128 kB
Committed_AS:   15408816 kB
VmallocTotal:   34359738367 kB
VmallocUsed:      551920 kB
VmallocChunk:   34358423548 kB
HardwareCorrupted:     0 kB
AnonHugePages:   3031040 kB
CmaTotal:              0 kB
CmaFree:               0 kB
HugePages_Total:       0
HugePages_Free:        0
HugePages_Rsvd:        0
HugePages_Surp:        0
Hugepagesize:       2048 kB
DirectMap4k:      264896 kB
DirectMap2M:     7010304 kB
DirectMap1G:     2097152 kB


CPU:total 4 (2 cores per cpu, 2 threads per core) family 6 model 69 stepping 1, cmov, cx8, fxsr, mmx, sse, sse2, sse3, ssse3, sse4.1, sse4.2, popcnt, avx, avx2, aes, clmul, erms, lzcnt, ht, tsc, tscinvbit, bmi1, bmi2

/proc/cpuinfo:
processor	: 0
vendor_id	: GenuineIntel
cpu family	: 6
model		: 69
model name	: Intel(R) Core(TM) i3-4005U CPU @ 1.70GHz
stepping	: 1
microcode	: 0x1c
cpu MHz		: 1690.636
cache size	: 3072 KB
physical id	: 0
siblings	: 4
core id		: 0
cpu cores	: 2
apicid		: 0
initial apicid	: 0
fpu		: yes
fpu_exception	: yes
cpuid level	: 13
wp		: yes
flags		: fpu vme de pse tsc msr pae mce cx8 apic sep mtrr pge mca cmov pat pse36 clflush dts acpi mmx fxsr sse sse2 ss ht tm pbe syscall nx pdpe1gb rdtscp lm constant_tsc arch_perfmon pebs bts rep_good nopl xtopology nonstop_tsc aperfmperf eagerfpu pni pclmulqdq dtes64 monitor ds_cpl vmx est tm2 ssse3 fma cx16 xtpr pdcm pcid sse4_1 sse4_2 movbe popcnt tsc_deadline_timer aes xsave avx f16c rdrand lahf_lm abm ida arat epb pln pts dtherm tpr_shadow vnmi flexpriority ept vpid fsgsbase tsc_adjust bmi1 avx2 smep bmi2 erms invpcid xsaveopt
bugs		:
bogomips	: 3392.14
clflush size	: 64
cache_alignment	: 64
address sizes	: 39 bits physical, 48 bits virtual
power management:

processor	: 1
vendor_id	: GenuineIntel
cpu family	: 6
model		: 69
model name	: Intel(R) Core(TM) i3-4005U CPU @ 1.70GHz
stepping	: 1
microcode	: 0x1c
cpu MHz		: 1699.933
cache size	: 3072 KB
physical id	: 0
siblings	: 4
core id		: 0
cpu cores	: 2
apicid		: 1
initial apicid	: 1
fpu		: yes
fpu_exception	: yes
cpuid level	: 13
wp		: yes
flags		: fpu vme de pse tsc msr pae mce cx8 apic sep mtrr pge mca cmov pat pse36 clflush dts acpi mmx fxsr sse sse2 ss ht tm pbe syscall nx pdpe1gb rdtscp lm constant_tsc arch_perfmon pebs bts rep_good nopl xtopology nonstop_tsc aperfmperf eagerfpu pni pclmulqdq dtes64 monitor ds_cpl vmx est tm2 ssse3 fma cx16 xtpr pdcm pcid sse4_1 sse4_2 movbe popcnt tsc_deadline_timer aes xsave avx f16c rdrand lahf_lm abm ida arat epb pln pts dtherm tpr_shadow vnmi flexpriority ept vpid fsgsbase tsc_adjust bmi1 avx2 smep bmi2 erms invpcid xsaveopt
bugs		:
bogomips	: 3392.14
clflush size	: 64
cache_alignment	: 64
address sizes	: 39 bits physical, 48 bits virtual
power management:

processor	: 2
vendor_id	: GenuineIntel
cpu family	: 6
model		: 69
model name	: Intel(R) Core(TM) i3-4005U CPU @ 1.70GHz
stepping	: 1
microcode	: 0x1c
cpu MHz		: 1700.000
cache size	: 3072 KB
physical id	: 0
siblings	: 4
core id		: 1
cpu cores	: 2
apicid		: 2
initial apicid	: 2
fpu		: yes
fpu_exception	: yes
cpuid level	: 13
wp		: yes
flags		: fpu vme de pse tsc msr pae mce cx8 apic sep mtrr pge mca cmov pat pse36 clflush dts acpi mmx fxsr sse sse2 ss ht tm pbe syscall nx pdpe1gb rdtscp lm constant_tsc arch_perfmon pebs bts rep_good nopl xtopology nonstop_tsc aperfmperf eagerfpu pni pclmulqdq dtes64 monitor ds_cpl vmx est tm2 ssse3 fma cx16 xtpr pdcm pcid sse4_1 sse4_2 movbe popcnt tsc_deadline_timer aes xsave avx f16c rdrand lahf_lm abm ida arat epb pln pts dtherm tpr_shadow vnmi flexpriority ept vpid fsgsbase tsc_adjust bmi1 avx2 smep bmi2 erms invpcid xsaveopt
bugs		:
bogomips	: 3392.14
clflush size	: 64
cache_alignment	: 64
address sizes	: 39 bits physical, 48 bits virtual
power management:

processor	: 3
vendor_id	: GenuineIntel
cpu family	: 6
model		: 69
model name	: Intel(R) Core(TM) i3-4005U CPU @ 1.70GHz
stepping	: 1
microcode	: 0x1c
cpu MHz		: 1681.605
cache size	: 3072 KB
physical id	: 0
siblings	: 4
core id		: 1
cpu cores	: 2
apicid		: 3
initial apicid	: 3
fpu		: yes
fpu_exception	: yes
cpuid level	: 13
wp		: yes
flags		: fpu vme de pse tsc msr pae mce cx8 apic sep mtrr pge mca cmov pat pse36 clflush dts acpi mmx fxsr sse sse2 ss ht tm pbe syscall nx pdpe1gb rdtscp lm constant_tsc arch_perfmon pebs bts rep_good nopl xtopology nonstop_tsc aperfmperf eagerfpu pni pclmulqdq dtes64 monitor ds_cpl vmx est tm2 ssse3 fma cx16 xtpr pdcm pcid sse4_1 sse4_2 movbe popcnt tsc_deadline_timer aes xsave avx f16c rdrand lahf_lm abm ida arat epb pln pts dtherm tpr_shadow vnmi flexpriority ept vpid fsgsbase tsc_adjust bmi1 avx2 smep bmi2 erms invpcid xsaveopt
bugs		:
bogomips	: 3392.14
clflush size	: 64
cache_alignment	: 64
address sizes	: 39 bits physical, 48 bits virtual
power management:



Memory: 4k page, physical 8110256k(127192k free), swap 0k(0k free)

vm_info: Java HotSpot(TM) 64-Bit Server VM (25.101-b13) for linux-amd64 JRE (1.8.0_101-b13), built on Jun 22 2016 02:59:44 by "java_re" with gcc 4.3.0 20080428 (Red Hat 4.3.0-8)

time: Wed Dec 14 12:42:26 2016
elapsed time: 4 seconds (0d 0h 0m 4s)

