#
# There is insufficient memory for the Java Runtime Environment to continue.
# Native memory allocation (mmap) failed to map 181403648 bytes for committing reserved memory.
# Possible reasons:
#   The system is out of physical RAM or swap space
#   In 32 bit mode, the process size limit was hit
# Possible solutions:
#   Reduce memory load on the system
#   Increase physical memory or swap space
#   Check if swap backing store is full
#   Use 64 bit Java on a 64 bit OS
#   Decrease Java heap size (-Xmx/-Xms)
#   Decrease number of Java threads
#   Decrease Java thread stack sizes (-Xss)
#   Set larger code cache with -XX:ReservedCodeCacheSize=
# This output file may be truncated or incomplete.
#
#  Out of Memory Error (os_linux.cpp:2627), pid=21588, tid=0x00007f60b4fff700
#
# JRE version: Java(TM) SE Runtime Environment (8.0_101-b13) (build 1.8.0_101-b13)
# Java VM: Java HotSpot(TM) 64-Bit Server VM (25.101-b13 mixed mode linux-amd64 compressed oops)
# Failed to write core dump. Core dumps have been disabled. To enable core dumping, try "ulimit -c unlimited" before starting Java again
#

---------------  T H R E A D  ---------------

Current thread (0x00007f60c4078000):  VMThread [stack: 0x00007f60b4eff000,0x00007f60b5000000] [id=21597]

Stack: [0x00007f60b4eff000,0x00007f60b5000000],  sp=0x00007f60b4ffe320,  free space=1020k
Native frames: (J=compiled Java code, j=interpreted, Vv=VM code, C=native code)
V  [libjvm.so+0xac3f0a]  VMError::report_and_die()+0x2ba
V  [libjvm.so+0x4fbf9b]  report_vm_out_of_memory(char const*, int, unsigned long, VMErrorType, char const*)+0x8b
V  [libjvm.so+0x9222d3]  os::Linux::commit_memory_impl(char*, unsigned long, bool)+0x103
V  [libjvm.so+0x922829]  os::pd_commit_memory(char*, unsigned long, unsigned long, bool)+0x29
V  [libjvm.so+0x91cb2a]  os::commit_memory(char*, unsigned long, unsigned long, bool)+0x2a
V  [libjvm.so+0x991053]  PSVirtualSpace::expand_by(unsigned long)+0x53
V  [libjvm.so+0x992458]  PSYoungGen::resize_generation(unsigned long, unsigned long)+0xf8
V  [libjvm.so+0x9915b2]  PSYoungGen::resize(unsigned long, unsigned long)+0x22
V  [libjvm.so+0x98e88b]  PSScavenge::invoke_no_policy()+0xf3b
V  [libjvm.so+0x98f011]  PSScavenge::invoke()+0x41
V  [libjvm.so+0x945fc0]  ParallelScavengeHeap::failed_mem_allocate(unsigned long)+0x70
V  [libjvm.so+0xac5927]  VM_ParallelGCFailedAllocation::doit()+0x97
V  [libjvm.so+0xacd405]  VM_Operation::evaluate()+0x55
V  [libjvm.so+0xacb7da]  VMThread::evaluate_operation(VM_Operation*)+0xba
V  [libjvm.so+0xacbb5e]  VMThread::loop()+0x1ce
V  [libjvm.so+0xacbfd0]  VMThread::run()+0x70
V  [libjvm.so+0x924698]  java_start(Thread*)+0x108

VM_Operation (0x00007f60cdc73430): ParallelGCFailedAllocation, mode: safepoint, requested by thread 0x00007f60c400a000


---------------  P R O C E S S  ---------------

Java Threads: ( => current thread )
  0x00007f60c40c1000 JavaThread "Service Thread" daemon [_thread_blocked, id=21604, stack(0x00007f60b4116000,0x00007f60b4217000)]
  0x00007f60c40bd800 JavaThread "C1 CompilerThread2" daemon [_thread_blocked, id=21603, stack(0x00007f60b4217000,0x00007f60b4318000)]
  0x00007f60c40bc000 JavaThread "C2 CompilerThread1" daemon [_thread_blocked, id=21602, stack(0x00007f60b4318000,0x00007f60b4419000)]
  0x00007f60c40b9000 JavaThread "C2 CompilerThread0" daemon [_thread_blocked, id=21601, stack(0x00007f60b4419000,0x00007f60b451a000)]
  0x00007f60c40b7800 JavaThread "Signal Dispatcher" daemon [_thread_blocked, id=21600, stack(0x00007f60b451a000,0x00007f60b461b000)]
  0x00007f60c4084800 JavaThread "Finalizer" daemon [_thread_blocked, id=21599, stack(0x00007f60b4cfd000,0x00007f60b4dfe000)]
  0x00007f60c4080000 JavaThread "Reference Handler" daemon [_thread_blocked, id=21598, stack(0x00007f60b4dfe000,0x00007f60b4eff000)]
  0x00007f60c400a000 JavaThread "main" [_thread_blocked, id=21592, stack(0x00007f60cdb74000,0x00007f60cdc75000)]

Other Threads:
=>0x00007f60c4078000 VMThread [stack: 0x00007f60b4eff000,0x00007f60b5000000] [id=21597]
  0x00007f60c40c3800 WatcherThread [stack: 0x00007f60b4015000,0x00007f60b4116000] [id=21605]

VM state:at safepoint (normal execution)

VM Mutex/Monitor currently owned by a thread:  ([mutex/lock_event])
[0x00007f60c4006400] Threads_lock - owner thread: 0x00007f60c4078000
[0x00007f60c4006900] Heap_lock - owner thread: 0x00007f60c400a000

Heap:
 PSYoungGen      total 132096K, used 5104K [0x00000000d6b80000, 0x00000000df180000, 0x0000000100000000)
  eden space 126976K, 0% used [0x00000000d6b80000,0x00000000d6b80000,0x00000000de780000)
  from space 5120K, 99% used [0x00000000de780000,0x00000000dec7c020,0x00000000dec80000)
  to   space 5120K, 0% used [0x00000000dec80000,0x00000000dec80000,0x00000000df180000)
 ParOldGen       total 84992K, used 45196K [0x0000000084200000, 0x0000000089500000, 0x00000000d6b80000)
  object space 84992K, 53% used [0x0000000084200000,0x0000000086e232d0,0x0000000089500000)
 Metaspace       used 3690K, capacity 5144K, committed 5376K, reserved 1056768K
  class space    used 390K, capacity 456K, committed 512K, reserved 1048576K

Card table byte_map: [0x00007f60ca546000,0x00007f60ca926000] byte_map_base: 0x00007f60ca125000

Marking Bits: (ParMarkBitMap*) 0x00007f60cd048120
 Begin Bits: [0x00007f60a4210000, 0x00007f60a6108000)
 End Bits:   [0x00007f60a6108000, 0x00007f60a8000000)

Polling page: 0x00007f60cdc97000

CodeCache: size=245760Kb used=3746Kb max_used=3764Kb free=242013Kb
 bounds [0x00007f60b5000000, 0x00007f60b53c0000, 0x00007f60c4000000]
 total_blobs=865 nmethods=618 adapters=161
 compilation: enabled

Compilation events (10 events):
Event: 3.177 Thread 0x00007f60c40b9000  627       4       com.android.dx.cf.attrib.AttExceptions::byteLength (15 bytes)
Event: 3.187 Thread 0x00007f60c40b9000 nmethod 627 0x00007f60b5350d50 code [0x00007f60b5350ea0, 0x00007f60b5350f38]
Event: 3.204 Thread 0x00007f60c40bc000  628       4       com.android.dx.util.ByteArray$MyInputStream::available (13 bytes)
Event: 3.205 Thread 0x00007f60c40bc000 nmethod 628 0x00007f60b534ca10 code [0x00007f60b534cb60, 0x00007f60b534cbd8]
Event: 3.208 Thread 0x00007f60c40b9000  629       4       com.android.dx.cf.direct.StdAttributeFactory::innerClasses (383 bytes)
Event: 3.262 Thread 0x00007f60c40bc000  630   !   4       com.android.dx.cf.attrib.AttInnerClasses::<init> (43 bytes)
Event: 3.263 Thread 0x00007f60c40bc000 nmethod 630 0x00007f60b538f9d0 code [0x00007f60b538fb20, 0x00007f60b538fbf8]
Event: 3.264 Thread 0x00007f60c40b9000 nmethod 629 0x00007f60b5399f50 code [0x00007f60b539a1e0, 0x00007f60b539ba88]
Event: 3.305 Thread 0x00007f60c40bc000  631       4       java.util.HashMap::resize (359 bytes)
Event: 3.322 Thread 0x00007f60c40bc000 nmethod 631 0x00007f60b5399650 code [0x00007f60b53997e0, 0x00007f60b5399d18]

GC Heap History (9 events):
Event: 1.160 GC heap before
{Heap before GC invocations=1 (full 0):
 PSYoungGen      total 36864K, used 31744K [0x00000000d6b80000, 0x00000000d9480000, 0x0000000100000000)
  eden space 31744K, 100% used [0x00000000d6b80000,0x00000000d8a80000,0x00000000d8a80000)
  from space 5120K, 0% used [0x00000000d8f80000,0x00000000d8f80000,0x00000000d9480000)
  to   space 5120K, 0% used [0x00000000d8a80000,0x00000000d8a80000,0x00000000d8f80000)
 ParOldGen       total 84992K, used 0K [0x0000000084200000, 0x0000000089500000, 0x00000000d6b80000)
  object space 84992K, 0% used [0x0000000084200000,0x0000000084200000,0x0000000089500000)
 Metaspace       used 3629K, capacity 5080K, committed 5376K, reserved 1056768K
  class space    used 386K, capacity 456K, committed 512K, reserved 1048576K
Event: 1.202 GC heap after
Heap after GC invocations=1 (full 0):
 PSYoungGen      total 36864K, used 4320K [0x00000000d6b80000, 0x00000000db380000, 0x0000000100000000)
  eden space 31744K, 0% used [0x00000000d6b80000,0x00000000d6b80000,0x00000000d8a80000)
  from space 5120K, 84% used [0x00000000d8a80000,0x00000000d8eb82c8,0x00000000d8f80000)
  to   space 5120K, 0% used [0x00000000dae80000,0x00000000dae80000,0x00000000db380000)
 ParOldGen       total 84992K, used 8K [0x0000000084200000, 0x0000000089500000, 0x00000000d6b80000)
  object space 84992K, 0% used [0x0000000084200000,0x0000000084202000,0x0000000089500000)
 Metaspace       used 3629K, capacity 5080K, committed 5376K, reserved 1056768K
  class space    used 386K, capacity 456K, committed 512K, reserved 1048576K
}
Event: 1.412 GC heap before
{Heap before GC invocations=2 (full 0):
 PSYoungGen      total 36864K, used 36064K [0x00000000d6b80000, 0x00000000db380000, 0x0000000100000000)
  eden space 31744K, 100% used [0x00000000d6b80000,0x00000000d8a80000,0x00000000d8a80000)
  from space 5120K, 84% used [0x00000000d8a80000,0x00000000d8eb82c8,0x00000000d8f80000)
  to   space 5120K, 0% used [0x00000000dae80000,0x00000000dae80000,0x00000000db380000)
 ParOldGen       total 84992K, used 8K [0x0000000084200000, 0x0000000089500000, 0x00000000d6b80000)
  object space 84992K, 0% used [0x0000000084200000,0x0000000084202000,0x0000000089500000)
 Metaspace       used 3673K, capacity 5144K, committed 5376K, reserved 1056768K
  class space    used 390K, capacity 456K, committed 512K, reserved 1048576K
Event: 1.438 GC heap after
Heap after GC invocations=2 (full 0):
 PSYoungGen      total 68608K, used 5104K [0x00000000d6b80000, 0x00000000db380000, 0x0000000100000000)
  eden space 63488K, 0% used [0x00000000d6b80000,0x00000000d6b80000,0x00000000da980000)
  from space 5120K, 99% used [0x00000000dae80000,0x00000000db37c3c8,0x00000000db380000)
  to   space 5120K, 0% used [0x00000000da980000,0x00000000da980000,0x00000000dae80000)
 ParOldGen       total 84992K, used 1497K [0x0000000084200000, 0x0000000089500000, 0x00000000d6b80000)
  object space 84992K, 1% used [0x0000000084200000,0x0000000084376438,0x0000000089500000)
 Metaspace       used 3673K, capacity 5144K, committed 5376K, reserved 1056768K
  class space    used 390K, capacity 456K, committed 512K, reserved 1048576K
}
Event: 2.026 GC heap before
{Heap before GC invocations=3 (full 0):
 PSYoungGen      total 68608K, used 68592K [0x00000000d6b80000, 0x00000000db380000, 0x0000000100000000)
  eden space 63488K, 100% used [0x00000000d6b80000,0x00000000da980000,0x00000000da980000)
  from space 5120K, 99% used [0x00000000dae80000,0x00000000db37c3c8,0x00000000db380000)
  to   space 5120K, 0% used [0x00000000da980000,0x00000000da980000,0x00000000dae80000)
 ParOldGen       total 84992K, used 1497K [0x0000000084200000, 0x0000000089500000, 0x00000000d6b80000)
  object space 84992K, 1% used [0x0000000084200000,0x0000000084376438,0x0000000089500000)
 Metaspace       used 3686K, capacity 5144K, committed 5376K, reserved 1056768K
  class space    used 390K, capacity 456K, committed 512K, reserved 1048576K
Event: 2.066 GC heap after
Heap after GC invocations=3 (full 0):
 PSYoungGen      total 68608K, used 5092K [0x00000000d6b80000, 0x00000000df180000, 0x0000000100000000)
  eden space 63488K, 0% used [0x00000000d6b80000,0x00000000d6b80000,0x00000000da980000)
  from space 5120K, 99% used [0x00000000da980000,0x00000000dae79040,0x00000000dae80000)
  to   space 5120K, 0% used [0x00000000dec80000,0x00000000dec80000,0x00000000df180000)
 ParOldGen       total 84992K, used 11744K [0x0000000084200000, 0x0000000089500000, 0x00000000d6b80000)
  object space 84992K, 13% used [0x0000000084200000,0x0000000084d780c8,0x0000000089500000)
 Metaspace       used 3686K, capacity 5144K, committed 5376K, reserved 1056768K
  class space    used 390K, capacity 456K, committed 512K, reserved 1048576K
}
Event: 2.498 GC heap before
{Heap before GC invocations=4 (full 0):
 PSYoungGen      total 68608K, used 68580K [0x00000000d6b80000, 0x00000000df180000, 0x0000000100000000)
  eden space 63488K, 100% used [0x00000000d6b80000,0x00000000da980000,0x00000000da980000)
  from space 5120K, 99% used [0x00000000da980000,0x00000000dae79040,0x00000000dae80000)
  to   space 5120K, 0% used [0x00000000dec80000,0x00000000dec80000,0x00000000df180000)
 ParOldGen       total 84992K, used 11744K [0x0000000084200000, 0x0000000089500000, 0x00000000d6b80000)
  object space 84992K, 13% used [0x0000000084200000,0x0000000084d780c8,0x0000000089500000)
 Metaspace       used 3687K, capacity 5144K, committed 5376K, reserved 1056768K
  class space    used 390K, capacity 456K, committed 512K, reserved 1048576K
Event: 2.538 GC heap after
Heap after GC invocations=4 (full 0):
 PSYoungGen      total 132096K, used 5088K [0x00000000d6b80000, 0x00000000df180000, 0x0000000100000000)
  eden space 126976K, 0% used [0x00000000d6b80000,0x00000000d6b80000,0x00000000de780000)
  from space 5120K, 99% used [0x00000000dec80000,0x00000000df178040,0x00000000df180000)
  to   space 5120K, 0% used [0x00000000de780000,0x00000000de780000,0x00000000dec80000)
 ParOldGen       total 84992K, used 22750K [0x0000000084200000, 0x0000000089500000, 0x00000000d6b80000)
  object space 84992K, 26% used [0x0000000084200000,0x0000000085837b58,0x0000000089500000)
 Metaspace       used 3687K, capacity 5144K, committed 5376K, reserved 1056768K
  class space    used 390K, capacity 456K, committed 512K, reserved 1048576K
}
Event: 3.382 GC heap before
{Heap before GC invocations=5 (full 0):
 PSYoungGen      total 132096K, used 132064K [0x00000000d6b80000, 0x00000000df180000, 0x0000000100000000)
  eden space 126976K, 100% used [0x00000000d6b80000,0x00000000de780000,0x00000000de780000)
  from space 5120K, 99% used [0x00000000dec80000,0x00000000df178040,0x00000000df180000)
  to   space 5120K, 0% used [0x00000000de780000,0x00000000de780000,0x00000000dec80000)
 ParOldGen       total 84992K, used 22750K [0x0000000084200000, 0x0000000089500000, 0x00000000d6b80000)
  object space 84992K, 26% used [0x0000000084200000,0x0000000085837b58,0x0000000089500000)
 Metaspace       used 3690K, capacity 5144K, committed 5376K, reserved 1056768K
  class space    used 390K, capacity 456K, committed 512K, reserved 1048576K

Deoptimization events (5 events):
Event: 0.929 Thread 0x00007f60c400a000 Uncommon trap: reason=unloaded action=reinterpret pc=0x00007f60b51e836c method=com.android.dx.cf.cst.ConstantPoolParser.parse0(ILjava/util/BitSet;)Lcom/android/dx/rop/cst/Constant; @ 176
Event: 2.618 Thread 0x00007f60c400a000 Uncommon trap: reason=class_check action=maybe_recompile pc=0x00007f60b52ee21c method=com.android.dx.cf.attrib.AttConstantValue.<init>(Lcom/android/dx/rop/cst/TypedConstant;)V @ 28
Event: 2.618 Thread 0x00007f60c400a000 Uncommon trap: reason=class_check action=maybe_recompile pc=0x00007f60b52ee21c method=com.android.dx.cf.attrib.AttConstantValue.<init>(Lcom/android/dx/rop/cst/TypedConstant;)V @ 28
Event: 2.618 Thread 0x00007f60c400a000 Uncommon trap: reason=class_check action=maybe_recompile pc=0x00007f60b52ee21c method=com.android.dx.cf.attrib.AttConstantValue.<init>(Lcom/android/dx/rop/cst/TypedConstant;)V @ 28
Event: 2.618 Thread 0x00007f60c400a000 Uncommon trap: reason=class_check action=maybe_recompile pc=0x00007f60b52ee21c method=com.android.dx.cf.attrib.AttConstantValue.<init>(Lcom/android/dx/rop/cst/TypedConstant;)V @ 28

Internal exceptions (2 events):
Event: 0.331 Thread 0x00007f60c400a000 Exception <a 'java/lang/NoSuchMethodError': Method sun.misc.Unsafe.defineClass(Ljava/lang/String;[BII)Ljava/lang/Class; name or signature does not match> (0x00000000d6b87cc0) thrown at [/HUDSON3/workspace/8-2-build-linux-amd64/jdk8u101/7261/hotspot/src/sh
Event: 0.331 Thread 0x00007f60c400a000 Exception <a 'java/lang/NoSuchMethodError': Method sun.misc.Unsafe.prefetchRead(Ljava/lang/Object;J)V name or signature does not match> (0x00000000d6b87fa8) thrown at [/HUDSON3/workspace/8-2-build-linux-amd64/jdk8u101/7261/hotspot/src/share/vm/prims/jni.c

Events (10 events):
Event: 2.618 Thread 0x00007f60c400a000 DEOPT PACKING pc=0x00007f60b52ee21c sp=0x00007f60cdc733a0
Event: 2.618 Thread 0x00007f60c400a000 DEOPT UNPACKING pc=0x00007f60b5005229 sp=0x00007f60cdc732b8 mode 2
Event: 2.618 Thread 0x00007f60c400a000 Uncommon trap: trap_request=0xffffffde fr.pc=0x00007f60b52ee21c
Event: 2.618 Thread 0x00007f60c400a000 DEOPT PACKING pc=0x00007f60b52ee21c sp=0x00007f60cdc733a0
Event: 2.618 Thread 0x00007f60c400a000 DEOPT UNPACKING pc=0x00007f60b5005229 sp=0x00007f60cdc732b8 mode 2
Event: 3.305 Thread 0x00007f60c400a000 DEOPT PACKING pc=0x00007f60b52fdbd0 sp=0x00007f60cdc73350
Event: 3.305 Thread 0x00007f60c400a000 DEOPT UNPACKING pc=0x00007f60b5047633 sp=0x00007f60cdc73060 mode 0
Event: 3.306 Thread 0x00007f60c400a000 DEOPT PACKING pc=0x00007f60b5306292 sp=0x00007f60cdc732e0
Event: 3.306 Thread 0x00007f60c400a000 DEOPT UNPACKING pc=0x00007f60b5047633 sp=0x00007f60cdc73060 mode 0
Event: 3.382 Executing VM operation: ParallelGCFailedAllocation


Dynamic libraries:
00400000-00401000 r-xp 00000000 08:02 239483                             /usr/lib/jvm/java-8-oracle/bin/java
00600000-00601000 rw-p 00000000 08:02 239483                             /usr/lib/jvm/java-8-oracle/bin/java
00f63000-00f84000 rw-p 00000000 00:00 0                                  [heap]
84200000-89500000 rw-p 00000000 00:00 0 
89500000-d6b80000 ---p 00000000 00:00 0 
d6b80000-df180000 rw-p 00000000 00:00 0 
e9e80000-100000000 ---p 00000000 00:00 0 
100000000-100080000 rw-p 00000000 00:00 0 
100080000-140000000 ---p 00000000 00:00 0 
7f6078000000-7f6078021000 rw-p 00000000 00:00 0 
7f6078021000-7f607c000000 ---p 00000000 00:00 0 
7f607c000000-7f607c021000 rw-p 00000000 00:00 0 
7f607c021000-7f6080000000 ---p 00000000 00:00 0 
7f6080000000-7f6080ff6000 rw-p 00000000 00:00 0 
7f6080ff6000-7f6084000000 ---p 00000000 00:00 0 
7f6084000000-7f6084814000 rw-p 00000000 00:00 0 
7f6084814000-7f6088000000 ---p 00000000 00:00 0 
7f6088000000-7f6088021000 rw-p 00000000 00:00 0 
7f6088021000-7f608c000000 ---p 00000000 00:00 0 
7f608c000000-7f608ce6f000 rw-p 00000000 00:00 0 
7f608ce6f000-7f6090000000 ---p 00000000 00:00 0 
7f6090000000-7f6090021000 rw-p 00000000 00:00 0 
7f6090021000-7f6094000000 ---p 00000000 00:00 0 
7f6094000000-7f6094021000 rw-p 00000000 00:00 0 
7f6094021000-7f6098000000 ---p 00000000 00:00 0 
7f6098000000-7f6098021000 rw-p 00000000 00:00 0 
7f6098021000-7f609c000000 ---p 00000000 00:00 0 
7f609c000000-7f609c28d000 rw-p 00000000 00:00 0 
7f609c28d000-7f60a0000000 ---p 00000000 00:00 0 
7f60a0000000-7f60a0021000 rw-p 00000000 00:00 0 
7f60a0021000-7f60a4000000 ---p 00000000 00:00 0 
7f60a4210000-7f60a8000000 rw-p 00000000 00:00 0 
7f60a8000000-7f60a8021000 rw-p 00000000 00:00 0 
7f60a8021000-7f60ac000000 ---p 00000000 00:00 0 
7f60aff0a000-7f60b0000000 r--s 009b1000 08:02 4728186                    /home/ankit/Desktop/Evento/app/build/intermediates/transforms/jarMerging/debug/jars/1/1f/combined.jar
7f60b0000000-7f60b0021000 rw-p 00000000 00:00 0 
7f60b0021000-7f60b4000000 ---p 00000000 00:00 0 
7f60b4015000-7f60b4016000 ---p 00000000 00:00 0 
7f60b4016000-7f60b4116000 rw-p 00000000 00:00 0 
7f60b4116000-7f60b4119000 ---p 00000000 00:00 0 
7f60b4119000-7f60b4217000 rw-p 00000000 00:00 0 
7f60b4217000-7f60b421a000 ---p 00000000 00:00 0 
7f60b421a000-7f60b4318000 rw-p 00000000 00:00 0 
7f60b4318000-7f60b431b000 ---p 00000000 00:00 0 
7f60b431b000-7f60b4419000 rw-p 00000000 00:00 0 
7f60b4419000-7f60b441c000 ---p 00000000 00:00 0 
7f60b441c000-7f60b451a000 rw-p 00000000 00:00 0 
7f60b451a000-7f60b451d000 ---p 00000000 00:00 0 
7f60b451d000-7f60b461b000 rw-p 00000000 00:00 0 
7f60b461b000-7f60b4cfd000 r--p 00000000 08:02 59247                      /usr/lib/locale/locale-archive
7f60b4cfd000-7f60b4d00000 ---p 00000000 00:00 0 
7f60b4d00000-7f60b4dfe000 rw-p 00000000 00:00 0 
7f60b4dfe000-7f60b4e01000 ---p 00000000 00:00 0 
7f60b4e01000-7f60b4eff000 rw-p 00000000 00:00 0 
7f60b4eff000-7f60b4f00000 ---p 00000000 00:00 0 
7f60b4f00000-7f60b5000000 rw-p 00000000 00:00 0 
7f60b5000000-7f60b53c0000 rwxp 00000000 00:00 0 
7f60b53c0000-7f60c4000000 ---p 00000000 00:00 0 
7f60c4000000-7f60c43d2000 rw-p 00000000 00:00 0 
7f60c43d2000-7f60c8000000 ---p 00000000 00:00 0 
7f60c8076000-7f60c907f000 rw-p 00000000 00:00 0 
7f60c907f000-7f60c9258000 r--s 03d29000 08:02 239567                     /usr/lib/jvm/java-8-oracle/jre/lib/rt.jar
7f60c9258000-7f60c978e000 rw-p 00000000 00:00 0 
7f60c978e000-7f60c9ace000 ---p 00000000 00:00 0 
7f60c9ace000-7f60c9ead000 rw-p 00000000 00:00 0 
7f60c9ead000-7f60c9eae000 ---p 00000000 00:00 0 
7f60c9eae000-7f60c9fae000 rw-p 00000000 00:00 0 
7f60c9fae000-7f60c9faf000 ---p 00000000 00:00 0 
7f60c9faf000-7f60ca0af000 rw-p 00000000 00:00 0 
7f60ca0af000-7f60ca0b0000 ---p 00000000 00:00 0 
7f60ca0b0000-7f60ca1b0000 rw-p 00000000 00:00 0 
7f60ca1b0000-7f60ca1b1000 ---p 00000000 00:00 0 
7f60ca1b1000-7f60ca2db000 rw-p 00000000 00:00 0 
7f60ca2db000-7f60ca546000 ---p 00000000 00:00 0 
7f60ca546000-7f60ca570000 rw-p 00000000 00:00 0 
7f60ca570000-7f60ca7da000 ---p 00000000 00:00 0 
7f60ca7da000-7f60ca81e000 rw-p 00000000 00:00 0 
7f60ca81e000-7f60ca925000 ---p 00000000 00:00 0 
7f60ca925000-7f60ca935000 rw-p 00000000 00:00 0 
7f60ca935000-7f60cace6000 ---p 00000000 00:00 0 
7f60cace6000-7f60cad00000 r-xp 00000000 08:02 253986                     /usr/lib/jvm/java-8-oracle/jre/lib/amd64/libzip.so
7f60cad00000-7f60caf00000 ---p 0001a000 08:02 253986                     /usr/lib/jvm/java-8-oracle/jre/lib/amd64/libzip.so
7f60caf00000-7f60caf01000 rw-p 0001a000 08:02 253986                     /usr/lib/jvm/java-8-oracle/jre/lib/amd64/libzip.so
7f60caf01000-7f60caf0b000 r-xp 00000000 08:02 2621662                    /lib/x86_64-linux-gnu/libnss_files-2.21.so
7f60caf0b000-7f60cb10b000 ---p 0000a000 08:02 2621662                    /lib/x86_64-linux-gnu/libnss_files-2.21.so
7f60cb10b000-7f60cb10c000 r--p 0000a000 08:02 2621662                    /lib/x86_64-linux-gnu/libnss_files-2.21.so
7f60cb10c000-7f60cb10d000 rw-p 0000b000 08:02 2621662                    /lib/x86_64-linux-gnu/libnss_files-2.21.so
7f60cb10d000-7f60cb118000 r-xp 00000000 08:02 2623427                    /lib/x86_64-linux-gnu/libnss_nis-2.21.so
7f60cb118000-7f60cb317000 ---p 0000b000 08:02 2623427                    /lib/x86_64-linux-gnu/libnss_nis-2.21.so
7f60cb317000-7f60cb318000 r--p 0000a000 08:02 2623427                    /lib/x86_64-linux-gnu/libnss_nis-2.21.so
7f60cb318000-7f60cb319000 rw-p 0000b000 08:02 2623427                    /lib/x86_64-linux-gnu/libnss_nis-2.21.so
7f60cb319000-7f60cb330000 r-xp 00000000 08:02 2623430                    /lib/x86_64-linux-gnu/libnsl-2.21.so
7f60cb330000-7f60cb52f000 ---p 00017000 08:02 2623430                    /lib/x86_64-linux-gnu/libnsl-2.21.so
7f60cb52f000-7f60cb530000 r--p 00016000 08:02 2623430                    /lib/x86_64-linux-gnu/libnsl-2.21.so
7f60cb530000-7f60cb531000 rw-p 00017000 08:02 2623430                    /lib/x86_64-linux-gnu/libnsl-2.21.so
7f60cb531000-7f60cb533000 rw-p 00000000 00:00 0 
7f60cb533000-7f60cb53b000 r-xp 00000000 08:02 2622662                    /lib/x86_64-linux-gnu/libnss_compat-2.21.so
7f60cb53b000-7f60cb73a000 ---p 00008000 08:02 2622662                    /lib/x86_64-linux-gnu/libnss_compat-2.21.so
7f60cb73a000-7f60cb73b000 r--p 00007000 08:02 2622662                    /lib/x86_64-linux-gnu/libnss_compat-2.21.so
7f60cb73b000-7f60cb73c000 rw-p 00008000 08:02 2622662                    /lib/x86_64-linux-gnu/libnss_compat-2.21.so
7f60cb73c000-7f60cb766000 r-xp 00000000 08:02 254012                     /usr/lib/jvm/java-8-oracle/jre/lib/amd64/libjava.so
7f60cb766000-7f60cb966000 ---p 0002a000 08:02 254012                     /usr/lib/jvm/java-8-oracle/jre/lib/amd64/libjava.so
7f60cb966000-7f60cb968000 rw-p 0002a000 08:02 254012                     /usr/lib/jvm/java-8-oracle/jre/lib/amd64/libjava.so
7f60cb968000-7f60cb975000 r-xp 00000000 08:02 253966                     /usr/lib/jvm/java-8-oracle/jre/lib/amd64/libverify.so
7f60cb975000-7f60cbb75000 ---p 0000d000 08:02 253966                     /usr/lib/jvm/java-8-oracle/jre/lib/amd64/libverify.so
7f60cbb75000-7f60cbb77000 rw-p 0000d000 08:02 253966                     /usr/lib/jvm/java-8-oracle/jre/lib/amd64/libverify.so
7f60cbb77000-7f60cbb7e000 r-xp 00000000 08:02 2621663                    /lib/x86_64-linux-gnu/librt-2.21.so
7f60cbb7e000-7f60cbd7d000 ---p 00007000 08:02 2621663                    /lib/x86_64-linux-gnu/librt-2.21.so
7f60cbd7d000-7f60cbd7e000 r--p 00006000 08:02 2621663                    /lib/x86_64-linux-gnu/librt-2.21.so
7f60cbd7e000-7f60cbd7f000 rw-p 00007000 08:02 2621663                    /lib/x86_64-linux-gnu/librt-2.21.so
7f60cbd7f000-7f60cbe86000 r-xp 00000000 08:02 2623271                    /lib/x86_64-linux-gnu/libm-2.21.so
7f60cbe86000-7f60cc085000 ---p 00107000 08:02 2623271                    /lib/x86_64-linux-gnu/libm-2.21.so
7f60cc085000-7f60cc086000 r--p 00106000 08:02 2623271                    /lib/x86_64-linux-gnu/libm-2.21.so
7f60cc086000-7f60cc087000 rw-p 00107000 08:02 2623271                    /lib/x86_64-linux-gnu/libm-2.21.so
7f60cc087000-7f60ccd52000 r-xp 00000000 08:02 254016                     /usr/lib/jvm/java-8-oracle/jre/lib/amd64/server/libjvm.so
7f60ccd52000-7f60ccf51000 ---p 00ccb000 08:02 254016                     /usr/lib/jvm/java-8-oracle/jre/lib/amd64/server/libjvm.so
7f60ccf51000-7f60cd02a000 rw-p 00cca000 08:02 254016                     /usr/lib/jvm/java-8-oracle/jre/lib/amd64/server/libjvm.so
7f60cd02a000-7f60cd075000 rw-p 00000000 00:00 0 
7f60cd075000-7f60cd235000 r-xp 00000000 08:02 2623433                    /lib/x86_64-linux-gnu/libc-2.21.so
7f60cd235000-7f60cd435000 ---p 001c0000 08:02 2623433                    /lib/x86_64-linux-gnu/libc-2.21.so
7f60cd435000-7f60cd439000 r--p 001c0000 08:02 2623433                    /lib/x86_64-linux-gnu/libc-2.21.so
7f60cd439000-7f60cd43b000 rw-p 001c4000 08:02 2623433                    /lib/x86_64-linux-gnu/libc-2.21.so
7f60cd43b000-7f60cd43f000 rw-p 00000000 00:00 0 
7f60cd43f000-7f60cd442000 r-xp 00000000 08:02 2623420                    /lib/x86_64-linux-gnu/libdl-2.21.so
7f60cd442000-7f60cd641000 ---p 00003000 08:02 2623420                    /lib/x86_64-linux-gnu/libdl-2.21.so
7f60cd641000-7f60cd642000 r--p 00002000 08:02 2623420                    /lib/x86_64-linux-gnu/libdl-2.21.so
7f60cd642000-7f60cd643000 rw-p 00003000 08:02 2623420                    /lib/x86_64-linux-gnu/libdl-2.21.so
7f60cd643000-7f60cd658000 r-xp 00000000 08:02 223773                     /usr/lib/jvm/java-8-oracle/lib/amd64/jli/libjli.so
7f60cd658000-7f60cd858000 ---p 00015000 08:02 223773                     /usr/lib/jvm/java-8-oracle/lib/amd64/jli/libjli.so
7f60cd858000-7f60cd859000 rw-p 00015000 08:02 223773                     /usr/lib/jvm/java-8-oracle/lib/amd64/jli/libjli.so
7f60cd859000-7f60cd871000 r-xp 00000000 08:02 2623413                    /lib/x86_64-linux-gnu/libpthread-2.21.so
7f60cd871000-7f60cda71000 ---p 00018000 08:02 2623413                    /lib/x86_64-linux-gnu/libpthread-2.21.so
7f60cda71000-7f60cda72000 r--p 00018000 08:02 2623413                    /lib/x86_64-linux-gnu/libpthread-2.21.so
7f60cda72000-7f60cda73000 rw-p 00019000 08:02 2623413                    /lib/x86_64-linux-gnu/libpthread-2.21.so
7f60cda73000-7f60cda77000 rw-p 00000000 00:00 0 
7f60cda77000-7f60cda9b000 r-xp 00000000 08:02 2623431                    /lib/x86_64-linux-gnu/ld-2.21.so
7f60cdaa2000-7f60cdaa9000 r--s 00020000 08:02 4728195                    /home/ankit/Desktop/Evento/app/build/intermediates/multi-dex/debug/componentClasses.jar
7f60cdaa9000-7f60cdb74000 rw-p 00000000 00:00 0 
7f60cdb74000-7f60cdb77000 ---p 00000000 00:00 0 
7f60cdb77000-7f60cdc79000 rw-p 00000000 00:00 0 
7f60cdc7e000-7f60cdc7f000 rw-p 00000000 00:00 0 
7f60cdc7f000-7f60cdc8e000 r--s 000df000 08:02 3712561                    /home/ankit/Documents/android-sdk-linux/build-tools/23.0.2/lib/dx.jar
7f60cdc8e000-7f60cdc96000 rw-s 00000000 08:02 5031654                    /tmp/hsperfdata_ankit/21588
7f60cdc96000-7f60cdc97000 rw-p 00000000 00:00 0 
7f60cdc97000-7f60cdc98000 ---p 00000000 00:00 0 
7f60cdc98000-7f60cdc9a000 rw-p 00000000 00:00 0 
7f60cdc9a000-7f60cdc9b000 r--p 00023000 08:02 2623431                    /lib/x86_64-linux-gnu/ld-2.21.so
7f60cdc9b000-7f60cdc9c000 rw-p 00024000 08:02 2623431                    /lib/x86_64-linux-gnu/ld-2.21.so
7f60cdc9c000-7f60cdc9d000 rw-p 00000000 00:00 0 
7ffeedb9a000-7ffeedbbb000 rw-p 00000000 00:00 0                          [stack]
7ffeedbf6000-7ffeedbf8000 r--p 00000000 00:00 0                          [vvar]
7ffeedbf8000-7ffeedbfa000 r-xp 00000000 00:00 0                          [vdso]
ffffffffff600000-ffffffffff601000 r-xp 00000000 00:00 0                  [vsyscall]

VM Arguments:
jvm_args: -Djava.awt.headless=true -Dfile.encoding=UTF-8 -Duser.country=IN -Duser.language=en -Duser.variant 
java_command: com.android.multidex.ClassReferenceListBuilder /home/ankit/Desktop/Evento/app/build/intermediates/multi-dex/debug/componentClasses.jar /home/ankit/Desktop/Evento/app/build/intermediates/transforms/jarMerging/debug/jars/1/1f/combined.jar
java_class_path (initial): /home/ankit/Documents/android-sdk-linux/build-tools/23.0.2/lib/dx.jar
Launcher Type: SUN_STANDARD

Environment Variables:
PATH=/usr/local/sbin:/usr/local/bin:/usr/sbin:/usr/bin:/sbin:/bin:/usr/games:/usr/local/games
LD_LIBRARY_PATH=Downloads/android-studio/bin:
SHELL=/bin/bash
DISPLAY=:0

Signal Handlers:
SIGSEGV: [libjvm.so+0xac4790], sa_mask[0]=11111111011111111101111111111110, sa_flags=SA_RESTART|SA_SIGINFO
SIGBUS: [libjvm.so+0xac4790], sa_mask[0]=11111111011111111101111111111110, sa_flags=SA_RESTART|SA_SIGINFO
SIGFPE: [libjvm.so+0x91f140], sa_mask[0]=11111111011111111101111111111110, sa_flags=SA_RESTART|SA_SIGINFO
SIGPIPE: [libjvm.so+0x91f140], sa_mask[0]=11111111011111111101111111111110, sa_flags=SA_RESTART|SA_SIGINFO
SIGXFSZ: [libjvm.so+0x91f140], sa_mask[0]=11111111011111111101111111111110, sa_flags=SA_RESTART|SA_SIGINFO
SIGILL: [libjvm.so+0x91f140], sa_mask[0]=11111111011111111101111111111110, sa_flags=SA_RESTART|SA_SIGINFO
SIGUSR1: SIG_DFL, sa_mask[0]=00000000000000000000000000000000, sa_flags=none
SIGUSR2: [libjvm.so+0x920770], sa_mask[0]=00100000000000000000000000000000, sa_flags=SA_RESTART|SA_SIGINFO
SIGHUP: [libjvm.so+0x921b70], sa_mask[0]=11111111011111111101111111111110, sa_flags=SA_RESTART|SA_SIGINFO
SIGINT: [libjvm.so+0x921b70], sa_mask[0]=11111111011111111101111111111110, sa_flags=SA_RESTART|SA_SIGINFO
SIGTERM: [libjvm.so+0x921b70], sa_mask[0]=11111111011111111101111111111110, sa_flags=SA_RESTART|SA_SIGINFO
SIGQUIT: [libjvm.so+0x921b70], sa_mask[0]=11111111011111111101111111111110, sa_flags=SA_RESTART|SA_SIGINFO


---------------  S Y S T E M  ---------------

OS:DISTRIB_ID=Ubuntu
DISTRIB_RELEASE=15.10
DISTRIB_CODENAME=wily
DISTRIB_DESCRIPTION="Ubuntu 15.10"

uname:Linux 4.2.0-42-generic #49-Ubuntu SMP Tue Jun 28 21:26:26 UTC 2016 x86_64
libc:glibc 2.21 NPTL 2.21 
rlimit: STACK 8192k, CORE 0k, NPROC 31537, NOFILE 65536, AS infinity
load average:2.79 1.43 1.01

/proc/meminfo:
MemTotal:        8110256 kB
MemFree:          171400 kB
MemAvailable:     159032 kB
Buffers:           21728 kB
Cached:           613472 kB
SwapCached:            0 kB
Active:          7130808 kB
Inactive:         563468 kB
Active(anon):    7082552 kB
Inactive(anon):   518932 kB
Active(file):      48256 kB
Inactive(file):    44536 kB
Unevictable:         144 kB
Mlocked:             144 kB
SwapTotal:             0 kB
SwapFree:              0 kB
Dirty:               308 kB
Writeback:             0 kB
AnonPages:       7059280 kB
Mapped:           285844 kB
Shmem:            542376 kB
Slab:             104936 kB
SReclaimable:      51412 kB
SUnreclaim:        53524 kB
KernelStack:       13600 kB
PageTables:        74356 kB
NFS_Unstable:          0 kB
Bounce:                0 kB
WritebackTmp:          0 kB
CommitLimit:     4055128 kB
Committed_AS:   15389624 kB
VmallocTotal:   34359738367 kB
VmallocUsed:      551920 kB
VmallocChunk:   34358423548 kB
HardwareCorrupted:     0 kB
AnonHugePages:   3057664 kB
CmaTotal:              0 kB
CmaFree:               0 kB
HugePages_Total:       0
HugePages_Free:        0
HugePages_Rsvd:        0
HugePages_Surp:        0
Hugepagesize:       2048 kB
DirectMap4k:      264896 kB
DirectMap2M:     7010304 kB
DirectMap1G:     2097152 kB


CPU:total 4 (2 cores per cpu, 2 threads per core) family 6 model 69 stepping 1, cmov, cx8, fxsr, mmx, sse, sse2, sse3, ssse3, sse4.1, sse4.2, popcnt, avx, avx2, aes, clmul, erms, lzcnt, ht, tsc, tscinvbit, bmi1, bmi2

/proc/cpuinfo:
processor	: 0
vendor_id	: GenuineIntel
cpu family	: 6
model		: 69
model name	: Intel(R) Core(TM) i3-4005U CPU @ 1.70GHz
stepping	: 1
microcode	: 0x1c
cpu MHz		: 1692.562
cache size	: 3072 KB
physical id	: 0
siblings	: 4
core id		: 0
cpu cores	: 2
apicid		: 0
initial apicid	: 0
fpu		: yes
fpu_exception	: yes
cpuid level	: 13
wp		: yes
flags		: fpu vme de pse tsc msr pae mce cx8 apic sep mtrr pge mca cmov pat pse36 clflush dts acpi mmx fxsr sse sse2 ss ht tm pbe syscall nx pdpe1gb rdtscp lm constant_tsc arch_perfmon pebs bts rep_good nopl xtopology nonstop_tsc aperfmperf eagerfpu pni pclmulqdq dtes64 monitor ds_cpl vmx est tm2 ssse3 fma cx16 xtpr pdcm pcid sse4_1 sse4_2 movbe popcnt tsc_deadline_timer aes xsave avx f16c rdrand lahf_lm abm ida arat epb pln pts dtherm tpr_shadow vnmi flexpriority ept vpid fsgsbase tsc_adjust bmi1 avx2 smep bmi2 erms invpcid xsaveopt
bugs		:
bogomips	: 3392.14
clflush size	: 64
cache_alignment	: 64
address sizes	: 39 bits physical, 48 bits virtual
power management:

processor	: 1
vendor_id	: GenuineIntel
cpu family	: 6
model		: 69
model name	: Intel(R) Core(TM) i3-4005U CPU @ 1.70GHz
stepping	: 1
microcode	: 0x1c
cpu MHz		: 1699.667
cache size	: 3072 KB
physical id	: 0
siblings	: 4
core id		: 0
cpu cores	: 2
apicid		: 1
initial apicid	: 1
fpu		: yes
fpu_exception	: yes
cpuid level	: 13
wp		: yes
flags		: fpu vme de pse tsc msr pae mce cx8 apic sep mtrr pge mca cmov pat pse36 clflush dts acpi mmx fxsr sse sse2 ss ht tm pbe syscall nx pdpe1gb rdtscp lm constant_tsc arch_perfmon pebs bts rep_good nopl xtopology nonstop_tsc aperfmperf eagerfpu pni pclmulqdq dtes64 monitor ds_cpl vmx est tm2 ssse3 fma cx16 xtpr pdcm pcid sse4_1 sse4_2 movbe popcnt tsc_deadline_timer aes xsave avx f16c rdrand lahf_lm abm ida arat epb pln pts dtherm tpr_shadow vnmi flexpriority ept vpid fsgsbase tsc_adjust bmi1 avx2 smep bmi2 erms invpcid xsaveopt
bugs		:
bogomips	: 3392.14
clflush size	: 64
cache_alignment	: 64
address sizes	: 39 bits physical, 48 bits virtual
power management:

processor	: 2
vendor_id	: GenuineIntel
cpu family	: 6
model		: 69
model name	: Intel(R) Core(TM) i3-4005U CPU @ 1.70GHz
stepping	: 1
microcode	: 0x1c
cpu MHz		: 1699.667
cache size	: 3072 KB
physical id	: 0
siblings	: 4
core id		: 1
cpu cores	: 2
apicid		: 2
initial apicid	: 2
fpu		: yes
fpu_exception	: yes
cpuid level	: 13
wp		: yes
flags		: fpu vme de pse tsc msr pae mce cx8 apic sep mtrr pge mca cmov pat pse36 clflush dts acpi mmx fxsr sse sse2 ss ht tm pbe syscall nx pdpe1gb rdtscp lm constant_tsc arch_perfmon pebs bts rep_good nopl xtopology nonstop_tsc aperfmperf eagerfpu pni pclmulqdq dtes64 monitor ds_cpl vmx est tm2 ssse3 fma cx16 xtpr pdcm pcid sse4_1 sse4_2 movbe popcnt tsc_deadline_timer aes xsave avx f16c rdrand lahf_lm abm ida arat epb pln pts dtherm tpr_shadow vnmi flexpriority ept vpid fsgsbase tsc_adjust bmi1 avx2 smep bmi2 erms invpcid xsaveopt
bugs		:
bogomips	: 3392.14
clflush size	: 64
cache_alignment	: 64
address sizes	: 39 bits physical, 48 bits virtual
power management:

processor	: 3
vendor_id	: GenuineIntel
cpu family	: 6
model		: 69
model name	: Intel(R) Core(TM) i3-4005U CPU @ 1.70GHz
stepping	: 1
microcode	: 0x1c
cpu MHz		: 1694.089
cache size	: 3072 KB
physical id	: 0
siblings	: 4
core id		: 1
cpu cores	: 2
apicid		: 3
initial apicid	: 3
fpu		: yes
fpu_exception	: yes
cpuid level	: 13
wp		: yes
flags		: fpu vme de pse tsc msr pae mce cx8 apic sep mtrr pge mca cmov pat pse36 clflush dts acpi mmx fxsr sse sse2 ss ht tm pbe syscall nx pdpe1gb rdtscp lm constant_tsc arch_perfmon pebs bts rep_good nopl xtopology nonstop_tsc aperfmperf eagerfpu pni pclmulqdq dtes64 monitor ds_cpl vmx est tm2 ssse3 fma cx16 xtpr pdcm pcid sse4_1 sse4_2 movbe popcnt tsc_deadline_timer aes xsave avx f16c rdrand lahf_lm abm ida arat epb pln pts dtherm tpr_shadow vnmi flexpriority ept vpid fsgsbase tsc_adjust bmi1 avx2 smep bmi2 erms invpcid xsaveopt
bugs		:
bogomips	: 3392.14
clflush size	: 64
cache_alignment	: 64
address sizes	: 39 bits physical, 48 bits virtual
power management:



Memory: 4k page, physical 8110256k(171400k free), swap 0k(0k free)

vm_info: Java HotSpot(TM) 64-Bit Server VM (25.101-b13) for linux-amd64 JRE (1.8.0_101-b13), built on Jun 22 2016 02:59:44 by "java_re" with gcc 4.3.0 20080428 (Red Hat 4.3.0-8)

time: Wed Dec 14 12:43:06 2016
elapsed time: 3 seconds (0d 0h 0m 3s)

